Copyright 1986-2018 Xilinx, Inc. All Rights Reserved.
------------------------------------------------------------------------------------------------------------------------------------------------------------------------------------------------
| Tool Version      : Vivado v.2018.1 (lin64) Build 2188600 Wed Apr  4 18:39:19 MDT 2018
| Date              : Fri Aug 27 03:44:05 2021
| Host              : animal.digi.e-technik.uni-kassel.de running 64-bit AlmaLinux release 8.3 (Purple Manul)
| Command           : report_timing -file /home/nfiege/Repositories/origami/vhdl/ratII/synth/fir_SAM/UniformILPNew/fir_SAM_UniformILPNew_111_ultrascale2_250/implementedSystem_timing_synth.rpt
| Design            : implementedSystem_toplevel
| Device            : xcvu13p-fhga2104
| Speed File        : -2  PRODUCTION 1.19 03-17-2018
| Temperature Grade : E
------------------------------------------------------------------------------------------------------------------------------------------------------------------------------------------------

Timing Report

Slack (MET) :             0.304ns  (required time - arrival time)
  Source:                 SharedReg135_instance/s19_reg_c/C
                            (rising edge-triggered cell FDCE clocked by clk  {rise@0.000ns fall@2.000ns period=4.000ns})
  Destination:            SharedReg38_instance/Y_reg[12]/D
                            (rising edge-triggered cell FDCE clocked by clk  {rise@0.000ns fall@2.000ns period=4.000ns})
  Path Group:             clk
  Path Type:              Setup (Max at Slow Process Corner)
  Requirement:            4.000ns  (clk rise@4.000ns - clk rise@0.000ns)
  Data Path Delay:        3.640ns  (logic 0.129ns (3.544%)  route 3.511ns (96.456%))
  Logic Levels:           1  (LUT2=1)
  Clock Path Skew:        -0.046ns (DCD - SCD + CPR)
    Destination Clock Delay (DCD):    2.751ns = ( 6.751 - 4.000 ) 
    Source Clock Delay      (SCD):    3.194ns
    Clock Pessimism Removal (CPR):    0.398ns
  Clock Uncertainty:      0.035ns  ((TSJ^2 + TIJ^2)^1/2 + DJ) / 2 + PE
    Total System Jitter     (TSJ):    0.071ns
    Total Input Jitter      (TIJ):    0.000ns
    Discrete Jitter          (DJ):    0.000ns
    Phase Error              (PE):    0.000ns
  Clock Net Delay (Source):      2.257ns (routing 1.167ns, distribution 1.090ns)
  Clock Net Delay (Destination): 2.104ns (routing 1.060ns, distribution 1.044ns)

    Location             Delay type                Incr(ns)  Path(ns)    Netlist Resource(s)
  -------------------------------------------------------------------    -------------------
                         (clock clk rise edge)        0.000     0.000 r  
    AR14                                              0.000     0.000 r  clk (IN)
                         net (fo=0)                   0.000     0.000    clk_IBUF_inst/I
    AR14                 INBUF (Prop_INBUF_HPIOB_M_PAD_O)
                                                      0.586     0.586 r  clk_IBUF_inst/INBUF_INST/O
                         net (fo=1, routed)           0.000     0.586    clk_IBUF_inst/OUT
    AR14                 IBUFCTRL (Prop_IBUFCTRL_HPIOB_M_I_O)
                                                      0.000     0.586 r  clk_IBUF_inst/IBUFCTRL_INST/O
                         net (fo=1, routed)           0.323     0.909    clk_IBUF
    BUFGCE_X0Y170        BUFGCE (Prop_BUFCE_BUFGCE_I_O)
                                                      0.028     0.937 r  clk_IBUF_BUFG_inst/O
    X3Y5 (CLOCK_ROOT)    net (fo=20187, routed)       2.257     3.194    SharedReg135_instance/clk_IBUF_BUFG
    SLICE_X113Y364       FDCE                                         r  SharedReg135_instance/s19_reg_c/C
  -------------------------------------------------------------------    -------------------
    SLICE_X113Y364       FDCE (Prop_EFF_SLICEL_C_Q)
                                                      0.079     3.273 r  SharedReg135_instance/s19_reg_c/Q
                         net (fo=171, routed)         3.463     6.736    SharedReg38_instance/s19_reg_c
    SLICE_X125Y315       LUT2 (Prop_G6LUT_SLICEL_I1_O)
                                                      0.050     6.786 r  SharedReg38_instance/s19_reg_gate__20/O
                         net (fo=1, routed)           0.048     6.834    SharedReg38_instance/s19_reg_gate__20_n_0
    SLICE_X125Y315       FDCE                                         r  SharedReg38_instance/Y_reg[12]/D
  -------------------------------------------------------------------    -------------------

                         (clock clk rise edge)        4.000     4.000 r  
    AR14                                              0.000     4.000 r  clk (IN)
                         net (fo=0)                   0.000     4.000    clk_IBUF_inst/I
    AR14                 INBUF (Prop_INBUF_HPIOB_M_PAD_O)
                                                      0.336     4.336 r  clk_IBUF_inst/INBUF_INST/O
                         net (fo=1, routed)           0.000     4.336    clk_IBUF_inst/OUT
    AR14                 IBUFCTRL (Prop_IBUFCTRL_HPIOB_M_I_O)
                                                      0.000     4.336 r  clk_IBUF_inst/IBUFCTRL_INST/O
                         net (fo=1, routed)           0.287     4.623    clk_IBUF
    BUFGCE_X0Y170        BUFGCE (Prop_BUFCE_BUFGCE_I_O)
                                                      0.024     4.647 r  clk_IBUF_BUFG_inst/O
    X3Y5 (CLOCK_ROOT)    net (fo=20187, routed)       2.104     6.751    SharedReg38_instance/clk_IBUF_BUFG
    SLICE_X125Y315       FDCE                                         r  SharedReg38_instance/Y_reg[12]/C
                         clock pessimism              0.398     7.148    
                         clock uncertainty           -0.035     7.113    
    SLICE_X125Y315       FDCE (Setup_GFF_SLICEL_C_D)
                                                      0.025     7.138    SharedReg38_instance/Y_reg[12]
  -------------------------------------------------------------------
                         required time                          7.138    
                         arrival time                          -6.834    
  -------------------------------------------------------------------
                         slack                                  0.304    




