Copyright 1986-2018 Xilinx, Inc. All Rights Reserved.
-----------------------------------------------------------------------------------------------------------------------------------------------------------------------------------------------
| Tool Version      : Vivado v.2018.1 (lin64) Build 2188600 Wed Apr  4 18:39:19 MDT 2018
| Date              : Wed Aug 25 22:11:28 2021
| Host              : animal.digi.e-technik.uni-kassel.de running 64-bit AlmaLinux release 8.3 (Purple Manul)
| Command           : report_timing -file /home/nfiege/Repositories/origami/vhdl/ratII/synth/fir_SHI/UniformILPNew/fir_SHI_UniformILPNew_36_ultrascale2_250/implementedSystem_timing_synth.rpt
| Design            : implementedSystem_toplevel
| Device            : xcvu13p-fhga2104
| Speed File        : -2  PRODUCTION 1.19 03-17-2018
| Temperature Grade : E
-----------------------------------------------------------------------------------------------------------------------------------------------------------------------------------------------

Timing Report

Slack (MET) :             0.272ns  (required time - arrival time)
  Source:                 ModCount131_instance/count_reg[2]_rep__1/C
                            (rising edge-triggered cell FDCE clocked by clk  {rise@0.000ns fall@2.000ns period=4.000ns})
  Destination:            Delay1No21_instance/Y_reg[12]/D
                            (rising edge-triggered cell FDCE clocked by clk  {rise@0.000ns fall@2.000ns period=4.000ns})
  Path Group:             clk
  Path Type:              Setup (Max at Slow Process Corner)
  Requirement:            4.000ns  (clk rise@4.000ns - clk rise@0.000ns)
  Data Path Delay:        3.473ns  (logic 0.114ns (3.282%)  route 3.359ns (96.718%))
  Logic Levels:           1  (LUT6=1)
  Clock Path Skew:        -0.245ns (DCD - SCD + CPR)
    Destination Clock Delay (DCD):    2.827ns = ( 6.827 - 4.000 ) 
    Source Clock Delay      (SCD):    3.510ns
    Clock Pessimism Removal (CPR):    0.438ns
  Clock Uncertainty:      0.035ns  ((TSJ^2 + TIJ^2)^1/2 + DJ) / 2 + PE
    Total System Jitter     (TSJ):    0.071ns
    Total Input Jitter      (TIJ):    0.000ns
    Discrete Jitter          (DJ):    0.000ns
    Phase Error              (PE):    0.000ns
  Clock Net Delay (Source):      2.559ns (routing 1.576ns, distribution 0.983ns)
  Clock Net Delay (Destination): 2.167ns (routing 1.429ns, distribution 0.738ns)

    Location             Delay type                Incr(ns)  Path(ns)    Netlist Resource(s)
  -------------------------------------------------------------------    -------------------
                         (clock clk rise edge)        0.000     0.000 r  
    AU14                                              0.000     0.000 r  clk (IN)
                         net (fo=0)                   0.000     0.000    clk_IBUF_inst/I
    AU14                 INBUF (Prop_INBUF_HPIOB_M_PAD_O)
                                                      0.600     0.600 r  clk_IBUF_inst/INBUF_INST/O
                         net (fo=1, routed)           0.000     0.600    clk_IBUF_inst/OUT
    AU14                 IBUFCTRL (Prop_IBUFCTRL_HPIOB_M_I_O)
                                                      0.000     0.600 r  clk_IBUF_inst/IBUFCTRL_INST/O
                         net (fo=1, routed)           0.323     0.923    clk_IBUF
    BUFGCE_X0Y170        BUFGCE (Prop_BUFCE_BUFGCE_I_O)
                                                      0.028     0.951 r  clk_IBUF_BUFG_inst/O
    X4Y2 (CLOCK_ROOT)    net (fo=11002, routed)       2.559     3.510    ModCount131_instance/clk_IBUF_BUFG
    SLR Crossing[1->0]   
    SLICE_X147Y211       FDCE                                         r  ModCount131_instance/count_reg[2]_rep__1/C
  -------------------------------------------------------------------    -------------------
    SLICE_X147Y211       FDCE (Prop_BFF_SLICEL_C_Q)
                                                      0.079     3.589 r  ModCount131_instance/count_reg[2]_rep__1/Q
                         net (fo=68, routed)          3.309     6.898    MUX_Sum10_4_impl_1_instance/count_reg[2]_rep__1
    SLICE_X130Y170       LUT6 (Prop_C6LUT_SLICEL_I4_O)
                                                      0.035     6.933 r  MUX_Sum10_4_impl_1_instance/Y[12]_i_1/O
                         net (fo=1, routed)           0.050     6.983    Delay1No21_instance/Y_reg[33]_1[12]
    SLICE_X130Y170       FDCE                                         r  Delay1No21_instance/Y_reg[12]/D
  -------------------------------------------------------------------    -------------------

                         (clock clk rise edge)        4.000     4.000 r  
    AU14                                              0.000     4.000 r  clk (IN)
                         net (fo=0)                   0.000     4.000    clk_IBUF_inst/I
    AU14                 INBUF (Prop_INBUF_HPIOB_M_PAD_O)
                                                      0.349     4.349 r  clk_IBUF_inst/INBUF_INST/O
                         net (fo=1, routed)           0.000     4.349    clk_IBUF_inst/OUT
    AU14                 IBUFCTRL (Prop_IBUFCTRL_HPIOB_M_I_O)
                                                      0.000     4.349 r  clk_IBUF_inst/IBUFCTRL_INST/O
                         net (fo=1, routed)           0.287     4.636    clk_IBUF
    BUFGCE_X0Y170        BUFGCE (Prop_BUFCE_BUFGCE_I_O)
                                                      0.024     4.660 r  clk_IBUF_BUFG_inst/O
    X4Y2 (CLOCK_ROOT)    net (fo=11002, routed)       2.167     6.827    Delay1No21_instance/clk_IBUF_BUFG
    SLR Crossing[1->0]   
    SLICE_X130Y170       FDCE                                         r  Delay1No21_instance/Y_reg[12]/C
                         clock pessimism              0.438     7.265    
                         clock uncertainty           -0.035     7.230    
    SLICE_X130Y170       FDCE (Setup_CFF_SLICEL_C_D)
                                                      0.025     7.255    Delay1No21_instance/Y_reg[12]
  -------------------------------------------------------------------
                         required time                          7.255    
                         arrival time                          -6.983    
  -------------------------------------------------------------------
                         slack                                  0.272    




