Copyright 1986-2018 Xilinx, Inc. All Rights Reserved.
----------------------------------------------------------------------------------------------------------------------------------------------------------------------------------------------
| Tool Version      : Vivado v.2018.1 (lin64) Build 2188600 Wed Apr  4 18:39:19 MDT 2018
| Date              : Thu Dec 10 07:39:03 2020
| Host              : animal.digi.e-technik.uni-kassel.de running 64-bit CentOS Linux release 7.8.2003 (Core)
| Command           : report_timing -file /home/nfiege/Repositories/origami/vhdl/ratII/synth/fir_SAM/NonUniformILP/fir_SAM_NonUniformILP_2_ultrascale2_250/implementedSystem_timing_synth.rpt
| Design            : implementedSystem_toplevel
| Device            : xcvu13p-fhga2104
| Speed File        : -2  PRODUCTION 1.19 03-17-2018
| Temperature Grade : E
----------------------------------------------------------------------------------------------------------------------------------------------------------------------------------------------

Timing Report

Slack (MET) :             0.543ns  (required time - arrival time)
  Source:                 Delay88No_instance/s22_reg_c/C
                            (rising edge-triggered cell FDCE clocked by clk  {rise@0.000ns fall@2.000ns period=4.000ns})
  Destination:            Delay121No1_instance/Y_reg[18]/D
                            (rising edge-triggered cell FDCE clocked by clk  {rise@0.000ns fall@2.000ns period=4.000ns})
  Path Group:             clk
  Path Type:              Setup (Max at Slow Process Corner)
  Requirement:            4.000ns  (clk rise@4.000ns - clk rise@0.000ns)
  Data Path Delay:        3.288ns  (logic 0.168ns (5.109%)  route 3.120ns (94.891%))
  Logic Levels:           1  (LUT2=1)
  Clock Path Skew:        -0.159ns (DCD - SCD + CPR)
    Destination Clock Delay (DCD):    2.197ns = ( 6.197 - 4.000 ) 
    Source Clock Delay      (SCD):    2.715ns
    Clock Pessimism Removal (CPR):    0.360ns
  Clock Uncertainty:      0.035ns  ((TSJ^2 + TIJ^2)^1/2 + DJ) / 2 + PE
    Total System Jitter     (TSJ):    0.071ns
    Total Input Jitter      (TIJ):    0.000ns
    Discrete Jitter          (DJ):    0.000ns
    Phase Error              (PE):    0.000ns
  Clock Net Delay (Source):      1.778ns (routing 0.711ns, distribution 1.067ns)
  Clock Net Delay (Destination): 1.550ns (routing 0.646ns, distribution 0.904ns)

    Location             Delay type                Incr(ns)  Path(ns)    Netlist Resource(s)
  -------------------------------------------------------------------    -------------------
                         (clock clk rise edge)        0.000     0.000 r  
    AR14                                              0.000     0.000 r  clk (IN)
                         net (fo=0)                   0.000     0.000    clk_IBUF_inst/I
    AR14                 INBUF (Prop_INBUF_HPIOB_M_PAD_O)
                                                      0.586     0.586 r  clk_IBUF_inst/INBUF_INST/O
                         net (fo=1, routed)           0.000     0.586    clk_IBUF_inst/OUT
    AR14                 IBUFCTRL (Prop_IBUFCTRL_HPIOB_M_I_O)
                                                      0.000     0.586 r  clk_IBUF_inst/IBUFCTRL_INST/O
                         net (fo=1, routed)           0.323     0.909    clk_IBUF
    BUFGCE_X0Y170        BUFGCE (Prop_BUFCE_BUFGCE_I_O)
                                                      0.028     0.937 r  clk_IBUF_BUFG_inst/O
    X4Y6 (CLOCK_ROOT)    net (fo=21445, routed)       1.778     2.715    Delay88No_instance/clk_IBUF_BUFG
    SLICE_X139Y343       FDCE                                         r  Delay88No_instance/s22_reg_c/C
  -------------------------------------------------------------------    -------------------
    SLICE_X139Y343       FDCE (Prop_EFF2_SLICEM_C_Q)
                                                      0.079     2.794 r  Delay88No_instance/s22_reg_c/Q
                         net (fo=181, routed)         3.071     5.865    Delay121No1_instance/s22_reg_c
    SLICE_X131Y403       LUT2 (Prop_D6LUT_SLICEL_I1_O)
                                                      0.089     5.954 r  Delay121No1_instance/s22_reg_gate__14/O
                         net (fo=1, routed)           0.049     6.003    Delay121No1_instance/s22_reg_gate__14_n_0
    SLICE_X131Y403       FDCE                                         r  Delay121No1_instance/Y_reg[18]/D
  -------------------------------------------------------------------    -------------------

                         (clock clk rise edge)        4.000     4.000 r  
    AR14                                              0.000     4.000 r  clk (IN)
                         net (fo=0)                   0.000     4.000    clk_IBUF_inst/I
    AR14                 INBUF (Prop_INBUF_HPIOB_M_PAD_O)
                                                      0.336     4.336 r  clk_IBUF_inst/INBUF_INST/O
                         net (fo=1, routed)           0.000     4.336    clk_IBUF_inst/OUT
    AR14                 IBUFCTRL (Prop_IBUFCTRL_HPIOB_M_I_O)
                                                      0.000     4.336 r  clk_IBUF_inst/IBUFCTRL_INST/O
                         net (fo=1, routed)           0.287     4.623    clk_IBUF
    BUFGCE_X0Y170        BUFGCE (Prop_BUFCE_BUFGCE_I_O)
                                                      0.024     4.647 r  clk_IBUF_BUFG_inst/O
    X4Y6 (CLOCK_ROOT)    net (fo=21445, routed)       1.550     6.197    Delay121No1_instance/clk_IBUF_BUFG
    SLICE_X131Y403       FDCE                                         r  Delay121No1_instance/Y_reg[18]/C
                         clock pessimism              0.360     6.556    
                         clock uncertainty           -0.035     6.521    
    SLICE_X131Y403       FDCE (Setup_DFF_SLICEL_C_D)
                                                      0.025     6.546    Delay121No1_instance/Y_reg[18]
  -------------------------------------------------------------------
                         required time                          6.546    
                         arrival time                          -6.003    
  -------------------------------------------------------------------
                         slack                                  0.543    




