Copyright 1986-2018 Xilinx, Inc. All Rights Reserved.
------------------------------------------------------------------------------------------------------------------------------------------------------------------------------------------------
| Tool Version      : Vivado v.2018.1 (lin64) Build 2188600 Wed Apr  4 18:39:19 MDT 2018
| Date              : Fri Aug 27 05:39:31 2021
| Host              : animal.digi.e-technik.uni-kassel.de running 64-bit AlmaLinux release 8.3 (Purple Manul)
| Command           : report_timing -file /home/nfiege/Repositories/origami/vhdl/ratII/synth/fir_SAM/UniformILPNew/fir_SAM_UniformILPNew_157_ultrascale2_250/implementedSystem_timing_synth.rpt
| Design            : implementedSystem_toplevel
| Device            : xcvu13p-fhga2104
| Speed File        : -2  PRODUCTION 1.19 03-17-2018
| Temperature Grade : E
------------------------------------------------------------------------------------------------------------------------------------------------------------------------------------------------

Timing Report

Slack (MET) :             0.257ns  (required time - arrival time)
  Source:                 SharedReg580_instance/s6_reg_c_rep__11/C
                            (rising edge-triggered cell FDCE clocked by clk  {rise@0.000ns fall@2.000ns period=4.000ns})
  Destination:            SharedReg738_instance/Y_reg[32]/D
                            (rising edge-triggered cell FDCE clocked by clk  {rise@0.000ns fall@2.000ns period=4.000ns})
  Path Group:             clk
  Path Type:              Setup (Max at Slow Process Corner)
  Requirement:            4.000ns  (clk rise@4.000ns - clk rise@0.000ns)
  Data Path Delay:        3.536ns  (logic 0.177ns (5.006%)  route 3.359ns (94.994%))
  Logic Levels:           1  (LUT2=1)
  Clock Path Skew:        -0.197ns (DCD - SCD + CPR)
    Destination Clock Delay (DCD):    2.829ns = ( 6.829 - 4.000 ) 
    Source Clock Delay      (SCD):    3.487ns
    Clock Pessimism Removal (CPR):    0.461ns
  Clock Uncertainty:      0.035ns  ((TSJ^2 + TIJ^2)^1/2 + DJ) / 2 + PE
    Total System Jitter     (TSJ):    0.071ns
    Total Input Jitter      (TIJ):    0.000ns
    Discrete Jitter          (DJ):    0.000ns
    Phase Error              (PE):    0.000ns
  Clock Net Delay (Source):      2.452ns (routing 1.244ns, distribution 1.208ns)
  Clock Net Delay (Destination): 2.088ns (routing 1.131ns, distribution 0.957ns)

    Location             Delay type                Incr(ns)  Path(ns)    Netlist Resource(s)
  -------------------------------------------------------------------    -------------------
                         (clock clk rise edge)        0.000     0.000 r  
    BC10                                              0.000     0.000 r  clk (IN)
                         net (fo=0)                   0.000     0.000    clk_IBUF_inst/I
    BC10                 INBUF (Prop_INBUF_HPIOB_M_PAD_O)
                                                      0.659     0.659 r  clk_IBUF_inst/INBUF_INST/O
                         net (fo=1, routed)           0.000     0.659    clk_IBUF_inst/OUT
    BC10                 IBUFCTRL (Prop_IBUFCTRL_HPIOB_M_I_O)
                                                      0.000     0.659 r  clk_IBUF_inst/IBUFCTRL_INST/O
                         net (fo=1, routed)           0.348     1.007    clk_IBUF
    BUFGCE_X0Y146        BUFGCE (Prop_BUFCE_BUFGCE_I_O)
                                                      0.028     1.035 r  clk_IBUF_BUFG_inst/O
    X3Y9 (CLOCK_ROOT)    net (fo=76464, routed)       2.452     3.487    SharedReg580_instance/clk_IBUF_BUFG
    SLR Crossing[1->2]   
    SLICE_X123Y543       FDCE                                         r  SharedReg580_instance/s6_reg_c_rep__11/C
  -------------------------------------------------------------------    -------------------
    SLICE_X123Y543       FDCE (Prop_FFF_SLICEL_C_Q)
                                                      0.079     3.566 r  SharedReg580_instance/s6_reg_c_rep__11/Q
                         net (fo=127, routed)         3.292     6.858    SharedReg738_instance/s6_reg_c_rep__11
    SLICE_X88Y553        LUT2 (Prop_F6LUT_SLICEM_I1_O)
                                                      0.098     6.956 r  SharedReg738_instance/s6_reg_gate__0/O
                         net (fo=1, routed)           0.067     7.023    SharedReg738_instance/s6_reg_gate__0_n_0
    SLICE_X88Y553        FDCE                                         r  SharedReg738_instance/Y_reg[32]/D
  -------------------------------------------------------------------    -------------------

                         (clock clk rise edge)        4.000     4.000 r  
    BC10                                              0.000     4.000 r  clk (IN)
                         net (fo=0)                   0.000     4.000    clk_IBUF_inst/I
    BC10                 INBUF (Prop_INBUF_HPIOB_M_PAD_O)
                                                      0.408     4.408 r  clk_IBUF_inst/INBUF_INST/O
                         net (fo=1, routed)           0.000     4.408    clk_IBUF_inst/OUT
    BC10                 IBUFCTRL (Prop_IBUFCTRL_HPIOB_M_I_O)
                                                      0.000     4.408 r  clk_IBUF_inst/IBUFCTRL_INST/O
                         net (fo=1, routed)           0.309     4.717    clk_IBUF
    BUFGCE_X0Y146        BUFGCE (Prop_BUFCE_BUFGCE_I_O)
                                                      0.024     4.741 r  clk_IBUF_BUFG_inst/O
    X3Y9 (CLOCK_ROOT)    net (fo=76464, routed)       2.088     6.829    SharedReg738_instance/clk
    SLR Crossing[1->2]   
    SLICE_X88Y553        FDCE                                         r  SharedReg738_instance/Y_reg[32]/C
                         clock pessimism              0.461     7.290    
                         clock uncertainty           -0.035     7.255    
    SLICE_X88Y553        FDCE (Setup_FFF_SLICEM_C_D)
                                                      0.025     7.280    SharedReg738_instance/Y_reg[32]
  -------------------------------------------------------------------
                         required time                          7.280    
                         arrival time                          -7.023    
  -------------------------------------------------------------------
                         slack                                  0.257    




