Copyright 1986-2018 Xilinx, Inc. All Rights Reserved.
-----------------------------------------------------------------------------------------------------------------------------------------------------------------------------------------------
| Tool Version      : Vivado v.2018.1 (lin64) Build 2188600 Wed Apr  4 18:39:19 MDT 2018
| Date              : Wed Aug 25 23:41:57 2021
| Host              : animal.digi.e-technik.uni-kassel.de running 64-bit AlmaLinux release 8.3 (Purple Manul)
| Command           : report_timing -file /home/nfiege/Repositories/origami/vhdl/ratII/synth/fir_SHI/UniformILPNew/fir_SHI_UniformILPNew_60_ultrascale2_250/implementedSystem_timing_synth.rpt
| Design            : implementedSystem_toplevel
| Device            : xcvu13p-fhga2104
| Speed File        : -2  PRODUCTION 1.19 03-17-2018
| Temperature Grade : E
-----------------------------------------------------------------------------------------------------------------------------------------------------------------------------------------------

Timing Report

Slack (MET) :             0.370ns  (required time - arrival time)
  Source:                 ModCount71_instance/count_reg[1]/C
                            (rising edge-triggered cell FDCE clocked by clk  {rise@0.000ns fall@2.000ns period=4.000ns})
  Destination:            ModCount71_instance/count_reg[0]_rep__2/D
                            (rising edge-triggered cell FDCE clocked by clk  {rise@0.000ns fall@2.000ns period=4.000ns})
  Path Group:             clk
  Path Type:              Setup (Max at Slow Process Corner)
  Requirement:            4.000ns  (clk rise@4.000ns - clk rise@0.000ns)
  Data Path Delay:        3.538ns  (logic 0.178ns (5.031%)  route 3.360ns (94.969%))
  Logic Levels:           1  (LUT3=1)
  Clock Path Skew:        -0.082ns (DCD - SCD + CPR)
    Destination Clock Delay (DCD):    3.178ns = ( 7.178 - 4.000 ) 
    Source Clock Delay      (SCD):    3.702ns
    Clock Pessimism Removal (CPR):    0.443ns
  Clock Uncertainty:      0.035ns  ((TSJ^2 + TIJ^2)^1/2 + DJ) / 2 + PE
    Total System Jitter     (TSJ):    0.071ns
    Total Input Jitter      (TIJ):    0.000ns
    Discrete Jitter          (DJ):    0.000ns
    Phase Error              (PE):    0.000ns
  Clock Net Delay (Source):      2.765ns (routing 1.379ns, distribution 1.386ns)
  Clock Net Delay (Destination): 2.531ns (routing 1.252ns, distribution 1.279ns)

    Location             Delay type                Incr(ns)  Path(ns)    Netlist Resource(s)
  -------------------------------------------------------------------    -------------------
                         (clock clk rise edge)        0.000     0.000 r  
    AR14                                              0.000     0.000 r  clk (IN)
                         net (fo=0)                   0.000     0.000    clk_IBUF_inst/I
    AR14                 INBUF (Prop_INBUF_HPIOB_M_PAD_O)
                                                      0.586     0.586 r  clk_IBUF_inst/INBUF_INST/O
                         net (fo=1, routed)           0.000     0.586    clk_IBUF_inst/OUT
    AR14                 IBUFCTRL (Prop_IBUFCTRL_HPIOB_M_I_O)
                                                      0.000     0.586 r  clk_IBUF_inst/IBUFCTRL_INST/O
                         net (fo=1, routed)           0.323     0.909    clk_IBUF
    BUFGCE_X0Y170        BUFGCE (Prop_BUFCE_BUFGCE_I_O)
                                                      0.028     0.937 r  clk_IBUF_BUFG_inst/O
    X3Y4 (CLOCK_ROOT)    net (fo=10500, routed)       2.765     3.702    ModCount71_instance/clk_IBUF_BUFG
    SLR Crossing[1->0]   
    SLICE_X120Y207       FDCE                                         r  ModCount71_instance/count_reg[1]/C
  -------------------------------------------------------------------    -------------------
    SLICE_X120Y207       FDCE (Prop_FFF2_SLICEL_C_Q)
                                                      0.081     3.783 f  ModCount71_instance/count_reg[1]/Q
                         net (fo=171, routed)         3.312     7.095    ModCount71_instance/Q[1]
    SLICE_X127Y167       LUT3 (Prop_G6LUT_SLICEL_I1_O)
                                                      0.097     7.192 r  ModCount71_instance/count[0]_rep__2_i_1/O
                         net (fo=1, routed)           0.048     7.240    ModCount71_instance/count[0]_rep__2_i_1_n_0
    SLICE_X127Y167       FDCE                                         r  ModCount71_instance/count_reg[0]_rep__2/D
  -------------------------------------------------------------------    -------------------

                         (clock clk rise edge)        4.000     4.000 r  
    AR14                                              0.000     4.000 r  clk (IN)
                         net (fo=0)                   0.000     4.000    clk_IBUF_inst/I
    AR14                 INBUF (Prop_INBUF_HPIOB_M_PAD_O)
                                                      0.336     4.336 r  clk_IBUF_inst/INBUF_INST/O
                         net (fo=1, routed)           0.000     4.336    clk_IBUF_inst/OUT
    AR14                 IBUFCTRL (Prop_IBUFCTRL_HPIOB_M_I_O)
                                                      0.000     4.336 r  clk_IBUF_inst/IBUFCTRL_INST/O
                         net (fo=1, routed)           0.287     4.623    clk_IBUF
    BUFGCE_X0Y170        BUFGCE (Prop_BUFCE_BUFGCE_I_O)
                                                      0.024     4.647 r  clk_IBUF_BUFG_inst/O
    X3Y4 (CLOCK_ROOT)    net (fo=10500, routed)       2.531     7.178    ModCount71_instance/clk_IBUF_BUFG
    SLR Crossing[1->0]   
    SLICE_X127Y167       FDCE                                         r  ModCount71_instance/count_reg[0]_rep__2/C
                         clock pessimism              0.443     7.620    
                         clock uncertainty           -0.035     7.585    
    SLICE_X127Y167       FDCE (Setup_GFF_SLICEL_C_D)
                                                      0.025     7.610    ModCount71_instance/count_reg[0]_rep__2
  -------------------------------------------------------------------
                         required time                          7.610    
                         arrival time                          -7.240    
  -------------------------------------------------------------------
                         slack                                  0.370    




