Copyright 1986-2018 Xilinx, Inc. All Rights Reserved.
------------------------------------------------------------------------------------------------------------------------------------------------------------------------------------------------
| Tool Version      : Vivado v.2018.1 (lin64) Build 2188600 Wed Apr  4 18:39:19 MDT 2018
| Date              : Mon Dec  7 14:45:47 2020
| Host              : animal.digi.e-technik.uni-kassel.de running 64-bit CentOS Linux release 7.8.2003 (Core)
| Command           : report_timing -file /home/nfiege/Repositories/origami/vhdl/ratII/synth/fir_SAM/NonUniformILP/fir_SAM_NonUniformILP_130_ultrascale2_250/implementedSystem_timing_synth.rpt
| Design            : implementedSystem_toplevel
| Device            : xcvu13p-fhga2104
| Speed File        : -2  PRODUCTION 1.19 03-17-2018
| Temperature Grade : E
------------------------------------------------------------------------------------------------------------------------------------------------------------------------------------------------

Timing Report

Slack (MET) :             0.450ns  (required time - arrival time)
  Source:                 Delay359No1_instance/s10_reg_c/C
                            (rising edge-triggered cell FDCE clocked by clk  {rise@0.000ns fall@2.000ns period=4.000ns})
  Destination:            SharedReg672_instance/Y_reg[24]/D
                            (rising edge-triggered cell FDCE clocked by clk  {rise@0.000ns fall@2.000ns period=4.000ns})
  Path Group:             clk
  Path Type:              Setup (Max at Slow Process Corner)
  Requirement:            4.000ns  (clk rise@4.000ns - clk rise@0.000ns)
  Data Path Delay:        3.285ns  (logic 0.129ns (3.927%)  route 3.156ns (96.073%))
  Logic Levels:           1  (LUT2=1)
  Clock Path Skew:        -0.255ns (DCD - SCD + CPR)
    Destination Clock Delay (DCD):    2.431ns = ( 6.431 - 4.000 ) 
    Source Clock Delay      (SCD):    3.110ns
    Clock Pessimism Removal (CPR):    0.424ns
  Clock Uncertainty:      0.035ns  ((TSJ^2 + TIJ^2)^1/2 + DJ) / 2 + PE
    Total System Jitter     (TSJ):    0.071ns
    Total Input Jitter      (TIJ):    0.000ns
    Discrete Jitter          (DJ):    0.000ns
    Phase Error              (PE):    0.000ns
  Clock Net Delay (Source):      2.075ns (routing 0.711ns, distribution 1.364ns)
  Clock Net Delay (Destination): 1.690ns (routing 0.646ns, distribution 1.044ns)

    Location             Delay type                Incr(ns)  Path(ns)    Netlist Resource(s)
  -------------------------------------------------------------------    -------------------
                         (clock clk rise edge)        0.000     0.000 r  
    BC10                                              0.000     0.000 r  clk (IN)
                         net (fo=0)                   0.000     0.000    clk_IBUF_inst/I
    BC10                 INBUF (Prop_INBUF_HPIOB_M_PAD_O)
                                                      0.659     0.659 r  clk_IBUF_inst/INBUF_INST/O
                         net (fo=1, routed)           0.000     0.659    clk_IBUF_inst/OUT
    BC10                 IBUFCTRL (Prop_IBUFCTRL_HPIOB_M_I_O)
                                                      0.000     0.659 r  clk_IBUF_inst/IBUFCTRL_INST/O
                         net (fo=1, routed)           0.348     1.007    clk_IBUF
    BUFGCE_X0Y146        BUFGCE (Prop_BUFCE_BUFGCE_I_O)
                                                      0.028     1.035 r  clk_IBUF_BUFG_inst/O
    X4Y5 (CLOCK_ROOT)    net (fo=86774, routed)       2.075     3.110    Delay359No1_instance/clk_IBUF_BUFG
    SLICE_X172Y335       FDCE                                         r  Delay359No1_instance/s10_reg_c/C
  -------------------------------------------------------------------    -------------------
    SLICE_X172Y335       FDCE (Prop_EFF_SLICEL_C_Q)
                                                      0.079     3.189 r  Delay359No1_instance/s10_reg_c/Q
                         net (fo=671, routed)         3.108     6.297    SharedReg672_instance/s10_reg_c
    SLICE_X120Y355       LUT2 (Prop_A6LUT_SLICEL_I1_O)
                                                      0.050     6.347 r  SharedReg672_instance/s10_reg_gate__3/O
                         net (fo=1, routed)           0.048     6.395    SharedReg672_instance/s10_reg_gate__3_n_0
    SLICE_X120Y355       FDCE                                         r  SharedReg672_instance/Y_reg[24]/D
  -------------------------------------------------------------------    -------------------

                         (clock clk rise edge)        4.000     4.000 r  
    BC10                                              0.000     4.000 r  clk (IN)
                         net (fo=0)                   0.000     4.000    clk_IBUF_inst/I
    BC10                 INBUF (Prop_INBUF_HPIOB_M_PAD_O)
                                                      0.408     4.408 r  clk_IBUF_inst/INBUF_INST/O
                         net (fo=1, routed)           0.000     4.408    clk_IBUF_inst/OUT
    BC10                 IBUFCTRL (Prop_IBUFCTRL_HPIOB_M_I_O)
                                                      0.000     4.408 r  clk_IBUF_inst/IBUFCTRL_INST/O
                         net (fo=1, routed)           0.309     4.717    clk_IBUF
    BUFGCE_X0Y146        BUFGCE (Prop_BUFCE_BUFGCE_I_O)
                                                      0.024     4.741 r  clk_IBUF_BUFG_inst/O
    X4Y5 (CLOCK_ROOT)    net (fo=86774, routed)       1.690     6.431    SharedReg672_instance/clk
    SLICE_X120Y355       FDCE                                         r  SharedReg672_instance/Y_reg[24]/C
                         clock pessimism              0.424     6.855    
                         clock uncertainty           -0.035     6.820    
    SLICE_X120Y355       FDCE (Setup_AFF_SLICEL_C_D)
                                                      0.025     6.845    SharedReg672_instance/Y_reg[24]
  -------------------------------------------------------------------
                         required time                          6.845    
                         arrival time                          -6.395    
  -------------------------------------------------------------------
                         slack                                  0.450    




