Copyright 1986-2018 Xilinx, Inc. All Rights Reserved.
-----------------------------------------------------------------------------------------------------------------------------------------------------------------------------------------------
| Tool Version      : Vivado v.2018.1 (lin64) Build 2188600 Wed Apr  4 18:39:19 MDT 2018
| Date              : Sat Aug 28 07:56:22 2021
| Host              : animal.digi.e-technik.uni-kassel.de running 64-bit AlmaLinux release 8.3 (Purple Manul)
| Command           : report_timing -file /home/nfiege/Repositories/origami/vhdl/ratII/synth/fir_SAM/UniformILPNew/fir_SAM_UniformILPNew_24_ultrascale2_250/implementedSystem_timing_synth.rpt
| Design            : implementedSystem_toplevel
| Device            : xcvu13p-fhga2104
| Speed File        : -2  PRODUCTION 1.19 03-17-2018
| Temperature Grade : E
-----------------------------------------------------------------------------------------------------------------------------------------------------------------------------------------------

Timing Report

Slack (MET) :             0.549ns  (required time - arrival time)
  Source:                 Delay1No9_instance/Y_reg[14]/C
                            (rising edge-triggered cell FDCE clocked by clk  {rise@0.000ns fall@2.000ns period=4.000ns})
  Destination:            Product1_5_impl_instance/SignificandMultiplication/RR__0/DSP_OUTPUT_INST/ALU_OUT[0]
                            (rising edge-triggered cell DSP_OUTPUT clocked by clk  {rise@0.000ns fall@2.000ns period=4.000ns})
  Path Group:             clk
  Path Type:              Setup (Max at Slow Process Corner)
  Requirement:            4.000ns  (clk rise@4.000ns - clk rise@0.000ns)
  Data Path Delay:        3.287ns  (logic 2.151ns (65.440%)  route 1.136ns (34.560%))
  Logic Levels:           7  (DSP_A_B_DATA=1 DSP_ALU=2 DSP_M_DATA=1 DSP_MULTIPLIER=1 DSP_OUTPUT=1 DSP_PREADD_DATA=1)
  Clock Path Skew:        -0.144ns (DCD - SCD + CPR)
    Destination Clock Delay (DCD):    2.605ns = ( 6.605 - 4.000 ) 
    Source Clock Delay      (SCD):    3.148ns
    Clock Pessimism Removal (CPR):    0.399ns
  Clock Uncertainty:      0.035ns  ((TSJ^2 + TIJ^2)^1/2 + DJ) / 2 + PE
    Total System Jitter     (TSJ):    0.071ns
    Total Input Jitter      (TIJ):    0.000ns
    Discrete Jitter          (DJ):    0.000ns
    Phase Error              (PE):    0.000ns
  Clock Net Delay (Source):      2.197ns (routing 1.147ns, distribution 1.050ns)
  Clock Net Delay (Destination): 1.945ns (routing 1.043ns, distribution 0.902ns)

    Location             Delay type                Incr(ns)  Path(ns)    Netlist Resource(s)
  -------------------------------------------------------------------    -------------------
                         (clock clk rise edge)        0.000     0.000 r  
    AP13                                              0.000     0.000 r  clk (IN)
                         net (fo=0)                   0.000     0.000    clk_IBUF_inst/I
    AP13                 INBUF (Prop_INBUF_HPIOB_M_PAD_O)
                                                      0.600     0.600 r  clk_IBUF_inst/INBUF_INST/O
                         net (fo=1, routed)           0.000     0.600    clk_IBUF_inst/OUT
    AP13                 IBUFCTRL (Prop_IBUFCTRL_HPIOB_M_I_O)
                                                      0.000     0.600 r  clk_IBUF_inst/IBUFCTRL_INST/O
                         net (fo=1, routed)           0.323     0.923    clk_IBUF
    BUFGCE_X0Y170        BUFGCE (Prop_BUFCE_BUFGCE_I_O)
                                                      0.028     0.951 r  clk_IBUF_BUFG_inst/O
    X5Y5 (CLOCK_ROOT)    net (fo=47774, routed)       2.197     3.148    Delay1No9_instance/clk_IBUF_BUFG
    SLICE_X150Y255       FDCE                                         r  Delay1No9_instance/Y_reg[14]/C
  -------------------------------------------------------------------    -------------------
    SLICE_X150Y255       FDCE (Prop_DFF_SLICEM_C_Q)
                                                      0.078     3.226 f  Delay1No9_instance/Y_reg[14]/Q
                         net (fo=1, routed)           1.122     4.348    Product1_5_impl_instance/SignificandMultiplication/RR/A[14]
    DSP48E2_X21Y134      DSP_A_B_DATA (Prop_DSP_A_B_DATA_DSP48E2_A[14]_A2_DATA[14])
                                                      0.192     4.540 r  Product1_5_impl_instance/SignificandMultiplication/RR/DSP_A_B_DATA_INST/A2_DATA[14]
                         net (fo=1, routed)           0.000     4.540    Product1_5_impl_instance/SignificandMultiplication/RR/DSP_A_B_DATA.A2_DATA<14>
    DSP48E2_X21Y134      DSP_PREADD_DATA (Prop_DSP_PREADD_DATA_DSP48E2_A2_DATA[14]_A2A1[14])
                                                      0.076     4.616 r  Product1_5_impl_instance/SignificandMultiplication/RR/DSP_PREADD_DATA_INST/A2A1[14]
                         net (fo=1, routed)           0.000     4.616    Product1_5_impl_instance/SignificandMultiplication/RR/DSP_PREADD_DATA.A2A1<14>
    DSP48E2_X21Y134      DSP_MULTIPLIER (Prop_DSP_MULTIPLIER_DSP48E2_A2A1[14]_U[34])
                                                      0.505     5.121 f  Product1_5_impl_instance/SignificandMultiplication/RR/DSP_MULTIPLIER_INST/U[34]
                         net (fo=1, routed)           0.000     5.121    Product1_5_impl_instance/SignificandMultiplication/RR/DSP_MULTIPLIER.U<34>
    DSP48E2_X21Y134      DSP_M_DATA (Prop_DSP_M_DATA_DSP48E2_U[34]_U_DATA[34])
                                                      0.047     5.168 r  Product1_5_impl_instance/SignificandMultiplication/RR/DSP_M_DATA_INST/U_DATA[34]
                         net (fo=1, routed)           0.000     5.168    Product1_5_impl_instance/SignificandMultiplication/RR/DSP_M_DATA.U_DATA<34>
    DSP48E2_X21Y134      DSP_ALU (Prop_DSP_ALU_DSP48E2_U_DATA[34]_ALU_OUT[47])
                                                      0.585     5.753 f  Product1_5_impl_instance/SignificandMultiplication/RR/DSP_ALU_INST/ALU_OUT[47]
                         net (fo=1, routed)           0.000     5.753    Product1_5_impl_instance/SignificandMultiplication/RR/DSP_ALU.ALU_OUT<47>
    DSP48E2_X21Y134      DSP_OUTPUT (Prop_DSP_OUTPUT_DSP48E2_ALU_OUT[47]_PCOUT[47])
                                                      0.122     5.875 r  Product1_5_impl_instance/SignificandMultiplication/RR/DSP_OUTPUT_INST/PCOUT[47]
                         net (fo=1, routed)           0.014     5.889    Product1_5_impl_instance/SignificandMultiplication/RR__0/PCIN[47]
    DSP48E2_X21Y135      DSP_ALU (Prop_DSP_ALU_DSP48E2_PCIN[47]_ALU_OUT[0])
                                                      0.546     6.435 r  Product1_5_impl_instance/SignificandMultiplication/RR__0/DSP_ALU_INST/ALU_OUT[0]
                         net (fo=1, routed)           0.000     6.435    Product1_5_impl_instance/SignificandMultiplication/RR__0/DSP_ALU.ALU_OUT<0>
    DSP48E2_X21Y135      DSP_OUTPUT                                   r  Product1_5_impl_instance/SignificandMultiplication/RR__0/DSP_OUTPUT_INST/ALU_OUT[0]
  -------------------------------------------------------------------    -------------------

                         (clock clk rise edge)        4.000     4.000 r  
    AP13                                              0.000     4.000 r  clk (IN)
                         net (fo=0)                   0.000     4.000    clk_IBUF_inst/I
    AP13                 INBUF (Prop_INBUF_HPIOB_M_PAD_O)
                                                      0.349     4.349 r  clk_IBUF_inst/INBUF_INST/O
                         net (fo=1, routed)           0.000     4.349    clk_IBUF_inst/OUT
    AP13                 IBUFCTRL (Prop_IBUFCTRL_HPIOB_M_I_O)
                                                      0.000     4.349 r  clk_IBUF_inst/IBUFCTRL_INST/O
                         net (fo=1, routed)           0.287     4.636    clk_IBUF
    BUFGCE_X0Y170        BUFGCE (Prop_BUFCE_BUFGCE_I_O)
                                                      0.024     4.660 r  clk_IBUF_BUFG_inst/O
    X5Y5 (CLOCK_ROOT)    net (fo=47774, routed)       1.945     6.605    Product1_5_impl_instance/SignificandMultiplication/RR__0/CLK
    DSP48E2_X21Y135      DSP_OUTPUT                                   r  Product1_5_impl_instance/SignificandMultiplication/RR__0/DSP_OUTPUT_INST/CLK
                         clock pessimism              0.399     7.004    
                         clock uncertainty           -0.035     6.968    
    DSP48E2_X21Y135      DSP_OUTPUT (Setup_DSP_OUTPUT_DSP48E2_CLK_ALU_OUT[0])
                                                      0.015     6.983    Product1_5_impl_instance/SignificandMultiplication/RR__0/DSP_OUTPUT_INST
  -------------------------------------------------------------------
                         required time                          6.983    
                         arrival time                          -6.435    
  -------------------------------------------------------------------
                         slack                                  0.549    




