Copyright 1986-2018 Xilinx, Inc. All Rights Reserved.
----------------------------------------------------------------------------------------------------------------------------------------------------------------------------------------------------
| Tool Version      : Vivado v.2018.1 (lin64) Build 2188600 Wed Apr  4 18:39:19 MDT 2018
| Date              : Thu Aug 26 14:19:35 2021
| Host              : animal.digi.e-technik.uni-kassel.de running 64-bit AlmaLinux release 8.3 (Purple Manul)
| Command           : report_timing -file /home/nfiege/Repositories/origami/vhdl/ratII/synth/iir_sos16/UniformILPNew/iir_sos16_UniformILPNew_113_ultrascale2_250/implementedSystem_timing_synth.rpt
| Design            : implementedSystem_toplevel
| Device            : xcvu13p-fhga2104
| Speed File        : -2  PRODUCTION 1.19 03-17-2018
| Temperature Grade : E
----------------------------------------------------------------------------------------------------------------------------------------------------------------------------------------------------

Timing Report

Slack (MET) :             0.441ns  (required time - arrival time)
  Source:                 ModCount641_instance/count_reg[4]_rep__0/C
                            (rising edge-triggered cell FDCE clocked by clk  {rise@0.000ns fall@2.000ns period=4.000ns})
  Destination:            Delay1No5_instance/Y_reg[8]/D
                            (rising edge-triggered cell FDCE clocked by clk  {rise@0.000ns fall@2.000ns period=4.000ns})
  Path Group:             clk
  Path Type:              Setup (Max at Slow Process Corner)
  Requirement:            4.000ns  (clk rise@4.000ns - clk rise@0.000ns)
  Data Path Delay:        3.447ns  (logic 0.226ns (6.556%)  route 3.221ns (93.444%))
  Logic Levels:           1  (LUT6=1)
  Clock Path Skew:        -0.102ns (DCD - SCD + CPR)
    Destination Clock Delay (DCD):    1.730ns = ( 5.730 - 4.000 ) 
    Source Clock Delay      (SCD):    2.138ns
    Clock Pessimism Removal (CPR):    0.306ns
  Clock Uncertainty:      0.035ns  ((TSJ^2 + TIJ^2)^1/2 + DJ) / 2 + PE
    Total System Jitter     (TSJ):    0.071ns
    Total Input Jitter      (TIJ):    0.000ns
    Discrete Jitter          (DJ):    0.000ns
    Phase Error              (PE):    0.000ns
  Clock Net Delay (Source):      1.187ns (routing 0.170ns, distribution 1.017ns)
  Clock Net Delay (Destination): 1.070ns (routing 0.155ns, distribution 0.915ns)

    Location             Delay type                Incr(ns)  Path(ns)    Netlist Resource(s)
  -------------------------------------------------------------------    -------------------
                         (clock clk rise edge)        0.000     0.000 r  
    AP13                                              0.000     0.000 r  clk (IN)
                         net (fo=0)                   0.000     0.000    clk_IBUF_inst/I
    AP13                 INBUF (Prop_INBUF_HPIOB_M_PAD_O)
                                                      0.600     0.600 r  clk_IBUF_inst/INBUF_INST/O
                         net (fo=1, routed)           0.000     0.600    clk_IBUF_inst/OUT
    AP13                 IBUFCTRL (Prop_IBUFCTRL_HPIOB_M_I_O)
                                                      0.000     0.600 r  clk_IBUF_inst/IBUFCTRL_INST/O
                         net (fo=1, routed)           0.323     0.923    clk_IBUF
    BUFGCE_X0Y170        BUFGCE (Prop_BUFCE_BUFGCE_I_O)
                                                      0.028     0.951 r  clk_IBUF_BUFG_inst/O
    X4Y7 (CLOCK_ROOT)    net (fo=12804, routed)       1.187     2.138    ModCount641_instance/clk
    SLICE_X126Y441       FDCE                                         r  ModCount641_instance/count_reg[4]_rep__0/C
  -------------------------------------------------------------------    -------------------
    SLICE_X126Y441       FDCE (Prop_AFF2_SLICEM_C_Q)
                                                      0.080     2.218 r  ModCount641_instance/count_reg[4]_rep__0/Q
                         net (fo=181, routed)         3.172     5.390    MUX_Product_2_impl_1_instance/count_reg[4]_rep__0
    SLICE_X135Y402       LUT6 (Prop_D6LUT_SLICEL_I4_O)
                                                      0.146     5.536 r  MUX_Product_2_impl_1_instance/Y[8]_i_1/O
                         net (fo=1, routed)           0.049     5.585    Delay1No5_instance/count_reg[5][8]
    SLICE_X135Y402       FDCE                                         r  Delay1No5_instance/Y_reg[8]/D
  -------------------------------------------------------------------    -------------------

                         (clock clk rise edge)        4.000     4.000 r  
    AP13                                              0.000     4.000 r  clk (IN)
                         net (fo=0)                   0.000     4.000    clk_IBUF_inst/I
    AP13                 INBUF (Prop_INBUF_HPIOB_M_PAD_O)
                                                      0.349     4.349 r  clk_IBUF_inst/INBUF_INST/O
                         net (fo=1, routed)           0.000     4.349    clk_IBUF_inst/OUT
    AP13                 IBUFCTRL (Prop_IBUFCTRL_HPIOB_M_I_O)
                                                      0.000     4.349 r  clk_IBUF_inst/IBUFCTRL_INST/O
                         net (fo=1, routed)           0.287     4.636    clk_IBUF
    BUFGCE_X0Y170        BUFGCE (Prop_BUFCE_BUFGCE_I_O)
                                                      0.024     4.660 r  clk_IBUF_BUFG_inst/O
    X4Y7 (CLOCK_ROOT)    net (fo=12804, routed)       1.070     5.730    Delay1No5_instance/clk_IBUF_BUFG
    SLICE_X135Y402       FDCE                                         r  Delay1No5_instance/Y_reg[8]/C
                         clock pessimism              0.306     6.036    
                         clock uncertainty           -0.035     6.000    
    SLICE_X135Y402       FDCE (Setup_DFF_SLICEL_C_D)
                                                      0.025     6.025    Delay1No5_instance/Y_reg[8]
  -------------------------------------------------------------------
                         required time                          6.025    
                         arrival time                          -5.585    
  -------------------------------------------------------------------
                         slack                                  0.441    




