Copyright 1986-2018 Xilinx, Inc. All Rights Reserved.
-----------------------------------------------------------------------------------------------------------------------------------------------------------------------------------------------
| Tool Version      : Vivado v.2018.1 (lin64) Build 2188600 Wed Apr  4 18:39:19 MDT 2018
| Date              : Thu Aug 26 21:45:59 2021
| Host              : animal.digi.e-technik.uni-kassel.de running 64-bit AlmaLinux release 8.3 (Purple Manul)
| Command           : report_timing -file /home/nfiege/Repositories/origami/vhdl/ratII/synth/fir_SAM/UniformILPNew/fir_SAM_UniformILPNew_49_ultrascale2_250/implementedSystem_timing_synth.rpt
| Design            : implementedSystem_toplevel
| Device            : xcvu13p-fhga2104
| Speed File        : -2  PRODUCTION 1.19 03-17-2018
| Temperature Grade : E
-----------------------------------------------------------------------------------------------------------------------------------------------------------------------------------------------

Timing Report

Slack (MET) :             0.410ns  (required time - arrival time)
  Source:                 SharedReg409_instance/s5_reg_c/C
                            (rising edge-triggered cell FDCE clocked by clk  {rise@0.000ns fall@2.000ns period=4.000ns})
  Destination:            SharedReg266_instance/Y_reg[8]/D
                            (rising edge-triggered cell FDCE clocked by clk  {rise@0.000ns fall@2.000ns period=4.000ns})
  Path Group:             clk
  Path Type:              Setup (Max at Slow Process Corner)
  Requirement:            4.000ns  (clk rise@4.000ns - clk rise@0.000ns)
  Data Path Delay:        3.319ns  (logic 0.178ns (5.363%)  route 3.141ns (94.637%))
  Logic Levels:           1  (LUT2=1)
  Clock Path Skew:        -0.261ns (DCD - SCD + CPR)
    Destination Clock Delay (DCD):    2.357ns = ( 6.357 - 4.000 ) 
    Source Clock Delay      (SCD):    2.994ns
    Clock Pessimism Removal (CPR):    0.376ns
  Clock Uncertainty:      0.035ns  ((TSJ^2 + TIJ^2)^1/2 + DJ) / 2 + PE
    Total System Jitter     (TSJ):    0.071ns
    Total Input Jitter      (TIJ):    0.000ns
    Discrete Jitter          (DJ):    0.000ns
    Phase Error              (PE):    0.000ns
  Clock Net Delay (Source):      2.043ns (routing 0.921ns, distribution 1.122ns)
  Clock Net Delay (Destination): 1.697ns (routing 0.836ns, distribution 0.861ns)

    Location             Delay type                Incr(ns)  Path(ns)    Netlist Resource(s)
  -------------------------------------------------------------------    -------------------
                         (clock clk rise edge)        0.000     0.000 r  
    AP13                                              0.000     0.000 r  clk (IN)
                         net (fo=0)                   0.000     0.000    clk_IBUF_inst/I
    AP13                 INBUF (Prop_INBUF_HPIOB_M_PAD_O)
                                                      0.600     0.600 r  clk_IBUF_inst/INBUF_INST/O
                         net (fo=1, routed)           0.000     0.600    clk_IBUF_inst/OUT
    AP13                 IBUFCTRL (Prop_IBUFCTRL_HPIOB_M_I_O)
                                                      0.000     0.600 r  clk_IBUF_inst/IBUFCTRL_INST/O
                         net (fo=1, routed)           0.323     0.923    clk_IBUF
    BUFGCE_X0Y170        BUFGCE (Prop_BUFCE_BUFGCE_I_O)
                                                      0.028     0.951 r  clk_IBUF_BUFG_inst/O
    X4Y5 (CLOCK_ROOT)    net (fo=54032, routed)       2.043     2.994    SharedReg409_instance/clk_IBUF_BUFG
    SLICE_X136Y365       FDCE                                         r  SharedReg409_instance/s5_reg_c/C
  -------------------------------------------------------------------    -------------------
    SLICE_X136Y365       FDCE (Prop_FFF2_SLICEL_C_Q)
                                                      0.081     3.075 r  SharedReg409_instance/s5_reg_c/Q
                         net (fo=452, routed)         3.090     6.165    SharedReg266_instance/s5_reg_c
    SLICE_X120Y333       LUT2 (Prop_F6LUT_SLICEL_I1_O)
                                                      0.097     6.262 r  SharedReg266_instance/s5_reg_gate__24/O
                         net (fo=1, routed)           0.051     6.313    SharedReg266_instance/s5_reg_gate__24_n_0
    SLICE_X120Y333       FDCE                                         r  SharedReg266_instance/Y_reg[8]/D
  -------------------------------------------------------------------    -------------------

                         (clock clk rise edge)        4.000     4.000 r  
    AP13                                              0.000     4.000 r  clk (IN)
                         net (fo=0)                   0.000     4.000    clk_IBUF_inst/I
    AP13                 INBUF (Prop_INBUF_HPIOB_M_PAD_O)
                                                      0.349     4.349 r  clk_IBUF_inst/INBUF_INST/O
                         net (fo=1, routed)           0.000     4.349    clk_IBUF_inst/OUT
    AP13                 IBUFCTRL (Prop_IBUFCTRL_HPIOB_M_I_O)
                                                      0.000     4.349 r  clk_IBUF_inst/IBUFCTRL_INST/O
                         net (fo=1, routed)           0.287     4.636    clk_IBUF
    BUFGCE_X0Y170        BUFGCE (Prop_BUFCE_BUFGCE_I_O)
                                                      0.024     4.660 r  clk_IBUF_BUFG_inst/O
    X4Y5 (CLOCK_ROOT)    net (fo=54032, routed)       1.697     6.357    SharedReg266_instance/clk_IBUF_BUFG
    SLICE_X120Y333       FDCE                                         r  SharedReg266_instance/Y_reg[8]/C
                         clock pessimism              0.376     6.733    
                         clock uncertainty           -0.035     6.697    
    SLICE_X120Y333       FDCE (Setup_FFF_SLICEL_C_D)
                                                      0.025     6.722    SharedReg266_instance/Y_reg[8]
  -------------------------------------------------------------------
                         required time                          6.722    
                         arrival time                          -6.313    
  -------------------------------------------------------------------
                         slack                                  0.410    




