Copyright 1986-2018 Xilinx, Inc. All Rights Reserved.
------------------------------------------------------------------------------------------------------------------------------------------------------------------------------------------------
| Tool Version      : Vivado v.2018.1 (lin64) Build 2188600 Wed Apr  4 18:39:19 MDT 2018
| Date              : Thu Aug 26 20:03:36 2021
| Host              : animal.digi.e-technik.uni-kassel.de running 64-bit AlmaLinux release 8.3 (Purple Manul)
| Command           : report_timing -file /home/nfiege/Repositories/origami/vhdl/ratII/synth/fir_SAM/UniformILPNew/fir_SAM_UniformILPNew_458_ultrascale2_250/implementedSystem_timing_synth.rpt
| Design            : implementedSystem_toplevel
| Device            : xcvu13p-fhga2104
| Speed File        : -2  PRODUCTION 1.19 03-17-2018
| Temperature Grade : E
------------------------------------------------------------------------------------------------------------------------------------------------------------------------------------------------

Timing Report

Slack (MET) :             0.411ns  (required time - arrival time)
  Source:                 SharedReg245_instance/s33_reg_c/C
                            (rising edge-triggered cell FDCE clocked by clk  {rise@0.000ns fall@2.000ns period=4.000ns})
  Destination:            SharedReg8_instance/Y_reg[22]/D
                            (rising edge-triggered cell FDCE clocked by clk  {rise@0.000ns fall@2.000ns period=4.000ns})
  Path Group:             clk
  Path Type:              Setup (Max at Slow Process Corner)
  Requirement:            4.000ns  (clk rise@4.000ns - clk rise@0.000ns)
  Data Path Delay:        3.534ns  (logic 0.225ns (6.367%)  route 3.309ns (93.633%))
  Logic Levels:           1  (LUT2=1)
  Clock Path Skew:        -0.045ns (DCD - SCD + CPR)
    Destination Clock Delay (DCD):    2.337ns = ( 6.337 - 4.000 ) 
    Source Clock Delay      (SCD):    2.738ns
    Clock Pessimism Removal (CPR):    0.356ns
  Clock Uncertainty:      0.035ns  ((TSJ^2 + TIJ^2)^1/2 + DJ) / 2 + PE
    Total System Jitter     (TSJ):    0.071ns
    Total Input Jitter      (TIJ):    0.000ns
    Discrete Jitter          (DJ):    0.000ns
    Phase Error              (PE):    0.000ns
  Clock Net Delay (Source):      1.787ns (routing 0.711ns, distribution 1.076ns)
  Clock Net Delay (Destination): 1.677ns (routing 0.646ns, distribution 1.031ns)

    Location             Delay type                Incr(ns)  Path(ns)    Netlist Resource(s)
  -------------------------------------------------------------------    -------------------
                         (clock clk rise edge)        0.000     0.000 r  
    AU14                                              0.000     0.000 r  clk (IN)
                         net (fo=0)                   0.000     0.000    clk_IBUF_inst/I
    AU14                 INBUF (Prop_INBUF_HPIOB_M_PAD_O)
                                                      0.600     0.600 r  clk_IBUF_inst/INBUF_INST/O
                         net (fo=1, routed)           0.000     0.600    clk_IBUF_inst/OUT
    AU14                 IBUFCTRL (Prop_IBUFCTRL_HPIOB_M_I_O)
                                                      0.000     0.600 r  clk_IBUF_inst/IBUFCTRL_INST/O
                         net (fo=1, routed)           0.323     0.923    clk_IBUF
    BUFGCE_X0Y170        BUFGCE (Prop_BUFCE_BUFGCE_I_O)
                                                      0.028     0.951 r  clk_IBUF_BUFG_inst/O
    X4Y6 (CLOCK_ROOT)    net (fo=34549, routed)       1.787     2.738    SharedReg245_instance/clk_IBUF_BUFG
    SLICE_X144Y351       FDCE                                         r  SharedReg245_instance/s33_reg_c/C
  -------------------------------------------------------------------    -------------------
    SLICE_X144Y351       FDCE (Prop_GFF_SLICEL_C_Q)
                                                      0.079     2.817 r  SharedReg245_instance/s33_reg_c/Q
                         net (fo=171, routed)         3.260     6.077    SharedReg8_instance/s33_reg_c
    SLICE_X116Y420       LUT2 (Prop_D6LUT_SLICEL_I1_O)
                                                      0.146     6.223 r  SharedReg8_instance/s33_reg_gate__10/O
                         net (fo=1, routed)           0.049     6.272    SharedReg8_instance/s33_reg_gate__10_n_0
    SLICE_X116Y420       FDCE                                         r  SharedReg8_instance/Y_reg[22]/D
  -------------------------------------------------------------------    -------------------

                         (clock clk rise edge)        4.000     4.000 r  
    AU14                                              0.000     4.000 r  clk (IN)
                         net (fo=0)                   0.000     4.000    clk_IBUF_inst/I
    AU14                 INBUF (Prop_INBUF_HPIOB_M_PAD_O)
                                                      0.349     4.349 r  clk_IBUF_inst/INBUF_INST/O
                         net (fo=1, routed)           0.000     4.349    clk_IBUF_inst/OUT
    AU14                 IBUFCTRL (Prop_IBUFCTRL_HPIOB_M_I_O)
                                                      0.000     4.349 r  clk_IBUF_inst/IBUFCTRL_INST/O
                         net (fo=1, routed)           0.287     4.636    clk_IBUF
    BUFGCE_X0Y170        BUFGCE (Prop_BUFCE_BUFGCE_I_O)
                                                      0.024     4.660 r  clk_IBUF_BUFG_inst/O
    X4Y6 (CLOCK_ROOT)    net (fo=34549, routed)       1.677     6.337    SharedReg8_instance/clk_IBUF_BUFG
    SLICE_X116Y420       FDCE                                         r  SharedReg8_instance/Y_reg[22]/C
                         clock pessimism              0.356     6.693    
                         clock uncertainty           -0.035     6.658    
    SLICE_X116Y420       FDCE (Setup_DFF_SLICEL_C_D)
                                                      0.025     6.683    SharedReg8_instance/Y_reg[22]
  -------------------------------------------------------------------
                         required time                          6.683    
                         arrival time                          -6.272    
  -------------------------------------------------------------------
                         slack                                  0.411    




