Copyright 1986-2018 Xilinx, Inc. All Rights Reserved.
---------------------------------------------------------------------------------------------------------------------------------------------------------------------------------------------------
| Tool Version      : Vivado v.2018.1 (lin64) Build 2188600 Wed Apr  4 18:39:19 MDT 2018
| Date              : Thu Aug 26 02:53:54 2021
| Host              : animal.digi.e-technik.uni-kassel.de running 64-bit AlmaLinux release 8.3 (Purple Manul)
| Command           : report_timing -file /home/nfiege/Repositories/origami/vhdl/ratII/synth/iir_sos16/UniformILPNew/iir_sos16_UniformILPNew_96_ultrascale2_250/implementedSystem_timing_synth.rpt
| Design            : implementedSystem_toplevel
| Device            : xcvu13p-fhga2104
| Speed File        : -2  PRODUCTION 1.19 03-17-2018
| Temperature Grade : E
---------------------------------------------------------------------------------------------------------------------------------------------------------------------------------------------------

Timing Report

Slack (MET) :             0.505ns  (required time - arrival time)
  Source:                 Delay1No13_instance/Y_reg[25]/C
                            (rising edge-triggered cell FDCE clocked by clk  {rise@0.000ns fall@2.000ns period=4.000ns})
  Destination:            Sum13_1_impl_instance/FPAddSubOp_instance/shiftedFracY_d1_reg[11]/D
                            (rising edge-triggered cell FDRE clocked by clk  {rise@0.000ns fall@2.000ns period=4.000ns})
  Path Group:             clk
  Path Type:              Setup (Max at Slow Process Corner)
  Requirement:            4.000ns  (clk rise@4.000ns - clk rise@0.000ns)
  Data Path Delay:        3.350ns  (logic 1.039ns (31.015%)  route 2.311ns (68.985%))
  Logic Levels:           9  (CARRY8=2 LUT4=1 LUT5=3 LUT6=3)
  Clock Path Skew:        -0.134ns (DCD - SCD + CPR)
    Destination Clock Delay (DCD):    1.687ns = ( 5.687 - 4.000 ) 
    Source Clock Delay      (SCD):    2.180ns
    Clock Pessimism Removal (CPR):    0.359ns
  Clock Uncertainty:      0.035ns  ((TSJ^2 + TIJ^2)^1/2 + DJ) / 2 + PE
    Total System Jitter     (TSJ):    0.071ns
    Total Input Jitter      (TIJ):    0.000ns
    Discrete Jitter          (DJ):    0.000ns
    Phase Error              (PE):    0.000ns
  Clock Net Delay (Source):      1.229ns (routing 0.170ns, distribution 1.059ns)
  Clock Net Delay (Destination): 1.027ns (routing 0.155ns, distribution 0.872ns)

    Location             Delay type                Incr(ns)  Path(ns)    Netlist Resource(s)
  -------------------------------------------------------------------    -------------------
                         (clock clk rise edge)        0.000     0.000 r  
    AP13                                              0.000     0.000 r  clk (IN)
                         net (fo=0)                   0.000     0.000    clk_IBUF_inst/I
    AP13                 INBUF (Prop_INBUF_HPIOB_M_PAD_O)
                                                      0.600     0.600 r  clk_IBUF_inst/INBUF_INST/O
                         net (fo=1, routed)           0.000     0.600    clk_IBUF_inst/OUT
    AP13                 IBUFCTRL (Prop_IBUFCTRL_HPIOB_M_I_O)
                                                      0.000     0.600 r  clk_IBUF_inst/IBUFCTRL_INST/O
                         net (fo=1, routed)           0.323     0.923    clk_IBUF
    BUFGCE_X0Y170        BUFGCE (Prop_BUFCE_BUFGCE_I_O)
                                                      0.028     0.951 r  clk_IBUF_BUFG_inst/O
    X4Y7 (CLOCK_ROOT)    net (fo=13642, routed)       1.229     2.180    Delay1No13_instance/clk_IBUF_BUFG
    SLICE_X132Y464       FDCE                                         r  Delay1No13_instance/Y_reg[25]/C
  -------------------------------------------------------------------    -------------------
    SLICE_X132Y464       FDCE (Prop_HFF_SLICEL_C_Q)
                                                      0.079     2.259 r  Delay1No13_instance/Y_reg[25]/Q
                         net (fo=6, routed)           0.622     2.881    Delay1No12_instance/Y_reg[33]_0[25]
    SLICE_X123Y456       LUT4 (Prop_E6LUT_SLICEL_I3_O)
                                                      0.090     2.971 r  Delay1No12_instance/geqOp_carry__0_i_12/O
                         net (fo=1, routed)           0.007     2.978    Sum13_1_impl_instance/FPAddSubOp_instance/Y_reg[30]_0[4]
    SLICE_X123Y456       CARRY8 (Prop_CARRY8_SLICEL_S[4]_CO[7])
                                                      0.153     3.131 r  Sum13_1_impl_instance/FPAddSubOp_instance/geqOp_carry__0/CO[7]
                         net (fo=1, routed)           0.026     3.157    Sum13_1_impl_instance/FPAddSubOp_instance/geqOp_carry__0_n_0
    SLICE_X123Y457       CARRY8 (Prop_CARRY8_SLICEL_CI_CO[0])
                                                      0.052     3.209 r  Sum13_1_impl_instance/FPAddSubOp_instance/geqOp_carry__1/CO[0]
                         net (fo=72, routed)          0.299     3.508    Delay1No13_instance/CO[0]
    SLICE_X123Y464       LUT5 (Prop_D5LUT_SLICEL_I4_O)
                                                      0.157     3.665 r  Delay1No13_instance/shiftedFracY_d1[12]_i_4/O
                         net (fo=3, routed)           0.132     3.797    Delay1No12_instance/Y_reg[23]_0[0]
    SLICE_X125Y463       LUT6 (Prop_H6LUT_SLICEL_I2_O)
                                                      0.124     3.921 r  Delay1No12_instance/shiftedFracY_d1[32]_i_9/O
                         net (fo=3, routed)           0.212     4.133    Delay1No12_instance/shiftedFracY_d1[32]_i_9_n_0
    SLICE_X123Y462       LUT5 (Prop_F6LUT_SLICEL_I3_O)
                                                      0.035     4.168 r  Delay1No12_instance/shiftedFracY_d1[12]_i_3/O
                         net (fo=33, routed)          0.433     4.601    Delay1No13_instance/shiftVal__5[0]
    SLICE_X118Y456       LUT6 (Prop_B6LUT_SLICEM_I2_O)
                                                      0.149     4.750 r  Delay1No13_instance/shiftedFracY_d1[15]_i_2/O
                         net (fo=4, routed)           0.406     5.156    Delay1No13_instance/shiftedFracY_d1_reg[38][2]
    SLICE_X122Y458       LUT6 (Prop_H6LUT_SLICEM_I5_O)
                                                      0.101     5.257 r  Delay1No13_instance/shiftedFracY_d1[27]_i_4/O
                         net (fo=2, routed)           0.102     5.359    Delay1No12_instance/Y_reg[26]_0[4]
    SLICE_X122Y458       LUT5 (Prop_D6LUT_SLICEM_I2_O)
                                                      0.099     5.458 r  Delay1No12_instance/shiftedFracY_d1[11]_i_1/O
                         net (fo=1, routed)           0.072     5.530    Sum13_1_impl_instance/FPAddSubOp_instance/shiftedFracY[0]
    SLICE_X122Y458       FDRE                                         r  Sum13_1_impl_instance/FPAddSubOp_instance/shiftedFracY_d1_reg[11]/D
  -------------------------------------------------------------------    -------------------

                         (clock clk rise edge)        4.000     4.000 r  
    AP13                                              0.000     4.000 r  clk (IN)
                         net (fo=0)                   0.000     4.000    clk_IBUF_inst/I
    AP13                 INBUF (Prop_INBUF_HPIOB_M_PAD_O)
                                                      0.349     4.349 r  clk_IBUF_inst/INBUF_INST/O
                         net (fo=1, routed)           0.000     4.349    clk_IBUF_inst/OUT
    AP13                 IBUFCTRL (Prop_IBUFCTRL_HPIOB_M_I_O)
                                                      0.000     4.349 r  clk_IBUF_inst/IBUFCTRL_INST/O
                         net (fo=1, routed)           0.287     4.636    clk_IBUF
    BUFGCE_X0Y170        BUFGCE (Prop_BUFCE_BUFGCE_I_O)
                                                      0.024     4.660 r  clk_IBUF_BUFG_inst/O
    X4Y7 (CLOCK_ROOT)    net (fo=13642, routed)       1.027     5.687    Sum13_1_impl_instance/FPAddSubOp_instance/clk
    SLICE_X122Y458       FDRE                                         r  Sum13_1_impl_instance/FPAddSubOp_instance/shiftedFracY_d1_reg[11]/C
                         clock pessimism              0.359     6.045    
                         clock uncertainty           -0.035     6.010    
    SLICE_X122Y458       FDRE (Setup_DFF_SLICEM_C_D)
                                                      0.025     6.035    Sum13_1_impl_instance/FPAddSubOp_instance/shiftedFracY_d1_reg[11]
  -------------------------------------------------------------------
                         required time                          6.035    
                         arrival time                          -5.530    
  -------------------------------------------------------------------
                         slack                                  0.505    




