Copyright 1986-2018 Xilinx, Inc. All Rights Reserved.
---------------------------------------------------------------------------------------------------------------------------------------------------------------------------------------------------
| Tool Version      : Vivado v.2018.1 (lin64) Build 2188600 Wed Apr  4 18:39:19 MDT 2018
| Date              : Thu Aug 26 10:47:53 2021
| Host              : animal.digi.e-technik.uni-kassel.de running 64-bit AlmaLinux release 8.3 (Purple Manul)
| Command           : report_timing -file /home/nfiege/Repositories/origami/vhdl/ratII/synth/iir_sos16/UniformILPNew/iir_sos16_UniformILPNew_60_ultrascale2_250/implementedSystem_timing_synth.rpt
| Design            : implementedSystem_toplevel
| Device            : xcvu13p-fhga2104
| Speed File        : -2  PRODUCTION 1.19 03-17-2018
| Temperature Grade : E
---------------------------------------------------------------------------------------------------------------------------------------------------------------------------------------------------

Timing Report

Slack (MET) :             0.579ns  (required time - arrival time)
  Source:                 Delay1No21_instance/Y_reg[20]/C
                            (rising edge-triggered cell FDCE clocked by clk  {rise@0.000ns fall@2.000ns period=4.000ns})
  Destination:            Product38_2_impl_instance/SignificandMultiplication/RR__0/DSP_OUTPUT_INST/ALU_OUT[0]
                            (rising edge-triggered cell DSP_OUTPUT clocked by clk  {rise@0.000ns fall@2.000ns period=4.000ns})
  Path Group:             clk
  Path Type:              Setup (Max at Slow Process Corner)
  Requirement:            4.000ns  (clk rise@4.000ns - clk rise@0.000ns)
  Data Path Delay:        3.262ns  (logic 2.152ns (65.972%)  route 1.110ns (34.028%))
  Logic Levels:           7  (DSP_A_B_DATA=1 DSP_ALU=2 DSP_M_DATA=1 DSP_MULTIPLIER=1 DSP_OUTPUT=1 DSP_PREADD_DATA=1)
  Clock Path Skew:        -0.139ns (DCD - SCD + CPR)
    Destination Clock Delay (DCD):    2.206ns = ( 6.206 - 4.000 ) 
    Source Clock Delay      (SCD):    2.701ns
    Clock Pessimism Removal (CPR):    0.356ns
  Clock Uncertainty:      0.035ns  ((TSJ^2 + TIJ^2)^1/2 + DJ) / 2 + PE
    Total System Jitter     (TSJ):    0.071ns
    Total Input Jitter      (TIJ):    0.000ns
    Discrete Jitter          (DJ):    0.000ns
    Phase Error              (PE):    0.000ns
  Clock Net Delay (Source):      1.750ns (routing 0.711ns, distribution 1.039ns)
  Clock Net Delay (Destination): 1.546ns (routing 0.646ns, distribution 0.900ns)

    Location             Delay type                Incr(ns)  Path(ns)    Netlist Resource(s)
  -------------------------------------------------------------------    -------------------
                         (clock clk rise edge)        0.000     0.000 r  
    AP13                                              0.000     0.000 r  clk (IN)
                         net (fo=0)                   0.000     0.000    clk_IBUF_inst/I
    AP13                 INBUF (Prop_INBUF_HPIOB_M_PAD_O)
                                                      0.600     0.600 r  clk_IBUF_inst/INBUF_INST/O
                         net (fo=1, routed)           0.000     0.600    clk_IBUF_inst/OUT
    AP13                 IBUFCTRL (Prop_IBUFCTRL_HPIOB_M_I_O)
                                                      0.000     0.600 r  clk_IBUF_inst/IBUFCTRL_INST/O
                         net (fo=1, routed)           0.323     0.923    clk_IBUF
    BUFGCE_X0Y170        BUFGCE (Prop_BUFCE_BUFGCE_I_O)
                                                      0.028     0.951 r  clk_IBUF_BUFG_inst/O
    X4Y6 (CLOCK_ROOT)    net (fo=14610, routed)       1.750     2.701    Delay1No21_instance/clk_IBUF_BUFG
    SLICE_X117Y449       FDCE                                         r  Delay1No21_instance/Y_reg[20]/C
  -------------------------------------------------------------------    -------------------
    SLICE_X117Y449       FDCE (Prop_AFF_SLICEL_C_Q)
                                                      0.079     2.780 f  Delay1No21_instance/Y_reg[20]/Q
                         net (fo=7, routed)           1.096     3.876    Product38_2_impl_instance/SignificandMultiplication/RR/A[20]
    DSP48E2_X16Y162      DSP_A_B_DATA (Prop_DSP_A_B_DATA_DSP48E2_A[20]_A2_DATA[20])
                                                      0.192     4.068 r  Product38_2_impl_instance/SignificandMultiplication/RR/DSP_A_B_DATA_INST/A2_DATA[20]
                         net (fo=1, routed)           0.000     4.068    Product38_2_impl_instance/SignificandMultiplication/RR/DSP_A_B_DATA.A2_DATA<20>
    DSP48E2_X16Y162      DSP_PREADD_DATA (Prop_DSP_PREADD_DATA_DSP48E2_A2_DATA[20]_A2A1[20])
                                                      0.076     4.144 r  Product38_2_impl_instance/SignificandMultiplication/RR/DSP_PREADD_DATA_INST/A2A1[20]
                         net (fo=1, routed)           0.000     4.144    Product38_2_impl_instance/SignificandMultiplication/RR/DSP_PREADD_DATA.A2A1<20>
    DSP48E2_X16Y162      DSP_MULTIPLIER (Prop_DSP_MULTIPLIER_DSP48E2_A2A1[20]_U[39])
                                                      0.505     4.649 f  Product38_2_impl_instance/SignificandMultiplication/RR/DSP_MULTIPLIER_INST/U[39]
                         net (fo=1, routed)           0.000     4.649    Product38_2_impl_instance/SignificandMultiplication/RR/DSP_MULTIPLIER.U<39>
    DSP48E2_X16Y162      DSP_M_DATA (Prop_DSP_M_DATA_DSP48E2_U[39]_U_DATA[39])
                                                      0.047     4.696 r  Product38_2_impl_instance/SignificandMultiplication/RR/DSP_M_DATA_INST/U_DATA[39]
                         net (fo=1, routed)           0.000     4.696    Product38_2_impl_instance/SignificandMultiplication/RR/DSP_M_DATA.U_DATA<39>
    DSP48E2_X16Y162      DSP_ALU (Prop_DSP_ALU_DSP48E2_U_DATA[39]_ALU_OUT[47])
                                                      0.585     5.281 f  Product38_2_impl_instance/SignificandMultiplication/RR/DSP_ALU_INST/ALU_OUT[47]
                         net (fo=1, routed)           0.000     5.281    Product38_2_impl_instance/SignificandMultiplication/RR/DSP_ALU.ALU_OUT<47>
    DSP48E2_X16Y162      DSP_OUTPUT (Prop_DSP_OUTPUT_DSP48E2_ALU_OUT[47]_PCOUT[47])
                                                      0.122     5.403 r  Product38_2_impl_instance/SignificandMultiplication/RR/DSP_OUTPUT_INST/PCOUT[47]
                         net (fo=1, routed)           0.014     5.417    Product38_2_impl_instance/SignificandMultiplication/RR__0/PCIN[47]
    DSP48E2_X16Y163      DSP_ALU (Prop_DSP_ALU_DSP48E2_PCIN[47]_ALU_OUT[0])
                                                      0.546     5.963 r  Product38_2_impl_instance/SignificandMultiplication/RR__0/DSP_ALU_INST/ALU_OUT[0]
                         net (fo=1, routed)           0.000     5.963    Product38_2_impl_instance/SignificandMultiplication/RR__0/DSP_ALU.ALU_OUT<0>
    DSP48E2_X16Y163      DSP_OUTPUT                                   r  Product38_2_impl_instance/SignificandMultiplication/RR__0/DSP_OUTPUT_INST/ALU_OUT[0]
  -------------------------------------------------------------------    -------------------

                         (clock clk rise edge)        4.000     4.000 r  
    AP13                                              0.000     4.000 r  clk (IN)
                         net (fo=0)                   0.000     4.000    clk_IBUF_inst/I
    AP13                 INBUF (Prop_INBUF_HPIOB_M_PAD_O)
                                                      0.349     4.349 r  clk_IBUF_inst/INBUF_INST/O
                         net (fo=1, routed)           0.000     4.349    clk_IBUF_inst/OUT
    AP13                 IBUFCTRL (Prop_IBUFCTRL_HPIOB_M_I_O)
                                                      0.000     4.349 r  clk_IBUF_inst/IBUFCTRL_INST/O
                         net (fo=1, routed)           0.287     4.636    clk_IBUF
    BUFGCE_X0Y170        BUFGCE (Prop_BUFCE_BUFGCE_I_O)
                                                      0.024     4.660 r  clk_IBUF_BUFG_inst/O
    X4Y6 (CLOCK_ROOT)    net (fo=14610, routed)       1.546     6.206    Product38_2_impl_instance/SignificandMultiplication/RR__0/CLK
    DSP48E2_X16Y163      DSP_OUTPUT                                   r  Product38_2_impl_instance/SignificandMultiplication/RR__0/DSP_OUTPUT_INST/CLK
                         clock pessimism              0.356     6.562    
                         clock uncertainty           -0.035     6.526    
    DSP48E2_X16Y163      DSP_OUTPUT (Setup_DSP_OUTPUT_DSP48E2_CLK_ALU_OUT[0])
                                                      0.015     6.541    Product38_2_impl_instance/SignificandMultiplication/RR__0/DSP_OUTPUT_INST
  -------------------------------------------------------------------
                         required time                          6.541    
                         arrival time                          -5.963    
  -------------------------------------------------------------------
                         slack                                  0.579    




