Copyright 1986-2018 Xilinx, Inc. All Rights Reserved.
---------------------------------------------------------------------------------------------------------------------------------------------------------------------------------------------------
| Tool Version      : Vivado v.2018.1 (lin64) Build 2188600 Wed Apr  4 18:39:19 MDT 2018
| Date              : Thu Aug 26 04:39:07 2021
| Host              : animal.digi.e-technik.uni-kassel.de running 64-bit AlmaLinux release 8.3 (Purple Manul)
| Command           : report_timing -file /home/nfiege/Repositories/origami/vhdl/ratII/synth/iir_sos16/UniformILPNew/iir_sos16_UniformILPNew_72_ultrascale2_250/implementedSystem_timing_synth.rpt
| Design            : implementedSystem_toplevel
| Device            : xcvu13p-fhga2104
| Speed File        : -2  PRODUCTION 1.19 03-17-2018
| Temperature Grade : E
---------------------------------------------------------------------------------------------------------------------------------------------------------------------------------------------------

Timing Report

Slack (MET) :             0.327ns  (required time - arrival time)
  Source:                 SharedReg158_instance/s4_reg_c/C
                            (rising edge-triggered cell FDCE clocked by clk  {rise@0.000ns fall@2.000ns period=4.000ns})
  Destination:            SharedReg192_instance/Y_reg[28]/D
                            (rising edge-triggered cell FDCE clocked by clk  {rise@0.000ns fall@2.000ns period=4.000ns})
  Path Group:             clk
  Path Type:              Setup (Max at Slow Process Corner)
  Requirement:            4.000ns  (clk rise@4.000ns - clk rise@0.000ns)
  Data Path Delay:        3.441ns  (logic 0.225ns (6.539%)  route 3.216ns (93.461%))
  Logic Levels:           1  (LUT2=1)
  Clock Path Skew:        -0.222ns (DCD - SCD + CPR)
    Destination Clock Delay (DCD):    3.353ns = ( 7.353 - 4.000 ) 
    Source Clock Delay      (SCD):    4.039ns
    Clock Pessimism Removal (CPR):    0.464ns
  Clock Uncertainty:      0.035ns  ((TSJ^2 + TIJ^2)^1/2 + DJ) / 2 + PE
    Total System Jitter     (TSJ):    0.071ns
    Total Input Jitter      (TIJ):    0.000ns
    Discrete Jitter          (DJ):    0.000ns
    Phase Error              (PE):    0.000ns
  Clock Net Delay (Source):      3.088ns (routing 1.832ns, distribution 1.256ns)
  Clock Net Delay (Destination): 2.693ns (routing 1.663ns, distribution 1.030ns)

    Location             Delay type                Incr(ns)  Path(ns)    Netlist Resource(s)
  -------------------------------------------------------------------    -------------------
                         (clock clk rise edge)        0.000     0.000 r  
    AP13                                              0.000     0.000 r  clk (IN)
                         net (fo=0)                   0.000     0.000    clk_IBUF_inst/I
    AP13                 INBUF (Prop_INBUF_HPIOB_M_PAD_O)
                                                      0.600     0.600 r  clk_IBUF_inst/INBUF_INST/O
                         net (fo=1, routed)           0.000     0.600    clk_IBUF_inst/OUT
    AP13                 IBUFCTRL (Prop_IBUFCTRL_HPIOB_M_I_O)
                                                      0.000     0.600 r  clk_IBUF_inst/IBUFCTRL_INST/O
                         net (fo=1, routed)           0.323     0.923    clk_IBUF
    BUFGCE_X0Y170        BUFGCE (Prop_BUFCE_BUFGCE_I_O)
                                                      0.028     0.951 r  clk_IBUF_BUFG_inst/O
    X3Y2 (CLOCK_ROOT)    net (fo=16078, routed)       3.088     4.039    SharedReg158_instance/clk_IBUF_BUFG
    SLR Crossing[1->0]   
    SLICE_X130Y116       FDCE                                         r  SharedReg158_instance/s4_reg_c/C
  -------------------------------------------------------------------    -------------------
    SLICE_X130Y116       FDCE (Prop_EFF_SLICEL_C_Q)
                                                      0.079     4.118 r  SharedReg158_instance/s4_reg_c/Q
                         net (fo=160, routed)         3.167     7.285    SharedReg192_instance/s4_reg_c
    SLICE_X125Y161       LUT2 (Prop_D6LUT_SLICEL_I1_O)
                                                      0.146     7.431 r  SharedReg192_instance/s4_reg_gate__2/O
                         net (fo=1, routed)           0.049     7.480    SharedReg192_instance/s4_reg_gate__2_n_0
    SLICE_X125Y161       FDCE                                         r  SharedReg192_instance/Y_reg[28]/D
  -------------------------------------------------------------------    -------------------

                         (clock clk rise edge)        4.000     4.000 r  
    AP13                                              0.000     4.000 r  clk (IN)
                         net (fo=0)                   0.000     4.000    clk_IBUF_inst/I
    AP13                 INBUF (Prop_INBUF_HPIOB_M_PAD_O)
                                                      0.349     4.349 r  clk_IBUF_inst/INBUF_INST/O
                         net (fo=1, routed)           0.000     4.349    clk_IBUF_inst/OUT
    AP13                 IBUFCTRL (Prop_IBUFCTRL_HPIOB_M_I_O)
                                                      0.000     4.349 r  clk_IBUF_inst/IBUFCTRL_INST/O
                         net (fo=1, routed)           0.287     4.636    clk_IBUF
    BUFGCE_X0Y170        BUFGCE (Prop_BUFCE_BUFGCE_I_O)
                                                      0.024     4.660 r  clk_IBUF_BUFG_inst/O
    X3Y2 (CLOCK_ROOT)    net (fo=16078, routed)       2.693     7.353    SharedReg192_instance/clk_IBUF_BUFG
    SLR Crossing[1->0]   
    SLICE_X125Y161       FDCE                                         r  SharedReg192_instance/Y_reg[28]/C
                         clock pessimism              0.464     7.817    
                         clock uncertainty           -0.035     7.781    
    SLICE_X125Y161       FDCE (Setup_DFF_SLICEL_C_D)
                                                      0.025     7.806    SharedReg192_instance/Y_reg[28]
  -------------------------------------------------------------------
                         required time                          7.806    
                         arrival time                          -7.480    
  -------------------------------------------------------------------
                         slack                                  0.327    




