Copyright 1986-2018 Xilinx, Inc. All Rights Reserved.
------------------------------------------------------------------------------------------------------------------------------------------------------------------------------------------------
| Tool Version      : Vivado v.2018.1 (lin64) Build 2188600 Wed Apr  4 18:39:19 MDT 2018
| Date              : Fri Apr 24 06:54:05 2020
| Host              : animal.digi.e-technik.uni-kassel.de running 64-bit CentOS Linux release 7.7.1908 (Core)
| Command           : report_timing -file /home/nfiege/Repositories/origami/vhdl/ratII/synth/ycbcr_tr/NonUniformILP/ycbcr_tr_NonUniformILP_3_ultrascale2_250/implementedSystem_timing_synth.rpt
| Design            : implementedSystem_toplevel
| Device            : xcvu13p-fhga2104
| Speed File        : -2  PRODUCTION 1.19 03-17-2018
| Temperature Grade : E
------------------------------------------------------------------------------------------------------------------------------------------------------------------------------------------------

Timing Report

Slack (MET) :             0.285ns  (required time - arrival time)
  Source:                 SharedReg30_instance/Y_reg[7]/C
                            (rising edge-triggered cell FDCE clocked by clk  {rise@0.000ns fall@2.000ns period=4.000ns})
  Destination:            Delay1No18_instance/Y_reg[7]/D
                            (rising edge-triggered cell FDCE clocked by clk  {rise@0.000ns fall@2.000ns period=4.000ns})
  Path Group:             clk
  Path Type:              Setup (Max at Slow Process Corner)
  Requirement:            4.000ns  (clk rise@4.000ns - clk rise@0.000ns)
  Data Path Delay:        3.444ns  (logic 0.079ns (2.294%)  route 3.365ns (97.706%))
  Logic Levels:           0  
  Clock Path Skew:        -0.074ns (DCD - SCD + CPR)
    Destination Clock Delay (DCD):    2.493ns = ( 6.493 - 4.000 ) 
    Source Clock Delay      (SCD):    2.909ns
    Clock Pessimism Removal (CPR):    0.342ns
  Clock Uncertainty:      0.035ns  ((TSJ^2 + TIJ^2)^1/2 + DJ) / 2 + PE
    Total System Jitter     (TSJ):    0.071ns
    Total Input Jitter      (TIJ):    0.000ns
    Discrete Jitter          (DJ):    0.000ns
    Phase Error              (PE):    0.000ns
  Inter-SLR Compensation: 0.187ns  ((DCD - CCD) * PF)
    Destination Clock Delay (DCD):    2.493ns
    Common Clock Delay      (CCD):    1.249ns
    Prorating Factor         (PF):    0.150
  Clock Net Delay (Source):      1.868ns (routing 0.454ns, distribution 1.414ns)
  Clock Net Delay (Destination): 1.746ns (routing 0.414ns, distribution 1.332ns)

    Location             Delay type                Incr(ns)  Path(ns)    Netlist Resource(s)
  -------------------------------------------------------------------    -------------------
                         (clock clk rise edge)        0.000     0.000 r  
    BC9                                               0.000     0.000 r  clk (IN)
                         net (fo=0)                   0.000     0.000    clk_IBUF_inst/I
    BC9                  INBUF (Prop_INBUF_HPIOB_M_PAD_O)
                                                      0.665     0.665 r  clk_IBUF_inst/INBUF_INST/O
                         net (fo=1, routed)           0.000     0.665    clk_IBUF_inst/OUT
    BC9                  IBUFCTRL (Prop_IBUFCTRL_HPIOB_M_I_O)
                                                      0.000     0.665 r  clk_IBUF_inst/IBUFCTRL_INST/O
                         net (fo=1, routed)           0.348     1.013    clk_IBUF
    BUFGCE_X0Y158        BUFGCE (Prop_BUFCE_BUFGCE_I_O)
                                                      0.028     1.041 r  clk_IBUF_BUFG_inst/O
    X4Y6 (CLOCK_ROOT)    net (fo=4168, routed)        1.868     2.909    SharedReg30_instance/clk_IBUF_BUFG
    SLICE_X134Y446       FDCE                                         r  SharedReg30_instance/Y_reg[7]/C
  -------------------------------------------------------------------    -------------------
    SLICE_X134Y446       FDCE (Prop_AFF_SLICEL_C_Q)
                                                      0.079     2.988 r  SharedReg30_instance/Y_reg[7]/Q
                         net (fo=1, routed)           3.365     6.353    Delay1No18_instance/Y_reg[33]_0[7]
    SLR Crossing[1->2]   
    SLICE_X118Y637       FDCE                                         r  Delay1No18_instance/Y_reg[7]/D
  -------------------------------------------------------------------    -------------------

                         (clock clk rise edge)        4.000     4.000 r  
    BC9                                               0.000     4.000 r  clk (IN)
                         net (fo=0)                   0.000     4.000    clk_IBUF_inst/I
    BC9                  INBUF (Prop_INBUF_HPIOB_M_PAD_O)
                                                      0.414     4.414 r  clk_IBUF_inst/INBUF_INST/O
                         net (fo=1, routed)           0.000     4.414    clk_IBUF_inst/OUT
    BC9                  IBUFCTRL (Prop_IBUFCTRL_HPIOB_M_I_O)
                                                      0.000     4.414 r  clk_IBUF_inst/IBUFCTRL_INST/O
                         net (fo=1, routed)           0.309     4.723    clk_IBUF
    BUFGCE_X0Y158        BUFGCE (Prop_BUFCE_BUFGCE_I_O)
                                                      0.024     4.747 r  clk_IBUF_BUFG_inst/O
    X4Y6 (CLOCK_ROOT)    net (fo=4168, routed)        1.746     6.493    Delay1No18_instance/clk_IBUF_BUFG
    SLR Crossing[1->2]   
    SLICE_X118Y637       FDCE                                         r  Delay1No18_instance/Y_reg[7]/C
                         clock pessimism              0.342     6.835    
                         inter-SLR compensation      -0.187     6.649    
                         clock uncertainty           -0.035     6.614    
    SLICE_X118Y637       FDCE (Setup_GFF2_SLICEM_C_D)
                                                      0.025     6.639    Delay1No18_instance/Y_reg[7]
  -------------------------------------------------------------------
                         required time                          6.639    
                         arrival time                          -6.353    
  -------------------------------------------------------------------
                         slack                                  0.285    




