Copyright 1986-2018 Xilinx, Inc. All Rights Reserved.
-----------------------------------------------------------------------------------------------------------------------------------------------------------------------------------------------
| Tool Version      : Vivado v.2018.1 (lin64) Build 2188600 Wed Apr  4 18:39:19 MDT 2018
| Date              : Thu Aug 26 21:29:49 2021
| Host              : animal.digi.e-technik.uni-kassel.de running 64-bit AlmaLinux release 8.3 (Purple Manul)
| Command           : report_timing -file /home/nfiege/Repositories/origami/vhdl/ratII/synth/fir_SAM/UniformILPNew/fir_SAM_UniformILPNew_86_ultrascale2_250/implementedSystem_timing_synth.rpt
| Design            : implementedSystem_toplevel
| Device            : xcvu13p-fhga2104
| Speed File        : -2  PRODUCTION 1.19 03-17-2018
| Temperature Grade : E
-----------------------------------------------------------------------------------------------------------------------------------------------------------------------------------------------

Timing Report

Slack (MET) :             0.402ns  (required time - arrival time)
  Source:                 ModCount591_instance/count_reg[5]_rep__2/C
                            (rising edge-triggered cell FDCE clocked by clk  {rise@0.000ns fall@2.000ns period=4.000ns})
  Destination:            Delay1No22_instance/Y_reg[33]/D
                            (rising edge-triggered cell FDCE clocked by clk  {rise@0.000ns fall@2.000ns period=4.000ns})
  Path Group:             clk
  Path Type:              Setup (Max at Slow Process Corner)
  Requirement:            4.000ns  (clk rise@4.000ns - clk rise@0.000ns)
  Data Path Delay:        3.445ns  (logic 0.130ns (3.774%)  route 3.315ns (96.226%))
  Logic Levels:           1  (LUT6=1)
  Clock Path Skew:        -0.143ns (DCD - SCD + CPR)
    Destination Clock Delay (DCD):    2.231ns = ( 6.231 - 4.000 ) 
    Source Clock Delay      (SCD):    2.730ns
    Clock Pessimism Removal (CPR):    0.356ns
  Clock Uncertainty:      0.035ns  ((TSJ^2 + TIJ^2)^1/2 + DJ) / 2 + PE
    Total System Jitter     (TSJ):    0.071ns
    Total Input Jitter      (TIJ):    0.000ns
    Discrete Jitter          (DJ):    0.000ns
    Phase Error              (PE):    0.000ns
  Clock Net Delay (Source):      1.779ns (routing 0.711ns, distribution 1.068ns)
  Clock Net Delay (Destination): 1.571ns (routing 0.646ns, distribution 0.925ns)

    Location             Delay type                Incr(ns)  Path(ns)    Netlist Resource(s)
  -------------------------------------------------------------------    -------------------
                         (clock clk rise edge)        0.000     0.000 r  
    AU14                                              0.000     0.000 r  clk (IN)
                         net (fo=0)                   0.000     0.000    clk_IBUF_inst/I
    AU14                 INBUF (Prop_INBUF_HPIOB_M_PAD_O)
                                                      0.600     0.600 r  clk_IBUF_inst/INBUF_INST/O
                         net (fo=1, routed)           0.000     0.600    clk_IBUF_inst/OUT
    AU14                 IBUFCTRL (Prop_IBUFCTRL_HPIOB_M_I_O)
                                                      0.000     0.600 r  clk_IBUF_inst/IBUFCTRL_INST/O
                         net (fo=1, routed)           0.323     0.923    clk_IBUF
    BUFGCE_X0Y170        BUFGCE (Prop_BUFCE_BUFGCE_I_O)
                                                      0.028     0.951 r  clk_IBUF_BUFG_inst/O
    X4Y6 (CLOCK_ROOT)    net (fo=62377, routed)       1.779     2.730    ModCount591_instance/clk_IBUF_BUFG
    SLICE_X131Y372       FDCE                                         r  ModCount591_instance/count_reg[5]_rep__2/C
  -------------------------------------------------------------------    -------------------
    SLICE_X131Y372       FDCE (Prop_EFF_SLICEL_C_Q)
                                                      0.079     2.809 r  ModCount591_instance/count_reg[5]_rep__2/Q
                         net (fo=123, routed)         3.264     6.073    MUX_Sum10_2_impl_0_instance/count_reg[5]_rep__2
    SLICE_X120Y427       LUT6 (Prop_H6LUT_SLICEL_I2_O)
                                                      0.051     6.124 r  MUX_Sum10_2_impl_0_instance/Y[33]_i_1/O
                         net (fo=1, routed)           0.051     6.175    Delay1No22_instance/D[33]
    SLICE_X120Y427       FDCE                                         r  Delay1No22_instance/Y_reg[33]/D
  -------------------------------------------------------------------    -------------------

                         (clock clk rise edge)        4.000     4.000 r  
    AU14                                              0.000     4.000 r  clk (IN)
                         net (fo=0)                   0.000     4.000    clk_IBUF_inst/I
    AU14                 INBUF (Prop_INBUF_HPIOB_M_PAD_O)
                                                      0.349     4.349 r  clk_IBUF_inst/INBUF_INST/O
                         net (fo=1, routed)           0.000     4.349    clk_IBUF_inst/OUT
    AU14                 IBUFCTRL (Prop_IBUFCTRL_HPIOB_M_I_O)
                                                      0.000     4.349 r  clk_IBUF_inst/IBUFCTRL_INST/O
                         net (fo=1, routed)           0.287     4.636    clk_IBUF
    BUFGCE_X0Y170        BUFGCE (Prop_BUFCE_BUFGCE_I_O)
                                                      0.024     4.660 r  clk_IBUF_BUFG_inst/O
    X4Y6 (CLOCK_ROOT)    net (fo=62377, routed)       1.571     6.231    Delay1No22_instance/clk_IBUF_BUFG
    SLICE_X120Y427       FDCE                                         r  Delay1No22_instance/Y_reg[33]/C
                         clock pessimism              0.356     6.587    
                         clock uncertainty           -0.035     6.552    
    SLICE_X120Y427       FDCE (Setup_HFF_SLICEL_C_D)
                                                      0.025     6.577    Delay1No22_instance/Y_reg[33]
  -------------------------------------------------------------------
                         required time                          6.577    
                         arrival time                          -6.175    
  -------------------------------------------------------------------
                         slack                                  0.402    




