Copyright 1986-2018 Xilinx, Inc. All Rights Reserved.
---------------------------------------------------------------------------------------------------------------------------------------------------------------------------
| Tool Version      : Vivado v.2018.1 (lin64) Build 2188600 Wed Apr  4 18:39:19 MDT 2018
| Date              : Mon Apr 20 13:27:52 2020
| Host              : animal.digi.e-technik.uni-kassel.de running 64-bit CentOS Linux release 7.7.1908 (Core)
| Command           : report_timing -file /home/nfiege/Repositories/origami/vhdl/ratII/synth/intII/fir_GM/fir_GM_ED97_5_ultrascale2_250/implementedSystem_timing_synth.rpt
| Design            : implementedSystem_toplevel
| Device            : xcvu13p-fhga2104
| Speed File        : -2  PRODUCTION 1.19 03-17-2018
| Temperature Grade : E
---------------------------------------------------------------------------------------------------------------------------------------------------------------------------

Timing Report

Slack (MET) :             0.290ns  (required time - arrival time)
  Source:                 SharedReg3_instance/Y_reg[22]/C
                            (rising edge-triggered cell FDCE clocked by clk  {rise@0.000ns fall@2.000ns period=4.000ns})
  Destination:            Product3_impl_instance/SignificandMultiplication/RR__0/DSP_OUTPUT_INST/ALU_OUT[0]
                            (rising edge-triggered cell DSP_OUTPUT clocked by clk  {rise@0.000ns fall@2.000ns period=4.000ns})
  Path Group:             clk
  Path Type:              Setup (Max at Slow Process Corner)
  Requirement:            4.000ns  (clk rise@4.000ns - clk rise@0.000ns)
  Data Path Delay:        3.599ns  (logic 2.154ns (59.850%)  route 1.445ns (40.150%))
  Logic Levels:           7  (DSP_A_B_DATA=1 DSP_ALU=2 DSP_M_DATA=1 DSP_MULTIPLIER=1 DSP_OUTPUT=1 DSP_PREADD_DATA=1)
  Clock Path Skew:        -0.090ns (DCD - SCD + CPR)
    Destination Clock Delay (DCD):    2.457ns = ( 6.457 - 4.000 ) 
    Source Clock Delay      (SCD):    2.973ns
    Clock Pessimism Removal (CPR):    0.426ns
  Clock Uncertainty:      0.035ns  ((TSJ^2 + TIJ^2)^1/2 + DJ) / 2 + PE
    Total System Jitter     (TSJ):    0.071ns
    Total Input Jitter      (TIJ):    0.000ns
    Discrete Jitter          (DJ):    0.000ns
    Phase Error              (PE):    0.000ns
  Clock Net Delay (Source):      2.036ns (routing 0.955ns, distribution 1.081ns)
  Clock Net Delay (Destination): 1.810ns (routing 0.868ns, distribution 0.942ns)

    Location             Delay type                Incr(ns)  Path(ns)    Netlist Resource(s)
  -------------------------------------------------------------------    -------------------
                         (clock clk rise edge)        0.000     0.000 r  
    AR14                                              0.000     0.000 r  clk (IN)
                         net (fo=0)                   0.000     0.000    clk_IBUF_inst/I
    AR14                 INBUF (Prop_INBUF_HPIOB_M_PAD_O)
                                                      0.586     0.586 r  clk_IBUF_inst/INBUF_INST/O
                         net (fo=1, routed)           0.000     0.586    clk_IBUF_inst/OUT
    AR14                 IBUFCTRL (Prop_IBUFCTRL_HPIOB_M_I_O)
                                                      0.000     0.586 r  clk_IBUF_inst/IBUFCTRL_INST/O
                         net (fo=1, routed)           0.323     0.909    clk_IBUF
    BUFGCE_X0Y170        BUFGCE (Prop_BUFCE_BUFGCE_I_O)
                                                      0.028     0.937 r  clk_IBUF_BUFG_inst/O
    X3Y6 (CLOCK_ROOT)    net (fo=2601, routed)        2.036     2.973    SharedReg3_instance/clk_IBUF_BUFG
    SLICE_X116Y368       FDCE                                         r  SharedReg3_instance/Y_reg[22]/C
  -------------------------------------------------------------------    -------------------
    SLICE_X116Y368       FDCE (Prop_EFF2_SLICEL_C_Q)
                                                      0.081     3.054 f  SharedReg3_instance/Y_reg[22]/Q
                         net (fo=8, routed)           1.431     4.485    Product3_impl_instance/SignificandMultiplication/RR/A[22]
    DSP48E2_X15Y144      DSP_A_B_DATA (Prop_DSP_A_B_DATA_DSP48E2_A[22]_A2_DATA[22])
                                                      0.192     4.677 r  Product3_impl_instance/SignificandMultiplication/RR/DSP_A_B_DATA_INST/A2_DATA[22]
                         net (fo=1, routed)           0.000     4.677    Product3_impl_instance/SignificandMultiplication/RR/DSP_A_B_DATA.A2_DATA<22>
    DSP48E2_X15Y144      DSP_PREADD_DATA (Prop_DSP_PREADD_DATA_DSP48E2_A2_DATA[22]_A2A1[22])
                                                      0.076     4.753 r  Product3_impl_instance/SignificandMultiplication/RR/DSP_PREADD_DATA_INST/A2A1[22]
                         net (fo=1, routed)           0.000     4.753    Product3_impl_instance/SignificandMultiplication/RR/DSP_PREADD_DATA.A2A1<22>
    DSP48E2_X15Y144      DSP_MULTIPLIER (Prop_DSP_MULTIPLIER_DSP48E2_A2A1[22]_U[41])
                                                      0.505     5.258 f  Product3_impl_instance/SignificandMultiplication/RR/DSP_MULTIPLIER_INST/U[41]
                         net (fo=1, routed)           0.000     5.258    Product3_impl_instance/SignificandMultiplication/RR/DSP_MULTIPLIER.U<41>
    DSP48E2_X15Y144      DSP_M_DATA (Prop_DSP_M_DATA_DSP48E2_U[41]_U_DATA[41])
                                                      0.047     5.305 r  Product3_impl_instance/SignificandMultiplication/RR/DSP_M_DATA_INST/U_DATA[41]
                         net (fo=1, routed)           0.000     5.305    Product3_impl_instance/SignificandMultiplication/RR/DSP_M_DATA.U_DATA<41>
    DSP48E2_X15Y144      DSP_ALU (Prop_DSP_ALU_DSP48E2_U_DATA[41]_ALU_OUT[47])
                                                      0.585     5.890 f  Product3_impl_instance/SignificandMultiplication/RR/DSP_ALU_INST/ALU_OUT[47]
                         net (fo=1, routed)           0.000     5.890    Product3_impl_instance/SignificandMultiplication/RR/DSP_ALU.ALU_OUT<47>
    DSP48E2_X15Y144      DSP_OUTPUT (Prop_DSP_OUTPUT_DSP48E2_ALU_OUT[47]_PCOUT[47])
                                                      0.122     6.012 r  Product3_impl_instance/SignificandMultiplication/RR/DSP_OUTPUT_INST/PCOUT[47]
                         net (fo=1, routed)           0.014     6.026    Product3_impl_instance/SignificandMultiplication/RR__0/PCIN[47]
    DSP48E2_X15Y145      DSP_ALU (Prop_DSP_ALU_DSP48E2_PCIN[47]_ALU_OUT[0])
                                                      0.546     6.572 r  Product3_impl_instance/SignificandMultiplication/RR__0/DSP_ALU_INST/ALU_OUT[0]
                         net (fo=1, routed)           0.000     6.572    Product3_impl_instance/SignificandMultiplication/RR__0/DSP_ALU.ALU_OUT<0>
    DSP48E2_X15Y145      DSP_OUTPUT                                   r  Product3_impl_instance/SignificandMultiplication/RR__0/DSP_OUTPUT_INST/ALU_OUT[0]
  -------------------------------------------------------------------    -------------------

                         (clock clk rise edge)        4.000     4.000 r  
    AR14                                              0.000     4.000 r  clk (IN)
                         net (fo=0)                   0.000     4.000    clk_IBUF_inst/I
    AR14                 INBUF (Prop_INBUF_HPIOB_M_PAD_O)
                                                      0.336     4.336 r  clk_IBUF_inst/INBUF_INST/O
                         net (fo=1, routed)           0.000     4.336    clk_IBUF_inst/OUT
    AR14                 IBUFCTRL (Prop_IBUFCTRL_HPIOB_M_I_O)
                                                      0.000     4.336 r  clk_IBUF_inst/IBUFCTRL_INST/O
                         net (fo=1, routed)           0.287     4.623    clk_IBUF
    BUFGCE_X0Y170        BUFGCE (Prop_BUFCE_BUFGCE_I_O)
                                                      0.024     4.647 r  clk_IBUF_BUFG_inst/O
    X3Y6 (CLOCK_ROOT)    net (fo=2601, routed)        1.810     6.457    Product3_impl_instance/SignificandMultiplication/RR__0/CLK
    DSP48E2_X15Y145      DSP_OUTPUT                                   r  Product3_impl_instance/SignificandMultiplication/RR__0/DSP_OUTPUT_INST/CLK
                         clock pessimism              0.426     6.883    
                         clock uncertainty           -0.035     6.848    
    DSP48E2_X15Y145      DSP_OUTPUT (Setup_DSP_OUTPUT_DSP48E2_CLK_ALU_OUT[0])
                                                      0.015     6.863    Product3_impl_instance/SignificandMultiplication/RR__0/DSP_OUTPUT_INST
  -------------------------------------------------------------------
                         required time                          6.863    
                         arrival time                          -6.572    
  -------------------------------------------------------------------
                         slack                                  0.290    




