Copyright 1986-2018 Xilinx, Inc. All Rights Reserved.
------------------------------------------------------------------------------------------------------------------------------------------------------------------------------------------------------------------------
| Tool Version      : Vivado v.2018.1 (lin64) Build 2188600 Wed Apr  4 18:39:19 MDT 2018
| Date              : Tue Nov 30 11:55:45 2021
| Host              : animal.digi.e-technik.uni-kassel.de running 64-bit AlmaLinux release 8.4 (Electric Cheetah)
| Command           : report_timing -file /home/nfiege/Repositories/origami/vhdl/ratII/synth/mat_inv/UniformILPNew/mat_inv_UniformILPNew_49_wrapper_ultrascale2_250/implementedSystem_toplevel_wrapper_timing_synth.rpt
| Design            : implementedSystem_toplevel_wrapper
| Device            : xcvu13p-fhga2104
| Speed File        : -2  PRODUCTION 1.19 03-17-2018
| Temperature Grade : E
------------------------------------------------------------------------------------------------------------------------------------------------------------------------------------------------------------------------

Timing Report

Slack (MET) :             0.014ns  (required time - arrival time)
  Source:                 DUT/SharedReg2248_instance/s4_reg_c_rep__26/C
                            (rising edge-triggered cell FDCE clocked by clk  {rise@0.000ns fall@2.000ns period=4.000ns})
  Destination:            DUT/Delay50No17_instance/Y_reg[8]/D
                            (rising edge-triggered cell FDCE clocked by clk  {rise@0.000ns fall@2.000ns period=4.000ns})
  Path Group:             clk
  Path Type:              Setup (Max at Slow Process Corner)
  Requirement:            4.000ns  (clk rise@4.000ns - clk rise@0.000ns)
  Data Path Delay:        3.544ns  (logic 0.231ns (6.518%)  route 3.313ns (93.482%))
  Logic Levels:           1  (LUT2=1)
  Clock Path Skew:        -0.432ns (DCD - SCD + CPR)
    Destination Clock Delay (DCD):    2.632ns = ( 6.632 - 4.000 ) 
    Source Clock Delay      (SCD):    3.462ns
    Clock Pessimism Removal (CPR):    0.398ns
  Clock Uncertainty:      0.035ns  ((TSJ^2 + TIJ^2)^1/2 + DJ) / 2 + PE
    Total System Jitter     (TSJ):    0.071ns
    Total Input Jitter      (TIJ):    0.000ns
    Discrete Jitter          (DJ):    0.000ns
    Phase Error              (PE):    0.000ns
  Clock Net Delay (Source):      2.511ns (routing 1.167ns, distribution 1.344ns)
  Clock Net Delay (Destination): 1.972ns (routing 1.060ns, distribution 0.912ns)

    Location             Delay type                Incr(ns)  Path(ns)    Netlist Resource(s)
  -------------------------------------------------------------------    -------------------
                         (clock clk rise edge)        0.000     0.000 r  
    AP13                                              0.000     0.000 r  clk (IN)
                         net (fo=0)                   0.000     0.000    clk_IBUF_inst/I
    AP13                 INBUF (Prop_INBUF_HPIOB_M_PAD_O)
                                                      0.600     0.600 r  clk_IBUF_inst/INBUF_INST/O
                         net (fo=1, routed)           0.000     0.600    clk_IBUF_inst/OUT
    AP13                 IBUFCTRL (Prop_IBUFCTRL_HPIOB_M_I_O)
                                                      0.000     0.600 r  clk_IBUF_inst/IBUFCTRL_INST/O
                         net (fo=1, routed)           0.323     0.923    clk_IBUF
    BUFGCE_X0Y170        BUFGCE (Prop_BUFCE_BUFGCE_I_O)
                                                      0.028     0.951 r  clk_IBUF_BUFG_inst/O
    X3Y5 (CLOCK_ROOT)    net (fo=223691, routed)      2.511     3.462    DUT/SharedReg2248_instance/clk_IBUF_BUFG
    SLICE_X147Y416       FDCE                                         r  DUT/SharedReg2248_instance/s4_reg_c_rep__26/C
  -------------------------------------------------------------------    -------------------
    SLICE_X147Y416       FDCE (Prop_DFF2_SLICEL_C_Q)
                                                      0.081     3.543 r  DUT/SharedReg2248_instance/s4_reg_c_rep__26/Q
                         net (fo=127, routed)         3.262     6.805    DUT/Delay50No17_instance/s4_reg_c_rep__26
    SLICE_X113Y313       LUT2 (Prop_H6LUT_SLICEL_I1_O)
                                                      0.150     6.955 r  DUT/Delay50No17_instance/s4_reg_gate__24/O
                         net (fo=1, routed)           0.051     7.006    DUT/Delay50No17_instance/s4_reg_gate__24_n_0
    SLICE_X113Y313       FDCE                                         r  DUT/Delay50No17_instance/Y_reg[8]/D
  -------------------------------------------------------------------    -------------------

                         (clock clk rise edge)        4.000     4.000 r  
    AP13                                              0.000     4.000 r  clk (IN)
                         net (fo=0)                   0.000     4.000    clk_IBUF_inst/I
    AP13                 INBUF (Prop_INBUF_HPIOB_M_PAD_O)
                                                      0.349     4.349 r  clk_IBUF_inst/INBUF_INST/O
                         net (fo=1, routed)           0.000     4.349    clk_IBUF_inst/OUT
    AP13                 IBUFCTRL (Prop_IBUFCTRL_HPIOB_M_I_O)
                                                      0.000     4.349 r  clk_IBUF_inst/IBUFCTRL_INST/O
                         net (fo=1, routed)           0.287     4.636    clk_IBUF
    BUFGCE_X0Y170        BUFGCE (Prop_BUFCE_BUFGCE_I_O)
                                                      0.024     4.660 r  clk_IBUF_BUFG_inst/O
    X3Y5 (CLOCK_ROOT)    net (fo=223691, routed)      1.972     6.632    DUT/Delay50No17_instance/clk_IBUF_BUFG
    SLICE_X113Y313       FDCE                                         r  DUT/Delay50No17_instance/Y_reg[8]/C
                         clock pessimism              0.398     7.030    
                         clock uncertainty           -0.035     6.994    
    SLICE_X113Y313       FDCE (Setup_HFF_SLICEL_C_D)
                                                      0.025     7.019    DUT/Delay50No17_instance/Y_reg[8]
  -------------------------------------------------------------------
                         required time                          7.019    
                         arrival time                          -7.006    
  -------------------------------------------------------------------
                         slack                                  0.014    




