Copyright 1986-2018 Xilinx, Inc. All Rights Reserved.
-----------------------------------------------------------------------------------------------------------------------------------------------------------------------------------------------
| Tool Version      : Vivado v.2018.1 (lin64) Build 2188600 Wed Apr  4 18:39:19 MDT 2018
| Date              : Sun Dec  6 12:37:35 2020
| Host              : animal.digi.e-technik.uni-kassel.de running 64-bit CentOS Linux release 7.8.2003 (Core)
| Command           : report_timing -file /home/nfiege/Repositories/origami/vhdl/ratII/synth/fir_SAM/NonUniformILP/fir_SAM_NonUniformILP_27_ultrascale2_250/implementedSystem_timing_synth.rpt
| Design            : implementedSystem_toplevel
| Device            : xcvu13p-fhga2104
| Speed File        : -2  PRODUCTION 1.19 03-17-2018
| Temperature Grade : E
-----------------------------------------------------------------------------------------------------------------------------------------------------------------------------------------------

Timing Report

Slack (MET) :             0.348ns  (required time - arrival time)
  Source:                 Delay663No_instance/s32_reg_c/C
                            (rising edge-triggered cell FDCE clocked by clk  {rise@0.000ns fall@2.000ns period=4.000ns})
  Destination:            SharedReg122_instance/Y_reg[22]/D
                            (rising edge-triggered cell FDCE clocked by clk  {rise@0.000ns fall@2.000ns period=4.000ns})
  Path Group:             clk
  Path Type:              Setup (Max at Slow Process Corner)
  Requirement:            4.000ns  (clk rise@4.000ns - clk rise@0.000ns)
  Data Path Delay:        3.549ns  (logic 0.168ns (4.734%)  route 3.381ns (95.266%))
  Logic Levels:           1  (LUT2=1)
  Clock Path Skew:        -0.093ns (DCD - SCD + CPR)
    Destination Clock Delay (DCD):    2.721ns = ( 6.721 - 4.000 ) 
    Source Clock Delay      (SCD):    3.209ns
    Clock Pessimism Removal (CPR):    0.395ns
  Clock Uncertainty:      0.035ns  ((TSJ^2 + TIJ^2)^1/2 + DJ) / 2 + PE
    Total System Jitter     (TSJ):    0.071ns
    Total Input Jitter      (TIJ):    0.000ns
    Discrete Jitter          (DJ):    0.000ns
    Phase Error              (PE):    0.000ns
  Clock Net Delay (Source):      2.258ns (routing 1.147ns, distribution 1.111ns)
  Clock Net Delay (Destination): 2.061ns (routing 1.043ns, distribution 1.018ns)

    Location             Delay type                Incr(ns)  Path(ns)    Netlist Resource(s)
  -------------------------------------------------------------------    -------------------
                         (clock clk rise edge)        0.000     0.000 r  
    AU14                                              0.000     0.000 r  clk (IN)
                         net (fo=0)                   0.000     0.000    clk_IBUF_inst/I
    AU14                 INBUF (Prop_INBUF_HPIOB_M_PAD_O)
                                                      0.600     0.600 r  clk_IBUF_inst/INBUF_INST/O
                         net (fo=1, routed)           0.000     0.600    clk_IBUF_inst/OUT
    AU14                 IBUFCTRL (Prop_IBUFCTRL_HPIOB_M_I_O)
                                                      0.000     0.600 r  clk_IBUF_inst/IBUFCTRL_INST/O
                         net (fo=1, routed)           0.323     0.923    clk_IBUF
    BUFGCE_X0Y170        BUFGCE (Prop_BUFCE_BUFGCE_I_O)
                                                      0.028     0.951 r  clk_IBUF_BUFG_inst/O
    X5Y5 (CLOCK_ROOT)    net (fo=74454, routed)       2.258     3.209    Delay663No_instance/clk
    SLICE_X177Y290       FDCE                                         r  Delay663No_instance/s32_reg_c/C
  -------------------------------------------------------------------    -------------------
    SLICE_X177Y290       FDCE (Prop_EFF_SLICEL_C_Q)
                                                      0.079     3.288 r  Delay663No_instance/s32_reg_c/Q
                         net (fo=147, routed)         3.332     6.620    SharedReg122_instance/s32_reg_c
    SLICE_X183Y403       LUT2 (Prop_D6LUT_SLICEL_I1_O)
                                                      0.089     6.709 r  SharedReg122_instance/s32_reg_gate__10/O
                         net (fo=1, routed)           0.049     6.758    SharedReg122_instance/s32_reg_gate__10_n_0
    SLICE_X183Y403       FDCE                                         r  SharedReg122_instance/Y_reg[22]/D
  -------------------------------------------------------------------    -------------------

                         (clock clk rise edge)        4.000     4.000 r  
    AU14                                              0.000     4.000 r  clk (IN)
                         net (fo=0)                   0.000     4.000    clk_IBUF_inst/I
    AU14                 INBUF (Prop_INBUF_HPIOB_M_PAD_O)
                                                      0.349     4.349 r  clk_IBUF_inst/INBUF_INST/O
                         net (fo=1, routed)           0.000     4.349    clk_IBUF_inst/OUT
    AU14                 IBUFCTRL (Prop_IBUFCTRL_HPIOB_M_I_O)
                                                      0.000     4.349 r  clk_IBUF_inst/IBUFCTRL_INST/O
                         net (fo=1, routed)           0.287     4.636    clk_IBUF
    BUFGCE_X0Y170        BUFGCE (Prop_BUFCE_BUFGCE_I_O)
                                                      0.024     4.660 r  clk_IBUF_BUFG_inst/O
    X5Y5 (CLOCK_ROOT)    net (fo=74454, routed)       2.061     6.721    SharedReg122_instance/clk
    SLICE_X183Y403       FDCE                                         r  SharedReg122_instance/Y_reg[22]/C
                         clock pessimism              0.395     7.116    
                         clock uncertainty           -0.035     7.081    
    SLICE_X183Y403       FDCE (Setup_DFF_SLICEL_C_D)
                                                      0.025     7.106    SharedReg122_instance/Y_reg[22]
  -------------------------------------------------------------------
                         required time                          7.106    
                         arrival time                          -6.758    
  -------------------------------------------------------------------
                         slack                                  0.348    




