Copyright 1986-2018 Xilinx, Inc. All Rights Reserved.
------------------------------------------------------------------------------------------------------------------------------------------------------------------------------------------------
| Tool Version      : Vivado v.2018.1 (lin64) Build 2188600 Wed Apr  4 18:39:19 MDT 2018
| Date              : Fri Aug 27 16:17:58 2021
| Host              : animal.digi.e-technik.uni-kassel.de running 64-bit AlmaLinux release 8.3 (Purple Manul)
| Command           : report_timing -file /home/nfiege/Repositories/origami/vhdl/ratII/synth/fir_SAM/UniformILPNew/fir_SAM_UniformILPNew_278_ultrascale2_250/implementedSystem_timing_synth.rpt
| Design            : implementedSystem_toplevel
| Device            : xcvu13p-fhga2104
| Speed File        : -2  PRODUCTION 1.19 03-17-2018
| Temperature Grade : E
------------------------------------------------------------------------------------------------------------------------------------------------------------------------------------------------

Timing Report

Slack (MET) :             0.495ns  (required time - arrival time)
  Source:                 ModCount151_instance/count_reg[2]_rep__2/C
                            (rising edge-triggered cell FDCE clocked by clk  {rise@0.000ns fall@2.000ns period=4.000ns})
  Destination:            Delay1No7_instance/Y_reg[32]/D
                            (rising edge-triggered cell FDCE clocked by clk  {rise@0.000ns fall@2.000ns period=4.000ns})
  Path Group:             clk
  Path Type:              Setup (Max at Slow Process Corner)
  Requirement:            4.000ns  (clk rise@4.000ns - clk rise@0.000ns)
  Data Path Delay:        3.245ns  (logic 0.289ns (8.906%)  route 2.956ns (91.094%))
  Logic Levels:           3  (LUT3=1 LUT5=1 LUT6=1)
  Clock Path Skew:        -0.249ns (DCD - SCD + CPR)
    Destination Clock Delay (DCD):    3.089ns = ( 7.089 - 4.000 ) 
    Source Clock Delay      (SCD):    3.839ns
    Clock Pessimism Removal (CPR):    0.501ns
  Clock Uncertainty:      0.035ns  ((TSJ^2 + TIJ^2)^1/2 + DJ) / 2 + PE
    Total System Jitter     (TSJ):    0.071ns
    Total Input Jitter      (TIJ):    0.000ns
    Discrete Jitter          (DJ):    0.000ns
    Phase Error              (PE):    0.000ns
  Clock Net Delay (Source):      2.902ns (routing 1.832ns, distribution 1.070ns)
  Clock Net Delay (Destination): 2.442ns (routing 1.663ns, distribution 0.779ns)

    Location             Delay type                Incr(ns)  Path(ns)    Netlist Resource(s)
  -------------------------------------------------------------------    -------------------
                         (clock clk rise edge)        0.000     0.000 r  
    AR14                                              0.000     0.000 r  clk (IN)
                         net (fo=0)                   0.000     0.000    clk_IBUF_inst/I
    AR14                 INBUF (Prop_INBUF_HPIOB_M_PAD_O)
                                                      0.586     0.586 r  clk_IBUF_inst/INBUF_INST/O
                         net (fo=1, routed)           0.000     0.586    clk_IBUF_inst/OUT
    AR14                 IBUFCTRL (Prop_IBUFCTRL_HPIOB_M_I_O)
                                                      0.000     0.586 r  clk_IBUF_inst/IBUFCTRL_INST/O
                         net (fo=1, routed)           0.323     0.909    clk_IBUF
    BUFGCE_X0Y170        BUFGCE (Prop_BUFCE_BUFGCE_I_O)
                                                      0.028     0.937 r  clk_IBUF_BUFG_inst/O
    X3Y2 (CLOCK_ROOT)    net (fo=23617, routed)       2.902     3.839    ModCount151_instance/clk_IBUF_BUFG
    SLR Crossing[1->0]   
    SLICE_X123Y232       FDCE                                         r  ModCount151_instance/count_reg[2]_rep__2/C
  -------------------------------------------------------------------    -------------------
    SLICE_X123Y232       FDCE (Prop_EFF_SLICEL_C_Q)
                                                      0.079     3.918 f  ModCount151_instance/count_reg[2]_rep__2/Q
                         net (fo=104, routed)         1.849     5.767    ModCount151_instance/Y_reg[31]
    SLICE_X110Y189       LUT3 (Prop_H6LUT_SLICEL_I2_O)
                                                      0.051     5.818 r  ModCount151_instance/Y[33]_i_7__5/O
                         net (fo=34, routed)          0.909     6.727    ModCount151_instance/Y[33]_i_7__5_n_0
    SLICE_X112Y234       LUT6 (Prop_H6LUT_SLICEL_I4_O)
                                                      0.124     6.851 r  ModCount151_instance/Y[32]_i_2__7/O
                         net (fo=1, routed)           0.148     6.999    ModCount151_instance/Y[32]_i_2__7_n_0
    SLICE_X112Y232       LUT5 (Prop_C6LUT_SLICEL_I0_O)
                                                      0.035     7.034 r  ModCount151_instance/Y[32]_i_1__8/O
                         net (fo=1, routed)           0.050     7.084    Delay1No7_instance/count_reg[3][32]
    SLICE_X112Y232       FDCE                                         r  Delay1No7_instance/Y_reg[32]/D
  -------------------------------------------------------------------    -------------------

                         (clock clk rise edge)        4.000     4.000 r  
    AR14                                              0.000     4.000 r  clk (IN)
                         net (fo=0)                   0.000     4.000    clk_IBUF_inst/I
    AR14                 INBUF (Prop_INBUF_HPIOB_M_PAD_O)
                                                      0.336     4.336 r  clk_IBUF_inst/INBUF_INST/O
                         net (fo=1, routed)           0.000     4.336    clk_IBUF_inst/OUT
    AR14                 IBUFCTRL (Prop_IBUFCTRL_HPIOB_M_I_O)
                                                      0.000     4.336 r  clk_IBUF_inst/IBUFCTRL_INST/O
                         net (fo=1, routed)           0.287     4.623    clk_IBUF
    BUFGCE_X0Y170        BUFGCE (Prop_BUFCE_BUFGCE_I_O)
                                                      0.024     4.647 r  clk_IBUF_BUFG_inst/O
    X3Y2 (CLOCK_ROOT)    net (fo=23617, routed)       2.442     7.089    Delay1No7_instance/clk_IBUF_BUFG
    SLR Crossing[1->0]   
    SLICE_X112Y232       FDCE                                         r  Delay1No7_instance/Y_reg[32]/C
                         clock pessimism              0.501     7.590    
                         clock uncertainty           -0.035     7.555    
    SLICE_X112Y232       FDCE (Setup_CFF_SLICEL_C_D)
                                                      0.025     7.580    Delay1No7_instance/Y_reg[32]
  -------------------------------------------------------------------
                         required time                          7.580    
                         arrival time                          -7.084    
  -------------------------------------------------------------------
                         slack                                  0.495    




