Copyright 1986-2018 Xilinx, Inc. All Rights Reserved.
------------------------------------------------------------------------------------------------------------------------------------------------------------------------------------------------------------------------------
| Tool Version     : Vivado v.2018.1 (lin64) Build 2188600 Wed Apr  4 18:39:19 MDT 2018
| Date             : Tue Nov 30 03:31:11 2021
| Host             : animal.digi.e-technik.uni-kassel.de running 64-bit AlmaLinux release 8.4 (Electric Cheetah)
| Command          : report_power -file /home/nfiege/Repositories/origami/vhdl/ratII/synth/mat_inv/NonUniformILP/mat_inv_NonUniformILP_136_wrapper_ultrascale2_250/implementedSystem_toplevel_wrapper_power_synth.rpt
| Design           : implementedSystem_toplevel_wrapper
| Device           : xcvu13p-fhga2104-2-e
| Design State     : routed
| Grade            : extended
| Process          : typical
| Characterization : Production
------------------------------------------------------------------------------------------------------------------------------------------------------------------------------------------------------------------------------

Power Report

Table of Contents
-----------------
1. Summary
1.1 On-Chip Components
1.2 Power Supply Summary
1.3 Confidence Level
2. Settings
2.1 Environment
2.2 Clock Constraints
3. Detailed Reports
3.1 By Hierarchy

1. Summary
----------

+--------------------------+--------------+
| Total On-Chip Power (W)  | 8.066        |
| Design Power Budget (W)  | Unspecified* |
| Power Budget Margin (W)  | NA           |
| Dynamic (W)              | 5.018        |
| Device Static (W)        | 3.048        |
| Effective TJA (C/W)      | 0.5          |
| Max Ambient (C)          | 95.6         |
| Junction Temperature (C) | 29.4         |
| Confidence Level         | Low          |
| Setting File             | ---          |
| Simulation Activity File | ---          |
| Design Nets Matched      | NA           |
+--------------------------+--------------+
* Specify Design Power Budget using, set_operating_conditions -design_power_budget <value in Watts>


1.1 On-Chip Components
----------------------

+-------------------------+-----------+----------+-----------+-----------------+
| On-Chip                 | Power (W) | Used     | Available | Utilization (%) |
+-------------------------+-----------+----------+-----------+-----------------+
| Clocks                  |     0.562 |        3 |       --- |             --- |
| CLB Logic               |     2.023 |   145074 |       --- |             --- |
|   LUT as Logic          |     1.111 |    38087 |   1728000 |            2.20 |
|   LUT as Shift Register |     0.715 |    11926 |    791040 |            1.51 |
|   Register              |     0.187 |    77034 |   3456000 |            2.23 |
|   CARRY8                |     0.010 |      822 |    216000 |            0.38 |
|   Others                |     0.000 |     2142 |       --- |             --- |
|   F7/F8 Muxes           |     0.000 |      800 |   1728000 |            0.05 |
|   BUFG                  |     0.000 |        1 |       128 |            0.78 |
| Signals                 |     2.190 |   107327 |       --- |             --- |
| DSPs                    |     0.171 |      110 |     12288 |            0.90 |
| I/O                     |     0.071 |      120 |       832 |           14.42 |
| Static Power            |     3.048 |          |           |                 |
| Total                   |     8.066 |          |           |                 |
+-------------------------+-----------+----------+-----------+-----------------+


1.2 Power Supply Summary
------------------------

+------------+-------------+-----------+-------------+------------+
| Source     | Voltage (V) | Total (A) | Dynamic (A) | Static (A) |
+------------+-------------+-----------+-------------+------------+
| Vccint     |       0.850 |     7.093 |       5.820 |      1.274 |
| Vccint_io  |       0.850 |     0.147 |       0.003 |      0.144 |
| Vccbram    |       0.850 |     0.022 |       0.000 |      0.022 |
| Vccaux     |       1.800 |     0.877 |       0.000 |      0.877 |
| Vccaux_io  |       1.800 |     0.116 |       0.012 |      0.104 |
| Vcco33     |       3.300 |     0.000 |       0.000 |      0.000 |
| Vcco25     |       2.500 |     0.000 |       0.000 |      0.000 |
| Vcco18     |       1.800 |     0.026 |       0.026 |      0.000 |
| Vcco15     |       1.500 |     0.000 |       0.000 |      0.000 |
| Vcco135    |       1.350 |     0.000 |       0.000 |      0.000 |
| Vcco12     |       1.200 |     0.000 |       0.000 |      0.000 |
| Vcco10     |       1.000 |     0.000 |       0.000 |      0.000 |
| Vccadc     |       1.800 |     0.032 |       0.000 |      0.032 |
| MGTYAVcc   |       0.900 |     0.000 |       0.000 |      0.000 |
| MGTYAVtt   |       1.200 |     0.000 |       0.000 |      0.000 |
| MGTYVccaux |       1.800 |     0.000 |       0.000 |      0.000 |
+------------+-------------+-----------+-------------+------------+


1.3 Confidence Level
--------------------

+-----------------------------+------------+--------------------------------------------------------+------------------------------------------------------------------------------------------------------------+
| User Input Data             | Confidence | Details                                                | Action                                                                                                     |
+-----------------------------+------------+--------------------------------------------------------+------------------------------------------------------------------------------------------------------------+
| Design implementation state | High       | Design is routed                                       |                                                                                                            |
| Clock nodes activity        | High       | User specified more than 95% of clocks                 |                                                                                                            |
| I/O nodes activity          | Low        | More than 75% of inputs are missing user specification | Provide missing input activity with simulation results or by editing the "By Resource Type -> I/Os" view   |
| Internal nodes activity     | Medium     | User specified less than 25% of internal nodes         | Provide missing internal nodes activity with simulation results or by editing the "By Resource Type" views |
| Device models               | High       | Device models are Production                           |                                                                                                            |
|                             |            |                                                        |                                                                                                            |
| Overall confidence level    | Low        |                                                        |                                                                                                            |
+-----------------------------+------------+--------------------------------------------------------+------------------------------------------------------------------------------------------------------------+


2. Settings
-----------

2.1 Environment
---------------

+-----------------------+--------------------------+
| Ambient Temp (C)      | 25.0                     |
| ThetaJA (C/W)         | 0.5                      |
| Airflow (LFM)         | 250                      |
| Heat Sink             | medium (Medium Profile)  |
| ThetaSA (C/W)         | 0.7                      |
| Board Selection       | medium (10"x10")         |
| # of Board Layers     | 12to15 (12 to 15 Layers) |
| Board Temperature (C) | 25.0                     |
+-----------------------+--------------------------+


2.2 Clock Constraints
---------------------

+-------+--------+-----------------+
| Clock | Domain | Constraint (ns) |
+-------+--------+-----------------+
| clk   | clk    |             4.0 |
+-------+--------+-----------------+


3. Detailed Reports
-------------------

3.1 By Hierarchy
----------------

+--------------------------------------+-----------+
| Name                                 | Power (W) |
+--------------------------------------+-----------+
| implementedSystem_toplevel_wrapper   |     5.018 |
|   DUT                                |     4.919 |
|     Add101_1_impl_instance           |     0.008 |
|       FPAddSubOp_instance            |     0.008 |
|         LZC_component                |     0.004 |
|         fracAdder                    |     0.001 |
|     Add10_3_impl_instance            |     0.008 |
|       FPAddSubOp_instance            |     0.008 |
|         LZC_component                |     0.004 |
|         fracAdder                    |     0.001 |
|     Add110_1_impl_instance           |     0.008 |
|       FPAddSubOp_instance            |     0.008 |
|         LZC_component                |     0.004 |
|         fracAdder                    |     0.001 |
|     Add110_2_impl_instance           |     0.008 |
|       FPAddSubOp_instance            |     0.008 |
|         LZC_component                |     0.004 |
|         fracAdder                    |     0.001 |
|     Add110_3_impl_instance           |     0.008 |
|       FPAddSubOp_instance            |     0.008 |
|         LZC_component                |     0.004 |
|         fracAdder                    |     0.001 |
|     Add111_1_impl_instance           |     0.008 |
|       FPAddSubOp_instance            |     0.008 |
|         LZC_component                |     0.004 |
|         fracAdder                    |     0.001 |
|     Add111_2_impl_instance           |     0.008 |
|       FPAddSubOp_instance            |     0.008 |
|         LZC_component                |     0.004 |
|         fracAdder                    |     0.001 |
|     Add121_3_impl_instance           |     0.008 |
|       FPAddSubOp_instance            |     0.008 |
|         LZC_component                |     0.004 |
|         fracAdder                    |     0.001 |
|     Add141_0_impl_instance           |     0.008 |
|       FPAddSubOp_instance            |     0.008 |
|         LZC_component                |     0.004 |
|         fracAdder                    |     0.001 |
|     Add141_1_impl_instance           |     0.008 |
|       FPAddSubOp_instance            |     0.008 |
|         LZC_component                |     0.004 |
|         fracAdder                    |     0.001 |
|     Add17_3_impl_instance            |     0.008 |
|       FPAddSubOp_instance            |     0.008 |
|         LZC_component                |     0.004 |
|         fracAdder                    |     0.001 |
|     Add22_3_impl_instance            |     0.008 |
|       FPAddSubOp_instance            |     0.008 |
|         LZC_component                |     0.004 |
|         fracAdder                    |     0.001 |
|     Add30_0_impl_instance            |     0.008 |
|       FPAddSubOp_instance            |     0.008 |
|         LZC_component                |     0.004 |
|         fracAdder                    |     0.001 |
|     Add30_1_impl_instance            |     0.008 |
|       FPAddSubOp_instance            |     0.008 |
|         LZC_component                |     0.004 |
|         fracAdder                    |     0.001 |
|     Add30_2_impl_instance            |     0.008 |
|       FPAddSubOp_instance            |     0.008 |
|         LZC_component                |     0.004 |
|         fracAdder                    |     0.001 |
|     Add30_3_impl_instance            |     0.008 |
|       FPAddSubOp_instance            |     0.008 |
|         LZC_component                |     0.004 |
|         fracAdder                    |     0.001 |
|     Delay100No1_instance             |     0.003 |
|     Delay100No2_instance             |     0.001 |
|     Delay100No4_instance             |    <0.001 |
|     Delay100No_instance              |    <0.001 |
|     Delay101No_instance              |     0.001 |
|     Delay103No1_instance             |    <0.001 |
|     Delay103No_instance              |    <0.001 |
|     Delay107No1_instance             |     0.001 |
|     Delay107No_instance              |     0.001 |
|     Delay108No1_instance             |     0.001 |
|     Delay108No2_instance             |     0.002 |
|     Delay108No_instance              |     0.001 |
|     Delay111No_instance              |     0.001 |
|     Delay12No12_instance             |     0.002 |
|     Delay12No15_instance             |    <0.001 |
|     Delay13No41_instance             |    <0.001 |
|     Delay14No10_instance             |     0.002 |
|     Delay16No_instance               |     0.002 |
|     Delay18No2_instance              |    <0.001 |
|     Delay19No_instance               |     0.002 |
|     Delay1No100_instance             |     0.005 |
|     Delay1No101_instance             |     0.004 |
|     Delay1No102_instance             |     0.002 |
|     Delay1No103_instance             |     0.004 |
|     Delay1No105_instance             |     0.003 |
|     Delay1No107_instance             |     0.003 |
|     Delay1No109_instance             |     0.005 |
|     Delay1No10_instance              |     0.001 |
|     Delay1No111_instance             |     0.003 |
|     Delay1No112_instance             |     0.002 |
|     Delay1No113_instance             |     0.005 |
|     Delay1No114_instance             |     0.003 |
|     Delay1No115_instance             |     0.009 |
|     Delay1No116_instance             |     0.003 |
|     Delay1No117_instance             |     0.003 |
|     Delay1No118_instance             |     0.005 |
|     Delay1No119_instance             |     0.005 |
|     Delay1No11_instance              |    <0.001 |
|     Delay1No120_instance             |     0.004 |
|     Delay1No122_instance             |     0.004 |
|     Delay1No126_instance             |     0.005 |
|     Delay1No128_instance             |     0.006 |
|     Delay1No129_instance             |     0.008 |
|     Delay1No12_instance              |     0.001 |
|     Delay1No130_instance             |     0.006 |
|     Delay1No131_instance             |     0.008 |
|     Delay1No132_instance             |     0.006 |
|     Delay1No133_instance             |     0.007 |
|     Delay1No134_instance             |     0.006 |
|     Delay1No135_instance             |     0.008 |
|     Delay1No136_instance             |     0.006 |
|     Delay1No137_instance             |     0.008 |
|     Delay1No138_instance             |     0.006 |
|     Delay1No139_instance             |     0.008 |
|     Delay1No13_instance              |     0.002 |
|     Delay1No140_instance             |     0.006 |
|     Delay1No141_instance             |     0.008 |
|     Delay1No142_instance             |     0.006 |
|     Delay1No143_instance             |     0.008 |
|     Delay1No144_instance             |     0.006 |
|     Delay1No145_instance             |     0.008 |
|     Delay1No146_instance             |     0.006 |
|     Delay1No147_instance             |     0.008 |
|     Delay1No148_instance             |     0.005 |
|     Delay1No149_instance             |     0.007 |
|     Delay1No14_instance              |     0.001 |
|     Delay1No150_instance             |     0.006 |
|     Delay1No151_instance             |     0.008 |
|     Delay1No152_instance             |     0.006 |
|     Delay1No153_instance             |     0.009 |
|     Delay1No154_instance             |     0.006 |
|     Delay1No155_instance             |     0.008 |
|     Delay1No156_instance             |     0.006 |
|     Delay1No157_instance             |     0.008 |
|     Delay1No158_instance             |     0.001 |
|     Delay1No159_instance             |     0.001 |
|     Delay1No15_instance              |     0.001 |
|     Delay1No160_instance             |     0.001 |
|     Delay1No161_instance             |    <0.001 |
|     Delay1No162_instance             |     0.001 |
|     Delay1No163_instance             |     0.001 |
|     Delay1No164_instance             |     0.001 |
|     Delay1No165_instance             |     0.001 |
|     Delay1No166_instance             |     0.001 |
|     Delay1No167_instance             |     0.001 |
|     Delay1No168_instance             |     0.001 |
|     Delay1No169_instance             |     0.001 |
|     Delay1No16_instance              |     0.001 |
|     Delay1No170_instance             |     0.001 |
|     Delay1No171_instance             |    <0.001 |
|     Delay1No172_instance             |     0.001 |
|     Delay1No173_instance             |    <0.001 |
|     Delay1No174_instance             |     0.001 |
|     Delay1No175_instance             |     0.001 |
|     Delay1No176_instance             |     0.001 |
|     Delay1No177_instance             |     0.001 |
|     Delay1No178_instance             |     0.001 |
|     Delay1No179_instance             |    <0.001 |
|     Delay1No17_instance              |     0.001 |
|     Delay1No180_instance             |     0.001 |
|     Delay1No181_instance             |    <0.001 |
|     Delay1No182_instance             |     0.001 |
|     Delay1No183_instance             |    <0.001 |
|     Delay1No184_instance             |    <0.001 |
|     Delay1No185_instance             |     0.001 |
|     Delay1No186_instance             |     0.006 |
|     Delay1No187_instance             |     0.009 |
|     Delay1No188_instance             |     0.006 |
|     Delay1No189_instance             |     0.009 |
|     Delay1No18_instance              |     0.002 |
|     Delay1No190_instance             |     0.006 |
|     Delay1No191_instance             |     0.009 |
|     Delay1No192_instance             |     0.006 |
|     Delay1No193_instance             |     0.009 |
|     Delay1No194_instance             |     0.006 |
|     Delay1No195_instance             |     0.007 |
|     Delay1No196_instance             |    <0.001 |
|     Delay1No197_instance             |     0.003 |
|     Delay1No198_instance             |    <0.001 |
|     Delay1No199_instance             |     0.001 |
|     Delay1No19_instance              |    <0.001 |
|     Delay1No1_instance               |     0.001 |
|     Delay1No20_instance              |     0.001 |
|     Delay1No215_instance             |    <0.001 |
|     Delay1No216_instance             |    <0.001 |
|     Delay1No217_instance             |    <0.001 |
|     Delay1No218_instance             |    <0.001 |
|     Delay1No219_instance             |    <0.001 |
|     Delay1No21_instance              |     0.001 |
|     Delay1No220_instance             |    <0.001 |
|     Delay1No221_instance             |    <0.001 |
|     Delay1No222_instance             |    <0.001 |
|     Delay1No223_instance             |    <0.001 |
|     Delay1No224_instance             |    <0.001 |
|     Delay1No22_instance              |     0.001 |
|     Delay1No23_instance              |     0.001 |
|     Delay1No24_instance              |     0.001 |
|     Delay1No25_instance              |     0.001 |
|     Delay1No26_instance              |     0.001 |
|     Delay1No27_instance              |    <0.001 |
|     Delay1No28_instance              |     0.001 |
|     Delay1No29_instance              |     0.001 |
|     Delay1No2_instance               |     0.001 |
|     Delay1No30_instance              |    <0.001 |
|     Delay1No31_instance              |    <0.001 |
|     Delay1No32_instance              |     0.001 |
|     Delay1No33_instance              |    <0.001 |
|     Delay1No34_instance              |     0.002 |
|     Delay1No35_instance              |     0.001 |
|     Delay1No36_instance              |     0.001 |
|     Delay1No37_instance              |    <0.001 |
|     Delay1No38_instance              |     0.001 |
|     Delay1No39_instance              |     0.001 |
|     Delay1No3_instance               |     0.001 |
|     Delay1No40_instance              |     0.002 |
|     Delay1No41_instance              |     0.002 |
|     Delay1No42_instance              |     0.001 |
|     Delay1No43_instance              |     0.001 |
|     Delay1No44_instance              |     0.001 |
|     Delay1No45_instance              |    <0.001 |
|     Delay1No46_instance              |     0.001 |
|     Delay1No47_instance              |     0.001 |
|     Delay1No48_instance              |     0.002 |
|     Delay1No49_instance              |     0.001 |
|     Delay1No4_instance               |     0.001 |
|     Delay1No50_instance              |     0.001 |
|     Delay1No51_instance              |    <0.001 |
|     Delay1No52_instance              |     0.001 |
|     Delay1No53_instance              |    <0.001 |
|     Delay1No54_instance              |     0.001 |
|     Delay1No55_instance              |     0.001 |
|     Delay1No56_instance              |     0.001 |
|     Delay1No57_instance              |     0.001 |
|     Delay1No58_instance              |     0.001 |
|     Delay1No59_instance              |     0.001 |
|     Delay1No5_instance               |     0.001 |
|     Delay1No60_instance              |    <0.001 |
|     Delay1No61_instance              |     0.001 |
|     Delay1No62_instance              |     0.001 |
|     Delay1No63_instance              |     0.001 |
|     Delay1No64_instance              |     0.001 |
|     Delay1No65_instance              |     0.001 |
|     Delay1No66_instance              |     0.001 |
|     Delay1No67_instance              |     0.001 |
|     Delay1No68_instance              |     0.001 |
|     Delay1No69_instance              |    <0.001 |
|     Delay1No6_instance               |     0.001 |
|     Delay1No70_instance              |     0.001 |
|     Delay1No71_instance              |    <0.001 |
|     Delay1No72_instance              |     0.001 |
|     Delay1No73_instance              |    <0.001 |
|     Delay1No74_instance              |     0.001 |
|     Delay1No75_instance              |     0.001 |
|     Delay1No76_instance              |     0.001 |
|     Delay1No77_instance              |    <0.001 |
|     Delay1No78_instance              |     0.001 |
|     Delay1No79_instance              |     0.001 |
|     Delay1No7_instance               |     0.001 |
|     Delay1No80_instance              |     0.003 |
|     Delay1No81_instance              |     0.003 |
|     Delay1No82_instance              |     0.002 |
|     Delay1No83_instance              |     0.005 |
|     Delay1No84_instance              |     0.003 |
|     Delay1No85_instance              |     0.004 |
|     Delay1No86_instance              |     0.003 |
|     Delay1No87_instance              |     0.004 |
|     Delay1No88_instance              |     0.004 |
|     Delay1No89_instance              |     0.003 |
|     Delay1No8_instance               |    <0.001 |
|     Delay1No90_instance              |     0.002 |
|     Delay1No91_instance              |     0.005 |
|     Delay1No92_instance              |     0.005 |
|     Delay1No93_instance              |     0.002 |
|     Delay1No94_instance              |     0.004 |
|     Delay1No95_instance              |     0.004 |
|     Delay1No97_instance              |     0.004 |
|     Delay1No98_instance              |     0.002 |
|     Delay1No99_instance              |     0.005 |
|     Delay1No9_instance               |     0.001 |
|     Delay1No_instance                |     0.001 |
|     Delay3No10_instance              |     0.001 |
|     Delay3No2_instance               |     0.001 |
|     Delay40No_instance               |     0.004 |
|     Delay48No_instance               |     0.004 |
|     Delay4No7_instance               |     0.002 |
|     Delay4No9_instance               |     0.002 |
|     Delay50No_instance               |     0.006 |
|     Delay54No_instance               |     0.004 |
|     Delay56No3_instance              |     0.006 |
|     Delay58No1_instance              |     0.004 |
|     Delay59No_instance               |     0.006 |
|     Delay63No_instance               |     0.006 |
|     Delay64No4_instance              |     0.006 |
|     Delay65No1_instance              |     0.004 |
|     Delay67No1_instance              |     0.004 |
|     Delay68No3_instance              |     0.004 |
|     Delay68No4_instance              |     0.004 |
|     Delay6No4_instance               |     0.002 |
|     Delay6No9_instance               |     0.002 |
|     Delay6No_instance                |     0.002 |
|     Delay71No6_instance              |    <0.001 |
|     Delay73No2_instance              |     0.006 |
|     Delay73No_instance               |     0.005 |
|     Delay75No1_instance              |     0.002 |
|     Delay76No2_instance              |     0.004 |
|     Delay77No2_instance              |     0.004 |
|     Delay78No1_instance              |     0.002 |
|     Delay79No4_instance              |     0.002 |
|     Delay79No5_instance              |    <0.001 |
|     Delay79No7_instance              |     0.006 |
|     Delay79No8_instance              |     0.006 |
|     Delay79No_instance               |     0.001 |
|     Delay7No16_instance              |     0.002 |
|     Delay7No7_instance               |     0.002 |
|     Delay7No_instance                |     0.002 |
|     Delay80No1_instance              |     0.002 |
|     Delay80No2_instance              |     0.002 |
|     Delay80No9_instance              |     0.006 |
|     Delay81No8_instance              |    <0.001 |
|     Delay81No9_instance              |     0.004 |
|     Delay82No6_instance              |     0.004 |
|     Delay82No7_instance              |     0.006 |
|     Delay83No4_instance              |     0.004 |
|     Delay83No5_instance              |    <0.001 |
|     Delay84No1_instance              |     0.004 |
|     Delay84No4_instance              |     0.001 |
|     Delay85No2_instance              |     0.004 |
|     Delay85No3_instance              |     0.003 |
|     Delay85No4_instance              |     0.004 |
|     Delay85No5_instance              |     0.004 |
|     Delay86No6_instance              |     0.004 |
|     Delay87No3_instance              |     0.002 |
|     Delay87No5_instance              |     0.006 |
|     Delay87No6_instance              |    <0.001 |
|     Delay87No7_instance              |     0.004 |
|     Delay87No8_instance              |     0.006 |
|     Delay87No_instance               |     0.002 |
|     Delay88No2_instance              |     0.001 |
|     Delay89No1_instance              |     0.004 |
|     Delay89No2_instance              |     0.008 |
|     Delay90No1_instance              |     0.002 |
|     Delay90No2_instance              |     0.004 |
|     Delay90No3_instance              |     0.004 |
|     Delay90No4_instance              |     0.004 |
|     Delay90No_instance               |     0.001 |
|     Delay91No_instance               |     0.004 |
|     Delay92No_instance               |     0.004 |
|     Delay93No1_instance              |     0.001 |
|     Delay93No2_instance              |     0.001 |
|     Delay93No3_instance              |     0.001 |
|     Delay93No4_instance              |     0.001 |
|     Delay93No5_instance              |     0.004 |
|     Delay93No6_instance              |     0.004 |
|     Delay94No1_instance              |     0.001 |
|     Delay94No3_instance              |     0.001 |
|     Delay94No4_instance              |     0.006 |
|     Delay94No5_instance              |     0.004 |
|     Delay94No6_instance              |     0.004 |
|     Delay95No_instance               |     0.004 |
|     Delay96No2_instance              |    <0.001 |
|     Delay96No3_instance              |     0.006 |
|     Delay96No4_instance              |     0.004 |
|     Delay96No6_instance              |     0.004 |
|     Delay96No7_instance              |     0.004 |
|     Delay97No1_instance              |     0.004 |
|     Delay97No2_instance              |     0.002 |
|     Delay97No3_instance              |     0.004 |
|     Delay97No_instance               |    <0.001 |
|     Delay98No1_instance              |     0.005 |
|     Delay98No2_instance              |     0.006 |
|     Delay98No_instance               |     0.004 |
|     Delay99No1_instance              |     0.002 |
|     Divide_0_impl_instance           |     0.148 |
|       SelFunctionTable1              |     0.001 |
|       SelFunctionTable2              |     0.001 |
|       SelFunctionTable3              |     0.001 |
|       SelFunctionTable4              |     0.001 |
|       SelFunctionTable5              |     0.001 |
|       SelFunctionTable6              |    <0.001 |
|       SelFunctionTable7              |     0.001 |
|       SelFunctionTable8              |     0.001 |
|     Inv_41_0_instance                |    <0.001 |
|     Ldiff_UV_del_1_1_instance        |    <0.001 |
|     MUX_Add101_1_impl_1_instance     |     0.008 |
|     MUX_Add10_3_impl_1_instance      |     0.002 |
|     MUX_Add110_1_impl_1_instance     |     0.007 |
|     MUX_Add110_2_impl_0_instance     |     0.008 |
|     MUX_Add110_2_impl_1_instance     |     0.007 |
|     MUX_Add110_3_impl_0_instance     |     0.007 |
|     MUX_Add110_3_impl_1_instance     |     0.007 |
|     MUX_Add111_1_impl_1_instance     |     0.007 |
|     MUX_Add111_2_impl_0_instance     |     0.007 |
|     MUX_Add111_2_impl_1_instance     |     0.007 |
|     MUX_Add121_3_impl_0_instance     |     0.002 |
|     MUX_Add121_3_impl_1_instance     |     0.003 |
|     MUX_Add141_0_impl_0_instance     |     0.008 |
|     MUX_Add141_0_impl_1_instance     |     0.008 |
|     MUX_Add141_1_impl_0_instance     |     0.008 |
|     MUX_Add141_1_impl_1_instance     |     0.008 |
|     MUX_Add17_3_impl_0_instance      |     0.007 |
|     MUX_Add17_3_impl_1_instance      |     0.007 |
|     MUX_Add22_3_impl_0_instance      |     0.007 |
|     MUX_Add22_3_impl_1_instance      |     0.008 |
|     MUX_Add30_0_impl_1_instance      |     0.008 |
|     MUX_Add30_1_impl_1_instance      |     0.008 |
|     MUX_Add30_2_impl_0_instance      |     0.007 |
|     MUX_Add30_3_impl_0_instance      |     0.007 |
|     MUX_Add30_3_impl_1_instance      |     0.007 |
|     MUX_Divide_0_impl_0_instance     |    <0.001 |
|     MUX_Product103_2_impl_1_instance |     0.004 |
|     MUX_Product103_3_impl_1_instance |     0.004 |
|     MUX_Product106_3_impl_0_instance |     0.006 |
|     MUX_Product106_3_impl_1_instance |     0.002 |
|     MUX_Product107_3_impl_1_instance |     0.002 |
|     MUX_Product108_0_impl_0_instance |     0.006 |
|     MUX_Product108_0_impl_1_instance |     0.004 |
|     MUX_Product108_1_impl_1_instance |     0.004 |
|     MUX_Product108_2_impl_0_instance |     0.007 |
|     MUX_Product108_3_impl_0_instance |     0.005 |
|     MUX_Product108_3_impl_1_instance |     0.005 |
|     MUX_Product109_0_impl_1_instance |     0.004 |
|     MUX_Product109_1_impl_1_instance |     0.003 |
|     MUX_Product109_2_impl_1_instance |     0.004 |
|     MUX_Product109_3_impl_0_instance |     0.006 |
|     MUX_Product109_3_impl_1_instance |     0.005 |
|     MUX_Product110_0_impl_0_instance |     0.005 |
|     MUX_Product110_0_impl_1_instance |     0.004 |
|     MUX_Product110_1_impl_1_instance |     0.003 |
|     MUX_Product110_2_impl_1_instance |     0.005 |
|     MUX_Product110_3_impl_1_instance |     0.004 |
|     MUX_Product111_0_impl_1_instance |     0.003 |
|     MUX_Product111_1_impl_1_instance |     0.004 |
|     MUX_Product111_2_impl_0_instance |     0.005 |
|     MUX_Product111_2_impl_1_instance |     0.003 |
|     MUX_Product111_3_impl_0_instance |     0.005 |
|     MUX_Product111_3_impl_1_instance |     0.003 |
|     MUX_Product112_1_impl_0_instance |     0.006 |
|     MUX_Product112_1_impl_1_instance |     0.001 |
|     MUX_Product112_2_impl_1_instance |     0.002 |
|     MUX_Product113_3_impl_0_instance |     0.006 |
|     MUX_Product113_3_impl_1_instance |     0.004 |
|     MUX_Product114_3_impl_1_instance |     0.004 |
|     MUX_Product181_2_impl_1_instance |     0.004 |
|     MUX_Product210_0_impl_0_instance |     0.005 |
|     MUX_Product210_0_impl_1_instance |     0.003 |
|     MUX_Product210_1_impl_0_instance |     0.007 |
|     MUX_Product210_1_impl_1_instance |     0.003 |
|     MUX_Product210_2_impl_1_instance |     0.003 |
|     MUX_Product210_3_impl_0_instance |     0.005 |
|     MUX_Product210_3_impl_1_instance |     0.004 |
|     MUX_Product310_0_impl_0_instance |     0.006 |
|     MUX_Product310_0_impl_1_instance |     0.005 |
|     MUX_Product310_1_impl_0_instance |     0.007 |
|     MUX_Product310_2_impl_1_instance |     0.002 |
|     MUX_Product310_3_impl_0_instance |     0.006 |
|     MUX_Product310_3_impl_1_instance |     0.004 |
|     MUX_Product3_3_impl_0_instance   |     0.003 |
|     MUX_Product3_3_impl_1_instance   |     0.002 |
|     MUX_Product410_0_impl_1_instance |     0.002 |
|     MUX_Product410_2_impl_0_instance |     0.006 |
|     MUX_Product410_2_impl_1_instance |     0.002 |
|     MUX_Product410_3_impl_0_instance |     0.005 |
|     MUX_Product410_3_impl_1_instance |     0.004 |
|     MUX_Product461_3_impl_1_instance |     0.002 |
|     MUX_Product510_0_impl_1_instance |     0.004 |
|     MUX_Product510_1_impl_0_instance |     0.006 |
|     MUX_Product510_2_impl_0_instance |     0.005 |
|     MUX_Product510_2_impl_1_instance |     0.004 |
|     MUX_Product510_3_impl_0_instance |     0.007 |
|     MUX_Product510_3_impl_1_instance |     0.003 |
|     MUX_Product610_1_impl_1_instance |     0.005 |
|     MUX_Product610_3_impl_0_instance |     0.007 |
|     MUX_Product610_3_impl_1_instance |     0.004 |
|     MUX_Product68_3_impl_1_instance  |     0.002 |
|     MUX_Product710_1_impl_0_instance |     0.005 |
|     MUX_Product710_1_impl_1_instance |     0.003 |
|     MUX_Product710_3_impl_0_instance |     0.004 |
|     MUX_Product710_3_impl_1_instance |     0.002 |
|     MUX_Product810_3_impl_1_instance |     0.004 |
|     MUX_Product910_1_impl_1_instance |     0.004 |
|     MUX_Product910_3_impl_0_instance |     0.007 |
|     MUX_Product910_3_impl_1_instance |     0.004 |
|     MUX_Product911_3_impl_1_instance |     0.002 |
|     MUX_Product97_3_impl_0_instance  |     0.007 |
|     MUX_Product97_3_impl_1_instance  |     0.003 |
|     MUX_Subtract12_0_impl_0_instance |     0.008 |
|     MUX_Subtract12_0_impl_1_instance |     0.007 |
|     MUX_Subtract12_1_impl_1_instance |     0.008 |
|     MUX_Subtract12_2_impl_0_instance |     0.008 |
|     MUX_Subtract12_2_impl_1_instance |     0.007 |
|     MUX_Subtract1_3_impl_0_instance  |     0.008 |
|     MUX_Subtract1_3_impl_1_instance  |     0.007 |
|     ModCount131_instance             |     0.588 |
|     Product103_2_impl_instance       |     0.007 |
|       SignificandMultiplication      |     0.005 |
|     Product103_3_impl_instance       |     0.007 |
|       SignificandMultiplication      |     0.005 |
|     Product106_3_impl_instance       |     0.006 |
|       SignificandMultiplication      |     0.004 |
|     Product107_3_impl_instance       |     0.007 |
|       SignificandMultiplication      |     0.004 |
|     Product108_0_impl_instance       |     0.007 |
|       SignificandMultiplication      |     0.005 |
|     Product108_1_impl_instance       |     0.007 |
|       SignificandMultiplication      |     0.005 |
|     Product108_2_impl_instance       |     0.007 |
|       SignificandMultiplication      |     0.005 |
|     Product108_3_impl_instance       |     0.007 |
|       SignificandMultiplication      |     0.005 |
|     Product109_0_impl_instance       |     0.007 |
|       SignificandMultiplication      |     0.004 |
|     Product109_1_impl_instance       |     0.006 |
|       SignificandMultiplication      |     0.004 |
|     Product109_2_impl_instance       |     0.007 |
|       SignificandMultiplication      |     0.005 |
|     Product109_3_impl_instance       |     0.007 |
|       SignificandMultiplication      |     0.005 |
|     Product110_0_impl_instance       |     0.007 |
|       SignificandMultiplication      |     0.004 |
|     Product110_1_impl_instance       |     0.007 |
|       SignificandMultiplication      |     0.005 |
|     Product110_2_impl_instance       |     0.007 |
|       SignificandMultiplication      |     0.005 |
|     Product110_3_impl_instance       |     0.007 |
|       SignificandMultiplication      |     0.005 |
|     Product111_0_impl_instance       |     0.007 |
|       SignificandMultiplication      |     0.004 |
|     Product111_1_impl_instance       |     0.007 |
|       SignificandMultiplication      |     0.005 |
|     Product111_2_impl_instance       |     0.007 |
|       SignificandMultiplication      |     0.004 |
|     Product111_3_impl_instance       |     0.007 |
|       SignificandMultiplication      |     0.005 |
|     Product112_1_impl_instance       |     0.007 |
|       SignificandMultiplication      |     0.005 |
|     Product112_2_impl_instance       |     0.007 |
|       SignificandMultiplication      |     0.004 |
|     Product113_2_impl_instance       |     0.007 |
|       SignificandMultiplication      |     0.005 |
|     Product113_3_impl_instance       |     0.007 |
|       SignificandMultiplication      |     0.005 |
|     Product114_3_impl_instance       |     0.007 |
|       SignificandMultiplication      |     0.005 |
|     Product181_2_impl_instance       |     0.007 |
|       SignificandMultiplication      |     0.005 |
|     Product210_0_impl_instance       |     0.007 |
|       SignificandMultiplication      |     0.004 |
|     Product210_1_impl_instance       |     0.007 |
|       SignificandMultiplication      |     0.005 |
|     Product210_2_impl_instance       |     0.006 |
|       SignificandMultiplication      |     0.004 |
|     Product210_3_impl_instance       |     0.007 |
|       SignificandMultiplication      |     0.005 |
|     Product310_0_impl_instance       |     0.007 |
|       SignificandMultiplication      |     0.005 |
|     Product310_1_impl_instance       |     0.007 |
|       SignificandMultiplication      |     0.005 |
|     Product310_2_impl_instance       |     0.007 |
|       SignificandMultiplication      |     0.004 |
|     Product310_3_impl_instance       |     0.007 |
|       SignificandMultiplication      |     0.005 |
|     Product3_3_impl_instance         |     0.006 |
|       SignificandMultiplication      |     0.004 |
|     Product410_0_impl_instance       |     0.007 |
|       SignificandMultiplication      |     0.005 |
|     Product410_1_impl_instance       |     0.007 |
|       SignificandMultiplication      |     0.004 |
|     Product410_2_impl_instance       |     0.006 |
|       SignificandMultiplication      |     0.004 |
|     Product410_3_impl_instance       |     0.007 |
|       SignificandMultiplication      |     0.005 |
|     Product461_3_impl_instance       |     0.007 |
|       SignificandMultiplication      |     0.005 |
|     Product510_0_impl_instance       |     0.007 |
|       SignificandMultiplication      |     0.004 |
|     Product510_1_impl_instance       |     0.007 |
|       SignificandMultiplication      |     0.004 |
|     Product510_2_impl_instance       |     0.007 |
|       SignificandMultiplication      |     0.005 |
|     Product510_3_impl_instance       |     0.007 |
|       SignificandMultiplication      |     0.005 |
|     Product610_1_impl_instance       |     0.007 |
|       SignificandMultiplication      |     0.005 |
|     Product610_3_impl_instance       |     0.007 |
|       SignificandMultiplication      |     0.005 |
|     Product68_3_impl_instance        |     0.007 |
|       SignificandMultiplication      |     0.004 |
|     Product710_1_impl_instance       |     0.007 |
|       SignificandMultiplication      |     0.004 |
|     Product710_3_impl_instance       |     0.006 |
|       SignificandMultiplication      |     0.004 |
|     Product810_1_impl_instance       |     0.007 |
|       SignificandMultiplication      |     0.004 |
|     Product810_3_impl_instance       |     0.007 |
|       SignificandMultiplication      |     0.005 |
|     Product910_1_impl_instance       |     0.007 |
|       SignificandMultiplication      |     0.005 |
|     Product910_3_impl_instance       |     0.007 |
|       SignificandMultiplication      |     0.005 |
|     Product911_3_impl_instance       |     0.007 |
|       SignificandMultiplication      |     0.004 |
|     Product97_3_impl_instance        |     0.007 |
|       SignificandMultiplication      |     0.005 |
|     SharedReg1000_instance           |    <0.001 |
|     SharedReg1001_instance           |    <0.001 |
|     SharedReg1002_instance           |    <0.001 |
|     SharedReg1003_instance           |    <0.001 |
|     SharedReg1004_instance           |    <0.001 |
|     SharedReg1005_instance           |    <0.001 |
|     SharedReg1006_instance           |    <0.001 |
|     SharedReg1007_instance           |    <0.001 |
|     SharedReg1008_instance           |    <0.001 |
|     SharedReg1009_instance           |    <0.001 |
|     SharedReg100_instance            |    <0.001 |
|     SharedReg1010_instance           |    <0.001 |
|     SharedReg1011_instance           |    <0.001 |
|     SharedReg1012_instance           |    <0.001 |
|     SharedReg1013_instance           |    <0.001 |
|     SharedReg1014_instance           |    <0.001 |
|     SharedReg101_instance            |    <0.001 |
|     SharedReg102_instance            |    <0.001 |
|     SharedReg103_instance            |     0.002 |
|     SharedReg104_instance            |    <0.001 |
|     SharedReg105_instance            |     0.001 |
|     SharedReg106_instance            |     0.002 |
|     SharedReg107_instance            |     0.002 |
|     SharedReg108_instance            |     0.002 |
|     SharedReg109_instance            |     0.002 |
|     SharedReg10_instance             |    <0.001 |
|     SharedReg110_instance            |     0.002 |
|     SharedReg111_instance            |     0.001 |
|     SharedReg112_instance            |     0.001 |
|     SharedReg113_instance            |    <0.001 |
|     SharedReg114_instance            |    <0.001 |
|     SharedReg115_instance            |     0.001 |
|     SharedReg116_instance            |     0.002 |
|     SharedReg117_instance            |    <0.001 |
|     SharedReg118_instance            |     0.002 |
|     SharedReg119_instance            |     0.002 |
|     SharedReg11_instance             |     0.002 |
|     SharedReg120_instance            |     0.001 |
|     SharedReg121_instance            |    <0.001 |
|     SharedReg122_instance            |     0.002 |
|     SharedReg123_instance            |     0.002 |
|     SharedReg124_instance            |     0.001 |
|     SharedReg125_instance            |    <0.001 |
|     SharedReg126_instance            |     0.002 |
|     SharedReg127_instance            |     0.001 |
|     SharedReg128_instance            |    <0.001 |
|     SharedReg129_instance            |     0.002 |
|     SharedReg12_instance             |    <0.001 |
|     SharedReg130_instance            |    <0.001 |
|     SharedReg131_instance            |    <0.001 |
|     SharedReg132_instance            |    <0.001 |
|     SharedReg133_instance            |     0.002 |
|     SharedReg134_instance            |    <0.001 |
|     SharedReg135_instance            |     0.002 |
|     SharedReg136_instance            |    <0.001 |
|     SharedReg137_instance            |     0.001 |
|     SharedReg138_instance            |     0.002 |
|     SharedReg139_instance            |    <0.001 |
|     SharedReg13_instance             |    <0.001 |
|     SharedReg140_instance            |    <0.001 |
|     SharedReg141_instance            |    <0.001 |
|     SharedReg142_instance            |    <0.001 |
|     SharedReg143_instance            |    <0.001 |
|     SharedReg144_instance            |     0.002 |
|     SharedReg145_instance            |     0.001 |
|     SharedReg146_instance            |    <0.001 |
|     SharedReg147_instance            |     0.002 |
|     SharedReg148_instance            |     0.002 |
|     SharedReg149_instance            |     0.001 |
|     SharedReg14_instance             |    <0.001 |
|     SharedReg150_instance            |     0.001 |
|     SharedReg151_instance            |    <0.001 |
|     SharedReg152_instance            |     0.002 |
|     SharedReg153_instance            |     0.001 |
|     SharedReg154_instance            |    <0.001 |
|     SharedReg155_instance            |    <0.001 |
|     SharedReg156_instance            |    <0.001 |
|     SharedReg157_instance            |     0.002 |
|     SharedReg158_instance            |     0.002 |
|     SharedReg159_instance            |    <0.001 |
|     SharedReg15_instance             |    <0.001 |
|     SharedReg160_instance            |     0.002 |
|     SharedReg161_instance            |    <0.001 |
|     SharedReg162_instance            |    <0.001 |
|     SharedReg163_instance            |    <0.001 |
|     SharedReg164_instance            |    <0.001 |
|     SharedReg165_instance            |     0.002 |
|     SharedReg166_instance            |     0.002 |
|     SharedReg167_instance            |    <0.001 |
|     SharedReg168_instance            |    <0.001 |
|     SharedReg169_instance            |     0.001 |
|     SharedReg16_instance             |     0.002 |
|     SharedReg170_instance            |    <0.001 |
|     SharedReg171_instance            |    <0.001 |
|     SharedReg172_instance            |    <0.001 |
|     SharedReg173_instance            |    <0.001 |
|     SharedReg174_instance            |    <0.001 |
|     SharedReg175_instance            |     0.002 |
|     SharedReg176_instance            |     0.002 |
|     SharedReg177_instance            |    <0.001 |
|     SharedReg178_instance            |    <0.001 |
|     SharedReg179_instance            |     0.002 |
|     SharedReg17_instance             |     0.002 |
|     SharedReg180_instance            |    <0.001 |
|     SharedReg181_instance            |     0.001 |
|     SharedReg182_instance            |    <0.001 |
|     SharedReg183_instance            |     0.001 |
|     SharedReg184_instance            |     0.002 |
|     SharedReg185_instance            |     0.002 |
|     SharedReg186_instance            |     0.002 |
|     SharedReg187_instance            |     0.002 |
|     SharedReg188_instance            |    <0.001 |
|     SharedReg189_instance            |    <0.001 |
|     SharedReg18_instance             |     0.002 |
|     SharedReg190_instance            |     0.002 |
|     SharedReg191_instance            |     0.002 |
|     SharedReg192_instance            |     0.002 |
|     SharedReg193_instance            |    <0.001 |
|     SharedReg194_instance            |     0.001 |
|     SharedReg195_instance            |    <0.001 |
|     SharedReg196_instance            |     0.002 |
|     SharedReg197_instance            |    <0.001 |
|     SharedReg198_instance            |    <0.001 |
|     SharedReg199_instance            |    <0.001 |
|     SharedReg19_instance             |     0.002 |
|     SharedReg1_instance              |    <0.001 |
|     SharedReg200_instance            |     0.002 |
|     SharedReg201_instance            |    <0.001 |
|     SharedReg202_instance            |    <0.001 |
|     SharedReg203_instance            |     0.003 |
|     SharedReg204_instance            |     0.002 |
|     SharedReg205_instance            |     0.002 |
|     SharedReg206_instance            |    <0.001 |
|     SharedReg207_instance            |    <0.001 |
|     SharedReg208_instance            |    <0.001 |
|     SharedReg209_instance            |     0.002 |
|     SharedReg20_instance             |     0.001 |
|     SharedReg210_instance            |    <0.001 |
|     SharedReg211_instance            |     0.002 |
|     SharedReg212_instance            |    <0.001 |
|     SharedReg213_instance            |    <0.001 |
|     SharedReg214_instance            |     0.002 |
|     SharedReg215_instance            |    <0.001 |
|     SharedReg216_instance            |     0.002 |
|     SharedReg217_instance            |    <0.001 |
|     SharedReg218_instance            |     0.002 |
|     SharedReg219_instance            |    <0.001 |
|     SharedReg21_instance             |     0.001 |
|     SharedReg220_instance            |    <0.001 |
|     SharedReg221_instance            |     0.002 |
|     SharedReg222_instance            |     0.002 |
|     SharedReg223_instance            |     0.004 |
|     SharedReg224_instance            |     0.002 |
|     SharedReg225_instance            |     0.001 |
|     SharedReg226_instance            |    <0.001 |
|     SharedReg227_instance            |     0.002 |
|     SharedReg228_instance            |     0.006 |
|     SharedReg229_instance            |     0.002 |
|     SharedReg22_instance             |    <0.001 |
|     SharedReg230_instance            |     0.004 |
|     SharedReg231_instance            |     0.003 |
|     SharedReg232_instance            |     0.004 |
|     SharedReg233_instance            |     0.002 |
|     SharedReg234_instance            |    <0.001 |
|     SharedReg235_instance            |     0.002 |
|     SharedReg236_instance            |     0.004 |
|     SharedReg237_instance            |     0.005 |
|     SharedReg238_instance            |     0.004 |
|     SharedReg239_instance            |     0.005 |
|     SharedReg23_instance             |    <0.001 |
|     SharedReg240_instance            |     0.002 |
|     SharedReg241_instance            |     0.002 |
|     SharedReg242_instance            |    <0.001 |
|     SharedReg243_instance            |     0.001 |
|     SharedReg244_instance            |     0.002 |
|     SharedReg245_instance            |     0.001 |
|     SharedReg246_instance            |     0.002 |
|     SharedReg247_instance            |     0.005 |
|     SharedReg248_instance            |     0.007 |
|     SharedReg249_instance            |     0.003 |
|     SharedReg24_instance             |    <0.001 |
|     SharedReg251_instance            |     0.002 |
|     SharedReg252_instance            |     0.001 |
|     SharedReg253_instance            |    <0.001 |
|     SharedReg254_instance            |     0.002 |
|     SharedReg255_instance            |     0.005 |
|     SharedReg256_instance            |     0.007 |
|     SharedReg257_instance            |     0.002 |
|     SharedReg258_instance            |     0.002 |
|     SharedReg259_instance            |     0.002 |
|     SharedReg25_instance             |     0.001 |
|     SharedReg260_instance            |     0.002 |
|     SharedReg261_instance            |     0.002 |
|     SharedReg262_instance            |     0.004 |
|     SharedReg263_instance            |     0.002 |
|     SharedReg264_instance            |     0.007 |
|     SharedReg265_instance            |     0.005 |
|     SharedReg266_instance            |     0.005 |
|     SharedReg267_instance            |     0.004 |
|     SharedReg268_instance            |     0.002 |
|     SharedReg26_instance             |    <0.001 |
|     SharedReg270_instance            |    <0.001 |
|     SharedReg271_instance            |     0.002 |
|     SharedReg272_instance            |     0.002 |
|     SharedReg273_instance            |     0.001 |
|     SharedReg274_instance            |     0.004 |
|     SharedReg275_instance            |     0.005 |
|     SharedReg276_instance            |     0.004 |
|     SharedReg277_instance            |     0.002 |
|     SharedReg278_instance            |     0.001 |
|     SharedReg279_instance            |     0.002 |
|     SharedReg27_instance             |    <0.001 |
|     SharedReg280_instance            |     0.002 |
|     SharedReg281_instance            |     0.003 |
|     SharedReg282_instance            |     0.002 |
|     SharedReg283_instance            |     0.002 |
|     SharedReg284_instance            |     0.001 |
|     SharedReg285_instance            |     0.004 |
|     SharedReg286_instance            |     0.002 |
|     SharedReg288_instance            |     0.001 |
|     SharedReg289_instance            |     0.006 |
|     SharedReg28_instance             |     0.003 |
|     SharedReg290_instance            |     0.006 |
|     SharedReg291_instance            |     0.002 |
|     SharedReg292_instance            |     0.005 |
|     SharedReg293_instance            |     0.001 |
|     SharedReg294_instance            |     0.002 |
|     SharedReg296_instance            |     0.001 |
|     SharedReg297_instance            |     0.002 |
|     SharedReg298_instance            |     0.002 |
|     SharedReg299_instance            |     0.004 |
|     SharedReg29_instance             |     0.002 |
|     SharedReg2_instance              |    <0.001 |
|     SharedReg300_instance            |     0.002 |
|     SharedReg301_instance            |     0.006 |
|     SharedReg302_instance            |     0.002 |
|     SharedReg303_instance            |     0.004 |
|     SharedReg304_instance            |     0.003 |
|     SharedReg305_instance            |     0.003 |
|     SharedReg306_instance            |     0.002 |
|     SharedReg307_instance            |     0.001 |
|     SharedReg308_instance            |     0.005 |
|     SharedReg309_instance            |     0.002 |
|     SharedReg30_instance             |     0.001 |
|     SharedReg311_instance            |    <0.001 |
|     SharedReg312_instance            |     0.002 |
|     SharedReg313_instance            |     0.001 |
|     SharedReg314_instance            |     0.002 |
|     SharedReg315_instance            |     0.003 |
|     SharedReg316_instance            |     0.001 |
|     SharedReg317_instance            |     0.002 |
|     SharedReg318_instance            |     0.006 |
|     SharedReg319_instance            |     0.002 |
|     SharedReg31_instance             |    <0.001 |
|     SharedReg320_instance            |     0.002 |
|     SharedReg321_instance            |    <0.001 |
|     SharedReg322_instance            |     0.002 |
|     SharedReg323_instance            |     0.005 |
|     SharedReg324_instance            |     0.002 |
|     SharedReg325_instance            |     0.004 |
|     SharedReg326_instance            |     0.007 |
|     SharedReg327_instance            |     0.004 |
|     SharedReg328_instance            |    <0.001 |
|     SharedReg329_instance            |     0.006 |
|     SharedReg32_instance             |     0.002 |
|     SharedReg330_instance            |     0.003 |
|     SharedReg331_instance            |     0.004 |
|     SharedReg332_instance            |     0.004 |
|     SharedReg333_instance            |     0.005 |
|     SharedReg334_instance            |     0.007 |
|     SharedReg335_instance            |     0.005 |
|     SharedReg336_instance            |     0.001 |
|     SharedReg337_instance            |     0.004 |
|     SharedReg338_instance            |     0.002 |
|     SharedReg339_instance            |     0.002 |
|     SharedReg33_instance             |    <0.001 |
|     SharedReg341_instance            |     0.002 |
|     SharedReg342_instance            |     0.001 |
|     SharedReg343_instance            |     0.001 |
|     SharedReg344_instance            |     0.001 |
|     SharedReg345_instance            |     0.004 |
|     SharedReg346_instance            |     0.001 |
|     SharedReg347_instance            |     0.004 |
|     SharedReg348_instance            |     0.005 |
|     SharedReg349_instance            |     0.004 |
|     SharedReg34_instance             |    <0.001 |
|     SharedReg351_instance            |     0.002 |
|     SharedReg352_instance            |     0.005 |
|     SharedReg353_instance            |     0.002 |
|     SharedReg354_instance            |     0.005 |
|     SharedReg355_instance            |     0.002 |
|     SharedReg357_instance            |     0.002 |
|     SharedReg358_instance            |     0.005 |
|     SharedReg359_instance            |     0.007 |
|     SharedReg35_instance             |    <0.001 |
|     SharedReg360_instance            |     0.004 |
|     SharedReg361_instance            |     0.005 |
|     SharedReg362_instance            |     0.004 |
|     SharedReg363_instance            |     0.002 |
|     SharedReg365_instance            |     0.004 |
|     SharedReg366_instance            |     0.001 |
|     SharedReg367_instance            |     0.004 |
|     SharedReg368_instance            |    <0.001 |
|     SharedReg369_instance            |     0.007 |
|     SharedReg36_instance             |     0.002 |
|     SharedReg370_instance            |     0.005 |
|     SharedReg371_instance            |     0.003 |
|     SharedReg372_instance            |     0.005 |
|     SharedReg373_instance            |     0.003 |
|     SharedReg374_instance            |     0.003 |
|     SharedReg375_instance            |     0.003 |
|     SharedReg376_instance            |     0.002 |
|     SharedReg377_instance            |     0.002 |
|     SharedReg378_instance            |    <0.001 |
|     SharedReg379_instance            |     0.007 |
|     SharedReg37_instance             |     0.002 |
|     SharedReg380_instance            |     0.005 |
|     SharedReg381_instance            |     0.004 |
|     SharedReg382_instance            |     0.002 |
|     SharedReg383_instance            |     0.006 |
|     SharedReg384_instance            |     0.004 |
|     SharedReg385_instance            |     0.001 |
|     SharedReg386_instance            |     0.002 |
|     SharedReg387_instance            |     0.004 |
|     SharedReg388_instance            |     0.005 |
|     SharedReg389_instance            |     0.004 |
|     SharedReg38_instance             |     0.002 |
|     SharedReg390_instance            |     0.004 |
|     SharedReg391_instance            |     0.004 |
|     SharedReg392_instance            |     0.003 |
|     SharedReg394_instance            |     0.002 |
|     SharedReg395_instance            |    <0.001 |
|     SharedReg396_instance            |     0.003 |
|     SharedReg397_instance            |    <0.001 |
|     SharedReg398_instance            |     0.007 |
|     SharedReg399_instance            |     0.004 |
|     SharedReg39_instance             |    <0.001 |
|     SharedReg3_instance              |     0.002 |
|     SharedReg400_instance            |     0.005 |
|     SharedReg401_instance            |    <0.001 |
|     SharedReg403_instance            |     0.002 |
|     SharedReg404_instance            |     0.001 |
|     SharedReg405_instance            |     0.001 |
|     SharedReg406_instance            |     0.001 |
|     SharedReg407_instance            |     0.002 |
|     SharedReg408_instance            |     0.007 |
|     SharedReg409_instance            |     0.004 |
|     SharedReg40_instance             |     0.002 |
|     SharedReg410_instance            |     0.002 |
|     SharedReg411_instance            |     0.005 |
|     SharedReg412_instance            |     0.002 |
|     SharedReg413_instance            |     0.007 |
|     SharedReg414_instance            |     0.004 |
|     SharedReg415_instance            |     0.005 |
|     SharedReg416_instance            |     0.001 |
|     SharedReg417_instance            |     0.004 |
|     SharedReg418_instance            |     0.003 |
|     SharedReg419_instance            |     0.002 |
|     SharedReg41_instance             |    <0.001 |
|     SharedReg420_instance            |     0.003 |
|     SharedReg422_instance            |     0.005 |
|     SharedReg423_instance            |     0.002 |
|     SharedReg424_instance            |     0.002 |
|     SharedReg425_instance            |     0.002 |
|     SharedReg426_instance            |     0.007 |
|     SharedReg427_instance            |     0.004 |
|     SharedReg428_instance            |     0.002 |
|     SharedReg42_instance             |    <0.001 |
|     SharedReg430_instance            |     0.002 |
|     SharedReg431_instance            |     0.001 |
|     SharedReg432_instance            |    <0.001 |
|     SharedReg433_instance            |    <0.001 |
|     SharedReg434_instance            |     0.002 |
|     SharedReg435_instance            |     0.002 |
|     SharedReg436_instance            |     0.001 |
|     SharedReg437_instance            |     0.004 |
|     SharedReg438_instance            |     0.005 |
|     SharedReg439_instance            |     0.002 |
|     SharedReg43_instance             |     0.001 |
|     SharedReg440_instance            |     0.005 |
|     SharedReg441_instance            |     0.005 |
|     SharedReg442_instance            |     0.004 |
|     SharedReg443_instance            |     0.004 |
|     SharedReg444_instance            |     0.006 |
|     SharedReg445_instance            |    <0.001 |
|     SharedReg446_instance            |     0.002 |
|     SharedReg447_instance            |     0.004 |
|     SharedReg448_instance            |     0.001 |
|     SharedReg449_instance            |     0.003 |
|     SharedReg44_instance             |    <0.001 |
|     SharedReg451_instance            |    <0.001 |
|     SharedReg452_instance            |     0.002 |
|     SharedReg453_instance            |     0.002 |
|     SharedReg454_instance            |     0.001 |
|     SharedReg455_instance            |     0.004 |
|     SharedReg456_instance            |     0.002 |
|     SharedReg457_instance            |     0.005 |
|     SharedReg458_instance            |     0.005 |
|     SharedReg459_instance            |     0.003 |
|     SharedReg45_instance             |    <0.001 |
|     SharedReg460_instance            |     0.002 |
|     SharedReg461_instance            |     0.002 |
|     SharedReg462_instance            |     0.001 |
|     SharedReg463_instance            |     0.002 |
|     SharedReg464_instance            |     0.003 |
|     SharedReg465_instance            |     0.003 |
|     SharedReg466_instance            |     0.004 |
|     SharedReg467_instance            |     0.003 |
|     SharedReg468_instance            |     0.002 |
|     SharedReg469_instance            |     0.002 |
|     SharedReg46_instance             |    <0.001 |
|     SharedReg471_instance            |     0.001 |
|     SharedReg472_instance            |     0.002 |
|     SharedReg473_instance            |    <0.001 |
|     SharedReg474_instance            |     0.002 |
|     SharedReg475_instance            |     0.002 |
|     SharedReg476_instance            |     0.002 |
|     SharedReg477_instance            |     0.002 |
|     SharedReg478_instance            |     0.006 |
|     SharedReg479_instance            |     0.005 |
|     SharedReg47_instance             |     0.002 |
|     SharedReg480_instance            |    <0.001 |
|     SharedReg482_instance            |     0.001 |
|     SharedReg483_instance            |     0.002 |
|     SharedReg484_instance            |    <0.001 |
|     SharedReg485_instance            |     0.002 |
|     SharedReg486_instance            |    <0.001 |
|     SharedReg487_instance            |     0.002 |
|     SharedReg488_instance            |     0.007 |
|     SharedReg489_instance            |     0.004 |
|     SharedReg48_instance             |     0.002 |
|     SharedReg490_instance            |     0.005 |
|     SharedReg491_instance            |     0.002 |
|     SharedReg493_instance            |     0.002 |
|     SharedReg494_instance            |     0.001 |
|     SharedReg495_instance            |     0.001 |
|     SharedReg496_instance            |     0.001 |
|     SharedReg497_instance            |     0.004 |
|     SharedReg498_instance            |     0.006 |
|     SharedReg499_instance            |     0.005 |
|     SharedReg49_instance             |     0.002 |
|     SharedReg4_instance              |    <0.001 |
|     SharedReg500_instance            |     0.004 |
|     SharedReg501_instance            |     0.004 |
|     SharedReg502_instance            |     0.002 |
|     SharedReg503_instance            |     0.002 |
|     SharedReg504_instance            |     0.002 |
|     SharedReg505_instance            |    <0.001 |
|     SharedReg506_instance            |     0.002 |
|     SharedReg507_instance            |     0.004 |
|     SharedReg508_instance            |     0.007 |
|     SharedReg509_instance            |     0.004 |
|     SharedReg50_instance             |    <0.001 |
|     SharedReg510_instance            |     0.002 |
|     SharedReg512_instance            |     0.003 |
|     SharedReg513_instance            |     0.004 |
|     SharedReg514_instance            |     0.002 |
|     SharedReg515_instance            |     0.005 |
|     SharedReg516_instance            |     0.005 |
|     SharedReg517_instance            |     0.004 |
|     SharedReg518_instance            |     0.001 |
|     SharedReg519_instance            |     0.001 |
|     SharedReg51_instance             |     0.002 |
|     SharedReg520_instance            |     0.001 |
|     SharedReg521_instance            |     0.004 |
|     SharedReg522_instance            |     0.003 |
|     SharedReg523_instance            |     0.001 |
|     SharedReg524_instance            |     0.002 |
|     SharedReg525_instance            |     0.002 |
|     SharedReg526_instance            |     0.005 |
|     SharedReg527_instance            |     0.003 |
|     SharedReg528_instance            |     0.003 |
|     SharedReg529_instance            |     0.002 |
|     SharedReg52_instance             |    <0.001 |
|     SharedReg530_instance            |     0.007 |
|     SharedReg531_instance            |    <0.001 |
|     SharedReg533_instance            |     0.002 |
|     SharedReg534_instance            |     0.002 |
|     SharedReg535_instance            |    <0.001 |
|     SharedReg536_instance            |     0.002 |
|     SharedReg537_instance            |     0.005 |
|     SharedReg538_instance            |     0.005 |
|     SharedReg539_instance            |     0.006 |
|     SharedReg53_instance             |    <0.001 |
|     SharedReg540_instance            |     0.002 |
|     SharedReg541_instance            |     0.001 |
|     SharedReg542_instance            |     0.002 |
|     SharedReg543_instance            |     0.001 |
|     SharedReg544_instance            |     0.004 |
|     SharedReg545_instance            |     0.004 |
|     SharedReg546_instance            |     0.004 |
|     SharedReg547_instance            |     0.005 |
|     SharedReg548_instance            |     0.004 |
|     SharedReg549_instance            |     0.002 |
|     SharedReg54_instance             |     0.002 |
|     SharedReg550_instance            |     0.005 |
|     SharedReg551_instance            |     0.004 |
|     SharedReg552_instance            |     0.001 |
|     SharedReg553_instance            |     0.002 |
|     SharedReg555_instance            |     0.004 |
|     SharedReg556_instance            |     0.002 |
|     SharedReg557_instance            |    <0.001 |
|     SharedReg558_instance            |     0.001 |
|     SharedReg559_instance            |     0.002 |
|     SharedReg55_instance             |    <0.001 |
|     SharedReg560_instance            |     0.004 |
|     SharedReg561_instance            |     0.005 |
|     SharedReg562_instance            |     0.005 |
|     SharedReg563_instance            |     0.004 |
|     SharedReg564_instance            |     0.002 |
|     SharedReg565_instance            |     0.001 |
|     SharedReg566_instance            |     0.002 |
|     SharedReg567_instance            |    <0.001 |
|     SharedReg568_instance            |     0.002 |
|     SharedReg569_instance            |     0.004 |
|     SharedReg56_instance             |    <0.001 |
|     SharedReg570_instance            |     0.004 |
|     SharedReg571_instance            |     0.004 |
|     SharedReg572_instance            |     0.004 |
|     SharedReg573_instance            |     0.003 |
|     SharedReg575_instance            |    <0.001 |
|     SharedReg576_instance            |     0.001 |
|     SharedReg577_instance            |     0.002 |
|     SharedReg578_instance            |     0.004 |
|     SharedReg579_instance            |     0.002 |
|     SharedReg57_instance             |     0.002 |
|     SharedReg580_instance            |     0.001 |
|     SharedReg581_instance            |     0.003 |
|     SharedReg583_instance            |     0.002 |
|     SharedReg584_instance            |     0.002 |
|     SharedReg585_instance            |    <0.001 |
|     SharedReg586_instance            |     0.003 |
|     SharedReg587_instance            |     0.004 |
|     SharedReg588_instance            |     0.005 |
|     SharedReg589_instance            |     0.003 |
|     SharedReg58_instance             |    <0.001 |
|     SharedReg590_instance            |     0.001 |
|     SharedReg591_instance            |     0.001 |
|     SharedReg592_instance            |     0.002 |
|     SharedReg593_instance            |    <0.001 |
|     SharedReg594_instance            |     0.002 |
|     SharedReg595_instance            |    <0.001 |
|     SharedReg596_instance            |     0.001 |
|     SharedReg597_instance            |     0.002 |
|     SharedReg598_instance            |     0.003 |
|     SharedReg599_instance            |    <0.001 |
|     SharedReg59_instance             |    <0.001 |
|     SharedReg5_instance              |    <0.001 |
|     SharedReg600_instance            |     0.001 |
|     SharedReg601_instance            |    <0.001 |
|     SharedReg602_instance            |     0.001 |
|     SharedReg603_instance            |     0.001 |
|     SharedReg604_instance            |     0.001 |
|     SharedReg605_instance            |     0.002 |
|     SharedReg606_instance            |     0.004 |
|     SharedReg607_instance            |     0.002 |
|     SharedReg608_instance            |     0.002 |
|     SharedReg609_instance            |    <0.001 |
|     SharedReg60_instance             |    <0.001 |
|     SharedReg610_instance            |     0.001 |
|     SharedReg611_instance            |     0.004 |
|     SharedReg612_instance            |     0.005 |
|     SharedReg613_instance            |     0.004 |
|     SharedReg614_instance            |     0.001 |
|     SharedReg615_instance            |     0.003 |
|     SharedReg616_instance            |    <0.001 |
|     SharedReg617_instance            |     0.001 |
|     SharedReg618_instance            |     0.002 |
|     SharedReg619_instance            |     0.002 |
|     SharedReg61_instance             |    <0.001 |
|     SharedReg620_instance            |     0.003 |
|     SharedReg621_instance            |     0.001 |
|     SharedReg622_instance            |     0.002 |
|     SharedReg623_instance            |     0.005 |
|     SharedReg624_instance            |    <0.001 |
|     SharedReg625_instance            |    <0.001 |
|     SharedReg626_instance            |    <0.001 |
|     SharedReg627_instance            |     0.001 |
|     SharedReg628_instance            |    <0.001 |
|     SharedReg629_instance            |     0.001 |
|     SharedReg62_instance             |     0.001 |
|     SharedReg630_instance            |     0.002 |
|     SharedReg631_instance            |     0.002 |
|     SharedReg632_instance            |     0.001 |
|     SharedReg633_instance            |     0.002 |
|     SharedReg634_instance            |     0.001 |
|     SharedReg635_instance            |     0.005 |
|     SharedReg636_instance            |     0.004 |
|     SharedReg637_instance            |     0.007 |
|     SharedReg638_instance            |     0.005 |
|     SharedReg639_instance            |     0.002 |
|     SharedReg63_instance             |     0.001 |
|     SharedReg640_instance            |     0.001 |
|     SharedReg641_instance            |     0.002 |
|     SharedReg642_instance            |    <0.001 |
|     SharedReg643_instance            |     0.002 |
|     SharedReg644_instance            |     0.001 |
|     SharedReg645_instance            |     0.002 |
|     SharedReg646_instance            |     0.001 |
|     SharedReg647_instance            |     0.001 |
|     SharedReg648_instance            |    <0.001 |
|     SharedReg649_instance            |     0.002 |
|     SharedReg64_instance             |    <0.001 |
|     SharedReg650_instance            |     0.001 |
|     SharedReg651_instance            |     0.006 |
|     SharedReg652_instance            |     0.008 |
|     SharedReg653_instance            |    <0.001 |
|     SharedReg654_instance            |     0.002 |
|     SharedReg655_instance            |     0.001 |
|     SharedReg656_instance            |     0.004 |
|     SharedReg657_instance            |     0.001 |
|     SharedReg658_instance            |     0.002 |
|     SharedReg659_instance            |     0.005 |
|     SharedReg65_instance             |    <0.001 |
|     SharedReg660_instance            |     0.002 |
|     SharedReg661_instance            |     0.005 |
|     SharedReg662_instance            |     0.005 |
|     SharedReg663_instance            |     0.004 |
|     SharedReg664_instance            |     0.006 |
|     SharedReg665_instance            |     0.003 |
|     SharedReg666_instance            |     0.001 |
|     SharedReg667_instance            |     0.002 |
|     SharedReg668_instance            |     0.002 |
|     SharedReg669_instance            |     0.001 |
|     SharedReg66_instance             |     0.001 |
|     SharedReg670_instance            |     0.002 |
|     SharedReg671_instance            |     0.003 |
|     SharedReg672_instance            |    <0.001 |
|     SharedReg673_instance            |     0.001 |
|     SharedReg674_instance            |     0.001 |
|     SharedReg675_instance            |     0.005 |
|     SharedReg676_instance            |     0.002 |
|     SharedReg677_instance            |     0.001 |
|     SharedReg678_instance            |     0.004 |
|     SharedReg679_instance            |     0.005 |
|     SharedReg67_instance             |     0.001 |
|     SharedReg680_instance            |     0.004 |
|     SharedReg681_instance            |     0.001 |
|     SharedReg682_instance            |     0.006 |
|     SharedReg683_instance            |     0.002 |
|     SharedReg684_instance            |     0.002 |
|     SharedReg685_instance            |     0.001 |
|     SharedReg686_instance            |     0.001 |
|     SharedReg687_instance            |     0.004 |
|     SharedReg688_instance            |     0.001 |
|     SharedReg689_instance            |     0.002 |
|     SharedReg68_instance             |    <0.001 |
|     SharedReg690_instance            |     0.001 |
|     SharedReg691_instance            |     0.002 |
|     SharedReg692_instance            |     0.002 |
|     SharedReg693_instance            |     0.006 |
|     SharedReg694_instance            |     0.003 |
|     SharedReg695_instance            |     0.005 |
|     SharedReg696_instance            |     0.004 |
|     SharedReg697_instance            |     0.005 |
|     SharedReg698_instance            |     0.004 |
|     SharedReg699_instance            |     0.002 |
|     SharedReg69_instance             |    <0.001 |
|     SharedReg6_instance              |    <0.001 |
|     SharedReg700_instance            |     0.006 |
|     SharedReg701_instance            |     0.002 |
|     SharedReg702_instance            |     0.001 |
|     SharedReg703_instance            |     0.004 |
|     SharedReg704_instance            |     0.003 |
|     SharedReg705_instance            |     0.001 |
|     SharedReg706_instance            |     0.001 |
|     SharedReg707_instance            |     0.003 |
|     SharedReg708_instance            |     0.002 |
|     SharedReg709_instance            |     0.004 |
|     SharedReg70_instance             |     0.002 |
|     SharedReg710_instance            |     0.004 |
|     SharedReg711_instance            |     0.005 |
|     SharedReg712_instance            |     0.002 |
|     SharedReg713_instance            |     0.001 |
|     SharedReg714_instance            |     0.004 |
|     SharedReg715_instance            |     0.006 |
|     SharedReg716_instance            |     0.005 |
|     SharedReg717_instance            |    <0.001 |
|     SharedReg718_instance            |     0.002 |
|     SharedReg719_instance            |     0.002 |
|     SharedReg71_instance             |    <0.001 |
|     SharedReg720_instance            |    <0.001 |
|     SharedReg721_instance            |     0.002 |
|     SharedReg722_instance            |     0.002 |
|     SharedReg723_instance            |     0.001 |
|     SharedReg724_instance            |     0.004 |
|     SharedReg725_instance            |     0.004 |
|     SharedReg726_instance            |     0.005 |
|     SharedReg727_instance            |     0.004 |
|     SharedReg728_instance            |     0.002 |
|     SharedReg729_instance            |    <0.001 |
|     SharedReg72_instance             |     0.002 |
|     SharedReg730_instance            |     0.002 |
|     SharedReg731_instance            |     0.004 |
|     SharedReg732_instance            |     0.001 |
|     SharedReg733_instance            |     0.006 |
|     SharedReg734_instance            |     0.003 |
|     SharedReg735_instance            |     0.001 |
|     SharedReg736_instance            |     0.003 |
|     SharedReg737_instance            |     0.002 |
|     SharedReg738_instance            |     0.002 |
|     SharedReg739_instance            |     0.003 |
|     SharedReg73_instance             |     0.001 |
|     SharedReg740_instance            |     0.001 |
|     SharedReg741_instance            |     0.004 |
|     SharedReg742_instance            |    <0.001 |
|     SharedReg743_instance            |    <0.001 |
|     SharedReg744_instance            |     0.002 |
|     SharedReg745_instance            |     0.004 |
|     SharedReg746_instance            |     0.002 |
|     SharedReg747_instance            |     0.001 |
|     SharedReg748_instance            |     0.005 |
|     SharedReg749_instance            |     0.001 |
|     SharedReg74_instance             |     0.002 |
|     SharedReg750_instance            |     0.001 |
|     SharedReg751_instance            |     0.002 |
|     SharedReg752_instance            |     0.002 |
|     SharedReg753_instance            |     0.002 |
|     SharedReg754_instance            |     0.002 |
|     SharedReg755_instance            |     0.002 |
|     SharedReg756_instance            |    <0.001 |
|     SharedReg757_instance            |     0.002 |
|     SharedReg758_instance            |     0.004 |
|     SharedReg759_instance            |     0.003 |
|     SharedReg75_instance             |    <0.001 |
|     SharedReg760_instance            |    <0.001 |
|     SharedReg761_instance            |     0.001 |
|     SharedReg762_instance            |     0.001 |
|     SharedReg763_instance            |     0.002 |
|     SharedReg764_instance            |     0.004 |
|     SharedReg765_instance            |     0.006 |
|     SharedReg766_instance            |     0.004 |
|     SharedReg767_instance            |     0.004 |
|     SharedReg768_instance            |     0.004 |
|     SharedReg769_instance            |     0.002 |
|     SharedReg76_instance             |    <0.001 |
|     SharedReg770_instance            |     0.003 |
|     SharedReg771_instance            |    <0.001 |
|     SharedReg772_instance            |     0.001 |
|     SharedReg773_instance            |     0.005 |
|     SharedReg774_instance            |     0.001 |
|     SharedReg775_instance            |     0.002 |
|     SharedReg776_instance            |     0.005 |
|     SharedReg777_instance            |     0.004 |
|     SharedReg778_instance            |     0.004 |
|     SharedReg779_instance            |     0.002 |
|     SharedReg77_instance             |     0.002 |
|     SharedReg780_instance            |     0.004 |
|     SharedReg781_instance            |     0.003 |
|     SharedReg782_instance            |     0.001 |
|     SharedReg783_instance            |     0.001 |
|     SharedReg784_instance            |     0.005 |
|     SharedReg785_instance            |     0.009 |
|     SharedReg786_instance            |     0.002 |
|     SharedReg787_instance            |     0.002 |
|     SharedReg788_instance            |     0.002 |
|     SharedReg789_instance            |     0.002 |
|     SharedReg78_instance             |    <0.001 |
|     SharedReg790_instance            |     0.004 |
|     SharedReg791_instance            |    <0.001 |
|     SharedReg792_instance            |     0.001 |
|     SharedReg793_instance            |     0.001 |
|     SharedReg794_instance            |     0.004 |
|     SharedReg795_instance            |     0.004 |
|     SharedReg796_instance            |     0.004 |
|     SharedReg797_instance            |     0.003 |
|     SharedReg798_instance            |     0.002 |
|     SharedReg799_instance            |     0.002 |
|     SharedReg79_instance             |     0.002 |
|     SharedReg7_instance              |    <0.001 |
|     SharedReg800_instance            |     0.002 |
|     SharedReg801_instance            |    <0.001 |
|     SharedReg802_instance            |     0.007 |
|     SharedReg803_instance            |     0.005 |
|     SharedReg804_instance            |     0.004 |
|     SharedReg805_instance            |     0.002 |
|     SharedReg806_instance            |     0.002 |
|     SharedReg807_instance            |    <0.001 |
|     SharedReg808_instance            |     0.001 |
|     SharedReg809_instance            |     0.004 |
|     SharedReg80_instance             |     0.002 |
|     SharedReg810_instance            |     0.005 |
|     SharedReg811_instance            |     0.004 |
|     SharedReg812_instance            |     0.004 |
|     SharedReg813_instance            |     0.001 |
|     SharedReg814_instance            |     0.004 |
|     SharedReg815_instance            |     0.004 |
|     SharedReg816_instance            |     0.001 |
|     SharedReg817_instance            |     0.002 |
|     SharedReg818_instance            |    <0.001 |
|     SharedReg819_instance            |     0.001 |
|     SharedReg81_instance             |     0.002 |
|     SharedReg820_instance            |    <0.001 |
|     SharedReg821_instance            |     0.002 |
|     SharedReg822_instance            |     0.005 |
|     SharedReg823_instance            |     0.006 |
|     SharedReg824_instance            |     0.004 |
|     SharedReg825_instance            |     0.001 |
|     SharedReg826_instance            |     0.003 |
|     SharedReg827_instance            |     0.001 |
|     SharedReg828_instance            |     0.001 |
|     SharedReg829_instance            |     0.004 |
|     SharedReg82_instance             |     0.002 |
|     SharedReg830_instance            |     0.007 |
|     SharedReg831_instance            |     0.004 |
|     SharedReg832_instance            |    <0.001 |
|     SharedReg833_instance            |     0.002 |
|     SharedReg834_instance            |     0.005 |
|     SharedReg835_instance            |     0.004 |
|     SharedReg836_instance            |     0.003 |
|     SharedReg837_instance            |    <0.001 |
|     SharedReg838_instance            |     0.002 |
|     SharedReg839_instance            |     0.003 |
|     SharedReg83_instance             |     0.002 |
|     SharedReg840_instance            |     0.004 |
|     SharedReg841_instance            |     0.001 |
|     SharedReg842_instance            |     0.005 |
|     SharedReg843_instance            |     0.007 |
|     SharedReg844_instance            |     0.004 |
|     SharedReg845_instance            |     0.002 |
|     SharedReg846_instance            |     0.002 |
|     SharedReg847_instance            |     0.001 |
|     SharedReg848_instance            |     0.002 |
|     SharedReg849_instance            |     0.004 |
|     SharedReg84_instance             |     0.002 |
|     SharedReg850_instance            |     0.004 |
|     SharedReg851_instance            |     0.004 |
|     SharedReg852_instance            |     0.005 |
|     SharedReg853_instance            |     0.004 |
|     SharedReg854_instance            |     0.004 |
|     SharedReg855_instance            |     0.002 |
|     SharedReg856_instance            |    <0.001 |
|     SharedReg857_instance            |    <0.001 |
|     SharedReg858_instance            |    <0.001 |
|     SharedReg859_instance            |     0.002 |
|     SharedReg85_instance             |    <0.001 |
|     SharedReg860_instance            |     0.001 |
|     SharedReg861_instance            |     0.001 |
|     SharedReg862_instance            |     0.004 |
|     SharedReg863_instance            |     0.004 |
|     SharedReg864_instance            |     0.009 |
|     SharedReg865_instance            |     0.003 |
|     SharedReg866_instance            |     0.004 |
|     SharedReg867_instance            |     0.002 |
|     SharedReg868_instance            |     0.002 |
|     SharedReg869_instance            |     0.004 |
|     SharedReg86_instance             |     0.001 |
|     SharedReg870_instance            |     0.004 |
|     SharedReg871_instance            |     0.002 |
|     SharedReg872_instance            |     0.002 |
|     SharedReg873_instance            |     0.002 |
|     SharedReg874_instance            |     0.002 |
|     SharedReg875_instance            |     0.004 |
|     SharedReg876_instance            |     0.002 |
|     SharedReg877_instance            |     0.002 |
|     SharedReg878_instance            |    <0.001 |
|     SharedReg879_instance            |     0.004 |
|     SharedReg87_instance             |    <0.001 |
|     SharedReg880_instance            |     0.003 |
|     SharedReg881_instance            |     0.001 |
|     SharedReg882_instance            |     0.001 |
|     SharedReg883_instance            |     0.004 |
|     SharedReg884_instance            |     0.004 |
|     SharedReg885_instance            |     0.004 |
|     SharedReg886_instance            |     0.002 |
|     SharedReg887_instance            |    <0.001 |
|     SharedReg888_instance            |    <0.001 |
|     SharedReg889_instance            |     0.002 |
|     SharedReg88_instance             |    <0.001 |
|     SharedReg890_instance            |     0.002 |
|     SharedReg891_instance            |    <0.001 |
|     SharedReg892_instance            |     0.003 |
|     SharedReg893_instance            |     0.002 |
|     SharedReg894_instance            |     0.003 |
|     SharedReg895_instance            |     0.002 |
|     SharedReg896_instance            |     0.002 |
|     SharedReg897_instance            |     0.003 |
|     SharedReg898_instance            |    <0.001 |
|     SharedReg899_instance            |     0.003 |
|     SharedReg89_instance             |     0.001 |
|     SharedReg8_instance              |     0.001 |
|     SharedReg900_instance            |     0.002 |
|     SharedReg901_instance            |     0.003 |
|     SharedReg902_instance            |     0.002 |
|     SharedReg903_instance            |     0.001 |
|     SharedReg904_instance            |     0.001 |
|     SharedReg905_instance            |     0.002 |
|     SharedReg906_instance            |     0.002 |
|     SharedReg907_instance            |     0.004 |
|     SharedReg908_instance            |     0.001 |
|     SharedReg909_instance            |     0.004 |
|     SharedReg90_instance             |     0.002 |
|     SharedReg910_instance            |     0.004 |
|     SharedReg911_instance            |     0.004 |
|     SharedReg912_instance            |     0.001 |
|     SharedReg913_instance            |    <0.001 |
|     SharedReg914_instance            |     0.005 |
|     SharedReg915_instance            |     0.002 |
|     SharedReg916_instance            |     0.004 |
|     SharedReg917_instance            |     0.005 |
|     SharedReg918_instance            |     0.002 |
|     SharedReg919_instance            |     0.004 |
|     SharedReg91_instance             |     0.002 |
|     SharedReg920_instance            |    <0.001 |
|     SharedReg921_instance            |     0.001 |
|     SharedReg922_instance            |     0.007 |
|     SharedReg923_instance            |     0.004 |
|     SharedReg924_instance            |     0.001 |
|     SharedReg925_instance            |    <0.001 |
|     SharedReg926_instance            |    <0.001 |
|     SharedReg927_instance            |     0.017 |
|     SharedReg928_instance            |     0.003 |
|     SharedReg929_instance            |     0.002 |
|     SharedReg92_instance             |     0.001 |
|     SharedReg930_instance            |     0.002 |
|     SharedReg931_instance            |    <0.001 |
|     SharedReg932_instance            |    <0.001 |
|     SharedReg933_instance            |    <0.001 |
|     SharedReg934_instance            |    <0.001 |
|     SharedReg935_instance            |    <0.001 |
|     SharedReg936_instance            |    <0.001 |
|     SharedReg937_instance            |    <0.001 |
|     SharedReg938_instance            |    <0.001 |
|     SharedReg939_instance            |    <0.001 |
|     SharedReg93_instance             |     0.002 |
|     SharedReg940_instance            |    <0.001 |
|     SharedReg941_instance            |    <0.001 |
|     SharedReg942_instance            |    <0.001 |
|     SharedReg943_instance            |    <0.001 |
|     SharedReg944_instance            |    <0.001 |
|     SharedReg945_instance            |    <0.001 |
|     SharedReg946_instance            |    <0.001 |
|     SharedReg947_instance            |    <0.001 |
|     SharedReg948_instance            |    <0.001 |
|     SharedReg949_instance            |    <0.001 |
|     SharedReg94_instance             |    <0.001 |
|     SharedReg950_instance            |    <0.001 |
|     SharedReg951_instance            |    <0.001 |
|     SharedReg952_instance            |    <0.001 |
|     SharedReg953_instance            |    <0.001 |
|     SharedReg954_instance            |    <0.001 |
|     SharedReg955_instance            |    <0.001 |
|     SharedReg956_instance            |    <0.001 |
|     SharedReg957_instance            |    <0.001 |
|     SharedReg958_instance            |    <0.001 |
|     SharedReg959_instance            |    <0.001 |
|     SharedReg95_instance             |    <0.001 |
|     SharedReg960_instance            |    <0.001 |
|     SharedReg961_instance            |    <0.001 |
|     SharedReg962_instance            |    <0.001 |
|     SharedReg963_instance            |    <0.001 |
|     SharedReg964_instance            |    <0.001 |
|     SharedReg965_instance            |    <0.001 |
|     SharedReg966_instance            |    <0.001 |
|     SharedReg967_instance            |    <0.001 |
|     SharedReg968_instance            |    <0.001 |
|     SharedReg969_instance            |    <0.001 |
|     SharedReg96_instance             |     0.002 |
|     SharedReg970_instance            |    <0.001 |
|     SharedReg971_instance            |    <0.001 |
|     SharedReg972_instance            |    <0.001 |
|     SharedReg973_instance            |    <0.001 |
|     SharedReg974_instance            |    <0.001 |
|     SharedReg975_instance            |    <0.001 |
|     SharedReg976_instance            |    <0.001 |
|     SharedReg977_instance            |    <0.001 |
|     SharedReg978_instance            |    <0.001 |
|     SharedReg979_instance            |    <0.001 |
|     SharedReg97_instance             |     0.001 |
|     SharedReg980_instance            |    <0.001 |
|     SharedReg981_instance            |    <0.001 |
|     SharedReg982_instance            |    <0.001 |
|     SharedReg983_instance            |    <0.001 |
|     SharedReg984_instance            |    <0.001 |
|     SharedReg985_instance            |    <0.001 |
|     SharedReg986_instance            |    <0.001 |
|     SharedReg987_instance            |    <0.001 |
|     SharedReg988_instance            |    <0.001 |
|     SharedReg989_instance            |    <0.001 |
|     SharedReg98_instance             |     0.002 |
|     SharedReg990_instance            |    <0.001 |
|     SharedReg991_instance            |    <0.001 |
|     SharedReg992_instance            |    <0.001 |
|     SharedReg993_instance            |    <0.001 |
|     SharedReg994_instance            |    <0.001 |
|     SharedReg995_instance            |    <0.001 |
|     SharedReg996_instance            |    <0.001 |
|     SharedReg997_instance            |    <0.001 |
|     SharedReg998_instance            |    <0.001 |
|     SharedReg999_instance            |    <0.001 |
|     SharedReg99_instance             |     0.002 |
|     SharedReg9_instance              |     0.003 |
|     SharedReg_instance               |     0.001 |
|     Subtract12_0_impl_instance       |     0.008 |
|       FPAddSubOp_instance            |     0.008 |
|         LZC_component                |     0.004 |
|         fracAdder                    |     0.001 |
|     Subtract12_1_impl_instance       |     0.008 |
|       FPAddSubOp_instance            |     0.008 |
|         LZC_component                |     0.004 |
|         fracAdder                    |     0.001 |
|     Subtract12_2_impl_instance       |     0.009 |
|       FPAddSubOp_instance            |     0.009 |
|         LZC_component                |     0.004 |
|         fracAdder                    |     0.001 |
|     Subtract1_3_impl_instance        |     0.008 |
|       FPAddSubOp_instance            |     0.008 |
|         LZC_component                |     0.004 |
|         fracAdder                    |     0.001 |
|   clk_IBUF_inst                      |    <0.001 |
|   ldiff_uu_del_1_0_enable_IBUF_inst  |    <0.001 |
|   ldiff_uu_del_1_1_enable_IBUF_inst  |    <0.001 |
|   ldiff_uu_del_1_2_enable_IBUF_inst  |    <0.001 |
|   ldiff_uu_del_1_3_enable_IBUF_inst  |    <0.001 |
|   ldiff_uv_del_1_0_enable_IBUF_inst  |    <0.001 |
|   ldiff_uv_del_1_1_enable_IBUF_inst  |    <0.001 |
|   ldiff_uv_del_1_2_enable_IBUF_inst  |    <0.001 |
|   ldiff_uv_del_1_3_enable_IBUF_inst  |    <0.001 |
|   ldiff_uw_del_1_0_enable_IBUF_inst  |    <0.001 |
|   ldiff_uw_del_1_1_enable_IBUF_inst  |    <0.001 |
|   ldiff_uw_del_1_2_enable_IBUF_inst  |    <0.001 |
|   ldiff_uw_del_1_3_enable_IBUF_inst  |    <0.001 |
|   ldiff_vu_del_1_0_enable_IBUF_inst  |    <0.001 |
|   ldiff_vu_del_1_1_enable_IBUF_inst  |    <0.001 |
|   ldiff_vu_del_1_2_enable_IBUF_inst  |    <0.001 |
|   ldiff_vu_del_1_3_enable_IBUF_inst  |    <0.001 |
|   ldiff_vv_del_1_0_enable_IBUF_inst  |    <0.001 |
|   ldiff_vv_del_1_1_enable_IBUF_inst  |    <0.001 |
|   ldiff_vv_del_1_2_enable_IBUF_inst  |    <0.001 |
|   ldiff_vv_del_1_3_enable_IBUF_inst  |    <0.001 |
|   ldiff_vw_del_1_0_enable_IBUF_inst  |    <0.001 |
|   ldiff_vw_del_1_1_enable_IBUF_inst  |    <0.001 |
|   ldiff_vw_del_1_2_enable_IBUF_inst  |    <0.001 |
|   ldiff_vw_del_1_3_enable_IBUF_inst  |    <0.001 |
|   ldiff_wu_del_1_0_enable_IBUF_inst  |    <0.001 |
|   ldiff_wu_del_1_1_enable_IBUF_inst  |    <0.001 |
|   ldiff_wu_del_1_2_enable_IBUF_inst  |    <0.001 |
|   ldiff_wu_del_1_3_enable_IBUF_inst  |    <0.001 |
|   ldiff_wv_del_1_0_enable_IBUF_inst  |    <0.001 |
|   ldiff_wv_del_1_1_enable_IBUF_inst  |    <0.001 |
|   ldiff_wv_del_1_2_enable_IBUF_inst  |    <0.001 |
|   ldiff_wv_del_1_3_enable_IBUF_inst  |    <0.001 |
|   ldiff_ww_del_1_0_enable_IBUF_inst  |    <0.001 |
|   ldiff_ww_del_1_1_enable_IBUF_inst  |    <0.001 |
|   ldiff_ww_del_1_2_enable_IBUF_inst  |    <0.001 |
|   ldiff_ww_del_1_3_enable_IBUF_inst  |    <0.001 |
|   output_select_IBUF[0]_inst         |    <0.001 |
|   output_select_IBUF[1]_inst         |    <0.001 |
|   output_select_IBUF[2]_inst         |    <0.001 |
|   output_select_IBUF[3]_inst         |    <0.001 |
|   output_select_IBUF[4]_inst         |    <0.001 |
|   output_select_IBUF[5]_inst         |    <0.001 |
|   r_u_0_enable_IBUF_inst             |    <0.001 |
|   r_u_1_enable_IBUF_inst             |    <0.001 |
|   r_u_2_enable_IBUF_inst             |    <0.001 |
|   r_u_3_enable_IBUF_inst             |    <0.001 |
|   r_v_0_enable_IBUF_inst             |    <0.001 |
|   r_v_1_enable_IBUF_inst             |    <0.001 |
|   r_v_2_enable_IBUF_inst             |    <0.001 |
|   r_v_3_enable_IBUF_inst             |    <0.001 |
|   r_w_0_enable_IBUF_inst             |    <0.001 |
|   r_w_1_enable_IBUF_inst             |    <0.001 |
|   r_w_2_enable_IBUF_inst             |    <0.001 |
|   r_w_3_enable_IBUF_inst             |    <0.001 |
|   rst_IBUF_inst                      |    <0.001 |
|   shared_input_IBUF[0]_inst          |    <0.001 |
|   shared_input_IBUF[10]_inst         |    <0.001 |
|   shared_input_IBUF[11]_inst         |    <0.001 |
|   shared_input_IBUF[12]_inst         |    <0.001 |
|   shared_input_IBUF[13]_inst         |    <0.001 |
|   shared_input_IBUF[14]_inst         |    <0.001 |
|   shared_input_IBUF[15]_inst         |    <0.001 |
|   shared_input_IBUF[16]_inst         |    <0.001 |
|   shared_input_IBUF[17]_inst         |    <0.001 |
|   shared_input_IBUF[18]_inst         |    <0.001 |
|   shared_input_IBUF[19]_inst         |    <0.001 |
|   shared_input_IBUF[1]_inst          |    <0.001 |
|   shared_input_IBUF[20]_inst         |    <0.001 |
|   shared_input_IBUF[21]_inst         |    <0.001 |
|   shared_input_IBUF[22]_inst         |    <0.001 |
|   shared_input_IBUF[23]_inst         |    <0.001 |
|   shared_input_IBUF[24]_inst         |    <0.001 |
|   shared_input_IBUF[25]_inst         |    <0.001 |
|   shared_input_IBUF[26]_inst         |    <0.001 |
|   shared_input_IBUF[27]_inst         |    <0.001 |
|   shared_input_IBUF[28]_inst         |    <0.001 |
|   shared_input_IBUF[29]_inst         |    <0.001 |
|   shared_input_IBUF[2]_inst          |    <0.001 |
|   shared_input_IBUF[30]_inst         |    <0.001 |
|   shared_input_IBUF[31]_inst         |    <0.001 |
|   shared_input_IBUF[3]_inst          |    <0.001 |
|   shared_input_IBUF[4]_inst          |    <0.001 |
|   shared_input_IBUF[5]_inst          |    <0.001 |
|   shared_input_IBUF[6]_inst          |    <0.001 |
|   shared_input_IBUF[7]_inst          |    <0.001 |
|   shared_input_IBUF[8]_inst          |    <0.001 |
|   shared_input_IBUF[9]_inst          |    <0.001 |
+--------------------------------------+-----------+


