Copyright 1986-2018 Xilinx, Inc. All Rights Reserved.
---------------------------------------------------------------------------------------------------------------------------------------------------------------------------------------------------
| Tool Version      : Vivado v.2018.1 (lin64) Build 2188600 Wed Apr  4 18:39:19 MDT 2018
| Date              : Fri Apr 24 13:53:22 2020
| Host              : animal.digi.e-technik.uni-kassel.de running 64-bit CentOS Linux release 7.7.1908 (Core)
| Command           : report_timing -file /home/nfiege/Repositories/origami/vhdl/ratII/synth/iir_sos16/NonUniformILP/iir_sos16_NonUniformILP_15_ultrascale2_250/implementedSystem_timing_synth.rpt
| Design            : implementedSystem_toplevel
| Device            : xcvu13p-fhga2104
| Speed File        : -2  PRODUCTION 1.19 03-17-2018
| Temperature Grade : E
---------------------------------------------------------------------------------------------------------------------------------------------------------------------------------------------------

Timing Report

Slack (MET) :             0.404ns  (required time - arrival time)
  Source:                 Delay1No_instance/Y_reg[20]/C
                            (rising edge-triggered cell FDCE clocked by clk  {rise@0.000ns fall@2.000ns period=4.000ns})
  Destination:            Product_0_impl_instance/SignificandMultiplication/RR__0/DSP_OUTPUT_INST/ALU_OUT[10]
                            (rising edge-triggered cell DSP_OUTPUT clocked by clk  {rise@0.000ns fall@2.000ns period=4.000ns})
  Path Group:             clk
  Path Type:              Setup (Max at Slow Process Corner)
  Requirement:            4.000ns  (clk rise@4.000ns - clk rise@0.000ns)
  Data Path Delay:        3.575ns  (logic 1.529ns (42.769%)  route 2.046ns (57.231%))
  Logic Levels:           5  (DSP_A_B_DATA=1 DSP_ALU=1 DSP_M_DATA=1 DSP_MULTIPLIER=1 DSP_PREADD_DATA=1)
  Clock Path Skew:        -0.001ns (DCD - SCD + CPR)
    Destination Clock Delay (DCD):    2.972ns = ( 6.972 - 4.000 ) 
    Source Clock Delay      (SCD):    3.411ns
    Clock Pessimism Removal (CPR):    0.438ns
  Clock Uncertainty:      0.035ns  ((TSJ^2 + TIJ^2)^1/2 + DJ) / 2 + PE
    Total System Jitter     (TSJ):    0.071ns
    Total Input Jitter      (TIJ):    0.000ns
    Discrete Jitter          (DJ):    0.000ns
    Phase Error              (PE):    0.000ns
  Clock Net Delay (Source):      2.460ns (routing 1.576ns, distribution 0.884ns)
  Clock Net Delay (Destination): 2.312ns (routing 1.429ns, distribution 0.883ns)

    Location             Delay type                Incr(ns)  Path(ns)    Netlist Resource(s)
  -------------------------------------------------------------------    -------------------
                         (clock clk rise edge)        0.000     0.000 r  
    AP13                                              0.000     0.000 r  clk (IN)
                         net (fo=0)                   0.000     0.000    clk_IBUF_inst/I
    AP13                 INBUF (Prop_INBUF_HPIOB_M_PAD_O)
                                                      0.600     0.600 r  clk_IBUF_inst/INBUF_INST/O
                         net (fo=1, routed)           0.000     0.600    clk_IBUF_inst/OUT
    AP13                 IBUFCTRL (Prop_IBUFCTRL_HPIOB_M_I_O)
                                                      0.000     0.600 r  clk_IBUF_inst/IBUFCTRL_INST/O
                         net (fo=1, routed)           0.323     0.923    clk_IBUF
    BUFGCE_X0Y170        BUFGCE (Prop_BUFCE_BUFGCE_I_O)
                                                      0.028     0.951 r  clk_IBUF_BUFG_inst/O
    X4Y2 (CLOCK_ROOT)    net (fo=20128, routed)       2.460     3.411    Delay1No_instance/clk_IBUF_BUFG
    SLR Crossing[1->0]   
    SLICE_X132Y176       FDCE                                         r  Delay1No_instance/Y_reg[20]/C
  -------------------------------------------------------------------    -------------------
    SLICE_X132Y176       FDCE (Prop_DFF_SLICEL_C_Q)
                                                      0.079     3.490 f  Delay1No_instance/Y_reg[20]/Q
                         net (fo=1, routed)           2.046     5.536    Product_0_impl_instance/SignificandMultiplication/RR__0/B[3]
    DSP48E2_X15Y75       DSP_A_B_DATA (Prop_DSP_A_B_DATA_DSP48E2_B[3]_B2_DATA[3])
                                                      0.151     5.687 r  Product_0_impl_instance/SignificandMultiplication/RR__0/DSP_A_B_DATA_INST/B2_DATA[3]
                         net (fo=1, routed)           0.000     5.687    Product_0_impl_instance/SignificandMultiplication/RR__0/DSP_A_B_DATA.B2_DATA<3>
    DSP48E2_X15Y75       DSP_PREADD_DATA (Prop_DSP_PREADD_DATA_DSP48E2_B2_DATA[3]_B2B1[3])
                                                      0.073     5.760 r  Product_0_impl_instance/SignificandMultiplication/RR__0/DSP_PREADD_DATA_INST/B2B1[3]
                         net (fo=1, routed)           0.000     5.760    Product_0_impl_instance/SignificandMultiplication/RR__0/DSP_PREADD_DATA.B2B1<3>
    DSP48E2_X15Y75       DSP_MULTIPLIER (Prop_DSP_MULTIPLIER_DSP48E2_B2B1[3]_V[10])
                                                      0.609     6.369 f  Product_0_impl_instance/SignificandMultiplication/RR__0/DSP_MULTIPLIER_INST/V[10]
                         net (fo=1, routed)           0.000     6.369    Product_0_impl_instance/SignificandMultiplication/RR__0/DSP_MULTIPLIER.V<10>
    DSP48E2_X15Y75       DSP_M_DATA (Prop_DSP_M_DATA_DSP48E2_V[10]_V_DATA[10])
                                                      0.046     6.415 r  Product_0_impl_instance/SignificandMultiplication/RR__0/DSP_M_DATA_INST/V_DATA[10]
                         net (fo=1, routed)           0.000     6.415    Product_0_impl_instance/SignificandMultiplication/RR__0/DSP_M_DATA.V_DATA<10>
    DSP48E2_X15Y75       DSP_ALU (Prop_DSP_ALU_DSP48E2_V_DATA[10]_ALU_OUT[10])
                                                      0.571     6.986 r  Product_0_impl_instance/SignificandMultiplication/RR__0/DSP_ALU_INST/ALU_OUT[10]
                         net (fo=1, routed)           0.000     6.986    Product_0_impl_instance/SignificandMultiplication/RR__0/DSP_ALU.ALU_OUT<10>
    DSP48E2_X15Y75       DSP_OUTPUT                                   r  Product_0_impl_instance/SignificandMultiplication/RR__0/DSP_OUTPUT_INST/ALU_OUT[10]
  -------------------------------------------------------------------    -------------------

                         (clock clk rise edge)        4.000     4.000 r  
    AP13                                              0.000     4.000 r  clk (IN)
                         net (fo=0)                   0.000     4.000    clk_IBUF_inst/I
    AP13                 INBUF (Prop_INBUF_HPIOB_M_PAD_O)
                                                      0.349     4.349 r  clk_IBUF_inst/INBUF_INST/O
                         net (fo=1, routed)           0.000     4.349    clk_IBUF_inst/OUT
    AP13                 IBUFCTRL (Prop_IBUFCTRL_HPIOB_M_I_O)
                                                      0.000     4.349 r  clk_IBUF_inst/IBUFCTRL_INST/O
                         net (fo=1, routed)           0.287     4.636    clk_IBUF
    BUFGCE_X0Y170        BUFGCE (Prop_BUFCE_BUFGCE_I_O)
                                                      0.024     4.660 r  clk_IBUF_BUFG_inst/O
    X4Y2 (CLOCK_ROOT)    net (fo=20128, routed)       2.312     6.972    Product_0_impl_instance/SignificandMultiplication/RR__0/CLK
    SLR Crossing[1->0]   
    DSP48E2_X15Y75       DSP_OUTPUT                                   r  Product_0_impl_instance/SignificandMultiplication/RR__0/DSP_OUTPUT_INST/CLK
                         clock pessimism              0.438     7.410    
                         clock uncertainty           -0.035     7.374    
    DSP48E2_X15Y75       DSP_OUTPUT (Setup_DSP_OUTPUT_DSP48E2_CLK_ALU_OUT[10])
                                                      0.015     7.389    Product_0_impl_instance/SignificandMultiplication/RR__0/DSP_OUTPUT_INST
  -------------------------------------------------------------------
                         required time                          7.389    
                         arrival time                          -6.986    
  -------------------------------------------------------------------
                         slack                                  0.404    




