Copyright 1986-2018 Xilinx, Inc. All Rights Reserved.
------------------------------------------------------------------------------------------------------------------------------------------------------------------------------------------------
| Tool Version      : Vivado v.2018.1 (lin64) Build 2188600 Wed Apr  4 18:39:19 MDT 2018
| Date              : Wed Dec  9 02:43:46 2020
| Host              : animal.digi.e-technik.uni-kassel.de running 64-bit CentOS Linux release 7.8.2003 (Core)
| Command           : report_timing -file /home/nfiege/Repositories/origami/vhdl/ratII/synth/fir_SAM/NonUniformILP/fir_SAM_NonUniformILP_165_ultrascale2_250/implementedSystem_timing_synth.rpt
| Design            : implementedSystem_toplevel
| Device            : xcvu13p-fhga2104
| Speed File        : -2  PRODUCTION 1.19 03-17-2018
| Temperature Grade : E
------------------------------------------------------------------------------------------------------------------------------------------------------------------------------------------------

Timing Report

Slack (MET) :             0.224ns  (required time - arrival time)
  Source:                 Delay313No2_instance/s11_reg_c/C
                            (rising edge-triggered cell FDCE clocked by clk  {rise@0.000ns fall@2.000ns period=4.000ns})
  Destination:            SharedReg56_instance/Y_reg[2]/D
                            (rising edge-triggered cell FDCE clocked by clk  {rise@0.000ns fall@2.000ns period=4.000ns})
  Path Group:             clk
  Path Type:              Setup (Max at Slow Process Corner)
  Requirement:            4.000ns  (clk rise@4.000ns - clk rise@0.000ns)
  Data Path Delay:        3.411ns  (logic 0.130ns (3.811%)  route 3.281ns (96.189%))
  Logic Levels:           1  (LUT2=1)
  Clock Path Skew:        -0.355ns (DCD - SCD + CPR)
    Destination Clock Delay (DCD):    3.089ns = ( 7.089 - 4.000 ) 
    Source Clock Delay      (SCD):    3.845ns
    Clock Pessimism Removal (CPR):    0.401ns
  Clock Uncertainty:      0.035ns  ((TSJ^2 + TIJ^2)^1/2 + DJ) / 2 + PE
    Total System Jitter     (TSJ):    0.071ns
    Total Input Jitter      (TIJ):    0.000ns
    Discrete Jitter          (DJ):    0.000ns
    Phase Error              (PE):    0.000ns
  Clock Net Delay (Source):      2.810ns (routing 1.167ns, distribution 1.643ns)
  Clock Net Delay (Destination): 2.348ns (routing 1.060ns, distribution 1.288ns)

    Location             Delay type                Incr(ns)  Path(ns)    Netlist Resource(s)
  -------------------------------------------------------------------    -------------------
                         (clock clk rise edge)        0.000     0.000 r  
    BC10                                              0.000     0.000 r  clk (IN)
                         net (fo=0)                   0.000     0.000    clk_IBUF_inst/I
    BC10                 INBUF (Prop_INBUF_HPIOB_M_PAD_O)
                                                      0.659     0.659 r  clk_IBUF_inst/INBUF_INST/O
                         net (fo=1, routed)           0.000     0.659    clk_IBUF_inst/OUT
    BC10                 IBUFCTRL (Prop_IBUFCTRL_HPIOB_M_I_O)
                                                      0.000     0.659 r  clk_IBUF_inst/IBUFCTRL_INST/O
                         net (fo=1, routed)           0.348     1.007    clk_IBUF
    BUFGCE_X0Y146        BUFGCE (Prop_BUFCE_BUFGCE_I_O)
                                                      0.028     1.035 r  clk_IBUF_BUFG_inst/O
    X3Y4 (CLOCK_ROOT)    net (fo=98895, routed)       2.810     3.845    Delay313No2_instance/clk_IBUF_BUFG
    SLICE_X150Y270       FDCE                                         r  Delay313No2_instance/s11_reg_c/C
  -------------------------------------------------------------------    -------------------
    SLICE_X150Y270       FDCE (Prop_EFF2_SLICEM_C_Q)
                                                      0.079     3.924 r  Delay313No2_instance/s11_reg_c/Q
                         net (fo=457, routed)         3.209     7.133    SharedReg56_instance/s11_reg_c
    SLICE_X107Y302       LUT2 (Prop_D6LUT_SLICEM_I1_O)
                                                      0.051     7.184 r  SharedReg56_instance/s11_reg_gate__30/O
                         net (fo=1, routed)           0.072     7.256    SharedReg56_instance/s11_reg_gate__30_n_0
    SLICE_X107Y302       FDCE                                         r  SharedReg56_instance/Y_reg[2]/D
  -------------------------------------------------------------------    -------------------

                         (clock clk rise edge)        4.000     4.000 r  
    BC10                                              0.000     4.000 r  clk (IN)
                         net (fo=0)                   0.000     4.000    clk_IBUF_inst/I
    BC10                 INBUF (Prop_INBUF_HPIOB_M_PAD_O)
                                                      0.408     4.408 r  clk_IBUF_inst/INBUF_INST/O
                         net (fo=1, routed)           0.000     4.408    clk_IBUF_inst/OUT
    BC10                 IBUFCTRL (Prop_IBUFCTRL_HPIOB_M_I_O)
                                                      0.000     4.408 r  clk_IBUF_inst/IBUFCTRL_INST/O
                         net (fo=1, routed)           0.309     4.717    clk_IBUF
    BUFGCE_X0Y146        BUFGCE (Prop_BUFCE_BUFGCE_I_O)
                                                      0.024     4.741 r  clk_IBUF_BUFG_inst/O
    X3Y4 (CLOCK_ROOT)    net (fo=98895, routed)       2.348     7.089    SharedReg56_instance/clk
    SLICE_X107Y302       FDCE                                         r  SharedReg56_instance/Y_reg[2]/C
                         clock pessimism              0.401     7.490    
                         clock uncertainty           -0.035     7.455    
    SLICE_X107Y302       FDCE (Setup_DFF_SLICEM_C_D)
                                                      0.025     7.480    SharedReg56_instance/Y_reg[2]
  -------------------------------------------------------------------
                         required time                          7.480    
                         arrival time                          -7.256    
  -------------------------------------------------------------------
                         slack                                  0.224    




