Copyright 1986-2018 Xilinx, Inc. All Rights Reserved.
---------------------------------------------------------------------------------------------------------------------------------------------------------------------------------------------------
| Tool Version      : Vivado v.2018.1 (lin64) Build 2188600 Wed Apr  4 18:39:19 MDT 2018
| Date              : Thu Aug 26 13:17:55 2021
| Host              : animal.digi.e-technik.uni-kassel.de running 64-bit AlmaLinux release 8.3 (Purple Manul)
| Command           : report_timing -file /home/nfiege/Repositories/origami/vhdl/ratII/synth/iir_sos16/UniformILPNew/iir_sos16_UniformILPNew_42_ultrascale2_250/implementedSystem_timing_synth.rpt
| Design            : implementedSystem_toplevel
| Device            : xcvu13p-fhga2104
| Speed File        : -2  PRODUCTION 1.19 03-17-2018
| Temperature Grade : E
---------------------------------------------------------------------------------------------------------------------------------------------------------------------------------------------------

Timing Report

Slack (MET) :             0.640ns  (required time - arrival time)
  Source:                 ModCount641_instance/count_reg[4]/C
                            (rising edge-triggered cell FDCE clocked by clk  {rise@0.000ns fall@2.000ns period=4.000ns})
  Destination:            Delay1No15_instance/Y_reg[2]/D
                            (rising edge-triggered cell FDCE clocked by clk  {rise@0.000ns fall@2.000ns period=4.000ns})
  Path Group:             clk
  Path Type:              Setup (Max at Slow Process Corner)
  Requirement:            4.000ns  (clk rise@4.000ns - clk rise@0.000ns)
  Data Path Delay:        3.252ns  (logic 0.204ns (6.273%)  route 3.048ns (93.727%))
  Logic Levels:           1  (LUT6=1)
  Clock Path Skew:        -0.097ns (DCD - SCD + CPR)
    Destination Clock Delay (DCD):    1.724ns = ( 5.724 - 4.000 ) 
    Source Clock Delay      (SCD):    2.180ns
    Clock Pessimism Removal (CPR):    0.358ns
  Clock Uncertainty:      0.035ns  ((TSJ^2 + TIJ^2)^1/2 + DJ) / 2 + PE
    Total System Jitter     (TSJ):    0.071ns
    Total Input Jitter      (TIJ):    0.000ns
    Discrete Jitter          (DJ):    0.000ns
    Phase Error              (PE):    0.000ns
  Clock Net Delay (Source):      1.229ns (routing 0.170ns, distribution 1.059ns)
  Clock Net Delay (Destination): 1.064ns (routing 0.155ns, distribution 0.909ns)

    Location             Delay type                Incr(ns)  Path(ns)    Netlist Resource(s)
  -------------------------------------------------------------------    -------------------
                         (clock clk rise edge)        0.000     0.000 r  
    AP13                                              0.000     0.000 r  clk (IN)
                         net (fo=0)                   0.000     0.000    clk_IBUF_inst/I
    AP13                 INBUF (Prop_INBUF_HPIOB_M_PAD_O)
                                                      0.600     0.600 r  clk_IBUF_inst/INBUF_INST/O
                         net (fo=1, routed)           0.000     0.600    clk_IBUF_inst/OUT
    AP13                 IBUFCTRL (Prop_IBUFCTRL_HPIOB_M_I_O)
                                                      0.000     0.600 r  clk_IBUF_inst/IBUFCTRL_INST/O
                         net (fo=1, routed)           0.323     0.923    clk_IBUF
    BUFGCE_X0Y170        BUFGCE (Prop_BUFCE_BUFGCE_I_O)
                                                      0.028     0.951 r  clk_IBUF_BUFG_inst/O
    X4Y7 (CLOCK_ROOT)    net (fo=12553, routed)       1.229     2.180    ModCount641_instance/clk_IBUF_BUFG
    SLICE_X138Y459       FDCE                                         r  ModCount641_instance/count_reg[4]/C
  -------------------------------------------------------------------    -------------------
    SLICE_X138Y459       FDCE (Prop_EFF2_SLICEL_C_Q)
                                                      0.081     2.261 r  ModCount641_instance/count_reg[4]/Q
                         net (fo=102, routed)         2.997     5.258    MUX_Sum1_0_impl_1_instance/Q[1]
    SLICE_X131Y423       LUT6 (Prop_F6LUT_SLICEL_I4_O)
                                                      0.123     5.381 r  MUX_Sum1_0_impl_1_instance/Y[2]_i_1/O
                         net (fo=1, routed)           0.051     5.432    Delay1No15_instance/count_reg[5]_rep[2]
    SLICE_X131Y423       FDCE                                         r  Delay1No15_instance/Y_reg[2]/D
  -------------------------------------------------------------------    -------------------

                         (clock clk rise edge)        4.000     4.000 r  
    AP13                                              0.000     4.000 r  clk (IN)
                         net (fo=0)                   0.000     4.000    clk_IBUF_inst/I
    AP13                 INBUF (Prop_INBUF_HPIOB_M_PAD_O)
                                                      0.349     4.349 r  clk_IBUF_inst/INBUF_INST/O
                         net (fo=1, routed)           0.000     4.349    clk_IBUF_inst/OUT
    AP13                 IBUFCTRL (Prop_IBUFCTRL_HPIOB_M_I_O)
                                                      0.000     4.349 r  clk_IBUF_inst/IBUFCTRL_INST/O
                         net (fo=1, routed)           0.287     4.636    clk_IBUF
    BUFGCE_X0Y170        BUFGCE (Prop_BUFCE_BUFGCE_I_O)
                                                      0.024     4.660 r  clk_IBUF_BUFG_inst/O
    X4Y7 (CLOCK_ROOT)    net (fo=12553, routed)       1.064     5.724    Delay1No15_instance/clk_IBUF_BUFG
    SLICE_X131Y423       FDCE                                         r  Delay1No15_instance/Y_reg[2]/C
                         clock pessimism              0.358     6.082    
                         clock uncertainty           -0.035     6.047    
    SLICE_X131Y423       FDCE (Setup_FFF_SLICEL_C_D)
                                                      0.025     6.072    Delay1No15_instance/Y_reg[2]
  -------------------------------------------------------------------
                         required time                          6.072    
                         arrival time                          -5.432    
  -------------------------------------------------------------------
                         slack                                  0.640    




