Copyright 1986-2018 Xilinx, Inc. All Rights Reserved.
------------------------------------------------------------------------------------------------------------------------------------------------------------------------------------
| Tool Version     : Vivado v.2018.1 (lin64) Build 2188600 Wed Apr  4 18:39:19 MDT 2018
| Date             : Mon Apr 20 14:27:06 2020
| Host             : animal.digi.e-technik.uni-kassel.de running 64-bit CentOS Linux release 7.7.1908 (Core)
| Command          : report_power -file /home/nfiege/Repositories/origami/vhdl/ratII/synth/intII/ycbcr_tr/ycbcr_tr_ED97_3_ultrascale2_250/implementedSystem_power_synth.rpt
| Design           : implementedSystem_toplevel
| Device           : xcvu13p-fhga2104-2-e
| Design State     : routed
| Grade            : extended
| Process          : typical
| Characterization : Production
------------------------------------------------------------------------------------------------------------------------------------------------------------------------------------

Power Report

Table of Contents
-----------------
1. Summary
1.1 On-Chip Components
1.2 Power Supply Summary
1.3 Confidence Level
2. Settings
2.1 Environment
2.2 Clock Constraints
3. Detailed Reports
3.1 By Hierarchy

1. Summary
----------

+--------------------------+--------------+
| Total On-Chip Power (W)  | 3.431        |
| Design Power Budget (W)  | Unspecified* |
| Power Budget Margin (W)  | NA           |
| Dynamic (W)              | 0.476        |
| Device Static (W)        | 2.955        |
| Effective TJA (C/W)      | 0.5          |
| Max Ambient (C)          | 98.1         |
| Junction Temperature (C) | 26.9         |
| Confidence Level         | Low          |
| Setting File             | ---          |
| Simulation Activity File | ---          |
| Design Nets Matched      | NA           |
+--------------------------+--------------+
* Specify Design Power Budget using, set_operating_conditions -design_power_budget <value in Watts>


1.1 On-Chip Components
----------------------

+-------------------------+-----------+----------+-----------+-----------------+
| On-Chip                 | Power (W) | Used     | Available | Utilization (%) |
+-------------------------+-----------+----------+-----------+-----------------+
| Clocks                  |     0.026 |        3 |       --- |             --- |
| CLB Logic               |     0.053 |     5304 |       --- |             --- |
|   LUT as Logic          |     0.045 |     2157 |   1728000 |            0.12 |
|   Register              |     0.005 |     2298 |   3456000 |            0.07 |
|   LUT as Shift Register |     0.003 |      126 |    791040 |            0.02 |
|   CARRY8                |     0.001 |      107 |    216000 |            0.05 |
|   Others                |     0.000 |       93 |       --- |             --- |
| Signals                 |     0.064 |     4466 |       --- |             --- |
| DSPs                    |     0.009 |        8 |     12288 |            0.07 |
| I/O                     |     0.323 |      194 |       832 |           23.32 |
| Static Power            |     2.955 |          |           |                 |
| Total                   |     3.431 |          |           |                 |
+-------------------------+-----------+----------+-----------+-----------------+


1.2 Power Supply Summary
------------------------

+------------+-------------+-----------+-------------+------------+
| Source     | Voltage (V) | Total (A) | Dynamic (A) | Static (A) |
+------------+-------------+-----------+-------------+------------+
| Vccint     |       0.850 |     1.330 |       0.181 |      1.149 |
| Vccint_io  |       0.850 |     0.156 |       0.014 |      0.142 |
| Vccbram    |       0.850 |     0.020 |       0.000 |      0.020 |
| Vccaux     |       1.800 |     0.886 |       0.000 |      0.886 |
| Vccaux_io  |       1.800 |     0.154 |       0.050 |      0.104 |
| Vcco33     |       3.300 |     0.000 |       0.000 |      0.000 |
| Vcco25     |       2.500 |     0.000 |       0.000 |      0.000 |
| Vcco18     |       1.800 |     0.123 |       0.123 |      0.000 |
| Vcco15     |       1.500 |     0.000 |       0.000 |      0.000 |
| Vcco135    |       1.350 |     0.000 |       0.000 |      0.000 |
| Vcco12     |       1.200 |     0.000 |       0.000 |      0.000 |
| Vcco10     |       1.000 |     0.000 |       0.000 |      0.000 |
| Vccadc     |       1.800 |     0.032 |       0.000 |      0.032 |
| MGTYAVcc   |       0.900 |     0.000 |       0.000 |      0.000 |
| MGTYAVtt   |       1.200 |     0.000 |       0.000 |      0.000 |
| MGTYVccaux |       1.800 |     0.000 |       0.000 |      0.000 |
+------------+-------------+-----------+-------------+------------+


1.3 Confidence Level
--------------------

+-----------------------------+------------+--------------------------------------------------------+------------------------------------------------------------------------------------------------------------+
| User Input Data             | Confidence | Details                                                | Action                                                                                                     |
+-----------------------------+------------+--------------------------------------------------------+------------------------------------------------------------------------------------------------------------+
| Design implementation state | High       | Design is routed                                       |                                                                                                            |
| Clock nodes activity        | High       | User specified more than 95% of clocks                 |                                                                                                            |
| I/O nodes activity          | Low        | More than 75% of inputs are missing user specification | Provide missing input activity with simulation results or by editing the "By Resource Type -> I/Os" view   |
| Internal nodes activity     | Medium     | User specified less than 25% of internal nodes         | Provide missing internal nodes activity with simulation results or by editing the "By Resource Type" views |
| Device models               | High       | Device models are Production                           |                                                                                                            |
|                             |            |                                                        |                                                                                                            |
| Overall confidence level    | Low        |                                                        |                                                                                                            |
+-----------------------------+------------+--------------------------------------------------------+------------------------------------------------------------------------------------------------------------+


2. Settings
-----------

2.1 Environment
---------------

+-----------------------+--------------------------+
| Ambient Temp (C)      | 25.0                     |
| ThetaJA (C/W)         | 0.5                      |
| Airflow (LFM)         | 250                      |
| Heat Sink             | medium (Medium Profile)  |
| ThetaSA (C/W)         | 0.7                      |
| Board Selection       | medium (10"x10")         |
| # of Board Layers     | 12to15 (12 to 15 Layers) |
| Board Temperature (C) | 25.0                     |
+-----------------------+--------------------------+


2.2 Clock Constraints
---------------------

+-------+--------+-----------------+
| Clock | Domain | Constraint (ns) |
+-------+--------+-----------------+
| clk   | clk    |             4.0 |
+-------+--------+-----------------+


3. Detailed Reports
-------------------

3.1 By Hierarchy
----------------

+-------------------------------+-----------+
| Name                          | Power (W) |
+-------------------------------+-----------+
| implementedSystem_toplevel    |     0.476 |
|   Delay2No11_instance         |     0.008 |
|   Delay2No12_instance         |     0.004 |
|   Delay2No13_instance         |     0.006 |
|   Delay2No14_instance         |     0.007 |
|   Delay2No1_instance          |     0.003 |
|   Delay2No2_instance          |    <0.001 |
|   Delay2No4_instance          |     0.005 |
|   Delay2No5_instance          |     0.008 |
|   Delay2No6_instance          |     0.008 |
|   Delay2No_instance           |     0.003 |
|   Delay7No1_instance          |    <0.001 |
|   Delay7No2_instance          |    <0.001 |
|   Delay7No3_instance          |    <0.001 |
|   Delay7No4_instance          |     0.011 |
|   Delay7No_instance           |    <0.001 |
|   In_CB_IBUF[0]_inst          |    <0.001 |
|   In_CB_IBUF[10]_inst         |    <0.001 |
|   In_CB_IBUF[11]_inst         |    <0.001 |
|   In_CB_IBUF[12]_inst         |    <0.001 |
|   In_CB_IBUF[13]_inst         |    <0.001 |
|   In_CB_IBUF[14]_inst         |    <0.001 |
|   In_CB_IBUF[15]_inst         |    <0.001 |
|   In_CB_IBUF[16]_inst         |    <0.001 |
|   In_CB_IBUF[17]_inst         |    <0.001 |
|   In_CB_IBUF[18]_inst         |    <0.001 |
|   In_CB_IBUF[19]_inst         |    <0.001 |
|   In_CB_IBUF[1]_inst          |    <0.001 |
|   In_CB_IBUF[20]_inst         |    <0.001 |
|   In_CB_IBUF[21]_inst         |    <0.001 |
|   In_CB_IBUF[22]_inst         |    <0.001 |
|   In_CB_IBUF[23]_inst         |    <0.001 |
|   In_CB_IBUF[24]_inst         |    <0.001 |
|   In_CB_IBUF[25]_inst         |    <0.001 |
|   In_CB_IBUF[26]_inst         |    <0.001 |
|   In_CB_IBUF[27]_inst         |    <0.001 |
|   In_CB_IBUF[28]_inst         |    <0.001 |
|   In_CB_IBUF[29]_inst         |    <0.001 |
|   In_CB_IBUF[2]_inst          |    <0.001 |
|   In_CB_IBUF[30]_inst         |    <0.001 |
|   In_CB_IBUF[31]_inst         |    <0.001 |
|   In_CB_IBUF[3]_inst          |    <0.001 |
|   In_CB_IBUF[4]_inst          |    <0.001 |
|   In_CB_IBUF[5]_inst          |    <0.001 |
|   In_CB_IBUF[6]_inst          |    <0.001 |
|   In_CB_IBUF[7]_inst          |    <0.001 |
|   In_CB_IBUF[8]_inst          |    <0.001 |
|   In_CB_IBUF[9]_inst          |    <0.001 |
|   In_CR_IBUF[0]_inst          |    <0.001 |
|   In_CR_IBUF[10]_inst         |    <0.001 |
|   In_CR_IBUF[11]_inst         |    <0.001 |
|   In_CR_IBUF[12]_inst         |    <0.001 |
|   In_CR_IBUF[13]_inst         |    <0.001 |
|   In_CR_IBUF[14]_inst         |    <0.001 |
|   In_CR_IBUF[15]_inst         |    <0.001 |
|   In_CR_IBUF[16]_inst         |    <0.001 |
|   In_CR_IBUF[17]_inst         |    <0.001 |
|   In_CR_IBUF[18]_inst         |    <0.001 |
|   In_CR_IBUF[19]_inst         |    <0.001 |
|   In_CR_IBUF[1]_inst          |    <0.001 |
|   In_CR_IBUF[20]_inst         |    <0.001 |
|   In_CR_IBUF[21]_inst         |    <0.001 |
|   In_CR_IBUF[22]_inst         |    <0.001 |
|   In_CR_IBUF[23]_inst         |    <0.001 |
|   In_CR_IBUF[24]_inst         |    <0.001 |
|   In_CR_IBUF[25]_inst         |    <0.001 |
|   In_CR_IBUF[26]_inst         |    <0.001 |
|   In_CR_IBUF[27]_inst         |    <0.001 |
|   In_CR_IBUF[28]_inst         |    <0.001 |
|   In_CR_IBUF[29]_inst         |    <0.001 |
|   In_CR_IBUF[2]_inst          |    <0.001 |
|   In_CR_IBUF[30]_inst         |    <0.001 |
|   In_CR_IBUF[31]_inst         |    <0.001 |
|   In_CR_IBUF[3]_inst          |    <0.001 |
|   In_CR_IBUF[4]_inst          |    <0.001 |
|   In_CR_IBUF[5]_inst          |    <0.001 |
|   In_CR_IBUF[6]_inst          |    <0.001 |
|   In_CR_IBUF[7]_inst          |    <0.001 |
|   In_CR_IBUF[8]_inst          |    <0.001 |
|   In_CR_IBUF[9]_inst          |    <0.001 |
|   In_Y_IBUF[0]_inst           |    <0.001 |
|   In_Y_IBUF[10]_inst          |    <0.001 |
|   In_Y_IBUF[11]_inst          |    <0.001 |
|   In_Y_IBUF[12]_inst          |    <0.001 |
|   In_Y_IBUF[13]_inst          |    <0.001 |
|   In_Y_IBUF[14]_inst          |    <0.001 |
|   In_Y_IBUF[15]_inst          |    <0.001 |
|   In_Y_IBUF[16]_inst          |    <0.001 |
|   In_Y_IBUF[17]_inst          |    <0.001 |
|   In_Y_IBUF[18]_inst          |    <0.001 |
|   In_Y_IBUF[19]_inst          |    <0.001 |
|   In_Y_IBUF[1]_inst           |    <0.001 |
|   In_Y_IBUF[20]_inst          |    <0.001 |
|   In_Y_IBUF[21]_inst          |    <0.001 |
|   In_Y_IBUF[22]_inst          |    <0.001 |
|   In_Y_IBUF[23]_inst          |    <0.001 |
|   In_Y_IBUF[24]_inst          |    <0.001 |
|   In_Y_IBUF[25]_inst          |    <0.001 |
|   In_Y_IBUF[26]_inst          |    <0.001 |
|   In_Y_IBUF[27]_inst          |    <0.001 |
|   In_Y_IBUF[28]_inst          |    <0.001 |
|   In_Y_IBUF[29]_inst          |    <0.001 |
|   In_Y_IBUF[2]_inst           |    <0.001 |
|   In_Y_IBUF[30]_inst          |    <0.001 |
|   In_Y_IBUF[31]_inst          |    <0.001 |
|   In_Y_IBUF[3]_inst           |    <0.001 |
|   In_Y_IBUF[4]_inst           |    <0.001 |
|   In_Y_IBUF[5]_inst           |    <0.001 |
|   In_Y_IBUF[6]_inst           |    <0.001 |
|   In_Y_IBUF[7]_inst           |    <0.001 |
|   In_Y_IBUF[8]_inst           |    <0.001 |
|   In_Y_IBUF[9]_inst           |    <0.001 |
|   Product4_impl_instance      |     0.006 |
|     SignificandMultiplication |     0.004 |
|   Product5_impl_instance      |     0.005 |
|     SignificandMultiplication |     0.003 |
|   Product6_impl_instance      |     0.006 |
|     SignificandMultiplication |     0.004 |
|   Product7_impl_instance      |     0.005 |
|     SignificandMultiplication |     0.003 |
|   SharedReg1_instance         |     0.002 |
|   SharedReg2_instance         |     0.002 |
|   SharedReg_instance          |     0.014 |
|   Subtract3_impl_instance     |     0.006 |
|     FPAddSubOp_instance       |     0.006 |
|       LZC_component           |     0.003 |
|       fracAdder               |    <0.001 |
|   Sum4_impl_instance          |     0.006 |
|     FPAddSubOp_instance       |     0.006 |
|       LZC_component           |     0.002 |
|       fracAdder               |    <0.001 |
|   Sum5_impl_instance          |     0.008 |
|     FPAddSubOp_instance       |     0.008 |
|       LZC_component           |     0.004 |
|       fracAdder               |    <0.001 |
|   Sum6Tree0_impl_instance     |     0.008 |
|     FPAddSubOp_instance       |     0.008 |
|       LZC_component           |     0.004 |
|       fracAdder               |     0.001 |
|   Sum6Tree1_impl_instance     |     0.009 |
|     FPAddSubOp_instance       |     0.009 |
|       LZC_component           |     0.004 |
|       fracAdder               |     0.001 |
|   Sum7_impl_instance          |     0.009 |
|     FPAddSubOp_instance       |     0.009 |
|       LZC_component           |     0.004 |
|       fracAdder               |     0.001 |
|   clk_IBUF_inst               |    <0.001 |
|   rst_IBUF_inst               |    <0.001 |
+-------------------------------+-----------+


