Copyright 1986-2018 Xilinx, Inc. All Rights Reserved.
-----------------------------------------------------------------------------------------------------------------------------------------------------------------------------------------------
| Tool Version      : Vivado v.2018.1 (lin64) Build 2188600 Wed Apr  4 18:39:19 MDT 2018
| Date              : Thu Aug 26 00:20:12 2021
| Host              : animal.digi.e-technik.uni-kassel.de running 64-bit AlmaLinux release 8.3 (Purple Manul)
| Command           : report_timing -file /home/nfiege/Repositories/origami/vhdl/ratII/synth/fir_SHI/UniformILPNew/fir_SHI_UniformILPNew_61_ultrascale2_250/implementedSystem_timing_synth.rpt
| Design            : implementedSystem_toplevel
| Device            : xcvu13p-fhga2104
| Speed File        : -2  PRODUCTION 1.19 03-17-2018
| Temperature Grade : E
-----------------------------------------------------------------------------------------------------------------------------------------------------------------------------------------------

Timing Report

Slack (MET) :             0.412ns  (required time - arrival time)
  Source:                 Delay1No30_instance/Y_reg[27]/C
                            (rising edge-triggered cell FDCE clocked by clk  {rise@0.000ns fall@2.000ns period=4.000ns})
  Destination:            Sum11_4_impl_instance/FPAddSubOp_instance/shiftedFracY_d1_reg[32]/D
                            (rising edge-triggered cell FDRE clocked by clk  {rise@0.000ns fall@2.000ns period=4.000ns})
  Path Group:             clk
  Path Type:              Setup (Max at Slow Process Corner)
  Requirement:            4.000ns  (clk rise@4.000ns - clk rise@0.000ns)
  Data Path Delay:        3.350ns  (logic 0.879ns (26.239%)  route 2.471ns (73.761%))
  Logic Levels:           9  (CARRY8=2 LUT4=1 LUT5=3 LUT6=3)
  Clock Path Skew:        -0.228ns (DCD - SCD + CPR)
    Destination Clock Delay (DCD):    2.192ns = ( 6.192 - 4.000 ) 
    Source Clock Delay      (SCD):    2.776ns
    Clock Pessimism Removal (CPR):    0.356ns
  Clock Uncertainty:      0.035ns  ((TSJ^2 + TIJ^2)^1/2 + DJ) / 2 + PE
    Total System Jitter     (TSJ):    0.071ns
    Total Input Jitter      (TIJ):    0.000ns
    Discrete Jitter          (DJ):    0.000ns
    Phase Error              (PE):    0.000ns
  Clock Net Delay (Source):      1.825ns (routing 0.711ns, distribution 1.114ns)
  Clock Net Delay (Destination): 1.532ns (routing 0.646ns, distribution 0.886ns)

    Location             Delay type                Incr(ns)  Path(ns)    Netlist Resource(s)
  -------------------------------------------------------------------    -------------------
                         (clock clk rise edge)        0.000     0.000 r  
    AP13                                              0.000     0.000 r  clk (IN)
                         net (fo=0)                   0.000     0.000    clk_IBUF_inst/I
    AP13                 INBUF (Prop_INBUF_HPIOB_M_PAD_O)
                                                      0.600     0.600 r  clk_IBUF_inst/INBUF_INST/O
                         net (fo=1, routed)           0.000     0.600    clk_IBUF_inst/OUT
    AP13                 IBUFCTRL (Prop_IBUFCTRL_HPIOB_M_I_O)
                                                      0.000     0.600 r  clk_IBUF_inst/IBUFCTRL_INST/O
                         net (fo=1, routed)           0.323     0.923    clk_IBUF
    BUFGCE_X0Y170        BUFGCE (Prop_BUFCE_BUFGCE_I_O)
                                                      0.028     0.951 r  clk_IBUF_BUFG_inst/O
    X4Y6 (CLOCK_ROOT)    net (fo=12121, routed)       1.825     2.776    Delay1No30_instance/clk_IBUF_BUFG
    SLICE_X134Y430       FDCE                                         r  Delay1No30_instance/Y_reg[27]/C
  -------------------------------------------------------------------    -------------------
    SLICE_X134Y430       FDCE (Prop_DFF_SLICEL_C_Q)
                                                      0.079     2.855 r  Delay1No30_instance/Y_reg[27]/Q
                         net (fo=8, routed)           0.530     3.385    Delay1No30_instance/Q[27]
    SLICE_X131Y398       LUT4 (Prop_F6LUT_SLICEL_I2_O)
                                                      0.049     3.434 r  Delay1No30_instance/geqOp_carry__0_i_11__8/O
                         net (fo=1, routed)           0.011     3.445    Sum11_4_impl_instance/FPAddSubOp_instance/Y_reg[30]_0[5]
    SLICE_X131Y398       CARRY8 (Prop_CARRY8_SLICEL_S[5]_CO[7])
                                                      0.155     3.600 r  Sum11_4_impl_instance/FPAddSubOp_instance/geqOp_carry__0/CO[7]
                         net (fo=1, routed)           0.026     3.626    Sum11_4_impl_instance/FPAddSubOp_instance/geqOp_carry__0_n_0
    SLICE_X131Y399       CARRY8 (Prop_CARRY8_SLICEL_CI_CO[0])
                                                      0.052     3.678 r  Sum11_4_impl_instance/FPAddSubOp_instance/geqOp_carry__1/CO[0]
                         net (fo=73, routed)          0.528     4.206    Delay1No30_instance/CO[0]
    SLICE_X126Y400       LUT5 (Prop_G6LUT_SLICEM_I4_O)
                                                      0.052     4.258 f  Delay1No30_instance/shiftedFracY_d1[32]_i_5__8/O
                         net (fo=3, routed)           0.243     4.501    Delay1No30_instance/Sum11_4_impl_instance/FPAddSubOp_instance/expDiff__26[2]
    SLICE_X127Y400       LUT6 (Prop_H6LUT_SLICEL_I3_O)
                                                      0.099     4.600 f  Delay1No30_instance/shiftedFracY_d1[32]_i_9__8/O
                         net (fo=3, routed)           0.297     4.897    Delay1No30_instance/shiftedFracY_d1[32]_i_9__8_n_0
    SLICE_X126Y400       LUT5 (Prop_A6LUT_SLICEM_I4_O)
                                                      0.053     4.950 r  Delay1No30_instance/shiftedFracY_d1[49]_i_7__8/O
                         net (fo=32, routed)          0.361     5.311    Delay1No31_instance/Y_reg[23]_0
    SLICE_X128Y397       LUT6 (Prop_E6LUT_SLICEM_I4_O)
                                                      0.091     5.402 r  Delay1No31_instance/shiftedFracY_d1[8]_i_2__8/O
                         net (fo=4, routed)           0.158     5.560    Delay1No31_instance/Sum11_4_impl_instance/level2[9]
    SLICE_X127Y397       LUT6 (Prop_H6LUT_SLICEL_I5_O)
                                                      0.099     5.659 r  Delay1No31_instance/shiftedFracY_d1[32]_i_4__8/O
                         net (fo=2, routed)           0.266     5.925    Delay1No30_instance/Y_reg[26]_0[9]
    SLICE_X125Y398       LUT5 (Prop_H6LUT_SLICEL_I4_O)
                                                      0.150     6.075 r  Delay1No30_instance/shiftedFracY_d1[32]_i_1__8/O
                         net (fo=1, routed)           0.051     6.126    Sum11_4_impl_instance/FPAddSubOp_instance/D[21]
    SLICE_X125Y398       FDRE                                         r  Sum11_4_impl_instance/FPAddSubOp_instance/shiftedFracY_d1_reg[32]/D
  -------------------------------------------------------------------    -------------------

                         (clock clk rise edge)        4.000     4.000 r  
    AP13                                              0.000     4.000 r  clk (IN)
                         net (fo=0)                   0.000     4.000    clk_IBUF_inst/I
    AP13                 INBUF (Prop_INBUF_HPIOB_M_PAD_O)
                                                      0.349     4.349 r  clk_IBUF_inst/INBUF_INST/O
                         net (fo=1, routed)           0.000     4.349    clk_IBUF_inst/OUT
    AP13                 IBUFCTRL (Prop_IBUFCTRL_HPIOB_M_I_O)
                                                      0.000     4.349 r  clk_IBUF_inst/IBUFCTRL_INST/O
                         net (fo=1, routed)           0.287     4.636    clk_IBUF
    BUFGCE_X0Y170        BUFGCE (Prop_BUFCE_BUFGCE_I_O)
                                                      0.024     4.660 r  clk_IBUF_BUFG_inst/O
    X4Y6 (CLOCK_ROOT)    net (fo=12121, routed)       1.532     6.192    Sum11_4_impl_instance/FPAddSubOp_instance/clk_IBUF_BUFG
    SLICE_X125Y398       FDRE                                         r  Sum11_4_impl_instance/FPAddSubOp_instance/shiftedFracY_d1_reg[32]/C
                         clock pessimism              0.356     6.548    
                         clock uncertainty           -0.035     6.512    
    SLICE_X125Y398       FDRE (Setup_HFF_SLICEL_C_D)
                                                      0.025     6.537    Sum11_4_impl_instance/FPAddSubOp_instance/shiftedFracY_d1_reg[32]
  -------------------------------------------------------------------
                         required time                          6.537    
                         arrival time                          -6.126    
  -------------------------------------------------------------------
                         slack                                  0.412    




