Copyright 1986-2018 Xilinx, Inc. All Rights Reserved.
---------------------------------------------------------------------------------------------------------------------------------------------------------------------------------------------------
| Tool Version      : Vivado v.2018.1 (lin64) Build 2188600 Wed Apr  4 18:39:19 MDT 2018
| Date              : Thu Aug 26 06:04:11 2021
| Host              : animal.digi.e-technik.uni-kassel.de running 64-bit AlmaLinux release 8.3 (Purple Manul)
| Command           : report_timing -file /home/nfiege/Repositories/origami/vhdl/ratII/synth/iir_sos16/UniformILPNew/iir_sos16_UniformILPNew_54_ultrascale2_250/implementedSystem_timing_synth.rpt
| Design            : implementedSystem_toplevel
| Device            : xcvu13p-fhga2104
| Speed File        : -2  PRODUCTION 1.19 03-17-2018
| Temperature Grade : E
---------------------------------------------------------------------------------------------------------------------------------------------------------------------------------------------------

Timing Report

Slack (MET) :             0.525ns  (required time - arrival time)
  Source:                 ModCount641_instance/count_reg[3]_rep__1/C
                            (rising edge-triggered cell FDCE clocked by clk  {rise@0.000ns fall@2.000ns period=4.000ns})
  Destination:            Delay1No26_instance/Y_reg[7]/D
                            (rising edge-triggered cell FDCE clocked by clk  {rise@0.000ns fall@2.000ns period=4.000ns})
  Path Group:             clk
  Path Type:              Setup (Max at Slow Process Corner)
  Requirement:            4.000ns  (clk rise@4.000ns - clk rise@0.000ns)
  Data Path Delay:        3.306ns  (logic 0.287ns (8.681%)  route 3.019ns (91.319%))
  Logic Levels:           2  (LUT6=1 MUXF7=1)
  Clock Path Skew:        -0.159ns (DCD - SCD + CPR)
    Destination Clock Delay (DCD):    1.658ns = ( 5.658 - 4.000 ) 
    Source Clock Delay      (SCD):    2.176ns
    Clock Pessimism Removal (CPR):    0.359ns
  Clock Uncertainty:      0.035ns  ((TSJ^2 + TIJ^2)^1/2 + DJ) / 2 + PE
    Total System Jitter     (TSJ):    0.071ns
    Total Input Jitter      (TIJ):    0.000ns
    Discrete Jitter          (DJ):    0.000ns
    Phase Error              (PE):    0.000ns
  Clock Net Delay (Source):      1.225ns (routing 0.170ns, distribution 1.055ns)
  Clock Net Delay (Destination): 0.998ns (routing 0.155ns, distribution 0.843ns)

    Location             Delay type                Incr(ns)  Path(ns)    Netlist Resource(s)
  -------------------------------------------------------------------    -------------------
                         (clock clk rise edge)        0.000     0.000 r  
    AP13                                              0.000     0.000 r  clk (IN)
                         net (fo=0)                   0.000     0.000    clk_IBUF_inst/I
    AP13                 INBUF (Prop_INBUF_HPIOB_M_PAD_O)
                                                      0.600     0.600 r  clk_IBUF_inst/INBUF_INST/O
                         net (fo=1, routed)           0.000     0.600    clk_IBUF_inst/OUT
    AP13                 IBUFCTRL (Prop_IBUFCTRL_HPIOB_M_I_O)
                                                      0.000     0.600 r  clk_IBUF_inst/IBUFCTRL_INST/O
                         net (fo=1, routed)           0.323     0.923    clk_IBUF
    BUFGCE_X0Y170        BUFGCE (Prop_BUFCE_BUFGCE_I_O)
                                                      0.028     0.951 r  clk_IBUF_BUFG_inst/O
    X4Y7 (CLOCK_ROOT)    net (fo=15355, routed)       1.225     2.176    ModCount641_instance/clk_IBUF_BUFG
    SLICE_X133Y448       FDCE                                         r  ModCount641_instance/count_reg[3]_rep__1/C
  -------------------------------------------------------------------    -------------------
    SLICE_X133Y448       FDCE (Prop_GFF_SLICEM_C_Q)
                                                      0.078     2.254 r  ModCount641_instance/count_reg[3]_rep__1/Q
                         net (fo=123, routed)         2.979     5.233    MUX_Sum1_1_impl_0_instance/count_reg[3]_rep__1
    SLICE_X117Y435       LUT6 (Prop_D6LUT_SLICEL_I4_O)
                                                      0.146     5.379 r  MUX_Sum1_1_impl_0_instance/Y[7]_i_2/O
                         net (fo=1, routed)           0.009     5.388    MUX_Sum1_1_impl_0_instance/Y[7]_i_2_n_0
    SLICE_X117Y435       MUXF7 (Prop_F7MUX_CD_SLICEL_I0_O)
                                                      0.063     5.451 r  MUX_Sum1_1_impl_0_instance/Y_reg[7]_i_1/O
                         net (fo=1, routed)           0.031     5.482    Delay1No26_instance/D[7]
    SLICE_X117Y435       FDCE                                         r  Delay1No26_instance/Y_reg[7]/D
  -------------------------------------------------------------------    -------------------

                         (clock clk rise edge)        4.000     4.000 r  
    AP13                                              0.000     4.000 r  clk (IN)
                         net (fo=0)                   0.000     4.000    clk_IBUF_inst/I
    AP13                 INBUF (Prop_INBUF_HPIOB_M_PAD_O)
                                                      0.349     4.349 r  clk_IBUF_inst/INBUF_INST/O
                         net (fo=1, routed)           0.000     4.349    clk_IBUF_inst/OUT
    AP13                 IBUFCTRL (Prop_IBUFCTRL_HPIOB_M_I_O)
                                                      0.000     4.349 r  clk_IBUF_inst/IBUFCTRL_INST/O
                         net (fo=1, routed)           0.287     4.636    clk_IBUF
    BUFGCE_X0Y170        BUFGCE (Prop_BUFCE_BUFGCE_I_O)
                                                      0.024     4.660 r  clk_IBUF_BUFG_inst/O
    X4Y7 (CLOCK_ROOT)    net (fo=15355, routed)       0.998     5.658    Delay1No26_instance/clk_IBUF_BUFG
    SLICE_X117Y435       FDCE                                         r  Delay1No26_instance/Y_reg[7]/C
                         clock pessimism              0.359     6.017    
                         clock uncertainty           -0.035     5.981    
    SLICE_X117Y435       FDCE (Setup_DFF_SLICEL_C_D)
                                                      0.025     6.006    Delay1No26_instance/Y_reg[7]
  -------------------------------------------------------------------
                         required time                          6.006    
                         arrival time                          -5.482    
  -------------------------------------------------------------------
                         slack                                  0.525    




