Copyright 1986-2018 Xilinx, Inc. All Rights Reserved.
------------------------------------------------------------------------------------------------------------------------------------------------------------------------------------------------
| Tool Version      : Vivado v.2018.1 (lin64) Build 2188600 Wed Apr  4 18:39:19 MDT 2018
| Date              : Sat Aug 28 02:05:25 2021
| Host              : animal.digi.e-technik.uni-kassel.de running 64-bit AlmaLinux release 8.3 (Purple Manul)
| Command           : report_timing -file /home/nfiege/Repositories/origami/vhdl/ratII/synth/fir_SAM/UniformILPNew/fir_SAM_UniformILPNew_116_ultrascale2_250/implementedSystem_timing_synth.rpt
| Design            : implementedSystem_toplevel
| Device            : xcvu13p-fhga2104
| Speed File        : -2  PRODUCTION 1.19 03-17-2018
| Temperature Grade : E
------------------------------------------------------------------------------------------------------------------------------------------------------------------------------------------------

Timing Report

Slack (MET) :             0.358ns  (required time - arrival time)
  Source:                 SharedReg527_instance/s3_reg_c_rep__19/C
                            (rising edge-triggered cell FDCE clocked by clk  {rise@0.000ns fall@2.000ns period=4.000ns})
  Destination:            SharedReg584_instance/Y_reg[12]/D
                            (rising edge-triggered cell FDCE clocked by clk  {rise@0.000ns fall@2.000ns period=4.000ns})
  Path Group:             clk
  Path Type:              Setup (Max at Slow Process Corner)
  Requirement:            4.000ns  (clk rise@4.000ns - clk rise@0.000ns)
  Data Path Delay:        3.439ns  (logic 0.129ns (3.751%)  route 3.310ns (96.249%))
  Logic Levels:           1  (LUT2=1)
  Clock Path Skew:        -0.193ns (DCD - SCD + CPR)
    Destination Clock Delay (DCD):    2.512ns = ( 6.512 - 4.000 ) 
    Source Clock Delay      (SCD):    3.083ns
    Clock Pessimism Removal (CPR):    0.378ns
  Clock Uncertainty:      0.035ns  ((TSJ^2 + TIJ^2)^1/2 + DJ) / 2 + PE
    Total System Jitter     (TSJ):    0.071ns
    Total Input Jitter      (TIJ):    0.000ns
    Discrete Jitter          (DJ):    0.000ns
    Phase Error              (PE):    0.000ns
  Clock Net Delay (Source):      2.048ns (routing 0.937ns, distribution 1.111ns)
  Clock Net Delay (Destination): 1.771ns (routing 0.853ns, distribution 0.918ns)

    Location             Delay type                Incr(ns)  Path(ns)    Netlist Resource(s)
  -------------------------------------------------------------------    -------------------
                         (clock clk rise edge)        0.000     0.000 r  
    BC10                                              0.000     0.000 r  clk (IN)
                         net (fo=0)                   0.000     0.000    clk_IBUF_inst/I
    BC10                 INBUF (Prop_INBUF_HPIOB_M_PAD_O)
                                                      0.659     0.659 r  clk_IBUF_inst/INBUF_INST/O
                         net (fo=1, routed)           0.000     0.659    clk_IBUF_inst/OUT
    BC10                 IBUFCTRL (Prop_IBUFCTRL_HPIOB_M_I_O)
                                                      0.000     0.659 r  clk_IBUF_inst/IBUFCTRL_INST/O
                         net (fo=1, routed)           0.348     1.007    clk_IBUF
    BUFGCE_X0Y146        BUFGCE (Prop_BUFCE_BUFGCE_I_O)
                                                      0.028     1.035 r  clk_IBUF_BUFG_inst/O
    X5Y5 (CLOCK_ROOT)    net (fo=70252, routed)       2.048     3.083    SharedReg527_instance/clk
    SLICE_X173Y375       FDCE                                         r  SharedReg527_instance/s3_reg_c_rep__19/C
  -------------------------------------------------------------------    -------------------
    SLICE_X173Y375       FDCE (Prop_GFF_SLICEL_C_Q)
                                                      0.079     3.162 r  SharedReg527_instance/s3_reg_c_rep__19/Q
                         net (fo=125, routed)         3.262     6.424    SharedReg584_instance/s3_reg_c_rep__19
    SLICE_X163Y285       LUT2 (Prop_G6LUT_SLICEL_I1_O)
                                                      0.050     6.474 r  SharedReg584_instance/s3_reg_gate__20/O
                         net (fo=1, routed)           0.048     6.522    SharedReg584_instance/s3_reg_gate__20_n_0
    SLICE_X163Y285       FDCE                                         r  SharedReg584_instance/Y_reg[12]/D
  -------------------------------------------------------------------    -------------------

                         (clock clk rise edge)        4.000     4.000 r  
    BC10                                              0.000     4.000 r  clk (IN)
                         net (fo=0)                   0.000     4.000    clk_IBUF_inst/I
    BC10                 INBUF (Prop_INBUF_HPIOB_M_PAD_O)
                                                      0.408     4.408 r  clk_IBUF_inst/INBUF_INST/O
                         net (fo=1, routed)           0.000     4.408    clk_IBUF_inst/OUT
    BC10                 IBUFCTRL (Prop_IBUFCTRL_HPIOB_M_I_O)
                                                      0.000     4.408 r  clk_IBUF_inst/IBUFCTRL_INST/O
                         net (fo=1, routed)           0.309     4.717    clk_IBUF
    BUFGCE_X0Y146        BUFGCE (Prop_BUFCE_BUFGCE_I_O)
                                                      0.024     4.741 r  clk_IBUF_BUFG_inst/O
    X5Y5 (CLOCK_ROOT)    net (fo=70252, routed)       1.771     6.512    SharedReg584_instance/clk
    SLICE_X163Y285       FDCE                                         r  SharedReg584_instance/Y_reg[12]/C
                         clock pessimism              0.378     6.890    
                         clock uncertainty           -0.035     6.855    
    SLICE_X163Y285       FDCE (Setup_GFF_SLICEL_C_D)
                                                      0.025     6.880    SharedReg584_instance/Y_reg[12]
  -------------------------------------------------------------------
                         required time                          6.880    
                         arrival time                          -6.522    
  -------------------------------------------------------------------
                         slack                                  0.358    




