Copyright 1986-2018 Xilinx, Inc. All Rights Reserved.
---------------------------------------------------------------------------------------------------------------------------------------------------------------------------------------------------
| Tool Version      : Vivado v.2018.1 (lin64) Build 2188600 Wed Apr  4 18:39:19 MDT 2018
| Date              : Fri Apr 24 15:52:33 2020
| Host              : animal.digi.e-technik.uni-kassel.de running 64-bit CentOS Linux release 7.7.1908 (Core)
| Command           : report_timing -file /home/nfiege/Repositories/origami/vhdl/ratII/synth/iir_sos16/NonUniformILP/iir_sos16_NonUniformILP_56_ultrascale2_250/implementedSystem_timing_synth.rpt
| Design            : implementedSystem_toplevel
| Device            : xcvu13p-fhga2104
| Speed File        : -2  PRODUCTION 1.19 03-17-2018
| Temperature Grade : E
---------------------------------------------------------------------------------------------------------------------------------------------------------------------------------------------------

Timing Report

Slack (MET) :             0.363ns  (required time - arrival time)
  Source:                 SharedReg144_instance/s1_reg[22]/C
                            (rising edge-triggered cell FDCE clocked by clk  {rise@0.000ns fall@2.000ns period=4.000ns})
  Destination:            Product57_1_impl_instance/SignificandMultiplication/RR__0/DSP_OUTPUT_INST/ALU_OUT[0]
                            (rising edge-triggered cell DSP_OUTPUT clocked by clk  {rise@0.000ns fall@2.000ns period=4.000ns})
  Path Group:             clk
  Path Type:              Setup (Max at Slow Process Corner)
  Requirement:            4.000ns  (clk rise@4.000ns - clk rise@0.000ns)
  Data Path Delay:        3.546ns  (logic 2.152ns (60.688%)  route 1.394ns (39.312%))
  Logic Levels:           7  (DSP_A_B_DATA=1 DSP_ALU=2 DSP_M_DATA=1 DSP_MULTIPLIER=1 DSP_OUTPUT=1 DSP_PREADD_DATA=1)
  Clock Path Skew:        -0.071ns (DCD - SCD + CPR)
    Destination Clock Delay (DCD):    3.139ns = ( 7.139 - 4.000 ) 
    Source Clock Delay      (SCD):    3.709ns
    Clock Pessimism Removal (CPR):    0.499ns
  Clock Uncertainty:      0.035ns  ((TSJ^2 + TIJ^2)^1/2 + DJ) / 2 + PE
    Total System Jitter     (TSJ):    0.071ns
    Total Input Jitter      (TIJ):    0.000ns
    Discrete Jitter          (DJ):    0.000ns
    Phase Error              (PE):    0.000ns
  Clock Net Delay (Source):      2.758ns (routing 1.832ns, distribution 0.926ns)
  Clock Net Delay (Destination): 2.479ns (routing 1.663ns, distribution 0.816ns)

    Location             Delay type                Incr(ns)  Path(ns)    Netlist Resource(s)
  -------------------------------------------------------------------    -------------------
                         (clock clk rise edge)        0.000     0.000 r  
    AP13                                              0.000     0.000 r  clk (IN)
                         net (fo=0)                   0.000     0.000    clk_IBUF_inst/I
    AP13                 INBUF (Prop_INBUF_HPIOB_M_PAD_O)
                                                      0.600     0.600 r  clk_IBUF_inst/INBUF_INST/O
                         net (fo=1, routed)           0.000     0.600    clk_IBUF_inst/OUT
    AP13                 IBUFCTRL (Prop_IBUFCTRL_HPIOB_M_I_O)
                                                      0.000     0.600 r  clk_IBUF_inst/IBUFCTRL_INST/O
                         net (fo=1, routed)           0.323     0.923    clk_IBUF
    BUFGCE_X0Y170        BUFGCE (Prop_BUFCE_BUFGCE_I_O)
                                                      0.028     0.951 r  clk_IBUF_BUFG_inst/O
    X3Y2 (CLOCK_ROOT)    net (fo=23202, routed)       2.758     3.709    SharedReg144_instance/clk_IBUF_BUFG
    SLR Crossing[1->0]   
    SLICE_X115Y195       FDCE                                         r  SharedReg144_instance/s1_reg[22]/C
  -------------------------------------------------------------------    -------------------
    SLICE_X115Y195       FDCE (Prop_GFF2_SLICEM_C_Q)
                                                      0.079     3.788 f  SharedReg144_instance/s1_reg[22]/Q
                         net (fo=5, routed)           1.380     5.168    Product57_1_impl_instance/SignificandMultiplication/RR/A[22]
    DSP48E2_X15Y78       DSP_A_B_DATA (Prop_DSP_A_B_DATA_DSP48E2_A[22]_A2_DATA[22])
                                                      0.192     5.360 r  Product57_1_impl_instance/SignificandMultiplication/RR/DSP_A_B_DATA_INST/A2_DATA[22]
                         net (fo=1, routed)           0.000     5.360    Product57_1_impl_instance/SignificandMultiplication/RR/DSP_A_B_DATA.A2_DATA<22>
    DSP48E2_X15Y78       DSP_PREADD_DATA (Prop_DSP_PREADD_DATA_DSP48E2_A2_DATA[22]_A2A1[22])
                                                      0.076     5.436 r  Product57_1_impl_instance/SignificandMultiplication/RR/DSP_PREADD_DATA_INST/A2A1[22]
                         net (fo=1, routed)           0.000     5.436    Product57_1_impl_instance/SignificandMultiplication/RR/DSP_PREADD_DATA.A2A1<22>
    DSP48E2_X15Y78       DSP_MULTIPLIER (Prop_DSP_MULTIPLIER_DSP48E2_A2A1[22]_U[41])
                                                      0.505     5.941 f  Product57_1_impl_instance/SignificandMultiplication/RR/DSP_MULTIPLIER_INST/U[41]
                         net (fo=1, routed)           0.000     5.941    Product57_1_impl_instance/SignificandMultiplication/RR/DSP_MULTIPLIER.U<41>
    DSP48E2_X15Y78       DSP_M_DATA (Prop_DSP_M_DATA_DSP48E2_U[41]_U_DATA[41])
                                                      0.047     5.988 r  Product57_1_impl_instance/SignificandMultiplication/RR/DSP_M_DATA_INST/U_DATA[41]
                         net (fo=1, routed)           0.000     5.988    Product57_1_impl_instance/SignificandMultiplication/RR/DSP_M_DATA.U_DATA<41>
    DSP48E2_X15Y78       DSP_ALU (Prop_DSP_ALU_DSP48E2_U_DATA[41]_ALU_OUT[47])
                                                      0.585     6.573 f  Product57_1_impl_instance/SignificandMultiplication/RR/DSP_ALU_INST/ALU_OUT[47]
                         net (fo=1, routed)           0.000     6.573    Product57_1_impl_instance/SignificandMultiplication/RR/DSP_ALU.ALU_OUT<47>
    DSP48E2_X15Y78       DSP_OUTPUT (Prop_DSP_OUTPUT_DSP48E2_ALU_OUT[47]_PCOUT[47])
                                                      0.122     6.695 r  Product57_1_impl_instance/SignificandMultiplication/RR/DSP_OUTPUT_INST/PCOUT[47]
                         net (fo=1, routed)           0.014     6.709    Product57_1_impl_instance/SignificandMultiplication/RR__0/PCIN[47]
    DSP48E2_X15Y79       DSP_ALU (Prop_DSP_ALU_DSP48E2_PCIN[47]_ALU_OUT[0])
                                                      0.546     7.255 r  Product57_1_impl_instance/SignificandMultiplication/RR__0/DSP_ALU_INST/ALU_OUT[0]
                         net (fo=1, routed)           0.000     7.255    Product57_1_impl_instance/SignificandMultiplication/RR__0/DSP_ALU.ALU_OUT<0>
    DSP48E2_X15Y79       DSP_OUTPUT                                   r  Product57_1_impl_instance/SignificandMultiplication/RR__0/DSP_OUTPUT_INST/ALU_OUT[0]
  -------------------------------------------------------------------    -------------------

                         (clock clk rise edge)        4.000     4.000 r  
    AP13                                              0.000     4.000 r  clk (IN)
                         net (fo=0)                   0.000     4.000    clk_IBUF_inst/I
    AP13                 INBUF (Prop_INBUF_HPIOB_M_PAD_O)
                                                      0.349     4.349 r  clk_IBUF_inst/INBUF_INST/O
                         net (fo=1, routed)           0.000     4.349    clk_IBUF_inst/OUT
    AP13                 IBUFCTRL (Prop_IBUFCTRL_HPIOB_M_I_O)
                                                      0.000     4.349 r  clk_IBUF_inst/IBUFCTRL_INST/O
                         net (fo=1, routed)           0.287     4.636    clk_IBUF
    BUFGCE_X0Y170        BUFGCE (Prop_BUFCE_BUFGCE_I_O)
                                                      0.024     4.660 r  clk_IBUF_BUFG_inst/O
    X3Y2 (CLOCK_ROOT)    net (fo=23202, routed)       2.479     7.139    Product57_1_impl_instance/SignificandMultiplication/RR__0/CLK
    SLR Crossing[1->0]   
    DSP48E2_X15Y79       DSP_OUTPUT                                   r  Product57_1_impl_instance/SignificandMultiplication/RR__0/DSP_OUTPUT_INST/CLK
                         clock pessimism              0.499     7.638    
                         clock uncertainty           -0.035     7.602    
    DSP48E2_X15Y79       DSP_OUTPUT (Setup_DSP_OUTPUT_DSP48E2_CLK_ALU_OUT[0])
                                                      0.015     7.617    Product57_1_impl_instance/SignificandMultiplication/RR__0/DSP_OUTPUT_INST
  -------------------------------------------------------------------
                         required time                          7.617    
                         arrival time                          -7.255    
  -------------------------------------------------------------------
                         slack                                  0.363    




