Copyright 1986-2018 Xilinx, Inc. All Rights Reserved.
-------------------------------------------------------------------------------------------------------------------------------------------------------------------------------------------------------------------------
| Tool Version      : Vivado v.2018.1 (lin64) Build 2188600 Wed Apr  4 18:39:19 MDT 2018
| Date              : Tue Nov 30 06:16:44 2021
| Host              : animal.digi.e-technik.uni-kassel.de running 64-bit AlmaLinux release 8.4 (Electric Cheetah)
| Command           : report_timing -file /home/nfiege/Repositories/origami/vhdl/ratII/synth/mat_inv/UniformILPNew/mat_inv_UniformILPNew_161_wrapper_ultrascale2_250/implementedSystem_toplevel_wrapper_timing_synth.rpt
| Design            : implementedSystem_toplevel_wrapper
| Device            : xcvu13p-fhga2104
| Speed File        : -2  PRODUCTION 1.19 03-17-2018
| Temperature Grade : E
-------------------------------------------------------------------------------------------------------------------------------------------------------------------------------------------------------------------------

Timing Report

Slack (MET) :             0.152ns  (required time - arrival time)
  Source:                 DUT/SharedReg561_instance/s16_reg_c/C
                            (rising edge-triggered cell FDCE clocked by clk  {rise@0.000ns fall@2.000ns period=4.000ns})
  Destination:            DUT/SharedReg24_instance/Y_reg[8]/D
                            (rising edge-triggered cell FDCE clocked by clk  {rise@0.000ns fall@2.000ns period=4.000ns})
  Path Group:             clk
  Path Type:              Setup (Max at Slow Process Corner)
  Requirement:            4.000ns  (clk rise@4.000ns - clk rise@0.000ns)
  Data Path Delay:        3.613ns  (logic 0.130ns (3.598%)  route 3.483ns (96.402%))
  Logic Levels:           1  (LUT2=1)
  Clock Path Skew:        -0.225ns (DCD - SCD + CPR)
    Destination Clock Delay (DCD):    2.856ns = ( 6.856 - 4.000 ) 
    Source Clock Delay      (SCD):    3.500ns
    Clock Pessimism Removal (CPR):    0.419ns
  Clock Uncertainty:      0.035ns  ((TSJ^2 + TIJ^2)^1/2 + DJ) / 2 + PE
    Total System Jitter     (TSJ):    0.071ns
    Total Input Jitter      (TIJ):    0.000ns
    Discrete Jitter          (DJ):    0.000ns
    Phase Error              (PE):    0.000ns
  Clock Net Delay (Source):      2.549ns (routing 1.409ns, distribution 1.140ns)
  Clock Net Delay (Destination): 2.196ns (routing 1.281ns, distribution 0.915ns)

    Location             Delay type                Incr(ns)  Path(ns)    Netlist Resource(s)
  -------------------------------------------------------------------    -------------------
                         (clock clk rise edge)        0.000     0.000 r  
    AP13                                              0.000     0.000 r  clk (IN)
                         net (fo=0)                   0.000     0.000    clk_IBUF_inst/I
    AP13                 INBUF (Prop_INBUF_HPIOB_M_PAD_O)
                                                      0.600     0.600 r  clk_IBUF_inst/INBUF_INST/O
                         net (fo=1, routed)           0.000     0.600    clk_IBUF_inst/OUT
    AP13                 IBUFCTRL (Prop_IBUFCTRL_HPIOB_M_I_O)
                                                      0.000     0.600 r  clk_IBUF_inst/IBUFCTRL_INST/O
                         net (fo=1, routed)           0.323     0.923    clk_IBUF
    BUFGCE_X0Y170        BUFGCE (Prop_BUFCE_BUFGCE_I_O)
                                                      0.028     0.951 r  clk_IBUF_BUFG_inst/O
    X2Y5 (CLOCK_ROOT)    net (fo=77871, routed)       2.549     3.500    DUT/SharedReg561_instance/clk_IBUF_BUFG
    SLICE_X83Y425        FDCE                                         r  DUT/SharedReg561_instance/s16_reg_c/C
  -------------------------------------------------------------------    -------------------
    SLICE_X83Y425        FDCE (Prop_EFF2_SLICEL_C_Q)
                                                      0.081     3.581 r  DUT/SharedReg561_instance/s16_reg_c/Q
                         net (fo=171, routed)         3.432     7.013    DUT/SharedReg24_instance/s16_reg_c
    SLICE_X78Y274        LUT2 (Prop_F6LUT_SLICEL_I1_O)
                                                      0.049     7.062 r  DUT/SharedReg24_instance/s16_reg_gate__24/O
                         net (fo=1, routed)           0.051     7.113    DUT/SharedReg24_instance/s16_reg_gate__24_n_0
    SLICE_X78Y274        FDCE                                         r  DUT/SharedReg24_instance/Y_reg[8]/D
  -------------------------------------------------------------------    -------------------

                         (clock clk rise edge)        4.000     4.000 r  
    AP13                                              0.000     4.000 r  clk (IN)
                         net (fo=0)                   0.000     4.000    clk_IBUF_inst/I
    AP13                 INBUF (Prop_INBUF_HPIOB_M_PAD_O)
                                                      0.349     4.349 r  clk_IBUF_inst/INBUF_INST/O
                         net (fo=1, routed)           0.000     4.349    clk_IBUF_inst/OUT
    AP13                 IBUFCTRL (Prop_IBUFCTRL_HPIOB_M_I_O)
                                                      0.000     4.349 r  clk_IBUF_inst/IBUFCTRL_INST/O
                         net (fo=1, routed)           0.287     4.636    clk_IBUF
    BUFGCE_X0Y170        BUFGCE (Prop_BUFCE_BUFGCE_I_O)
                                                      0.024     4.660 r  clk_IBUF_BUFG_inst/O
    X2Y5 (CLOCK_ROOT)    net (fo=77871, routed)       2.196     6.856    DUT/SharedReg24_instance/clk_IBUF_BUFG
    SLICE_X78Y274        FDCE                                         r  DUT/SharedReg24_instance/Y_reg[8]/C
                         clock pessimism              0.419     7.275    
                         clock uncertainty           -0.035     7.239    
    SLICE_X78Y274        FDCE (Setup_FFF_SLICEL_C_D)
                                                      0.025     7.264    DUT/SharedReg24_instance/Y_reg[8]
  -------------------------------------------------------------------
                         required time                          7.264    
                         arrival time                          -7.113    
  -------------------------------------------------------------------
                         slack                                  0.152    




