Copyright 1986-2018 Xilinx, Inc. All Rights Reserved.
---------------------------------------------------------------------------------------------------------------------------------------------------------------------------------------------------
| Tool Version      : Vivado v.2018.1 (lin64) Build 2188600 Wed Apr  4 18:39:19 MDT 2018
| Date              : Fri Apr 24 15:15:51 2020
| Host              : animal.digi.e-technik.uni-kassel.de running 64-bit CentOS Linux release 7.7.1908 (Core)
| Command           : report_timing -file /home/nfiege/Repositories/origami/vhdl/ratII/synth/iir_sos16/NonUniformILP/iir_sos16_NonUniformILP_38_ultrascale2_250/implementedSystem_timing_synth.rpt
| Design            : implementedSystem_toplevel
| Device            : xcvu13p-fhga2104
| Speed File        : -2  PRODUCTION 1.19 03-17-2018
| Temperature Grade : E
---------------------------------------------------------------------------------------------------------------------------------------------------------------------------------------------------

Timing Report

Slack (MET) :             0.369ns  (required time - arrival time)
  Source:                 SharedReg155_instance/s8_reg_c/C
                            (rising edge-triggered cell FDCE clocked by clk  {rise@0.000ns fall@2.000ns period=4.000ns})
  Destination:            SharedReg49_instance/Y_reg[14]/D
                            (rising edge-triggered cell FDCE clocked by clk  {rise@0.000ns fall@2.000ns period=4.000ns})
  Path Group:             clk
  Path Type:              Setup (Max at Slow Process Corner)
  Requirement:            4.000ns  (clk rise@4.000ns - clk rise@0.000ns)
  Data Path Delay:        3.575ns  (logic 0.133ns (3.720%)  route 3.442ns (96.280%))
  Logic Levels:           1  (LUT2=1)
  Clock Path Skew:        -0.046ns (DCD - SCD + CPR)
    Destination Clock Delay (DCD):    1.934ns = ( 5.934 - 4.000 ) 
    Source Clock Delay      (SCD):    2.352ns
    Clock Pessimism Removal (CPR):    0.372ns
  Clock Uncertainty:      0.035ns  ((TSJ^2 + TIJ^2)^1/2 + DJ) / 2 + PE
    Total System Jitter     (TSJ):    0.071ns
    Total Input Jitter      (TIJ):    0.000ns
    Discrete Jitter          (DJ):    0.000ns
    Phase Error              (PE):    0.000ns
  Clock Net Delay (Source):      1.401ns (routing 0.338ns, distribution 1.063ns)
  Clock Net Delay (Destination): 1.274ns (routing 0.309ns, distribution 0.965ns)

    Location             Delay type                Incr(ns)  Path(ns)    Netlist Resource(s)
  -------------------------------------------------------------------    -------------------
                         (clock clk rise edge)        0.000     0.000 r  
    AP13                                              0.000     0.000 r  clk (IN)
                         net (fo=0)                   0.000     0.000    clk_IBUF_inst/I
    AP13                 INBUF (Prop_INBUF_HPIOB_M_PAD_O)
                                                      0.600     0.600 r  clk_IBUF_inst/INBUF_INST/O
                         net (fo=1, routed)           0.000     0.600    clk_IBUF_inst/OUT
    AP13                 IBUFCTRL (Prop_IBUFCTRL_HPIOB_M_I_O)
                                                      0.000     0.600 r  clk_IBUF_inst/IBUFCTRL_INST/O
                         net (fo=1, routed)           0.323     0.923    clk_IBUF
    BUFGCE_X0Y170        BUFGCE (Prop_BUFCE_BUFGCE_I_O)
                                                      0.028     0.951 r  clk_IBUF_BUFG_inst/O
    X4Y7 (CLOCK_ROOT)    net (fo=19480, routed)       1.401     2.352    SharedReg155_instance/clk_IBUF_BUFG
    SLICE_X138Y460       FDCE                                         r  SharedReg155_instance/s8_reg_c/C
  -------------------------------------------------------------------    -------------------
    SLICE_X138Y460       FDCE (Prop_GFF2_SLICEL_C_Q)
                                                      0.081     2.433 r  SharedReg155_instance/s8_reg_c/Q
                         net (fo=183, routed)         3.383     5.816    SharedReg49_instance/s8_reg_c
    SLICE_X114Y455       LUT2 (Prop_G6LUT_SLICEM_I1_O)
                                                      0.052     5.868 r  SharedReg49_instance/s8_reg_gate__18/O
                         net (fo=1, routed)           0.059     5.927    SharedReg49_instance/s8_reg_gate__18_n_0
    SLICE_X114Y455       FDCE                                         r  SharedReg49_instance/Y_reg[14]/D
  -------------------------------------------------------------------    -------------------

                         (clock clk rise edge)        4.000     4.000 r  
    AP13                                              0.000     4.000 r  clk (IN)
                         net (fo=0)                   0.000     4.000    clk_IBUF_inst/I
    AP13                 INBUF (Prop_INBUF_HPIOB_M_PAD_O)
                                                      0.349     4.349 r  clk_IBUF_inst/INBUF_INST/O
                         net (fo=1, routed)           0.000     4.349    clk_IBUF_inst/OUT
    AP13                 IBUFCTRL (Prop_IBUFCTRL_HPIOB_M_I_O)
                                                      0.000     4.349 r  clk_IBUF_inst/IBUFCTRL_INST/O
                         net (fo=1, routed)           0.287     4.636    clk_IBUF
    BUFGCE_X0Y170        BUFGCE (Prop_BUFCE_BUFGCE_I_O)
                                                      0.024     4.660 r  clk_IBUF_BUFG_inst/O
    X4Y7 (CLOCK_ROOT)    net (fo=19480, routed)       1.274     5.934    SharedReg49_instance/clk_IBUF_BUFG
    SLICE_X114Y455       FDCE                                         r  SharedReg49_instance/Y_reg[14]/C
                         clock pessimism              0.372     6.306    
                         clock uncertainty           -0.035     6.271    
    SLICE_X114Y455       FDCE (Setup_GFF_SLICEM_C_D)
                                                      0.025     6.296    SharedReg49_instance/Y_reg[14]
  -------------------------------------------------------------------
                         required time                          6.296    
                         arrival time                          -5.927    
  -------------------------------------------------------------------
                         slack                                  0.369    




