Copyright 1986-2018 Xilinx, Inc. All Rights Reserved.
-----------------------------------------------------------------------------------------------------------------------------------------------------------------------------------------------
| Tool Version      : Vivado v.2018.1 (lin64) Build 2188600 Wed Apr  4 18:39:19 MDT 2018
| Date              : Wed Dec  9 23:31:51 2020
| Host              : animal.digi.e-technik.uni-kassel.de running 64-bit CentOS Linux release 7.8.2003 (Core)
| Command           : report_timing -file /home/nfiege/Repositories/origami/vhdl/ratII/synth/fir_SAM/NonUniformILP/fir_SAM_NonUniformILP_73_ultrascale2_250/implementedSystem_timing_synth.rpt
| Design            : implementedSystem_toplevel
| Device            : xcvu13p-fhga2104
| Speed File        : -2  PRODUCTION 1.19 03-17-2018
| Temperature Grade : E
-----------------------------------------------------------------------------------------------------------------------------------------------------------------------------------------------

Timing Report

Slack (MET) :             0.361ns  (required time - arrival time)
  Source:                 Delay235No1_instance/s17_reg_c/C
                            (rising edge-triggered cell FDCE clocked by clk  {rise@0.000ns fall@2.000ns period=4.000ns})
  Destination:            SharedReg416_instance/Y_reg[25]/D
                            (rising edge-triggered cell FDCE clocked by clk  {rise@0.000ns fall@2.000ns period=4.000ns})
  Path Group:             clk
  Path Type:              Setup (Max at Slow Process Corner)
  Requirement:            4.000ns  (clk rise@4.000ns - clk rise@0.000ns)
  Data Path Delay:        3.513ns  (logic 0.170ns (4.839%)  route 3.343ns (95.161%))
  Logic Levels:           1  (LUT2=1)
  Clock Path Skew:        -0.116ns (DCD - SCD + CPR)
    Destination Clock Delay (DCD):    2.881ns = ( 6.881 - 4.000 ) 
    Source Clock Delay      (SCD):    3.392ns
    Clock Pessimism Removal (CPR):    0.395ns
  Clock Uncertainty:      0.035ns  ((TSJ^2 + TIJ^2)^1/2 + DJ) / 2 + PE
    Total System Jitter     (TSJ):    0.071ns
    Total Input Jitter      (TIJ):    0.000ns
    Discrete Jitter          (DJ):    0.000ns
    Phase Error              (PE):    0.000ns
  Clock Net Delay (Source):      2.434ns (routing 1.147ns, distribution 1.287ns)
  Clock Net Delay (Destination): 2.214ns (routing 1.043ns, distribution 1.171ns)

    Location             Delay type                Incr(ns)  Path(ns)    Netlist Resource(s)
  -------------------------------------------------------------------    -------------------
                         (clock clk rise edge)        0.000     0.000 r  
    AV14                                              0.000     0.000 r  clk (IN)
                         net (fo=0)                   0.000     0.000    clk_IBUF_inst/I
    AV14                 INBUF (Prop_INBUF_HPIOB_M_PAD_O)
                                                      0.607     0.607 r  clk_IBUF_inst/INBUF_INST/O
                         net (fo=1, routed)           0.000     0.607    clk_IBUF_inst/OUT
    AV14                 IBUFCTRL (Prop_IBUFCTRL_HPIOB_M_I_O)
                                                      0.000     0.607 r  clk_IBUF_inst/IBUFCTRL_INST/O
                         net (fo=1, routed)           0.323     0.930    clk_IBUF
    BUFGCE_X0Y170        BUFGCE (Prop_BUFCE_BUFGCE_I_O)
                                                      0.028     0.958 r  clk_IBUF_BUFG_inst/O
    X5Y5 (CLOCK_ROOT)    net (fo=81046, routed)       2.434     3.392    Delay235No1_instance/clk_IBUF_BUFG
    SLICE_X143Y282       FDCE                                         r  Delay235No1_instance/s17_reg_c/C
  -------------------------------------------------------------------    -------------------
    SLICE_X143Y282       FDCE (Prop_FFF2_SLICEL_C_Q)
                                                      0.081     3.473 r  Delay235No1_instance/s17_reg_c/Q
                         net (fo=252, routed)         3.292     6.765    SharedReg416_instance/s17_reg_c
    SLICE_X134Y379       LUT2 (Prop_F6LUT_SLICEL_I1_O)
                                                      0.089     6.854 r  SharedReg416_instance/s17_reg_gate__4/O
                         net (fo=1, routed)           0.051     6.905    SharedReg416_instance/s17_reg_gate__4_n_0
    SLICE_X134Y379       FDCE                                         r  SharedReg416_instance/Y_reg[25]/D
  -------------------------------------------------------------------    -------------------

                         (clock clk rise edge)        4.000     4.000 r  
    AV14                                              0.000     4.000 r  clk (IN)
                         net (fo=0)                   0.000     4.000    clk_IBUF_inst/I
    AV14                 INBUF (Prop_INBUF_HPIOB_M_PAD_O)
                                                      0.356     4.356 r  clk_IBUF_inst/INBUF_INST/O
                         net (fo=1, routed)           0.000     4.356    clk_IBUF_inst/OUT
    AV14                 IBUFCTRL (Prop_IBUFCTRL_HPIOB_M_I_O)
                                                      0.000     4.356 r  clk_IBUF_inst/IBUFCTRL_INST/O
                         net (fo=1, routed)           0.287     4.643    clk_IBUF
    BUFGCE_X0Y170        BUFGCE (Prop_BUFCE_BUFGCE_I_O)
                                                      0.024     4.667 r  clk_IBUF_BUFG_inst/O
    X5Y5 (CLOCK_ROOT)    net (fo=81046, routed)       2.214     6.881    SharedReg416_instance/clk
    SLICE_X134Y379       FDCE                                         r  SharedReg416_instance/Y_reg[25]/C
                         clock pessimism              0.395     7.276    
                         clock uncertainty           -0.035     7.241    
    SLICE_X134Y379       FDCE (Setup_FFF_SLICEL_C_D)
                                                      0.025     7.266    SharedReg416_instance/Y_reg[25]
  -------------------------------------------------------------------
                         required time                          7.266    
                         arrival time                          -6.905    
  -------------------------------------------------------------------
                         slack                                  0.361    




