Copyright 1986-2018 Xilinx, Inc. All Rights Reserved.
-------------------------------------------------------------------------------------------------------------------------------------------------------------------------------------------------
| Tool Version      : Vivado v.2018.1 (lin64) Build 2188600 Wed Apr  4 18:39:19 MDT 2018
| Date              : Fri Apr 24 05:38:55 2020
| Host              : animal.digi.e-technik.uni-kassel.de running 64-bit CentOS Linux release 7.7.1908 (Core)
| Command           : report_timing -file /home/nfiege/Repositories/origami/vhdl/ratII/synth/splin_pf/NonUniformILP/splin_pf_NonUniformILP_15_ultrascale2_250/implementedSystem_timing_synth.rpt
| Design            : implementedSystem_toplevel
| Device            : xcvu13p-fhga2104
| Speed File        : -2  PRODUCTION 1.19 03-17-2018
| Temperature Grade : E
-------------------------------------------------------------------------------------------------------------------------------------------------------------------------------------------------

Timing Report

Slack (MET) :             0.108ns  (required time - arrival time)
  Source:                 ModCount81_instance/count_reg[2]_rep__6/C
                            (rising edge-triggered cell FDCE clocked by clk  {rise@0.000ns fall@2.000ns period=4.000ns})
  Destination:            Delay1No9_instance/Y_reg[29]/D
                            (rising edge-triggered cell FDCE clocked by clk  {rise@0.000ns fall@2.000ns period=4.000ns})
  Path Group:             clk
  Path Type:              Setup (Max at Slow Process Corner)
  Requirement:            4.000ns  (clk rise@4.000ns - clk rise@0.000ns)
  Data Path Delay:        3.695ns  (logic 0.156ns (4.222%)  route 3.539ns (95.778%))
  Logic Levels:           1  (MUXF7=1)
  Clock Path Skew:        -0.186ns (DCD - SCD + CPR)
    Destination Clock Delay (DCD):    2.857ns = ( 6.857 - 4.000 ) 
    Source Clock Delay      (SCD):    3.514ns
    Clock Pessimism Removal (CPR):    0.471ns
  Clock Uncertainty:      0.035ns  ((TSJ^2 + TIJ^2)^1/2 + DJ) / 2 + PE
    Total System Jitter     (TSJ):    0.071ns
    Total Input Jitter      (TIJ):    0.000ns
    Discrete Jitter          (DJ):    0.000ns
    Phase Error              (PE):    0.000ns
  Clock Net Delay (Source):      2.577ns (routing 1.167ns, distribution 1.410ns)
  Clock Net Delay (Destination): 2.210ns (routing 1.060ns, distribution 1.150ns)

    Location             Delay type                Incr(ns)  Path(ns)    Netlist Resource(s)
  -------------------------------------------------------------------    -------------------
                         (clock clk rise edge)        0.000     0.000 r  
    AR14                                              0.000     0.000 r  clk (IN)
                         net (fo=0)                   0.000     0.000    clk_IBUF_inst/I
    AR14                 INBUF (Prop_INBUF_HPIOB_M_PAD_O)
                                                      0.586     0.586 r  clk_IBUF_inst/INBUF_INST/O
                         net (fo=1, routed)           0.000     0.586    clk_IBUF_inst/OUT
    AR14                 IBUFCTRL (Prop_IBUFCTRL_HPIOB_M_I_O)
                                                      0.000     0.586 r  clk_IBUF_inst/IBUFCTRL_INST/O
                         net (fo=1, routed)           0.323     0.909    clk_IBUF
    BUFGCE_X0Y170        BUFGCE (Prop_BUFCE_BUFGCE_I_O)
                                                      0.028     0.937 r  clk_IBUF_BUFG_inst/O
    X3Y5 (CLOCK_ROOT)    net (fo=10676, routed)       2.577     3.514    ModCount81_instance/clk_IBUF_BUFG
    SLICE_X120Y461       FDCE                                         r  ModCount81_instance/count_reg[2]_rep__6/C
  -------------------------------------------------------------------    -------------------
    SLICE_X120Y461       FDCE (Prop_EFF_SLICEL_C_Q)
                                                      0.079     3.593 r  ModCount81_instance/count_reg[2]_rep__6/Q
                         net (fo=137, routed)         3.507     7.100    MUX_Product1_2_impl_1_instance/count_reg[2]_rep__6
    SLICE_X115Y467       MUXF7 (Prop_F7MUX_CD_SLICEM_S_O)
                                                      0.077     7.177 r  MUX_Product1_2_impl_1_instance/Y_reg[29]_i_1/O
                         net (fo=1, routed)           0.032     7.209    Delay1No9_instance/count_reg[2][29]
    SLICE_X115Y467       FDCE                                         r  Delay1No9_instance/Y_reg[29]/D
  -------------------------------------------------------------------    -------------------

                         (clock clk rise edge)        4.000     4.000 r  
    AR14                                              0.000     4.000 r  clk (IN)
                         net (fo=0)                   0.000     4.000    clk_IBUF_inst/I
    AR14                 INBUF (Prop_INBUF_HPIOB_M_PAD_O)
                                                      0.336     4.336 r  clk_IBUF_inst/INBUF_INST/O
                         net (fo=1, routed)           0.000     4.336    clk_IBUF_inst/OUT
    AR14                 IBUFCTRL (Prop_IBUFCTRL_HPIOB_M_I_O)
                                                      0.000     4.336 r  clk_IBUF_inst/IBUFCTRL_INST/O
                         net (fo=1, routed)           0.287     4.623    clk_IBUF
    BUFGCE_X0Y170        BUFGCE (Prop_BUFCE_BUFGCE_I_O)
                                                      0.024     4.647 r  clk_IBUF_BUFG_inst/O
    X3Y5 (CLOCK_ROOT)    net (fo=10676, routed)       2.210     6.857    Delay1No9_instance/clk_IBUF_BUFG
    SLICE_X115Y467       FDCE                                         r  Delay1No9_instance/Y_reg[29]/C
                         clock pessimism              0.471     7.328    
                         clock uncertainty           -0.035     7.293    
    SLICE_X115Y467       FDCE (Setup_DFF_SLICEM_C_D)
                                                      0.025     7.318    Delay1No9_instance/Y_reg[29]
  -------------------------------------------------------------------
                         required time                          7.318    
                         arrival time                          -7.209    
  -------------------------------------------------------------------
                         slack                                  0.108    




