Copyright 1986-2018 Xilinx, Inc. All Rights Reserved.
------------------------------------------------------------------------------------------------------------------------------------------------------------------------------------------------
| Tool Version      : Vivado v.2018.1 (lin64) Build 2188600 Wed Apr  4 18:39:19 MDT 2018
| Date              : Sat Aug 28 07:28:02 2021
| Host              : animal.digi.e-technik.uni-kassel.de running 64-bit AlmaLinux release 8.3 (Purple Manul)
| Command           : report_timing -file /home/nfiege/Repositories/origami/vhdl/ratII/synth/fir_SAM/UniformILPNew/fir_SAM_UniformILPNew_119_ultrascale2_250/implementedSystem_timing_synth.rpt
| Design            : implementedSystem_toplevel
| Device            : xcvu13p-fhga2104
| Speed File        : -2  PRODUCTION 1.19 03-17-2018
| Temperature Grade : E
------------------------------------------------------------------------------------------------------------------------------------------------------------------------------------------------

Timing Report

Slack (MET) :             0.135ns  (required time - arrival time)
  Source:                 SharedReg535_instance/s4_reg_c_rep/C
                            (rising edge-triggered cell FDCE clocked by clk  {rise@0.000ns fall@2.000ns period=4.000ns})
  Destination:            SharedReg387_instance/Y_reg[18]/D
                            (rising edge-triggered cell FDCE clocked by clk  {rise@0.000ns fall@2.000ns period=4.000ns})
  Path Group:             clk
  Path Type:              Setup (Max at Slow Process Corner)
  Requirement:            4.000ns  (clk rise@4.000ns - clk rise@0.000ns)
  Data Path Delay:        3.813ns  (logic 0.170ns (4.458%)  route 3.643ns (95.542%))
  Logic Levels:           1  (LUT2=1)
  Clock Path Skew:        -0.042ns (DCD - SCD + CPR)
    Destination Clock Delay (DCD):    1.827ns = ( 5.827 - 4.000 ) 
    Source Clock Delay      (SCD):    2.179ns
    Clock Pessimism Removal (CPR):    0.309ns
  Clock Uncertainty:      0.035ns  ((TSJ^2 + TIJ^2)^1/2 + DJ) / 2 + PE
    Total System Jitter     (TSJ):    0.071ns
    Total Input Jitter      (TIJ):    0.000ns
    Discrete Jitter          (DJ):    0.000ns
    Phase Error              (PE):    0.000ns
  Clock Net Delay (Source):      1.243ns (routing 0.171ns, distribution 1.072ns)
  Clock Net Delay (Destination): 1.185ns (routing 0.155ns, distribution 1.030ns)

    Location             Delay type                Incr(ns)  Path(ns)    Netlist Resource(s)
  -------------------------------------------------------------------    -------------------
                         (clock clk rise edge)        0.000     0.000 r  
    AY19                                              0.000     0.000 r  clk (IN)
                         net (fo=0)                   0.000     0.000    clk_IBUF_inst/I
    AY19                 INBUF (Prop_INBUF_HPIOB_M_PAD_O)
                                                      0.560     0.560 r  clk_IBUF_inst/INBUF_INST/O
                         net (fo=1, routed)           0.000     0.560    clk_IBUF_inst/OUT
    AY19                 IBUFCTRL (Prop_IBUFCTRL_HPIOB_M_I_O)
                                                      0.000     0.560 r  clk_IBUF_inst/IBUFCTRL_INST/O
                         net (fo=1, routed)           0.348     0.908    clk_IBUF
    BUFGCE_X0Y122        BUFGCE (Prop_BUFCE_BUFGCE_I_O)
                                                      0.028     0.936 r  clk_IBUF_BUFG_inst/O
    X4Y5 (CLOCK_ROOT)    net (fo=71193, routed)       1.243     2.179    SharedReg535_instance/clk_IBUF_BUFG
    SLICE_X144Y293       FDCE                                         r  SharedReg535_instance/s4_reg_c_rep/C
  -------------------------------------------------------------------    -------------------
    SLICE_X144Y293       FDCE (Prop_DFF2_SLICEL_C_Q)
                                                      0.081     2.260 r  SharedReg535_instance/s4_reg_c_rep/Q
                         net (fo=207, routed)         3.592     5.852    SharedReg387_instance/s4_reg_c_rep
    SLICE_X151Y456       LUT2 (Prop_F6LUT_SLICEL_I1_O)
                                                      0.089     5.941 r  SharedReg387_instance/s4_reg_gate__14/O
                         net (fo=1, routed)           0.051     5.992    SharedReg387_instance/s4_reg_gate__14_n_0
    SLICE_X151Y456       FDCE                                         r  SharedReg387_instance/Y_reg[18]/D
  -------------------------------------------------------------------    -------------------

                         (clock clk rise edge)        4.000     4.000 r  
    AY19                                              0.000     4.000 r  clk (IN)
                         net (fo=0)                   0.000     4.000    clk_IBUF_inst/I
    AY19                 INBUF (Prop_INBUF_HPIOB_M_PAD_O)
                                                      0.309     4.309 r  clk_IBUF_inst/INBUF_INST/O
                         net (fo=1, routed)           0.000     4.309    clk_IBUF_inst/OUT
    AY19                 IBUFCTRL (Prop_IBUFCTRL_HPIOB_M_I_O)
                                                      0.000     4.309 r  clk_IBUF_inst/IBUFCTRL_INST/O
                         net (fo=1, routed)           0.309     4.618    clk_IBUF
    BUFGCE_X0Y122        BUFGCE (Prop_BUFCE_BUFGCE_I_O)
                                                      0.024     4.642 r  clk_IBUF_BUFG_inst/O
    X4Y5 (CLOCK_ROOT)    net (fo=71193, routed)       1.185     5.827    SharedReg387_instance/clk_IBUF_BUFG
    SLICE_X151Y456       FDCE                                         r  SharedReg387_instance/Y_reg[18]/C
                         clock pessimism              0.309     6.137    
                         clock uncertainty           -0.035     6.101    
    SLICE_X151Y456       FDCE (Setup_FFF_SLICEL_C_D)
                                                      0.025     6.126    SharedReg387_instance/Y_reg[18]
  -------------------------------------------------------------------
                         required time                          6.126    
                         arrival time                          -5.992    
  -------------------------------------------------------------------
                         slack                                  0.135    




