Copyright 1986-2018 Xilinx, Inc. All Rights Reserved.
------------------------------------------------------------------------------------------------------------------------------------------------------------------------------------------------
| Tool Version      : Vivado v.2018.1 (lin64) Build 2188600 Wed Apr  4 18:39:19 MDT 2018
| Date              : Mon Dec  7 05:37:29 2020
| Host              : animal.digi.e-technik.uni-kassel.de running 64-bit CentOS Linux release 7.8.2003 (Core)
| Command           : report_timing -file /home/nfiege/Repositories/origami/vhdl/ratII/synth/fir_SAM/NonUniformILP/fir_SAM_NonUniformILP_489_ultrascale2_250/implementedSystem_timing_synth.rpt
| Design            : implementedSystem_toplevel
| Device            : xcvu13p-fhga2104
| Speed File        : -2  PRODUCTION 1.19 03-17-2018
| Temperature Grade : E
------------------------------------------------------------------------------------------------------------------------------------------------------------------------------------------------

Timing Report

Slack (MET) :             0.551ns  (required time - arrival time)
  Source:                 Delay1No17_instance/Y_reg[32]/C
                            (rising edge-triggered cell FDCE clocked by clk  {rise@0.000ns fall@2.000ns period=4.000ns})
  Destination:            Sum11_3_impl_instance/FPAddSubOp_instance/shiftedFracY_d1_reg[42]/D
                            (rising edge-triggered cell FDRE clocked by clk  {rise@0.000ns fall@2.000ns period=4.000ns})
  Path Group:             clk
  Path Type:              Setup (Max at Slow Process Corner)
  Requirement:            4.000ns  (clk rise@4.000ns - clk rise@0.000ns)
  Data Path Delay:        3.319ns  (logic 0.838ns (25.249%)  route 2.481ns (74.751%))
  Logic Levels:           8  (CARRY8=2 LUT4=2 LUT5=2 LUT6=2)
  Clock Path Skew:        -0.120ns (DCD - SCD + CPR)
    Destination Clock Delay (DCD):    2.678ns = ( 6.678 - 4.000 ) 
    Source Clock Delay      (SCD):    3.192ns
    Clock Pessimism Removal (CPR):    0.395ns
  Clock Uncertainty:      0.035ns  ((TSJ^2 + TIJ^2)^1/2 + DJ) / 2 + PE
    Total System Jitter     (TSJ):    0.071ns
    Total Input Jitter      (TIJ):    0.000ns
    Discrete Jitter          (DJ):    0.000ns
    Phase Error              (PE):    0.000ns
  Clock Net Delay (Source):      2.255ns (routing 1.147ns, distribution 1.108ns)
  Clock Net Delay (Destination): 2.031ns (routing 1.043ns, distribution 0.988ns)

    Location             Delay type                Incr(ns)  Path(ns)    Netlist Resource(s)
  -------------------------------------------------------------------    -------------------
                         (clock clk rise edge)        0.000     0.000 r  
    AR14                                              0.000     0.000 r  clk (IN)
                         net (fo=0)                   0.000     0.000    clk_IBUF_inst/I
    AR14                 INBUF (Prop_INBUF_HPIOB_M_PAD_O)
                                                      0.586     0.586 r  clk_IBUF_inst/INBUF_INST/O
                         net (fo=1, routed)           0.000     0.586    clk_IBUF_inst/OUT
    AR14                 IBUFCTRL (Prop_IBUFCTRL_HPIOB_M_I_O)
                                                      0.000     0.586 r  clk_IBUF_inst/IBUFCTRL_INST/O
                         net (fo=1, routed)           0.323     0.909    clk_IBUF
    BUFGCE_X0Y170        BUFGCE (Prop_BUFCE_BUFGCE_I_O)
                                                      0.028     0.937 r  clk_IBUF_BUFG_inst/O
    X5Y5 (CLOCK_ROOT)    net (fo=45461, routed)       2.255     3.192    Delay1No17_instance/clk_IBUF_BUFG
    SLICE_X164Y363       FDCE                                         r  Delay1No17_instance/Y_reg[32]/C
  -------------------------------------------------------------------    -------------------
    SLICE_X164Y363       FDCE (Prop_DFF_SLICEM_C_Q)
                                                      0.078     3.270 r  Delay1No17_instance/Y_reg[32]/Q
                         net (fo=6, routed)           0.923     4.193    Delay1No16_instance/Y_reg[33]_0[32]
    SLICE_X173Y302       LUT4 (Prop_H6LUT_SLICEL_I3_O)
                                                      0.090     4.283 r  Delay1No16_instance/geqOp_carry__0_i_9__0/O
                         net (fo=1, routed)           0.010     4.293    Sum11_3_impl_instance/FPAddSubOp_instance/Y_reg[30]_0[7]
    SLICE_X173Y302       CARRY8 (Prop_CARRY8_SLICEL_S[7]_CO[7])
                                                      0.115     4.408 r  Sum11_3_impl_instance/FPAddSubOp_instance/geqOp_carry__0/CO[7]
                         net (fo=1, routed)           0.026     4.434    Sum11_3_impl_instance/FPAddSubOp_instance/geqOp_carry__0_n_0
    SLICE_X173Y303       CARRY8 (Prop_CARRY8_SLICEL_CI_CO[0])
                                                      0.052     4.486 r  Sum11_3_impl_instance/FPAddSubOp_instance/geqOp_carry__1/CO[0]
                         net (fo=72, routed)          0.200     4.686    Delay1No17_instance/CO[0]
    SLICE_X173Y304       LUT5 (Prop_C5LUT_SLICEL_I4_O)
                                                      0.068     4.754 f  Delay1No17_instance/shiftedFracY_d1[12]_i_4__0/O
                         net (fo=3, routed)           0.137     4.891    Delay1No16_instance/Y_reg[23]_0[0]
    SLICE_X173Y304       LUT6 (Prop_H6LUT_SLICEL_I2_O)
                                                      0.150     5.041 f  Delay1No16_instance/shiftedFracY_d1[32]_i_9__0/O
                         net (fo=3, routed)           0.090     5.131    Delay1No16_instance/shiftedFracY_d1[32]_i_9__0_n_0
    SLICE_X174Y304       LUT5 (Prop_E6LUT_SLICEL_I4_O)
                                                      0.051     5.182 r  Delay1No16_instance/shiftedFracY_d1[45]_i_4__0/O
                         net (fo=31, routed)          0.164     5.346    Delay1No17_instance/Y_reg[23]_0
    SLICE_X173Y303       LUT6 (Prop_G6LUT_SLICEL_I4_O)
                                                      0.123     5.469 r  Delay1No17_instance/shiftedFracY_d1[26]_i_2__0/O
                         net (fo=5, routed)           0.523     5.992    Delay1No17_instance/level2__0__0[19]
    SLICE_X180Y301       LUT4 (Prop_C5LUT_SLICEM_I0_O)
                                                      0.111     6.103 r  Delay1No17_instance/shiftedFracY_d1[42]_i_1__0/O
                         net (fo=1, routed)           0.408     6.511    Sum11_3_impl_instance/FPAddSubOp_instance/Y_reg[26]_3
    SLICE_X180Y301       FDRE                                         r  Sum11_3_impl_instance/FPAddSubOp_instance/shiftedFracY_d1_reg[42]/D
  -------------------------------------------------------------------    -------------------

                         (clock clk rise edge)        4.000     4.000 r  
    AR14                                              0.000     4.000 r  clk (IN)
                         net (fo=0)                   0.000     4.000    clk_IBUF_inst/I
    AR14                 INBUF (Prop_INBUF_HPIOB_M_PAD_O)
                                                      0.336     4.336 r  clk_IBUF_inst/INBUF_INST/O
                         net (fo=1, routed)           0.000     4.336    clk_IBUF_inst/OUT
    AR14                 IBUFCTRL (Prop_IBUFCTRL_HPIOB_M_I_O)
                                                      0.000     4.336 r  clk_IBUF_inst/IBUFCTRL_INST/O
                         net (fo=1, routed)           0.287     4.623    clk_IBUF
    BUFGCE_X0Y170        BUFGCE (Prop_BUFCE_BUFGCE_I_O)
                                                      0.024     4.647 r  clk_IBUF_BUFG_inst/O
    X5Y5 (CLOCK_ROOT)    net (fo=45461, routed)       2.031     6.678    Sum11_3_impl_instance/FPAddSubOp_instance/clk
    SLICE_X180Y301       FDRE                                         r  Sum11_3_impl_instance/FPAddSubOp_instance/shiftedFracY_d1_reg[42]/C
                         clock pessimism              0.395     7.072    
                         clock uncertainty           -0.035     7.037    
    SLICE_X180Y301       FDRE (Setup_FFF_SLICEM_C_D)
                                                      0.025     7.062    Sum11_3_impl_instance/FPAddSubOp_instance/shiftedFracY_d1_reg[42]
  -------------------------------------------------------------------
                         required time                          7.062    
                         arrival time                          -6.511    
  -------------------------------------------------------------------
                         slack                                  0.551    




