Copyright 1986-2018 Xilinx, Inc. All Rights Reserved.
------------------------------------------------------------------------------------------------------------------------------------------------------------------------------------------------
| Tool Version      : Vivado v.2018.1 (lin64) Build 2188600 Wed Apr  4 18:39:19 MDT 2018
| Date              : Thu Dec 10 00:41:17 2020
| Host              : animal.digi.e-technik.uni-kassel.de running 64-bit CentOS Linux release 7.8.2003 (Core)
| Command           : report_timing -file /home/nfiege/Repositories/origami/vhdl/ratII/synth/fir_SAM/NonUniformILP/fir_SAM_NonUniformILP_484_ultrascale2_250/implementedSystem_timing_synth.rpt
| Design            : implementedSystem_toplevel
| Device            : xcvu13p-fhga2104
| Speed File        : -2  PRODUCTION 1.19 03-17-2018
| Temperature Grade : E
------------------------------------------------------------------------------------------------------------------------------------------------------------------------------------------------

Timing Report

Slack (MET) :             0.597ns  (required time - arrival time)
  Source:                 SharedReg284_instance/s14_reg_c/C
                            (rising edge-triggered cell FDCE clocked by clk  {rise@0.000ns fall@2.000ns period=4.000ns})
  Destination:            SharedReg65_instance/Y_reg[6]/D
                            (rising edge-triggered cell FDCE clocked by clk  {rise@0.000ns fall@2.000ns period=4.000ns})
  Path Group:             clk
  Path Type:              Setup (Max at Slow Process Corner)
  Requirement:            4.000ns  (clk rise@4.000ns - clk rise@0.000ns)
  Data Path Delay:        3.366ns  (logic 0.224ns (6.655%)  route 3.142ns (93.345%))
  Logic Levels:           1  (LUT2=1)
  Clock Path Skew:        -0.027ns (DCD - SCD + CPR)
    Destination Clock Delay (DCD):    3.270ns = ( 7.270 - 4.000 ) 
    Source Clock Delay      (SCD):    3.756ns
    Clock Pessimism Removal (CPR):    0.459ns
  Clock Uncertainty:      0.035ns  ((TSJ^2 + TIJ^2)^1/2 + DJ) / 2 + PE
    Total System Jitter     (TSJ):    0.071ns
    Total Input Jitter      (TIJ):    0.000ns
    Discrete Jitter          (DJ):    0.000ns
    Phase Error              (PE):    0.000ns
  Clock Net Delay (Source):      2.805ns (routing 1.576ns, distribution 1.229ns)
  Clock Net Delay (Destination): 2.610ns (routing 1.429ns, distribution 1.181ns)

    Location             Delay type                Incr(ns)  Path(ns)    Netlist Resource(s)
  -------------------------------------------------------------------    -------------------
                         (clock clk rise edge)        0.000     0.000 r  
    AU14                                              0.000     0.000 r  clk (IN)
                         net (fo=0)                   0.000     0.000    clk_IBUF_inst/I
    AU14                 INBUF (Prop_INBUF_HPIOB_M_PAD_O)
                                                      0.600     0.600 r  clk_IBUF_inst/INBUF_INST/O
                         net (fo=1, routed)           0.000     0.600    clk_IBUF_inst/OUT
    AU14                 IBUFCTRL (Prop_IBUFCTRL_HPIOB_M_I_O)
                                                      0.000     0.600 r  clk_IBUF_inst/IBUFCTRL_INST/O
                         net (fo=1, routed)           0.323     0.923    clk_IBUF
    BUFGCE_X0Y170        BUFGCE (Prop_BUFCE_BUFGCE_I_O)
                                                      0.028     0.951 r  clk_IBUF_BUFG_inst/O
    X4Y2 (CLOCK_ROOT)    net (fo=42236, routed)       2.805     3.756    SharedReg284_instance/clk_IBUF_BUFG
    SLR Crossing[1->0]   
    SLICE_X127Y106       FDCE                                         r  SharedReg284_instance/s14_reg_c/C
  -------------------------------------------------------------------    -------------------
    SLICE_X127Y106       FDCE (Prop_DFF_SLICEL_C_Q)
                                                      0.079     3.835 r  SharedReg284_instance/s14_reg_c/Q
                         net (fo=217, routed)         3.076     6.911    SharedReg65_instance/s14_reg_c
    SLICE_X114Y44        LUT2 (Prop_C6LUT_SLICEM_I1_O)
                                                      0.145     7.056 r  SharedReg65_instance/s14_reg_gate__26/O
                         net (fo=1, routed)           0.066     7.122    SharedReg65_instance/s14_reg_gate__26_n_0
    SLICE_X114Y44        FDCE                                         r  SharedReg65_instance/Y_reg[6]/D
  -------------------------------------------------------------------    -------------------

                         (clock clk rise edge)        4.000     4.000 r  
    AU14                                              0.000     4.000 r  clk (IN)
                         net (fo=0)                   0.000     4.000    clk_IBUF_inst/I
    AU14                 INBUF (Prop_INBUF_HPIOB_M_PAD_O)
                                                      0.349     4.349 r  clk_IBUF_inst/INBUF_INST/O
                         net (fo=1, routed)           0.000     4.349    clk_IBUF_inst/OUT
    AU14                 IBUFCTRL (Prop_IBUFCTRL_HPIOB_M_I_O)
                                                      0.000     4.349 r  clk_IBUF_inst/IBUFCTRL_INST/O
                         net (fo=1, routed)           0.287     4.636    clk_IBUF
    BUFGCE_X0Y170        BUFGCE (Prop_BUFCE_BUFGCE_I_O)
                                                      0.024     4.660 r  clk_IBUF_BUFG_inst/O
    X4Y2 (CLOCK_ROOT)    net (fo=42236, routed)       2.610     7.270    SharedReg65_instance/clk_IBUF_BUFG
    SLR Crossing[1->0]   
    SLICE_X114Y44        FDCE                                         r  SharedReg65_instance/Y_reg[6]/C
                         clock pessimism              0.459     7.729    
                         clock uncertainty           -0.035     7.694    
    SLICE_X114Y44        FDCE (Setup_CFF_SLICEM_C_D)
                                                      0.025     7.719    SharedReg65_instance/Y_reg[6]
  -------------------------------------------------------------------
                         required time                          7.719    
                         arrival time                          -7.122    
  -------------------------------------------------------------------
                         slack                                  0.597    




