Copyright 1986-2018 Xilinx, Inc. All Rights Reserved.
-----------------------------------------------------------------------------------------------------------------------------------------------------------------------------
| Tool Version      : Vivado v.2018.1 (lin64) Build 2188600 Wed Apr  4 18:39:19 MDT 2018
| Date              : Wed Apr 15 12:01:24 2020
| Host              : animal.digi.e-technik.uni-kassel.de running 64-bit CentOS Linux release 7.7.1908 (Core)
| Command           : report_timing -file /home/nfiege/Repositories/origami/vhdl/ratII/synth/intII/mat_inv/mat_inv_ED97_1_ultrascale2_250/implementedSystem_timing_synth.rpt
| Design            : implementedSystem_toplevel
| Device            : xcvu13p-fhga2104
| Speed File        : -2  PRODUCTION 1.19 03-17-2018
| Temperature Grade : E
-----------------------------------------------------------------------------------------------------------------------------------------------------------------------------

Timing Report

Slack (MET) :             0.293ns  (required time - arrival time)
  Source:                 Delay107No_instance/s5_reg_c/C
                            (rising edge-triggered cell FDCE clocked by clk  {rise@0.000ns fall@2.000ns period=4.000ns})
  Destination:            SharedReg137_instance/Y_reg[14]/D
                            (rising edge-triggered cell FDCE clocked by clk  {rise@0.000ns fall@2.000ns period=4.000ns})
  Path Group:             clk
  Path Type:              Setup (Max at Slow Process Corner)
  Requirement:            4.000ns  (clk rise@4.000ns - clk rise@0.000ns)
  Data Path Delay:        3.470ns  (logic 0.229ns (6.599%)  route 3.241ns (93.401%))
  Logic Levels:           1  (LUT2=1)
  Clock Path Skew:        -0.227ns (DCD - SCD + CPR)
    Destination Clock Delay (DCD):    2.121ns = ( 6.121 - 4.000 ) 
    Source Clock Delay      (SCD):    2.669ns
    Clock Pessimism Removal (CPR):    0.321ns
  Clock Uncertainty:      0.035ns  ((TSJ^2 + TIJ^2)^1/2 + DJ) / 2 + PE
    Total System Jitter     (TSJ):    0.071ns
    Total Input Jitter      (TIJ):    0.000ns
    Discrete Jitter          (DJ):    0.000ns
    Phase Error              (PE):    0.000ns
  Clock Net Delay (Source):      1.638ns (routing 0.338ns, distribution 1.300ns)
  Clock Net Delay (Destination): 1.382ns (routing 0.309ns, distribution 1.073ns)

    Location             Delay type                Incr(ns)  Path(ns)    Netlist Resource(s)
  -------------------------------------------------------------------    -------------------
                         (clock clk rise edge)        0.000     0.000 r  
    BB9                                               0.000     0.000 r  clk (IN)
                         net (fo=0)                   0.000     0.000    clk_IBUF_inst/I
    BB9                  INBUF (Prop_INBUF_HPIOB_M_PAD_O)
                                                      0.668     0.668 r  clk_IBUF_inst/INBUF_INST/O
                         net (fo=1, routed)           0.000     0.668    clk_IBUF_inst/OUT
    BB9                  IBUFCTRL (Prop_IBUFCTRL_HPIOB_M_I_O)
                                                      0.000     0.668 r  clk_IBUF_inst/IBUFCTRL_INST/O
                         net (fo=1, routed)           0.335     1.003    clk_IBUF
    BUFGCE_X0Y146        BUFGCE (Prop_BUFCE_BUFGCE_I_O)
                                                      0.028     1.031 r  clk_IBUF_BUFG_inst/O
    X4Y6 (CLOCK_ROOT)    net (fo=19481, routed)       1.638     2.669    Delay107No_instance/clk_IBUF_BUFG
    SLICE_X136Y430       FDCE                                         r  Delay107No_instance/s5_reg_c/C
  -------------------------------------------------------------------    -------------------
    SLICE_X136Y430       FDCE (Prop_EFF_SLICEL_C_Q)
                                                      0.079     2.748 r  Delay107No_instance/s5_reg_c/Q
                         net (fo=105, routed)         3.190     5.938    SharedReg137_instance/s5_reg_c
    SLICE_X131Y384       LUT2 (Prop_H6LUT_SLICEL_I1_O)
                                                      0.150     6.088 r  SharedReg137_instance/s5_reg_gate__18/O
                         net (fo=1, routed)           0.051     6.139    SharedReg137_instance/s5_reg_gate__18_n_0
    SLICE_X131Y384       FDCE                                         r  SharedReg137_instance/Y_reg[14]/D
  -------------------------------------------------------------------    -------------------

                         (clock clk rise edge)        4.000     4.000 r  
    BB9                                               0.000     4.000 r  clk (IN)
                         net (fo=0)                   0.000     4.000    clk_IBUF_inst/I
    BB9                  INBUF (Prop_INBUF_HPIOB_M_PAD_O)
                                                      0.417     4.417 r  clk_IBUF_inst/INBUF_INST/O
                         net (fo=1, routed)           0.000     4.417    clk_IBUF_inst/OUT
    BB9                  IBUFCTRL (Prop_IBUFCTRL_HPIOB_M_I_O)
                                                      0.000     4.417 r  clk_IBUF_inst/IBUFCTRL_INST/O
                         net (fo=1, routed)           0.298     4.715    clk_IBUF
    BUFGCE_X0Y146        BUFGCE (Prop_BUFCE_BUFGCE_I_O)
                                                      0.024     4.739 r  clk_IBUF_BUFG_inst/O
    X4Y6 (CLOCK_ROOT)    net (fo=19481, routed)       1.382     6.121    SharedReg137_instance/clk_IBUF_BUFG
    SLICE_X131Y384       FDCE                                         r  SharedReg137_instance/Y_reg[14]/C
                         clock pessimism              0.321     6.442    
                         clock uncertainty           -0.035     6.407    
    SLICE_X131Y384       FDCE (Setup_HFF_SLICEL_C_D)
                                                      0.025     6.432    SharedReg137_instance/Y_reg[14]
  -------------------------------------------------------------------
                         required time                          6.432    
                         arrival time                          -6.139    
  -------------------------------------------------------------------
                         slack                                  0.293    




