Copyright 1986-2018 Xilinx, Inc. All Rights Reserved.
------------------------------------------------------------------------------------------------------------------------------------------------------------------------------
| Tool Version      : Vivado v.2018.1 (lin64) Build 2188600 Wed Apr  4 18:39:19 MDT 2018
| Date              : Wed Apr 15 12:04:12 2020
| Host              : animal.digi.e-technik.uni-kassel.de running 64-bit CentOS Linux release 7.7.1908 (Core)
| Command           : report_timing -file /home/nfiege/Repositories/origami/vhdl/ratII/synth/intII/mat_inv/mat_inv_ED97_24_ultrascale2_250/implementedSystem_timing_synth.rpt
| Design            : implementedSystem_toplevel
| Device            : xcvu13p-fhga2104
| Speed File        : -2  PRODUCTION 1.19 03-17-2018
| Temperature Grade : E
------------------------------------------------------------------------------------------------------------------------------------------------------------------------------

Timing Report

Slack (MET) :             0.383ns  (required time - arrival time)
  Source:                 Delay1No1_instance/Y_reg[18]/C
                            (rising edge-triggered cell FDCE clocked by clk  {rise@0.000ns fall@2.000ns period=4.000ns})
  Destination:            Product108_impl_instance/SignificandMultiplication/RR__0/DSP_OUTPUT_INST/ALU_OUT[0]
                            (rising edge-triggered cell DSP_OUTPUT clocked by clk  {rise@0.000ns fall@2.000ns period=4.000ns})
  Path Group:             clk
  Path Type:              Setup (Max at Slow Process Corner)
  Requirement:            4.000ns  (clk rise@4.000ns - clk rise@0.000ns)
  Data Path Delay:        3.675ns  (logic 2.152ns (58.558%)  route 1.523ns (41.442%))
  Logic Levels:           7  (DSP_A_B_DATA=1 DSP_ALU=2 DSP_M_DATA=1 DSP_MULTIPLIER=1 DSP_OUTPUT=1 DSP_PREADD_DATA=1)
  Clock Path Skew:        0.078ns (DCD - SCD + CPR)
    Destination Clock Delay (DCD):    3.295ns = ( 7.295 - 4.000 ) 
    Source Clock Delay      (SCD):    3.702ns
    Clock Pessimism Removal (CPR):    0.486ns
  Clock Uncertainty:      0.035ns  ((TSJ^2 + TIJ^2)^1/2 + DJ) / 2 + PE
    Total System Jitter     (TSJ):    0.071ns
    Total Input Jitter      (TIJ):    0.000ns
    Discrete Jitter          (DJ):    0.000ns
    Phase Error              (PE):    0.000ns
  Clock Net Delay (Source):      2.671ns (routing 1.147ns, distribution 1.524ns)
  Clock Net Delay (Destination): 2.556ns (routing 1.043ns, distribution 1.513ns)

    Location             Delay type                Incr(ns)  Path(ns)    Netlist Resource(s)
  -------------------------------------------------------------------    -------------------
                         (clock clk rise edge)        0.000     0.000 r  
    BB9                                               0.000     0.000 r  clk (IN)
                         net (fo=0)                   0.000     0.000    clk_IBUF_inst/I
    BB9                  INBUF (Prop_INBUF_HPIOB_M_PAD_O)
                                                      0.668     0.668 r  clk_IBUF_inst/INBUF_INST/O
                         net (fo=1, routed)           0.000     0.668    clk_IBUF_inst/OUT
    BB9                  IBUFCTRL (Prop_IBUFCTRL_HPIOB_M_I_O)
                                                      0.000     0.668 r  clk_IBUF_inst/IBUFCTRL_INST/O
                         net (fo=1, routed)           0.335     1.003    clk_IBUF
    BUFGCE_X0Y146        BUFGCE (Prop_BUFCE_BUFGCE_I_O)
                                                      0.028     1.031 r  clk_IBUF_BUFG_inst/O
    X5Y4 (CLOCK_ROOT)    net (fo=16311, routed)       2.671     3.702    Delay1No1_instance/clk_IBUF_BUFG
    SLR Crossing[1->0]   
    SLICE_X131Y236       FDCE                                         r  Delay1No1_instance/Y_reg[18]/C
  -------------------------------------------------------------------    -------------------
    SLICE_X131Y236       FDCE (Prop_HFF_SLICEL_C_Q)
                                                      0.079     3.781 f  Delay1No1_instance/Y_reg[18]/Q
                         net (fo=1, routed)           1.509     5.290    Product108_impl_instance/SignificandMultiplication/RR/A[18]
    DSP48E2_X15Y72       DSP_A_B_DATA (Prop_DSP_A_B_DATA_DSP48E2_A[18]_A2_DATA[18])
                                                      0.192     5.482 r  Product108_impl_instance/SignificandMultiplication/RR/DSP_A_B_DATA_INST/A2_DATA[18]
                         net (fo=1, routed)           0.000     5.482    Product108_impl_instance/SignificandMultiplication/RR/DSP_A_B_DATA.A2_DATA<18>
    DSP48E2_X15Y72       DSP_PREADD_DATA (Prop_DSP_PREADD_DATA_DSP48E2_A2_DATA[18]_A2A1[18])
                                                      0.076     5.558 r  Product108_impl_instance/SignificandMultiplication/RR/DSP_PREADD_DATA_INST/A2A1[18]
                         net (fo=1, routed)           0.000     5.558    Product108_impl_instance/SignificandMultiplication/RR/DSP_PREADD_DATA.A2A1<18>
    DSP48E2_X15Y72       DSP_MULTIPLIER (Prop_DSP_MULTIPLIER_DSP48E2_A2A1[18]_U[38])
                                                      0.505     6.063 f  Product108_impl_instance/SignificandMultiplication/RR/DSP_MULTIPLIER_INST/U[38]
                         net (fo=1, routed)           0.000     6.063    Product108_impl_instance/SignificandMultiplication/RR/DSP_MULTIPLIER.U<38>
    DSP48E2_X15Y72       DSP_M_DATA (Prop_DSP_M_DATA_DSP48E2_U[38]_U_DATA[38])
                                                      0.047     6.110 r  Product108_impl_instance/SignificandMultiplication/RR/DSP_M_DATA_INST/U_DATA[38]
                         net (fo=1, routed)           0.000     6.110    Product108_impl_instance/SignificandMultiplication/RR/DSP_M_DATA.U_DATA<38>
    DSP48E2_X15Y72       DSP_ALU (Prop_DSP_ALU_DSP48E2_U_DATA[38]_ALU_OUT[47])
                                                      0.585     6.695 f  Product108_impl_instance/SignificandMultiplication/RR/DSP_ALU_INST/ALU_OUT[47]
                         net (fo=1, routed)           0.000     6.695    Product108_impl_instance/SignificandMultiplication/RR/DSP_ALU.ALU_OUT<47>
    DSP48E2_X15Y72       DSP_OUTPUT (Prop_DSP_OUTPUT_DSP48E2_ALU_OUT[47]_PCOUT[47])
                                                      0.122     6.817 r  Product108_impl_instance/SignificandMultiplication/RR/DSP_OUTPUT_INST/PCOUT[47]
                         net (fo=1, routed)           0.014     6.831    Product108_impl_instance/SignificandMultiplication/RR__0/PCIN[47]
    DSP48E2_X15Y73       DSP_ALU (Prop_DSP_ALU_DSP48E2_PCIN[47]_ALU_OUT[0])
                                                      0.546     7.377 r  Product108_impl_instance/SignificandMultiplication/RR__0/DSP_ALU_INST/ALU_OUT[0]
                         net (fo=1, routed)           0.000     7.377    Product108_impl_instance/SignificandMultiplication/RR__0/DSP_ALU.ALU_OUT<0>
    DSP48E2_X15Y73       DSP_OUTPUT                                   r  Product108_impl_instance/SignificandMultiplication/RR__0/DSP_OUTPUT_INST/ALU_OUT[0]
  -------------------------------------------------------------------    -------------------

                         (clock clk rise edge)        4.000     4.000 r  
    BB9                                               0.000     4.000 r  clk (IN)
                         net (fo=0)                   0.000     4.000    clk_IBUF_inst/I
    BB9                  INBUF (Prop_INBUF_HPIOB_M_PAD_O)
                                                      0.417     4.417 r  clk_IBUF_inst/INBUF_INST/O
                         net (fo=1, routed)           0.000     4.417    clk_IBUF_inst/OUT
    BB9                  IBUFCTRL (Prop_IBUFCTRL_HPIOB_M_I_O)
                                                      0.000     4.417 r  clk_IBUF_inst/IBUFCTRL_INST/O
                         net (fo=1, routed)           0.298     4.715    clk_IBUF
    BUFGCE_X0Y146        BUFGCE (Prop_BUFCE_BUFGCE_I_O)
                                                      0.024     4.739 r  clk_IBUF_BUFG_inst/O
    X5Y4 (CLOCK_ROOT)    net (fo=16311, routed)       2.556     7.295    Product108_impl_instance/SignificandMultiplication/RR__0/CLK
    SLR Crossing[1->0]   
    DSP48E2_X15Y73       DSP_OUTPUT                                   r  Product108_impl_instance/SignificandMultiplication/RR__0/DSP_OUTPUT_INST/CLK
                         clock pessimism              0.486     7.781    
                         clock uncertainty           -0.035     7.745    
    DSP48E2_X15Y73       DSP_OUTPUT (Setup_DSP_OUTPUT_DSP48E2_CLK_ALU_OUT[0])
                                                      0.015     7.760    Product108_impl_instance/SignificandMultiplication/RR__0/DSP_OUTPUT_INST
  -------------------------------------------------------------------
                         required time                          7.760    
                         arrival time                          -7.377    
  -------------------------------------------------------------------
                         slack                                  0.383    




