Copyright 1986-2018 Xilinx, Inc. All Rights Reserved.
---------------------------------------------------------------------------------------------------------------------------------------------------------------------------------------------------
| Tool Version      : Vivado v.2018.1 (lin64) Build 2188600 Wed Apr  4 18:39:19 MDT 2018
| Date              : Fri Apr 24 17:39:56 2020
| Host              : animal.digi.e-technik.uni-kassel.de running 64-bit CentOS Linux release 7.7.1908 (Core)
| Command           : report_timing -file /home/nfiege/Repositories/origami/vhdl/ratII/synth/iir_sos16/NonUniformILP/iir_sos16_NonUniformILP_86_ultrascale2_250/implementedSystem_timing_synth.rpt
| Design            : implementedSystem_toplevel
| Device            : xcvu13p-fhga2104
| Speed File        : -2  PRODUCTION 1.19 03-17-2018
| Temperature Grade : E
---------------------------------------------------------------------------------------------------------------------------------------------------------------------------------------------------

Timing Report

Slack (MET) :             0.336ns  (required time - arrival time)
  Source:                 ModCount641_instance/count_reg[0]_rep__6/C
                            (rising edge-triggered cell FDCE clocked by clk  {rise@0.000ns fall@2.000ns period=4.000ns})
  Destination:            Delay1No14_instance/Y_reg[6]/D
                            (rising edge-triggered cell FDCE clocked by clk  {rise@0.000ns fall@2.000ns period=4.000ns})
  Path Group:             clk
  Path Type:              Setup (Max at Slow Process Corner)
  Requirement:            4.000ns  (clk rise@4.000ns - clk rise@0.000ns)
  Data Path Delay:        3.594ns  (logic 0.324ns (9.015%)  route 3.270ns (90.985%))
  Logic Levels:           3  (LUT6=1 MUXF7=1 MUXF8=1)
  Clock Path Skew:        -0.060ns (DCD - SCD + CPR)
    Destination Clock Delay (DCD):    1.782ns = ( 5.782 - 4.000 ) 
    Source Clock Delay      (SCD):    2.208ns
    Clock Pessimism Removal (CPR):    0.366ns
  Clock Uncertainty:      0.035ns  ((TSJ^2 + TIJ^2)^1/2 + DJ) / 2 + PE
    Total System Jitter     (TSJ):    0.071ns
    Total Input Jitter      (TIJ):    0.000ns
    Discrete Jitter          (DJ):    0.000ns
    Phase Error              (PE):    0.000ns
  Clock Net Delay (Source):      1.257ns (routing 0.170ns, distribution 1.087ns)
  Clock Net Delay (Destination): 1.122ns (routing 0.155ns, distribution 0.967ns)

    Location             Delay type                Incr(ns)  Path(ns)    Netlist Resource(s)
  -------------------------------------------------------------------    -------------------
                         (clock clk rise edge)        0.000     0.000 r  
    AP13                                              0.000     0.000 r  clk (IN)
                         net (fo=0)                   0.000     0.000    clk_IBUF_inst/I
    AP13                 INBUF (Prop_INBUF_HPIOB_M_PAD_O)
                                                      0.600     0.600 r  clk_IBUF_inst/INBUF_INST/O
                         net (fo=1, routed)           0.000     0.600    clk_IBUF_inst/OUT
    AP13                 IBUFCTRL (Prop_IBUFCTRL_HPIOB_M_I_O)
                                                      0.000     0.600 r  clk_IBUF_inst/IBUFCTRL_INST/O
                         net (fo=1, routed)           0.323     0.923    clk_IBUF
    BUFGCE_X0Y170        BUFGCE (Prop_BUFCE_BUFGCE_I_O)
                                                      0.028     0.951 r  clk_IBUF_BUFG_inst/O
    X4Y7 (CLOCK_ROOT)    net (fo=17936, routed)       1.257     2.208    ModCount641_instance/clk_IBUF_BUFG
    SLICE_X113Y446       FDCE                                         r  ModCount641_instance/count_reg[0]_rep__6/C
  -------------------------------------------------------------------    -------------------
    SLICE_X113Y446       FDCE (Prop_FFF_SLICEL_C_Q)
                                                      0.079     2.287 r  ModCount641_instance/count_reg[0]_rep__6/Q
                         net (fo=125, routed)         1.272     3.559    MUX_Sum20_2_impl_0_instance/count_reg[0]_rep__6_1
    SLICE_X132Y464       LUT6 (Prop_F6LUT_SLICEL_I0_O)
                                                      0.148     3.707 r  MUX_Sum20_2_impl_0_instance/Y[33]_i_5/O
                         net (fo=68, routed)          1.959     5.666    MUX_Sum20_2_impl_0_instance/Y[33]_i_5_n_0
    SLICE_X106Y446       MUXF7 (Prop_F7MUX_AB_SLICEM_S_O)
                                                      0.069     5.735 r  MUX_Sum20_2_impl_0_instance/Y_reg[6]_i_3/O
                         net (fo=1, routed)           0.000     5.735    MUX_Sum20_2_impl_0_instance/Y_reg[6]_i_3_n_0
    SLICE_X106Y446       MUXF8 (Prop_F8MUX_BOT_SLICEM_I1_O)
                                                      0.028     5.763 r  MUX_Sum20_2_impl_0_instance/Y_reg[6]_i_1/O
                         net (fo=1, routed)           0.039     5.802    Delay1No14_instance/D[6]
    SLICE_X106Y446       FDCE                                         r  Delay1No14_instance/Y_reg[6]/D
  -------------------------------------------------------------------    -------------------

                         (clock clk rise edge)        4.000     4.000 r  
    AP13                                              0.000     4.000 r  clk (IN)
                         net (fo=0)                   0.000     4.000    clk_IBUF_inst/I
    AP13                 INBUF (Prop_INBUF_HPIOB_M_PAD_O)
                                                      0.349     4.349 r  clk_IBUF_inst/INBUF_INST/O
                         net (fo=1, routed)           0.000     4.349    clk_IBUF_inst/OUT
    AP13                 IBUFCTRL (Prop_IBUFCTRL_HPIOB_M_I_O)
                                                      0.000     4.349 r  clk_IBUF_inst/IBUFCTRL_INST/O
                         net (fo=1, routed)           0.287     4.636    clk_IBUF
    BUFGCE_X0Y170        BUFGCE (Prop_BUFCE_BUFGCE_I_O)
                                                      0.024     4.660 r  clk_IBUF_BUFG_inst/O
    X4Y7 (CLOCK_ROOT)    net (fo=17936, routed)       1.122     5.782    Delay1No14_instance/clk_IBUF_BUFG
    SLICE_X106Y446       FDCE                                         r  Delay1No14_instance/Y_reg[6]/C
                         clock pessimism              0.366     6.148    
                         clock uncertainty           -0.035     6.112    
    SLICE_X106Y446       FDCE (Setup_CFF_SLICEM_C_D)
                                                      0.025     6.137    Delay1No14_instance/Y_reg[6]
  -------------------------------------------------------------------
                         required time                          6.137    
                         arrival time                          -5.802    
  -------------------------------------------------------------------
                         slack                                  0.336    




