Copyright 1986-2018 Xilinx, Inc. All Rights Reserved.
------------------------------------------------------------------------------------------------------------------------------------------------------------------------------------------------
| Tool Version      : Vivado v.2018.1 (lin64) Build 2188600 Wed Apr  4 18:39:19 MDT 2018
| Date              : Mon Dec  7 01:25:27 2020
| Host              : animal.digi.e-technik.uni-kassel.de running 64-bit CentOS Linux release 7.8.2003 (Core)
| Command           : report_timing -file /home/nfiege/Repositories/origami/vhdl/ratII/synth/fir_SAM/NonUniformILP/fir_SAM_NonUniformILP_257_ultrascale2_250/implementedSystem_timing_synth.rpt
| Design            : implementedSystem_toplevel
| Device            : xcvu13p-fhga2104
| Speed File        : -2  PRODUCTION 1.19 03-17-2018
| Temperature Grade : E
------------------------------------------------------------------------------------------------------------------------------------------------------------------------------------------------

Timing Report

Slack (MET) :             0.415ns  (required time - arrival time)
  Source:                 Delay1No13_instance/Y_reg[21]/C
                            (rising edge-triggered cell FDCE clocked by clk  {rise@0.000ns fall@2.000ns period=4.000ns})
  Destination:            Sum10_1_impl_instance/FPAddSubOp_instance/shiftedFracY_d1_reg[27]/D
                            (rising edge-triggered cell FDRE clocked by clk  {rise@0.000ns fall@2.000ns period=4.000ns})
  Path Group:             clk
  Path Type:              Setup (Max at Slow Process Corner)
  Requirement:            4.000ns  (clk rise@4.000ns - clk rise@0.000ns)
  Data Path Delay:        3.341ns  (logic 0.971ns (29.063%)  route 2.370ns (70.937%))
  Logic Levels:           9  (CARRY8=2 LUT4=1 LUT5=2 LUT6=4)
  Clock Path Skew:        -0.234ns (DCD - SCD + CPR)
    Destination Clock Delay (DCD):    2.390ns = ( 6.390 - 4.000 ) 
    Source Clock Delay      (SCD):    3.000ns
    Clock Pessimism Removal (CPR):    0.376ns
  Clock Uncertainty:      0.035ns  ((TSJ^2 + TIJ^2)^1/2 + DJ) / 2 + PE
    Total System Jitter     (TSJ):    0.071ns
    Total Input Jitter      (TIJ):    0.000ns
    Discrete Jitter          (DJ):    0.000ns
    Phase Error              (PE):    0.000ns
  Clock Net Delay (Source):      2.049ns (routing 0.921ns, distribution 1.128ns)
  Clock Net Delay (Destination): 1.730ns (routing 0.836ns, distribution 0.894ns)

    Location             Delay type                Incr(ns)  Path(ns)    Netlist Resource(s)
  -------------------------------------------------------------------    -------------------
                         (clock clk rise edge)        0.000     0.000 r  
    AP13                                              0.000     0.000 r  clk (IN)
                         net (fo=0)                   0.000     0.000    clk_IBUF_inst/I
    AP13                 INBUF (Prop_INBUF_HPIOB_M_PAD_O)
                                                      0.600     0.600 r  clk_IBUF_inst/INBUF_INST/O
                         net (fo=1, routed)           0.000     0.600    clk_IBUF_inst/OUT
    AP13                 IBUFCTRL (Prop_IBUFCTRL_HPIOB_M_I_O)
                                                      0.000     0.600 r  clk_IBUF_inst/IBUFCTRL_INST/O
                         net (fo=1, routed)           0.323     0.923    clk_IBUF
    BUFGCE_X0Y170        BUFGCE (Prop_BUFCE_BUFGCE_I_O)
                                                      0.028     0.951 r  clk_IBUF_BUFG_inst/O
    X4Y5 (CLOCK_ROOT)    net (fo=29915, routed)       2.049     3.000    Delay1No13_instance/clk
    SLICE_X134Y374       FDCE                                         r  Delay1No13_instance/Y_reg[21]/C
  -------------------------------------------------------------------    -------------------
    SLICE_X134Y374       FDCE (Prop_HFF_SLICEL_C_Q)
                                                      0.079     3.079 r  Delay1No13_instance/Y_reg[21]/Q
                         net (fo=4, routed)           0.779     3.858    Delay1No12_instance/Y_reg[33]_0[21]
    SLICE_X126Y322       LUT4 (Prop_C6LUT_SLICEM_I3_O)
                                                      0.123     3.981 r  Delay1No12_instance/geqOp_carry__0_i_14__0/O
                         net (fo=1, routed)           0.021     4.002    Sum10_1_impl_instance/FPAddSubOp_instance/Y_reg[30]_0[2]
    SLICE_X126Y322       CARRY8 (Prop_CARRY8_SLICEM_S[2]_CO[7])
                                                      0.161     4.163 r  Sum10_1_impl_instance/FPAddSubOp_instance/geqOp_carry__0/CO[7]
                         net (fo=1, routed)           0.026     4.189    Sum10_1_impl_instance/FPAddSubOp_instance/geqOp_carry__0_n_0
    SLICE_X126Y323       CARRY8 (Prop_CARRY8_SLICEM_CI_CO[0])
                                                      0.052     4.241 r  Sum10_1_impl_instance/FPAddSubOp_instance/geqOp_carry__1/CO[0]
                         net (fo=72, routed)          0.357     4.598    Delay1No12_instance/CO[0]
    SLICE_X127Y325       LUT5 (Prop_E6LUT_SLICEL_I4_O)
                                                      0.099     4.697 r  Delay1No12_instance/shiftedFracY_d1[49]_i_7__0/O
                         net (fo=2, routed)           0.149     4.846    Delay1No12_instance/Sum10_1_impl_instance/FPAddSubOp_instance/expDiff__26[4]
    SLICE_X128Y324       LUT6 (Prop_F6LUT_SLICEM_I4_O)
                                                      0.123     4.969 r  Delay1No12_instance/shiftedFracY_d1[32]_i_9__0/O
                         net (fo=3, routed)           0.143     5.112    Delay1No12_instance/shiftedFracY_d1[32]_i_9__0_n_0
    SLICE_X127Y322       LUT5 (Prop_E6LUT_SLICEL_I3_O)
                                                      0.035     5.147 r  Delay1No12_instance/shiftedFracY_d1[12]_i_3__0/O
                         net (fo=33, routed)          0.354     5.501    Delay1No13_instance/shiftVal__5[0]
    SLICE_X126Y323       LUT6 (Prop_G6LUT_SLICEM_I2_O)
                                                      0.052     5.553 r  Delay1No13_instance/shiftedFracY_d1[39]_i_2__0/O
                         net (fo=4, routed)           0.355     5.908    Delay1No13_instance/Sum10_1_impl_instance/level2[16]
    SLICE_X127Y319       LUT6 (Prop_B6LUT_SLICEL_I0_O)
                                                      0.148     6.056 r  Delay1No13_instance/shiftedFracY_d1[27]_i_4__0/O
                         net (fo=2, routed)           0.137     6.193    Delay1No13_instance/level4__0[7]
    SLICE_X127Y320       LUT6 (Prop_D6LUT_SLICEL_I5_O)
                                                      0.099     6.292 r  Delay1No13_instance/shiftedFracY_d1[27]_i_1__0/O
                         net (fo=1, routed)           0.049     6.341    Sum10_1_impl_instance/FPAddSubOp_instance/shiftedFracY[16]
    SLICE_X127Y320       FDRE                                         r  Sum10_1_impl_instance/FPAddSubOp_instance/shiftedFracY_d1_reg[27]/D
  -------------------------------------------------------------------    -------------------

                         (clock clk rise edge)        4.000     4.000 r  
    AP13                                              0.000     4.000 r  clk (IN)
                         net (fo=0)                   0.000     4.000    clk_IBUF_inst/I
    AP13                 INBUF (Prop_INBUF_HPIOB_M_PAD_O)
                                                      0.349     4.349 r  clk_IBUF_inst/INBUF_INST/O
                         net (fo=1, routed)           0.000     4.349    clk_IBUF_inst/OUT
    AP13                 IBUFCTRL (Prop_IBUFCTRL_HPIOB_M_I_O)
                                                      0.000     4.349 r  clk_IBUF_inst/IBUFCTRL_INST/O
                         net (fo=1, routed)           0.287     4.636    clk_IBUF
    BUFGCE_X0Y170        BUFGCE (Prop_BUFCE_BUFGCE_I_O)
                                                      0.024     4.660 r  clk_IBUF_BUFG_inst/O
    X4Y5 (CLOCK_ROOT)    net (fo=29915, routed)       1.730     6.390    Sum10_1_impl_instance/FPAddSubOp_instance/clk
    SLICE_X127Y320       FDRE                                         r  Sum10_1_impl_instance/FPAddSubOp_instance/shiftedFracY_d1_reg[27]/C
                         clock pessimism              0.376     6.766    
                         clock uncertainty           -0.035     6.730    
    SLICE_X127Y320       FDRE (Setup_DFF_SLICEL_C_D)
                                                      0.025     6.755    Sum10_1_impl_instance/FPAddSubOp_instance/shiftedFracY_d1_reg[27]
  -------------------------------------------------------------------
                         required time                          6.755    
                         arrival time                          -6.341    
  -------------------------------------------------------------------
                         slack                                  0.415    




