Copyright 1986-2018 Xilinx, Inc. All Rights Reserved.
---------------------------------------------------------------------------------------------------------------------------------------------------------------------------------------------------
| Tool Version      : Vivado v.2018.1 (lin64) Build 2188600 Wed Apr  4 18:39:19 MDT 2018
| Date              : Fri Apr 24 14:25:22 2020
| Host              : animal.digi.e-technik.uni-kassel.de running 64-bit CentOS Linux release 7.7.1908 (Core)
| Command           : report_timing -file /home/nfiege/Repositories/origami/vhdl/ratII/synth/iir_sos16/NonUniformILP/iir_sos16_NonUniformILP_20_ultrascale2_250/implementedSystem_timing_synth.rpt
| Design            : implementedSystem_toplevel
| Device            : xcvu13p-fhga2104
| Speed File        : -2  PRODUCTION 1.19 03-17-2018
| Temperature Grade : E
---------------------------------------------------------------------------------------------------------------------------------------------------------------------------------------------------

Timing Report

Slack (MET) :             0.405ns  (required time - arrival time)
  Source:                 Delay1No23_instance/Y_reg[0]/C
                            (rising edge-triggered cell FDCE clocked by clk  {rise@0.000ns fall@2.000ns period=4.000ns})
  Destination:            Sum37_2_impl_instance/FPAddSubOp_instance/shiftedFracY_d1_reg[39]/D
                            (rising edge-triggered cell FDRE clocked by clk  {rise@0.000ns fall@2.000ns period=4.000ns})
  Path Group:             clk
  Path Type:              Setup (Max at Slow Process Corner)
  Requirement:            4.000ns  (clk rise@4.000ns - clk rise@0.000ns)
  Data Path Delay:        3.406ns  (logic 0.718ns (21.080%)  route 2.688ns (78.920%))
  Logic Levels:           9  (CARRY8=3 LUT4=1 LUT5=3 LUT6=2)
  Clock Path Skew:        -0.178ns (DCD - SCD + CPR)
    Destination Clock Delay (DCD):    2.875ns = ( 6.875 - 4.000 ) 
    Source Clock Delay      (SCD):    3.534ns
    Clock Pessimism Removal (CPR):    0.481ns
  Clock Uncertainty:      0.035ns  ((TSJ^2 + TIJ^2)^1/2 + DJ) / 2 + PE
    Total System Jitter     (TSJ):    0.071ns
    Total Input Jitter      (TIJ):    0.000ns
    Discrete Jitter          (DJ):    0.000ns
    Phase Error              (PE):    0.000ns
  Clock Net Delay (Source):      2.583ns (routing 1.576ns, distribution 1.007ns)
  Clock Net Delay (Destination): 2.215ns (routing 1.429ns, distribution 0.786ns)

    Location             Delay type                Incr(ns)  Path(ns)    Netlist Resource(s)
  -------------------------------------------------------------------    -------------------
                         (clock clk rise edge)        0.000     0.000 r  
    AP13                                              0.000     0.000 r  clk (IN)
                         net (fo=0)                   0.000     0.000    clk_IBUF_inst/I
    AP13                 INBUF (Prop_INBUF_HPIOB_M_PAD_O)
                                                      0.600     0.600 r  clk_IBUF_inst/INBUF_INST/O
                         net (fo=1, routed)           0.000     0.600    clk_IBUF_inst/OUT
    AP13                 IBUFCTRL (Prop_IBUFCTRL_HPIOB_M_I_O)
                                                      0.000     0.600 r  clk_IBUF_inst/IBUFCTRL_INST/O
                         net (fo=1, routed)           0.323     0.923    clk_IBUF
    BUFGCE_X0Y170        BUFGCE (Prop_BUFCE_BUFGCE_I_O)
                                                      0.028     0.951 r  clk_IBUF_BUFG_inst/O
    X4Y2 (CLOCK_ROOT)    net (fo=20074, routed)       2.583     3.534    Delay1No23_instance/clk_IBUF_BUFG
    SLR Crossing[1->0]   
    SLICE_X146Y226       FDCE                                         r  Delay1No23_instance/Y_reg[0]/C
  -------------------------------------------------------------------    -------------------
    SLICE_X146Y226       FDCE (Prop_CFF_SLICEM_C_Q)
                                                      0.078     3.612 r  Delay1No23_instance/Y_reg[0]/Q
                         net (fo=5, routed)           0.675     4.287    Delay1No22_instance/Y_reg[33]_0[0]
    SLICE_X127Y233       LUT4 (Prop_A6LUT_SLICEL_I1_O)
                                                      0.050     4.337 r  Delay1No22_instance/geqOp_carry_i_16__6/O
                         net (fo=1, routed)           0.009     4.346    Sum37_2_impl_instance/FPAddSubOp_instance/S[0]
    SLICE_X127Y233       CARRY8 (Prop_CARRY8_SLICEL_S[0]_CO[7])
                                                      0.190     4.536 r  Sum37_2_impl_instance/FPAddSubOp_instance/geqOp_carry/CO[7]
                         net (fo=1, routed)           0.026     4.562    Sum37_2_impl_instance/FPAddSubOp_instance/geqOp_carry_n_0
    SLICE_X127Y234       CARRY8 (Prop_CARRY8_SLICEL_CI_CO[7])
                                                      0.015     4.577 r  Sum37_2_impl_instance/FPAddSubOp_instance/geqOp_carry__0/CO[7]
                         net (fo=1, routed)           0.026     4.603    Sum37_2_impl_instance/FPAddSubOp_instance/geqOp_carry__0_n_0
    SLICE_X127Y235       CARRY8 (Prop_CARRY8_SLICEL_CI_CO[0])
                                                      0.052     4.655 r  Sum37_2_impl_instance/FPAddSubOp_instance/geqOp_carry__1/CO[0]
                         net (fo=72, routed)          0.416     5.071    Delay1No23_instance/CO[0]
    SLICE_X126Y237       LUT5 (Prop_H5LUT_SLICEM_I4_O)
                                                      0.066     5.137 r  Delay1No23_instance/shiftedFracY_d1[12]_i_4__6/O
                         net (fo=3, routed)           0.173     5.310    Delay1No22_instance/Y_reg[23]_0[0]
    SLICE_X126Y237       LUT5 (Prop_G6LUT_SLICEM_I1_O)
                                                      0.037     5.347 r  Delay1No22_instance/shiftedFracY_d1[49]_i_6__6/O
                         net (fo=1, routed)           0.169     5.516    Delay1No22_instance/shiftedFracY_d1[49]_i_6__6_n_0
    SLICE_X126Y236       LUT6 (Prop_B6LUT_SLICEM_I0_O)
                                                      0.089     5.605 r  Delay1No22_instance/shiftedFracY_d1[49]_i_3__6/O
                         net (fo=2, routed)           0.334     5.939    Delay1No22_instance/Sum37_2_impl_instance/FPAddSubOp_instance/shiftedOut
    SLICE_X127Y235       LUT6 (Prop_H6LUT_SLICEL_I0_O)
                                                      0.051     5.990 r  Delay1No22_instance/shiftedFracY_d1[33]_i_3__6/O
                         net (fo=48, routed)          0.515     6.505    Delay1No23_instance/shiftVal__5[1]
    SLICE_X135Y238       LUT5 (Prop_H6LUT_SLICEL_I1_O)
                                                      0.090     6.595 r  Delay1No23_instance/shiftedFracY_d1[39]_i_1__6/O
                         net (fo=2, routed)           0.345     6.940    Sum37_2_impl_instance/FPAddSubOp_instance/level4__0[16]
    SLICE_X131Y237       FDRE                                         r  Sum37_2_impl_instance/FPAddSubOp_instance/shiftedFracY_d1_reg[39]/D
  -------------------------------------------------------------------    -------------------

                         (clock clk rise edge)        4.000     4.000 r  
    AP13                                              0.000     4.000 r  clk (IN)
                         net (fo=0)                   0.000     4.000    clk_IBUF_inst/I
    AP13                 INBUF (Prop_INBUF_HPIOB_M_PAD_O)
                                                      0.349     4.349 r  clk_IBUF_inst/INBUF_INST/O
                         net (fo=1, routed)           0.000     4.349    clk_IBUF_inst/OUT
    AP13                 IBUFCTRL (Prop_IBUFCTRL_HPIOB_M_I_O)
                                                      0.000     4.349 r  clk_IBUF_inst/IBUFCTRL_INST/O
                         net (fo=1, routed)           0.287     4.636    clk_IBUF
    BUFGCE_X0Y170        BUFGCE (Prop_BUFCE_BUFGCE_I_O)
                                                      0.024     4.660 r  clk_IBUF_BUFG_inst/O
    X4Y2 (CLOCK_ROOT)    net (fo=20074, routed)       2.215     6.875    Sum37_2_impl_instance/FPAddSubOp_instance/clk_IBUF_BUFG
    SLR Crossing[1->0]   
    SLICE_X131Y237       FDRE                                         r  Sum37_2_impl_instance/FPAddSubOp_instance/shiftedFracY_d1_reg[39]/C
                         clock pessimism              0.481     7.355    
                         clock uncertainty           -0.035     7.320    
    SLICE_X131Y237       FDRE (Setup_EFF_SLICEL_C_D)
                                                      0.025     7.345    Sum37_2_impl_instance/FPAddSubOp_instance/shiftedFracY_d1_reg[39]
  -------------------------------------------------------------------
                         required time                          7.345    
                         arrival time                          -6.940    
  -------------------------------------------------------------------
                         slack                                  0.405    




