Copyright 1986-2018 Xilinx, Inc. All Rights Reserved.
------------------------------------------------------------------------------------------------------------------------------------------------------------------------------------------------
| Tool Version      : Vivado v.2018.1 (lin64) Build 2188600 Wed Apr  4 18:39:19 MDT 2018
| Date              : Wed Dec  9 13:27:50 2020
| Host              : animal.digi.e-technik.uni-kassel.de running 64-bit CentOS Linux release 7.8.2003 (Core)
| Command           : report_timing -file /home/nfiege/Repositories/origami/vhdl/ratII/synth/fir_SAM/NonUniformILP/fir_SAM_NonUniformILP_139_ultrascale2_250/implementedSystem_timing_synth.rpt
| Design            : implementedSystem_toplevel
| Device            : xcvu13p-fhga2104
| Speed File        : -2  PRODUCTION 1.19 03-17-2018
| Temperature Grade : E
------------------------------------------------------------------------------------------------------------------------------------------------------------------------------------------------

Timing Report

Slack (MET) :             0.495ns  (required time - arrival time)
  Source:                 Delay112No1_instance/s3_reg_c/C
                            (rising edge-triggered cell FDCE clocked by clk  {rise@0.000ns fall@2.000ns period=4.000ns})
  Destination:            SharedReg65_instance/Y_reg[26]/D
                            (rising edge-triggered cell FDCE clocked by clk  {rise@0.000ns fall@2.000ns period=4.000ns})
  Path Group:             clk
  Path Type:              Setup (Max at Slow Process Corner)
  Requirement:            4.000ns  (clk rise@4.000ns - clk rise@0.000ns)
  Data Path Delay:        3.288ns  (logic 0.200ns (6.083%)  route 3.088ns (93.917%))
  Logic Levels:           1  (LUT2=1)
  Clock Path Skew:        -0.207ns (DCD - SCD + CPR)
    Destination Clock Delay (DCD):    2.998ns = ( 6.998 - 4.000 ) 
    Source Clock Delay      (SCD):    3.642ns
    Clock Pessimism Removal (CPR):    0.438ns
  Clock Uncertainty:      0.035ns  ((TSJ^2 + TIJ^2)^1/2 + DJ) / 2 + PE
    Total System Jitter     (TSJ):    0.071ns
    Total Input Jitter      (TIJ):    0.000ns
    Discrete Jitter          (DJ):    0.000ns
    Phase Error              (PE):    0.000ns
  Clock Net Delay (Source):      2.705ns (routing 1.576ns, distribution 1.129ns)
  Clock Net Delay (Destination): 2.351ns (routing 1.429ns, distribution 0.922ns)

    Location             Delay type                Incr(ns)  Path(ns)    Netlist Resource(s)
  -------------------------------------------------------------------    -------------------
                         (clock clk rise edge)        0.000     0.000 r  
    AR14                                              0.000     0.000 r  clk (IN)
                         net (fo=0)                   0.000     0.000    clk_IBUF_inst/I
    AR14                 INBUF (Prop_INBUF_HPIOB_M_PAD_O)
                                                      0.586     0.586 r  clk_IBUF_inst/INBUF_INST/O
                         net (fo=1, routed)           0.000     0.586    clk_IBUF_inst/OUT
    AR14                 IBUFCTRL (Prop_IBUFCTRL_HPIOB_M_I_O)
                                                      0.000     0.586 r  clk_IBUF_inst/IBUFCTRL_INST/O
                         net (fo=1, routed)           0.323     0.909    clk_IBUF
    BUFGCE_X0Y170        BUFGCE (Prop_BUFCE_BUFGCE_I_O)
                                                      0.028     0.937 r  clk_IBUF_BUFG_inst/O
    X4Y2 (CLOCK_ROOT)    net (fo=22680, routed)       2.705     3.642    Delay112No1_instance/clk_IBUF_BUFG
    SLR Crossing[1->0]   
    SLICE_X146Y172       FDCE                                         r  Delay112No1_instance/s3_reg_c/C
  -------------------------------------------------------------------    -------------------
    SLICE_X146Y172       FDCE (Prop_FFF_SLICEM_C_Q)
                                                      0.076     3.718 r  Delay112No1_instance/s3_reg_c/Q
                         net (fo=182, routed)         3.040     6.758    SharedReg65_instance/s3_reg_c
    SLICE_X117Y191       LUT2 (Prop_A6LUT_SLICEL_I1_O)
                                                      0.124     6.882 r  SharedReg65_instance/s3_reg_gate__6/O
                         net (fo=1, routed)           0.048     6.930    SharedReg65_instance/s3_reg_gate__6_n_0
    SLICE_X117Y191       FDCE                                         r  SharedReg65_instance/Y_reg[26]/D
  -------------------------------------------------------------------    -------------------

                         (clock clk rise edge)        4.000     4.000 r  
    AR14                                              0.000     4.000 r  clk (IN)
                         net (fo=0)                   0.000     4.000    clk_IBUF_inst/I
    AR14                 INBUF (Prop_INBUF_HPIOB_M_PAD_O)
                                                      0.336     4.336 r  clk_IBUF_inst/INBUF_INST/O
                         net (fo=1, routed)           0.000     4.336    clk_IBUF_inst/OUT
    AR14                 IBUFCTRL (Prop_IBUFCTRL_HPIOB_M_I_O)
                                                      0.000     4.336 r  clk_IBUF_inst/IBUFCTRL_INST/O
                         net (fo=1, routed)           0.287     4.623    clk_IBUF
    BUFGCE_X0Y170        BUFGCE (Prop_BUFCE_BUFGCE_I_O)
                                                      0.024     4.647 r  clk_IBUF_BUFG_inst/O
    X4Y2 (CLOCK_ROOT)    net (fo=22680, routed)       2.351     6.998    SharedReg65_instance/clk_IBUF_BUFG
    SLR Crossing[1->0]   
    SLICE_X117Y191       FDCE                                         r  SharedReg65_instance/Y_reg[26]/C
                         clock pessimism              0.438     7.435    
                         clock uncertainty           -0.035     7.400    
    SLICE_X117Y191       FDCE (Setup_AFF_SLICEL_C_D)
                                                      0.025     7.425    SharedReg65_instance/Y_reg[26]
  -------------------------------------------------------------------
                         required time                          7.425    
                         arrival time                          -6.930    
  -------------------------------------------------------------------
                         slack                                  0.495    




