Copyright 1986-2018 Xilinx, Inc. All Rights Reserved.
------------------------------------------------------------------------------------------------------------------------------------------------------------------------------------------------
| Tool Version      : Vivado v.2018.1 (lin64) Build 2188600 Wed Apr  4 18:39:19 MDT 2018
| Date              : Tue Dec  8 20:52:55 2020
| Host              : animal.digi.e-technik.uni-kassel.de running 64-bit CentOS Linux release 7.8.2003 (Core)
| Command           : report_timing -file /home/nfiege/Repositories/origami/vhdl/ratII/synth/fir_SAM/NonUniformILP/fir_SAM_NonUniformILP_394_ultrascale2_250/implementedSystem_timing_synth.rpt
| Design            : implementedSystem_toplevel
| Device            : xcvu13p-fhga2104
| Speed File        : -2  PRODUCTION 1.19 03-17-2018
| Temperature Grade : E
------------------------------------------------------------------------------------------------------------------------------------------------------------------------------------------------

Timing Report

Slack (MET) :             0.232ns  (required time - arrival time)
  Source:                 SharedReg297_instance/Y_reg[27]/C
                            (rising edge-triggered cell FDCE clocked by clk  {rise@0.000ns fall@2.000ns period=4.000ns})
  Destination:            Delay1No57_instance/Y_reg[27]/D
                            (rising edge-triggered cell FDCE clocked by clk  {rise@0.000ns fall@2.000ns period=4.000ns})
  Path Group:             clk
  Path Type:              Setup (Max at Slow Process Corner)
  Requirement:            4.000ns  (clk rise@4.000ns - clk rise@0.000ns)
  Data Path Delay:        3.467ns  (logic 0.079ns (2.279%)  route 3.388ns (97.721%))
  Logic Levels:           0  
  Clock Path Skew:        -0.146ns (DCD - SCD + CPR)
    Destination Clock Delay (DCD):    3.056ns = ( 7.056 - 4.000 ) 
    Source Clock Delay      (SCD):    3.640ns
    Clock Pessimism Removal (CPR):    0.438ns
  Clock Uncertainty:      0.035ns  ((TSJ^2 + TIJ^2)^1/2 + DJ) / 2 + PE
    Total System Jitter     (TSJ):    0.071ns
    Total Input Jitter      (TIJ):    0.000ns
    Discrete Jitter          (DJ):    0.000ns
    Phase Error              (PE):    0.000ns
  Inter-SLR Compensation: 0.145ns  ((DCD - CCD) * PF)
    Destination Clock Delay (DCD):    3.056ns
    Common Clock Delay      (CCD):    2.089ns
    Prorating Factor         (PF):    0.150
  Clock Net Delay (Source):      2.689ns (routing 1.576ns, distribution 1.113ns)
  Clock Net Delay (Destination): 2.396ns (routing 1.429ns, distribution 0.967ns)

    Location             Delay type                Incr(ns)  Path(ns)    Netlist Resource(s)
  -------------------------------------------------------------------    -------------------
                         (clock clk rise edge)        0.000     0.000 r  
    AP13                                              0.000     0.000 r  clk (IN)
                         net (fo=0)                   0.000     0.000    clk_IBUF_inst/I
    AP13                 INBUF (Prop_INBUF_HPIOB_M_PAD_O)
                                                      0.600     0.600 r  clk_IBUF_inst/INBUF_INST/O
                         net (fo=1, routed)           0.000     0.600    clk_IBUF_inst/OUT
    AP13                 IBUFCTRL (Prop_IBUFCTRL_HPIOB_M_I_O)
                                                      0.000     0.600 r  clk_IBUF_inst/IBUFCTRL_INST/O
                         net (fo=1, routed)           0.323     0.923    clk_IBUF
    BUFGCE_X0Y170        BUFGCE (Prop_BUFCE_BUFGCE_I_O)
                                                      0.028     0.951 r  clk_IBUF_BUFG_inst/O
    X4Y2 (CLOCK_ROOT)    net (fo=33161, routed)       2.689     3.640    SharedReg297_instance/clk_IBUF_BUFG
    SLR Crossing[1->0]   
    SLICE_X147Y149       FDCE                                         r  SharedReg297_instance/Y_reg[27]/C
  -------------------------------------------------------------------    -------------------
    SLICE_X147Y149       FDCE (Prop_EFF_SLICEL_C_Q)
                                                      0.079     3.719 r  SharedReg297_instance/Y_reg[27]/Q
                         net (fo=7, routed)           3.388     7.107    Delay1No57_instance/Q[27]
    SLR Crossing[0->1]   
    SLICE_X123Y259       FDCE                                         r  Delay1No57_instance/Y_reg[27]/D
  -------------------------------------------------------------------    -------------------

                         (clock clk rise edge)        4.000     4.000 r  
    AP13                                              0.000     4.000 r  clk (IN)
                         net (fo=0)                   0.000     4.000    clk_IBUF_inst/I
    AP13                 INBUF (Prop_INBUF_HPIOB_M_PAD_O)
                                                      0.349     4.349 r  clk_IBUF_inst/INBUF_INST/O
                         net (fo=1, routed)           0.000     4.349    clk_IBUF_inst/OUT
    AP13                 IBUFCTRL (Prop_IBUFCTRL_HPIOB_M_I_O)
                                                      0.000     4.349 r  clk_IBUF_inst/IBUFCTRL_INST/O
                         net (fo=1, routed)           0.287     4.636    clk_IBUF
    BUFGCE_X0Y170        BUFGCE (Prop_BUFCE_BUFGCE_I_O)
                                                      0.024     4.660 r  clk_IBUF_BUFG_inst/O
    X4Y2 (CLOCK_ROOT)    net (fo=33161, routed)       2.396     7.056    Delay1No57_instance/clk_IBUF_BUFG
    SLICE_X123Y259       FDCE                                         r  Delay1No57_instance/Y_reg[27]/C
                         clock pessimism              0.438     7.494    
                         inter-SLR compensation      -0.145     7.349    
                         clock uncertainty           -0.035     7.313    
    SLICE_X123Y259       FDCE (Setup_AFF2_SLICEL_C_D)
                                                      0.025     7.338    Delay1No57_instance/Y_reg[27]
  -------------------------------------------------------------------
                         required time                          7.338    
                         arrival time                          -7.107    
  -------------------------------------------------------------------
                         slack                                  0.232    




