Copyright 1986-2018 Xilinx, Inc. All Rights Reserved.
-----------------------------------------------------------------------------------------------------------------------------------------------------------------------------------------------
| Tool Version      : Vivado v.2018.1 (lin64) Build 2188600 Wed Apr  4 18:39:19 MDT 2018
| Date              : Fri Aug 27 18:43:21 2021
| Host              : animal.digi.e-technik.uni-kassel.de running 64-bit AlmaLinux release 8.3 (Purple Manul)
| Command           : report_timing -file /home/nfiege/Repositories/origami/vhdl/ratII/synth/fir_SAM/UniformILPNew/fir_SAM_UniformILPNew_67_ultrascale2_250/implementedSystem_timing_synth.rpt
| Design            : implementedSystem_toplevel
| Device            : xcvu13p-fhga2104
| Speed File        : -2  PRODUCTION 1.19 03-17-2018
| Temperature Grade : E
-----------------------------------------------------------------------------------------------------------------------------------------------------------------------------------------------

Timing Report

Slack (MET) :             0.416ns  (required time - arrival time)
  Source:                 Delay1No1_instance/Y_reg[0]/C
                            (rising edge-triggered cell FDCE clocked by clk  {rise@0.000ns fall@2.000ns period=4.000ns})
  Destination:            Product_0_impl_instance/SignificandMultiplication/RR__0/DSP_OUTPUT_INST/ALU_OUT[0]
                            (rising edge-triggered cell DSP_OUTPUT clocked by clk  {rise@0.000ns fall@2.000ns period=4.000ns})
  Path Group:             clk
  Path Type:              Setup (Max at Slow Process Corner)
  Requirement:            4.000ns  (clk rise@4.000ns - clk rise@0.000ns)
  Data Path Delay:        3.318ns  (logic 2.152ns (64.858%)  route 1.166ns (35.142%))
  Logic Levels:           7  (DSP_A_B_DATA=1 DSP_ALU=2 DSP_M_DATA=1 DSP_MULTIPLIER=1 DSP_OUTPUT=1 DSP_PREADD_DATA=1)
  Clock Path Skew:        -0.246ns (DCD - SCD + CPR)
    Destination Clock Delay (DCD):    2.436ns = ( 6.436 - 4.000 ) 
    Source Clock Delay      (SCD):    3.115ns
    Clock Pessimism Removal (CPR):    0.433ns
  Clock Uncertainty:      0.035ns  ((TSJ^2 + TIJ^2)^1/2 + DJ) / 2 + PE
    Total System Jitter     (TSJ):    0.071ns
    Total Input Jitter      (TIJ):    0.000ns
    Discrete Jitter          (DJ):    0.000ns
    Phase Error              (PE):    0.000ns
  Clock Net Delay (Source):      2.164ns (routing 0.921ns, distribution 1.243ns)
  Clock Net Delay (Destination): 1.776ns (routing 0.836ns, distribution 0.940ns)

    Location             Delay type                Incr(ns)  Path(ns)    Netlist Resource(s)
  -------------------------------------------------------------------    -------------------
                         (clock clk rise edge)        0.000     0.000 r  
    AU14                                              0.000     0.000 r  clk (IN)
                         net (fo=0)                   0.000     0.000    clk_IBUF_inst/I
    AU14                 INBUF (Prop_INBUF_HPIOB_M_PAD_O)
                                                      0.600     0.600 r  clk_IBUF_inst/INBUF_INST/O
                         net (fo=1, routed)           0.000     0.600    clk_IBUF_inst/OUT
    AU14                 IBUFCTRL (Prop_IBUFCTRL_HPIOB_M_I_O)
                                                      0.000     0.600 r  clk_IBUF_inst/IBUFCTRL_INST/O
                         net (fo=1, routed)           0.323     0.923    clk_IBUF
    BUFGCE_X0Y170        BUFGCE (Prop_BUFCE_BUFGCE_I_O)
                                                      0.028     0.951 r  clk_IBUF_BUFG_inst/O
    X4Y5 (CLOCK_ROOT)    net (fo=55609, routed)       2.164     3.115    Delay1No1_instance/clk_IBUF_BUFG
    SLICE_X101Y374       FDCE                                         r  Delay1No1_instance/Y_reg[0]/C
  -------------------------------------------------------------------    -------------------
    SLICE_X101Y374       FDCE (Prop_HFF_SLICEL_C_Q)
                                                      0.079     3.194 f  Delay1No1_instance/Y_reg[0]/Q
                         net (fo=1, routed)           1.152     4.346    Product_0_impl_instance/SignificandMultiplication/RR/A[0]
    DSP48E2_X16Y160      DSP_A_B_DATA (Prop_DSP_A_B_DATA_DSP48E2_A[0]_A2_DATA[0])
                                                      0.192     4.538 r  Product_0_impl_instance/SignificandMultiplication/RR/DSP_A_B_DATA_INST/A2_DATA[0]
                         net (fo=1, routed)           0.000     4.538    Product_0_impl_instance/SignificandMultiplication/RR/DSP_A_B_DATA.A2_DATA<0>
    DSP48E2_X16Y160      DSP_PREADD_DATA (Prop_DSP_PREADD_DATA_DSP48E2_A2_DATA[0]_A2A1[0])
                                                      0.076     4.614 r  Product_0_impl_instance/SignificandMultiplication/RR/DSP_PREADD_DATA_INST/A2A1[0]
                         net (fo=1, routed)           0.000     4.614    Product_0_impl_instance/SignificandMultiplication/RR/DSP_PREADD_DATA.A2A1<0>
    DSP48E2_X16Y160      DSP_MULTIPLIER (Prop_DSP_MULTIPLIER_DSP48E2_A2A1[0]_U[21])
                                                      0.505     5.119 f  Product_0_impl_instance/SignificandMultiplication/RR/DSP_MULTIPLIER_INST/U[21]
                         net (fo=1, routed)           0.000     5.119    Product_0_impl_instance/SignificandMultiplication/RR/DSP_MULTIPLIER.U<21>
    DSP48E2_X16Y160      DSP_M_DATA (Prop_DSP_M_DATA_DSP48E2_U[21]_U_DATA[21])
                                                      0.047     5.166 r  Product_0_impl_instance/SignificandMultiplication/RR/DSP_M_DATA_INST/U_DATA[21]
                         net (fo=1, routed)           0.000     5.166    Product_0_impl_instance/SignificandMultiplication/RR/DSP_M_DATA.U_DATA<21>
    DSP48E2_X16Y160      DSP_ALU (Prop_DSP_ALU_DSP48E2_U_DATA[21]_ALU_OUT[47])
                                                      0.585     5.751 f  Product_0_impl_instance/SignificandMultiplication/RR/DSP_ALU_INST/ALU_OUT[47]
                         net (fo=1, routed)           0.000     5.751    Product_0_impl_instance/SignificandMultiplication/RR/DSP_ALU.ALU_OUT<47>
    DSP48E2_X16Y160      DSP_OUTPUT (Prop_DSP_OUTPUT_DSP48E2_ALU_OUT[47]_PCOUT[47])
                                                      0.122     5.873 r  Product_0_impl_instance/SignificandMultiplication/RR/DSP_OUTPUT_INST/PCOUT[47]
                         net (fo=1, routed)           0.014     5.887    Product_0_impl_instance/SignificandMultiplication/RR__0/PCIN[47]
    DSP48E2_X16Y161      DSP_ALU (Prop_DSP_ALU_DSP48E2_PCIN[47]_ALU_OUT[0])
                                                      0.546     6.433 r  Product_0_impl_instance/SignificandMultiplication/RR__0/DSP_ALU_INST/ALU_OUT[0]
                         net (fo=1, routed)           0.000     6.433    Product_0_impl_instance/SignificandMultiplication/RR__0/DSP_ALU.ALU_OUT<0>
    DSP48E2_X16Y161      DSP_OUTPUT                                   r  Product_0_impl_instance/SignificandMultiplication/RR__0/DSP_OUTPUT_INST/ALU_OUT[0]
  -------------------------------------------------------------------    -------------------

                         (clock clk rise edge)        4.000     4.000 r  
    AU14                                              0.000     4.000 r  clk (IN)
                         net (fo=0)                   0.000     4.000    clk_IBUF_inst/I
    AU14                 INBUF (Prop_INBUF_HPIOB_M_PAD_O)
                                                      0.349     4.349 r  clk_IBUF_inst/INBUF_INST/O
                         net (fo=1, routed)           0.000     4.349    clk_IBUF_inst/OUT
    AU14                 IBUFCTRL (Prop_IBUFCTRL_HPIOB_M_I_O)
                                                      0.000     4.349 r  clk_IBUF_inst/IBUFCTRL_INST/O
                         net (fo=1, routed)           0.287     4.636    clk_IBUF
    BUFGCE_X0Y170        BUFGCE (Prop_BUFCE_BUFGCE_I_O)
                                                      0.024     4.660 r  clk_IBUF_BUFG_inst/O
    X4Y5 (CLOCK_ROOT)    net (fo=55609, routed)       1.776     6.436    Product_0_impl_instance/SignificandMultiplication/RR__0/CLK
    DSP48E2_X16Y161      DSP_OUTPUT                                   r  Product_0_impl_instance/SignificandMultiplication/RR__0/DSP_OUTPUT_INST/CLK
                         clock pessimism              0.433     6.869    
                         clock uncertainty           -0.035     6.834    
    DSP48E2_X16Y161      DSP_OUTPUT (Setup_DSP_OUTPUT_DSP48E2_CLK_ALU_OUT[0])
                                                      0.015     6.849    Product_0_impl_instance/SignificandMultiplication/RR__0/DSP_OUTPUT_INST
  -------------------------------------------------------------------
                         required time                          6.849    
                         arrival time                          -6.433    
  -------------------------------------------------------------------
                         slack                                  0.416    




