Copyright 1986-2018 Xilinx, Inc. All Rights Reserved.
---------------------------------------------------------------------------------------------------------------------------------------------------------------------------------------------------
| Tool Version      : Vivado v.2018.1 (lin64) Build 2188600 Wed Apr  4 18:39:19 MDT 2018
| Date              : Fri Apr 24 14:53:26 2020
| Host              : animal.digi.e-technik.uni-kassel.de running 64-bit CentOS Linux release 7.7.1908 (Core)
| Command           : report_timing -file /home/nfiege/Repositories/origami/vhdl/ratII/synth/iir_sos16/NonUniformILP/iir_sos16_NonUniformILP_25_ultrascale2_250/implementedSystem_timing_synth.rpt
| Design            : implementedSystem_toplevel
| Device            : xcvu13p-fhga2104
| Speed File        : -2  PRODUCTION 1.19 03-17-2018
| Temperature Grade : E
---------------------------------------------------------------------------------------------------------------------------------------------------------------------------------------------------

Timing Report

Slack (MET) :             0.397ns  (required time - arrival time)
  Source:                 ModCount641_instance/count_reg[5]_rep/C
                            (rising edge-triggered cell FDCE clocked by clk  {rise@0.000ns fall@2.000ns period=4.000ns})
  Destination:            Delay1No3_instance/Y_reg[3]/D
                            (rising edge-triggered cell FDCE clocked by clk  {rise@0.000ns fall@2.000ns period=4.000ns})
  Path Group:             clk
  Path Type:              Setup (Max at Slow Process Corner)
  Requirement:            4.000ns  (clk rise@4.000ns - clk rise@0.000ns)
  Data Path Delay:        3.338ns  (logic 0.229ns (6.860%)  route 3.109ns (93.140%))
  Logic Levels:           1  (LUT6=1)
  Clock Path Skew:        -0.255ns (DCD - SCD + CPR)
    Destination Clock Delay (DCD):    2.184ns = ( 6.184 - 4.000 ) 
    Source Clock Delay      (SCD):    2.795ns
    Clock Pessimism Removal (CPR):    0.356ns
  Clock Uncertainty:      0.035ns  ((TSJ^2 + TIJ^2)^1/2 + DJ) / 2 + PE
    Total System Jitter     (TSJ):    0.071ns
    Total Input Jitter      (TIJ):    0.000ns
    Discrete Jitter          (DJ):    0.000ns
    Phase Error              (PE):    0.000ns
  Clock Net Delay (Source):      1.844ns (routing 0.711ns, distribution 1.133ns)
  Clock Net Delay (Destination): 1.524ns (routing 0.646ns, distribution 0.878ns)

    Location             Delay type                Incr(ns)  Path(ns)    Netlist Resource(s)
  -------------------------------------------------------------------    -------------------
                         (clock clk rise edge)        0.000     0.000 r  
    AP13                                              0.000     0.000 r  clk (IN)
                         net (fo=0)                   0.000     0.000    clk_IBUF_inst/I
    AP13                 INBUF (Prop_INBUF_HPIOB_M_PAD_O)
                                                      0.600     0.600 r  clk_IBUF_inst/INBUF_INST/O
                         net (fo=1, routed)           0.000     0.600    clk_IBUF_inst/OUT
    AP13                 IBUFCTRL (Prop_IBUFCTRL_HPIOB_M_I_O)
                                                      0.000     0.600 r  clk_IBUF_inst/IBUFCTRL_INST/O
                         net (fo=1, routed)           0.323     0.923    clk_IBUF
    BUFGCE_X0Y170        BUFGCE (Prop_BUFCE_BUFGCE_I_O)
                                                      0.028     0.951 r  clk_IBUF_BUFG_inst/O
    X4Y6 (CLOCK_ROOT)    net (fo=19176, routed)       1.844     2.795    ModCount641_instance/clk_IBUF_BUFG
    SLICE_X134Y420       FDCE                                         r  ModCount641_instance/count_reg[5]_rep/C
  -------------------------------------------------------------------    -------------------
    SLICE_X134Y420       FDCE (Prop_EFF_SLICEL_C_Q)
                                                      0.079     2.874 r  ModCount641_instance/count_reg[5]_rep/Q
                         net (fo=140, routed)         3.058     5.932    MUX_Product_2_impl_1_instance/count_reg[5]_rep
    SLICE_X119Y418       LUT6 (Prop_H6LUT_SLICEL_I2_O)
                                                      0.150     6.082 r  MUX_Product_2_impl_1_instance/Y[3]_i_1/O
                         net (fo=1, routed)           0.051     6.133    Delay1No3_instance/count_reg[5][3]
    SLICE_X119Y418       FDCE                                         r  Delay1No3_instance/Y_reg[3]/D
  -------------------------------------------------------------------    -------------------

                         (clock clk rise edge)        4.000     4.000 r  
    AP13                                              0.000     4.000 r  clk (IN)
                         net (fo=0)                   0.000     4.000    clk_IBUF_inst/I
    AP13                 INBUF (Prop_INBUF_HPIOB_M_PAD_O)
                                                      0.349     4.349 r  clk_IBUF_inst/INBUF_INST/O
                         net (fo=1, routed)           0.000     4.349    clk_IBUF_inst/OUT
    AP13                 IBUFCTRL (Prop_IBUFCTRL_HPIOB_M_I_O)
                                                      0.000     4.349 r  clk_IBUF_inst/IBUFCTRL_INST/O
                         net (fo=1, routed)           0.287     4.636    clk_IBUF
    BUFGCE_X0Y170        BUFGCE (Prop_BUFCE_BUFGCE_I_O)
                                                      0.024     4.660 r  clk_IBUF_BUFG_inst/O
    X4Y6 (CLOCK_ROOT)    net (fo=19176, routed)       1.524     6.184    Delay1No3_instance/clk_IBUF_BUFG
    SLICE_X119Y418       FDCE                                         r  Delay1No3_instance/Y_reg[3]/C
                         clock pessimism              0.356     6.540    
                         clock uncertainty           -0.035     6.504    
    SLICE_X119Y418       FDCE (Setup_HFF_SLICEL_C_D)
                                                      0.025     6.529    Delay1No3_instance/Y_reg[3]
  -------------------------------------------------------------------
                         required time                          6.529    
                         arrival time                          -6.133    
  -------------------------------------------------------------------
                         slack                                  0.397    




