Copyright 1986-2018 Xilinx, Inc. All Rights Reserved.
---------------------------------------------------------------------------------------------------------------------------------------------------------------------------------------------------
| Tool Version      : Vivado v.2018.1 (lin64) Build 2188600 Wed Apr  4 18:39:19 MDT 2018
| Date              : Thu Aug 26 10:59:47 2021
| Host              : animal.digi.e-technik.uni-kassel.de running 64-bit AlmaLinux release 8.3 (Purple Manul)
| Command           : report_timing -file /home/nfiege/Repositories/origami/vhdl/ratII/synth/iir_sos16/UniformILPNew/iir_sos16_UniformILPNew_67_ultrascale2_250/implementedSystem_timing_synth.rpt
| Design            : implementedSystem_toplevel
| Device            : xcvu13p-fhga2104
| Speed File        : -2  PRODUCTION 1.19 03-17-2018
| Temperature Grade : E
---------------------------------------------------------------------------------------------------------------------------------------------------------------------------------------------------

Timing Report

Slack (MET) :             0.392ns  (required time - arrival time)
  Source:                 ModCount641_instance/count_reg[5]_rep__0/C
                            (rising edge-triggered cell FDCE clocked by clk  {rise@0.000ns fall@2.000ns period=4.000ns})
  Destination:            Delay1No12_instance/Y_reg[4]/D
                            (rising edge-triggered cell FDCE clocked by clk  {rise@0.000ns fall@2.000ns period=4.000ns})
  Path Group:             clk
  Path Type:              Setup (Max at Slow Process Corner)
  Requirement:            4.000ns  (clk rise@4.000ns - clk rise@0.000ns)
  Data Path Delay:        3.476ns  (logic 0.155ns (4.459%)  route 3.321ns (95.541%))
  Logic Levels:           1  (MUXF7=1)
  Clock Path Skew:        -0.122ns (DCD - SCD + CPR)
    Destination Clock Delay (DCD):    1.690ns = ( 5.690 - 4.000 ) 
    Source Clock Delay      (SCD):    2.171ns
    Clock Pessimism Removal (CPR):    0.359ns
  Clock Uncertainty:      0.035ns  ((TSJ^2 + TIJ^2)^1/2 + DJ) / 2 + PE
    Total System Jitter     (TSJ):    0.071ns
    Total Input Jitter      (TIJ):    0.000ns
    Discrete Jitter          (DJ):    0.000ns
    Phase Error              (PE):    0.000ns
  Clock Net Delay (Source):      1.220ns (routing 0.170ns, distribution 1.050ns)
  Clock Net Delay (Destination): 1.030ns (routing 0.155ns, distribution 0.875ns)

    Location             Delay type                Incr(ns)  Path(ns)    Netlist Resource(s)
  -------------------------------------------------------------------    -------------------
                         (clock clk rise edge)        0.000     0.000 r  
    AP13                                              0.000     0.000 r  clk (IN)
                         net (fo=0)                   0.000     0.000    clk_IBUF_inst/I
    AP13                 INBUF (Prop_INBUF_HPIOB_M_PAD_O)
                                                      0.600     0.600 r  clk_IBUF_inst/INBUF_INST/O
                         net (fo=1, routed)           0.000     0.600    clk_IBUF_inst/OUT
    AP13                 IBUFCTRL (Prop_IBUFCTRL_HPIOB_M_I_O)
                                                      0.000     0.600 r  clk_IBUF_inst/IBUFCTRL_INST/O
                         net (fo=1, routed)           0.323     0.923    clk_IBUF
    BUFGCE_X0Y170        BUFGCE (Prop_BUFCE_BUFGCE_I_O)
                                                      0.028     0.951 r  clk_IBUF_BUFG_inst/O
    X4Y7 (CLOCK_ROOT)    net (fo=12712, routed)       1.220     2.171    ModCount641_instance/clk_IBUF_BUFG
    SLICE_X138Y438       FDCE                                         r  ModCount641_instance/count_reg[5]_rep__0/C
  -------------------------------------------------------------------    -------------------
    SLICE_X138Y438       FDCE (Prop_DFF_SLICEL_C_Q)
                                                      0.079     2.250 r  ModCount641_instance/count_reg[5]_rep__0/Q
                         net (fo=68, routed)          3.289     5.539    MUX_Sum1_1_impl_0_instance/count_reg[5]_rep__0
    SLICE_X121Y424       MUXF7 (Prop_F7MUX_GH_SLICEM_S_O)
                                                      0.076     5.615 r  MUX_Sum1_1_impl_0_instance/Y_reg[4]_i_1/O
                         net (fo=1, routed)           0.032     5.647    Delay1No12_instance/count_reg[5]_rep__0[4]
    SLICE_X121Y424       FDCE                                         r  Delay1No12_instance/Y_reg[4]/D
  -------------------------------------------------------------------    -------------------

                         (clock clk rise edge)        4.000     4.000 r  
    AP13                                              0.000     4.000 r  clk (IN)
                         net (fo=0)                   0.000     4.000    clk_IBUF_inst/I
    AP13                 INBUF (Prop_INBUF_HPIOB_M_PAD_O)
                                                      0.349     4.349 r  clk_IBUF_inst/INBUF_INST/O
                         net (fo=1, routed)           0.000     4.349    clk_IBUF_inst/OUT
    AP13                 IBUFCTRL (Prop_IBUFCTRL_HPIOB_M_I_O)
                                                      0.000     4.349 r  clk_IBUF_inst/IBUFCTRL_INST/O
                         net (fo=1, routed)           0.287     4.636    clk_IBUF
    BUFGCE_X0Y170        BUFGCE (Prop_BUFCE_BUFGCE_I_O)
                                                      0.024     4.660 r  clk_IBUF_BUFG_inst/O
    X4Y7 (CLOCK_ROOT)    net (fo=12712, routed)       1.030     5.690    Delay1No12_instance/clk_IBUF_BUFG
    SLICE_X121Y424       FDCE                                         r  Delay1No12_instance/Y_reg[4]/C
                         clock pessimism              0.359     6.048    
                         clock uncertainty           -0.035     6.013    
    SLICE_X121Y424       FDCE (Setup_HFF_SLICEM_C_D)
                                                      0.025     6.038    Delay1No12_instance/Y_reg[4]
  -------------------------------------------------------------------
                         required time                          6.038    
                         arrival time                          -5.647    
  -------------------------------------------------------------------
                         slack                                  0.392    




