Copyright 1986-2018 Xilinx, Inc. All Rights Reserved.
-----------------------------------------------------------------------------------------------------------------------------------------------------------------------------------------------------
| Tool Version      : Vivado v.2018.1 (lin64) Build 2188600 Wed Apr  4 18:39:19 MDT 2018
| Date              : Tue Nov 30 04:59:46 2021
| Host              : animal.digi.e-technik.uni-kassel.de running 64-bit AlmaLinux release 8.4 (Electric Cheetah)
| Command           : report_timing -file /home/nfiege/Repositories/origami/vhdl/ratII/synth/intII/r2_FFT/r2_FFT_ED97_17_wrapper_ultrascale2_250/implementedSystem_toplevel_wrapper_timing_synth.rpt
| Design            : implementedSystem_toplevel_wrapper
| Device            : xcvu13p-fhga2104
| Speed File        : -2  PRODUCTION 1.19 03-17-2018
| Temperature Grade : E
-----------------------------------------------------------------------------------------------------------------------------------------------------------------------------------------------------

Timing Report

Slack (MET) :             0.211ns  (required time - arrival time)
  Source:                 DUT/ModCount81_instance/count_reg[1]/C
                            (rising edge-triggered cell FDCE clocked by clk  {rise@0.000ns fall@2.000ns period=4.000ns})
  Destination:            DUT/Delay1No116_instance/Y_reg[7]/D
                            (rising edge-triggered cell FDCE clocked by clk  {rise@0.000ns fall@2.000ns period=4.000ns})
  Path Group:             clk
  Path Type:              Setup (Max at Slow Process Corner)
  Requirement:            4.000ns  (clk rise@4.000ns - clk rise@0.000ns)
  Data Path Delay:        3.525ns  (logic 0.177ns (5.021%)  route 3.348ns (94.979%))
  Logic Levels:           1  (LUT5=1)
  Clock Path Skew:        -0.254ns (DCD - SCD + CPR)
    Destination Clock Delay (DCD):    2.568ns = ( 6.568 - 4.000 ) 
    Source Clock Delay      (SCD):    3.200ns
    Clock Pessimism Removal (CPR):    0.378ns
  Clock Uncertainty:      0.035ns  ((TSJ^2 + TIJ^2)^1/2 + DJ) / 2 + PE
    Total System Jitter     (TSJ):    0.071ns
    Total Input Jitter      (TIJ):    0.000ns
    Discrete Jitter          (DJ):    0.000ns
    Phase Error              (PE):    0.000ns
  Clock Net Delay (Source):      2.242ns (routing 0.955ns, distribution 1.287ns)
  Clock Net Delay (Destination): 1.901ns (routing 0.868ns, distribution 1.033ns)

    Location             Delay type                Incr(ns)  Path(ns)    Netlist Resource(s)
  -------------------------------------------------------------------    -------------------
                         (clock clk rise edge)        0.000     0.000 r  
    AV14                                              0.000     0.000 r  clk (IN)
                         net (fo=0)                   0.000     0.000    clk_IBUF_inst/I
    AV14                 INBUF (Prop_INBUF_HPIOB_M_PAD_O)
                                                      0.607     0.607 r  clk_IBUF_inst/INBUF_INST/O
                         net (fo=1, routed)           0.000     0.607    clk_IBUF_inst/OUT
    AV14                 IBUFCTRL (Prop_IBUFCTRL_HPIOB_M_I_O)
                                                      0.000     0.607 r  clk_IBUF_inst/IBUFCTRL_INST/O
                         net (fo=1, routed)           0.323     0.930    clk_IBUF
    BUFGCE_X0Y170        BUFGCE (Prop_BUFCE_BUFGCE_I_O)
                                                      0.028     0.958 r  clk_IBUF_BUFG_inst/O
    X3Y6 (CLOCK_ROOT)    net (fo=22218, routed)       2.242     3.200    DUT/ModCount81_instance/clk_IBUF_BUFG
    SLICE_X130Y439       FDCE                                         r  DUT/ModCount81_instance/count_reg[1]/C
  -------------------------------------------------------------------    -------------------
    SLICE_X130Y439       FDCE (Prop_EFF2_SLICEL_C_Q)
                                                      0.081     3.281 r  DUT/ModCount81_instance/count_reg[1]/Q
                         net (fo=6489, routed)        3.298     6.579    DUT/MUX_Product332_impl_0_instance/count_reg[2][1]
    SLICE_X120Y345       LUT5 (Prop_C6LUT_SLICEL_I3_O)
                                                      0.096     6.675 r  DUT/MUX_Product332_impl_0_instance/Y[7]_i_1/O
                         net (fo=1, routed)           0.050     6.725    DUT/Delay1No116_instance/D[7]
    SLICE_X120Y345       FDCE                                         r  DUT/Delay1No116_instance/Y_reg[7]/D
  -------------------------------------------------------------------    -------------------

                         (clock clk rise edge)        4.000     4.000 r  
    AV14                                              0.000     4.000 r  clk (IN)
                         net (fo=0)                   0.000     4.000    clk_IBUF_inst/I
    AV14                 INBUF (Prop_INBUF_HPIOB_M_PAD_O)
                                                      0.356     4.356 r  clk_IBUF_inst/INBUF_INST/O
                         net (fo=1, routed)           0.000     4.356    clk_IBUF_inst/OUT
    AV14                 IBUFCTRL (Prop_IBUFCTRL_HPIOB_M_I_O)
                                                      0.000     4.356 r  clk_IBUF_inst/IBUFCTRL_INST/O
                         net (fo=1, routed)           0.287     4.643    clk_IBUF
    BUFGCE_X0Y170        BUFGCE (Prop_BUFCE_BUFGCE_I_O)
                                                      0.024     4.667 r  clk_IBUF_BUFG_inst/O
    X3Y6 (CLOCK_ROOT)    net (fo=22218, routed)       1.901     6.568    DUT/Delay1No116_instance/clk_IBUF_BUFG
    SLICE_X120Y345       FDCE                                         r  DUT/Delay1No116_instance/Y_reg[7]/C
                         clock pessimism              0.378     6.946    
                         clock uncertainty           -0.035     6.911    
    SLICE_X120Y345       FDCE (Setup_CFF_SLICEL_C_D)
                                                      0.025     6.936    DUT/Delay1No116_instance/Y_reg[7]
  -------------------------------------------------------------------
                         required time                          6.936    
                         arrival time                          -6.725    
  -------------------------------------------------------------------
                         slack                                  0.211    




