Copyright 1986-2018 Xilinx, Inc. All Rights Reserved.
-----------------------------------------------------------------------------------------------------------------------------------------------------------------------------------------------
| Tool Version      : Vivado v.2018.1 (lin64) Build 2188600 Wed Apr  4 18:39:19 MDT 2018
| Date              : Sat Aug 28 02:27:12 2021
| Host              : animal.digi.e-technik.uni-kassel.de running 64-bit AlmaLinux release 8.3 (Purple Manul)
| Command           : report_timing -file /home/nfiege/Repositories/origami/vhdl/ratII/synth/fir_SAM/UniformILPNew/fir_SAM_UniformILPNew_42_ultrascale2_250/implementedSystem_timing_synth.rpt
| Design            : implementedSystem_toplevel
| Device            : xcvu13p-fhga2104
| Speed File        : -2  PRODUCTION 1.19 03-17-2018
| Temperature Grade : E
-----------------------------------------------------------------------------------------------------------------------------------------------------------------------------------------------

Timing Report

Slack (MET) :             0.413ns  (required time - arrival time)
  Source:                 SharedReg350_instance/s7_reg_c/C
                            (rising edge-triggered cell FDCE clocked by clk  {rise@0.000ns fall@2.000ns period=4.000ns})
  Destination:            SharedReg273_instance/Y_reg[8]/D
                            (rising edge-triggered cell FDCE clocked by clk  {rise@0.000ns fall@2.000ns period=4.000ns})
  Path Group:             clk
  Path Type:              Setup (Max at Slow Process Corner)
  Requirement:            4.000ns  (clk rise@4.000ns - clk rise@0.000ns)
  Data Path Delay:        3.375ns  (logic 0.204ns (6.044%)  route 3.171ns (93.956%))
  Logic Levels:           1  (LUT2=1)
  Clock Path Skew:        -0.202ns (DCD - SCD + CPR)
    Destination Clock Delay (DCD):    2.393ns = ( 6.393 - 4.000 ) 
    Source Clock Delay      (SCD):    2.971ns
    Clock Pessimism Removal (CPR):    0.376ns
  Clock Uncertainty:      0.035ns  ((TSJ^2 + TIJ^2)^1/2 + DJ) / 2 + PE
    Total System Jitter     (TSJ):    0.071ns
    Total Input Jitter      (TIJ):    0.000ns
    Discrete Jitter          (DJ):    0.000ns
    Phase Error              (PE):    0.000ns
  Clock Net Delay (Source):      2.020ns (routing 0.921ns, distribution 1.099ns)
  Clock Net Delay (Destination): 1.733ns (routing 0.836ns, distribution 0.897ns)

    Location             Delay type                Incr(ns)  Path(ns)    Netlist Resource(s)
  -------------------------------------------------------------------    -------------------
                         (clock clk rise edge)        0.000     0.000 r  
    AP13                                              0.000     0.000 r  clk (IN)
                         net (fo=0)                   0.000     0.000    clk_IBUF_inst/I
    AP13                 INBUF (Prop_INBUF_HPIOB_M_PAD_O)
                                                      0.600     0.600 r  clk_IBUF_inst/INBUF_INST/O
                         net (fo=1, routed)           0.000     0.600    clk_IBUF_inst/OUT
    AP13                 IBUFCTRL (Prop_IBUFCTRL_HPIOB_M_I_O)
                                                      0.000     0.600 r  clk_IBUF_inst/IBUFCTRL_INST/O
                         net (fo=1, routed)           0.323     0.923    clk_IBUF
    BUFGCE_X0Y170        BUFGCE (Prop_BUFCE_BUFGCE_I_O)
                                                      0.028     0.951 r  clk_IBUF_BUFG_inst/O
    X4Y5 (CLOCK_ROOT)    net (fo=50691, routed)       2.020     2.971    SharedReg350_instance/clk
    SLICE_X132Y416       FDCE                                         r  SharedReg350_instance/s7_reg_c/C
  -------------------------------------------------------------------    -------------------
    SLICE_X132Y416       FDCE (Prop_AFF2_SLICEL_C_Q)
                                                      0.081     3.052 r  SharedReg350_instance/s7_reg_c/Q
                         net (fo=130, routed)         3.112     6.164    SharedReg273_instance/s7_reg_c
    SLICE_X121Y287       LUT2 (Prop_G6LUT_SLICEM_I1_O)
                                                      0.123     6.287 r  SharedReg273_instance/s7_reg_gate__24/O
                         net (fo=1, routed)           0.059     6.346    SharedReg273_instance/s7_reg_gate__24_n_0
    SLICE_X121Y287       FDCE                                         r  SharedReg273_instance/Y_reg[8]/D
  -------------------------------------------------------------------    -------------------

                         (clock clk rise edge)        4.000     4.000 r  
    AP13                                              0.000     4.000 r  clk (IN)
                         net (fo=0)                   0.000     4.000    clk_IBUF_inst/I
    AP13                 INBUF (Prop_INBUF_HPIOB_M_PAD_O)
                                                      0.349     4.349 r  clk_IBUF_inst/INBUF_INST/O
                         net (fo=1, routed)           0.000     4.349    clk_IBUF_inst/OUT
    AP13                 IBUFCTRL (Prop_IBUFCTRL_HPIOB_M_I_O)
                                                      0.000     4.349 r  clk_IBUF_inst/IBUFCTRL_INST/O
                         net (fo=1, routed)           0.287     4.636    clk_IBUF
    BUFGCE_X0Y170        BUFGCE (Prop_BUFCE_BUFGCE_I_O)
                                                      0.024     4.660 r  clk_IBUF_BUFG_inst/O
    X4Y5 (CLOCK_ROOT)    net (fo=50691, routed)       1.733     6.393    SharedReg273_instance/clk_IBUF_BUFG
    SLICE_X121Y287       FDCE                                         r  SharedReg273_instance/Y_reg[8]/C
                         clock pessimism              0.376     6.769    
                         clock uncertainty           -0.035     6.733    
    SLICE_X121Y287       FDCE (Setup_GFF_SLICEM_C_D)
                                                      0.025     6.758    SharedReg273_instance/Y_reg[8]
  -------------------------------------------------------------------
                         required time                          6.758    
                         arrival time                          -6.346    
  -------------------------------------------------------------------
                         slack                                  0.413    




