Copyright 1986-2018 Xilinx, Inc. All Rights Reserved.
-----------------------------------------------------------------------------------------------------------------------------------------------------------------------------------------------
| Tool Version      : Vivado v.2018.1 (lin64) Build 2188600 Wed Apr  4 18:39:19 MDT 2018
| Date              : Sat Dec  5 18:02:17 2020
| Host              : animal.digi.e-technik.uni-kassel.de running 64-bit CentOS Linux release 7.8.2003 (Core)
| Command           : report_timing -file /home/nfiege/Repositories/origami/vhdl/ratII/synth/fir_SAM/NonUniformILP/fir_SAM_NonUniformILP_58_ultrascale2_250/implementedSystem_timing_synth.rpt
| Design            : implementedSystem_toplevel
| Device            : xcvu13p-fhga2104
| Speed File        : -2  PRODUCTION 1.19 03-17-2018
| Temperature Grade : E
-----------------------------------------------------------------------------------------------------------------------------------------------------------------------------------------------

Timing Report

Slack (MET) :             0.391ns  (required time - arrival time)
  Source:                 Delay380No2_instance/s6_reg_c/C
                            (rising edge-triggered cell FDCE clocked by clk  {rise@0.000ns fall@2.000ns period=4.000ns})
  Destination:            SharedReg278_instance/Y_reg[21]/D
                            (rising edge-triggered cell FDCE clocked by clk  {rise@0.000ns fall@2.000ns period=4.000ns})
  Path Group:             clk
  Path Type:              Setup (Max at Slow Process Corner)
  Requirement:            4.000ns  (clk rise@4.000ns - clk rise@0.000ns)
  Data Path Delay:        3.726ns  (logic 0.164ns (4.402%)  route 3.562ns (95.598%))
  Logic Levels:           1  (LUT2=1)
  Clock Path Skew:        0.127ns (DCD - SCD + CPR)
    Destination Clock Delay (DCD):    3.054ns = ( 7.054 - 4.000 ) 
    Source Clock Delay      (SCD):    3.396ns
    Clock Pessimism Removal (CPR):    0.469ns
  Clock Uncertainty:      0.035ns  ((TSJ^2 + TIJ^2)^1/2 + DJ) / 2 + PE
    Total System Jitter     (TSJ):    0.071ns
    Total Input Jitter      (TIJ):    0.000ns
    Discrete Jitter          (DJ):    0.000ns
    Phase Error              (PE):    0.000ns
  Clock Net Delay (Source):      2.445ns (routing 1.409ns, distribution 1.036ns)
  Clock Net Delay (Destination): 2.394ns (routing 1.281ns, distribution 1.113ns)

    Location             Delay type                Incr(ns)  Path(ns)    Netlist Resource(s)
  -------------------------------------------------------------------    -------------------
                         (clock clk rise edge)        0.000     0.000 r  
    AU14                                              0.000     0.000 r  clk (IN)
                         net (fo=0)                   0.000     0.000    clk_IBUF_inst/I
    AU14                 INBUF (Prop_INBUF_HPIOB_M_PAD_O)
                                                      0.600     0.600 r  clk_IBUF_inst/INBUF_INST/O
                         net (fo=1, routed)           0.000     0.600    clk_IBUF_inst/OUT
    AU14                 IBUFCTRL (Prop_IBUFCTRL_HPIOB_M_I_O)
                                                      0.000     0.600 r  clk_IBUF_inst/IBUFCTRL_INST/O
                         net (fo=1, routed)           0.323     0.923    clk_IBUF
    BUFGCE_X0Y170        BUFGCE (Prop_BUFCE_BUFGCE_I_O)
                                                      0.028     0.951 r  clk_IBUF_BUFG_inst/O
    X2Y5 (CLOCK_ROOT)    net (fo=77064, routed)       2.445     3.396    Delay380No2_instance/clk_IBUF_BUFG
    SLICE_X76Y356        FDCE                                         r  Delay380No2_instance/s6_reg_c/C
  -------------------------------------------------------------------    -------------------
    SLICE_X76Y356        FDCE (Prop_EFF_SLICEM_C_Q)
                                                      0.076     3.472 r  Delay380No2_instance/s6_reg_c/Q
                         net (fo=490, routed)         3.512     6.984    SharedReg278_instance/s6_reg_c
    SLICE_X117Y327       LUT2 (Prop_C6LUT_SLICEL_I1_O)
                                                      0.088     7.072 r  SharedReg278_instance/s6_reg_gate__11/O
                         net (fo=1, routed)           0.050     7.122    SharedReg278_instance/s6_reg_gate__11_n_0
    SLICE_X117Y327       FDCE                                         r  SharedReg278_instance/Y_reg[21]/D
  -------------------------------------------------------------------    -------------------

                         (clock clk rise edge)        4.000     4.000 r  
    AU14                                              0.000     4.000 r  clk (IN)
                         net (fo=0)                   0.000     4.000    clk_IBUF_inst/I
    AU14                 INBUF (Prop_INBUF_HPIOB_M_PAD_O)
                                                      0.349     4.349 r  clk_IBUF_inst/INBUF_INST/O
                         net (fo=1, routed)           0.000     4.349    clk_IBUF_inst/OUT
    AU14                 IBUFCTRL (Prop_IBUFCTRL_HPIOB_M_I_O)
                                                      0.000     4.349 r  clk_IBUF_inst/IBUFCTRL_INST/O
                         net (fo=1, routed)           0.287     4.636    clk_IBUF
    BUFGCE_X0Y170        BUFGCE (Prop_BUFCE_BUFGCE_I_O)
                                                      0.024     4.660 r  clk_IBUF_BUFG_inst/O
    X2Y5 (CLOCK_ROOT)    net (fo=77064, routed)       2.394     7.054    SharedReg278_instance/clk_IBUF_BUFG
    SLICE_X117Y327       FDCE                                         r  SharedReg278_instance/Y_reg[21]/C
                         clock pessimism              0.469     7.524    
                         clock uncertainty           -0.035     7.488    
    SLICE_X117Y327       FDCE (Setup_CFF_SLICEL_C_D)
                                                      0.025     7.513    SharedReg278_instance/Y_reg[21]
  -------------------------------------------------------------------
                         required time                          7.513    
                         arrival time                          -7.122    
  -------------------------------------------------------------------
                         slack                                  0.391    




