Copyright 1986-2018 Xilinx, Inc. All Rights Reserved.
-----------------------------------------------------------------------------------------------------------------------------------------------------------------------------------------------
| Tool Version      : Vivado v.2018.1 (lin64) Build 2188600 Wed Apr  4 18:39:19 MDT 2018
| Date              : Tue Dec  8 00:51:53 2020
| Host              : animal.digi.e-technik.uni-kassel.de running 64-bit CentOS Linux release 7.8.2003 (Core)
| Command           : report_timing -file /home/nfiege/Repositories/origami/vhdl/ratII/synth/fir_SAM/NonUniformILP/fir_SAM_NonUniformILP_47_ultrascale2_250/implementedSystem_timing_synth.rpt
| Design            : implementedSystem_toplevel
| Device            : xcvu13p-fhga2104
| Speed File        : -2  PRODUCTION 1.19 03-17-2018
| Temperature Grade : E
-----------------------------------------------------------------------------------------------------------------------------------------------------------------------------------------------

Timing Report

Slack (MET) :             0.371ns  (required time - arrival time)
  Source:                 Delay291No_instance/s29_reg_c/C
                            (rising edge-triggered cell FDCE clocked by clk  {rise@0.000ns fall@2.000ns period=4.000ns})
  Destination:            SharedReg184_instance/Y_reg[22]/D
                            (rising edge-triggered cell FDCE clocked by clk  {rise@0.000ns fall@2.000ns period=4.000ns})
  Path Group:             clk
  Path Type:              Setup (Max at Slow Process Corner)
  Requirement:            4.000ns  (clk rise@4.000ns - clk rise@0.000ns)
  Data Path Delay:        3.464ns  (logic 0.127ns (3.666%)  route 3.337ns (96.334%))
  Logic Levels:           1  (LUT2=1)
  Clock Path Skew:        -0.155ns (DCD - SCD + CPR)
    Destination Clock Delay (DCD):    2.635ns = ( 6.635 - 4.000 ) 
    Source Clock Delay      (SCD):    3.171ns
    Clock Pessimism Removal (CPR):    0.382ns
  Clock Uncertainty:      0.035ns  ((TSJ^2 + TIJ^2)^1/2 + DJ) / 2 + PE
    Total System Jitter     (TSJ):    0.071ns
    Total Input Jitter      (TIJ):    0.000ns
    Discrete Jitter          (DJ):    0.000ns
    Phase Error              (PE):    0.000ns
  Clock Net Delay (Source):      2.234ns (routing 0.955ns, distribution 1.279ns)
  Clock Net Delay (Destination): 1.988ns (routing 0.868ns, distribution 1.120ns)

    Location             Delay type                Incr(ns)  Path(ns)    Netlist Resource(s)
  -------------------------------------------------------------------    -------------------
                         (clock clk rise edge)        0.000     0.000 r  
    AR14                                              0.000     0.000 r  clk (IN)
                         net (fo=0)                   0.000     0.000    clk_IBUF_inst/I
    AR14                 INBUF (Prop_INBUF_HPIOB_M_PAD_O)
                                                      0.586     0.586 r  clk_IBUF_inst/INBUF_INST/O
                         net (fo=1, routed)           0.000     0.586    clk_IBUF_inst/OUT
    AR14                 IBUFCTRL (Prop_IBUFCTRL_HPIOB_M_I_O)
                                                      0.000     0.586 r  clk_IBUF_inst/IBUFCTRL_INST/O
                         net (fo=1, routed)           0.323     0.909    clk_IBUF
    BUFGCE_X0Y170        BUFGCE (Prop_BUFCE_BUFGCE_I_O)
                                                      0.028     0.937 r  clk_IBUF_BUFG_inst/O
    X3Y6 (CLOCK_ROOT)    net (fo=66851, routed)       2.234     3.171    Delay291No_instance/clk_IBUF_BUFG
    SLICE_X94Y287        FDCE                                         r  Delay291No_instance/s29_reg_c/C
  -------------------------------------------------------------------    -------------------
    SLICE_X94Y287        FDCE (Prop_EFF_SLICEM_C_Q)
                                                      0.076     3.247 r  Delay291No_instance/s29_reg_c/Q
                         net (fo=216, routed)         3.288     6.535    SharedReg184_instance/s29_reg_c
    SLICE_X89Y374        LUT2 (Prop_B6LUT_SLICEL_I1_O)
                                                      0.051     6.586 r  SharedReg184_instance/s29_reg_gate__10/O
                         net (fo=1, routed)           0.049     6.635    SharedReg184_instance/s29_reg_gate__10_n_0
    SLICE_X89Y374        FDCE                                         r  SharedReg184_instance/Y_reg[22]/D
  -------------------------------------------------------------------    -------------------

                         (clock clk rise edge)        4.000     4.000 r  
    AR14                                              0.000     4.000 r  clk (IN)
                         net (fo=0)                   0.000     4.000    clk_IBUF_inst/I
    AR14                 INBUF (Prop_INBUF_HPIOB_M_PAD_O)
                                                      0.336     4.336 r  clk_IBUF_inst/INBUF_INST/O
                         net (fo=1, routed)           0.000     4.336    clk_IBUF_inst/OUT
    AR14                 IBUFCTRL (Prop_IBUFCTRL_HPIOB_M_I_O)
                                                      0.000     4.336 r  clk_IBUF_inst/IBUFCTRL_INST/O
                         net (fo=1, routed)           0.287     4.623    clk_IBUF
    BUFGCE_X0Y170        BUFGCE (Prop_BUFCE_BUFGCE_I_O)
                                                      0.024     4.647 r  clk_IBUF_BUFG_inst/O
    X3Y6 (CLOCK_ROOT)    net (fo=66851, routed)       1.988     6.635    SharedReg184_instance/clk_IBUF_BUFG
    SLICE_X89Y374        FDCE                                         r  SharedReg184_instance/Y_reg[22]/C
                         clock pessimism              0.382     7.016    
                         clock uncertainty           -0.035     6.981    
    SLICE_X89Y374        FDCE (Setup_BFF_SLICEL_C_D)
                                                      0.025     7.006    SharedReg184_instance/Y_reg[22]
  -------------------------------------------------------------------
                         required time                          7.006    
                         arrival time                          -6.635    
  -------------------------------------------------------------------
                         slack                                  0.371    




