Copyright 1986-2018 Xilinx, Inc. All Rights Reserved.
--------------------------------------------------------------------------------------------------------------------------------------------------------------------------------------------
| Tool Version      : Vivado v.2018.1 (lin64) Build 2188600 Wed Apr  4 18:39:19 MDT 2018
| Date              : Fri Apr 24 04:30:06 2020
| Host              : animal.digi.e-technik.uni-kassel.de running 64-bit CentOS Linux release 7.7.1908 (Core)
| Command           : report_timing -file /home/nfiege/Repositories/origami/vhdl/ratII/synth/fir_GM/NonUniformILP/fir_GM_NonUniformILP_4_ultrascale2_250/implementedSystem_timing_synth.rpt
| Design            : implementedSystem_toplevel
| Device            : xcvu13p-fhga2104
| Speed File        : -2  PRODUCTION 1.19 03-17-2018
| Temperature Grade : E
--------------------------------------------------------------------------------------------------------------------------------------------------------------------------------------------

Timing Report

Slack (MET) :             0.484ns  (required time - arrival time)
  Source:                 SharedReg51_instance/Y_reg[28]/C
                            (rising edge-triggered cell FDCE clocked by clk  {rise@0.000ns fall@2.000ns period=4.000ns})
  Destination:            Delay1No22_instance/Y_reg[28]/D
                            (rising edge-triggered cell FDCE clocked by clk  {rise@0.000ns fall@2.000ns period=4.000ns})
  Path Group:             clk
  Path Type:              Setup (Max at Slow Process Corner)
  Requirement:            4.000ns  (clk rise@4.000ns - clk rise@0.000ns)
  Data Path Delay:        3.148ns  (logic 0.076ns (2.414%)  route 3.072ns (97.586%))
  Logic Levels:           0  
  Clock Path Skew:        -0.191ns (DCD - SCD + CPR)
    Destination Clock Delay (DCD):    2.595ns = ( 6.595 - 4.000 ) 
    Source Clock Delay      (SCD):    3.161ns
    Clock Pessimism Removal (CPR):    0.376ns
  Clock Uncertainty:      0.035ns  ((TSJ^2 + TIJ^2)^1/2 + DJ) / 2 + PE
    Total System Jitter     (TSJ):    0.071ns
    Total Input Jitter      (TIJ):    0.000ns
    Discrete Jitter          (DJ):    0.000ns
    Phase Error              (PE):    0.000ns
  Inter-SLR Compensation: 0.167ns  ((DCD - CCD) * PF)
    Destination Clock Delay (DCD):    2.595ns
    Common Clock Delay      (CCD):    1.483ns
    Prorating Factor         (PF):    0.150
  Clock Net Delay (Source):      2.224ns (routing 0.921ns, distribution 1.303ns)
  Clock Net Delay (Destination): 1.948ns (routing 0.836ns, distribution 1.112ns)

    Location             Delay type                Incr(ns)  Path(ns)    Netlist Resource(s)
  -------------------------------------------------------------------    -------------------
                         (clock clk rise edge)        0.000     0.000 r  
    AR14                                              0.000     0.000 r  clk (IN)
                         net (fo=0)                   0.000     0.000    clk_IBUF_inst/I
    AR14                 INBUF (Prop_INBUF_HPIOB_M_PAD_O)
                                                      0.586     0.586 r  clk_IBUF_inst/INBUF_INST/O
                         net (fo=1, routed)           0.000     0.586    clk_IBUF_inst/OUT
    AR14                 IBUFCTRL (Prop_IBUFCTRL_HPIOB_M_I_O)
                                                      0.000     0.586 r  clk_IBUF_inst/IBUFCTRL_INST/O
                         net (fo=1, routed)           0.323     0.909    clk_IBUF
    BUFGCE_X0Y170        BUFGCE (Prop_BUFCE_BUFGCE_I_O)
                                                      0.028     0.937 r  clk_IBUF_BUFG_inst/O
    X4Y5 (CLOCK_ROOT)    net (fo=5223, routed)        2.224     3.161    SharedReg51_instance/clk_IBUF_BUFG
    SLICE_X141Y436       FDCE                                         r  SharedReg51_instance/Y_reg[28]/C
  -------------------------------------------------------------------    -------------------
    SLICE_X141Y436       FDCE (Prop_FFF_SLICEM_C_Q)
                                                      0.076     3.237 r  SharedReg51_instance/Y_reg[28]/Q
                         net (fo=5, routed)           3.072     6.309    Delay1No22_instance/Q[28]
    SLR Crossing[1->0]   
    SLICE_X125Y238       FDCE                                         r  Delay1No22_instance/Y_reg[28]/D
  -------------------------------------------------------------------    -------------------

                         (clock clk rise edge)        4.000     4.000 r  
    AR14                                              0.000     4.000 r  clk (IN)
                         net (fo=0)                   0.000     4.000    clk_IBUF_inst/I
    AR14                 INBUF (Prop_INBUF_HPIOB_M_PAD_O)
                                                      0.336     4.336 r  clk_IBUF_inst/INBUF_INST/O
                         net (fo=1, routed)           0.000     4.336    clk_IBUF_inst/OUT
    AR14                 IBUFCTRL (Prop_IBUFCTRL_HPIOB_M_I_O)
                                                      0.000     4.336 r  clk_IBUF_inst/IBUFCTRL_INST/O
                         net (fo=1, routed)           0.287     4.623    clk_IBUF
    BUFGCE_X0Y170        BUFGCE (Prop_BUFCE_BUFGCE_I_O)
                                                      0.024     4.647 r  clk_IBUF_BUFG_inst/O
    X4Y5 (CLOCK_ROOT)    net (fo=5223, routed)        1.948     6.595    Delay1No22_instance/clk_IBUF_BUFG
    SLR Crossing[1->0]   
    SLICE_X125Y238       FDCE                                         r  Delay1No22_instance/Y_reg[28]/C
                         clock pessimism              0.376     6.970    
                         inter-SLR compensation      -0.167     6.804    
                         clock uncertainty           -0.035     6.768    
    SLICE_X125Y238       FDCE (Setup_FFF2_SLICEL_C_D)
                                                      0.025     6.793    Delay1No22_instance/Y_reg[28]
  -------------------------------------------------------------------
                         required time                          6.793    
                         arrival time                          -6.309    
  -------------------------------------------------------------------
                         slack                                  0.484    




