Copyright 1986-2018 Xilinx, Inc. All Rights Reserved.
------------------------------------------------------------------------------------------------------------------------------------------------------------------------------------------------
| Tool Version      : Vivado v.2018.1 (lin64) Build 2188600 Wed Apr  4 18:39:19 MDT 2018
| Date              : Fri Aug 27 08:26:36 2021
| Host              : animal.digi.e-technik.uni-kassel.de running 64-bit AlmaLinux release 8.3 (Purple Manul)
| Command           : report_timing -file /home/nfiege/Repositories/origami/vhdl/ratII/synth/fir_SAM/UniformILPNew/fir_SAM_UniformILPNew_446_ultrascale2_250/implementedSystem_timing_synth.rpt
| Design            : implementedSystem_toplevel
| Device            : xcvu13p-fhga2104
| Speed File        : -2  PRODUCTION 1.19 03-17-2018
| Temperature Grade : E
------------------------------------------------------------------------------------------------------------------------------------------------------------------------------------------------

Timing Report

Slack (MET) :             0.332ns  (required time - arrival time)
  Source:                 SharedReg189_instance/s33_reg_c/C
                            (rising edge-triggered cell FDCE clocked by clk  {rise@0.000ns fall@2.000ns period=4.000ns})
  Destination:            Delay61No_instance/Y_reg[16]/D
                            (rising edge-triggered cell FDCE clocked by clk  {rise@0.000ns fall@2.000ns period=4.000ns})
  Path Group:             clk
  Path Type:              Setup (Max at Slow Process Corner)
  Requirement:            4.000ns  (clk rise@4.000ns - clk rise@0.000ns)
  Data Path Delay:        3.594ns  (logic 0.222ns (6.177%)  route 3.372ns (93.823%))
  Logic Levels:           1  (LUT2=1)
  Clock Path Skew:        -0.064ns (DCD - SCD + CPR)
    Destination Clock Delay (DCD):    2.547ns = ( 6.547 - 4.000 ) 
    Source Clock Delay      (SCD):    2.987ns
    Clock Pessimism Removal (CPR):    0.376ns
  Clock Uncertainty:      0.035ns  ((TSJ^2 + TIJ^2)^1/2 + DJ) / 2 + PE
    Total System Jitter     (TSJ):    0.071ns
    Total Input Jitter      (TIJ):    0.000ns
    Discrete Jitter          (DJ):    0.000ns
    Phase Error              (PE):    0.000ns
  Clock Net Delay (Source):      2.036ns (routing 0.921ns, distribution 1.115ns)
  Clock Net Delay (Destination): 1.887ns (routing 0.836ns, distribution 1.051ns)

    Location             Delay type                Incr(ns)  Path(ns)    Netlist Resource(s)
  -------------------------------------------------------------------    -------------------
                         (clock clk rise edge)        0.000     0.000 r  
    AP13                                              0.000     0.000 r  clk (IN)
                         net (fo=0)                   0.000     0.000    clk_IBUF_inst/I
    AP13                 INBUF (Prop_INBUF_HPIOB_M_PAD_O)
                                                      0.600     0.600 r  clk_IBUF_inst/INBUF_INST/O
                         net (fo=1, routed)           0.000     0.600    clk_IBUF_inst/OUT
    AP13                 IBUFCTRL (Prop_IBUFCTRL_HPIOB_M_I_O)
                                                      0.000     0.600 r  clk_IBUF_inst/IBUFCTRL_INST/O
                         net (fo=1, routed)           0.323     0.923    clk_IBUF
    BUFGCE_X0Y170        BUFGCE (Prop_BUFCE_BUFGCE_I_O)
                                                      0.028     0.951 r  clk_IBUF_BUFG_inst/O
    X4Y5 (CLOCK_ROOT)    net (fo=26818, routed)       2.036     2.987    SharedReg189_instance/clk
    SLICE_X111Y331       FDCE                                         r  SharedReg189_instance/s33_reg_c/C
  -------------------------------------------------------------------    -------------------
    SLICE_X111Y331       FDCE (Prop_EFF_SLICEM_C_Q)
                                                      0.076     3.063 r  SharedReg189_instance/s33_reg_c/Q
                         net (fo=239, routed)         3.323     6.386    Delay61No_instance/s33_reg_c
    SLICE_X110Y381       LUT2 (Prop_D6LUT_SLICEL_I1_O)
                                                      0.146     6.532 r  Delay61No_instance/s33_reg_gate__16/O
                         net (fo=1, routed)           0.049     6.581    Delay61No_instance/s33_reg_gate__16_n_0
    SLICE_X110Y381       FDCE                                         r  Delay61No_instance/Y_reg[16]/D
  -------------------------------------------------------------------    -------------------

                         (clock clk rise edge)        4.000     4.000 r  
    AP13                                              0.000     4.000 r  clk (IN)
                         net (fo=0)                   0.000     4.000    clk_IBUF_inst/I
    AP13                 INBUF (Prop_INBUF_HPIOB_M_PAD_O)
                                                      0.349     4.349 r  clk_IBUF_inst/INBUF_INST/O
                         net (fo=1, routed)           0.000     4.349    clk_IBUF_inst/OUT
    AP13                 IBUFCTRL (Prop_IBUFCTRL_HPIOB_M_I_O)
                                                      0.000     4.349 r  clk_IBUF_inst/IBUFCTRL_INST/O
                         net (fo=1, routed)           0.287     4.636    clk_IBUF
    BUFGCE_X0Y170        BUFGCE (Prop_BUFCE_BUFGCE_I_O)
                                                      0.024     4.660 r  clk_IBUF_BUFG_inst/O
    X4Y5 (CLOCK_ROOT)    net (fo=26818, routed)       1.887     6.547    Delay61No_instance/clk_IBUF_BUFG
    SLICE_X110Y381       FDCE                                         r  Delay61No_instance/Y_reg[16]/C
                         clock pessimism              0.376     6.923    
                         clock uncertainty           -0.035     6.887    
    SLICE_X110Y381       FDCE (Setup_DFF_SLICEL_C_D)
                                                      0.025     6.912    Delay61No_instance/Y_reg[16]
  -------------------------------------------------------------------
                         required time                          6.912    
                         arrival time                          -6.581    
  -------------------------------------------------------------------
                         slack                                  0.332    




