Copyright 1986-2018 Xilinx, Inc. All Rights Reserved.
---------------------------------------------------------------------------------------------------------------------------------------------------------------------------------------------------
| Tool Version      : Vivado v.2018.1 (lin64) Build 2188600 Wed Apr  4 18:39:19 MDT 2018
| Date              : Thu Aug 26 11:41:46 2021
| Host              : animal.digi.e-technik.uni-kassel.de running 64-bit AlmaLinux release 8.3 (Purple Manul)
| Command           : report_timing -file /home/nfiege/Repositories/origami/vhdl/ratII/synth/iir_sos16/UniformILPNew/iir_sos16_UniformILPNew_34_ultrascale2_250/implementedSystem_timing_synth.rpt
| Design            : implementedSystem_toplevel
| Device            : xcvu13p-fhga2104
| Speed File        : -2  PRODUCTION 1.19 03-17-2018
| Temperature Grade : E
---------------------------------------------------------------------------------------------------------------------------------------------------------------------------------------------------

Timing Report

Slack (MET) :             0.469ns  (required time - arrival time)
  Source:                 Delay1No23_instance/Y_reg[2]/C
                            (rising edge-triggered cell FDCE clocked by clk  {rise@0.000ns fall@2.000ns period=4.000ns})
  Destination:            Product44_2_impl_instance/SignificandMultiplication/RR__0/DSP_OUTPUT_INST/ALU_OUT[0]
                            (rising edge-triggered cell DSP_OUTPUT clocked by clk  {rise@0.000ns fall@2.000ns period=4.000ns})
  Path Group:             clk
  Path Type:              Setup (Max at Slow Process Corner)
  Requirement:            4.000ns  (clk rise@4.000ns - clk rise@0.000ns)
  Data Path Delay:        3.307ns  (logic 2.151ns (65.044%)  route 1.156ns (34.956%))
  Logic Levels:           7  (DSP_A_B_DATA=1 DSP_ALU=2 DSP_M_DATA=1 DSP_MULTIPLIER=1 DSP_OUTPUT=1 DSP_PREADD_DATA=1)
  Clock Path Skew:        -0.204ns (DCD - SCD + CPR)
    Destination Clock Delay (DCD):    3.113ns = ( 7.113 - 4.000 ) 
    Source Clock Delay      (SCD):    3.777ns
    Clock Pessimism Removal (CPR):    0.460ns
  Clock Uncertainty:      0.035ns  ((TSJ^2 + TIJ^2)^1/2 + DJ) / 2 + PE
    Total System Jitter     (TSJ):    0.071ns
    Total Input Jitter      (TIJ):    0.000ns
    Discrete Jitter          (DJ):    0.000ns
    Phase Error              (PE):    0.000ns
  Clock Net Delay (Source):      2.826ns (routing 1.832ns, distribution 0.994ns)
  Clock Net Delay (Destination): 2.453ns (routing 1.663ns, distribution 0.790ns)

    Location             Delay type                Incr(ns)  Path(ns)    Netlist Resource(s)
  -------------------------------------------------------------------    -------------------
                         (clock clk rise edge)        0.000     0.000 r  
    AP13                                              0.000     0.000 r  clk (IN)
                         net (fo=0)                   0.000     0.000    clk_IBUF_inst/I
    AP13                 INBUF (Prop_INBUF_HPIOB_M_PAD_O)
                                                      0.600     0.600 r  clk_IBUF_inst/INBUF_INST/O
                         net (fo=1, routed)           0.000     0.600    clk_IBUF_inst/OUT
    AP13                 IBUFCTRL (Prop_IBUFCTRL_HPIOB_M_I_O)
                                                      0.000     0.600 r  clk_IBUF_inst/IBUFCTRL_INST/O
                         net (fo=1, routed)           0.323     0.923    clk_IBUF
    BUFGCE_X0Y170        BUFGCE (Prop_BUFCE_BUFGCE_I_O)
                                                      0.028     0.951 r  clk_IBUF_BUFG_inst/O
    X3Y2 (CLOCK_ROOT)    net (fo=16029, routed)       2.826     3.777    Delay1No23_instance/clk_IBUF_BUFG
    SLR Crossing[1->0]   
    SLICE_X121Y166       FDCE                                         r  Delay1No23_instance/Y_reg[2]/C
  -------------------------------------------------------------------    -------------------
    SLICE_X121Y166       FDCE (Prop_CFF_SLICEM_C_Q)
                                                      0.078     3.855 f  Delay1No23_instance/Y_reg[2]/Q
                         net (fo=1, routed)           1.142     4.997    Product44_2_impl_instance/SignificandMultiplication/RR/A[2]
    DSP48E2_X14Y80       DSP_A_B_DATA (Prop_DSP_A_B_DATA_DSP48E2_A[2]_A2_DATA[2])
                                                      0.192     5.189 r  Product44_2_impl_instance/SignificandMultiplication/RR/DSP_A_B_DATA_INST/A2_DATA[2]
                         net (fo=1, routed)           0.000     5.189    Product44_2_impl_instance/SignificandMultiplication/RR/DSP_A_B_DATA.A2_DATA<2>
    DSP48E2_X14Y80       DSP_PREADD_DATA (Prop_DSP_PREADD_DATA_DSP48E2_A2_DATA[2]_A2A1[2])
                                                      0.076     5.265 r  Product44_2_impl_instance/SignificandMultiplication/RR/DSP_PREADD_DATA_INST/A2A1[2]
                         net (fo=1, routed)           0.000     5.265    Product44_2_impl_instance/SignificandMultiplication/RR/DSP_PREADD_DATA.A2A1<2>
    DSP48E2_X14Y80       DSP_MULTIPLIER (Prop_DSP_MULTIPLIER_DSP48E2_A2A1[2]_U[23])
                                                      0.505     5.770 f  Product44_2_impl_instance/SignificandMultiplication/RR/DSP_MULTIPLIER_INST/U[23]
                         net (fo=1, routed)           0.000     5.770    Product44_2_impl_instance/SignificandMultiplication/RR/DSP_MULTIPLIER.U<23>
    DSP48E2_X14Y80       DSP_M_DATA (Prop_DSP_M_DATA_DSP48E2_U[23]_U_DATA[23])
                                                      0.047     5.817 r  Product44_2_impl_instance/SignificandMultiplication/RR/DSP_M_DATA_INST/U_DATA[23]
                         net (fo=1, routed)           0.000     5.817    Product44_2_impl_instance/SignificandMultiplication/RR/DSP_M_DATA.U_DATA<23>
    DSP48E2_X14Y80       DSP_ALU (Prop_DSP_ALU_DSP48E2_U_DATA[23]_ALU_OUT[47])
                                                      0.585     6.402 f  Product44_2_impl_instance/SignificandMultiplication/RR/DSP_ALU_INST/ALU_OUT[47]
                         net (fo=1, routed)           0.000     6.402    Product44_2_impl_instance/SignificandMultiplication/RR/DSP_ALU.ALU_OUT<47>
    DSP48E2_X14Y80       DSP_OUTPUT (Prop_DSP_OUTPUT_DSP48E2_ALU_OUT[47]_PCOUT[47])
                                                      0.122     6.524 r  Product44_2_impl_instance/SignificandMultiplication/RR/DSP_OUTPUT_INST/PCOUT[47]
                         net (fo=1, routed)           0.014     6.538    Product44_2_impl_instance/SignificandMultiplication/RR__0/PCIN[47]
    DSP48E2_X14Y81       DSP_ALU (Prop_DSP_ALU_DSP48E2_PCIN[47]_ALU_OUT[0])
                                                      0.546     7.084 r  Product44_2_impl_instance/SignificandMultiplication/RR__0/DSP_ALU_INST/ALU_OUT[0]
                         net (fo=1, routed)           0.000     7.084    Product44_2_impl_instance/SignificandMultiplication/RR__0/DSP_ALU.ALU_OUT<0>
    DSP48E2_X14Y81       DSP_OUTPUT                                   r  Product44_2_impl_instance/SignificandMultiplication/RR__0/DSP_OUTPUT_INST/ALU_OUT[0]
  -------------------------------------------------------------------    -------------------

                         (clock clk rise edge)        4.000     4.000 r  
    AP13                                              0.000     4.000 r  clk (IN)
                         net (fo=0)                   0.000     4.000    clk_IBUF_inst/I
    AP13                 INBUF (Prop_INBUF_HPIOB_M_PAD_O)
                                                      0.349     4.349 r  clk_IBUF_inst/INBUF_INST/O
                         net (fo=1, routed)           0.000     4.349    clk_IBUF_inst/OUT
    AP13                 IBUFCTRL (Prop_IBUFCTRL_HPIOB_M_I_O)
                                                      0.000     4.349 r  clk_IBUF_inst/IBUFCTRL_INST/O
                         net (fo=1, routed)           0.287     4.636    clk_IBUF
    BUFGCE_X0Y170        BUFGCE (Prop_BUFCE_BUFGCE_I_O)
                                                      0.024     4.660 r  clk_IBUF_BUFG_inst/O
    X3Y2 (CLOCK_ROOT)    net (fo=16029, routed)       2.453     7.113    Product44_2_impl_instance/SignificandMultiplication/RR__0/CLK
    SLR Crossing[1->0]   
    DSP48E2_X14Y81       DSP_OUTPUT                                   r  Product44_2_impl_instance/SignificandMultiplication/RR__0/DSP_OUTPUT_INST/CLK
                         clock pessimism              0.460     7.573    
                         clock uncertainty           -0.035     7.537    
    DSP48E2_X14Y81       DSP_OUTPUT (Setup_DSP_OUTPUT_DSP48E2_CLK_ALU_OUT[0])
                                                      0.015     7.552    Product44_2_impl_instance/SignificandMultiplication/RR__0/DSP_OUTPUT_INST
  -------------------------------------------------------------------
                         required time                          7.552    
                         arrival time                          -7.084    
  -------------------------------------------------------------------
                         slack                                  0.469    




