Copyright 1986-2018 Xilinx, Inc. All Rights Reserved.
----------------------------------------------------------------------------------------------------------------------------------------------------------------------------------------------
| Tool Version      : Vivado v.2018.1 (lin64) Build 2188600 Wed Apr  4 18:39:19 MDT 2018
| Date              : Mon Dec  7 03:23:21 2020
| Host              : animal.digi.e-technik.uni-kassel.de running 64-bit CentOS Linux release 7.8.2003 (Core)
| Command           : report_timing -file /home/nfiege/Repositories/origami/vhdl/ratII/synth/fir_SAM/NonUniformILP/fir_SAM_NonUniformILP_9_ultrascale2_250/implementedSystem_timing_synth.rpt
| Design            : implementedSystem_toplevel
| Device            : xcvu13p-fhga2104
| Speed File        : -2  PRODUCTION 1.19 03-17-2018
| Temperature Grade : E
----------------------------------------------------------------------------------------------------------------------------------------------------------------------------------------------

Timing Report

Slack (MET) :             0.283ns  (required time - arrival time)
  Source:                 Delay208No_instance/s25_reg_c/C
                            (rising edge-triggered cell FDCE clocked by clk  {rise@0.000ns fall@2.000ns period=4.000ns})
  Destination:            SharedReg638_instance/Y_reg[32]/D
                            (rising edge-triggered cell FDCE clocked by clk  {rise@0.000ns fall@2.000ns period=4.000ns})
  Path Group:             clk
  Path Type:              Setup (Max at Slow Process Corner)
  Requirement:            4.000ns  (clk rise@4.000ns - clk rise@0.000ns)
  Data Path Delay:        3.692ns  (logic 0.171ns (4.632%)  route 3.521ns (95.368%))
  Logic Levels:           1  (LUT2=1)
  Clock Path Skew:        -0.015ns (DCD - SCD + CPR)
    Destination Clock Delay (DCD):    2.575ns = ( 6.575 - 4.000 ) 
    Source Clock Delay      (SCD):    2.972ns
    Clock Pessimism Removal (CPR):    0.382ns
  Clock Uncertainty:      0.035ns  ((TSJ^2 + TIJ^2)^1/2 + DJ) / 2 + PE
    Total System Jitter     (TSJ):    0.071ns
    Total Input Jitter      (TIJ):    0.000ns
    Discrete Jitter          (DJ):    0.000ns
    Phase Error              (PE):    0.000ns
  Clock Net Delay (Source):      2.021ns (routing 0.579ns, distribution 1.442ns)
  Clock Net Delay (Destination): 1.915ns (routing 0.528ns, distribution 1.387ns)

    Location             Delay type                Incr(ns)  Path(ns)    Netlist Resource(s)
  -------------------------------------------------------------------    -------------------
                         (clock clk rise edge)        0.000     0.000 r  
    AU14                                              0.000     0.000 r  clk (IN)
                         net (fo=0)                   0.000     0.000    clk_IBUF_inst/I
    AU14                 INBUF (Prop_INBUF_HPIOB_M_PAD_O)
                                                      0.600     0.600 r  clk_IBUF_inst/INBUF_INST/O
                         net (fo=1, routed)           0.000     0.600    clk_IBUF_inst/OUT
    AU14                 IBUFCTRL (Prop_IBUFCTRL_HPIOB_M_I_O)
                                                      0.000     0.600 r  clk_IBUF_inst/IBUFCTRL_INST/O
                         net (fo=1, routed)           0.323     0.923    clk_IBUF
    BUFGCE_X0Y170        BUFGCE (Prop_BUFCE_BUFGCE_I_O)
                                                      0.028     0.951 r  clk_IBUF_BUFG_inst/O
    X3Y7 (CLOCK_ROOT)    net (fo=55014, routed)       2.021     2.972    Delay208No_instance/clk_IBUF_BUFG
    SLICE_X101Y297       FDCE                                         r  Delay208No_instance/s25_reg_c/C
  -------------------------------------------------------------------    -------------------
    SLICE_X101Y297       FDCE (Prop_EFF2_SLICEL_C_Q)
                                                      0.081     3.053 r  Delay208No_instance/s25_reg_c/Q
                         net (fo=104, routed)         3.470     6.523    SharedReg638_instance/s25_reg_c
    SLICE_X119Y355       LUT2 (Prop_H6LUT_SLICEL_I1_O)
                                                      0.090     6.613 r  SharedReg638_instance/s25_reg_gate__0/O
                         net (fo=1, routed)           0.051     6.664    SharedReg638_instance/s25_reg_gate__0_n_0
    SLICE_X119Y355       FDCE                                         r  SharedReg638_instance/Y_reg[32]/D
  -------------------------------------------------------------------    -------------------

                         (clock clk rise edge)        4.000     4.000 r  
    AU14                                              0.000     4.000 r  clk (IN)
                         net (fo=0)                   0.000     4.000    clk_IBUF_inst/I
    AU14                 INBUF (Prop_INBUF_HPIOB_M_PAD_O)
                                                      0.349     4.349 r  clk_IBUF_inst/INBUF_INST/O
                         net (fo=1, routed)           0.000     4.349    clk_IBUF_inst/OUT
    AU14                 IBUFCTRL (Prop_IBUFCTRL_HPIOB_M_I_O)
                                                      0.000     4.349 r  clk_IBUF_inst/IBUFCTRL_INST/O
                         net (fo=1, routed)           0.287     4.636    clk_IBUF
    BUFGCE_X0Y170        BUFGCE (Prop_BUFCE_BUFGCE_I_O)
                                                      0.024     4.660 r  clk_IBUF_BUFG_inst/O
    X3Y7 (CLOCK_ROOT)    net (fo=55014, routed)       1.915     6.575    SharedReg638_instance/clk
    SLICE_X119Y355       FDCE                                         r  SharedReg638_instance/Y_reg[32]/C
                         clock pessimism              0.382     6.957    
                         clock uncertainty           -0.035     6.922    
    SLICE_X119Y355       FDCE (Setup_HFF_SLICEL_C_D)
                                                      0.025     6.947    SharedReg638_instance/Y_reg[32]
  -------------------------------------------------------------------
                         required time                          6.947    
                         arrival time                          -6.664    
  -------------------------------------------------------------------
                         slack                                  0.283    




