Copyright 1986-2018 Xilinx, Inc. All Rights Reserved.
-----------------------------------------------------------------------------------------------------------------------------------------------------------------------------------------------
| Tool Version      : Vivado v.2018.1 (lin64) Build 2188600 Wed Apr  4 18:39:19 MDT 2018
| Date              : Tue Dec  8 09:17:47 2020
| Host              : animal.digi.e-technik.uni-kassel.de running 64-bit CentOS Linux release 7.8.2003 (Core)
| Command           : report_timing -file /home/nfiege/Repositories/origami/vhdl/ratII/synth/fir_SAM/NonUniformILP/fir_SAM_NonUniformILP_67_ultrascale2_250/implementedSystem_timing_synth.rpt
| Design            : implementedSystem_toplevel
| Device            : xcvu13p-fhga2104
| Speed File        : -2  PRODUCTION 1.19 03-17-2018
| Temperature Grade : E
-----------------------------------------------------------------------------------------------------------------------------------------------------------------------------------------------

Timing Report

Slack (MET) :             0.416ns  (required time - arrival time)
  Source:                 Delay350No1_instance/s5_reg_c_rep__0/C
                            (rising edge-triggered cell FDCE clocked by clk  {rise@0.000ns fall@2.000ns period=4.000ns})
  Destination:            SharedReg339_instance/Y_reg[28]/D
                            (rising edge-triggered cell FDCE clocked by clk  {rise@0.000ns fall@2.000ns period=4.000ns})
  Path Group:             clk
  Path Type:              Setup (Max at Slow Process Corner)
  Requirement:            4.000ns  (clk rise@4.000ns - clk rise@0.000ns)
  Data Path Delay:        3.423ns  (logic 0.178ns (5.200%)  route 3.245ns (94.800%))
  Logic Levels:           1  (LUT2=1)
  Clock Path Skew:        -0.151ns (DCD - SCD + CPR)
    Destination Clock Delay (DCD):    2.699ns = ( 6.699 - 4.000 ) 
    Source Clock Delay      (SCD):    3.226ns
    Clock Pessimism Removal (CPR):    0.376ns
  Clock Uncertainty:      0.035ns  ((TSJ^2 + TIJ^2)^1/2 + DJ) / 2 + PE
    Total System Jitter     (TSJ):    0.071ns
    Total Input Jitter      (TIJ):    0.000ns
    Discrete Jitter          (DJ):    0.000ns
    Phase Error              (PE):    0.000ns
  Clock Net Delay (Source):      2.268ns (routing 0.921ns, distribution 1.347ns)
  Clock Net Delay (Destination): 2.032ns (routing 0.836ns, distribution 1.196ns)

    Location             Delay type                Incr(ns)  Path(ns)    Netlist Resource(s)
  -------------------------------------------------------------------    -------------------
                         (clock clk rise edge)        0.000     0.000 r  
    AV14                                              0.000     0.000 r  clk (IN)
                         net (fo=0)                   0.000     0.000    clk_IBUF_inst/I
    AV14                 INBUF (Prop_INBUF_HPIOB_M_PAD_O)
                                                      0.607     0.607 r  clk_IBUF_inst/INBUF_INST/O
                         net (fo=1, routed)           0.000     0.607    clk_IBUF_inst/OUT
    AV14                 IBUFCTRL (Prop_IBUFCTRL_HPIOB_M_I_O)
                                                      0.000     0.607 r  clk_IBUF_inst/IBUFCTRL_INST/O
                         net (fo=1, routed)           0.323     0.930    clk_IBUF
    BUFGCE_X0Y170        BUFGCE (Prop_BUFCE_BUFGCE_I_O)
                                                      0.028     0.958 r  clk_IBUF_BUFG_inst/O
    X4Y5 (CLOCK_ROOT)    net (fo=82756, routed)       2.268     3.226    Delay350No1_instance/clk_IBUF_BUFG
    SLICE_X168Y331       FDCE                                         r  Delay350No1_instance/s5_reg_c_rep__0/C
  -------------------------------------------------------------------    -------------------
    SLICE_X168Y331       FDCE (Prop_EFF2_SLICEL_C_Q)
                                                      0.081     3.307 r  Delay350No1_instance/s5_reg_c_rep__0/Q
                         net (fo=136, routed)         3.197     6.504    SharedReg339_instance/s5_reg_c_rep__0
    SLICE_X147Y367       LUT2 (Prop_G6LUT_SLICEL_I1_O)
                                                      0.097     6.601 r  SharedReg339_instance/s5_reg_gate__4/O
                         net (fo=1, routed)           0.048     6.649    SharedReg339_instance/s5_reg_gate__4_n_0
    SLICE_X147Y367       FDCE                                         r  SharedReg339_instance/Y_reg[28]/D
  -------------------------------------------------------------------    -------------------

                         (clock clk rise edge)        4.000     4.000 r  
    AV14                                              0.000     4.000 r  clk (IN)
                         net (fo=0)                   0.000     4.000    clk_IBUF_inst/I
    AV14                 INBUF (Prop_INBUF_HPIOB_M_PAD_O)
                                                      0.356     4.356 r  clk_IBUF_inst/INBUF_INST/O
                         net (fo=1, routed)           0.000     4.356    clk_IBUF_inst/OUT
    AV14                 IBUFCTRL (Prop_IBUFCTRL_HPIOB_M_I_O)
                                                      0.000     4.356 r  clk_IBUF_inst/IBUFCTRL_INST/O
                         net (fo=1, routed)           0.287     4.643    clk_IBUF
    BUFGCE_X0Y170        BUFGCE (Prop_BUFCE_BUFGCE_I_O)
                                                      0.024     4.667 r  clk_IBUF_BUFG_inst/O
    X4Y5 (CLOCK_ROOT)    net (fo=82756, routed)       2.032     6.699    SharedReg339_instance/clk_IBUF_BUFG
    SLICE_X147Y367       FDCE                                         r  SharedReg339_instance/Y_reg[28]/C
                         clock pessimism              0.376     7.075    
                         clock uncertainty           -0.035     7.040    
    SLICE_X147Y367       FDCE (Setup_GFF_SLICEL_C_D)
                                                      0.025     7.065    SharedReg339_instance/Y_reg[28]
  -------------------------------------------------------------------
                         required time                          7.065    
                         arrival time                          -6.649    
  -------------------------------------------------------------------
                         slack                                  0.416    




