Copyright 1986-2018 Xilinx, Inc. All Rights Reserved.
------------------------------------------------------------------------------------------------------------------------------------------------------------------------------------------------
| Tool Version      : Vivado v.2018.1 (lin64) Build 2188600 Wed Apr  4 18:39:19 MDT 2018
| Date              : Wed Dec  9 14:57:41 2020
| Host              : animal.digi.e-technik.uni-kassel.de running 64-bit CentOS Linux release 7.8.2003 (Core)
| Command           : report_timing -file /home/nfiege/Repositories/origami/vhdl/ratII/synth/fir_SAM/NonUniformILP/fir_SAM_NonUniformILP_365_ultrascale2_250/implementedSystem_timing_synth.rpt
| Design            : implementedSystem_toplevel
| Device            : xcvu13p-fhga2104
| Speed File        : -2  PRODUCTION 1.19 03-17-2018
| Temperature Grade : E
------------------------------------------------------------------------------------------------------------------------------------------------------------------------------------------------

Timing Report

Slack (MET) :             0.110ns  (required time - arrival time)
  Source:                 SharedReg221_instance/s6_reg_c_rep__2/C
                            (rising edge-triggered cell FDCE clocked by clk  {rise@0.000ns fall@2.000ns period=4.000ns})
  Destination:            SharedReg234_instance/Y_reg[27]/D
                            (rising edge-triggered cell FDCE clocked by clk  {rise@0.000ns fall@2.000ns period=4.000ns})
  Path Group:             clk
  Path Type:              Setup (Max at Slow Process Corner)
  Requirement:            4.000ns  (clk rise@4.000ns - clk rise@0.000ns)
  Data Path Delay:        3.709ns  (logic 0.168ns (4.530%)  route 3.541ns (95.470%))
  Logic Levels:           1  (LUT2=1)
  Clock Path Skew:        -0.171ns (DCD - SCD + CPR)
    Destination Clock Delay (DCD):    2.401ns = ( 6.401 - 4.000 ) 
    Source Clock Delay      (SCD):    2.928ns
    Clock Pessimism Removal (CPR):    0.356ns
  Clock Uncertainty:      0.035ns  ((TSJ^2 + TIJ^2)^1/2 + DJ) / 2 + PE
    Total System Jitter     (TSJ):    0.071ns
    Total Input Jitter      (TIJ):    0.000ns
    Discrete Jitter          (DJ):    0.000ns
    Phase Error              (PE):    0.000ns
  Clock Net Delay (Source):      1.977ns (routing 0.711ns, distribution 1.266ns)
  Clock Net Delay (Destination): 1.741ns (routing 0.646ns, distribution 1.095ns)

    Location             Delay type                Incr(ns)  Path(ns)    Netlist Resource(s)
  -------------------------------------------------------------------    -------------------
                         (clock clk rise edge)        0.000     0.000 r  
    AU14                                              0.000     0.000 r  clk (IN)
                         net (fo=0)                   0.000     0.000    clk_IBUF_inst/I
    AU14                 INBUF (Prop_INBUF_HPIOB_M_PAD_O)
                                                      0.600     0.600 r  clk_IBUF_inst/INBUF_INST/O
                         net (fo=1, routed)           0.000     0.600    clk_IBUF_inst/OUT
    AU14                 IBUFCTRL (Prop_IBUFCTRL_HPIOB_M_I_O)
                                                      0.000     0.600 r  clk_IBUF_inst/IBUFCTRL_INST/O
                         net (fo=1, routed)           0.323     0.923    clk_IBUF
    BUFGCE_X0Y170        BUFGCE (Prop_BUFCE_BUFGCE_I_O)
                                                      0.028     0.951 r  clk_IBUF_BUFG_inst/O
    X4Y6 (CLOCK_ROOT)    net (fo=40625, routed)       1.977     2.928    SharedReg221_instance/clk
    SLICE_X134Y347       FDCE                                         r  SharedReg221_instance/s6_reg_c_rep__2/C
  -------------------------------------------------------------------    -------------------
    SLICE_X134Y347       FDCE (Prop_FFF_SLICEL_C_Q)
                                                      0.079     3.007 r  SharedReg221_instance/s6_reg_c_rep__2/Q
                         net (fo=104, routed)         3.492     6.499    SharedReg234_instance/s6_reg_c_rep__2
    SLICE_X132Y454       LUT2 (Prop_D6LUT_SLICEL_I1_O)
                                                      0.089     6.588 r  SharedReg234_instance/s6_reg_gate__2/O
                         net (fo=1, routed)           0.049     6.637    SharedReg234_instance/s6_reg_gate__2_n_0
    SLICE_X132Y454       FDCE                                         r  SharedReg234_instance/Y_reg[27]/D
  -------------------------------------------------------------------    -------------------

                         (clock clk rise edge)        4.000     4.000 r  
    AU14                                              0.000     4.000 r  clk (IN)
                         net (fo=0)                   0.000     4.000    clk_IBUF_inst/I
    AU14                 INBUF (Prop_INBUF_HPIOB_M_PAD_O)
                                                      0.349     4.349 r  clk_IBUF_inst/INBUF_INST/O
                         net (fo=1, routed)           0.000     4.349    clk_IBUF_inst/OUT
    AU14                 IBUFCTRL (Prop_IBUFCTRL_HPIOB_M_I_O)
                                                      0.000     4.349 r  clk_IBUF_inst/IBUFCTRL_INST/O
                         net (fo=1, routed)           0.287     4.636    clk_IBUF
    BUFGCE_X0Y170        BUFGCE (Prop_BUFCE_BUFGCE_I_O)
                                                      0.024     4.660 r  clk_IBUF_BUFG_inst/O
    X4Y6 (CLOCK_ROOT)    net (fo=40625, routed)       1.741     6.401    SharedReg234_instance/clk
    SLICE_X132Y454       FDCE                                         r  SharedReg234_instance/Y_reg[27]/C
                         clock pessimism              0.356     6.757    
                         clock uncertainty           -0.035     6.722    
    SLICE_X132Y454       FDCE (Setup_DFF_SLICEL_C_D)
                                                      0.025     6.747    SharedReg234_instance/Y_reg[27]
  -------------------------------------------------------------------
                         required time                          6.747    
                         arrival time                          -6.637    
  -------------------------------------------------------------------
                         slack                                  0.110    




