Copyright 1986-2018 Xilinx, Inc. All Rights Reserved.
---------------------------------------------------------------------------------------------------------------------------------------------------------------------------------------------------
| Tool Version      : Vivado v.2018.1 (lin64) Build 2188600 Wed Apr  4 18:39:19 MDT 2018
| Date              : Thu Aug 26 02:51:13 2021
| Host              : animal.digi.e-technik.uni-kassel.de running 64-bit AlmaLinux release 8.3 (Purple Manul)
| Command           : report_timing -file /home/nfiege/Repositories/origami/vhdl/ratII/synth/iir_sos16/UniformILPNew/iir_sos16_UniformILPNew_77_ultrascale2_250/implementedSystem_timing_synth.rpt
| Design            : implementedSystem_toplevel
| Device            : xcvu13p-fhga2104
| Speed File        : -2  PRODUCTION 1.19 03-17-2018
| Temperature Grade : E
---------------------------------------------------------------------------------------------------------------------------------------------------------------------------------------------------

Timing Report

Slack (MET) :             0.396ns  (required time - arrival time)
  Source:                 ModCount641_instance/count_reg[2]_rep__5/C
                            (rising edge-triggered cell FDCE clocked by clk  {rise@0.000ns fall@2.000ns period=4.000ns})
  Destination:            Delay1No1_instance/Y_reg[7]/D
                            (rising edge-triggered cell FDCE clocked by clk  {rise@0.000ns fall@2.000ns period=4.000ns})
  Path Group:             clk
  Path Type:              Setup (Max at Slow Process Corner)
  Requirement:            4.000ns  (clk rise@4.000ns - clk rise@0.000ns)
  Data Path Delay:        3.289ns  (logic 0.357ns (10.854%)  route 2.932ns (89.146%))
  Logic Levels:           4  (LUT3=1 LUT6=2 MUXF7=1)
  Clock Path Skew:        -0.305ns (DCD - SCD + CPR)
    Destination Clock Delay (DCD):    3.066ns = ( 7.066 - 4.000 ) 
    Source Clock Delay      (SCD):    3.831ns
    Clock Pessimism Removal (CPR):    0.460ns
  Clock Uncertainty:      0.035ns  ((TSJ^2 + TIJ^2)^1/2 + DJ) / 2 + PE
    Total System Jitter     (TSJ):    0.071ns
    Total Input Jitter      (TIJ):    0.000ns
    Discrete Jitter          (DJ):    0.000ns
    Phase Error              (PE):    0.000ns
  Clock Net Delay (Source):      2.880ns (routing 1.832ns, distribution 1.048ns)
  Clock Net Delay (Destination): 2.406ns (routing 1.663ns, distribution 0.743ns)

    Location             Delay type                Incr(ns)  Path(ns)    Netlist Resource(s)
  -------------------------------------------------------------------    -------------------
                         (clock clk rise edge)        0.000     0.000 r  
    AP13                                              0.000     0.000 r  clk (IN)
                         net (fo=0)                   0.000     0.000    clk_IBUF_inst/I
    AP13                 INBUF (Prop_INBUF_HPIOB_M_PAD_O)
                                                      0.600     0.600 r  clk_IBUF_inst/INBUF_INST/O
                         net (fo=1, routed)           0.000     0.600    clk_IBUF_inst/OUT
    AP13                 IBUFCTRL (Prop_IBUFCTRL_HPIOB_M_I_O)
                                                      0.000     0.600 r  clk_IBUF_inst/IBUFCTRL_INST/O
                         net (fo=1, routed)           0.323     0.923    clk_IBUF
    BUFGCE_X0Y170        BUFGCE (Prop_BUFCE_BUFGCE_I_O)
                                                      0.028     0.951 r  clk_IBUF_BUFG_inst/O
    X3Y2 (CLOCK_ROOT)    net (fo=13862, routed)       2.880     3.831    ModCount641_instance/clk_IBUF_BUFG
    SLR Crossing[1->0]   
    SLICE_X126Y206       FDCE                                         r  ModCount641_instance/count_reg[2]_rep__5/C
  -------------------------------------------------------------------    -------------------
    SLICE_X126Y206       FDCE (Prop_EFF2_SLICEM_C_Q)
                                                      0.079     3.910 r  ModCount641_instance/count_reg[2]_rep__5/Q
                         net (fo=131, routed)         0.780     4.690    ModCount641_instance/count_reg[5]_rep_2
    SLICE_X117Y185       LUT6 (Prop_B6LUT_SLICEL_I2_O)
                                                      0.051     4.741 r  ModCount641_instance/g0_b0_rep__1/O
                         net (fo=69, routed)          0.643     5.384    MUX_Product_0_impl_1_instance/count_reg[0]_rep__10_1
    SLICE_X122Y214       LUT3 (Prop_F6LUT_SLICEM_I0_O)
                                                      0.037     5.421 r  MUX_Product_0_impl_1_instance/Y[33]_i_9/O
                         net (fo=34, routed)          1.467     6.888    MUX_Product_0_impl_1_instance/Y[33]_i_9_n_0
    SLICE_X107Y172       LUT6 (Prop_A6LUT_SLICEM_I4_O)
                                                      0.125     7.013 r  MUX_Product_0_impl_1_instance/Y[7]_i_3/O
                         net (fo=1, routed)           0.011     7.024    MUX_Product_0_impl_1_instance/Y[7]_i_3_n_0
    SLICE_X107Y172       MUXF7 (Prop_F7MUX_AB_SLICEM_I1_O)
                                                      0.065     7.089 r  MUX_Product_0_impl_1_instance/Y_reg[7]_i_1/O
                         net (fo=1, routed)           0.031     7.120    Delay1No1_instance/count_reg[0]_rep__10[7]
    SLICE_X107Y172       FDCE                                         r  Delay1No1_instance/Y_reg[7]/D
  -------------------------------------------------------------------    -------------------

                         (clock clk rise edge)        4.000     4.000 r  
    AP13                                              0.000     4.000 r  clk (IN)
                         net (fo=0)                   0.000     4.000    clk_IBUF_inst/I
    AP13                 INBUF (Prop_INBUF_HPIOB_M_PAD_O)
                                                      0.349     4.349 r  clk_IBUF_inst/INBUF_INST/O
                         net (fo=1, routed)           0.000     4.349    clk_IBUF_inst/OUT
    AP13                 IBUFCTRL (Prop_IBUFCTRL_HPIOB_M_I_O)
                                                      0.000     4.349 r  clk_IBUF_inst/IBUFCTRL_INST/O
                         net (fo=1, routed)           0.287     4.636    clk_IBUF
    BUFGCE_X0Y170        BUFGCE (Prop_BUFCE_BUFGCE_I_O)
                                                      0.024     4.660 r  clk_IBUF_BUFG_inst/O
    X3Y2 (CLOCK_ROOT)    net (fo=13862, routed)       2.406     7.066    Delay1No1_instance/clk_IBUF_BUFG
    SLR Crossing[1->0]   
    SLICE_X107Y172       FDCE                                         r  Delay1No1_instance/Y_reg[7]/C
                         clock pessimism              0.460     7.526    
                         clock uncertainty           -0.035     7.490    
    SLICE_X107Y172       FDCE (Setup_BFF_SLICEM_C_D)
                                                      0.025     7.515    Delay1No1_instance/Y_reg[7]
  -------------------------------------------------------------------
                         required time                          7.515    
                         arrival time                          -7.120    
  -------------------------------------------------------------------
                         slack                                  0.396    




