Copyright 1986-2018 Xilinx, Inc. All Rights Reserved.
---------------------------------------------------------------------------------------------------------------------------------------------------------------------------------------------------
| Tool Version      : Vivado v.2018.1 (lin64) Build 2188600 Wed Apr  4 18:39:19 MDT 2018
| Date              : Fri Apr 24 17:58:51 2020
| Host              : animal.digi.e-technik.uni-kassel.de running 64-bit CentOS Linux release 7.7.1908 (Core)
| Command           : report_timing -file /home/nfiege/Repositories/origami/vhdl/ratII/synth/iir_sos16/NonUniformILP/iir_sos16_NonUniformILP_90_ultrascale2_250/implementedSystem_timing_synth.rpt
| Design            : implementedSystem_toplevel
| Device            : xcvu13p-fhga2104
| Speed File        : -2  PRODUCTION 1.19 03-17-2018
| Temperature Grade : E
---------------------------------------------------------------------------------------------------------------------------------------------------------------------------------------------------

Timing Report

Slack (MET) :             0.397ns  (required time - arrival time)
  Source:                 ModCount641_instance/count_reg[4]_rep/C
                            (rising edge-triggered cell FDCE clocked by clk  {rise@0.000ns fall@2.000ns period=4.000ns})
  Destination:            Delay1No1_instance/Y_reg[11]/D
                            (rising edge-triggered cell FDCE clocked by clk  {rise@0.000ns fall@2.000ns period=4.000ns})
  Path Group:             clk
  Path Type:              Setup (Max at Slow Process Corner)
  Requirement:            4.000ns  (clk rise@4.000ns - clk rise@0.000ns)
  Data Path Delay:        3.374ns  (logic 0.129ns (3.823%)  route 3.245ns (96.177%))
  Logic Levels:           1  (LUT6=1)
  Clock Path Skew:        -0.219ns (DCD - SCD + CPR)
    Destination Clock Delay (DCD):    1.840ns = ( 5.840 - 4.000 ) 
    Source Clock Delay      (SCD):    2.432ns
    Clock Pessimism Removal (CPR):    0.373ns
  Clock Uncertainty:      0.035ns  ((TSJ^2 + TIJ^2)^1/2 + DJ) / 2 + PE
    Total System Jitter     (TSJ):    0.071ns
    Total Input Jitter      (TIJ):    0.000ns
    Discrete Jitter          (DJ):    0.000ns
    Phase Error              (PE):    0.000ns
  Clock Net Delay (Source):      1.481ns (routing 0.338ns, distribution 1.143ns)
  Clock Net Delay (Destination): 1.180ns (routing 0.309ns, distribution 0.871ns)

    Location             Delay type                Incr(ns)  Path(ns)    Netlist Resource(s)
  -------------------------------------------------------------------    -------------------
                         (clock clk rise edge)        0.000     0.000 r  
    AP13                                              0.000     0.000 r  clk (IN)
                         net (fo=0)                   0.000     0.000    clk_IBUF_inst/I
    AP13                 INBUF (Prop_INBUF_HPIOB_M_PAD_O)
                                                      0.600     0.600 r  clk_IBUF_inst/INBUF_INST/O
                         net (fo=1, routed)           0.000     0.600    clk_IBUF_inst/OUT
    AP13                 IBUFCTRL (Prop_IBUFCTRL_HPIOB_M_I_O)
                                                      0.000     0.600 r  clk_IBUF_inst/IBUFCTRL_INST/O
                         net (fo=1, routed)           0.323     0.923    clk_IBUF
    BUFGCE_X0Y170        BUFGCE (Prop_BUFCE_BUFGCE_I_O)
                                                      0.028     0.951 r  clk_IBUF_BUFG_inst/O
    X4Y7 (CLOCK_ROOT)    net (fo=18972, routed)       1.481     2.432    ModCount641_instance/clk_IBUF_BUFG
    SLICE_X154Y470       FDCE                                         r  ModCount641_instance/count_reg[4]_rep/C
  -------------------------------------------------------------------    -------------------
    SLICE_X154Y470       FDCE (Prop_EFF2_SLICEM_C_Q)
                                                      0.079     2.511 r  ModCount641_instance/count_reg[4]_rep/Q
                         net (fo=154, routed)         3.195     5.706    MUX_Product_0_impl_1_instance/count_reg[4]_rep
    SLICE_X117Y441       LUT6 (Prop_C6LUT_SLICEL_I4_O)
                                                      0.050     5.756 r  MUX_Product_0_impl_1_instance/Y[11]_i_1/O
                         net (fo=1, routed)           0.050     5.806    Delay1No1_instance/count_reg[5][11]
    SLICE_X117Y441       FDCE                                         r  Delay1No1_instance/Y_reg[11]/D
  -------------------------------------------------------------------    -------------------

                         (clock clk rise edge)        4.000     4.000 r  
    AP13                                              0.000     4.000 r  clk (IN)
                         net (fo=0)                   0.000     4.000    clk_IBUF_inst/I
    AP13                 INBUF (Prop_INBUF_HPIOB_M_PAD_O)
                                                      0.349     4.349 r  clk_IBUF_inst/INBUF_INST/O
                         net (fo=1, routed)           0.000     4.349    clk_IBUF_inst/OUT
    AP13                 IBUFCTRL (Prop_IBUFCTRL_HPIOB_M_I_O)
                                                      0.000     4.349 r  clk_IBUF_inst/IBUFCTRL_INST/O
                         net (fo=1, routed)           0.287     4.636    clk_IBUF
    BUFGCE_X0Y170        BUFGCE (Prop_BUFCE_BUFGCE_I_O)
                                                      0.024     4.660 r  clk_IBUF_BUFG_inst/O
    X4Y7 (CLOCK_ROOT)    net (fo=18972, routed)       1.180     5.840    Delay1No1_instance/clk_IBUF_BUFG
    SLICE_X117Y441       FDCE                                         r  Delay1No1_instance/Y_reg[11]/C
                         clock pessimism              0.373     6.213    
                         clock uncertainty           -0.035     6.177    
    SLICE_X117Y441       FDCE (Setup_CFF_SLICEL_C_D)
                                                      0.025     6.202    Delay1No1_instance/Y_reg[11]
  -------------------------------------------------------------------
                         required time                          6.202    
                         arrival time                          -5.806    
  -------------------------------------------------------------------
                         slack                                  0.397    




