Copyright 1986-2018 Xilinx, Inc. All Rights Reserved.
--------------------------------------------------------------------------------------------------------------------------------------------------------------------------------------------------------
| Tool Version     : Vivado v.2018.1 (lin64) Build 2188600 Wed Apr  4 18:39:19 MDT 2018
| Date             : Fri Apr 24 17:59:59 2020
| Host             : animal.digi.e-technik.uni-kassel.de running 64-bit CentOS Linux release 7.7.1908 (Core)
| Command          : report_power -file /home/nfiege/Repositories/origami/vhdl/ratII/synth/iir_sos16/NonUniformILP/iir_sos16_NonUniformILP_90_ultrascale2_250/implementedSystem_power_synth.rpt
| Design           : implementedSystem_toplevel
| Device           : xcvu13p-fhga2104-2-e
| Design State     : routed
| Grade            : extended
| Process          : typical
| Characterization : Production
--------------------------------------------------------------------------------------------------------------------------------------------------------------------------------------------------------

Power Report

Table of Contents
-----------------
1. Summary
1.1 On-Chip Components
1.2 Power Supply Summary
1.3 Confidence Level
2. Settings
2.1 Environment
2.2 Clock Constraints
3. Detailed Reports
3.1 By Hierarchy

1. Summary
----------

+--------------------------+--------------+
| Total On-Chip Power (W)  | 4.167        |
| Design Power Budget (W)  | Unspecified* |
| Power Budget Margin (W)  | NA           |
| Dynamic (W)              | 1.197        |
| Device Static (W)        | 2.969        |
| Effective TJA (C/W)      | 0.5          |
| Max Ambient (C)          | 97.8         |
| Junction Temperature (C) | 27.2         |
| Confidence Level         | Low          |
| Setting File             | ---          |
| Simulation Activity File | ---          |
| Design Nets Matched      | NA           |
+--------------------------+--------------+
* Specify Design Power Budget using, set_operating_conditions -design_power_budget <value in Watts>


1.1 On-Chip Components
----------------------

+-------------------------+-----------+----------+-----------+-----------------+
| On-Chip                 | Power (W) | Used     | Available | Utilization (%) |
+-------------------------+-----------+----------+-----------+-----------------+
| Clocks                  |     0.133 |        3 |       --- |             --- |
| CLB Logic               |     0.419 |    35329 |       --- |             --- |
|   LUT as Logic          |     0.334 |    10843 |   1728000 |            0.63 |
|   LUT as Shift Register |     0.051 |     3483 |    791040 |            0.44 |
|   Register              |     0.031 |    15099 |   3456000 |            0.44 |
|   CARRY8                |     0.002 |      147 |    216000 |            0.07 |
|   Others                |     0.000 |      581 |       --- |             --- |
|   F7/F8 Muxes           |     0.000 |     2693 |   1728000 |            0.16 |
| Signals                 |     0.563 |    21178 |       --- |             --- |
| DSPs                    |     0.010 |        6 |     12288 |            0.05 |
| I/O                     |     0.074 |      194 |       832 |           23.32 |
| Static Power            |     2.969 |          |           |                 |
| Total                   |     4.167 |          |           |                 |
+-------------------------+-----------+----------+-----------+-----------------+


1.2 Power Supply Summary
------------------------

+------------+-------------+-----------+-------------+------------+
| Source     | Voltage (V) | Total (A) | Dynamic (A) | Static (A) |
+------------+-------------+-----------+-------------+------------+
| Vccint     |       0.850 |     2.490 |       1.322 |      1.168 |
| Vccint_io  |       0.850 |     0.146 |       0.003 |      0.142 |
| Vccbram    |       0.850 |     0.020 |       0.000 |      0.020 |
| Vccaux     |       1.800 |     0.885 |       0.000 |      0.885 |
| Vccaux_io  |       1.800 |     0.125 |       0.021 |      0.104 |
| Vcco33     |       3.300 |     0.000 |       0.000 |      0.000 |
| Vcco25     |       2.500 |     0.000 |       0.000 |      0.000 |
| Vcco18     |       1.800 |     0.019 |       0.019 |      0.000 |
| Vcco15     |       1.500 |     0.000 |       0.000 |      0.000 |
| Vcco135    |       1.350 |     0.000 |       0.000 |      0.000 |
| Vcco12     |       1.200 |     0.000 |       0.000 |      0.000 |
| Vcco10     |       1.000 |     0.000 |       0.000 |      0.000 |
| Vccadc     |       1.800 |     0.032 |       0.000 |      0.032 |
| MGTYAVcc   |       0.900 |     0.000 |       0.000 |      0.000 |
| MGTYAVtt   |       1.200 |     0.000 |       0.000 |      0.000 |
| MGTYVccaux |       1.800 |     0.000 |       0.000 |      0.000 |
+------------+-------------+-----------+-------------+------------+


1.3 Confidence Level
--------------------

+-----------------------------+------------+--------------------------------------------------------+------------------------------------------------------------------------------------------------------------+
| User Input Data             | Confidence | Details                                                | Action                                                                                                     |
+-----------------------------+------------+--------------------------------------------------------+------------------------------------------------------------------------------------------------------------+
| Design implementation state | High       | Design is routed                                       |                                                                                                            |
| Clock nodes activity        | High       | User specified more than 95% of clocks                 |                                                                                                            |
| I/O nodes activity          | Low        | More than 75% of inputs are missing user specification | Provide missing input activity with simulation results or by editing the "By Resource Type -> I/Os" view   |
| Internal nodes activity     | Medium     | User specified less than 25% of internal nodes         | Provide missing internal nodes activity with simulation results or by editing the "By Resource Type" views |
| Device models               | High       | Device models are Production                           |                                                                                                            |
|                             |            |                                                        |                                                                                                            |
| Overall confidence level    | Low        |                                                        |                                                                                                            |
+-----------------------------+------------+--------------------------------------------------------+------------------------------------------------------------------------------------------------------------+


2. Settings
-----------

2.1 Environment
---------------

+-----------------------+--------------------------+
| Ambient Temp (C)      | 25.0                     |
| ThetaJA (C/W)         | 0.5                      |
| Airflow (LFM)         | 250                      |
| Heat Sink             | medium (Medium Profile)  |
| ThetaSA (C/W)         | 0.7                      |
| Board Selection       | medium (10"x10")         |
| # of Board Layers     | 12to15 (12 to 15 Layers) |
| Board Temperature (C) | 25.0                     |
+-----------------------+--------------------------+


2.2 Clock Constraints
---------------------

+-------+--------+-----------------+
| Clock | Domain | Constraint (ns) |
+-------+--------+-----------------+
| clk   | clk    |             4.0 |
+-------+--------+-----------------+


3. Detailed Reports
-------------------

3.1 By Hierarchy
----------------

+-----------------------------------+-----------+
| Name                              | Power (W) |
+-----------------------------------+-----------+
| implementedSystem_toplevel        |     1.197 |
|   Delay104No_instance             |    <0.001 |
|   Delay107No2_instance            |    <0.001 |
|   Delay109No_instance             |    <0.001 |
|   Delay10No11_instance            |    <0.001 |
|   Delay10No13_instance            |    <0.001 |
|   Delay10No_instance              |     0.002 |
|   Delay110No_instance             |    <0.001 |
|   Delay112No1_instance            |    <0.001 |
|   Delay114No_instance             |    <0.001 |
|   Delay115No_instance             |    <0.001 |
|   Delay121No2_instance            |    <0.001 |
|   Delay121No4_instance            |    <0.001 |
|   Delay123No_instance             |    <0.001 |
|   Delay132No_instance             |    <0.001 |
|   Delay133No_instance             |    <0.001 |
|   Delay139No_instance             |    <0.001 |
|   Delay13No10_instance            |     0.004 |
|   Delay13No8_instance             |     0.002 |
|   Delay141No_instance             |    <0.001 |
|   Delay142No_instance             |    <0.001 |
|   Delay143No_instance             |    <0.001 |
|   Delay145No_instance             |    <0.001 |
|   Delay151No_instance             |    <0.001 |
|   Delay152No_instance             |    <0.001 |
|   Delay153No_instance             |    <0.001 |
|   Delay161No_instance             |    <0.001 |
|   Delay162No_instance             |    <0.001 |
|   Delay163No1_instance            |    <0.001 |
|   Delay163No2_instance            |    <0.001 |
|   Delay163No_instance             |    <0.001 |
|   Delay167No_instance             |    <0.001 |
|   Delay172No_instance             |    <0.001 |
|   Delay173No_instance             |    <0.001 |
|   Delay19No11_instance            |    <0.001 |
|   Delay19No6_instance             |    <0.001 |
|   Delay1No10_instance             |     0.005 |
|   Delay1No11_instance             |     0.007 |
|   Delay1No12_instance             |     0.005 |
|   Delay1No13_instance             |     0.008 |
|   Delay1No14_instance             |     0.005 |
|   Delay1No15_instance             |     0.008 |
|   Delay1No16_instance             |     0.005 |
|   Delay1No170_instance            |     0.001 |
|   Delay1No17_instance             |     0.007 |
|   Delay1No18_instance             |     0.008 |
|   Delay1No19_instance             |     0.012 |
|   Delay1No1_instance              |     0.001 |
|   Delay1No20_instance             |     0.007 |
|   Delay1No21_instance             |     0.009 |
|   Delay1No22_instance             |     0.008 |
|   Delay1No23_instance             |     0.009 |
|   Delay1No242_instance            |     0.002 |
|   Delay1No26_instance             |     0.004 |
|   Delay1No27_instance             |     0.002 |
|   Delay1No29_instance             |    <0.001 |
|   Delay1No2_instance              |     0.001 |
|   Delay1No30_instance             |    <0.001 |
|   Delay1No3_instance              |     0.001 |
|   Delay1No4_instance              |     0.001 |
|   Delay1No5_instance              |     0.001 |
|   Delay1No6_instance              |     0.005 |
|   Delay1No7_instance              |     0.008 |
|   Delay1No8_instance              |     0.005 |
|   Delay1No9_instance              |     0.008 |
|   Delay1No_instance               |     0.001 |
|   Delay22No3_instance             |     0.010 |
|   Delay23No13_instance            |    <0.001 |
|   Delay32No2_instance             |     0.004 |
|   Delay34No4_instance             |     0.004 |
|   Delay34No_instance              |     0.004 |
|   Delay35No3_instance             |     0.004 |
|   Delay35No_instance              |     0.004 |
|   Delay40No_instance              |     0.002 |
|   Delay4No18_instance             |    <0.001 |
|   Delay51No_instance              |    <0.001 |
|   Delay56No_instance              |    <0.001 |
|   Delay57No_instance              |    <0.001 |
|   Delay60No2_instance             |    <0.001 |
|   Delay6No25_instance             |    <0.001 |
|   Delay77No1_instance             |    <0.001 |
|   Delay77No2_instance             |    <0.001 |
|   Delay78No_instance              |    <0.001 |
|   Delay79No_instance              |    <0.001 |
|   Delay7No15_instance             |    <0.001 |
|   Delay88No1_instance             |    <0.001 |
|   Delay89No_instance              |    <0.001 |
|   Delay8No15_instance             |    <0.001 |
|   Delay90No_instance              |    <0.001 |
|   Delay96No_instance              |    <0.001 |
|   Delay98No1_instance             |    <0.001 |
|   Delay98No_instance              |    <0.001 |
|   Delay99No1_instance             |    <0.001 |
|   Delay99No_instance              |    <0.001 |
|   Delay9No5_instance              |    <0.001 |
|   Delay9No7_instance              |    <0.001 |
|   In2_0_IBUF[0]_inst              |    <0.001 |
|   In2_0_IBUF[10]_inst             |    <0.001 |
|   In2_0_IBUF[11]_inst             |    <0.001 |
|   In2_0_IBUF[12]_inst             |    <0.001 |
|   In2_0_IBUF[13]_inst             |    <0.001 |
|   In2_0_IBUF[14]_inst             |    <0.001 |
|   In2_0_IBUF[15]_inst             |    <0.001 |
|   In2_0_IBUF[16]_inst             |    <0.001 |
|   In2_0_IBUF[17]_inst             |    <0.001 |
|   In2_0_IBUF[18]_inst             |    <0.001 |
|   In2_0_IBUF[19]_inst             |    <0.001 |
|   In2_0_IBUF[1]_inst              |    <0.001 |
|   In2_0_IBUF[20]_inst             |    <0.001 |
|   In2_0_IBUF[21]_inst             |    <0.001 |
|   In2_0_IBUF[22]_inst             |    <0.001 |
|   In2_0_IBUF[23]_inst             |    <0.001 |
|   In2_0_IBUF[24]_inst             |    <0.001 |
|   In2_0_IBUF[25]_inst             |    <0.001 |
|   In2_0_IBUF[26]_inst             |    <0.001 |
|   In2_0_IBUF[27]_inst             |    <0.001 |
|   In2_0_IBUF[28]_inst             |    <0.001 |
|   In2_0_IBUF[29]_inst             |    <0.001 |
|   In2_0_IBUF[2]_inst              |    <0.001 |
|   In2_0_IBUF[30]_inst             |    <0.001 |
|   In2_0_IBUF[31]_inst             |    <0.001 |
|   In2_0_IBUF[3]_inst              |    <0.001 |
|   In2_0_IBUF[4]_inst              |    <0.001 |
|   In2_0_IBUF[5]_inst              |    <0.001 |
|   In2_0_IBUF[6]_inst              |    <0.001 |
|   In2_0_IBUF[7]_inst              |    <0.001 |
|   In2_0_IBUF[8]_inst              |    <0.001 |
|   In2_0_IBUF[9]_inst              |    <0.001 |
|   In2_1_IBUF[0]_inst              |    <0.001 |
|   In2_1_IBUF[10]_inst             |    <0.001 |
|   In2_1_IBUF[11]_inst             |    <0.001 |
|   In2_1_IBUF[12]_inst             |    <0.001 |
|   In2_1_IBUF[13]_inst             |    <0.001 |
|   In2_1_IBUF[14]_inst             |    <0.001 |
|   In2_1_IBUF[15]_inst             |    <0.001 |
|   In2_1_IBUF[16]_inst             |    <0.001 |
|   In2_1_IBUF[17]_inst             |    <0.001 |
|   In2_1_IBUF[18]_inst             |    <0.001 |
|   In2_1_IBUF[19]_inst             |    <0.001 |
|   In2_1_IBUF[1]_inst              |    <0.001 |
|   In2_1_IBUF[20]_inst             |    <0.001 |
|   In2_1_IBUF[21]_inst             |    <0.001 |
|   In2_1_IBUF[22]_inst             |    <0.001 |
|   In2_1_IBUF[23]_inst             |    <0.001 |
|   In2_1_IBUF[24]_inst             |    <0.001 |
|   In2_1_IBUF[25]_inst             |    <0.001 |
|   In2_1_IBUF[26]_inst             |    <0.001 |
|   In2_1_IBUF[27]_inst             |    <0.001 |
|   In2_1_IBUF[28]_inst             |    <0.001 |
|   In2_1_IBUF[29]_inst             |    <0.001 |
|   In2_1_IBUF[2]_inst              |    <0.001 |
|   In2_1_IBUF[30]_inst             |    <0.001 |
|   In2_1_IBUF[31]_inst             |    <0.001 |
|   In2_1_IBUF[3]_inst              |    <0.001 |
|   In2_1_IBUF[4]_inst              |    <0.001 |
|   In2_1_IBUF[5]_inst              |    <0.001 |
|   In2_1_IBUF[6]_inst              |    <0.001 |
|   In2_1_IBUF[7]_inst              |    <0.001 |
|   In2_1_IBUF[8]_inst              |    <0.001 |
|   In2_1_IBUF[9]_inst              |    <0.001 |
|   In2_2_IBUF[0]_inst              |    <0.001 |
|   In2_2_IBUF[10]_inst             |    <0.001 |
|   In2_2_IBUF[11]_inst             |    <0.001 |
|   In2_2_IBUF[12]_inst             |    <0.001 |
|   In2_2_IBUF[13]_inst             |    <0.001 |
|   In2_2_IBUF[14]_inst             |    <0.001 |
|   In2_2_IBUF[15]_inst             |    <0.001 |
|   In2_2_IBUF[16]_inst             |    <0.001 |
|   In2_2_IBUF[17]_inst             |    <0.001 |
|   In2_2_IBUF[18]_inst             |    <0.001 |
|   In2_2_IBUF[19]_inst             |    <0.001 |
|   In2_2_IBUF[1]_inst              |    <0.001 |
|   In2_2_IBUF[20]_inst             |    <0.001 |
|   In2_2_IBUF[21]_inst             |    <0.001 |
|   In2_2_IBUF[22]_inst             |    <0.001 |
|   In2_2_IBUF[23]_inst             |    <0.001 |
|   In2_2_IBUF[24]_inst             |    <0.001 |
|   In2_2_IBUF[25]_inst             |    <0.001 |
|   In2_2_IBUF[26]_inst             |    <0.001 |
|   In2_2_IBUF[27]_inst             |    <0.001 |
|   In2_2_IBUF[28]_inst             |    <0.001 |
|   In2_2_IBUF[29]_inst             |    <0.001 |
|   In2_2_IBUF[2]_inst              |    <0.001 |
|   In2_2_IBUF[30]_inst             |    <0.001 |
|   In2_2_IBUF[31]_inst             |    <0.001 |
|   In2_2_IBUF[3]_inst              |    <0.001 |
|   In2_2_IBUF[4]_inst              |    <0.001 |
|   In2_2_IBUF[5]_inst              |    <0.001 |
|   In2_2_IBUF[6]_inst              |    <0.001 |
|   In2_2_IBUF[7]_inst              |    <0.001 |
|   In2_2_IBUF[8]_inst              |    <0.001 |
|   In2_2_IBUF[9]_inst              |    <0.001 |
|   MUX_Product1_0_impl_0_instance  |     0.012 |
|   MUX_Product1_0_impl_1_instance  |     0.024 |
|   MUX_Product_0_impl_0_instance   |     0.012 |
|   MUX_Product_0_impl_1_instance   |     0.025 |
|   MUX_Product_2_impl_0_instance   |     0.010 |
|   MUX_Product_2_impl_1_instance   |     0.025 |
|   MUX_Sum11_0_impl_0_instance     |     0.026 |
|   MUX_Sum11_0_impl_1_instance     |     0.024 |
|   MUX_Sum13_0_impl_0_LUT_instance |     0.009 |
|     instLUT                       |     0.009 |
|   MUX_Sum13_0_impl_0_instance     |     0.017 |
|   MUX_Sum13_0_impl_1_LUT_instance |     0.009 |
|     instLUT                       |     0.009 |
|   MUX_Sum13_0_impl_1_instance     |     0.018 |
|   MUX_Sum18_1_impl_0_instance     |    <0.001 |
|   MUX_Sum18_1_impl_1_instance     |    <0.001 |
|   MUX_Sum19_2_impl_0_instance     |     0.007 |
|   MUX_Sum19_2_impl_1_LUT_instance |     0.004 |
|     instLUT                       |     0.004 |
|   MUX_Sum19_2_impl_1_instance     |     0.015 |
|   MUX_Sum1_0_impl_0_instance      |     0.021 |
|   MUX_Sum1_0_impl_1_instance      |     0.032 |
|   MUX_Sum24_2_impl_0_instance     |     0.004 |
|   MUX_Sum24_2_impl_1_LUT_instance |     0.003 |
|     instLUT                       |     0.003 |
|   MUX_Sum24_2_impl_1_instance     |     0.007 |
|   ModCount641_instance            |     0.115 |
|   Product1_0_impl_instance        |     0.007 |
|     SignificandMultiplication     |     0.005 |
|   Product_0_impl_instance         |     0.007 |
|     SignificandMultiplication     |     0.005 |
|   Product_2_impl_instance         |     0.007 |
|     SignificandMultiplication     |     0.005 |
|   SharedReg100_instance           |     0.003 |
|   SharedReg101_instance           |     0.002 |
|   SharedReg102_instance           |     0.002 |
|   SharedReg103_instance           |     0.002 |
|   SharedReg104_instance           |    <0.001 |
|   SharedReg105_instance           |     0.004 |
|   SharedReg106_instance           |     0.008 |
|   SharedReg108_instance           |     0.002 |
|   SharedReg109_instance           |    <0.001 |
|   SharedReg10_instance            |     0.001 |
|   SharedReg110_instance           |     0.004 |
|   SharedReg111_instance           |     0.002 |
|   SharedReg112_instance           |     0.001 |
|   SharedReg113_instance           |     0.001 |
|   SharedReg114_instance           |     0.004 |
|   SharedReg115_instance           |     0.011 |
|   SharedReg116_instance           |     0.004 |
|   SharedReg117_instance           |     0.003 |
|   SharedReg118_instance           |     0.004 |
|   SharedReg119_instance           |     0.003 |
|   SharedReg11_instance            |     0.002 |
|   SharedReg120_instance           |    <0.001 |
|   SharedReg121_instance           |    <0.001 |
|   SharedReg122_instance           |     0.001 |
|   SharedReg123_instance           |     0.003 |
|   SharedReg124_instance           |     0.006 |
|   SharedReg126_instance           |     0.001 |
|   SharedReg127_instance           |     0.001 |
|   SharedReg128_instance           |     0.004 |
|   SharedReg129_instance           |     0.004 |
|   SharedReg12_instance            |    <0.001 |
|   SharedReg130_instance           |     0.002 |
|   SharedReg131_instance           |     0.004 |
|   SharedReg132_instance           |     0.006 |
|   SharedReg133_instance           |    <0.001 |
|   SharedReg134_instance           |     0.002 |
|   SharedReg135_instance           |     0.002 |
|   SharedReg136_instance           |     0.002 |
|   SharedReg137_instance           |     0.002 |
|   SharedReg138_instance           |     0.004 |
|   SharedReg139_instance           |     0.002 |
|   SharedReg13_instance            |    <0.001 |
|   SharedReg140_instance           |     0.004 |
|   SharedReg141_instance           |     0.001 |
|   SharedReg142_instance           |     0.005 |
|   SharedReg143_instance           |     0.002 |
|   SharedReg144_instance           |     0.002 |
|   SharedReg145_instance           |     0.001 |
|   SharedReg146_instance           |     0.004 |
|   SharedReg147_instance           |     0.002 |
|   SharedReg148_instance           |     0.002 |
|   SharedReg149_instance           |     0.005 |
|   SharedReg14_instance            |     0.001 |
|   SharedReg150_instance           |    <0.001 |
|   SharedReg151_instance           |    <0.001 |
|   SharedReg152_instance           |     0.001 |
|   SharedReg153_instance           |    <0.001 |
|   SharedReg154_instance           |    <0.001 |
|   SharedReg155_instance           |    <0.001 |
|   SharedReg156_instance           |    <0.001 |
|   SharedReg157_instance           |    <0.001 |
|   SharedReg158_instance           |     0.001 |
|   SharedReg159_instance           |    <0.001 |
|   SharedReg15_instance            |     0.002 |
|   SharedReg160_instance           |     0.001 |
|   SharedReg161_instance           |    <0.001 |
|   SharedReg162_instance           |     0.002 |
|   SharedReg163_instance           |    <0.001 |
|   SharedReg164_instance           |    <0.001 |
|   SharedReg165_instance           |    <0.001 |
|   SharedReg166_instance           |    <0.001 |
|   SharedReg167_instance           |    <0.001 |
|   SharedReg168_instance           |    <0.001 |
|   SharedReg169_instance           |    <0.001 |
|   SharedReg16_instance            |     0.006 |
|   SharedReg170_instance           |    <0.001 |
|   SharedReg171_instance           |    <0.001 |
|   SharedReg172_instance           |    <0.001 |
|   SharedReg173_instance           |    <0.001 |
|   SharedReg174_instance           |    <0.001 |
|   SharedReg175_instance           |    <0.001 |
|   SharedReg176_instance           |    <0.001 |
|   SharedReg177_instance           |    <0.001 |
|   SharedReg17_instance            |    <0.001 |
|   SharedReg184_instance           |    <0.001 |
|   SharedReg186_instance           |    <0.001 |
|   SharedReg187_instance           |    <0.001 |
|   SharedReg188_instance           |    <0.001 |
|   SharedReg189_instance           |    <0.001 |
|   SharedReg18_instance            |     0.001 |
|   SharedReg190_instance           |    <0.001 |
|   SharedReg191_instance           |    <0.001 |
|   SharedReg192_instance           |    <0.001 |
|   SharedReg193_instance           |    <0.001 |
|   SharedReg194_instance           |    <0.001 |
|   SharedReg195_instance           |    <0.001 |
|   SharedReg197_instance           |    <0.001 |
|   SharedReg198_instance           |    <0.001 |
|   SharedReg199_instance           |    <0.001 |
|   SharedReg19_instance            |     0.001 |
|   SharedReg1_instance             |    <0.001 |
|   SharedReg200_instance           |    <0.001 |
|   SharedReg201_instance           |    <0.001 |
|   SharedReg202_instance           |    <0.001 |
|   SharedReg203_instance           |    <0.001 |
|   SharedReg204_instance           |    <0.001 |
|   SharedReg205_instance           |    <0.001 |
|   SharedReg206_instance           |    <0.001 |
|   SharedReg207_instance           |    <0.001 |
|   SharedReg208_instance           |    <0.001 |
|   SharedReg209_instance           |    <0.001 |
|   SharedReg20_instance            |    <0.001 |
|   SharedReg210_instance           |    <0.001 |
|   SharedReg211_instance           |    <0.001 |
|   SharedReg212_instance           |    <0.001 |
|   SharedReg213_instance           |    <0.001 |
|   SharedReg214_instance           |    <0.001 |
|   SharedReg215_instance           |    <0.001 |
|   SharedReg216_instance           |    <0.001 |
|   SharedReg217_instance           |    <0.001 |
|   SharedReg218_instance           |    <0.001 |
|   SharedReg219_instance           |    <0.001 |
|   SharedReg21_instance            |     0.002 |
|   SharedReg220_instance           |     0.001 |
|   SharedReg221_instance           |    <0.001 |
|   SharedReg222_instance           |     0.001 |
|   SharedReg223_instance           |    <0.001 |
|   SharedReg224_instance           |    <0.001 |
|   SharedReg225_instance           |    <0.001 |
|   SharedReg226_instance           |    <0.001 |
|   SharedReg227_instance           |    <0.001 |
|   SharedReg228_instance           |    <0.001 |
|   SharedReg229_instance           |    <0.001 |
|   SharedReg22_instance            |     0.003 |
|   SharedReg230_instance           |    <0.001 |
|   SharedReg231_instance           |    <0.001 |
|   SharedReg232_instance           |    <0.001 |
|   SharedReg233_instance           |    <0.001 |
|   SharedReg234_instance           |    <0.001 |
|   SharedReg235_instance           |    <0.001 |
|   SharedReg236_instance           |    <0.001 |
|   SharedReg237_instance           |    <0.001 |
|   SharedReg238_instance           |    <0.001 |
|   SharedReg239_instance           |    <0.001 |
|   SharedReg23_instance            |     0.006 |
|   SharedReg243_instance           |    <0.001 |
|   SharedReg244_instance           |    <0.001 |
|   SharedReg245_instance           |    <0.001 |
|   SharedReg246_instance           |    <0.001 |
|   SharedReg247_instance           |    <0.001 |
|   SharedReg248_instance           |    <0.001 |
|   SharedReg24_instance            |     0.001 |
|   SharedReg250_instance           |    <0.001 |
|   SharedReg254_instance           |    <0.001 |
|   SharedReg257_instance           |    <0.001 |
|   SharedReg258_instance           |    <0.001 |
|   SharedReg259_instance           |    <0.001 |
|   SharedReg25_instance            |     0.002 |
|   SharedReg262_instance           |    <0.001 |
|   SharedReg263_instance           |    <0.001 |
|   SharedReg264_instance           |    <0.001 |
|   SharedReg266_instance           |    <0.001 |
|   SharedReg267_instance           |    <0.001 |
|   SharedReg268_instance           |    <0.001 |
|   SharedReg269_instance           |    <0.001 |
|   SharedReg26_instance            |     0.002 |
|   SharedReg270_instance           |    <0.001 |
|   SharedReg27_instance            |     0.001 |
|   SharedReg28_instance            |     0.002 |
|   SharedReg29_instance            |     0.001 |
|   SharedReg2_instance             |     0.002 |
|   SharedReg30_instance            |     0.002 |
|   SharedReg31_instance            |    <0.001 |
|   SharedReg32_instance            |     0.002 |
|   SharedReg33_instance            |    <0.001 |
|   SharedReg34_instance            |     0.002 |
|   SharedReg35_instance            |     0.002 |
|   SharedReg36_instance            |     0.002 |
|   SharedReg37_instance            |     0.001 |
|   SharedReg38_instance            |    <0.001 |
|   SharedReg39_instance            |     0.002 |
|   SharedReg3_instance             |     0.002 |
|   SharedReg40_instance            |     0.005 |
|   SharedReg41_instance            |     0.005 |
|   SharedReg42_instance            |     0.001 |
|   SharedReg43_instance            |     0.006 |
|   SharedReg44_instance            |     0.002 |
|   SharedReg45_instance            |     0.001 |
|   SharedReg46_instance            |     0.001 |
|   SharedReg47_instance            |     0.003 |
|   SharedReg49_instance            |     0.002 |
|   SharedReg4_instance             |     0.001 |
|   SharedReg50_instance            |     0.003 |
|   SharedReg52_instance            |     0.001 |
|   SharedReg53_instance            |     0.002 |
|   SharedReg54_instance            |     0.003 |
|   SharedReg55_instance            |     0.005 |
|   SharedReg56_instance            |     0.003 |
|   SharedReg57_instance            |    <0.001 |
|   SharedReg58_instance            |     0.002 |
|   SharedReg59_instance            |     0.002 |
|   SharedReg5_instance             |     0.001 |
|   SharedReg60_instance            |     0.002 |
|   SharedReg61_instance            |     0.005 |
|   SharedReg62_instance            |     0.010 |
|   SharedReg64_instance            |     0.003 |
|   SharedReg65_instance            |     0.001 |
|   SharedReg66_instance            |     0.002 |
|   SharedReg67_instance            |     0.002 |
|   SharedReg68_instance            |     0.002 |
|   SharedReg69_instance            |     0.002 |
|   SharedReg6_instance             |     0.002 |
|   SharedReg70_instance            |     0.002 |
|   SharedReg71_instance            |     0.002 |
|   SharedReg72_instance            |    <0.001 |
|   SharedReg73_instance            |    <0.001 |
|   SharedReg74_instance            |     0.002 |
|   SharedReg75_instance            |    <0.001 |
|   SharedReg76_instance            |    <0.001 |
|   SharedReg77_instance            |     0.002 |
|   SharedReg78_instance            |     0.003 |
|   SharedReg7_instance             |     0.002 |
|   SharedReg80_instance            |    <0.001 |
|   SharedReg81_instance            |     0.002 |
|   SharedReg82_instance            |     0.005 |
|   SharedReg83_instance            |     0.002 |
|   SharedReg84_instance            |     0.002 |
|   SharedReg85_instance            |     0.001 |
|   SharedReg86_instance            |    <0.001 |
|   SharedReg87_instance            |    <0.001 |
|   SharedReg88_instance            |     0.010 |
|   SharedReg8_instance             |     0.001 |
|   SharedReg90_instance            |     0.002 |
|   SharedReg91_instance            |     0.002 |
|   SharedReg92_instance            |    <0.001 |
|   SharedReg93_instance            |     0.003 |
|   SharedReg94_instance            |     0.002 |
|   SharedReg95_instance            |     0.001 |
|   SharedReg96_instance            |    <0.001 |
|   SharedReg97_instance            |     0.001 |
|   SharedReg98_instance            |     0.003 |
|   SharedReg99_instance            |     0.001 |
|   SharedReg9_instance             |     0.002 |
|   SharedReg_instance              |     0.006 |
|   Sum11_0_impl_instance           |     0.009 |
|     FPAddSubOp_instance           |     0.009 |
|       LZC_component               |     0.004 |
|       fracAdder                   |     0.001 |
|   Sum13_0_impl_instance           |     0.009 |
|     FPAddSubOp_instance           |     0.009 |
|       LZC_component               |     0.004 |
|       fracAdder                   |     0.001 |
|   Sum18_1_impl_instance           |     0.009 |
|     FPAddSubOp_instance           |     0.009 |
|       LZC_component               |     0.004 |
|       fracAdder                   |     0.001 |
|   Sum19_2_impl_instance           |     0.009 |
|     FPAddSubOp_instance           |     0.009 |
|       LZC_component               |     0.004 |
|       fracAdder                   |     0.001 |
|   Sum1_0_impl_instance            |     0.009 |
|     FPAddSubOp_instance           |     0.009 |
|       LZC_component               |     0.004 |
|       fracAdder                   |     0.001 |
|   Sum24_2_impl_instance           |     0.008 |
|     FPAddSubOp_instance           |     0.008 |
|       LZC_component               |     0.004 |
|       fracAdder                   |     0.001 |
|   Sum25_1_impl_instance           |     0.008 |
|     FPAddSubOp_instance           |     0.008 |
|       LZC_component               |     0.004 |
|       fracAdder                   |    <0.001 |
|   Sum28_1_impl_instance           |     0.009 |
|     FPAddSubOp_instance           |     0.009 |
|       LZC_component               |     0.004 |
|       fracAdder                   |     0.001 |
|   Sum33_2_impl_instance           |     0.009 |
|     FPAddSubOp_instance           |     0.009 |
|       LZC_component               |     0.004 |
|       fracAdder                   |     0.001 |
|   Sum48_1_impl_instance           |     0.008 |
|     FPAddSubOp_instance           |     0.008 |
|       LZC_component               |     0.004 |
|       fracAdder                   |     0.001 |
|   clk_IBUF_inst                   |    <0.001 |
|   rst_IBUF_inst                   |    <0.001 |
+-----------------------------------+-----------+


