Copyright 1986-2018 Xilinx, Inc. All Rights Reserved.
-----------------------------------------------------------------------------------------------------------------------------------------------------------------------------
| Tool Version      : Vivado v.2018.1 (lin64) Build 2188600 Wed Apr  4 18:39:19 MDT 2018
| Date              : Mon Apr 20 12:59:52 2020
| Host              : animal.digi.e-technik.uni-kassel.de running 64-bit CentOS Linux release 7.7.1908 (Core)
| Command           : report_timing -file /home/nfiege/Repositories/origami/vhdl/ratII/synth/intII/fir_gen/fir_gen_ED97_4_ultrascale2_250/implementedSystem_timing_synth.rpt
| Design            : implementedSystem_toplevel
| Device            : xcvu13p-fhga2104
| Speed File        : -2  PRODUCTION 1.19 03-17-2018
| Temperature Grade : E
-----------------------------------------------------------------------------------------------------------------------------------------------------------------------------

Timing Report

Slack (MET) :             0.534ns  (required time - arrival time)
  Source:                 SharedReg_instance/Y_reg[9]/C
                            (rising edge-triggered cell FDCE clocked by clk  {rise@0.000ns fall@2.000ns period=4.000ns})
  Destination:            Mult1_impl_instance/SignificandMultiplication/RR__0/DSP_OUTPUT_INST/ALU_OUT[0]
                            (rising edge-triggered cell DSP_OUTPUT clocked by clk  {rise@0.000ns fall@2.000ns period=4.000ns})
  Path Group:             clk
  Path Type:              Setup (Max at Slow Process Corner)
  Requirement:            4.000ns  (clk rise@4.000ns - clk rise@0.000ns)
  Data Path Delay:        3.390ns  (logic 2.152ns (63.481%)  route 1.238ns (36.519%))
  Logic Levels:           7  (DSP_A_B_DATA=1 DSP_ALU=2 DSP_M_DATA=1 DSP_MULTIPLIER=1 DSP_OUTPUT=1 DSP_PREADD_DATA=1)
  Clock Path Skew:        -0.056ns (DCD - SCD + CPR)
    Destination Clock Delay (DCD):    1.697ns = ( 5.697 - 4.000 ) 
    Source Clock Delay      (SCD):    2.112ns
    Clock Pessimism Removal (CPR):    0.359ns
  Clock Uncertainty:      0.035ns  ((TSJ^2 + TIJ^2)^1/2 + DJ) / 2 + PE
    Total System Jitter     (TSJ):    0.071ns
    Total Input Jitter      (TIJ):    0.000ns
    Discrete Jitter          (DJ):    0.000ns
    Phase Error              (PE):    0.000ns
  Clock Net Delay (Source):      1.161ns (routing 0.170ns, distribution 0.991ns)
  Clock Net Delay (Destination): 1.037ns (routing 0.155ns, distribution 0.882ns)

    Location             Delay type                Incr(ns)  Path(ns)    Netlist Resource(s)
  -------------------------------------------------------------------    -------------------
                         (clock clk rise edge)        0.000     0.000 r  
    AP13                                              0.000     0.000 r  clk (IN)
                         net (fo=0)                   0.000     0.000    clk_IBUF_inst/I
    AP13                 INBUF (Prop_INBUF_HPIOB_M_PAD_O)
                                                      0.600     0.600 r  clk_IBUF_inst/INBUF_INST/O
                         net (fo=1, routed)           0.000     0.600    clk_IBUF_inst/OUT
    AP13                 IBUFCTRL (Prop_IBUFCTRL_HPIOB_M_I_O)
                                                      0.000     0.600 r  clk_IBUF_inst/IBUFCTRL_INST/O
                         net (fo=1, routed)           0.323     0.923    clk_IBUF
    BUFGCE_X0Y170        BUFGCE (Prop_BUFCE_BUFGCE_I_O)
                                                      0.028     0.951 r  clk_IBUF_BUFG_inst/O
    X4Y7 (CLOCK_ROOT)    net (fo=1982, routed)        1.161     2.112    SharedReg_instance/clk_IBUF_BUFG
    SLICE_X117Y417       FDCE                                         r  SharedReg_instance/Y_reg[9]/C
  -------------------------------------------------------------------    -------------------
    SLICE_X117Y417       FDCE (Prop_FFF_SLICEL_C_Q)
                                                      0.079     2.191 f  SharedReg_instance/Y_reg[9]/Q
                         net (fo=8, routed)           1.224     3.415    Mult1_impl_instance/SignificandMultiplication/RR/A[9]
    DSP48E2_X16Y156      DSP_A_B_DATA (Prop_DSP_A_B_DATA_DSP48E2_A[9]_A2_DATA[9])
                                                      0.192     3.607 r  Mult1_impl_instance/SignificandMultiplication/RR/DSP_A_B_DATA_INST/A2_DATA[9]
                         net (fo=1, routed)           0.000     3.607    Mult1_impl_instance/SignificandMultiplication/RR/DSP_A_B_DATA.A2_DATA<9>
    DSP48E2_X16Y156      DSP_PREADD_DATA (Prop_DSP_PREADD_DATA_DSP48E2_A2_DATA[9]_A2A1[9])
                                                      0.076     3.683 r  Mult1_impl_instance/SignificandMultiplication/RR/DSP_PREADD_DATA_INST/A2A1[9]
                         net (fo=1, routed)           0.000     3.683    Mult1_impl_instance/SignificandMultiplication/RR/DSP_PREADD_DATA.A2A1<9>
    DSP48E2_X16Y156      DSP_MULTIPLIER (Prop_DSP_MULTIPLIER_DSP48E2_A2A1[9]_U[30])
                                                      0.505     4.188 f  Mult1_impl_instance/SignificandMultiplication/RR/DSP_MULTIPLIER_INST/U[30]
                         net (fo=1, routed)           0.000     4.188    Mult1_impl_instance/SignificandMultiplication/RR/DSP_MULTIPLIER.U<30>
    DSP48E2_X16Y156      DSP_M_DATA (Prop_DSP_M_DATA_DSP48E2_U[30]_U_DATA[30])
                                                      0.047     4.235 r  Mult1_impl_instance/SignificandMultiplication/RR/DSP_M_DATA_INST/U_DATA[30]
                         net (fo=1, routed)           0.000     4.235    Mult1_impl_instance/SignificandMultiplication/RR/DSP_M_DATA.U_DATA<30>
    DSP48E2_X16Y156      DSP_ALU (Prop_DSP_ALU_DSP48E2_U_DATA[30]_ALU_OUT[47])
                                                      0.585     4.820 f  Mult1_impl_instance/SignificandMultiplication/RR/DSP_ALU_INST/ALU_OUT[47]
                         net (fo=1, routed)           0.000     4.820    Mult1_impl_instance/SignificandMultiplication/RR/DSP_ALU.ALU_OUT<47>
    DSP48E2_X16Y156      DSP_OUTPUT (Prop_DSP_OUTPUT_DSP48E2_ALU_OUT[47]_PCOUT[47])
                                                      0.122     4.942 r  Mult1_impl_instance/SignificandMultiplication/RR/DSP_OUTPUT_INST/PCOUT[47]
                         net (fo=1, routed)           0.014     4.956    Mult1_impl_instance/SignificandMultiplication/RR__0/PCIN[47]
    DSP48E2_X16Y157      DSP_ALU (Prop_DSP_ALU_DSP48E2_PCIN[47]_ALU_OUT[0])
                                                      0.546     5.502 r  Mult1_impl_instance/SignificandMultiplication/RR__0/DSP_ALU_INST/ALU_OUT[0]
                         net (fo=1, routed)           0.000     5.502    Mult1_impl_instance/SignificandMultiplication/RR__0/DSP_ALU.ALU_OUT<0>
    DSP48E2_X16Y157      DSP_OUTPUT                                   r  Mult1_impl_instance/SignificandMultiplication/RR__0/DSP_OUTPUT_INST/ALU_OUT[0]
  -------------------------------------------------------------------    -------------------

                         (clock clk rise edge)        4.000     4.000 r  
    AP13                                              0.000     4.000 r  clk (IN)
                         net (fo=0)                   0.000     4.000    clk_IBUF_inst/I
    AP13                 INBUF (Prop_INBUF_HPIOB_M_PAD_O)
                                                      0.349     4.349 r  clk_IBUF_inst/INBUF_INST/O
                         net (fo=1, routed)           0.000     4.349    clk_IBUF_inst/OUT
    AP13                 IBUFCTRL (Prop_IBUFCTRL_HPIOB_M_I_O)
                                                      0.000     4.349 r  clk_IBUF_inst/IBUFCTRL_INST/O
                         net (fo=1, routed)           0.287     4.636    clk_IBUF
    BUFGCE_X0Y170        BUFGCE (Prop_BUFCE_BUFGCE_I_O)
                                                      0.024     4.660 r  clk_IBUF_BUFG_inst/O
    X4Y7 (CLOCK_ROOT)    net (fo=1982, routed)        1.037     5.697    Mult1_impl_instance/SignificandMultiplication/RR__0/CLK
    DSP48E2_X16Y157      DSP_OUTPUT                                   r  Mult1_impl_instance/SignificandMultiplication/RR__0/DSP_OUTPUT_INST/CLK
                         clock pessimism              0.359     6.056    
                         clock uncertainty           -0.035     6.021    
    DSP48E2_X16Y157      DSP_OUTPUT (Setup_DSP_OUTPUT_DSP48E2_CLK_ALU_OUT[0])
                                                      0.015     6.036    Mult1_impl_instance/SignificandMultiplication/RR__0/DSP_OUTPUT_INST
  -------------------------------------------------------------------
                         required time                          6.036    
                         arrival time                          -5.502    
  -------------------------------------------------------------------
                         slack                                  0.534    




