Copyright 1986-2018 Xilinx, Inc. All Rights Reserved.
------------------------------------------------------------------------------------------------------------------------------------------------------------------------------------------------
| Tool Version      : Vivado v.2018.1 (lin64) Build 2188600 Wed Apr  4 18:39:19 MDT 2018
| Date              : Sat Dec  5 23:12:23 2020
| Host              : animal.digi.e-technik.uni-kassel.de running 64-bit CentOS Linux release 7.8.2003 (Core)
| Command           : report_timing -file /home/nfiege/Repositories/origami/vhdl/ratII/synth/fir_SAM/NonUniformILP/fir_SAM_NonUniformILP_253_ultrascale2_250/implementedSystem_timing_synth.rpt
| Design            : implementedSystem_toplevel
| Device            : xcvu13p-fhga2104
| Speed File        : -2  PRODUCTION 1.19 03-17-2018
| Temperature Grade : E
------------------------------------------------------------------------------------------------------------------------------------------------------------------------------------------------

Timing Report

Slack (MET) :             0.335ns  (required time - arrival time)
  Source:                 SharedReg476_instance/s9_reg_c/C
                            (rising edge-triggered cell FDCE clocked by clk  {rise@0.000ns fall@2.000ns period=4.000ns})
  Destination:            SharedReg649_instance/Y_reg[26]/D
                            (rising edge-triggered cell FDCE clocked by clk  {rise@0.000ns fall@2.000ns period=4.000ns})
  Path Group:             clk
  Path Type:              Setup (Max at Slow Process Corner)
  Requirement:            4.000ns  (clk rise@4.000ns - clk rise@0.000ns)
  Data Path Delay:        3.460ns  (logic 0.228ns (6.590%)  route 3.232ns (93.410%))
  Logic Levels:           1  (LUT2=1)
  Clock Path Skew:        -0.195ns (DCD - SCD + CPR)
    Destination Clock Delay (DCD):    2.460ns = ( 6.460 - 4.000 ) 
    Source Clock Delay      (SCD):    3.031ns
    Clock Pessimism Removal (CPR):    0.376ns
  Clock Uncertainty:      0.035ns  ((TSJ^2 + TIJ^2)^1/2 + DJ) / 2 + PE
    Total System Jitter     (TSJ):    0.071ns
    Total Input Jitter      (TIJ):    0.000ns
    Discrete Jitter          (DJ):    0.000ns
    Phase Error              (PE):    0.000ns
  Clock Net Delay (Source):      2.080ns (routing 0.921ns, distribution 1.159ns)
  Clock Net Delay (Destination): 1.800ns (routing 0.836ns, distribution 0.964ns)

    Location             Delay type                Incr(ns)  Path(ns)    Netlist Resource(s)
  -------------------------------------------------------------------    -------------------
                         (clock clk rise edge)        0.000     0.000 r  
    AU14                                              0.000     0.000 r  clk (IN)
                         net (fo=0)                   0.000     0.000    clk_IBUF_inst/I
    AU14                 INBUF (Prop_INBUF_HPIOB_M_PAD_O)
                                                      0.600     0.600 r  clk_IBUF_inst/INBUF_INST/O
                         net (fo=1, routed)           0.000     0.600    clk_IBUF_inst/OUT
    AU14                 IBUFCTRL (Prop_IBUFCTRL_HPIOB_M_I_O)
                                                      0.000     0.600 r  clk_IBUF_inst/IBUFCTRL_INST/O
                         net (fo=1, routed)           0.323     0.923    clk_IBUF
    BUFGCE_X0Y170        BUFGCE (Prop_BUFCE_BUFGCE_I_O)
                                                      0.028     0.951 r  clk_IBUF_BUFG_inst/O
    X4Y5 (CLOCK_ROOT)    net (fo=60569, routed)       2.080     3.031    SharedReg476_instance/clk_IBUF_BUFG
    SLICE_X150Y358       FDCE                                         r  SharedReg476_instance/s9_reg_c/C
  -------------------------------------------------------------------    -------------------
    SLICE_X150Y358       FDCE (Prop_HFF_SLICEM_C_Q)
                                                      0.079     3.110 r  SharedReg476_instance/s9_reg_c/Q
                         net (fo=490, routed)         3.184     6.294    SharedReg649_instance/s9_reg_c
    SLICE_X134Y370       LUT2 (Prop_G6LUT_SLICEL_I1_O)
                                                      0.149     6.443 r  SharedReg649_instance/s9_reg_gate__6/O
                         net (fo=1, routed)           0.048     6.491    SharedReg649_instance/s9_reg_gate__6_n_0
    SLICE_X134Y370       FDCE                                         r  SharedReg649_instance/Y_reg[26]/D
  -------------------------------------------------------------------    -------------------

                         (clock clk rise edge)        4.000     4.000 r  
    AU14                                              0.000     4.000 r  clk (IN)
                         net (fo=0)                   0.000     4.000    clk_IBUF_inst/I
    AU14                 INBUF (Prop_INBUF_HPIOB_M_PAD_O)
                                                      0.349     4.349 r  clk_IBUF_inst/INBUF_INST/O
                         net (fo=1, routed)           0.000     4.349    clk_IBUF_inst/OUT
    AU14                 IBUFCTRL (Prop_IBUFCTRL_HPIOB_M_I_O)
                                                      0.000     4.349 r  clk_IBUF_inst/IBUFCTRL_INST/O
                         net (fo=1, routed)           0.287     4.636    clk_IBUF
    BUFGCE_X0Y170        BUFGCE (Prop_BUFCE_BUFGCE_I_O)
                                                      0.024     4.660 r  clk_IBUF_BUFG_inst/O
    X4Y5 (CLOCK_ROOT)    net (fo=60569, routed)       1.800     6.460    SharedReg649_instance/clk_IBUF_BUFG
    SLICE_X134Y370       FDCE                                         r  SharedReg649_instance/Y_reg[26]/C
                         clock pessimism              0.376     6.836    
                         clock uncertainty           -0.035     6.801    
    SLICE_X134Y370       FDCE (Setup_GFF_SLICEL_C_D)
                                                      0.025     6.826    SharedReg649_instance/Y_reg[26]
  -------------------------------------------------------------------
                         required time                          6.826    
                         arrival time                          -6.491    
  -------------------------------------------------------------------
                         slack                                  0.335    




