Copyright 1986-2018 Xilinx, Inc. All Rights Reserved.
-----------------------------------------------------------------------------------------------------------------------------------------------------------------------------------------------
| Tool Version      : Vivado v.2018.1 (lin64) Build 2188600 Wed Apr  4 18:39:19 MDT 2018
| Date              : Wed Dec  9 05:57:57 2020
| Host              : animal.digi.e-technik.uni-kassel.de running 64-bit CentOS Linux release 7.8.2003 (Core)
| Command           : report_timing -file /home/nfiege/Repositories/origami/vhdl/ratII/synth/fir_SAM/NonUniformILP/fir_SAM_NonUniformILP_39_ultrascale2_250/implementedSystem_timing_synth.rpt
| Design            : implementedSystem_toplevel
| Device            : xcvu13p-fhga2104
| Speed File        : -2  PRODUCTION 1.19 03-17-2018
| Temperature Grade : E
-----------------------------------------------------------------------------------------------------------------------------------------------------------------------------------------------

Timing Report

Slack (MET) :             0.343ns  (required time - arrival time)
  Source:                 Delay474No_instance/s25_reg_c/C
                            (rising edge-triggered cell FDCE clocked by clk  {rise@0.000ns fall@2.000ns period=4.000ns})
  Destination:            SharedReg615_instance/Y_reg[16]/D
                            (rising edge-triggered cell FDCE clocked by clk  {rise@0.000ns fall@2.000ns period=4.000ns})
  Path Group:             clk
  Path Type:              Setup (Max at Slow Process Corner)
  Requirement:            4.000ns  (clk rise@4.000ns - clk rise@0.000ns)
  Data Path Delay:        3.293ns  (logic 0.203ns (6.165%)  route 3.090ns (93.835%))
  Logic Levels:           1  (LUT2=1)
  Clock Path Skew:        -0.354ns (DCD - SCD + CPR)
    Destination Clock Delay (DCD):    2.565ns = ( 6.565 - 4.000 ) 
    Source Clock Delay      (SCD):    3.301ns
    Clock Pessimism Removal (CPR):    0.382ns
  Clock Uncertainty:      0.035ns  ((TSJ^2 + TIJ^2)^1/2 + DJ) / 2 + PE
    Total System Jitter     (TSJ):    0.071ns
    Total Input Jitter      (TIJ):    0.000ns
    Discrete Jitter          (DJ):    0.000ns
    Phase Error              (PE):    0.000ns
  Clock Net Delay (Source):      2.350ns (routing 0.955ns, distribution 1.395ns)
  Clock Net Delay (Destination): 1.905ns (routing 0.868ns, distribution 1.037ns)

    Location             Delay type                Incr(ns)  Path(ns)    Netlist Resource(s)
  -------------------------------------------------------------------    -------------------
                         (clock clk rise edge)        0.000     0.000 r  
    AP13                                              0.000     0.000 r  clk (IN)
                         net (fo=0)                   0.000     0.000    clk_IBUF_inst/I
    AP13                 INBUF (Prop_INBUF_HPIOB_M_PAD_O)
                                                      0.600     0.600 r  clk_IBUF_inst/INBUF_INST/O
                         net (fo=1, routed)           0.000     0.600    clk_IBUF_inst/OUT
    AP13                 IBUFCTRL (Prop_IBUFCTRL_HPIOB_M_I_O)
                                                      0.000     0.600 r  clk_IBUF_inst/IBUFCTRL_INST/O
                         net (fo=1, routed)           0.323     0.923    clk_IBUF
    BUFGCE_X0Y170        BUFGCE (Prop_BUFCE_BUFGCE_I_O)
                                                      0.028     0.951 r  clk_IBUF_BUFG_inst/O
    X3Y6 (CLOCK_ROOT)    net (fo=74727, routed)       2.350     3.301    Delay474No_instance/clk_IBUF_BUFG
    SLICE_X125Y288       FDCE                                         r  Delay474No_instance/s25_reg_c/C
  -------------------------------------------------------------------    -------------------
    SLICE_X125Y288       FDCE (Prop_EFF_SLICEL_C_Q)
                                                      0.079     3.380 r  Delay474No_instance/s25_reg_c/Q
                         net (fo=189, routed)         3.042     6.422    SharedReg615_instance/s25_reg_c
    SLICE_X103Y396       LUT2 (Prop_A6LUT_SLICEL_I1_O)
                                                      0.124     6.546 r  SharedReg615_instance/s25_reg_gate__16/O
                         net (fo=1, routed)           0.048     6.594    SharedReg615_instance/s25_reg_gate__16_n_0
    SLICE_X103Y396       FDCE                                         r  SharedReg615_instance/Y_reg[16]/D
  -------------------------------------------------------------------    -------------------

                         (clock clk rise edge)        4.000     4.000 r  
    AP13                                              0.000     4.000 r  clk (IN)
                         net (fo=0)                   0.000     4.000    clk_IBUF_inst/I
    AP13                 INBUF (Prop_INBUF_HPIOB_M_PAD_O)
                                                      0.349     4.349 r  clk_IBUF_inst/INBUF_INST/O
                         net (fo=1, routed)           0.000     4.349    clk_IBUF_inst/OUT
    AP13                 IBUFCTRL (Prop_IBUFCTRL_HPIOB_M_I_O)
                                                      0.000     4.349 r  clk_IBUF_inst/IBUFCTRL_INST/O
                         net (fo=1, routed)           0.287     4.636    clk_IBUF
    BUFGCE_X0Y170        BUFGCE (Prop_BUFCE_BUFGCE_I_O)
                                                      0.024     4.660 r  clk_IBUF_BUFG_inst/O
    X3Y6 (CLOCK_ROOT)    net (fo=74727, routed)       1.905     6.565    SharedReg615_instance/clk
    SLICE_X103Y396       FDCE                                         r  SharedReg615_instance/Y_reg[16]/C
                         clock pessimism              0.382     6.947    
                         clock uncertainty           -0.035     6.911    
    SLICE_X103Y396       FDCE (Setup_AFF_SLICEL_C_D)
                                                      0.025     6.936    SharedReg615_instance/Y_reg[16]
  -------------------------------------------------------------------
                         required time                          6.936    
                         arrival time                          -6.594    
  -------------------------------------------------------------------
                         slack                                  0.343    




