Copyright 1986-2018 Xilinx, Inc. All Rights Reserved.
------------------------------------------------------------------------------------------------------------------------------------------------------------------------------------------------
| Tool Version      : Vivado v.2018.1 (lin64) Build 2188600 Wed Apr  4 18:39:19 MDT 2018
| Date              : Wed Dec  9 10:16:16 2020
| Host              : animal.digi.e-technik.uni-kassel.de running 64-bit CentOS Linux release 7.8.2003 (Core)
| Command           : report_timing -file /home/nfiege/Repositories/origami/vhdl/ratII/synth/fir_SAM/NonUniformILP/fir_SAM_NonUniformILP_337_ultrascale2_250/implementedSystem_timing_synth.rpt
| Design            : implementedSystem_toplevel
| Device            : xcvu13p-fhga2104
| Speed File        : -2  PRODUCTION 1.19 03-17-2018
| Temperature Grade : E
------------------------------------------------------------------------------------------------------------------------------------------------------------------------------------------------

Timing Report

Slack (MET) :             0.277ns  (required time - arrival time)
  Source:                 SharedReg474_instance/s5_reg_c/C
                            (rising edge-triggered cell FDCE clocked by clk  {rise@0.000ns fall@2.000ns period=4.000ns})
  Destination:            SharedReg187_instance/Y_reg[0]/D
                            (rising edge-triggered cell FDCE clocked by clk  {rise@0.000ns fall@2.000ns period=4.000ns})
  Path Group:             clk
  Path Type:              Setup (Max at Slow Process Corner)
  Requirement:            4.000ns  (clk rise@4.000ns - clk rise@0.000ns)
  Data Path Delay:        3.566ns  (logic 0.126ns (3.533%)  route 3.440ns (96.467%))
  Logic Levels:           1  (LUT2=1)
  Clock Path Skew:        -0.147ns (DCD - SCD + CPR)
    Destination Clock Delay (DCD):    2.420ns = ( 6.420 - 4.000 ) 
    Source Clock Delay      (SCD):    2.943ns
    Clock Pessimism Removal (CPR):    0.376ns
  Clock Uncertainty:      0.035ns  ((TSJ^2 + TIJ^2)^1/2 + DJ) / 2 + PE
    Total System Jitter     (TSJ):    0.071ns
    Total Input Jitter      (TIJ):    0.000ns
    Discrete Jitter          (DJ):    0.000ns
    Phase Error              (PE):    0.000ns
  Clock Net Delay (Source):      1.992ns (routing 0.921ns, distribution 1.071ns)
  Clock Net Delay (Destination): 1.760ns (routing 0.836ns, distribution 0.924ns)

    Location             Delay type                Incr(ns)  Path(ns)    Netlist Resource(s)
  -------------------------------------------------------------------    -------------------
                         (clock clk rise edge)        0.000     0.000 r  
    AU14                                              0.000     0.000 r  clk (IN)
                         net (fo=0)                   0.000     0.000    clk_IBUF_inst/I
    AU14                 INBUF (Prop_INBUF_HPIOB_M_PAD_O)
                                                      0.600     0.600 r  clk_IBUF_inst/INBUF_INST/O
                         net (fo=1, routed)           0.000     0.600    clk_IBUF_inst/OUT
    AU14                 IBUFCTRL (Prop_IBUFCTRL_HPIOB_M_I_O)
                                                      0.000     0.600 r  clk_IBUF_inst/IBUFCTRL_INST/O
                         net (fo=1, routed)           0.323     0.923    clk_IBUF
    BUFGCE_X0Y170        BUFGCE (Prop_BUFCE_BUFGCE_I_O)
                                                      0.028     0.951 r  clk_IBUF_BUFG_inst/O
    X4Y5 (CLOCK_ROOT)    net (fo=63536, routed)       1.992     2.943    SharedReg474_instance/clk_IBUF_BUFG
    SLICE_X122Y441       FDCE                                         r  SharedReg474_instance/s5_reg_c/C
  -------------------------------------------------------------------    -------------------
    SLICE_X122Y441       FDCE (Prop_EFF_SLICEM_C_Q)
                                                      0.076     3.019 r  SharedReg474_instance/s5_reg_c/Q
                         net (fo=305, routed)         3.390     6.409    SharedReg187_instance/s5_reg_c
    SLICE_X140Y305       LUT2 (Prop_C6LUT_SLICEL_I1_O)
                                                      0.050     6.459 r  SharedReg187_instance/s5_reg_gate__32/O
                         net (fo=1, routed)           0.050     6.509    SharedReg187_instance/s5_reg_gate__32_n_0
    SLICE_X140Y305       FDCE                                         r  SharedReg187_instance/Y_reg[0]/D
  -------------------------------------------------------------------    -------------------

                         (clock clk rise edge)        4.000     4.000 r  
    AU14                                              0.000     4.000 r  clk (IN)
                         net (fo=0)                   0.000     4.000    clk_IBUF_inst/I
    AU14                 INBUF (Prop_INBUF_HPIOB_M_PAD_O)
                                                      0.349     4.349 r  clk_IBUF_inst/INBUF_INST/O
                         net (fo=1, routed)           0.000     4.349    clk_IBUF_inst/OUT
    AU14                 IBUFCTRL (Prop_IBUFCTRL_HPIOB_M_I_O)
                                                      0.000     4.349 r  clk_IBUF_inst/IBUFCTRL_INST/O
                         net (fo=1, routed)           0.287     4.636    clk_IBUF
    BUFGCE_X0Y170        BUFGCE (Prop_BUFCE_BUFGCE_I_O)
                                                      0.024     4.660 r  clk_IBUF_BUFG_inst/O
    X4Y5 (CLOCK_ROOT)    net (fo=63536, routed)       1.760     6.420    SharedReg187_instance/clk_IBUF_BUFG
    SLICE_X140Y305       FDCE                                         r  SharedReg187_instance/Y_reg[0]/C
                         clock pessimism              0.376     6.796    
                         clock uncertainty           -0.035     6.761    
    SLICE_X140Y305       FDCE (Setup_CFF_SLICEL_C_D)
                                                      0.025     6.786    SharedReg187_instance/Y_reg[0]
  -------------------------------------------------------------------
                         required time                          6.786    
                         arrival time                          -6.509    
  -------------------------------------------------------------------
                         slack                                  0.277    




