Copyright 1986-2018 Xilinx, Inc. All Rights Reserved.
-----------------------------------------------------------------------------------------------------------------------------------------------------------------------------------------------
| Tool Version      : Vivado v.2018.1 (lin64) Build 2188600 Wed Apr  4 18:39:19 MDT 2018
| Date              : Sun Dec  6 17:41:06 2020
| Host              : animal.digi.e-technik.uni-kassel.de running 64-bit CentOS Linux release 7.8.2003 (Core)
| Command           : report_timing -file /home/nfiege/Repositories/origami/vhdl/ratII/synth/fir_SAM/NonUniformILP/fir_SAM_NonUniformILP_54_ultrascale2_250/implementedSystem_timing_synth.rpt
| Design            : implementedSystem_toplevel
| Device            : xcvu13p-fhga2104
| Speed File        : -2  PRODUCTION 1.19 03-17-2018
| Temperature Grade : E
-----------------------------------------------------------------------------------------------------------------------------------------------------------------------------------------------

Timing Report

Slack (MET) :             0.431ns  (required time - arrival time)
  Source:                 SharedReg113_instance/s18_reg_c/C
                            (rising edge-triggered cell FDCE clocked by clk  {rise@0.000ns fall@2.000ns period=4.000ns})
  Destination:            SharedReg352_instance/Y_reg[28]/D
                            (rising edge-triggered cell FDCE clocked by clk  {rise@0.000ns fall@2.000ns period=4.000ns})
  Path Group:             clk
  Path Type:              Setup (Max at Slow Process Corner)
  Requirement:            4.000ns  (clk rise@4.000ns - clk rise@0.000ns)
  Data Path Delay:        3.321ns  (logic 0.202ns (6.083%)  route 3.119ns (93.917%))
  Logic Levels:           1  (LUT2=1)
  Clock Path Skew:        -0.238ns (DCD - SCD + CPR)
    Destination Clock Delay (DCD):    2.776ns = ( 6.776 - 4.000 ) 
    Source Clock Delay      (SCD):    3.417ns
    Clock Pessimism Removal (CPR):    0.403ns
  Clock Uncertainty:      0.035ns  ((TSJ^2 + TIJ^2)^1/2 + DJ) / 2 + PE
    Total System Jitter     (TSJ):    0.071ns
    Total Input Jitter      (TIJ):    0.000ns
    Discrete Jitter          (DJ):    0.000ns
    Phase Error              (PE):    0.000ns
  Clock Net Delay (Source):      2.466ns (routing 1.147ns, distribution 1.319ns)
  Clock Net Delay (Destination): 2.116ns (routing 1.043ns, distribution 1.073ns)

    Location             Delay type                Incr(ns)  Path(ns)    Netlist Resource(s)
  -------------------------------------------------------------------    -------------------
                         (clock clk rise edge)        0.000     0.000 r  
    AU14                                              0.000     0.000 r  clk (IN)
                         net (fo=0)                   0.000     0.000    clk_IBUF_inst/I
    AU14                 INBUF (Prop_INBUF_HPIOB_M_PAD_O)
                                                      0.600     0.600 r  clk_IBUF_inst/INBUF_INST/O
                         net (fo=1, routed)           0.000     0.600    clk_IBUF_inst/OUT
    AU14                 IBUFCTRL (Prop_IBUFCTRL_HPIOB_M_I_O)
                                                      0.000     0.600 r  clk_IBUF_inst/IBUFCTRL_INST/O
                         net (fo=1, routed)           0.323     0.923    clk_IBUF
    BUFGCE_X0Y170        BUFGCE (Prop_BUFCE_BUFGCE_I_O)
                                                      0.028     0.951 r  clk_IBUF_BUFG_inst/O
    X5Y5 (CLOCK_ROOT)    net (fo=60465, routed)       2.466     3.417    SharedReg113_instance/clk_IBUF_BUFG
    SLICE_X140Y441       FDCE                                         r  SharedReg113_instance/s18_reg_c/C
  -------------------------------------------------------------------    -------------------
    SLICE_X140Y441       FDCE (Prop_AFF_SLICEL_C_Q)
                                                      0.079     3.496 r  SharedReg113_instance/s18_reg_c/Q
                         net (fo=190, routed)         3.060     6.556    SharedReg352_instance/s18_reg_c
    SLICE_X154Y398       LUT2 (Prop_G6LUT_SLICEM_I1_O)
                                                      0.123     6.679 r  SharedReg352_instance/s18_reg_gate__4/O
                         net (fo=1, routed)           0.059     6.738    SharedReg352_instance/s18_reg_gate__4_n_0
    SLICE_X154Y398       FDCE                                         r  SharedReg352_instance/Y_reg[28]/D
  -------------------------------------------------------------------    -------------------

                         (clock clk rise edge)        4.000     4.000 r  
    AU14                                              0.000     4.000 r  clk (IN)
                         net (fo=0)                   0.000     4.000    clk_IBUF_inst/I
    AU14                 INBUF (Prop_INBUF_HPIOB_M_PAD_O)
                                                      0.349     4.349 r  clk_IBUF_inst/INBUF_INST/O
                         net (fo=1, routed)           0.000     4.349    clk_IBUF_inst/OUT
    AU14                 IBUFCTRL (Prop_IBUFCTRL_HPIOB_M_I_O)
                                                      0.000     4.349 r  clk_IBUF_inst/IBUFCTRL_INST/O
                         net (fo=1, routed)           0.287     4.636    clk_IBUF
    BUFGCE_X0Y170        BUFGCE (Prop_BUFCE_BUFGCE_I_O)
                                                      0.024     4.660 r  clk_IBUF_BUFG_inst/O
    X5Y5 (CLOCK_ROOT)    net (fo=60465, routed)       2.116     6.776    SharedReg352_instance/clk_IBUF_BUFG
    SLICE_X154Y398       FDCE                                         r  SharedReg352_instance/Y_reg[28]/C
                         clock pessimism              0.403     7.179    
                         clock uncertainty           -0.035     7.144    
    SLICE_X154Y398       FDCE (Setup_GFF_SLICEM_C_D)
                                                      0.025     7.169    SharedReg352_instance/Y_reg[28]
  -------------------------------------------------------------------
                         required time                          7.169    
                         arrival time                          -6.738    
  -------------------------------------------------------------------
                         slack                                  0.431    




