Copyright 1986-2018 Xilinx, Inc. All Rights Reserved.
------------------------------------------------------------------------------------------------------------------------------------------------------------------------------------------------
| Tool Version      : Vivado v.2018.1 (lin64) Build 2188600 Wed Apr  4 18:39:19 MDT 2018
| Date              : Wed Aug 25 18:14:25 2021
| Host              : animal.digi.e-technik.uni-kassel.de running 64-bit AlmaLinux release 8.3 (Purple Manul)
| Command           : report_timing -file /home/nfiege/Repositories/origami/vhdl/ratII/synth/splin_pf/UniformILPNew/splin_pf_UniformILPNew_9_ultrascale2_250/implementedSystem_timing_synth.rpt
| Design            : implementedSystem_toplevel
| Device            : xcvu13p-fhga2104
| Speed File        : -2  PRODUCTION 1.19 03-17-2018
| Temperature Grade : E
------------------------------------------------------------------------------------------------------------------------------------------------------------------------------------------------

Timing Report

Slack (MET) :             0.229ns  (required time - arrival time)
  Source:                 SharedReg28_instance/s8_reg_c/C
                            (rising edge-triggered cell FDCE clocked by clk  {rise@0.000ns fall@2.000ns period=4.000ns})
  Destination:            SharedReg41_instance/Y_reg[14]/D
                            (rising edge-triggered cell FDCE clocked by clk  {rise@0.000ns fall@2.000ns period=4.000ns})
  Path Group:             clk
  Path Type:              Setup (Max at Slow Process Corner)
  Requirement:            4.000ns  (clk rise@4.000ns - clk rise@0.000ns)
  Data Path Delay:        3.464ns  (logic 0.229ns (6.611%)  route 3.235ns (93.389%))
  Logic Levels:           1  (LUT2=1)
  Clock Path Skew:        -0.127ns (DCD - SCD + CPR)
    Destination Clock Delay (DCD):    2.626ns = ( 6.626 - 4.000 ) 
    Source Clock Delay      (SCD):    3.129ns
    Clock Pessimism Removal (CPR):    0.376ns
  Clock Uncertainty:      0.035ns  ((TSJ^2 + TIJ^2)^1/2 + DJ) / 2 + PE
    Total System Jitter     (TSJ):    0.071ns
    Total Input Jitter      (TIJ):    0.000ns
    Discrete Jitter          (DJ):    0.000ns
    Phase Error              (PE):    0.000ns
  Inter-SLR Compensation: 0.169ns  ((DCD - CCD) * PF)
    Destination Clock Delay (DCD):    2.626ns
    Common Clock Delay      (CCD):    1.496ns
    Prorating Factor         (PF):    0.150
  Clock Net Delay (Source):      2.178ns (routing 0.921ns, distribution 1.257ns)
  Clock Net Delay (Destination): 1.966ns (routing 0.836ns, distribution 1.130ns)

    Location             Delay type                Incr(ns)  Path(ns)    Netlist Resource(s)
  -------------------------------------------------------------------    -------------------
                         (clock clk rise edge)        0.000     0.000 r  
    AP13                                              0.000     0.000 r  clk (IN)
                         net (fo=0)                   0.000     0.000    clk_IBUF_inst/I
    AP13                 INBUF (Prop_INBUF_HPIOB_M_PAD_O)
                                                      0.600     0.600 r  clk_IBUF_inst/INBUF_INST/O
                         net (fo=1, routed)           0.000     0.600    clk_IBUF_inst/OUT
    AP13                 IBUFCTRL (Prop_IBUFCTRL_HPIOB_M_I_O)
                                                      0.000     0.600 r  clk_IBUF_inst/IBUFCTRL_INST/O
                         net (fo=1, routed)           0.323     0.923    clk_IBUF
    BUFGCE_X0Y170        BUFGCE (Prop_BUFCE_BUFGCE_I_O)
                                                      0.028     0.951 r  clk_IBUF_BUFG_inst/O
    X4Y5 (CLOCK_ROOT)    net (fo=5301, routed)        2.178     3.129    SharedReg28_instance/clk_IBUF_BUFG
    SLR Crossing[1->0]   
    SLICE_X123Y239       FDCE                                         r  SharedReg28_instance/s8_reg_c/C
  -------------------------------------------------------------------    -------------------
    SLICE_X123Y239       FDCE (Prop_EFF_SLICEL_C_Q)
                                                      0.079     3.208 r  SharedReg28_instance/s8_reg_c/Q
                         net (fo=239, routed)         3.184     6.392    SharedReg41_instance/s8_reg_c
    SLR Crossing[0->1]   
    SLICE_X127Y429       LUT2 (Prop_H6LUT_SLICEL_I1_O)
                                                      0.150     6.542 r  SharedReg41_instance/s7_reg_gate__18/O
                         net (fo=1, routed)           0.051     6.593    SharedReg41_instance/s7_reg_gate__18_n_0
    SLICE_X127Y429       FDCE                                         r  SharedReg41_instance/Y_reg[14]/D
  -------------------------------------------------------------------    -------------------

                         (clock clk rise edge)        4.000     4.000 r  
    AP13                                              0.000     4.000 r  clk (IN)
                         net (fo=0)                   0.000     4.000    clk_IBUF_inst/I
    AP13                 INBUF (Prop_INBUF_HPIOB_M_PAD_O)
                                                      0.349     4.349 r  clk_IBUF_inst/INBUF_INST/O
                         net (fo=1, routed)           0.000     4.349    clk_IBUF_inst/OUT
    AP13                 IBUFCTRL (Prop_IBUFCTRL_HPIOB_M_I_O)
                                                      0.000     4.349 r  clk_IBUF_inst/IBUFCTRL_INST/O
                         net (fo=1, routed)           0.287     4.636    clk_IBUF
    BUFGCE_X0Y170        BUFGCE (Prop_BUFCE_BUFGCE_I_O)
                                                      0.024     4.660 r  clk_IBUF_BUFG_inst/O
    X4Y5 (CLOCK_ROOT)    net (fo=5301, routed)        1.966     6.626    SharedReg41_instance/clk_IBUF_BUFG
    SLICE_X127Y429       FDCE                                         r  SharedReg41_instance/Y_reg[14]/C
                         clock pessimism              0.376     7.002    
                         inter-SLR compensation      -0.169     6.832    
                         clock uncertainty           -0.035     6.797    
    SLICE_X127Y429       FDCE (Setup_HFF_SLICEL_C_D)
                                                      0.025     6.822    SharedReg41_instance/Y_reg[14]
  -------------------------------------------------------------------
                         required time                          6.822    
                         arrival time                          -6.593    
  -------------------------------------------------------------------
                         slack                                  0.229    




