Copyright 1986-2018 Xilinx, Inc. All Rights Reserved.
-----------------------------------------------------------------------------------------------------------------------------------------------------------------------------------------------
| Tool Version      : Vivado v.2018.1 (lin64) Build 2188600 Wed Apr  4 18:39:19 MDT 2018
| Date              : Thu Dec 10 01:40:59 2020
| Host              : animal.digi.e-technik.uni-kassel.de running 64-bit CentOS Linux release 7.8.2003 (Core)
| Command           : report_timing -file /home/nfiege/Repositories/origami/vhdl/ratII/synth/fir_SAM/NonUniformILP/fir_SAM_NonUniformILP_24_ultrascale2_250/implementedSystem_timing_synth.rpt
| Design            : implementedSystem_toplevel
| Device            : xcvu13p-fhga2104
| Speed File        : -2  PRODUCTION 1.19 03-17-2018
| Temperature Grade : E
-----------------------------------------------------------------------------------------------------------------------------------------------------------------------------------------------

Timing Report

Slack (MET) :             0.383ns  (required time - arrival time)
  Source:                 Delay1No9_instance/Y_reg[20]/C
                            (rising edge-triggered cell FDCE clocked by clk  {rise@0.000ns fall@2.000ns period=4.000ns})
  Destination:            Product20_1_impl_instance/SignificandMultiplication/RR__0/DSP_OUTPUT_INST/ALU_OUT[0]
                            (rising edge-triggered cell DSP_OUTPUT clocked by clk  {rise@0.000ns fall@2.000ns period=4.000ns})
  Path Group:             clk
  Path Type:              Setup (Max at Slow Process Corner)
  Requirement:            4.000ns  (clk rise@4.000ns - clk rise@0.000ns)
  Data Path Delay:        3.559ns  (logic 2.149ns (60.382%)  route 1.410ns (39.618%))
  Logic Levels:           7  (DSP_A_B_DATA=1 DSP_ALU=2 DSP_M_DATA=1 DSP_MULTIPLIER=1 DSP_OUTPUT=1 DSP_PREADD_DATA=1)
  Clock Path Skew:        -0.038ns (DCD - SCD + CPR)
    Destination Clock Delay (DCD):    2.736ns = ( 6.736 - 4.000 ) 
    Source Clock Delay      (SCD):    3.171ns
    Clock Pessimism Removal (CPR):    0.398ns
  Clock Uncertainty:      0.035ns  ((TSJ^2 + TIJ^2)^1/2 + DJ) / 2 + PE
    Total System Jitter     (TSJ):    0.071ns
    Total Input Jitter      (TIJ):    0.000ns
    Discrete Jitter          (DJ):    0.000ns
    Phase Error              (PE):    0.000ns
  Clock Net Delay (Source):      2.234ns (routing 1.167ns, distribution 1.067ns)
  Clock Net Delay (Destination): 2.089ns (routing 1.060ns, distribution 1.029ns)

    Location             Delay type                Incr(ns)  Path(ns)    Netlist Resource(s)
  -------------------------------------------------------------------    -------------------
                         (clock clk rise edge)        0.000     0.000 r  
    AR14                                              0.000     0.000 r  clk (IN)
                         net (fo=0)                   0.000     0.000    clk_IBUF_inst/I
    AR14                 INBUF (Prop_INBUF_HPIOB_M_PAD_O)
                                                      0.586     0.586 r  clk_IBUF_inst/INBUF_INST/O
                         net (fo=1, routed)           0.000     0.586    clk_IBUF_inst/OUT
    AR14                 IBUFCTRL (Prop_IBUFCTRL_HPIOB_M_I_O)
                                                      0.000     0.586 r  clk_IBUF_inst/IBUFCTRL_INST/O
                         net (fo=1, routed)           0.323     0.909    clk_IBUF
    BUFGCE_X0Y170        BUFGCE (Prop_BUFCE_BUFGCE_I_O)
                                                      0.028     0.937 r  clk_IBUF_BUFG_inst/O
    X3Y5 (CLOCK_ROOT)    net (fo=22029, routed)       2.234     3.171    Delay1No9_instance/clk_IBUF_BUFG
    SLICE_X97Y361        FDCE                                         r  Delay1No9_instance/Y_reg[20]/C
  -------------------------------------------------------------------    -------------------
    SLICE_X97Y361        FDCE (Prop_EFF_SLICEM_C_Q)
                                                      0.076     3.247 f  Delay1No9_instance/Y_reg[20]/Q
                         net (fo=5, routed)           1.396     4.643    Product20_1_impl_instance/SignificandMultiplication/RR/A[20]
    DSP48E2_X16Y132      DSP_A_B_DATA (Prop_DSP_A_B_DATA_DSP48E2_A[20]_A2_DATA[20])
                                                      0.192     4.835 r  Product20_1_impl_instance/SignificandMultiplication/RR/DSP_A_B_DATA_INST/A2_DATA[20]
                         net (fo=1, routed)           0.000     4.835    Product20_1_impl_instance/SignificandMultiplication/RR/DSP_A_B_DATA.A2_DATA<20>
    DSP48E2_X16Y132      DSP_PREADD_DATA (Prop_DSP_PREADD_DATA_DSP48E2_A2_DATA[20]_A2A1[20])
                                                      0.076     4.911 r  Product20_1_impl_instance/SignificandMultiplication/RR/DSP_PREADD_DATA_INST/A2A1[20]
                         net (fo=1, routed)           0.000     4.911    Product20_1_impl_instance/SignificandMultiplication/RR/DSP_PREADD_DATA.A2A1<20>
    DSP48E2_X16Y132      DSP_MULTIPLIER (Prop_DSP_MULTIPLIER_DSP48E2_A2A1[20]_U[39])
                                                      0.505     5.416 f  Product20_1_impl_instance/SignificandMultiplication/RR/DSP_MULTIPLIER_INST/U[39]
                         net (fo=1, routed)           0.000     5.416    Product20_1_impl_instance/SignificandMultiplication/RR/DSP_MULTIPLIER.U<39>
    DSP48E2_X16Y132      DSP_M_DATA (Prop_DSP_M_DATA_DSP48E2_U[39]_U_DATA[39])
                                                      0.047     5.463 r  Product20_1_impl_instance/SignificandMultiplication/RR/DSP_M_DATA_INST/U_DATA[39]
                         net (fo=1, routed)           0.000     5.463    Product20_1_impl_instance/SignificandMultiplication/RR/DSP_M_DATA.U_DATA<39>
    DSP48E2_X16Y132      DSP_ALU (Prop_DSP_ALU_DSP48E2_U_DATA[39]_ALU_OUT[47])
                                                      0.585     6.048 f  Product20_1_impl_instance/SignificandMultiplication/RR/DSP_ALU_INST/ALU_OUT[47]
                         net (fo=1, routed)           0.000     6.048    Product20_1_impl_instance/SignificandMultiplication/RR/DSP_ALU.ALU_OUT<47>
    DSP48E2_X16Y132      DSP_OUTPUT (Prop_DSP_OUTPUT_DSP48E2_ALU_OUT[47]_PCOUT[47])
                                                      0.122     6.170 r  Product20_1_impl_instance/SignificandMultiplication/RR/DSP_OUTPUT_INST/PCOUT[47]
                         net (fo=1, routed)           0.014     6.184    Product20_1_impl_instance/SignificandMultiplication/RR__0/PCIN[47]
    DSP48E2_X16Y133      DSP_ALU (Prop_DSP_ALU_DSP48E2_PCIN[47]_ALU_OUT[0])
                                                      0.546     6.730 r  Product20_1_impl_instance/SignificandMultiplication/RR__0/DSP_ALU_INST/ALU_OUT[0]
                         net (fo=1, routed)           0.000     6.730    Product20_1_impl_instance/SignificandMultiplication/RR__0/DSP_ALU.ALU_OUT<0>
    DSP48E2_X16Y133      DSP_OUTPUT                                   r  Product20_1_impl_instance/SignificandMultiplication/RR__0/DSP_OUTPUT_INST/ALU_OUT[0]
  -------------------------------------------------------------------    -------------------

                         (clock clk rise edge)        4.000     4.000 r  
    AR14                                              0.000     4.000 r  clk (IN)
                         net (fo=0)                   0.000     4.000    clk_IBUF_inst/I
    AR14                 INBUF (Prop_INBUF_HPIOB_M_PAD_O)
                                                      0.336     4.336 r  clk_IBUF_inst/INBUF_INST/O
                         net (fo=1, routed)           0.000     4.336    clk_IBUF_inst/OUT
    AR14                 IBUFCTRL (Prop_IBUFCTRL_HPIOB_M_I_O)
                                                      0.000     4.336 r  clk_IBUF_inst/IBUFCTRL_INST/O
                         net (fo=1, routed)           0.287     4.623    clk_IBUF
    BUFGCE_X0Y170        BUFGCE (Prop_BUFCE_BUFGCE_I_O)
                                                      0.024     4.647 r  clk_IBUF_BUFG_inst/O
    X3Y5 (CLOCK_ROOT)    net (fo=22029, routed)       2.089     6.736    Product20_1_impl_instance/SignificandMultiplication/RR__0/CLK
    DSP48E2_X16Y133      DSP_OUTPUT                                   r  Product20_1_impl_instance/SignificandMultiplication/RR__0/DSP_OUTPUT_INST/CLK
                         clock pessimism              0.398     7.133    
                         clock uncertainty           -0.035     7.098    
    DSP48E2_X16Y133      DSP_OUTPUT (Setup_DSP_OUTPUT_DSP48E2_CLK_ALU_OUT[0])
                                                      0.015     7.113    Product20_1_impl_instance/SignificandMultiplication/RR__0/DSP_OUTPUT_INST
  -------------------------------------------------------------------
                         required time                          7.113    
                         arrival time                          -6.730    
  -------------------------------------------------------------------
                         slack                                  0.383    




