Copyright 1986-2018 Xilinx, Inc. All Rights Reserved.
-----------------------------------------------------------------------------------------------------------------------------------------------------------------------------------------------
| Tool Version      : Vivado v.2018.1 (lin64) Build 2188600 Wed Apr  4 18:39:19 MDT 2018
| Date              : Fri Apr 24 07:48:40 2020
| Host              : animal.digi.e-technik.uni-kassel.de running 64-bit CentOS Linux release 7.7.1908 (Core)
| Command           : report_timing -file /home/nfiege/Repositories/origami/vhdl/ratII/synth/fir_SHI/NonUniformILP/fir_SHI_NonUniformILP_23_ultrascale2_250/implementedSystem_timing_synth.rpt
| Design            : implementedSystem_toplevel
| Device            : xcvu13p-fhga2104
| Speed File        : -2  PRODUCTION 1.19 03-17-2018
| Temperature Grade : E
-----------------------------------------------------------------------------------------------------------------------------------------------------------------------------------------------

Timing Report

Slack (MET) :             0.619ns  (required time - arrival time)
  Source:                 SharedReg2_instance/s5_reg_c/C
                            (rising edge-triggered cell FDCE clocked by clk  {rise@0.000ns fall@2.000ns period=4.000ns})
  Destination:            SharedReg9_instance/Y_reg[16]/D
                            (rising edge-triggered cell FDCE clocked by clk  {rise@0.000ns fall@2.000ns period=4.000ns})
  Path Group:             clk
  Path Type:              Setup (Max at Slow Process Corner)
  Requirement:            4.000ns  (clk rise@4.000ns - clk rise@0.000ns)
  Data Path Delay:        3.126ns  (logic 0.175ns (5.598%)  route 2.951ns (94.402%))
  Logic Levels:           1  (LUT2=1)
  Clock Path Skew:        -0.101ns (DCD - SCD + CPR)
    Destination Clock Delay (DCD):    2.629ns = ( 6.629 - 4.000 ) 
    Source Clock Delay      (SCD):    3.125ns
    Clock Pessimism Removal (CPR):    0.396ns
  Clock Uncertainty:      0.035ns  ((TSJ^2 + TIJ^2)^1/2 + DJ) / 2 + PE
    Total System Jitter     (TSJ):    0.071ns
    Total Input Jitter      (TIJ):    0.000ns
    Discrete Jitter          (DJ):    0.000ns
    Phase Error              (PE):    0.000ns
  Inter-SLR Compensation: 0.143ns  ((DCD - CCD) * PF)
    Destination Clock Delay (DCD):    2.629ns
    Common Clock Delay      (CCD):    1.673ns
    Prorating Factor         (PF):    0.150
  Clock Net Delay (Source):      2.188ns (routing 1.131ns, distribution 1.057ns)
  Clock Net Delay (Destination): 1.982ns (routing 1.026ns, distribution 0.956ns)

    Location             Delay type                Incr(ns)  Path(ns)    Netlist Resource(s)
  -------------------------------------------------------------------    -------------------
                         (clock clk rise edge)        0.000     0.000 r  
    AR14                                              0.000     0.000 r  clk (IN)
                         net (fo=0)                   0.000     0.000    clk_IBUF_inst/I
    AR14                 INBUF (Prop_INBUF_HPIOB_M_PAD_O)
                                                      0.586     0.586 r  clk_IBUF_inst/INBUF_INST/O
                         net (fo=1, routed)           0.000     0.586    clk_IBUF_inst/OUT
    AR14                 IBUFCTRL (Prop_IBUFCTRL_HPIOB_M_I_O)
                                                      0.000     0.586 r  clk_IBUF_inst/IBUFCTRL_INST/O
                         net (fo=1, routed)           0.323     0.909    clk_IBUF
    BUFGCE_X0Y170        BUFGCE (Prop_BUFCE_BUFGCE_I_O)
                                                      0.028     0.937 r  clk_IBUF_BUFG_inst/O
    X4Y4 (CLOCK_ROOT)    net (fo=4592, routed)        2.188     3.125    SharedReg2_instance/clk_IBUF_BUFG
    SLR Crossing[1->0]   
    SLICE_X123Y238       FDCE                                         r  SharedReg2_instance/s5_reg_c/C
  -------------------------------------------------------------------    -------------------
    SLICE_X123Y238       FDCE (Prop_EFF_SLICEL_C_Q)
                                                      0.079     3.204 r  SharedReg2_instance/s5_reg_c/Q
                         net (fo=111, routed)         2.901     6.105    SharedReg9_instance/s5_reg_c
    SLR Crossing[0->1]   
    SLICE_X138Y325       LUT2 (Prop_C6LUT_SLICEL_I1_O)
                                                      0.096     6.201 r  SharedReg9_instance/s5_reg_gate__16/O
                         net (fo=1, routed)           0.050     6.251    SharedReg9_instance/s5_reg_gate__16_n_0
    SLICE_X138Y325       FDCE                                         r  SharedReg9_instance/Y_reg[16]/D
  -------------------------------------------------------------------    -------------------

                         (clock clk rise edge)        4.000     4.000 r  
    AR14                                              0.000     4.000 r  clk (IN)
                         net (fo=0)                   0.000     4.000    clk_IBUF_inst/I
    AR14                 INBUF (Prop_INBUF_HPIOB_M_PAD_O)
                                                      0.336     4.336 r  clk_IBUF_inst/INBUF_INST/O
                         net (fo=1, routed)           0.000     4.336    clk_IBUF_inst/OUT
    AR14                 IBUFCTRL (Prop_IBUFCTRL_HPIOB_M_I_O)
                                                      0.000     4.336 r  clk_IBUF_inst/IBUFCTRL_INST/O
                         net (fo=1, routed)           0.287     4.623    clk_IBUF
    BUFGCE_X0Y170        BUFGCE (Prop_BUFCE_BUFGCE_I_O)
                                                      0.024     4.647 r  clk_IBUF_BUFG_inst/O
    X4Y4 (CLOCK_ROOT)    net (fo=4592, routed)        1.982     6.629    SharedReg9_instance/clk_IBUF_BUFG
    SLICE_X138Y325       FDCE                                         r  SharedReg9_instance/Y_reg[16]/C
                         clock pessimism              0.396     7.024    
                         inter-SLR compensation      -0.143     6.881    
                         clock uncertainty           -0.035     6.846    
    SLICE_X138Y325       FDCE (Setup_CFF_SLICEL_C_D)
                                                      0.025     6.871    SharedReg9_instance/Y_reg[16]
  -------------------------------------------------------------------
                         required time                          6.871    
                         arrival time                          -6.251    
  -------------------------------------------------------------------
                         slack                                  0.619    




