Copyright 1986-2018 Xilinx, Inc. All Rights Reserved.
-----------------------------------------------------------------------------------------------------------------------------------------------------------------------------------------------
| Tool Version      : Vivado v.2018.1 (lin64) Build 2188600 Wed Apr  4 18:39:19 MDT 2018
| Date              : Sat Dec  5 15:09:21 2020
| Host              : animal.digi.e-technik.uni-kassel.de running 64-bit CentOS Linux release 7.8.2003 (Core)
| Command           : report_timing -file /home/nfiege/Repositories/origami/vhdl/ratII/synth/fir_SAM/NonUniformILP/fir_SAM_NonUniformILP_77_ultrascale2_250/implementedSystem_timing_synth.rpt
| Design            : implementedSystem_toplevel
| Device            : xcvu13p-fhga2104
| Speed File        : -2  PRODUCTION 1.19 03-17-2018
| Temperature Grade : E
-----------------------------------------------------------------------------------------------------------------------------------------------------------------------------------------------

Timing Report

Slack (MET) :             0.294ns  (required time - arrival time)
  Source:                 Delay316No2_instance/s34_reg_c/C
                            (rising edge-triggered cell FDCE clocked by clk  {rise@0.000ns fall@2.000ns period=4.000ns})
  Destination:            SharedReg614_instance/Y_reg[14]/D
                            (rising edge-triggered cell FDCE clocked by clk  {rise@0.000ns fall@2.000ns period=4.000ns})
  Path Group:             clk
  Path Type:              Setup (Max at Slow Process Corner)
  Requirement:            4.000ns  (clk rise@4.000ns - clk rise@0.000ns)
  Data Path Delay:        3.549ns  (logic 0.175ns (4.931%)  route 3.374ns (95.069%))
  Logic Levels:           1  (LUT2=1)
  Clock Path Skew:        -0.147ns (DCD - SCD + CPR)
    Destination Clock Delay (DCD):    2.805ns = ( 6.805 - 4.000 ) 
    Source Clock Delay      (SCD):    3.350ns
    Clock Pessimism Removal (CPR):    0.398ns
  Clock Uncertainty:      0.035ns  ((TSJ^2 + TIJ^2)^1/2 + DJ) / 2 + PE
    Total System Jitter     (TSJ):    0.071ns
    Total Input Jitter      (TIJ):    0.000ns
    Discrete Jitter          (DJ):    0.000ns
    Phase Error              (PE):    0.000ns
  Clock Net Delay (Source):      2.399ns (routing 1.167ns, distribution 1.232ns)
  Clock Net Delay (Destination): 2.145ns (routing 1.060ns, distribution 1.085ns)

    Location             Delay type                Incr(ns)  Path(ns)    Netlist Resource(s)
  -------------------------------------------------------------------    -------------------
                         (clock clk rise edge)        0.000     0.000 r  
    AP13                                              0.000     0.000 r  clk (IN)
                         net (fo=0)                   0.000     0.000    clk_IBUF_inst/I
    AP13                 INBUF (Prop_INBUF_HPIOB_M_PAD_O)
                                                      0.600     0.600 r  clk_IBUF_inst/INBUF_INST/O
                         net (fo=1, routed)           0.000     0.600    clk_IBUF_inst/OUT
    AP13                 IBUFCTRL (Prop_IBUFCTRL_HPIOB_M_I_O)
                                                      0.000     0.600 r  clk_IBUF_inst/IBUFCTRL_INST/O
                         net (fo=1, routed)           0.323     0.923    clk_IBUF
    BUFGCE_X0Y170        BUFGCE (Prop_BUFCE_BUFGCE_I_O)
                                                      0.028     0.951 r  clk_IBUF_BUFG_inst/O
    X3Y5 (CLOCK_ROOT)    net (fo=79989, routed)       2.399     3.350    Delay316No2_instance/clk_IBUF_BUFG
    SLICE_X104Y401       FDCE                                         r  Delay316No2_instance/s34_reg_c/C
  -------------------------------------------------------------------    -------------------
    SLICE_X104Y401       FDCE (Prop_EFF_SLICEM_C_Q)
                                                      0.076     3.426 r  Delay316No2_instance/s34_reg_c/Q
                         net (fo=113, routed)         3.325     6.751    SharedReg614_instance/s34_reg_c
    SLICE_X112Y294       LUT2 (Prop_D6LUT_SLICEL_I1_O)
                                                      0.099     6.850 r  SharedReg614_instance/s34_reg_gate__18/O
                         net (fo=1, routed)           0.049     6.899    SharedReg614_instance/s34_reg_gate__18_n_0
    SLICE_X112Y294       FDCE                                         r  SharedReg614_instance/Y_reg[14]/D
  -------------------------------------------------------------------    -------------------

                         (clock clk rise edge)        4.000     4.000 r  
    AP13                                              0.000     4.000 r  clk (IN)
                         net (fo=0)                   0.000     4.000    clk_IBUF_inst/I
    AP13                 INBUF (Prop_INBUF_HPIOB_M_PAD_O)
                                                      0.349     4.349 r  clk_IBUF_inst/INBUF_INST/O
                         net (fo=1, routed)           0.000     4.349    clk_IBUF_inst/OUT
    AP13                 IBUFCTRL (Prop_IBUFCTRL_HPIOB_M_I_O)
                                                      0.000     4.349 r  clk_IBUF_inst/IBUFCTRL_INST/O
                         net (fo=1, routed)           0.287     4.636    clk_IBUF
    BUFGCE_X0Y170        BUFGCE (Prop_BUFCE_BUFGCE_I_O)
                                                      0.024     4.660 r  clk_IBUF_BUFG_inst/O
    X3Y5 (CLOCK_ROOT)    net (fo=79989, routed)       2.145     6.805    SharedReg614_instance/clk
    SLICE_X112Y294       FDCE                                         r  SharedReg614_instance/Y_reg[14]/C
                         clock pessimism              0.398     7.203    
                         clock uncertainty           -0.035     7.167    
    SLICE_X112Y294       FDCE (Setup_DFF_SLICEL_C_D)
                                                      0.025     7.192    SharedReg614_instance/Y_reg[14]
  -------------------------------------------------------------------
                         required time                          7.192    
                         arrival time                          -6.899    
  -------------------------------------------------------------------
                         slack                                  0.294    




