Copyright 1986-2018 Xilinx, Inc. All Rights Reserved.
----------------------------------------------------------------------------------------------------------------------------------------------------------------------------------------------------------
| Tool Version     : Vivado v.2018.1 (lin64) Build 2188600 Wed Apr  4 18:39:19 MDT 2018
| Date             : Mon Nov 29 23:05:38 2021
| Host             : animal.digi.e-technik.uni-kassel.de running 64-bit AlmaLinux release 8.4 (Electric Cheetah)
| Command          : report_power -file /home/nfiege/Repositories/origami/vhdl/ratII/synth/intII/r2_FFT/r2_FFT_ED97_20_wrapper_ultrascale2_250/implementedSystem_toplevel_wrapper_power_synth.rpt
| Design           : implementedSystem_toplevel_wrapper
| Device           : xcvu13p-fhga2104-2-e
| Design State     : routed
| Grade            : extended
| Process          : typical
| Characterization : Production
----------------------------------------------------------------------------------------------------------------------------------------------------------------------------------------------------------

Power Report

Table of Contents
-----------------
1. Summary
1.1 On-Chip Components
1.2 Power Supply Summary
1.3 Confidence Level
2. Settings
2.1 Environment
2.2 Clock Constraints
3. Detailed Reports
3.1 By Hierarchy

1. Summary
----------

+--------------------------+--------------+
| Total On-Chip Power (W)  | 5.497        |
| Design Power Budget (W)  | Unspecified* |
| Power Budget Margin (W)  | NA           |
| Dynamic (W)              | 2.502        |
| Device Static (W)        | 2.995        |
| Effective TJA (C/W)      | 0.5          |
| Max Ambient (C)          | 97.0         |
| Junction Temperature (C) | 28.0         |
| Confidence Level         | Low          |
| Setting File             | ---          |
| Simulation Activity File | ---          |
| Design Nets Matched      | NA           |
+--------------------------+--------------+
* Specify Design Power Budget using, set_operating_conditions -design_power_budget <value in Watts>


1.1 On-Chip Components
----------------------

+-------------------------+-----------+----------+-----------+-----------------+
| On-Chip                 | Power (W) | Used     | Available | Utilization (%) |
+-------------------------+-----------+----------+-----------+-----------------+
| Clocks                  |     0.242 |        3 |       --- |             --- |
| CLB Logic               |     0.876 |    60673 |       --- |             --- |
|   LUT as Logic          |     0.789 |    24261 |   1728000 |            1.40 |
|   Register              |     0.066 |    27297 |   3456000 |            0.79 |
|   CARRY8                |     0.011 |      902 |    216000 |            0.42 |
|   LUT as Shift Register |     0.010 |      461 |    791040 |            0.06 |
|   Others                |     0.000 |     1017 |       --- |             --- |
|   F7/F8 Muxes           |     0.000 |      128 |   1728000 |           <0.01 |
| Signals                 |     1.224 |    49428 |       --- |             --- |
| DSPs                    |     0.112 |       78 |     12288 |            0.63 |
| I/O                     |     0.048 |      103 |       832 |           12.38 |
| Static Power            |     2.995 |          |           |                 |
| Total                   |     5.497 |          |           |                 |
+-------------------------+-----------+----------+-----------+-----------------+


1.2 Power Supply Summary
------------------------

+------------+-------------+-----------+-------------+------------+
| Source     | Voltage (V) | Total (A) | Dynamic (A) | Static (A) |
+------------+-------------+-----------+-------------+------------+
| Vccint     |       0.850 |     4.091 |       2.888 |      1.203 |
| Vccint_io  |       0.850 |     0.145 |       0.002 |      0.143 |
| Vccbram    |       0.850 |     0.021 |       0.000 |      0.021 |
| Vccaux     |       1.800 |     0.882 |       0.000 |      0.882 |
| Vccaux_io  |       1.800 |     0.114 |       0.009 |      0.104 |
| Vcco33     |       3.300 |     0.000 |       0.000 |      0.000 |
| Vcco25     |       2.500 |     0.000 |       0.000 |      0.000 |
| Vcco18     |       1.800 |     0.016 |       0.016 |      0.000 |
| Vcco15     |       1.500 |     0.000 |       0.000 |      0.000 |
| Vcco135    |       1.350 |     0.000 |       0.000 |      0.000 |
| Vcco12     |       1.200 |     0.000 |       0.000 |      0.000 |
| Vcco10     |       1.000 |     0.000 |       0.000 |      0.000 |
| Vccadc     |       1.800 |     0.032 |       0.000 |      0.032 |
| MGTYAVcc   |       0.900 |     0.000 |       0.000 |      0.000 |
| MGTYAVtt   |       1.200 |     0.000 |       0.000 |      0.000 |
| MGTYVccaux |       1.800 |     0.000 |       0.000 |      0.000 |
+------------+-------------+-----------+-------------+------------+


1.3 Confidence Level
--------------------

+-----------------------------+------------+--------------------------------------------------------+------------------------------------------------------------------------------------------------------------+
| User Input Data             | Confidence | Details                                                | Action                                                                                                     |
+-----------------------------+------------+--------------------------------------------------------+------------------------------------------------------------------------------------------------------------+
| Design implementation state | High       | Design is routed                                       |                                                                                                            |
| Clock nodes activity        | High       | User specified more than 95% of clocks                 |                                                                                                            |
| I/O nodes activity          | Low        | More than 75% of inputs are missing user specification | Provide missing input activity with simulation results or by editing the "By Resource Type -> I/Os" view   |
| Internal nodes activity     | Medium     | User specified less than 25% of internal nodes         | Provide missing internal nodes activity with simulation results or by editing the "By Resource Type" views |
| Device models               | High       | Device models are Production                           |                                                                                                            |
|                             |            |                                                        |                                                                                                            |
| Overall confidence level    | Low        |                                                        |                                                                                                            |
+-----------------------------+------------+--------------------------------------------------------+------------------------------------------------------------------------------------------------------------+


2. Settings
-----------

2.1 Environment
---------------

+-----------------------+--------------------------+
| Ambient Temp (C)      | 25.0                     |
| ThetaJA (C/W)         | 0.5                      |
| Airflow (LFM)         | 250                      |
| Heat Sink             | medium (Medium Profile)  |
| ThetaSA (C/W)         | 0.7                      |
| Board Selection       | medium (10"x10")         |
| # of Board Layers     | 12to15 (12 to 15 Layers) |
| Board Temperature (C) | 25.0                     |
+-----------------------+--------------------------+


2.2 Clock Constraints
---------------------

+-------+--------+-----------------+
| Clock | Domain | Constraint (ns) |
+-------+--------+-----------------+
| clk   | clk    |             4.0 |
+-------+--------+-----------------+


3. Detailed Reports
-------------------

3.1 By Hierarchy
----------------

+-----------------------------------------+-----------+
| Name                                    | Power (W) |
+-----------------------------------------+-----------+
| implementedSystem_toplevel_wrapper      |     2.502 |
|   DUT                                   |     2.434 |
|     Add10_impl_instance                 |     0.008 |
|       FPAddSubOp_instance               |     0.008 |
|         LZC_component                   |     0.004 |
|         fracAdder                       |     0.001 |
|     Add119_impl_instance                |     0.009 |
|       FPAddSubOp_instance               |     0.009 |
|         LZC_component                   |     0.004 |
|         fracAdder                       |     0.001 |
|     Add11_impl_instance                 |     0.008 |
|       FPAddSubOp_instance               |     0.008 |
|         LZC_component                   |     0.004 |
|         fracAdder                       |     0.001 |
|     Add124_impl_instance                |     0.009 |
|       FPAddSubOp_instance               |     0.009 |
|         LZC_component                   |     0.004 |
|         fracAdder                       |     0.001 |
|     Add126_impl_instance                |     0.009 |
|       FPAddSubOp_instance               |     0.009 |
|         LZC_component                   |     0.004 |
|         fracAdder                       |    <0.001 |
|     Add127_impl_instance                |     0.009 |
|       FPAddSubOp_instance               |     0.009 |
|         LZC_component                   |     0.004 |
|         fracAdder                       |     0.001 |
|     Add129_impl_instance                |     0.009 |
|       FPAddSubOp_instance               |     0.009 |
|         LZC_component                   |     0.004 |
|         fracAdder                       |    <0.001 |
|     Add130_impl_instance                |     0.010 |
|       FPAddSubOp_instance               |     0.010 |
|         LZC_component                   |     0.005 |
|         fracAdder                       |    <0.001 |
|     Add13_impl_instance                 |     0.010 |
|       FPAddSubOp_instance               |     0.010 |
|         LZC_component                   |     0.005 |
|         fracAdder                       |     0.002 |
|     Add18_impl_instance                 |     0.009 |
|       FPAddSubOp_instance               |     0.009 |
|         LZC_component                   |     0.004 |
|         fracAdder                       |     0.001 |
|     Add19_impl_instance                 |     0.008 |
|       FPAddSubOp_instance               |     0.008 |
|         LZC_component                   |     0.004 |
|         fracAdder                       |    <0.001 |
|     Add21_impl_instance                 |     0.008 |
|       FPAddSubOp_instance               |     0.008 |
|         LZC_component                   |     0.004 |
|         fracAdder                       |     0.001 |
|     Add25_impl_instance                 |     0.008 |
|       FPAddSubOp_instance               |     0.008 |
|         LZC_component                   |     0.004 |
|         fracAdder                       |     0.001 |
|     Add2_impl_instance                  |     0.009 |
|       FPAddSubOp_instance               |     0.009 |
|         LZC_component                   |     0.004 |
|         fracAdder                       |     0.001 |
|     Add34_impl_instance                 |     0.008 |
|       FPAddSubOp_instance               |     0.008 |
|         LZC_component                   |     0.004 |
|         fracAdder                       |     0.001 |
|     Add38_impl_instance                 |     0.008 |
|       FPAddSubOp_instance               |     0.008 |
|         LZC_component                   |     0.004 |
|         fracAdder                       |    <0.001 |
|     Add40_impl_instance                 |     0.009 |
|       FPAddSubOp_instance               |     0.009 |
|         LZC_component                   |     0.004 |
|         fracAdder                       |     0.001 |
|     Add4_impl_instance                  |     0.009 |
|       FPAddSubOp_instance               |     0.009 |
|         LZC_component                   |     0.004 |
|         fracAdder                       |     0.001 |
|     Add55_impl_instance                 |     0.009 |
|       FPAddSubOp_instance               |     0.009 |
|         LZC_component                   |     0.004 |
|         fracAdder                       |     0.001 |
|     Add67_impl_instance                 |     0.008 |
|       FPAddSubOp_instance               |     0.008 |
|         LZC_component                   |     0.004 |
|         fracAdder                       |     0.001 |
|     Add79_impl_instance                 |     0.008 |
|       FPAddSubOp_instance               |     0.008 |
|         LZC_component                   |     0.004 |
|         fracAdder                       |     0.001 |
|     Add84_impl_instance                 |     0.008 |
|       FPAddSubOp_instance               |     0.008 |
|         LZC_component                   |     0.004 |
|         fracAdder                       |     0.001 |
|     Add9_impl_instance                  |     0.009 |
|       FPAddSubOp_instance               |     0.009 |
|         LZC_component                   |     0.004 |
|         fracAdder                       |     0.001 |
|     Delay1No100_instance                |     0.005 |
|     Delay1No101_instance                |     0.007 |
|     Delay1No102_instance                |    <0.001 |
|     Delay1No103_instance                |    <0.001 |
|     Delay1No104_instance                |    <0.001 |
|     Delay1No105_instance                |    <0.001 |
|     Delay1No106_instance                |    <0.001 |
|     Delay1No107_instance                |    <0.001 |
|     Delay1No108_instance                |     0.001 |
|     Delay1No109_instance                |    <0.001 |
|     Delay1No110_instance                |     0.005 |
|     Delay1No111_instance                |     0.007 |
|     Delay1No112_instance                |     0.005 |
|     Delay1No113_instance                |     0.007 |
|     Delay1No114_instance                |     0.005 |
|     Delay1No115_instance                |     0.008 |
|     Delay1No116_instance                |    <0.001 |
|     Delay1No117_instance                |    <0.001 |
|     Delay1No118_instance                |     0.005 |
|     Delay1No119_instance                |     0.008 |
|     Delay1No120_instance                |    <0.001 |
|     Delay1No121_instance                |     0.001 |
|     Delay1No122_instance                |    <0.001 |
|     Delay1No123_instance                |    <0.001 |
|     Delay1No124_instance                |    <0.001 |
|     Delay1No125_instance                |     0.001 |
|     Delay1No126_instance                |    <0.001 |
|     Delay1No127_instance                |    <0.001 |
|     Delay1No128_instance                |    <0.001 |
|     Delay1No129_instance                |    <0.001 |
|     Delay1No12_instance                 |     0.003 |
|     Delay1No130_instance                |    <0.001 |
|     Delay1No131_instance                |    <0.001 |
|     Delay1No132_instance                |     0.006 |
|     Delay1No133_instance                |     0.007 |
|     Delay1No134_instance                |     0.005 |
|     Delay1No135_instance                |     0.008 |
|     Delay1No136_instance                |    <0.001 |
|     Delay1No137_instance                |     0.001 |
|     Delay1No138_instance                |    <0.001 |
|     Delay1No139_instance                |    <0.001 |
|     Delay1No13_instance                 |     0.002 |
|     Delay1No140_instance                |    <0.001 |
|     Delay1No141_instance                |     0.001 |
|     Delay1No142_instance                |     0.001 |
|     Delay1No143_instance                |    <0.001 |
|     Delay1No144_instance                |     0.005 |
|     Delay1No145_instance                |     0.007 |
|     Delay1No146_instance                |     0.005 |
|     Delay1No147_instance                |     0.008 |
|     Delay1No148_instance                |    <0.001 |
|     Delay1No149_instance                |    <0.001 |
|     Delay1No14_instance                 |    <0.001 |
|     Delay1No150_instance                |    <0.001 |
|     Delay1No151_instance                |    <0.001 |
|     Delay1No153_instance                |    <0.001 |
|     Delay1No154_instance                |    <0.001 |
|     Delay1No155_instance                |    <0.001 |
|     Delay1No156_instance                |    <0.001 |
|     Delay1No157_instance                |     0.001 |
|     Delay1No158_instance                |    <0.001 |
|     Delay1No159_instance                |     0.001 |
|     Delay1No15_instance                 |     0.001 |
|     Delay1No160_instance                |    <0.001 |
|     Delay1No161_instance                |    <0.001 |
|     Delay1No162_instance                |    <0.001 |
|     Delay1No163_instance                |     0.001 |
|     Delay1No164_instance                |    <0.001 |
|     Delay1No165_instance                |     0.001 |
|     Delay1No166_instance                |    <0.001 |
|     Delay1No167_instance                |    <0.001 |
|     Delay1No168_instance                |     0.005 |
|     Delay1No169_instance                |     0.007 |
|     Delay1No16_instance                 |     0.002 |
|     Delay1No170_instance                |    <0.001 |
|     Delay1No171_instance                |    <0.001 |
|     Delay1No172_instance                |    <0.001 |
|     Delay1No173_instance                |    <0.001 |
|     Delay1No174_instance                |     0.005 |
|     Delay1No175_instance                |     0.007 |
|     Delay1No176_instance                |     0.005 |
|     Delay1No177_instance                |     0.007 |
|     Delay1No178_instance                |     0.005 |
|     Delay1No179_instance                |     0.008 |
|     Delay1No17_instance                 |    <0.001 |
|     Delay1No180_instance                |     0.005 |
|     Delay1No181_instance                |     0.007 |
|     Delay1No182_instance                |     0.005 |
|     Delay1No183_instance                |     0.007 |
|     Delay1No184_instance                |     0.005 |
|     Delay1No185_instance                |     0.008 |
|     Delay1No186_instance                |     0.005 |
|     Delay1No187_instance                |     0.007 |
|     Delay1No188_instance                |     0.005 |
|     Delay1No189_instance                |     0.007 |
|     Delay1No18_instance                 |    <0.001 |
|     Delay1No190_instance                |     0.006 |
|     Delay1No191_instance                |     0.007 |
|     Delay1No192_instance                |     0.005 |
|     Delay1No193_instance                |     0.008 |
|     Delay1No194_instance                |     0.005 |
|     Delay1No195_instance                |     0.008 |
|     Delay1No196_instance                |     0.005 |
|     Delay1No197_instance                |     0.007 |
|     Delay1No198_instance                |     0.005 |
|     Delay1No199_instance                |     0.007 |
|     Delay1No19_instance                 |     0.001 |
|     Delay1No1_instance                  |     0.002 |
|     Delay1No200_instance                |     0.005 |
|     Delay1No201_instance                |     0.007 |
|     Delay1No21_instance                 |     0.002 |
|     Delay1No22_instance                 |    <0.001 |
|     Delay1No23_instance                 |     0.003 |
|     Delay1No24_instance                 |    <0.001 |
|     Delay1No25_instance                 |     0.002 |
|     Delay1No26_instance                 |     0.002 |
|     Delay1No27_instance                 |     0.004 |
|     Delay1No28_instance                 |     0.002 |
|     Delay1No29_instance                 |     0.005 |
|     Delay1No2_instance                  |     0.003 |
|     Delay1No30_instance                 |     0.002 |
|     Delay1No31_instance                 |     0.002 |
|     Delay1No32_instance                 |     0.005 |
|     Delay1No33_instance                 |     0.008 |
|     Delay1No34_instance                 |     0.005 |
|     Delay1No35_instance                 |     0.006 |
|     Delay1No36_instance                 |     0.005 |
|     Delay1No37_instance                 |     0.007 |
|     Delay1No38_instance                 |     0.006 |
|     Delay1No39_instance                 |     0.007 |
|     Delay1No40_instance                 |     0.005 |
|     Delay1No41_instance                 |     0.007 |
|     Delay1No42_instance                 |     0.005 |
|     Delay1No43_instance                 |     0.007 |
|     Delay1No44_instance                 |     0.005 |
|     Delay1No45_instance                 |     0.007 |
|     Delay1No46_instance                 |     0.005 |
|     Delay1No47_instance                 |     0.008 |
|     Delay1No48_instance                 |     0.005 |
|     Delay1No49_instance                 |     0.007 |
|     Delay1No4_instance                  |     0.002 |
|     Delay1No50_instance                 |     0.005 |
|     Delay1No51_instance                 |     0.008 |
|     Delay1No52_instance                 |     0.006 |
|     Delay1No53_instance                 |     0.008 |
|     Delay1No54_instance                 |     0.005 |
|     Delay1No55_instance                 |     0.007 |
|     Delay1No56_instance                 |     0.005 |
|     Delay1No57_instance                 |     0.008 |
|     Delay1No58_instance                 |     0.006 |
|     Delay1No59_instance                 |     0.008 |
|     Delay1No5_instance                  |    <0.001 |
|     Delay1No60_instance                 |     0.005 |
|     Delay1No61_instance                 |     0.007 |
|     Delay1No62_instance                 |     0.006 |
|     Delay1No63_instance                 |     0.009 |
|     Delay1No64_instance                 |     0.006 |
|     Delay1No65_instance                 |     0.008 |
|     Delay1No66_instance                 |     0.005 |
|     Delay1No67_instance                 |     0.008 |
|     Delay1No68_instance                 |     0.005 |
|     Delay1No69_instance                 |     0.008 |
|     Delay1No6_instance                  |     0.001 |
|     Delay1No70_instance                 |    <0.001 |
|     Delay1No71_instance                 |    <0.001 |
|     Delay1No72_instance                 |    <0.001 |
|     Delay1No73_instance                 |    <0.001 |
|     Delay1No74_instance                 |    <0.001 |
|     Delay1No75_instance                 |    <0.001 |
|     Delay1No76_instance                 |    <0.001 |
|     Delay1No77_instance                 |    <0.001 |
|     Delay1No78_instance                 |     0.005 |
|     Delay1No79_instance                 |     0.008 |
|     Delay1No7_instance                  |    <0.001 |
|     Delay1No80_instance                 |    <0.001 |
|     Delay1No81_instance                 |    <0.001 |
|     Delay1No82_instance                 |     0.005 |
|     Delay1No83_instance                 |     0.008 |
|     Delay1No84_instance                 |    <0.001 |
|     Delay1No85_instance                 |     0.001 |
|     Delay1No86_instance                 |    <0.001 |
|     Delay1No87_instance                 |    <0.001 |
|     Delay1No88_instance                 |    <0.001 |
|     Delay1No89_instance                 |    <0.001 |
|     Delay1No8_instance                  |     0.004 |
|     Delay1No90_instance                 |     0.005 |
|     Delay1No91_instance                 |     0.008 |
|     Delay1No92_instance                 |    <0.001 |
|     Delay1No93_instance                 |    <0.001 |
|     Delay1No94_instance                 |    <0.001 |
|     Delay1No95_instance                 |     0.001 |
|     Delay1No96_instance                 |    <0.001 |
|     Delay1No97_instance                 |    <0.001 |
|     Delay1No98_instance                 |    <0.001 |
|     Delay1No99_instance                 |    <0.001 |
|     Delay1No9_instance                  |    <0.001 |
|     Delay1No_instance                   |     0.002 |
|     Delay21No_instance                  |    <0.001 |
|     Delay22No5_instance                 |    <0.001 |
|     Delay24No11_instance                |    <0.001 |
|     Delay24No_instance                  |    <0.001 |
|     Delay2No30_instance                 |    <0.001 |
|     Delay2No33_instance                 |    <0.001 |
|     Delay2No34_instance                 |    <0.001 |
|     Delay2No37_instance                 |    <0.001 |
|     Delay2No38_instance                 |    <0.001 |
|     Delay2No39_instance                 |    <0.001 |
|     Delay2No40_instance                 |    <0.001 |
|     Delay2No43_instance                 |    <0.001 |
|     Delay2No44_instance                 |    <0.001 |
|     Delay2No46_instance                 |    <0.001 |
|     Delay2No49_instance                 |    <0.001 |
|     Delay2No_instance                   |    <0.001 |
|     Delay35No11_instance                |    <0.001 |
|     Delay35No8_instance                 |    <0.001 |
|     Delay38No_instance                  |    <0.001 |
|     Delay3No10_instance                 |     0.001 |
|     Delay3No11_instance                 |     0.001 |
|     Delay3No12_instance                 |    <0.001 |
|     Delay3No13_instance                 |     0.002 |
|     Delay3No14_instance                 |     0.002 |
|     Delay3No15_instance                 |     0.002 |
|     Delay3No16_instance                 |     0.001 |
|     Delay3No17_instance                 |     0.001 |
|     Delay3No18_instance                 |     0.001 |
|     Delay3No1_instance                  |    <0.001 |
|     Delay3No25_instance                 |    <0.001 |
|     Delay3No2_instance                  |    <0.001 |
|     Delay3No30_instance                 |     0.001 |
|     Delay3No33_instance                 |    <0.001 |
|     Delay3No34_instance                 |    <0.001 |
|     Delay3No35_instance                 |     0.001 |
|     Delay3No3_instance                  |    <0.001 |
|     Delay3No4_instance                  |    <0.001 |
|     Delay3No5_instance                  |     0.001 |
|     Delay3No8_instance                  |    <0.001 |
|     Delay3No9_instance                  |     0.002 |
|     Delay3No_instance                   |    <0.001 |
|     Delay4No13_instance                 |     0.001 |
|     Delay4No1_instance                  |     0.001 |
|     Delay4No26_instance                 |     0.002 |
|     Delay4No2_instance                  |     0.001 |
|     Delay4No3_instance                  |     0.001 |
|     Delay4No4_instance                  |     0.001 |
|     Delay4No5_instance                  |     0.001 |
|     Delay4No6_instance                  |     0.002 |
|     Delay4No7_instance                  |     0.003 |
|     Delay4No8_instance                  |     0.001 |
|     Delay4No_instance                   |     0.001 |
|     Delay5No2_instance                  |     0.002 |
|     Delay9No4_instance                  |    <0.001 |
|     Delay9No5_instance                  |    <0.001 |
|     Delay9No7_instance                  |    <0.001 |
|     MUX_Add10_impl_0_instance           |     0.007 |
|     MUX_Add10_impl_1_instance           |     0.005 |
|     MUX_Add119_impl_0_instance          |     0.005 |
|     MUX_Add119_impl_1_instance          |     0.003 |
|     MUX_Add11_impl_0_instance           |     0.003 |
|     MUX_Add11_impl_1_instance           |     0.004 |
|     MUX_Add124_impl_0_instance          |     0.003 |
|     MUX_Add126_impl_0_instance          |     0.004 |
|     MUX_Add126_impl_1_instance          |     0.005 |
|     MUX_Add127_impl_0_instance          |     0.003 |
|     MUX_Add127_impl_1_instance          |     0.003 |
|     MUX_Add130_impl_0_instance          |     0.004 |
|     MUX_Add130_impl_1_instance          |     0.003 |
|     MUX_Add13_impl_0_instance           |     0.005 |
|     MUX_Add13_impl_1_instance           |     0.004 |
|     MUX_Add18_impl_0_instance           |     0.002 |
|     MUX_Add18_impl_1_instance           |     0.003 |
|     MUX_Add19_impl_0_instance           |     0.007 |
|     MUX_Add19_impl_1_instance           |     0.004 |
|     MUX_Add21_impl_0_instance           |     0.003 |
|     MUX_Add21_impl_1_instance           |     0.003 |
|     MUX_Add25_impl_0_instance           |     0.003 |
|     MUX_Add25_impl_1_instance           |     0.004 |
|     MUX_Add2_impl_0_instance            |     0.004 |
|     MUX_Add2_impl_1_instance            |     0.004 |
|     MUX_Add34_impl_0_instance           |     0.003 |
|     MUX_Add34_impl_1_instance           |     0.003 |
|     MUX_Add38_impl_0_instance           |     0.003 |
|     MUX_Add38_impl_1_instance           |     0.003 |
|     MUX_Add40_impl_0_instance           |     0.003 |
|     MUX_Add40_impl_1_instance           |     0.003 |
|     MUX_Add4_impl_1_instance            |     0.003 |
|     MUX_Add55_impl_0_instance           |     0.004 |
|     MUX_Add55_impl_1_instance           |     0.004 |
|     MUX_Add67_impl_0_instance           |     0.003 |
|     MUX_Add67_impl_1_instance           |     0.004 |
|     MUX_Add79_impl_0_instance           |     0.001 |
|     MUX_Add79_impl_1_instance           |     0.001 |
|     MUX_Add9_impl_0_instance            |     0.005 |
|     MUX_Add9_impl_1_instance            |     0.005 |
|     MUX_Product119_impl_0_instance      |    <0.001 |
|     MUX_Product119_impl_1_instance      |     0.002 |
|     MUX_Product11_impl_1_instance       |     0.003 |
|     MUX_Product125_impl_0_instance      |    <0.001 |
|     MUX_Product125_impl_1_instance      |     0.003 |
|     MUX_Product128_impl_0_instance      |    <0.001 |
|     MUX_Product128_impl_1_instance      |     0.003 |
|     MUX_Product137_impl_0_instance      |     0.001 |
|     MUX_Product14_impl_0_instance       |     0.001 |
|     MUX_Product14_impl_1_instance       |     0.002 |
|     MUX_Product16_impl_0_instance       |    <0.001 |
|     MUX_Product16_impl_1_instance       |     0.003 |
|     MUX_Product18_impl_0_instance       |     0.001 |
|     MUX_Product19_impl_0_instance       |    <0.001 |
|     MUX_Product19_impl_1_instance       |     0.003 |
|     MUX_Product218_impl_0_instance      |    <0.001 |
|     MUX_Product218_impl_1_instance      |     0.003 |
|     MUX_Product21_impl_1_instance       |     0.002 |
|     MUX_Product220_impl_0_instance      |    <0.001 |
|     MUX_Product220_impl_1_instance      |     0.001 |
|     MUX_Product224_impl_1_instance      |     0.003 |
|     MUX_Product227_impl_1_instance      |     0.003 |
|     MUX_Product234_impl_1_instance      |     0.003 |
|     MUX_Product24_impl_0_instance       |    <0.001 |
|     MUX_Product24_impl_1_instance       |     0.002 |
|     MUX_Product26_impl_0_instance       |    <0.001 |
|     MUX_Product26_impl_1_instance       |     0.002 |
|     MUX_Product28_impl_1_instance       |     0.002 |
|     MUX_Product318_impl_0_instance      |    <0.001 |
|     MUX_Product318_impl_1_instance      |     0.003 |
|     MUX_Product31_impl_0_instance       |     0.001 |
|     MUX_Product31_impl_1_instance       |    <0.001 |
|     MUX_Product320_impl_0_instance      |     0.001 |
|     MUX_Product320_impl_1_instance      |    <0.001 |
|     MUX_Product324_impl_0_instance      |     0.002 |
|     MUX_Product324_impl_1_instance      |    <0.001 |
|     MUX_Product327_impl_0_instance      |     0.001 |
|     MUX_Product36_impl_1_instance       |     0.002 |
|     MUX_Product38_impl_0_instance       |     0.001 |
|     MUX_Product38_impl_1_instance       |     0.002 |
|     MUX_Product44_impl_0_instance       |     0.001 |
|     MUX_Product44_impl_1_instance       |     0.001 |
|     MUX_Product47_impl_0_instance       |    <0.001 |
|     MUX_Product47_impl_1_instance       |     0.003 |
|     MUX_Product4_impl_0_instance        |    <0.001 |
|     MUX_Product4_impl_1_instance        |     0.003 |
|     MUX_Product53_impl_0_instance       |    <0.001 |
|     MUX_Product53_impl_1_instance       |     0.004 |
|     MUX_Product56_impl_0_instance       |    <0.001 |
|     MUX_Product56_impl_1_instance       |     0.001 |
|     MUX_Product5_impl_0_instance        |    <0.001 |
|     MUX_Product5_impl_1_instance        |     0.002 |
|     MUX_Product63_impl_0_instance       |    <0.001 |
|     MUX_Product63_impl_1_instance       |     0.003 |
|     MUX_Product65_impl_0_instance       |    <0.001 |
|     MUX_Product65_impl_1_instance       |     0.003 |
|     MUX_Product7_impl_0_instance        |    <0.001 |
|     MUX_Product7_impl_1_instance        |     0.003 |
|     MUX_Product9_impl_0_instance        |    <0.001 |
|     MUX_Product9_impl_1_instance        |     0.003 |
|     MUX_Subtract113_impl_0_instance     |     0.003 |
|     MUX_Subtract113_impl_1_instance     |     0.003 |
|     MUX_Subtract115_impl_0_instance     |     0.003 |
|     MUX_Subtract115_impl_1_instance     |     0.003 |
|     MUX_Subtract117_impl_0_instance     |     0.004 |
|     MUX_Subtract117_impl_1_instance     |     0.005 |
|     MUX_Subtract118_impl_0_instance     |     0.003 |
|     MUX_Subtract118_impl_1_instance     |     0.003 |
|     MUX_Subtract12_impl_0_instance      |     0.003 |
|     MUX_Subtract12_impl_1_instance      |     0.003 |
|     MUX_Subtract135_impl_0_instance     |     0.001 |
|     MUX_Subtract135_impl_1_LUT_instance |    <0.001 |
|       instLUT                           |    <0.001 |
|     MUX_Subtract135_impl_1_instance     |     0.001 |
|     MUX_Subtract15_impl_0_instance      |     0.003 |
|     MUX_Subtract15_impl_1_instance      |     0.003 |
|     MUX_Subtract17_impl_1_instance      |     0.003 |
|     MUX_Subtract22_impl_0_instance      |     0.003 |
|     MUX_Subtract22_impl_1_instance      |     0.003 |
|     MUX_Subtract24_impl_0_instance      |     0.003 |
|     MUX_Subtract24_impl_1_instance      |     0.003 |
|     MUX_Subtract26_impl_0_instance      |     0.005 |
|     MUX_Subtract26_impl_1_instance      |     0.004 |
|     MUX_Subtract2_impl_1_instance       |     0.003 |
|     MUX_Subtract3_impl_0_instance       |     0.004 |
|     MUX_Subtract3_impl_1_instance       |     0.003 |
|     MUX_Subtract41_impl_0_instance      |     0.003 |
|     MUX_Subtract41_impl_1_instance      |     0.003 |
|     MUX_Subtract43_impl_0_instance      |     0.005 |
|     MUX_Subtract43_impl_1_instance      |     0.004 |
|     MUX_Subtract44_impl_0_instance      |     0.003 |
|     MUX_Subtract44_impl_1_instance      |     0.003 |
|     MUX_Subtract55_impl_0_instance      |     0.003 |
|     MUX_Subtract55_impl_1_instance      |     0.003 |
|     MUX_Subtract57_impl_0_instance      |     0.003 |
|     MUX_Subtract57_impl_1_instance      |     0.003 |
|     MUX_Subtract58_impl_0_instance      |     0.004 |
|     MUX_Subtract58_impl_1_instance      |     0.005 |
|     MUX_Subtract64_impl_0_instance      |    <0.001 |
|     MUX_Subtract64_impl_1_instance      |    <0.001 |
|     MUX_Subtract6_impl_0_instance       |     0.004 |
|     MUX_Subtract6_impl_1_instance       |     0.004 |
|     MUX_Subtract75_impl_0_instance      |     0.001 |
|     MUX_Subtract75_impl_1_instance      |     0.001 |
|     MUX_Subtract8_impl_1_instance       |     0.003 |
|     ModCount51_instance                 |     0.124 |
|     Product119_impl_instance            |     0.007 |
|       SignificandMultiplication         |     0.004 |
|     Product11_impl_instance             |     0.006 |
|       SignificandMultiplication         |     0.004 |
|     Product125_impl_instance            |     0.006 |
|       SignificandMultiplication         |     0.004 |
|     Product128_impl_instance            |     0.004 |
|       SignificandMultiplication         |     0.003 |
|     Product137_impl_instance            |     0.007 |
|       SignificandMultiplication         |     0.004 |
|     Product14_impl_instance             |     0.007 |
|       SignificandMultiplication         |     0.005 |
|     Product16_impl_instance             |     0.006 |
|       SignificandMultiplication         |     0.004 |
|     Product18_impl_instance             |     0.007 |
|       SignificandMultiplication         |     0.005 |
|     Product19_impl_instance             |     0.006 |
|       SignificandMultiplication         |     0.004 |
|     Product218_impl_instance            |     0.007 |
|       SignificandMultiplication         |     0.004 |
|     Product21_impl_instance             |     0.006 |
|       SignificandMultiplication         |     0.004 |
|     Product220_impl_instance            |     0.007 |
|       SignificandMultiplication         |     0.004 |
|     Product224_impl_instance            |     0.006 |
|       SignificandMultiplication         |     0.004 |
|     Product227_impl_instance            |     0.004 |
|       SignificandMultiplication         |     0.002 |
|     Product234_impl_instance            |     0.004 |
|       SignificandMultiplication         |     0.003 |
|     Product236_impl_instance            |     0.007 |
|       SignificandMultiplication         |     0.005 |
|     Product239_impl_instance            |     0.008 |
|       SignificandMultiplication         |     0.005 |
|     Product24_impl_instance             |     0.007 |
|       SignificandMultiplication         |     0.005 |
|     Product26_impl_instance             |     0.006 |
|       SignificandMultiplication         |     0.004 |
|     Product28_impl_instance             |     0.006 |
|       SignificandMultiplication         |     0.005 |
|     Product318_impl_instance            |     0.006 |
|       SignificandMultiplication         |     0.004 |
|     Product31_impl_instance             |     0.007 |
|       SignificandMultiplication         |     0.004 |
|     Product320_impl_instance            |     0.007 |
|       SignificandMultiplication         |     0.004 |
|     Product324_impl_instance            |     0.006 |
|       SignificandMultiplication         |     0.004 |
|     Product327_impl_instance            |     0.006 |
|       SignificandMultiplication         |     0.004 |
|     Product336_impl_instance            |     0.007 |
|       SignificandMultiplication         |     0.005 |
|     Product36_impl_instance             |     0.007 |
|       SignificandMultiplication         |     0.005 |
|     Product38_impl_instance             |     0.006 |
|       SignificandMultiplication         |     0.004 |
|     Product44_impl_instance             |     0.006 |
|       SignificandMultiplication         |     0.004 |
|     Product47_impl_instance             |     0.006 |
|       SignificandMultiplication         |     0.004 |
|     Product4_impl_instance              |     0.006 |
|       SignificandMultiplication         |     0.004 |
|     Product53_impl_instance             |     0.006 |
|       SignificandMultiplication         |     0.004 |
|     Product56_impl_instance             |     0.006 |
|       SignificandMultiplication         |     0.004 |
|     Product5_impl_instance              |     0.007 |
|       SignificandMultiplication         |     0.005 |
|     Product63_impl_instance             |     0.004 |
|       SignificandMultiplication         |     0.003 |
|     Product65_impl_instance             |     0.006 |
|       SignificandMultiplication         |     0.004 |
|     Product68_impl_instance             |     0.006 |
|       SignificandMultiplication         |     0.004 |
|     Product7_impl_instance              |     0.006 |
|       SignificandMultiplication         |     0.004 |
|     Product9_impl_instance              |     0.006 |
|       SignificandMultiplication         |     0.004 |
|     SharedReg100_instance               |     0.005 |
|     SharedReg101_instance               |     0.005 |
|     SharedReg102_instance               |     0.002 |
|     SharedReg103_instance               |     0.003 |
|     SharedReg104_instance               |     0.004 |
|     SharedReg105_instance               |     0.005 |
|     SharedReg106_instance               |     0.006 |
|     SharedReg107_instance               |     0.005 |
|     SharedReg108_instance               |     0.004 |
|     SharedReg109_instance               |     0.007 |
|     SharedReg10_instance                |    <0.001 |
|     SharedReg110_instance               |     0.004 |
|     SharedReg111_instance               |     0.006 |
|     SharedReg113_instance               |     0.002 |
|     SharedReg114_instance               |     0.003 |
|     SharedReg115_instance               |    <0.001 |
|     SharedReg116_instance               |     0.004 |
|     SharedReg117_instance               |     0.004 |
|     SharedReg118_instance               |     0.003 |
|     SharedReg119_instance               |     0.007 |
|     SharedReg11_instance                |    <0.001 |
|     SharedReg120_instance               |     0.004 |
|     SharedReg121_instance               |     0.005 |
|     SharedReg123_instance               |     0.002 |
|     SharedReg124_instance               |    <0.001 |
|     SharedReg125_instance               |     0.004 |
|     SharedReg126_instance               |     0.002 |
|     SharedReg127_instance               |     0.002 |
|     SharedReg128_instance               |     0.002 |
|     SharedReg129_instance               |     0.001 |
|     SharedReg12_instance                |    <0.001 |
|     SharedReg130_instance               |     0.005 |
|     SharedReg131_instance               |     0.002 |
|     SharedReg132_instance               |     0.001 |
|     SharedReg133_instance               |     0.001 |
|     SharedReg134_instance               |     0.003 |
|     SharedReg135_instance               |     0.005 |
|     SharedReg136_instance               |     0.002 |
|     SharedReg137_instance               |     0.005 |
|     SharedReg138_instance               |     0.004 |
|     SharedReg139_instance               |     0.006 |
|     SharedReg13_instance                |    <0.001 |
|     SharedReg140_instance               |     0.004 |
|     SharedReg141_instance               |     0.004 |
|     SharedReg142_instance               |     0.006 |
|     SharedReg143_instance               |     0.003 |
|     SharedReg144_instance               |     0.006 |
|     SharedReg145_instance               |     0.006 |
|     SharedReg147_instance               |    <0.001 |
|     SharedReg148_instance               |     0.004 |
|     SharedReg14_instance                |    <0.001 |
|     SharedReg150_instance               |     0.003 |
|     SharedReg151_instance               |     0.004 |
|     SharedReg152_instance               |     0.002 |
|     SharedReg153_instance               |     0.005 |
|     SharedReg154_instance               |     0.005 |
|     SharedReg155_instance               |     0.005 |
|     SharedReg156_instance               |     0.005 |
|     SharedReg158_instance               |     0.008 |
|     SharedReg159_instance               |     0.005 |
|     SharedReg15_instance                |    <0.001 |
|     SharedReg160_instance               |     0.003 |
|     SharedReg162_instance               |     0.004 |
|     SharedReg164_instance               |     0.005 |
|     SharedReg165_instance               |    <0.001 |
|     SharedReg167_instance               |    <0.001 |
|     SharedReg169_instance               |    <0.001 |
|     SharedReg16_instance                |    <0.001 |
|     SharedReg171_instance               |    <0.001 |
|     SharedReg172_instance               |    <0.001 |
|     SharedReg174_instance               |    <0.001 |
|     SharedReg177_instance               |    <0.001 |
|     SharedReg178_instance               |     0.002 |
|     SharedReg179_instance               |    <0.001 |
|     SharedReg17_instance                |    <0.001 |
|     SharedReg180_instance               |    <0.001 |
|     SharedReg181_instance               |    <0.001 |
|     SharedReg183_instance               |    <0.001 |
|     SharedReg18_instance                |    <0.001 |
|     SharedReg197_instance               |    <0.001 |
|     SharedReg19_instance                |    <0.001 |
|     SharedReg1_instance                 |    <0.001 |
|     SharedReg205_instance               |    <0.001 |
|     SharedReg206_instance               |     0.002 |
|     SharedReg209_instance               |    <0.001 |
|     SharedReg20_instance                |    <0.001 |
|     SharedReg214_instance               |    <0.001 |
|     SharedReg216_instance               |    <0.001 |
|     SharedReg217_instance               |    <0.001 |
|     SharedReg219_instance               |    <0.001 |
|     SharedReg21_instance                |    <0.001 |
|     SharedReg222_instance               |    <0.001 |
|     SharedReg225_instance               |    <0.001 |
|     SharedReg228_instance               |    <0.001 |
|     SharedReg22_instance                |    <0.001 |
|     SharedReg23_instance                |    <0.001 |
|     SharedReg24_instance                |    <0.001 |
|     SharedReg259_instance               |    <0.001 |
|     SharedReg25_instance                |    <0.001 |
|     SharedReg260_instance               |    <0.001 |
|     SharedReg26_instance                |    <0.001 |
|     SharedReg27_instance                |    <0.001 |
|     SharedReg28_instance                |    <0.001 |
|     SharedReg29_instance                |    <0.001 |
|     SharedReg2_instance                 |    <0.001 |
|     SharedReg30_instance                |    <0.001 |
|     SharedReg31_instance                |    <0.001 |
|     SharedReg32_instance                |     0.005 |
|     SharedReg33_instance                |     0.006 |
|     SharedReg34_instance                |     0.004 |
|     SharedReg36_instance                |     0.006 |
|     SharedReg37_instance                |     0.004 |
|     SharedReg39_instance                |     0.006 |
|     SharedReg3_instance                 |    <0.001 |
|     SharedReg41_instance                |     0.006 |
|     SharedReg43_instance                |     0.005 |
|     SharedReg44_instance                |     0.005 |
|     SharedReg45_instance                |     0.002 |
|     SharedReg46_instance                |     0.002 |
|     SharedReg48_instance                |     0.004 |
|     SharedReg49_instance                |     0.006 |
|     SharedReg4_instance                 |    <0.001 |
|     SharedReg50_instance                |     0.009 |
|     SharedReg51_instance                |     0.008 |
|     SharedReg52_instance                |     0.002 |
|     SharedReg53_instance                |     0.007 |
|     SharedReg54_instance                |     0.004 |
|     SharedReg55_instance                |     0.008 |
|     SharedReg56_instance                |    <0.001 |
|     SharedReg57_instance                |     0.006 |
|     SharedReg58_instance                |     0.002 |
|     SharedReg59_instance                |    <0.001 |
|     SharedReg5_instance                 |    <0.001 |
|     SharedReg60_instance                |     0.007 |
|     SharedReg61_instance                |     0.002 |
|     SharedReg62_instance                |     0.006 |
|     SharedReg63_instance                |     0.002 |
|     SharedReg64_instance                |     0.001 |
|     SharedReg65_instance                |     0.004 |
|     SharedReg66_instance                |     0.004 |
|     SharedReg67_instance                |     0.005 |
|     SharedReg68_instance                |     0.004 |
|     SharedReg69_instance                |     0.006 |
|     SharedReg6_instance                 |    <0.001 |
|     SharedReg70_instance                |     0.002 |
|     SharedReg71_instance                |     0.003 |
|     SharedReg72_instance                |    <0.001 |
|     SharedReg73_instance                |     0.006 |
|     SharedReg74_instance                |     0.003 |
|     SharedReg75_instance                |     0.005 |
|     SharedReg76_instance                |     0.003 |
|     SharedReg77_instance                |     0.003 |
|     SharedReg78_instance                |     0.003 |
|     SharedReg79_instance                |     0.004 |
|     SharedReg7_instance                 |    <0.001 |
|     SharedReg80_instance                |    <0.001 |
|     SharedReg81_instance                |     0.007 |
|     SharedReg82_instance                |     0.002 |
|     SharedReg83_instance                |     0.006 |
|     SharedReg84_instance                |     0.006 |
|     SharedReg85_instance                |     0.003 |
|     SharedReg86_instance                |     0.005 |
|     SharedReg87_instance                |     0.004 |
|     SharedReg89_instance                |     0.002 |
|     SharedReg8_instance                 |    <0.001 |
|     SharedReg90_instance                |     0.005 |
|     SharedReg91_instance                |     0.003 |
|     SharedReg92_instance                |     0.004 |
|     SharedReg93_instance                |     0.003 |
|     SharedReg94_instance                |     0.007 |
|     SharedReg95_instance                |     0.001 |
|     SharedReg96_instance                |     0.009 |
|     SharedReg97_instance                |     0.004 |
|     SharedReg98_instance                |     0.007 |
|     SharedReg99_instance                |    <0.001 |
|     SharedReg9_instance                 |    <0.001 |
|     SharedReg_instance                  |    <0.001 |
|     Subtract113_impl_instance           |     0.009 |
|       FPAddSubOp_instance               |     0.009 |
|         LZC_component                   |     0.004 |
|         fracAdder                       |     0.001 |
|     Subtract115_impl_instance           |     0.008 |
|       FPAddSubOp_instance               |     0.008 |
|         LZC_component                   |     0.004 |
|         fracAdder                       |     0.001 |
|     Subtract117_impl_instance           |     0.008 |
|       FPAddSubOp_instance               |     0.008 |
|         LZC_component                   |     0.004 |
|         fracAdder                       |     0.001 |
|     Subtract118_impl_instance           |     0.010 |
|       FPAddSubOp_instance               |     0.010 |
|         LZC_component                   |     0.005 |
|         fracAdder                       |     0.001 |
|     Subtract12_impl_instance            |     0.009 |
|       FPAddSubOp_instance               |     0.009 |
|         LZC_component                   |     0.004 |
|         fracAdder                       |     0.001 |
|     Subtract135_impl_instance           |     0.010 |
|       FPAddSubOp_instance               |     0.010 |
|         LZC_component                   |     0.005 |
|         fracAdder                       |     0.001 |
|     Subtract15_impl_instance            |     0.009 |
|       FPAddSubOp_instance               |     0.009 |
|         LZC_component                   |     0.004 |
|         fracAdder                       |     0.001 |
|     Subtract17_impl_instance            |     0.009 |
|       FPAddSubOp_instance               |     0.009 |
|         LZC_component                   |     0.004 |
|         fracAdder                       |     0.001 |
|     Subtract22_impl_instance            |     0.009 |
|       FPAddSubOp_instance               |     0.009 |
|         LZC_component                   |     0.004 |
|         fracAdder                       |     0.001 |
|     Subtract24_impl_instance            |     0.009 |
|       FPAddSubOp_instance               |     0.009 |
|         LZC_component                   |     0.004 |
|         fracAdder                       |     0.001 |
|     Subtract26_impl_instance            |     0.009 |
|       FPAddSubOp_instance               |     0.009 |
|         LZC_component                   |     0.004 |
|         fracAdder                       |     0.001 |
|     Subtract2_impl_instance             |     0.009 |
|       FPAddSubOp_instance               |     0.009 |
|         LZC_component                   |     0.004 |
|         fracAdder                       |     0.001 |
|     Subtract3_impl_instance             |     0.009 |
|       FPAddSubOp_instance               |     0.009 |
|         LZC_component                   |     0.004 |
|         fracAdder                       |     0.001 |
|     Subtract41_impl_instance            |     0.009 |
|       FPAddSubOp_instance               |     0.009 |
|         LZC_component                   |     0.004 |
|         fracAdder                       |     0.001 |
|     Subtract43_impl_instance            |     0.009 |
|       FPAddSubOp_instance               |     0.009 |
|         LZC_component                   |     0.004 |
|         fracAdder                       |     0.001 |
|     Subtract44_impl_instance            |     0.010 |
|       FPAddSubOp_instance               |     0.010 |
|         LZC_component                   |     0.005 |
|         fracAdder                       |     0.001 |
|     Subtract55_impl_instance            |     0.009 |
|       FPAddSubOp_instance               |     0.009 |
|         LZC_component                   |     0.004 |
|         fracAdder                       |     0.001 |
|     Subtract57_impl_instance            |     0.009 |
|       FPAddSubOp_instance               |     0.009 |
|         LZC_component                   |     0.004 |
|         fracAdder                       |     0.001 |
|     Subtract58_impl_instance            |     0.009 |
|       FPAddSubOp_instance               |     0.009 |
|         LZC_component                   |     0.004 |
|         fracAdder                       |     0.001 |
|     Subtract64_impl_instance            |     0.009 |
|       FPAddSubOp_instance               |     0.009 |
|         LZC_component                   |     0.004 |
|         fracAdder                       |     0.001 |
|     Subtract6_impl_instance             |     0.008 |
|       FPAddSubOp_instance               |     0.008 |
|         LZC_component                   |     0.004 |
|         fracAdder                       |    <0.001 |
|     Subtract75_impl_instance            |     0.009 |
|       FPAddSubOp_instance               |     0.009 |
|         LZC_component                   |     0.004 |
|         fracAdder                       |     0.001 |
|     Subtract8_impl_instance             |     0.009 |
|       FPAddSubOp_instance               |     0.009 |
|         LZC_component                   |     0.004 |
|         fracAdder                       |     0.001 |
|     x0_im_instance                      |    <0.001 |
|     x0_re_instance                      |    <0.001 |
|     x10_im_instance                     |    <0.001 |
|     x10_re_instance                     |    <0.001 |
|     x11_im_instance                     |    <0.001 |
|     x11_re_instance                     |    <0.001 |
|     x12_im_instance                     |    <0.001 |
|     x12_re_instance                     |    <0.001 |
|     x13_im_instance                     |    <0.001 |
|     x13_re_instance                     |    <0.001 |
|     x14_im_instance                     |    <0.001 |
|     x14_re_instance                     |    <0.001 |
|     x15_im_instance                     |    <0.001 |
|     x15_re_instance                     |    <0.001 |
|     x1_im_instance                      |    <0.001 |
|     x1_re_instance                      |    <0.001 |
|     x2_im_instance                      |    <0.001 |
|     x2_re_instance                      |    <0.001 |
|     x3_im_instance                      |    <0.001 |
|     x3_re_instance                      |    <0.001 |
|     x4_im_instance                      |    <0.001 |
|     x4_re_instance                      |    <0.001 |
|     x5_im_instance                      |    <0.001 |
|     x5_re_instance                      |    <0.001 |
|     x6_im_instance                      |    <0.001 |
|     x6_re_instance                      |    <0.001 |
|     x7_im_instance                      |    <0.001 |
|     x7_re_instance                      |    <0.001 |
|     x8_im_instance                      |    <0.001 |
|     x8_re_instance                      |    <0.001 |
|     x9_im_instance                      |    <0.001 |
|     x9_re_instance                      |    <0.001 |
|     y10_im_instance                     |    <0.001 |
|     y10_re_instance                     |    <0.001 |
|     y11_im_instance                     |    <0.001 |
|     y11_re_instance                     |    <0.001 |
|     y12_im_instance                     |    <0.001 |
|     y12_re_instance                     |    <0.001 |
|     y13_im_instance                     |    <0.001 |
|     y13_re_instance                     |    <0.001 |
|     y14_im_instance                     |    <0.001 |
|     y14_re_instance                     |    <0.001 |
|     y15_im_instance                     |    <0.001 |
|     y15_re_instance                     |    <0.001 |
|     y1_re_instance                      |    <0.001 |
|     y2_im_instance                      |    <0.001 |
|     y2_re_instance                      |    <0.001 |
|     y3_im_instance                      |    <0.001 |
|     y3_re_instance                      |    <0.001 |
|     y4_im_instance                      |    <0.001 |
|     y6_im_instance                      |    <0.001 |
|     y6_re_instance                      |    <0.001 |
|     y7_im_instance                      |    <0.001 |
|     y7_re_instance                      |    <0.001 |
|     y8_im_instance                      |    <0.001 |
|     y8_re_instance                      |    <0.001 |
|     y9_im_instance                      |    <0.001 |
|     y9_re_instance                      |    <0.001 |
|   clk_IBUF_inst                         |    <0.001 |
|   output_select_IBUF[0]_inst            |    <0.001 |
|   output_select_IBUF[1]_inst            |    <0.001 |
|   output_select_IBUF[2]_inst            |    <0.001 |
|   output_select_IBUF[3]_inst            |    <0.001 |
|   output_select_IBUF[4]_inst            |    <0.001 |
|   rst_IBUF_inst                         |    <0.001 |
|   shared_input_IBUF[0]_inst             |    <0.001 |
|   shared_input_IBUF[10]_inst            |    <0.001 |
|   shared_input_IBUF[11]_inst            |    <0.001 |
|   shared_input_IBUF[12]_inst            |    <0.001 |
|   shared_input_IBUF[13]_inst            |    <0.001 |
|   shared_input_IBUF[14]_inst            |    <0.001 |
|   shared_input_IBUF[15]_inst            |    <0.001 |
|   shared_input_IBUF[16]_inst            |    <0.001 |
|   shared_input_IBUF[17]_inst            |    <0.001 |
|   shared_input_IBUF[18]_inst            |    <0.001 |
|   shared_input_IBUF[19]_inst            |    <0.001 |
|   shared_input_IBUF[1]_inst             |    <0.001 |
|   shared_input_IBUF[20]_inst            |    <0.001 |
|   shared_input_IBUF[21]_inst            |    <0.001 |
|   shared_input_IBUF[22]_inst            |    <0.001 |
|   shared_input_IBUF[23]_inst            |    <0.001 |
|   shared_input_IBUF[24]_inst            |    <0.001 |
|   shared_input_IBUF[25]_inst            |    <0.001 |
|   shared_input_IBUF[26]_inst            |    <0.001 |
|   shared_input_IBUF[27]_inst            |    <0.001 |
|   shared_input_IBUF[28]_inst            |    <0.001 |
|   shared_input_IBUF[29]_inst            |    <0.001 |
|   shared_input_IBUF[2]_inst             |    <0.001 |
|   shared_input_IBUF[30]_inst            |    <0.001 |
|   shared_input_IBUF[31]_inst            |    <0.001 |
|   shared_input_IBUF[3]_inst             |    <0.001 |
|   shared_input_IBUF[4]_inst             |    <0.001 |
|   shared_input_IBUF[5]_inst             |    <0.001 |
|   shared_input_IBUF[6]_inst             |    <0.001 |
|   shared_input_IBUF[7]_inst             |    <0.001 |
|   shared_input_IBUF[8]_inst             |    <0.001 |
|   shared_input_IBUF[9]_inst             |    <0.001 |
|   x0_im_enable_IBUF_inst                |    <0.001 |
|   x0_re_enable_IBUF_inst                |    <0.001 |
|   x10_im_enable_IBUF_inst               |    <0.001 |
|   x10_re_enable_IBUF_inst               |    <0.001 |
|   x11_im_enable_IBUF_inst               |    <0.001 |
|   x11_re_enable_IBUF_inst               |    <0.001 |
|   x12_im_enable_IBUF_inst               |    <0.001 |
|   x12_re_enable_IBUF_inst               |    <0.001 |
|   x13_im_enable_IBUF_inst               |    <0.001 |
|   x13_re_enable_IBUF_inst               |    <0.001 |
|   x14_im_enable_IBUF_inst               |    <0.001 |
|   x14_re_enable_IBUF_inst               |    <0.001 |
|   x15_im_enable_IBUF_inst               |    <0.001 |
|   x15_re_enable_IBUF_inst               |    <0.001 |
|   x1_im_enable_IBUF_inst                |    <0.001 |
|   x1_re_enable_IBUF_inst                |    <0.001 |
|   x2_im_enable_IBUF_inst                |    <0.001 |
|   x2_re_enable_IBUF_inst                |    <0.001 |
|   x3_im_enable_IBUF_inst                |    <0.001 |
|   x3_re_enable_IBUF_inst                |    <0.001 |
|   x4_im_enable_IBUF_inst                |    <0.001 |
|   x4_re_enable_IBUF_inst                |    <0.001 |
|   x5_im_enable_IBUF_inst                |    <0.001 |
|   x5_re_enable_IBUF_inst                |    <0.001 |
|   x6_im_enable_IBUF_inst                |    <0.001 |
|   x6_re_enable_IBUF_inst                |    <0.001 |
|   x7_im_enable_IBUF_inst                |    <0.001 |
|   x7_re_enable_IBUF_inst                |    <0.001 |
|   x8_im_enable_IBUF_inst                |    <0.001 |
|   x8_re_enable_IBUF_inst                |    <0.001 |
|   x9_im_enable_IBUF_inst                |    <0.001 |
|   x9_re_enable_IBUF_inst                |    <0.001 |
+-----------------------------------------+-----------+


