Copyright 1986-2018 Xilinx, Inc. All Rights Reserved.
-----------------------------------------------------------------------------------------------------------------------------------------------------------------------------
| Tool Version      : Vivado v.2018.1 (lin64) Build 2188600 Wed Apr  4 18:39:19 MDT 2018
| Date              : Wed Apr 15 13:20:06 2020
| Host              : animal.digi.e-technik.uni-kassel.de running 64-bit CentOS Linux release 7.7.1908 (Core)
| Command           : report_timing -file /home/nfiege/Repositories/origami/vhdl/ratII/synth/intII/mat_inv/mat_inv_ED97_9_ultrascale2_250/implementedSystem_timing_synth.rpt
| Design            : implementedSystem_toplevel
| Device            : xcvu13p-fhga2104
| Speed File        : -2  PRODUCTION 1.19 03-17-2018
| Temperature Grade : E
-----------------------------------------------------------------------------------------------------------------------------------------------------------------------------

Timing Report

Slack (MET) :             0.557ns  (required time - arrival time)
  Source:                 ModCount111_instance/count_reg[2]_rep__4/C
                            (rising edge-triggered cell FDCE clocked by clk  {rise@0.000ns fall@2.000ns period=4.000ns})
  Destination:            Delay1No23_instance/Y_reg[31]/D
                            (rising edge-triggered cell FDCE clocked by clk  {rise@0.000ns fall@2.000ns period=4.000ns})
  Path Group:             clk
  Path Type:              Setup (Max at Slow Process Corner)
  Requirement:            4.000ns  (clk rise@4.000ns - clk rise@0.000ns)
  Data Path Delay:        3.147ns  (logic 0.518ns (16.460%)  route 2.629ns (83.540%))
  Logic Levels:           3  (LUT4=2 LUT6=1)
  Clock Path Skew:        -0.286ns (DCD - SCD + CPR)
    Destination Clock Delay (DCD):    2.890ns = ( 6.890 - 4.000 ) 
    Source Clock Delay      (SCD):    3.598ns
    Clock Pessimism Removal (CPR):    0.422ns
  Clock Uncertainty:      0.035ns  ((TSJ^2 + TIJ^2)^1/2 + DJ) / 2 + PE
    Total System Jitter     (TSJ):    0.071ns
    Total Input Jitter      (TIJ):    0.000ns
    Discrete Jitter          (DJ):    0.000ns
    Phase Error              (PE):    0.000ns
  Clock Net Delay (Source):      2.567ns (routing 1.382ns, distribution 1.185ns)
  Clock Net Delay (Destination): 2.151ns (routing 1.256ns, distribution 0.895ns)

    Location             Delay type                Incr(ns)  Path(ns)    Netlist Resource(s)
  -------------------------------------------------------------------    -------------------
                         (clock clk rise edge)        0.000     0.000 r  
    BB9                                               0.000     0.000 r  clk (IN)
                         net (fo=0)                   0.000     0.000    clk_IBUF_inst/I
    BB9                  INBUF (Prop_INBUF_HPIOB_M_PAD_O)
                                                      0.668     0.668 r  clk_IBUF_inst/INBUF_INST/O
                         net (fo=1, routed)           0.000     0.668    clk_IBUF_inst/OUT
    BB9                  IBUFCTRL (Prop_IBUFCTRL_HPIOB_M_I_O)
                                                      0.000     0.668 r  clk_IBUF_inst/IBUFCTRL_INST/O
                         net (fo=1, routed)           0.335     1.003    clk_IBUF
    BUFGCE_X0Y146        BUFGCE (Prop_BUFCE_BUFGCE_I_O)
                                                      0.028     1.031 r  clk_IBUF_BUFG_inst/O
    X5Y3 (CLOCK_ROOT)    net (fo=18498, routed)       2.567     3.598    ModCount111_instance/clk_IBUF_BUFG
    SLR Crossing[1->0]   
    SLICE_X189Y165       FDCE                                         r  ModCount111_instance/count_reg[2]_rep__4/C
  -------------------------------------------------------------------    -------------------
    SLICE_X189Y165       FDCE (Prop_AFF_SLICEL_C_Q)
                                                      0.079     3.677 r  ModCount111_instance/count_reg[2]_rep__4/Q
                         net (fo=111, routed)         0.879     4.556    ModCount111_instance/count_reg[0]_rep__0_0
    SLICE_X196Y215       LUT4 (Prop_H6LUT_SLICEM_I1_O)
                                                      0.152     4.708 f  ModCount111_instance/Y[32]_i_3__4/O
                         net (fo=55, routed)          1.180     5.888    MUX_Product910_impl_1_instance/MUX_Add210_impl_0_LUT_out[0]
    SLICE_X169Y188       LUT4 (Prop_B5LUT_SLICEL_I0_O)
                                                      0.165     6.053 r  MUX_Product910_impl_1_instance/Y[33]_i_4/O
                         net (fo=18, routed)          0.521     6.574    MUX_Product910_impl_1_instance/Y[33]_i_4_n_0
    SLICE_X174Y217       LUT6 (Prop_D6LUT_SLICEL_I2_O)
                                                      0.122     6.696 r  MUX_Product910_impl_1_instance/Y[31]_i_1/O
                         net (fo=1, routed)           0.049     6.745    Delay1No23_instance/D[31]
    SLICE_X174Y217       FDCE                                         r  Delay1No23_instance/Y_reg[31]/D
  -------------------------------------------------------------------    -------------------

                         (clock clk rise edge)        4.000     4.000 r  
    BB9                                               0.000     4.000 r  clk (IN)
                         net (fo=0)                   0.000     4.000    clk_IBUF_inst/I
    BB9                  INBUF (Prop_INBUF_HPIOB_M_PAD_O)
                                                      0.417     4.417 r  clk_IBUF_inst/INBUF_INST/O
                         net (fo=1, routed)           0.000     4.417    clk_IBUF_inst/OUT
    BB9                  IBUFCTRL (Prop_IBUFCTRL_HPIOB_M_I_O)
                                                      0.000     4.417 r  clk_IBUF_inst/IBUFCTRL_INST/O
                         net (fo=1, routed)           0.298     4.715    clk_IBUF
    BUFGCE_X0Y146        BUFGCE (Prop_BUFCE_BUFGCE_I_O)
                                                      0.024     4.739 r  clk_IBUF_BUFG_inst/O
    X5Y3 (CLOCK_ROOT)    net (fo=18498, routed)       2.151     6.890    Delay1No23_instance/clk_IBUF_BUFG
    SLR Crossing[1->0]   
    SLICE_X174Y217       FDCE                                         r  Delay1No23_instance/Y_reg[31]/C
                         clock pessimism              0.422     7.312    
                         clock uncertainty           -0.035     7.277    
    SLICE_X174Y217       FDCE (Setup_DFF_SLICEL_C_D)
                                                      0.025     7.302    Delay1No23_instance/Y_reg[31]
  -------------------------------------------------------------------
                         required time                          7.302    
                         arrival time                          -6.745    
  -------------------------------------------------------------------
                         slack                                  0.557    




