Copyright 1986-2018 Xilinx, Inc. All Rights Reserved.
-------------------------------------------------------------------------------------------------------------------------------------------------------------------------------------------------
| Tool Version      : Vivado v.2018.1 (lin64) Build 2188600 Wed Apr  4 18:39:19 MDT 2018
| Date              : Fri Apr 24 06:06:40 2020
| Host              : animal.digi.e-technik.uni-kassel.de running 64-bit CentOS Linux release 7.7.1908 (Core)
| Command           : report_timing -file /home/nfiege/Repositories/origami/vhdl/ratII/synth/splin_pf/NonUniformILP/splin_pf_NonUniformILP_22_ultrascale2_250/implementedSystem_timing_synth.rpt
| Design            : implementedSystem_toplevel
| Device            : xcvu13p-fhga2104
| Speed File        : -2  PRODUCTION 1.19 03-17-2018
| Temperature Grade : E
-------------------------------------------------------------------------------------------------------------------------------------------------------------------------------------------------

Timing Report

Slack (MET) :             0.738ns  (required time - arrival time)
  Source:                 Delay1No7_instance/Y_reg[2]/C
                            (rising edge-triggered cell FDCE clocked by clk  {rise@0.000ns fall@2.000ns period=4.000ns})
  Destination:            Product1_1_impl_instance/sigProd_d1_reg[3]/D
                            (rising edge-triggered cell FDRE clocked by clk  {rise@0.000ns fall@2.000ns period=4.000ns})
  Path Group:             clk
  Path Type:              Setup (Max at Slow Process Corner)
  Requirement:            4.000ns  (clk rise@4.000ns - clk rise@0.000ns)
  Data Path Delay:        3.166ns  (logic 1.593ns (50.316%)  route 1.573ns (49.684%))
  Logic Levels:           6  (DSP_A_B_DATA=1 DSP_ALU=1 DSP_M_DATA=1 DSP_MULTIPLIER=1 DSP_OUTPUT=1 DSP_PREADD_DATA=1)
  Clock Path Skew:        -0.086ns (DCD - SCD + CPR)
    Destination Clock Delay (DCD):    2.209ns = ( 6.209 - 4.000 ) 
    Source Clock Delay      (SCD):    2.707ns
    Clock Pessimism Removal (CPR):    0.412ns
  Clock Uncertainty:      0.035ns  ((TSJ^2 + TIJ^2)^1/2 + DJ) / 2 + PE
    Total System Jitter     (TSJ):    0.071ns
    Total Input Jitter      (TIJ):    0.000ns
    Discrete Jitter          (DJ):    0.000ns
    Phase Error              (PE):    0.000ns
  Clock Net Delay (Source):      1.756ns (routing 0.921ns, distribution 0.835ns)
  Clock Net Delay (Destination): 1.549ns (routing 0.836ns, distribution 0.713ns)

    Location             Delay type                Incr(ns)  Path(ns)    Netlist Resource(s)
  -------------------------------------------------------------------    -------------------
                         (clock clk rise edge)        0.000     0.000 r  
    AP13                                              0.000     0.000 r  clk (IN)
                         net (fo=0)                   0.000     0.000    clk_IBUF_inst/I
    AP13                 INBUF (Prop_INBUF_HPIOB_M_PAD_O)
                                                      0.600     0.600 r  clk_IBUF_inst/INBUF_INST/O
                         net (fo=1, routed)           0.000     0.600    clk_IBUF_inst/OUT
    AP13                 IBUFCTRL (Prop_IBUFCTRL_HPIOB_M_I_O)
                                                      0.000     0.600 r  clk_IBUF_inst/IBUFCTRL_INST/O
                         net (fo=1, routed)           0.323     0.923    clk_IBUF
    BUFGCE_X0Y170        BUFGCE (Prop_BUFCE_BUFGCE_I_O)
                                                      0.028     0.951 r  clk_IBUF_BUFG_inst/O
    X4Y5 (CLOCK_ROOT)    net (fo=5334, routed)        1.756     2.707    Delay1No7_instance/clk_IBUF_BUFG
    SLICE_X120Y355       FDCE                                         r  Delay1No7_instance/Y_reg[2]/C
  -------------------------------------------------------------------    -------------------
    SLICE_X120Y355       FDCE (Prop_HFF_SLICEL_C_Q)
                                                      0.079     2.786 f  Delay1No7_instance/Y_reg[2]/Q
                         net (fo=1, routed)           0.428     3.214    Product1_1_impl_instance/SignificandMultiplication/RR/A[2]
    DSP48E2_X16Y142      DSP_A_B_DATA (Prop_DSP_A_B_DATA_DSP48E2_A[2]_A2_DATA[2])
                                                      0.192     3.406 r  Product1_1_impl_instance/SignificandMultiplication/RR/DSP_A_B_DATA_INST/A2_DATA[2]
                         net (fo=1, routed)           0.000     3.406    Product1_1_impl_instance/SignificandMultiplication/RR/DSP_A_B_DATA.A2_DATA<2>
    DSP48E2_X16Y142      DSP_PREADD_DATA (Prop_DSP_PREADD_DATA_DSP48E2_A2_DATA[2]_A2A1[2])
                                                      0.076     3.482 r  Product1_1_impl_instance/SignificandMultiplication/RR/DSP_PREADD_DATA_INST/A2A1[2]
                         net (fo=1, routed)           0.000     3.482    Product1_1_impl_instance/SignificandMultiplication/RR/DSP_PREADD_DATA.A2A1<2>
    DSP48E2_X16Y142      DSP_MULTIPLIER (Prop_DSP_MULTIPLIER_DSP48E2_A2A1[2]_U[3])
                                                      0.505     3.987 f  Product1_1_impl_instance/SignificandMultiplication/RR/DSP_MULTIPLIER_INST/U[3]
                         net (fo=1, routed)           0.000     3.987    Product1_1_impl_instance/SignificandMultiplication/RR/DSP_MULTIPLIER.U<3>
    DSP48E2_X16Y142      DSP_M_DATA (Prop_DSP_M_DATA_DSP48E2_U[3]_U_DATA[3])
                                                      0.047     4.034 r  Product1_1_impl_instance/SignificandMultiplication/RR/DSP_M_DATA_INST/U_DATA[3]
                         net (fo=1, routed)           0.000     4.034    Product1_1_impl_instance/SignificandMultiplication/RR/DSP_M_DATA.U_DATA<3>
    DSP48E2_X16Y142      DSP_ALU (Prop_DSP_ALU_DSP48E2_U_DATA[3]_ALU_OUT[3])
                                                      0.585     4.619 f  Product1_1_impl_instance/SignificandMultiplication/RR/DSP_ALU_INST/ALU_OUT[3]
                         net (fo=1, routed)           0.000     4.619    Product1_1_impl_instance/SignificandMultiplication/RR/DSP_ALU.ALU_OUT<3>
    DSP48E2_X16Y142      DSP_OUTPUT (Prop_DSP_OUTPUT_DSP48E2_ALU_OUT[3]_P[3])
                                                      0.109     4.728 r  Product1_1_impl_instance/SignificandMultiplication/RR/DSP_OUTPUT_INST/P[3]
                         net (fo=1, routed)           1.145     5.873    Product1_1_impl_instance/sigProd[3]
    SLICE_X119Y355       FDRE                                         r  Product1_1_impl_instance/sigProd_d1_reg[3]/D
  -------------------------------------------------------------------    -------------------

                         (clock clk rise edge)        4.000     4.000 r  
    AP13                                              0.000     4.000 r  clk (IN)
                         net (fo=0)                   0.000     4.000    clk_IBUF_inst/I
    AP13                 INBUF (Prop_INBUF_HPIOB_M_PAD_O)
                                                      0.349     4.349 r  clk_IBUF_inst/INBUF_INST/O
                         net (fo=1, routed)           0.000     4.349    clk_IBUF_inst/OUT
    AP13                 IBUFCTRL (Prop_IBUFCTRL_HPIOB_M_I_O)
                                                      0.000     4.349 r  clk_IBUF_inst/IBUFCTRL_INST/O
                         net (fo=1, routed)           0.287     4.636    clk_IBUF
    BUFGCE_X0Y170        BUFGCE (Prop_BUFCE_BUFGCE_I_O)
                                                      0.024     4.660 r  clk_IBUF_BUFG_inst/O
    X4Y5 (CLOCK_ROOT)    net (fo=5334, routed)        1.549     6.209    Product1_1_impl_instance/clk_IBUF_BUFG
    SLICE_X119Y355       FDRE                                         r  Product1_1_impl_instance/sigProd_d1_reg[3]/C
                         clock pessimism              0.412     6.621    
                         clock uncertainty           -0.035     6.586    
    SLICE_X119Y355       FDRE (Setup_FFF2_SLICEL_C_D)
                                                      0.025     6.611    Product1_1_impl_instance/sigProd_d1_reg[3]
  -------------------------------------------------------------------
                         required time                          6.611    
                         arrival time                          -5.873    
  -------------------------------------------------------------------
                         slack                                  0.738    




