Copyright 1986-2018 Xilinx, Inc. All Rights Reserved.
------------------------------------------------------------------------------------------------------------------------------------------------------------------------------------------------
| Tool Version      : Vivado v.2018.1 (lin64) Build 2188600 Wed Apr  4 18:39:19 MDT 2018
| Date              : Sat Dec  5 14:50:22 2020
| Host              : animal.digi.e-technik.uni-kassel.de running 64-bit CentOS Linux release 7.8.2003 (Core)
| Command           : report_timing -file /home/nfiege/Repositories/origami/vhdl/ratII/synth/fir_SAM/NonUniformILP/fir_SAM_NonUniformILP_137_ultrascale2_250/implementedSystem_timing_synth.rpt
| Design            : implementedSystem_toplevel
| Device            : xcvu13p-fhga2104
| Speed File        : -2  PRODUCTION 1.19 03-17-2018
| Temperature Grade : E
------------------------------------------------------------------------------------------------------------------------------------------------------------------------------------------------

Timing Report

Slack (MET) :             0.284ns  (required time - arrival time)
  Source:                 Delay609No_instance/s25_reg_c/C
                            (rising edge-triggered cell FDCE clocked by clk  {rise@0.000ns fall@2.000ns period=4.000ns})
  Destination:            SharedReg225_instance/Y_reg[14]/D
                            (rising edge-triggered cell FDCE clocked by clk  {rise@0.000ns fall@2.000ns period=4.000ns})
  Path Group:             clk
  Path Type:              Setup (Max at Slow Process Corner)
  Requirement:            4.000ns  (clk rise@4.000ns - clk rise@0.000ns)
  Data Path Delay:        3.576ns  (logic 0.201ns (5.621%)  route 3.375ns (94.379%))
  Logic Levels:           1  (LUT2=1)
  Clock Path Skew:        -0.130ns (DCD - SCD + CPR)
    Destination Clock Delay (DCD):    3.080ns = ( 7.080 - 4.000 ) 
    Source Clock Delay      (SCD):    3.591ns
    Clock Pessimism Removal (CPR):    0.381ns
  Clock Uncertainty:      0.035ns  ((TSJ^2 + TIJ^2)^1/2 + DJ) / 2 + PE
    Total System Jitter     (TSJ):    0.071ns
    Total Input Jitter      (TIJ):    0.000ns
    Discrete Jitter          (DJ):    0.000ns
    Phase Error              (PE):    0.000ns
  Clock Net Delay (Source):      2.556ns (routing 0.955ns, distribution 1.601ns)
  Clock Net Delay (Destination): 2.339ns (routing 0.868ns, distribution 1.471ns)

    Location             Delay type                Incr(ns)  Path(ns)    Netlist Resource(s)
  -------------------------------------------------------------------    -------------------
                         (clock clk rise edge)        0.000     0.000 r  
    BC10                                              0.000     0.000 r  clk (IN)
                         net (fo=0)                   0.000     0.000    clk_IBUF_inst/I
    BC10                 INBUF (Prop_INBUF_HPIOB_M_PAD_O)
                                                      0.659     0.659 r  clk_IBUF_inst/INBUF_INST/O
                         net (fo=1, routed)           0.000     0.659    clk_IBUF_inst/OUT
    BC10                 IBUFCTRL (Prop_IBUFCTRL_HPIOB_M_I_O)
                                                      0.000     0.659 r  clk_IBUF_inst/IBUFCTRL_INST/O
                         net (fo=1, routed)           0.348     1.007    clk_IBUF
    BUFGCE_X0Y146        BUFGCE (Prop_BUFCE_BUFGCE_I_O)
                                                      0.028     1.035 r  clk_IBUF_BUFG_inst/O
    X3Y5 (CLOCK_ROOT)    net (fo=102003, routed)      2.556     3.591    Delay609No_instance/clk_IBUF_BUFG
    SLICE_X132Y393       FDCE                                         r  Delay609No_instance/s25_reg_c/C
  -------------------------------------------------------------------    -------------------
    SLICE_X132Y393       FDCE (Prop_EFF_SLICEL_C_Q)
                                                      0.079     3.670 r  Delay609No_instance/s25_reg_c/Q
                         net (fo=259, routed)         3.303     6.973    SharedReg225_instance/s25_reg_c
    SLICE_X152Y326       LUT2 (Prop_D6LUT_SLICEM_I1_O)
                                                      0.122     7.095 r  SharedReg225_instance/s25_reg_gate__18/O
                         net (fo=1, routed)           0.072     7.167    SharedReg225_instance/s25_reg_gate__18_n_0
    SLICE_X152Y326       FDCE                                         r  SharedReg225_instance/Y_reg[14]/D
  -------------------------------------------------------------------    -------------------

                         (clock clk rise edge)        4.000     4.000 r  
    BC10                                              0.000     4.000 r  clk (IN)
                         net (fo=0)                   0.000     4.000    clk_IBUF_inst/I
    BC10                 INBUF (Prop_INBUF_HPIOB_M_PAD_O)
                                                      0.408     4.408 r  clk_IBUF_inst/INBUF_INST/O
                         net (fo=1, routed)           0.000     4.408    clk_IBUF_inst/OUT
    BC10                 IBUFCTRL (Prop_IBUFCTRL_HPIOB_M_I_O)
                                                      0.000     4.408 r  clk_IBUF_inst/IBUFCTRL_INST/O
                         net (fo=1, routed)           0.309     4.717    clk_IBUF
    BUFGCE_X0Y146        BUFGCE (Prop_BUFCE_BUFGCE_I_O)
                                                      0.024     4.741 r  clk_IBUF_BUFG_inst/O
    X3Y5 (CLOCK_ROOT)    net (fo=102003, routed)      2.339     7.080    SharedReg225_instance/clk
    SLICE_X152Y326       FDCE                                         r  SharedReg225_instance/Y_reg[14]/C
                         clock pessimism              0.381     7.461    
                         clock uncertainty           -0.035     7.426    
    SLICE_X152Y326       FDCE (Setup_DFF_SLICEM_C_D)
                                                      0.025     7.451    SharedReg225_instance/Y_reg[14]
  -------------------------------------------------------------------
                         required time                          7.451    
                         arrival time                          -7.167    
  -------------------------------------------------------------------
                         slack                                  0.284    




