Copyright 1986-2018 Xilinx, Inc. All Rights Reserved.
------------------------------------------------------------------------------------------------------------------------------------------------------------------------------------------------
| Tool Version      : Vivado v.2018.1 (lin64) Build 2188600 Wed Apr  4 18:39:19 MDT 2018
| Date              : Sat Aug 28 01:07:24 2021
| Host              : animal.digi.e-technik.uni-kassel.de running 64-bit AlmaLinux release 8.3 (Purple Manul)
| Command           : report_timing -file /home/nfiege/Repositories/origami/vhdl/ratII/synth/fir_SAM/UniformILPNew/fir_SAM_UniformILPNew_399_ultrascale2_250/implementedSystem_timing_synth.rpt
| Design            : implementedSystem_toplevel
| Device            : xcvu13p-fhga2104
| Speed File        : -2  PRODUCTION 1.19 03-17-2018
| Temperature Grade : E
------------------------------------------------------------------------------------------------------------------------------------------------------------------------------------------------

Timing Report

Slack (MET) :             0.397ns  (required time - arrival time)
  Source:                 SharedReg187_instance/s19_reg_c_rep/C
                            (rising edge-triggered cell FDCE clocked by clk  {rise@0.000ns fall@2.000ns period=4.000ns})
  Destination:            SharedReg51_instance/Y_reg[32]/D
                            (rising edge-triggered cell FDCE clocked by clk  {rise@0.000ns fall@2.000ns period=4.000ns})
  Path Group:             clk
  Path Type:              Setup (Max at Slow Process Corner)
  Requirement:            4.000ns  (clk rise@4.000ns - clk rise@0.000ns)
  Data Path Delay:        3.409ns  (logic 0.175ns (5.133%)  route 3.234ns (94.867%))
  Logic Levels:           1  (LUT2=1)
  Clock Path Skew:        -0.184ns (DCD - SCD + CPR)
    Destination Clock Delay (DCD):    2.501ns = ( 6.501 - 4.000 ) 
    Source Clock Delay      (SCD):    3.061ns
    Clock Pessimism Removal (CPR):    0.376ns
  Clock Uncertainty:      0.035ns  ((TSJ^2 + TIJ^2)^1/2 + DJ) / 2 + PE
    Total System Jitter     (TSJ):    0.071ns
    Total Input Jitter      (TIJ):    0.000ns
    Discrete Jitter          (DJ):    0.000ns
    Phase Error              (PE):    0.000ns
  Clock Net Delay (Source):      2.110ns (routing 0.921ns, distribution 1.189ns)
  Clock Net Delay (Destination): 1.841ns (routing 0.836ns, distribution 1.005ns)

    Location             Delay type                Incr(ns)  Path(ns)    Netlist Resource(s)
  -------------------------------------------------------------------    -------------------
                         (clock clk rise edge)        0.000     0.000 r  
    AP13                                              0.000     0.000 r  clk (IN)
                         net (fo=0)                   0.000     0.000    clk_IBUF_inst/I
    AP13                 INBUF (Prop_INBUF_HPIOB_M_PAD_O)
                                                      0.600     0.600 r  clk_IBUF_inst/INBUF_INST/O
                         net (fo=1, routed)           0.000     0.600    clk_IBUF_inst/OUT
    AP13                 IBUFCTRL (Prop_IBUFCTRL_HPIOB_M_I_O)
                                                      0.000     0.600 r  clk_IBUF_inst/IBUFCTRL_INST/O
                         net (fo=1, routed)           0.323     0.923    clk_IBUF
    BUFGCE_X0Y170        BUFGCE (Prop_BUFCE_BUFGCE_I_O)
                                                      0.028     0.951 r  clk_IBUF_BUFG_inst/O
    X4Y5 (CLOCK_ROOT)    net (fo=27757, routed)       2.110     3.061    SharedReg187_instance/clk_IBUF_BUFG
    SLICE_X158Y316       FDCE                                         r  SharedReg187_instance/s19_reg_c_rep/C
  -------------------------------------------------------------------    -------------------
    SLICE_X158Y316       FDCE (Prop_FFF_SLICEL_C_Q)
                                                      0.079     3.140 r  SharedReg187_instance/s19_reg_c_rep/Q
                         net (fo=122, routed)         3.184     6.324    SharedReg51_instance/s19_reg_c_rep
    SLICE_X148Y393       LUT2 (Prop_C6LUT_SLICEL_I1_O)
                                                      0.096     6.420 r  SharedReg51_instance/s19_reg_gate__0/O
                         net (fo=1, routed)           0.050     6.470    SharedReg51_instance/s19_reg_gate__0_n_0
    SLICE_X148Y393       FDCE                                         r  SharedReg51_instance/Y_reg[32]/D
  -------------------------------------------------------------------    -------------------

                         (clock clk rise edge)        4.000     4.000 r  
    AP13                                              0.000     4.000 r  clk (IN)
                         net (fo=0)                   0.000     4.000    clk_IBUF_inst/I
    AP13                 INBUF (Prop_INBUF_HPIOB_M_PAD_O)
                                                      0.349     4.349 r  clk_IBUF_inst/INBUF_INST/O
                         net (fo=1, routed)           0.000     4.349    clk_IBUF_inst/OUT
    AP13                 IBUFCTRL (Prop_IBUFCTRL_HPIOB_M_I_O)
                                                      0.000     4.349 r  clk_IBUF_inst/IBUFCTRL_INST/O
                         net (fo=1, routed)           0.287     4.636    clk_IBUF
    BUFGCE_X0Y170        BUFGCE (Prop_BUFCE_BUFGCE_I_O)
                                                      0.024     4.660 r  clk_IBUF_BUFG_inst/O
    X4Y5 (CLOCK_ROOT)    net (fo=27757, routed)       1.841     6.501    SharedReg51_instance/clk_IBUF_BUFG
    SLICE_X148Y393       FDCE                                         r  SharedReg51_instance/Y_reg[32]/C
                         clock pessimism              0.376     6.877    
                         clock uncertainty           -0.035     6.841    
    SLICE_X148Y393       FDCE (Setup_CFF_SLICEL_C_D)
                                                      0.025     6.866    SharedReg51_instance/Y_reg[32]
  -------------------------------------------------------------------
                         required time                          6.866    
                         arrival time                          -6.470    
  -------------------------------------------------------------------
                         slack                                  0.397    




