Copyright 1986-2018 Xilinx, Inc. All Rights Reserved.
---------------------------------------------------------------------------------------------------------------------------------------------------------------------------------------------------
| Tool Version      : Vivado v.2018.1 (lin64) Build 2188600 Wed Apr  4 18:39:19 MDT 2018
| Date              : Thu Aug 26 05:47:27 2021
| Host              : animal.digi.e-technik.uni-kassel.de running 64-bit AlmaLinux release 8.3 (Purple Manul)
| Command           : report_timing -file /home/nfiege/Repositories/origami/vhdl/ratII/synth/iir_sos16/UniformILPNew/iir_sos16_UniformILPNew_19_ultrascale2_250/implementedSystem_timing_synth.rpt
| Design            : implementedSystem_toplevel
| Device            : xcvu13p-fhga2104
| Speed File        : -2  PRODUCTION 1.19 03-17-2018
| Temperature Grade : E
---------------------------------------------------------------------------------------------------------------------------------------------------------------------------------------------------

Timing Report

Slack (MET) :             0.393ns  (required time - arrival time)
  Source:                 ModCount641_instance/count_reg[4]_rep__0/C
                            (rising edge-triggered cell FDCE clocked by clk  {rise@0.000ns fall@2.000ns period=4.000ns})
  Destination:            Delay1No6_instance/Y_reg[32]/D
                            (rising edge-triggered cell FDCE clocked by clk  {rise@0.000ns fall@2.000ns period=4.000ns})
  Path Group:             clk
  Path Type:              Setup (Max at Slow Process Corner)
  Requirement:            4.000ns  (clk rise@4.000ns - clk rise@0.000ns)
  Data Path Delay:        3.447ns  (logic 0.231ns (6.701%)  route 3.216ns (93.299%))
  Logic Levels:           2  (LUT6=1 MUXF7=1)
  Clock Path Skew:        -0.150ns (DCD - SCD + CPR)
    Destination Clock Delay (DCD):    2.177ns = ( 6.177 - 4.000 ) 
    Source Clock Delay      (SCD):    2.733ns
    Clock Pessimism Removal (CPR):    0.406ns
  Clock Uncertainty:      0.035ns  ((TSJ^2 + TIJ^2)^1/2 + DJ) / 2 + PE
    Total System Jitter     (TSJ):    0.071ns
    Total Input Jitter      (TIJ):    0.000ns
    Discrete Jitter          (DJ):    0.000ns
    Phase Error              (PE):    0.000ns
  Clock Net Delay (Source):      1.782ns (routing 0.711ns, distribution 1.071ns)
  Clock Net Delay (Destination): 1.517ns (routing 0.646ns, distribution 0.871ns)

    Location             Delay type                Incr(ns)  Path(ns)    Netlist Resource(s)
  -------------------------------------------------------------------    -------------------
                         (clock clk rise edge)        0.000     0.000 r  
    AP13                                              0.000     0.000 r  clk (IN)
                         net (fo=0)                   0.000     0.000    clk_IBUF_inst/I
    AP13                 INBUF (Prop_INBUF_HPIOB_M_PAD_O)
                                                      0.600     0.600 r  clk_IBUF_inst/INBUF_INST/O
                         net (fo=1, routed)           0.000     0.600    clk_IBUF_inst/OUT
    AP13                 IBUFCTRL (Prop_IBUFCTRL_HPIOB_M_I_O)
                                                      0.000     0.600 r  clk_IBUF_inst/IBUFCTRL_INST/O
                         net (fo=1, routed)           0.323     0.923    clk_IBUF
    BUFGCE_X0Y170        BUFGCE (Prop_BUFCE_BUFGCE_I_O)
                                                      0.028     0.951 r  clk_IBUF_BUFG_inst/O
    X4Y6 (CLOCK_ROOT)    net (fo=13353, routed)       1.782     2.733    ModCount641_instance/clk_IBUF_BUFG
    SLICE_X135Y415       FDCE                                         r  ModCount641_instance/count_reg[4]_rep__0/C
  -------------------------------------------------------------------    -------------------
    SLICE_X135Y415       FDCE (Prop_EFF_SLICEL_C_Q)
                                                      0.079     2.812 r  ModCount641_instance/count_reg[4]_rep__0/Q
                         net (fo=136, routed)         3.175     5.987    MUX_Sum1_0_impl_0_instance/count_reg[4]_rep__0
    SLICE_X119Y405       LUT6 (Prop_C6LUT_SLICEL_I2_O)
                                                      0.088     6.075 r  MUX_Sum1_0_impl_0_instance/Y[32]_i_3/O
                         net (fo=1, routed)           0.010     6.085    MUX_Sum1_0_impl_0_instance/Y[32]_i_3_n_0
    SLICE_X119Y405       MUXF7 (Prop_F7MUX_CD_SLICEL_I1_O)
                                                      0.064     6.149 r  MUX_Sum1_0_impl_0_instance/Y_reg[32]_i_1/O
                         net (fo=1, routed)           0.031     6.180    Delay1No6_instance/count_reg[5][32]
    SLICE_X119Y405       FDCE                                         r  Delay1No6_instance/Y_reg[32]/D
  -------------------------------------------------------------------    -------------------

                         (clock clk rise edge)        4.000     4.000 r  
    AP13                                              0.000     4.000 r  clk (IN)
                         net (fo=0)                   0.000     4.000    clk_IBUF_inst/I
    AP13                 INBUF (Prop_INBUF_HPIOB_M_PAD_O)
                                                      0.349     4.349 r  clk_IBUF_inst/INBUF_INST/O
                         net (fo=1, routed)           0.000     4.349    clk_IBUF_inst/OUT
    AP13                 IBUFCTRL (Prop_IBUFCTRL_HPIOB_M_I_O)
                                                      0.000     4.349 r  clk_IBUF_inst/IBUFCTRL_INST/O
                         net (fo=1, routed)           0.287     4.636    clk_IBUF
    BUFGCE_X0Y170        BUFGCE (Prop_BUFCE_BUFGCE_I_O)
                                                      0.024     4.660 r  clk_IBUF_BUFG_inst/O
    X4Y6 (CLOCK_ROOT)    net (fo=13353, routed)       1.517     6.177    Delay1No6_instance/clk_IBUF_BUFG
    SLICE_X119Y405       FDCE                                         r  Delay1No6_instance/Y_reg[32]/C
                         clock pessimism              0.406     6.583    
                         clock uncertainty           -0.035     6.547    
    SLICE_X119Y405       FDCE (Setup_DFF_SLICEL_C_D)
                                                      0.025     6.572    Delay1No6_instance/Y_reg[32]
  -------------------------------------------------------------------
                         required time                          6.572    
                         arrival time                          -6.180    
  -------------------------------------------------------------------
                         slack                                  0.393    




