Copyright 1986-2018 Xilinx, Inc. All Rights Reserved.
------------------------------------------------------------------------------------------------------------------------------------------------------------------------------------------------
| Tool Version      : Vivado v.2018.1 (lin64) Build 2188600 Wed Apr  4 18:39:19 MDT 2018
| Date              : Fri Aug 27 15:56:13 2021
| Host              : animal.digi.e-technik.uni-kassel.de running 64-bit AlmaLinux release 8.3 (Purple Manul)
| Command           : report_timing -file /home/nfiege/Repositories/origami/vhdl/ratII/synth/fir_SAM/UniformILPNew/fir_SAM_UniformILPNew_306_ultrascale2_250/implementedSystem_timing_synth.rpt
| Design            : implementedSystem_toplevel
| Device            : xcvu13p-fhga2104
| Speed File        : -2  PRODUCTION 1.19 03-17-2018
| Temperature Grade : E
------------------------------------------------------------------------------------------------------------------------------------------------------------------------------------------------

Timing Report

Slack (MET) :             0.263ns  (required time - arrival time)
  Source:                 SharedReg397_instance/s25_reg_c/C
                            (rising edge-triggered cell FDCE clocked by clk  {rise@0.000ns fall@2.000ns period=4.000ns})
  Destination:            SharedReg426_instance/Y_reg[30]/D
                            (rising edge-triggered cell FDCE clocked by clk  {rise@0.000ns fall@2.000ns period=4.000ns})
  Path Group:             clk
  Path Type:              Setup (Max at Slow Process Corner)
  Requirement:            4.000ns  (clk rise@4.000ns - clk rise@0.000ns)
  Data Path Delay:        3.476ns  (logic 0.201ns (5.783%)  route 3.275ns (94.217%))
  Logic Levels:           1  (LUT2=1)
  Clock Path Skew:        -0.251ns (DCD - SCD + CPR)
    Destination Clock Delay (DCD):    2.606ns = ( 6.606 - 4.000 ) 
    Source Clock Delay      (SCD):    3.260ns
    Clock Pessimism Removal (CPR):    0.403ns
  Clock Uncertainty:      0.035ns  ((TSJ^2 + TIJ^2)^1/2 + DJ) / 2 + PE
    Total System Jitter     (TSJ):    0.071ns
    Total Input Jitter      (TIJ):    0.000ns
    Discrete Jitter          (DJ):    0.000ns
    Phase Error              (PE):    0.000ns
  Clock Net Delay (Source):      2.309ns (routing 1.147ns, distribution 1.162ns)
  Clock Net Delay (Destination): 1.946ns (routing 1.043ns, distribution 0.903ns)

    Location             Delay type                Incr(ns)  Path(ns)    Netlist Resource(s)
  -------------------------------------------------------------------    -------------------
                         (clock clk rise edge)        0.000     0.000 r  
    AU14                                              0.000     0.000 r  clk (IN)
                         net (fo=0)                   0.000     0.000    clk_IBUF_inst/I
    AU14                 INBUF (Prop_INBUF_HPIOB_M_PAD_O)
                                                      0.600     0.600 r  clk_IBUF_inst/INBUF_INST/O
                         net (fo=1, routed)           0.000     0.600    clk_IBUF_inst/OUT
    AU14                 IBUFCTRL (Prop_IBUFCTRL_HPIOB_M_I_O)
                                                      0.000     0.600 r  clk_IBUF_inst/IBUFCTRL_INST/O
                         net (fo=1, routed)           0.323     0.923    clk_IBUF
    BUFGCE_X0Y170        BUFGCE (Prop_BUFCE_BUFGCE_I_O)
                                                      0.028     0.951 r  clk_IBUF_BUFG_inst/O
    X5Y5 (CLOCK_ROOT)    net (fo=61781, routed)       2.309     3.260    SharedReg397_instance/clk
    SLICE_X127Y370       FDCE                                         r  SharedReg397_instance/s25_reg_c/C
  -------------------------------------------------------------------    -------------------
    SLICE_X127Y370       FDCE (Prop_FFF_SLICEL_C_Q)
                                                      0.079     3.339 r  SharedReg397_instance/s25_reg_c/Q
                         net (fo=307, routed)         3.203     6.542    SharedReg426_instance/s25_reg_c
    SLICE_X146Y455       LUT2 (Prop_D6LUT_SLICEM_I1_O)
                                                      0.122     6.664 r  SharedReg426_instance/s25_reg_gate__2/O
                         net (fo=1, routed)           0.072     6.736    SharedReg426_instance/s25_reg_gate__2_n_0
    SLICE_X146Y455       FDCE                                         r  SharedReg426_instance/Y_reg[30]/D
  -------------------------------------------------------------------    -------------------

                         (clock clk rise edge)        4.000     4.000 r  
    AU14                                              0.000     4.000 r  clk (IN)
                         net (fo=0)                   0.000     4.000    clk_IBUF_inst/I
    AU14                 INBUF (Prop_INBUF_HPIOB_M_PAD_O)
                                                      0.349     4.349 r  clk_IBUF_inst/INBUF_INST/O
                         net (fo=1, routed)           0.000     4.349    clk_IBUF_inst/OUT
    AU14                 IBUFCTRL (Prop_IBUFCTRL_HPIOB_M_I_O)
                                                      0.000     4.349 r  clk_IBUF_inst/IBUFCTRL_INST/O
                         net (fo=1, routed)           0.287     4.636    clk_IBUF
    BUFGCE_X0Y170        BUFGCE (Prop_BUFCE_BUFGCE_I_O)
                                                      0.024     4.660 r  clk_IBUF_BUFG_inst/O
    X5Y5 (CLOCK_ROOT)    net (fo=61781, routed)       1.946     6.606    SharedReg426_instance/clk
    SLICE_X146Y455       FDCE                                         r  SharedReg426_instance/Y_reg[30]/C
                         clock pessimism              0.403     7.009    
                         clock uncertainty           -0.035     6.974    
    SLICE_X146Y455       FDCE (Setup_DFF_SLICEM_C_D)
                                                      0.025     6.999    SharedReg426_instance/Y_reg[30]
  -------------------------------------------------------------------
                         required time                          6.999    
                         arrival time                          -6.736    
  -------------------------------------------------------------------
                         slack                                  0.263    




