Copyright 1986-2018 Xilinx, Inc. All Rights Reserved.
------------------------------------------------------------------------------------------------------------------------------------------------------------------------------------------------
| Tool Version      : Vivado v.2018.1 (lin64) Build 2188600 Wed Apr  4 18:39:19 MDT 2018
| Date              : Fri Aug 27 23:55:38 2021
| Host              : animal.digi.e-technik.uni-kassel.de running 64-bit AlmaLinux release 8.3 (Purple Manul)
| Command           : report_timing -file /home/nfiege/Repositories/origami/vhdl/ratII/synth/fir_SAM/UniformILPNew/fir_SAM_UniformILPNew_494_ultrascale2_250/implementedSystem_timing_synth.rpt
| Design            : implementedSystem_toplevel
| Device            : xcvu13p-fhga2104
| Speed File        : -2  PRODUCTION 1.19 03-17-2018
| Temperature Grade : E
------------------------------------------------------------------------------------------------------------------------------------------------------------------------------------------------

Timing Report

Slack (MET) :             0.380ns  (required time - arrival time)
  Source:                 SharedReg311_instance/s12_reg_c/C
                            (rising edge-triggered cell FDCE clocked by clk  {rise@0.000ns fall@2.000ns period=4.000ns})
  Destination:            Delay697No2_instance/Y_reg[2]/D
                            (rising edge-triggered cell FDCE clocked by clk  {rise@0.000ns fall@2.000ns period=4.000ns})
  Path Group:             clk
  Path Type:              Setup (Max at Slow Process Corner)
  Requirement:            4.000ns  (clk rise@4.000ns - clk rise@0.000ns)
  Data Path Delay:        3.408ns  (logic 0.166ns (4.871%)  route 3.242ns (95.129%))
  Logic Levels:           1  (LUT2=1)
  Clock Path Skew:        -0.202ns (DCD - SCD + CPR)
    Destination Clock Delay (DCD):    2.589ns = ( 6.589 - 4.000 ) 
    Source Clock Delay      (SCD):    3.185ns
    Clock Pessimism Removal (CPR):    0.395ns
  Clock Uncertainty:      0.035ns  ((TSJ^2 + TIJ^2)^1/2 + DJ) / 2 + PE
    Total System Jitter     (TSJ):    0.071ns
    Total Input Jitter      (TIJ):    0.000ns
    Discrete Jitter          (DJ):    0.000ns
    Phase Error              (PE):    0.000ns
  Clock Net Delay (Source):      2.248ns (routing 1.147ns, distribution 1.101ns)
  Clock Net Delay (Destination): 1.942ns (routing 1.043ns, distribution 0.899ns)

    Location             Delay type                Incr(ns)  Path(ns)    Netlist Resource(s)
  -------------------------------------------------------------------    -------------------
                         (clock clk rise edge)        0.000     0.000 r  
    AR14                                              0.000     0.000 r  clk (IN)
                         net (fo=0)                   0.000     0.000    clk_IBUF_inst/I
    AR14                 INBUF (Prop_INBUF_HPIOB_M_PAD_O)
                                                      0.586     0.586 r  clk_IBUF_inst/INBUF_INST/O
                         net (fo=1, routed)           0.000     0.586    clk_IBUF_inst/OUT
    AR14                 IBUFCTRL (Prop_IBUFCTRL_HPIOB_M_I_O)
                                                      0.000     0.586 r  clk_IBUF_inst/IBUFCTRL_INST/O
                         net (fo=1, routed)           0.323     0.909    clk_IBUF
    BUFGCE_X0Y170        BUFGCE (Prop_BUFCE_BUFGCE_I_O)
                                                      0.028     0.937 r  clk_IBUF_BUFG_inst/O
    X5Y5 (CLOCK_ROOT)    net (fo=41949, routed)       2.248     3.185    SharedReg311_instance/clk
    SLICE_X167Y387       FDCE                                         r  SharedReg311_instance/s12_reg_c/C
  -------------------------------------------------------------------    -------------------
    SLICE_X167Y387       FDCE (Prop_FFF_SLICEM_C_Q)
                                                      0.076     3.261 r  SharedReg311_instance/s12_reg_c/Q
                         net (fo=388, routed)         3.184     6.445    Delay697No2_instance/s12_reg_c
    SLICE_X166Y317       LUT2 (Prop_H6LUT_SLICEM_I1_O)
                                                      0.090     6.535 r  Delay697No2_instance/s12_reg_gate__30/O
                         net (fo=1, routed)           0.058     6.593    Delay697No2_instance/s12_reg_gate__30_n_0
    SLICE_X166Y317       FDCE                                         r  Delay697No2_instance/Y_reg[2]/D
  -------------------------------------------------------------------    -------------------

                         (clock clk rise edge)        4.000     4.000 r  
    AR14                                              0.000     4.000 r  clk (IN)
                         net (fo=0)                   0.000     4.000    clk_IBUF_inst/I
    AR14                 INBUF (Prop_INBUF_HPIOB_M_PAD_O)
                                                      0.336     4.336 r  clk_IBUF_inst/INBUF_INST/O
                         net (fo=1, routed)           0.000     4.336    clk_IBUF_inst/OUT
    AR14                 IBUFCTRL (Prop_IBUFCTRL_HPIOB_M_I_O)
                                                      0.000     4.336 r  clk_IBUF_inst/IBUFCTRL_INST/O
                         net (fo=1, routed)           0.287     4.623    clk_IBUF
    BUFGCE_X0Y170        BUFGCE (Prop_BUFCE_BUFGCE_I_O)
                                                      0.024     4.647 r  clk_IBUF_BUFG_inst/O
    X5Y5 (CLOCK_ROOT)    net (fo=41949, routed)       1.942     6.589    Delay697No2_instance/clk_IBUF_BUFG
    SLICE_X166Y317       FDCE                                         r  Delay697No2_instance/Y_reg[2]/C
                         clock pessimism              0.395     6.983    
                         clock uncertainty           -0.035     6.948    
    SLICE_X166Y317       FDCE (Setup_HFF_SLICEM_C_D)
                                                      0.025     6.973    Delay697No2_instance/Y_reg[2]
  -------------------------------------------------------------------
                         required time                          6.973    
                         arrival time                          -6.593    
  -------------------------------------------------------------------
                         slack                                  0.380    




