Copyright 1986-2018 Xilinx, Inc. All Rights Reserved.
-----------------------------------------------------------------------------------------------------------------------------------------------------------------------------------------------------
| Tool Version      : Vivado v.2018.1 (lin64) Build 2188600 Wed Apr  4 18:39:19 MDT 2018
| Date              : Tue Nov 30 06:03:56 2021
| Host              : animal.digi.e-technik.uni-kassel.de running 64-bit AlmaLinux release 8.4 (Electric Cheetah)
| Command           : report_timing -file /home/nfiege/Repositories/origami/vhdl/ratII/synth/intII/r2_FFT/r2_FFT_ED97_10_wrapper_ultrascale2_250/implementedSystem_toplevel_wrapper_timing_synth.rpt
| Design            : implementedSystem_toplevel_wrapper
| Device            : xcvu13p-fhga2104
| Speed File        : -2  PRODUCTION 1.19 03-17-2018
| Temperature Grade : E
-----------------------------------------------------------------------------------------------------------------------------------------------------------------------------------------------------

Timing Report

Slack (MET) :             0.083ns  (required time - arrival time)
  Source:                 DUT/ModCount141_instance/count_reg[3]_rep__0/C
                            (rising edge-triggered cell FDCE clocked by clk  {rise@0.000ns fall@2.000ns period=4.000ns})
  Destination:            DUT/Delay1No67_instance/Y_reg[2]/D
                            (rising edge-triggered cell FDCE clocked by clk  {rise@0.000ns fall@2.000ns period=4.000ns})
  Path Group:             clk
  Path Type:              Setup (Max at Slow Process Corner)
  Requirement:            4.000ns  (clk rise@4.000ns - clk rise@0.000ns)
  Data Path Delay:        3.561ns  (logic 0.148ns (4.156%)  route 3.413ns (95.844%))
  Logic Levels:           1  (MUXF7=1)
  Clock Path Skew:        -0.346ns (DCD - SCD + CPR)
    Destination Clock Delay (DCD):    2.458ns = ( 6.458 - 4.000 ) 
    Source Clock Delay      (SCD):    3.202ns
    Clock Pessimism Removal (CPR):    0.398ns
  Clock Uncertainty:      0.035ns  ((TSJ^2 + TIJ^2)^1/2 + DJ) / 2 + PE
    Total System Jitter     (TSJ):    0.071ns
    Total Input Jitter      (TIJ):    0.000ns
    Discrete Jitter          (DJ):    0.000ns
    Phase Error              (PE):    0.000ns
  Clock Net Delay (Source):      2.244ns (routing 1.167ns, distribution 1.077ns)
  Clock Net Delay (Destination): 1.791ns (routing 1.060ns, distribution 0.731ns)

    Location             Delay type                Incr(ns)  Path(ns)    Netlist Resource(s)
  -------------------------------------------------------------------    -------------------
                         (clock clk rise edge)        0.000     0.000 r  
    AV14                                              0.000     0.000 r  clk (IN)
                         net (fo=0)                   0.000     0.000    clk_IBUF_inst/I
    AV14                 INBUF (Prop_INBUF_HPIOB_M_PAD_O)
                                                      0.607     0.607 r  clk_IBUF_inst/INBUF_INST/O
                         net (fo=1, routed)           0.000     0.607    clk_IBUF_inst/OUT
    AV14                 IBUFCTRL (Prop_IBUFCTRL_HPIOB_M_I_O)
                                                      0.000     0.607 r  clk_IBUF_inst/IBUFCTRL_INST/O
                         net (fo=1, routed)           0.323     0.930    clk_IBUF
    BUFGCE_X0Y170        BUFGCE (Prop_BUFCE_BUFGCE_I_O)
                                                      0.028     0.958 r  clk_IBUF_BUFG_inst/O
    X3Y5 (CLOCK_ROOT)    net (fo=24705, routed)       2.244     3.202    DUT/ModCount141_instance/clk_IBUF_BUFG
    SLICE_X124Y379       FDCE                                         r  DUT/ModCount141_instance/count_reg[3]_rep__0/C
  -------------------------------------------------------------------    -------------------
    SLICE_X124Y379       FDCE (Prop_BFF_SLICEM_C_Q)
                                                      0.078     3.280 r  DUT/ModCount141_instance/count_reg[3]_rep__0/Q
                         net (fo=164, routed)         3.382     6.662    DUT/MUX_Product19_impl_1_instance/count_reg[3]_rep__0
    SLICE_X105Y348       MUXF7 (Prop_F7MUX_GH_SLICEL_S_O)
                                                      0.070     6.732 r  DUT/MUX_Product19_impl_1_instance/Y_reg[2]_i_1/O
                         net (fo=1, routed)           0.031     6.763    DUT/Delay1No67_instance/D[2]
    SLICE_X105Y348       FDCE                                         r  DUT/Delay1No67_instance/Y_reg[2]/D
  -------------------------------------------------------------------    -------------------

                         (clock clk rise edge)        4.000     4.000 r  
    AV14                                              0.000     4.000 r  clk (IN)
                         net (fo=0)                   0.000     4.000    clk_IBUF_inst/I
    AV14                 INBUF (Prop_INBUF_HPIOB_M_PAD_O)
                                                      0.356     4.356 r  clk_IBUF_inst/INBUF_INST/O
                         net (fo=1, routed)           0.000     4.356    clk_IBUF_inst/OUT
    AV14                 IBUFCTRL (Prop_IBUFCTRL_HPIOB_M_I_O)
                                                      0.000     4.356 r  clk_IBUF_inst/IBUFCTRL_INST/O
                         net (fo=1, routed)           0.287     4.643    clk_IBUF
    BUFGCE_X0Y170        BUFGCE (Prop_BUFCE_BUFGCE_I_O)
                                                      0.024     4.667 r  clk_IBUF_BUFG_inst/O
    X3Y5 (CLOCK_ROOT)    net (fo=24705, routed)       1.791     6.458    DUT/Delay1No67_instance/clk_IBUF_BUFG
    SLICE_X105Y348       FDCE                                         r  DUT/Delay1No67_instance/Y_reg[2]/C
                         clock pessimism              0.398     6.856    
                         clock uncertainty           -0.035     6.821    
    SLICE_X105Y348       FDCE (Setup_HFF_SLICEL_C_D)
                                                      0.025     6.846    DUT/Delay1No67_instance/Y_reg[2]
  -------------------------------------------------------------------
                         required time                          6.846    
                         arrival time                          -6.763    
  -------------------------------------------------------------------
                         slack                                  0.083    




