Copyright 1986-2018 Xilinx, Inc. All Rights Reserved.
-----------------------------------------------------------------------------------------------------------------------------------------------------------------------------------------------
| Tool Version      : Vivado v.2018.1 (lin64) Build 2188600 Wed Apr  4 18:39:19 MDT 2018
| Date              : Fri Aug 27 14:43:16 2021
| Host              : animal.digi.e-technik.uni-kassel.de running 64-bit AlmaLinux release 8.3 (Purple Manul)
| Command           : report_timing -file /home/nfiege/Repositories/origami/vhdl/ratII/synth/fir_SAM/UniformILPNew/fir_SAM_UniformILPNew_53_ultrascale2_250/implementedSystem_timing_synth.rpt
| Design            : implementedSystem_toplevel
| Device            : xcvu13p-fhga2104
| Speed File        : -2  PRODUCTION 1.19 03-17-2018
| Temperature Grade : E
-----------------------------------------------------------------------------------------------------------------------------------------------------------------------------------------------

Timing Report

Slack (MET) :             0.380ns  (required time - arrival time)
  Source:                 SharedReg420_instance/s5_reg_c_rep__0/C
                            (rising edge-triggered cell FDCE clocked by clk  {rise@0.000ns fall@2.000ns period=4.000ns})
  Destination:            SharedReg489_instance/Y_reg[14]/D
                            (rising edge-triggered cell FDCE clocked by clk  {rise@0.000ns fall@2.000ns period=4.000ns})
  Path Group:             clk
  Path Type:              Setup (Max at Slow Process Corner)
  Requirement:            4.000ns  (clk rise@4.000ns - clk rise@0.000ns)
  Data Path Delay:        3.456ns  (logic 0.131ns (3.791%)  route 3.325ns (96.209%))
  Logic Levels:           1  (LUT2=1)
  Clock Path Skew:        -0.154ns (DCD - SCD + CPR)
    Destination Clock Delay (DCD):    2.676ns = ( 6.676 - 4.000 ) 
    Source Clock Delay      (SCD):    3.225ns
    Clock Pessimism Removal (CPR):    0.395ns
  Clock Uncertainty:      0.035ns  ((TSJ^2 + TIJ^2)^1/2 + DJ) / 2 + PE
    Total System Jitter     (TSJ):    0.071ns
    Total Input Jitter      (TIJ):    0.000ns
    Discrete Jitter          (DJ):    0.000ns
    Phase Error              (PE):    0.000ns
  Clock Net Delay (Source):      2.267ns (routing 1.147ns, distribution 1.120ns)
  Clock Net Delay (Destination): 2.009ns (routing 1.043ns, distribution 0.966ns)

    Location             Delay type                Incr(ns)  Path(ns)    Netlist Resource(s)
  -------------------------------------------------------------------    -------------------
                         (clock clk rise edge)        0.000     0.000 r  
    AV14                                              0.000     0.000 r  clk (IN)
                         net (fo=0)                   0.000     0.000    clk_IBUF_inst/I
    AV14                 INBUF (Prop_INBUF_HPIOB_M_PAD_O)
                                                      0.607     0.607 r  clk_IBUF_inst/INBUF_INST/O
                         net (fo=1, routed)           0.000     0.607    clk_IBUF_inst/OUT
    AV14                 IBUFCTRL (Prop_IBUFCTRL_HPIOB_M_I_O)
                                                      0.000     0.607 r  clk_IBUF_inst/IBUFCTRL_INST/O
                         net (fo=1, routed)           0.323     0.930    clk_IBUF
    BUFGCE_X0Y170        BUFGCE (Prop_BUFCE_BUFGCE_I_O)
                                                      0.028     0.958 r  clk_IBUF_BUFG_inst/O
    X5Y5 (CLOCK_ROOT)    net (fo=56932, routed)       2.267     3.225    SharedReg420_instance/clk_IBUF_BUFG
    SLICE_X170Y441       FDCE                                         r  SharedReg420_instance/s5_reg_c_rep__0/C
  -------------------------------------------------------------------    -------------------
    SLICE_X170Y441       FDCE (Prop_DFF2_SLICEL_C_Q)
                                                      0.081     3.306 r  SharedReg420_instance/s5_reg_c_rep__0/Q
                         net (fo=131, routed)         3.276     6.582    SharedReg489_instance/s5_reg_c_rep__0
    SLICE_X127Y344       LUT2 (Prop_D6LUT_SLICEL_I1_O)
                                                      0.050     6.632 r  SharedReg489_instance/s5_reg_gate__18/O
                         net (fo=1, routed)           0.049     6.681    SharedReg489_instance/s5_reg_gate__18_n_0
    SLICE_X127Y344       FDCE                                         r  SharedReg489_instance/Y_reg[14]/D
  -------------------------------------------------------------------    -------------------

                         (clock clk rise edge)        4.000     4.000 r  
    AV14                                              0.000     4.000 r  clk (IN)
                         net (fo=0)                   0.000     4.000    clk_IBUF_inst/I
    AV14                 INBUF (Prop_INBUF_HPIOB_M_PAD_O)
                                                      0.356     4.356 r  clk_IBUF_inst/INBUF_INST/O
                         net (fo=1, routed)           0.000     4.356    clk_IBUF_inst/OUT
    AV14                 IBUFCTRL (Prop_IBUFCTRL_HPIOB_M_I_O)
                                                      0.000     4.356 r  clk_IBUF_inst/IBUFCTRL_INST/O
                         net (fo=1, routed)           0.287     4.643    clk_IBUF
    BUFGCE_X0Y170        BUFGCE (Prop_BUFCE_BUFGCE_I_O)
                                                      0.024     4.667 r  clk_IBUF_BUFG_inst/O
    X5Y5 (CLOCK_ROOT)    net (fo=56932, routed)       2.009     6.676    SharedReg489_instance/clk_IBUF_BUFG
    SLICE_X127Y344       FDCE                                         r  SharedReg489_instance/Y_reg[14]/C
                         clock pessimism              0.395     7.071    
                         clock uncertainty           -0.035     7.036    
    SLICE_X127Y344       FDCE (Setup_DFF_SLICEL_C_D)
                                                      0.025     7.061    SharedReg489_instance/Y_reg[14]
  -------------------------------------------------------------------
                         required time                          7.061    
                         arrival time                          -6.681    
  -------------------------------------------------------------------
                         slack                                  0.380    




