Copyright 1986-2018 Xilinx, Inc. All Rights Reserved.
-----------------------------------------------------------------------------------------------------------------------------------------------------------------------------------------------
| Tool Version      : Vivado v.2018.1 (lin64) Build 2188600 Wed Apr  4 18:39:19 MDT 2018
| Date              : Wed Dec  9 00:52:16 2020
| Host              : animal.digi.e-technik.uni-kassel.de running 64-bit CentOS Linux release 7.8.2003 (Core)
| Command           : report_timing -file /home/nfiege/Repositories/origami/vhdl/ratII/synth/fir_SAM/NonUniformILP/fir_SAM_NonUniformILP_33_ultrascale2_250/implementedSystem_timing_synth.rpt
| Design            : implementedSystem_toplevel
| Device            : xcvu13p-fhga2104
| Speed File        : -2  PRODUCTION 1.19 03-17-2018
| Temperature Grade : E
-----------------------------------------------------------------------------------------------------------------------------------------------------------------------------------------------

Timing Report

Slack (MET) :             0.266ns  (required time - arrival time)
  Source:                 Delay263No1_instance/s3_reg_c/C
                            (rising edge-triggered cell FDCE clocked by clk  {rise@0.000ns fall@2.000ns period=4.000ns})
  Destination:            SharedReg68_instance/Y_reg[32]/D
                            (rising edge-triggered cell FDCE clocked by clk  {rise@0.000ns fall@2.000ns period=4.000ns})
  Path Group:             clk
  Path Type:              Setup (Max at Slow Process Corner)
  Requirement:            4.000ns  (clk rise@4.000ns - clk rise@0.000ns)
  Data Path Delay:        3.508ns  (logic 0.169ns (4.818%)  route 3.339ns (95.182%))
  Logic Levels:           1  (LUT2=1)
  Clock Path Skew:        -0.215ns (DCD - SCD + CPR)
    Destination Clock Delay (DCD):    2.385ns = ( 6.385 - 4.000 ) 
    Source Clock Delay      (SCD):    3.021ns
    Clock Pessimism Removal (CPR):    0.421ns
  Clock Uncertainty:      0.035ns  ((TSJ^2 + TIJ^2)^1/2 + DJ) / 2 + PE
    Total System Jitter     (TSJ):    0.071ns
    Total Input Jitter      (TIJ):    0.000ns
    Discrete Jitter          (DJ):    0.000ns
    Phase Error              (PE):    0.000ns
  Clock Net Delay (Source):      2.070ns (routing 0.711ns, distribution 1.359ns)
  Clock Net Delay (Destination): 1.725ns (routing 0.646ns, distribution 1.079ns)

    Location             Delay type                Incr(ns)  Path(ns)    Netlist Resource(s)
  -------------------------------------------------------------------    -------------------
                         (clock clk rise edge)        0.000     0.000 r  
    AP13                                              0.000     0.000 r  clk (IN)
                         net (fo=0)                   0.000     0.000    clk_IBUF_inst/I
    AP13                 INBUF (Prop_INBUF_HPIOB_M_PAD_O)
                                                      0.600     0.600 r  clk_IBUF_inst/INBUF_INST/O
                         net (fo=1, routed)           0.000     0.600    clk_IBUF_inst/OUT
    AP13                 IBUFCTRL (Prop_IBUFCTRL_HPIOB_M_I_O)
                                                      0.000     0.600 r  clk_IBUF_inst/IBUFCTRL_INST/O
                         net (fo=1, routed)           0.323     0.923    clk_IBUF
    BUFGCE_X0Y170        BUFGCE (Prop_BUFCE_BUFGCE_I_O)
                                                      0.028     0.951 r  clk_IBUF_BUFG_inst/O
    X4Y6 (CLOCK_ROOT)    net (fo=60104, routed)       2.070     3.021    Delay263No1_instance/clk_IBUF_BUFG
    SLICE_X167Y392       FDCE                                         r  Delay263No1_instance/s3_reg_c/C
  -------------------------------------------------------------------    -------------------
    SLICE_X167Y392       FDCE (Prop_EFF2_SLICEM_C_Q)
                                                      0.079     3.100 r  Delay263No1_instance/s3_reg_c/Q
                         net (fo=585, routed)         3.280     6.380    SharedReg68_instance/s3_reg_c
    SLICE_X137Y404       LUT2 (Prop_G6LUT_SLICEM_I1_O)
                                                      0.090     6.470 r  SharedReg68_instance/s3_reg_gate__0/O
                         net (fo=1, routed)           0.059     6.529    SharedReg68_instance/s3_reg_gate__0_n_0
    SLICE_X137Y404       FDCE                                         r  SharedReg68_instance/Y_reg[32]/D
  -------------------------------------------------------------------    -------------------

                         (clock clk rise edge)        4.000     4.000 r  
    AP13                                              0.000     4.000 r  clk (IN)
                         net (fo=0)                   0.000     4.000    clk_IBUF_inst/I
    AP13                 INBUF (Prop_INBUF_HPIOB_M_PAD_O)
                                                      0.349     4.349 r  clk_IBUF_inst/INBUF_INST/O
                         net (fo=1, routed)           0.000     4.349    clk_IBUF_inst/OUT
    AP13                 IBUFCTRL (Prop_IBUFCTRL_HPIOB_M_I_O)
                                                      0.000     4.349 r  clk_IBUF_inst/IBUFCTRL_INST/O
                         net (fo=1, routed)           0.287     4.636    clk_IBUF
    BUFGCE_X0Y170        BUFGCE (Prop_BUFCE_BUFGCE_I_O)
                                                      0.024     4.660 r  clk_IBUF_BUFG_inst/O
    X4Y6 (CLOCK_ROOT)    net (fo=60104, routed)       1.725     6.385    SharedReg68_instance/clk
    SLICE_X137Y404       FDCE                                         r  SharedReg68_instance/Y_reg[32]/C
                         clock pessimism              0.421     6.805    
                         clock uncertainty           -0.035     6.770    
    SLICE_X137Y404       FDCE (Setup_GFF_SLICEM_C_D)
                                                      0.025     6.795    SharedReg68_instance/Y_reg[32]
  -------------------------------------------------------------------
                         required time                          6.795    
                         arrival time                          -6.529    
  -------------------------------------------------------------------
                         slack                                  0.266    




