Copyright 1986-2018 Xilinx, Inc. All Rights Reserved.
-----------------------------------------------------------------------------------------------------------------------------------------------------------------------------------------------
| Tool Version      : Vivado v.2018.1 (lin64) Build 2188600 Wed Apr  4 18:39:19 MDT 2018
| Date              : Sat Aug 28 04:59:31 2021
| Host              : animal.digi.e-technik.uni-kassel.de running 64-bit AlmaLinux release 8.3 (Purple Manul)
| Command           : report_timing -file /home/nfiege/Repositories/origami/vhdl/ratII/synth/fir_SAM/UniformILPNew/fir_SAM_UniformILPNew_70_ultrascale2_250/implementedSystem_timing_synth.rpt
| Design            : implementedSystem_toplevel
| Device            : xcvu13p-fhga2104
| Speed File        : -2  PRODUCTION 1.19 03-17-2018
| Temperature Grade : E
-----------------------------------------------------------------------------------------------------------------------------------------------------------------------------------------------

Timing Report

Slack (MET) :             0.434ns  (required time - arrival time)
  Source:                 SharedReg407_instance/s6_reg_c_rep__5/C
                            (rising edge-triggered cell FDCE clocked by clk  {rise@0.000ns fall@2.000ns period=4.000ns})
  Destination:            SharedReg523_instance/Y_reg[10]/D
                            (rising edge-triggered cell FDCE clocked by clk  {rise@0.000ns fall@2.000ns period=4.000ns})
  Path Group:             clk
  Path Type:              Setup (Max at Slow Process Corner)
  Requirement:            4.000ns  (clk rise@4.000ns - clk rise@0.000ns)
  Data Path Delay:        3.354ns  (logic 0.229ns (6.828%)  route 3.125ns (93.172%))
  Logic Levels:           1  (LUT2=1)
  Clock Path Skew:        -0.202ns (DCD - SCD + CPR)
    Destination Clock Delay (DCD):    2.377ns = ( 6.377 - 4.000 ) 
    Source Clock Delay      (SCD):    2.955ns
    Clock Pessimism Removal (CPR):    0.376ns
  Clock Uncertainty:      0.035ns  ((TSJ^2 + TIJ^2)^1/2 + DJ) / 2 + PE
    Total System Jitter     (TSJ):    0.071ns
    Total Input Jitter      (TIJ):    0.000ns
    Discrete Jitter          (DJ):    0.000ns
    Phase Error              (PE):    0.000ns
  Clock Net Delay (Source):      2.004ns (routing 0.921ns, distribution 1.083ns)
  Clock Net Delay (Destination): 1.717ns (routing 0.836ns, distribution 0.881ns)

    Location             Delay type                Incr(ns)  Path(ns)    Netlist Resource(s)
  -------------------------------------------------------------------    -------------------
                         (clock clk rise edge)        0.000     0.000 r  
    AU14                                              0.000     0.000 r  clk (IN)
                         net (fo=0)                   0.000     0.000    clk_IBUF_inst/I
    AU14                 INBUF (Prop_INBUF_HPIOB_M_PAD_O)
                                                      0.600     0.600 r  clk_IBUF_inst/INBUF_INST/O
                         net (fo=1, routed)           0.000     0.600    clk_IBUF_inst/OUT
    AU14                 IBUFCTRL (Prop_IBUFCTRL_HPIOB_M_I_O)
                                                      0.000     0.600 r  clk_IBUF_inst/IBUFCTRL_INST/O
                         net (fo=1, routed)           0.323     0.923    clk_IBUF
    BUFGCE_X0Y170        BUFGCE (Prop_BUFCE_BUFGCE_I_O)
                                                      0.028     0.951 r  clk_IBUF_BUFG_inst/O
    X4Y5 (CLOCK_ROOT)    net (fo=55562, routed)       2.004     2.955    SharedReg407_instance/clk_IBUF_BUFG
    SLICE_X127Y450       FDCE                                         r  SharedReg407_instance/s6_reg_c_rep__5/C
  -------------------------------------------------------------------    -------------------
    SLICE_X127Y450       FDCE (Prop_EFF_SLICEL_C_Q)
                                                      0.079     3.034 r  SharedReg407_instance/s6_reg_c_rep__5/Q
                         net (fo=123, routed)         3.066     6.100    SharedReg523_instance/s6_reg_c_rep__5
    SLICE_X121Y350       LUT2 (Prop_G6LUT_SLICEM_I1_O)
                                                      0.150     6.250 r  SharedReg523_instance/s6_reg_gate__22/O
                         net (fo=1, routed)           0.059     6.309    SharedReg523_instance/s6_reg_gate__22_n_0
    SLICE_X121Y350       FDCE                                         r  SharedReg523_instance/Y_reg[10]/D
  -------------------------------------------------------------------    -------------------

                         (clock clk rise edge)        4.000     4.000 r  
    AU14                                              0.000     4.000 r  clk (IN)
                         net (fo=0)                   0.000     4.000    clk_IBUF_inst/I
    AU14                 INBUF (Prop_INBUF_HPIOB_M_PAD_O)
                                                      0.349     4.349 r  clk_IBUF_inst/INBUF_INST/O
                         net (fo=1, routed)           0.000     4.349    clk_IBUF_inst/OUT
    AU14                 IBUFCTRL (Prop_IBUFCTRL_HPIOB_M_I_O)
                                                      0.000     4.349 r  clk_IBUF_inst/IBUFCTRL_INST/O
                         net (fo=1, routed)           0.287     4.636    clk_IBUF
    BUFGCE_X0Y170        BUFGCE (Prop_BUFCE_BUFGCE_I_O)
                                                      0.024     4.660 r  clk_IBUF_BUFG_inst/O
    X4Y5 (CLOCK_ROOT)    net (fo=55562, routed)       1.717     6.377    SharedReg523_instance/clk
    SLICE_X121Y350       FDCE                                         r  SharedReg523_instance/Y_reg[10]/C
                         clock pessimism              0.376     6.753    
                         clock uncertainty           -0.035     6.718    
    SLICE_X121Y350       FDCE (Setup_GFF_SLICEM_C_D)
                                                      0.025     6.743    SharedReg523_instance/Y_reg[10]
  -------------------------------------------------------------------
                         required time                          6.743    
                         arrival time                          -6.309    
  -------------------------------------------------------------------
                         slack                                  0.434    




