Copyright 1986-2018 Xilinx, Inc. All Rights Reserved.
-----------------------------------------------------------------------------------------------------------------------------------------------------------------------------------------------
| Tool Version      : Vivado v.2018.1 (lin64) Build 2188600 Wed Apr  4 18:39:19 MDT 2018
| Date              : Sat Aug 28 08:56:15 2021
| Host              : animal.digi.e-technik.uni-kassel.de running 64-bit AlmaLinux release 8.3 (Purple Manul)
| Command           : report_timing -file /home/nfiege/Repositories/origami/vhdl/ratII/synth/fir_SAM/UniformILPNew/fir_SAM_UniformILPNew_15_ultrascale2_250/implementedSystem_timing_synth.rpt
| Design            : implementedSystem_toplevel
| Device            : xcvu13p-fhga2104
| Speed File        : -2  PRODUCTION 1.19 03-17-2018
| Temperature Grade : E
-----------------------------------------------------------------------------------------------------------------------------------------------------------------------------------------------

Timing Report

Slack (MET) :             0.518ns  (required time - arrival time)
  Source:                 SharedReg301_instance/s22_reg_c/C
                            (rising edge-triggered cell FDCE clocked by clk  {rise@0.000ns fall@2.000ns period=4.000ns})
  Destination:            SharedReg369_instance/Y_reg[14]/D
                            (rising edge-triggered cell FDCE clocked by clk  {rise@0.000ns fall@2.000ns period=4.000ns})
  Path Group:             clk
  Path Type:              Setup (Max at Slow Process Corner)
  Requirement:            4.000ns  (clk rise@4.000ns - clk rise@0.000ns)
  Data Path Delay:        3.246ns  (logic 0.224ns (6.901%)  route 3.022ns (93.099%))
  Logic Levels:           1  (LUT2=1)
  Clock Path Skew:        -0.226ns (DCD - SCD + CPR)
    Destination Clock Delay (DCD):    2.375ns = ( 6.375 - 4.000 ) 
    Source Clock Delay      (SCD):    2.976ns
    Clock Pessimism Removal (CPR):    0.376ns
  Clock Uncertainty:      0.035ns  ((TSJ^2 + TIJ^2)^1/2 + DJ) / 2 + PE
    Total System Jitter     (TSJ):    0.071ns
    Total Input Jitter      (TIJ):    0.000ns
    Discrete Jitter          (DJ):    0.000ns
    Phase Error              (PE):    0.000ns
  Clock Net Delay (Source):      2.039ns (routing 0.921ns, distribution 1.118ns)
  Clock Net Delay (Destination): 1.728ns (routing 0.836ns, distribution 0.892ns)

    Location             Delay type                Incr(ns)  Path(ns)    Netlist Resource(s)
  -------------------------------------------------------------------    -------------------
                         (clock clk rise edge)        0.000     0.000 r  
    AR14                                              0.000     0.000 r  clk (IN)
                         net (fo=0)                   0.000     0.000    clk_IBUF_inst/I
    AR14                 INBUF (Prop_INBUF_HPIOB_M_PAD_O)
                                                      0.586     0.586 r  clk_IBUF_inst/INBUF_INST/O
                         net (fo=1, routed)           0.000     0.586    clk_IBUF_inst/OUT
    AR14                 IBUFCTRL (Prop_IBUFCTRL_HPIOB_M_I_O)
                                                      0.000     0.586 r  clk_IBUF_inst/IBUFCTRL_INST/O
                         net (fo=1, routed)           0.323     0.909    clk_IBUF
    BUFGCE_X0Y170        BUFGCE (Prop_BUFCE_BUFGCE_I_O)
                                                      0.028     0.937 r  clk_IBUF_BUFG_inst/O
    X4Y5 (CLOCK_ROOT)    net (fo=42219, routed)       2.039     2.976    SharedReg301_instance/clk_IBUF_BUFG
    SLICE_X133Y378       FDCE                                         r  SharedReg301_instance/s22_reg_c/C
  -------------------------------------------------------------------    -------------------
    SLICE_X133Y378       FDCE (Prop_GFF_SLICEM_C_Q)
                                                      0.078     3.054 r  SharedReg301_instance/s22_reg_c/Q
                         net (fo=307, routed)         2.973     6.027    SharedReg369_instance/s22_reg_c
    SLICE_X127Y322       LUT2 (Prop_D6LUT_SLICEL_I1_O)
                                                      0.146     6.173 r  SharedReg369_instance/s22_reg_gate__18/O
                         net (fo=1, routed)           0.049     6.222    SharedReg369_instance/s22_reg_gate__18_n_0
    SLICE_X127Y322       FDCE                                         r  SharedReg369_instance/Y_reg[14]/D
  -------------------------------------------------------------------    -------------------

                         (clock clk rise edge)        4.000     4.000 r  
    AR14                                              0.000     4.000 r  clk (IN)
                         net (fo=0)                   0.000     4.000    clk_IBUF_inst/I
    AR14                 INBUF (Prop_INBUF_HPIOB_M_PAD_O)
                                                      0.336     4.336 r  clk_IBUF_inst/INBUF_INST/O
                         net (fo=1, routed)           0.000     4.336    clk_IBUF_inst/OUT
    AR14                 IBUFCTRL (Prop_IBUFCTRL_HPIOB_M_I_O)
                                                      0.000     4.336 r  clk_IBUF_inst/IBUFCTRL_INST/O
                         net (fo=1, routed)           0.287     4.623    clk_IBUF
    BUFGCE_X0Y170        BUFGCE (Prop_BUFCE_BUFGCE_I_O)
                                                      0.024     4.647 r  clk_IBUF_BUFG_inst/O
    X4Y5 (CLOCK_ROOT)    net (fo=42219, routed)       1.728     6.375    SharedReg369_instance/clk_IBUF_BUFG
    SLICE_X127Y322       FDCE                                         r  SharedReg369_instance/Y_reg[14]/C
                         clock pessimism              0.376     6.750    
                         clock uncertainty           -0.035     6.715    
    SLICE_X127Y322       FDCE (Setup_DFF_SLICEL_C_D)
                                                      0.025     6.740    SharedReg369_instance/Y_reg[14]
  -------------------------------------------------------------------
                         required time                          6.740    
                         arrival time                          -6.222    
  -------------------------------------------------------------------
                         slack                                  0.518    




