Copyright 1986-2018 Xilinx, Inc. All Rights Reserved.
------------------------------------------------------------------------------------------------------------------------------------------------------------------------------------------------
| Tool Version      : Vivado v.2018.1 (lin64) Build 2188600 Wed Apr  4 18:39:19 MDT 2018
| Date              : Thu Dec 10 09:48:05 2020
| Host              : animal.digi.e-technik.uni-kassel.de running 64-bit CentOS Linux release 7.8.2003 (Core)
| Command           : report_timing -file /home/nfiege/Repositories/origami/vhdl/ratII/synth/fir_SAM/NonUniformILP/fir_SAM_NonUniformILP_246_ultrascale2_250/implementedSystem_timing_synth.rpt
| Design            : implementedSystem_toplevel
| Device            : xcvu13p-fhga2104
| Speed File        : -2  PRODUCTION 1.19 03-17-2018
| Temperature Grade : E
------------------------------------------------------------------------------------------------------------------------------------------------------------------------------------------------

Timing Report

Slack (MET) :             0.478ns  (required time - arrival time)
  Source:                 SharedReg204_instance/s24_reg_c/C
                            (rising edge-triggered cell FDCE clocked by clk  {rise@0.000ns fall@2.000ns period=4.000ns})
  Destination:            SharedReg68_instance/Y_reg[22]/D
                            (rising edge-triggered cell FDCE clocked by clk  {rise@0.000ns fall@2.000ns period=4.000ns})
  Path Group:             clk
  Path Type:              Setup (Max at Slow Process Corner)
  Requirement:            4.000ns  (clk rise@4.000ns - clk rise@0.000ns)
  Data Path Delay:        3.467ns  (logic 0.132ns (3.807%)  route 3.335ns (96.193%))
  Logic Levels:           1  (LUT2=1)
  Clock Path Skew:        -0.045ns (DCD - SCD + CPR)
    Destination Clock Delay (DCD):    2.459ns = ( 6.459 - 4.000 ) 
    Source Clock Delay      (SCD):    2.934ns
    Clock Pessimism Removal (CPR):    0.430ns
  Clock Uncertainty:      0.035ns  ((TSJ^2 + TIJ^2)^1/2 + DJ) / 2 + PE
    Total System Jitter     (TSJ):    0.071ns
    Total Input Jitter      (TIJ):    0.000ns
    Discrete Jitter          (DJ):    0.000ns
    Phase Error              (PE):    0.000ns
  Clock Net Delay (Source):      1.983ns (routing 0.921ns, distribution 1.062ns)
  Clock Net Delay (Destination): 1.799ns (routing 0.836ns, distribution 0.963ns)

    Location             Delay type                Incr(ns)  Path(ns)    Netlist Resource(s)
  -------------------------------------------------------------------    -------------------
                         (clock clk rise edge)        0.000     0.000 r  
    AP13                                              0.000     0.000 r  clk (IN)
                         net (fo=0)                   0.000     0.000    clk_IBUF_inst/I
    AP13                 INBUF (Prop_INBUF_HPIOB_M_PAD_O)
                                                      0.600     0.600 r  clk_IBUF_inst/INBUF_INST/O
                         net (fo=1, routed)           0.000     0.600    clk_IBUF_inst/OUT
    AP13                 IBUFCTRL (Prop_IBUFCTRL_HPIOB_M_I_O)
                                                      0.000     0.600 r  clk_IBUF_inst/IBUFCTRL_INST/O
                         net (fo=1, routed)           0.323     0.923    clk_IBUF
    BUFGCE_X0Y170        BUFGCE (Prop_BUFCE_BUFGCE_I_O)
                                                      0.028     0.951 r  clk_IBUF_BUFG_inst/O
    X4Y5 (CLOCK_ROOT)    net (fo=30152, routed)       1.983     2.934    SharedReg204_instance/clk
    SLICE_X123Y361       FDCE                                         r  SharedReg204_instance/s24_reg_c/C
  -------------------------------------------------------------------    -------------------
    SLICE_X123Y361       FDCE (Prop_EFF2_SLICEL_C_Q)
                                                      0.081     3.015 r  SharedReg204_instance/s24_reg_c/Q
                         net (fo=123, routed)         3.269     6.284    SharedReg68_instance/s24_reg_c
    SLICE_X145Y411       LUT2 (Prop_C6LUT_SLICEM_I1_O)
                                                      0.051     6.335 r  SharedReg68_instance/s24_reg_gate__10/O
                         net (fo=1, routed)           0.066     6.401    SharedReg68_instance/s24_reg_gate__10_n_0
    SLICE_X145Y411       FDCE                                         r  SharedReg68_instance/Y_reg[22]/D
  -------------------------------------------------------------------    -------------------

                         (clock clk rise edge)        4.000     4.000 r  
    AP13                                              0.000     4.000 r  clk (IN)
                         net (fo=0)                   0.000     4.000    clk_IBUF_inst/I
    AP13                 INBUF (Prop_INBUF_HPIOB_M_PAD_O)
                                                      0.349     4.349 r  clk_IBUF_inst/INBUF_INST/O
                         net (fo=1, routed)           0.000     4.349    clk_IBUF_inst/OUT
    AP13                 IBUFCTRL (Prop_IBUFCTRL_HPIOB_M_I_O)
                                                      0.000     4.349 r  clk_IBUF_inst/IBUFCTRL_INST/O
                         net (fo=1, routed)           0.287     4.636    clk_IBUF
    BUFGCE_X0Y170        BUFGCE (Prop_BUFCE_BUFGCE_I_O)
                                                      0.024     4.660 r  clk_IBUF_BUFG_inst/O
    X4Y5 (CLOCK_ROOT)    net (fo=30152, routed)       1.799     6.459    SharedReg68_instance/clk
    SLICE_X145Y411       FDCE                                         r  SharedReg68_instance/Y_reg[22]/C
                         clock pessimism              0.430     6.889    
                         clock uncertainty           -0.035     6.853    
    SLICE_X145Y411       FDCE (Setup_CFF_SLICEM_C_D)
                                                      0.025     6.878    SharedReg68_instance/Y_reg[22]
  -------------------------------------------------------------------
                         required time                          6.878    
                         arrival time                          -6.401    
  -------------------------------------------------------------------
                         slack                                  0.478    




