Copyright 1986-2018 Xilinx, Inc. All Rights Reserved.
------------------------------------------------------------------------------------------------------------------------------------------------------------------------------------------------
| Tool Version      : Vivado v.2018.1 (lin64) Build 2188600 Wed Apr  4 18:39:19 MDT 2018
| Date              : Mon Dec  7 18:54:23 2020
| Host              : animal.digi.e-technik.uni-kassel.de running 64-bit CentOS Linux release 7.8.2003 (Core)
| Command           : report_timing -file /home/nfiege/Repositories/origami/vhdl/ratII/synth/fir_SAM/NonUniformILP/fir_SAM_NonUniformILP_459_ultrascale2_250/implementedSystem_timing_synth.rpt
| Design            : implementedSystem_toplevel
| Device            : xcvu13p-fhga2104
| Speed File        : -2  PRODUCTION 1.19 03-17-2018
| Temperature Grade : E
------------------------------------------------------------------------------------------------------------------------------------------------------------------------------------------------

Timing Report

Slack (MET) :             0.371ns  (required time - arrival time)
  Source:                 SharedReg285_instance/s55_reg_c/C
                            (rising edge-triggered cell FDCE clocked by clk  {rise@0.000ns fall@2.000ns period=4.000ns})
  Destination:            Delay86No1_instance/Y_reg[30]/D
                            (rising edge-triggered cell FDCE clocked by clk  {rise@0.000ns fall@2.000ns period=4.000ns})
  Path Group:             clk
  Path Type:              Setup (Max at Slow Process Corner)
  Requirement:            4.000ns  (clk rise@4.000ns - clk rise@0.000ns)
  Data Path Delay:        3.497ns  (logic 0.225ns (6.434%)  route 3.272ns (93.566%))
  Logic Levels:           1  (LUT2=1)
  Clock Path Skew:        -0.122ns (DCD - SCD + CPR)
    Destination Clock Delay (DCD):    2.292ns = ( 6.292 - 4.000 ) 
    Source Clock Delay      (SCD):    2.776ns
    Clock Pessimism Removal (CPR):    0.362ns
  Clock Uncertainty:      0.035ns  ((TSJ^2 + TIJ^2)^1/2 + DJ) / 2 + PE
    Total System Jitter     (TSJ):    0.071ns
    Total Input Jitter      (TIJ):    0.000ns
    Discrete Jitter          (DJ):    0.000ns
    Phase Error              (PE):    0.000ns
  Clock Net Delay (Source):      1.825ns (routing 0.783ns, distribution 1.042ns)
  Clock Net Delay (Destination): 1.632ns (routing 0.712ns, distribution 0.920ns)

    Location             Delay type                Incr(ns)  Path(ns)    Netlist Resource(s)
  -------------------------------------------------------------------    -------------------
                         (clock clk rise edge)        0.000     0.000 r  
    AU14                                              0.000     0.000 r  clk (IN)
                         net (fo=0)                   0.000     0.000    clk_IBUF_inst/I
    AU14                 INBUF (Prop_INBUF_HPIOB_M_PAD_O)
                                                      0.600     0.600 r  clk_IBUF_inst/INBUF_INST/O
                         net (fo=1, routed)           0.000     0.600    clk_IBUF_inst/OUT
    AU14                 IBUFCTRL (Prop_IBUFCTRL_HPIOB_M_I_O)
                                                      0.000     0.600 r  clk_IBUF_inst/IBUFCTRL_INST/O
                         net (fo=1, routed)           0.323     0.923    clk_IBUF
    BUFGCE_X0Y170        BUFGCE (Prop_BUFCE_BUFGCE_I_O)
                                                      0.028     0.951 r  clk_IBUF_BUFG_inst/O
    X4Y9 (CLOCK_ROOT)    net (fo=38337, routed)       1.825     2.776    SharedReg285_instance/clk
    SLR Crossing[1->2]   
    SLICE_X144Y576       FDCE                                         r  SharedReg285_instance/s55_reg_c/C
  -------------------------------------------------------------------    -------------------
    SLICE_X144Y576       FDCE (Prop_FFF_SLICEL_C_Q)
                                                      0.079     2.855 r  SharedReg285_instance/s55_reg_c/Q
                         net (fo=103, routed)         3.223     6.078    Delay86No1_instance/s55_reg_c
    SLICE_X117Y614       LUT2 (Prop_D6LUT_SLICEL_I1_O)
                                                      0.146     6.224 r  Delay86No1_instance/s55_reg_gate__2/O
                         net (fo=1, routed)           0.049     6.273    Delay86No1_instance/s55_reg_gate__2_n_0
    SLICE_X117Y614       FDCE                                         r  Delay86No1_instance/Y_reg[30]/D
  -------------------------------------------------------------------    -------------------

                         (clock clk rise edge)        4.000     4.000 r  
    AU14                                              0.000     4.000 r  clk (IN)
                         net (fo=0)                   0.000     4.000    clk_IBUF_inst/I
    AU14                 INBUF (Prop_INBUF_HPIOB_M_PAD_O)
                                                      0.349     4.349 r  clk_IBUF_inst/INBUF_INST/O
                         net (fo=1, routed)           0.000     4.349    clk_IBUF_inst/OUT
    AU14                 IBUFCTRL (Prop_IBUFCTRL_HPIOB_M_I_O)
                                                      0.000     4.349 r  clk_IBUF_inst/IBUFCTRL_INST/O
                         net (fo=1, routed)           0.287     4.636    clk_IBUF
    BUFGCE_X0Y170        BUFGCE (Prop_BUFCE_BUFGCE_I_O)
                                                      0.024     4.660 r  clk_IBUF_BUFG_inst/O
    X4Y9 (CLOCK_ROOT)    net (fo=38337, routed)       1.632     6.292    Delay86No1_instance/clk
    SLR Crossing[1->2]   
    SLICE_X117Y614       FDCE                                         r  Delay86No1_instance/Y_reg[30]/C
                         clock pessimism              0.362     6.654    
                         clock uncertainty           -0.035     6.619    
    SLICE_X117Y614       FDCE (Setup_DFF_SLICEL_C_D)
                                                      0.025     6.644    Delay86No1_instance/Y_reg[30]
  -------------------------------------------------------------------
                         required time                          6.644    
                         arrival time                          -6.273    
  -------------------------------------------------------------------
                         slack                                  0.371    




