Copyright 1986-2018 Xilinx, Inc. All Rights Reserved.
------------------------------------------------------------------------------------------------------------------------------------------------------------------------------------------------
| Tool Version      : Vivado v.2018.1 (lin64) Build 2188600 Wed Apr  4 18:39:19 MDT 2018
| Date              : Fri Aug 27 07:12:55 2021
| Host              : animal.digi.e-technik.uni-kassel.de running 64-bit AlmaLinux release 8.3 (Purple Manul)
| Command           : report_timing -file /home/nfiege/Repositories/origami/vhdl/ratII/synth/fir_SAM/UniformILPNew/fir_SAM_UniformILPNew_363_ultrascale2_250/implementedSystem_timing_synth.rpt
| Design            : implementedSystem_toplevel
| Device            : xcvu13p-fhga2104
| Speed File        : -2  PRODUCTION 1.19 03-17-2018
| Temperature Grade : E
------------------------------------------------------------------------------------------------------------------------------------------------------------------------------------------------

Timing Report

Slack (MET) :             0.259ns  (required time - arrival time)
  Source:                 SharedReg234_instance/s7_reg_c/C
                            (rising edge-triggered cell FDCE clocked by clk  {rise@0.000ns fall@2.000ns period=4.000ns})
  Destination:            SharedReg377_instance/Y_reg[20]/D
                            (rising edge-triggered cell FDCE clocked by clk  {rise@0.000ns fall@2.000ns period=4.000ns})
  Path Group:             clk
  Path Type:              Setup (Max at Slow Process Corner)
  Requirement:            4.000ns  (clk rise@4.000ns - clk rise@0.000ns)
  Data Path Delay:        3.745ns  (logic 0.129ns (3.445%)  route 3.616ns (96.555%))
  Logic Levels:           1  (LUT2=1)
  Clock Path Skew:        0.014ns (DCD - SCD + CPR)
    Destination Clock Delay (DCD):    3.114ns = ( 7.114 - 4.000 ) 
    Source Clock Delay      (SCD):    3.538ns
    Clock Pessimism Removal (CPR):    0.438ns
  Clock Uncertainty:      0.035ns  ((TSJ^2 + TIJ^2)^1/2 + DJ) / 2 + PE
    Total System Jitter     (TSJ):    0.071ns
    Total Input Jitter      (TIJ):    0.000ns
    Discrete Jitter          (DJ):    0.000ns
    Phase Error              (PE):    0.000ns
  Clock Net Delay (Source):      2.587ns (routing 1.576ns, distribution 1.011ns)
  Clock Net Delay (Destination): 2.454ns (routing 1.429ns, distribution 1.025ns)

    Location             Delay type                Incr(ns)  Path(ns)    Netlist Resource(s)
  -------------------------------------------------------------------    -------------------
                         (clock clk rise edge)        0.000     0.000 r  
    AU14                                              0.000     0.000 r  clk (IN)
                         net (fo=0)                   0.000     0.000    clk_IBUF_inst/I
    AU14                 INBUF (Prop_INBUF_HPIOB_M_PAD_O)
                                                      0.600     0.600 r  clk_IBUF_inst/INBUF_INST/O
                         net (fo=1, routed)           0.000     0.600    clk_IBUF_inst/OUT
    AU14                 IBUFCTRL (Prop_IBUFCTRL_HPIOB_M_I_O)
                                                      0.000     0.600 r  clk_IBUF_inst/IBUFCTRL_INST/O
                         net (fo=1, routed)           0.323     0.923    clk_IBUF
    BUFGCE_X0Y170        BUFGCE (Prop_BUFCE_BUFGCE_I_O)
                                                      0.028     0.951 r  clk_IBUF_BUFG_inst/O
    X4Y2 (CLOCK_ROOT)    net (fo=38686, routed)       2.587     3.538    SharedReg234_instance/clk_IBUF_BUFG
    SLR Crossing[1->0]   
    SLICE_X120Y137       FDCE                                         r  SharedReg234_instance/s7_reg_c/C
  -------------------------------------------------------------------    -------------------
    SLICE_X120Y137       FDCE (Prop_EFF_SLICEL_C_Q)
                                                      0.079     3.617 r  SharedReg234_instance/s7_reg_c/Q
                         net (fo=343, routed)         3.567     7.184    SharedReg377_instance/s7_reg_c
    SLICE_X116Y196       LUT2 (Prop_D6LUT_SLICEL_I1_O)
                                                      0.050     7.234 r  SharedReg377_instance/s7_reg_gate__12/O
                         net (fo=1, routed)           0.049     7.283    SharedReg377_instance/s7_reg_gate__12_n_0
    SLICE_X116Y196       FDCE                                         r  SharedReg377_instance/Y_reg[20]/D
  -------------------------------------------------------------------    -------------------

                         (clock clk rise edge)        4.000     4.000 r  
    AU14                                              0.000     4.000 r  clk (IN)
                         net (fo=0)                   0.000     4.000    clk_IBUF_inst/I
    AU14                 INBUF (Prop_INBUF_HPIOB_M_PAD_O)
                                                      0.349     4.349 r  clk_IBUF_inst/INBUF_INST/O
                         net (fo=1, routed)           0.000     4.349    clk_IBUF_inst/OUT
    AU14                 IBUFCTRL (Prop_IBUFCTRL_HPIOB_M_I_O)
                                                      0.000     4.349 r  clk_IBUF_inst/IBUFCTRL_INST/O
                         net (fo=1, routed)           0.287     4.636    clk_IBUF
    BUFGCE_X0Y170        BUFGCE (Prop_BUFCE_BUFGCE_I_O)
                                                      0.024     4.660 r  clk_IBUF_BUFG_inst/O
    X4Y2 (CLOCK_ROOT)    net (fo=38686, routed)       2.454     7.114    SharedReg377_instance/clk_IBUF_BUFG
    SLR Crossing[1->0]   
    SLICE_X116Y196       FDCE                                         r  SharedReg377_instance/Y_reg[20]/C
                         clock pessimism              0.438     7.552    
                         clock uncertainty           -0.035     7.517    
    SLICE_X116Y196       FDCE (Setup_DFF_SLICEL_C_D)
                                                      0.025     7.542    SharedReg377_instance/Y_reg[20]
  -------------------------------------------------------------------
                         required time                          7.542    
                         arrival time                          -7.283    
  -------------------------------------------------------------------
                         slack                                  0.259    




