Copyright 1986-2018 Xilinx, Inc. All Rights Reserved.
-----------------------------------------------------------------------------------------------------------------------------------------------------------------------------------------------------------------------------
| Tool Version     : Vivado v.2018.1 (lin64) Build 2188600 Wed Apr  4 18:39:19 MDT 2018
| Date             : Tue Nov 30 15:00:43 2021
| Host             : animal.digi.e-technik.uni-kassel.de running 64-bit AlmaLinux release 8.4 (Electric Cheetah)
| Command          : report_power -file /home/nfiege/Repositories/origami/vhdl/ratII/synth/mat_inv/UniformILPNew/mat_inv_UniformILPNew_21_wrapper_ultrascale2_250/implementedSystem_toplevel_wrapper_power_synth.rpt
| Design           : implementedSystem_toplevel_wrapper
| Device           : xcvu13p-fhga2104-2-e
| Design State     : routed
| Grade            : extended
| Process          : typical
| Characterization : Production
-----------------------------------------------------------------------------------------------------------------------------------------------------------------------------------------------------------------------------

Power Report

Table of Contents
-----------------
1. Summary
1.1 On-Chip Components
1.2 Power Supply Summary
1.3 Confidence Level
2. Settings
2.1 Environment
2.2 Clock Constraints
3. Detailed Reports
3.1 By Hierarchy

1. Summary
----------

+--------------------------+--------------+
| Total On-Chip Power (W)  | 6.812        |
| Design Power Budget (W)  | Unspecified* |
| Power Budget Margin (W)  | NA           |
| Dynamic (W)              | 3.790        |
| Device Static (W)        | 3.022        |
| Effective TJA (C/W)      | 0.5          |
| Max Ambient (C)          | 96.3         |
| Junction Temperature (C) | 28.7         |
| Confidence Level         | Low          |
| Setting File             | ---          |
| Simulation Activity File | ---          |
| Design Nets Matched      | NA           |
+--------------------------+--------------+
* Specify Design Power Budget using, set_operating_conditions -design_power_budget <value in Watts>


1.1 On-Chip Components
----------------------

+-------------------------+-----------+----------+-----------+-----------------+
| On-Chip                 | Power (W) | Used     | Available | Utilization (%) |
+-------------------------+-----------+----------+-----------+-----------------+
| Clocks                  |     0.377 |        3 |       --- |             --- |
| CLB Logic               |     1.533 |   106335 |       --- |             --- |
|   LUT as Logic          |     0.964 |    32284 |   1728000 |            1.87 |
|   LUT as Shift Register |     0.409 |     6724 |    791040 |            0.85 |
|   Register              |     0.140 |    53204 |   3456000 |            1.54 |
|   CARRY8                |     0.020 |     1653 |    216000 |            0.77 |
|   Others                |     0.000 |     1930 |       --- |             --- |
|   F7/F8 Muxes           |     0.000 |      112 |   1728000 |           <0.01 |
|   BUFG                  |     0.000 |        1 |       128 |            0.78 |
| Signals                 |     1.453 |    83655 |       --- |             --- |
| DSPs                    |     0.364 |      236 |     12288 |            1.92 |
| I/O                     |     0.063 |       95 |       832 |           11.42 |
| Static Power            |     3.022 |          |           |                 |
| Total                   |     6.812 |          |           |                 |
+-------------------------+-----------+----------+-----------+-----------------+


1.2 Power Supply Summary
------------------------

+------------+-------------+-----------+-------------+------------+
| Source     | Voltage (V) | Total (A) | Dynamic (A) | Static (A) |
+------------+-------------+-----------+-------------+------------+
| Vccint     |       0.850 |     5.624 |       4.385 |      1.239 |
| Vccint_io  |       0.850 |     0.146 |       0.003 |      0.143 |
| Vccbram    |       0.850 |     0.022 |       0.000 |      0.022 |
| Vccaux     |       1.800 |     0.879 |       0.000 |      0.879 |
| Vccaux_io  |       1.800 |     0.115 |       0.011 |      0.104 |
| Vcco33     |       3.300 |     0.000 |       0.000 |      0.000 |
| Vcco25     |       2.500 |     0.000 |       0.000 |      0.000 |
| Vcco18     |       1.800 |     0.022 |       0.022 |      0.000 |
| Vcco15     |       1.500 |     0.000 |       0.000 |      0.000 |
| Vcco135    |       1.350 |     0.000 |       0.000 |      0.000 |
| Vcco12     |       1.200 |     0.000 |       0.000 |      0.000 |
| Vcco10     |       1.000 |     0.000 |       0.000 |      0.000 |
| Vccadc     |       1.800 |     0.032 |       0.000 |      0.032 |
| MGTYAVcc   |       0.900 |     0.000 |       0.000 |      0.000 |
| MGTYAVtt   |       1.200 |     0.000 |       0.000 |      0.000 |
| MGTYVccaux |       1.800 |     0.000 |       0.000 |      0.000 |
+------------+-------------+-----------+-------------+------------+


1.3 Confidence Level
--------------------

+-----------------------------+------------+--------------------------------------------------------+------------------------------------------------------------------------------------------------------------+
| User Input Data             | Confidence | Details                                                | Action                                                                                                     |
+-----------------------------+------------+--------------------------------------------------------+------------------------------------------------------------------------------------------------------------+
| Design implementation state | High       | Design is routed                                       |                                                                                                            |
| Clock nodes activity        | High       | User specified more than 95% of clocks                 |                                                                                                            |
| I/O nodes activity          | Low        | More than 75% of inputs are missing user specification | Provide missing input activity with simulation results or by editing the "By Resource Type -> I/Os" view   |
| Internal nodes activity     | Medium     | User specified less than 25% of internal nodes         | Provide missing internal nodes activity with simulation results or by editing the "By Resource Type" views |
| Device models               | High       | Device models are Production                           |                                                                                                            |
|                             |            |                                                        |                                                                                                            |
| Overall confidence level    | Low        |                                                        |                                                                                                            |
+-----------------------------+------------+--------------------------------------------------------+------------------------------------------------------------------------------------------------------------+


2. Settings
-----------

2.1 Environment
---------------

+-----------------------+--------------------------+
| Ambient Temp (C)      | 25.0                     |
| ThetaJA (C/W)         | 0.5                      |
| Airflow (LFM)         | 250                      |
| Heat Sink             | medium (Medium Profile)  |
| ThetaSA (C/W)         | 0.7                      |
| Board Selection       | medium (10"x10")         |
| # of Board Layers     | 12to15 (12 to 15 Layers) |
| Board Temperature (C) | 25.0                     |
+-----------------------+--------------------------+


2.2 Clock Constraints
---------------------

+-------+--------+-----------------+
| Clock | Domain | Constraint (ns) |
+-------+--------+-----------------+
| clk   | clk    |             4.0 |
+-------+--------+-----------------+


3. Detailed Reports
-------------------

3.1 By Hierarchy
----------------

+--------------------------------------+-----------+
| Name                                 | Power (W) |
+--------------------------------------+-----------+
| implementedSystem_toplevel_wrapper   |     3.790 |
|   DUT                                |     3.714 |
|     Add10_0_impl_instance            |     0.008 |
|       FPAddSubOp_instance            |     0.008 |
|         LZC_component                |     0.004 |
|         fracAdder                    |     0.001 |
|     Add110_1_impl_instance           |     0.009 |
|       FPAddSubOp_instance            |     0.009 |
|         LZC_component                |     0.004 |
|         fracAdder                    |     0.001 |
|     Add111_0_impl_instance           |     0.008 |
|       FPAddSubOp_instance            |     0.008 |
|         LZC_component                |     0.004 |
|         fracAdder                    |     0.001 |
|     Add112_1_impl_instance           |     0.009 |
|       FPAddSubOp_instance            |     0.009 |
|         LZC_component                |     0.004 |
|         fracAdder                    |     0.001 |
|     Add121_0_impl_instance           |     0.008 |
|       FPAddSubOp_instance            |     0.008 |
|         LZC_component                |     0.004 |
|         fracAdder                    |     0.001 |
|     Add121_1_impl_instance           |     0.008 |
|       FPAddSubOp_instance            |     0.008 |
|         LZC_component                |     0.004 |
|         fracAdder                    |     0.001 |
|     Add12_1_impl_instance            |     0.008 |
|       FPAddSubOp_instance            |     0.008 |
|         LZC_component                |     0.004 |
|         fracAdder                    |     0.001 |
|     Add13_0_impl_instance            |     0.008 |
|       FPAddSubOp_instance            |     0.008 |
|         LZC_component                |     0.004 |
|         fracAdder                    |     0.001 |
|     Add141_1_impl_instance           |     0.009 |
|       FPAddSubOp_instance            |     0.009 |
|         LZC_component                |     0.004 |
|         fracAdder                    |     0.001 |
|     Add15_1_impl_instance            |     0.009 |
|       FPAddSubOp_instance            |     0.009 |
|         LZC_component                |     0.004 |
|         fracAdder                    |     0.001 |
|     Add17_0_impl_instance            |     0.008 |
|       FPAddSubOp_instance            |     0.008 |
|         LZC_component                |     0.004 |
|         fracAdder                    |     0.001 |
|     Add19_0_impl_instance            |     0.008 |
|       FPAddSubOp_instance            |     0.008 |
|         LZC_component                |     0.004 |
|         fracAdder                    |     0.001 |
|     Add19_1_impl_instance            |     0.008 |
|       FPAddSubOp_instance            |     0.008 |
|         LZC_component                |     0.004 |
|         fracAdder                    |     0.001 |
|     Add20_0_impl_instance            |     0.008 |
|       FPAddSubOp_instance            |     0.008 |
|         LZC_component                |     0.004 |
|         fracAdder                    |     0.001 |
|     Add20_1_impl_instance            |     0.008 |
|       FPAddSubOp_instance            |     0.008 |
|         LZC_component                |     0.004 |
|         fracAdder                    |     0.001 |
|     Add210_0_impl_instance           |     0.008 |
|       FPAddSubOp_instance            |     0.008 |
|         LZC_component                |     0.004 |
|         fracAdder                    |     0.001 |
|     Add210_1_impl_instance           |     0.008 |
|       FPAddSubOp_instance            |     0.008 |
|         LZC_component                |     0.004 |
|         fracAdder                    |     0.001 |
|     Add211_0_impl_instance           |     0.008 |
|       FPAddSubOp_instance            |     0.008 |
|         LZC_component                |     0.004 |
|         fracAdder                    |     0.001 |
|     Add22_0_impl_instance            |     0.009 |
|       FPAddSubOp_instance            |     0.009 |
|         LZC_component                |     0.004 |
|         fracAdder                    |     0.001 |
|     Add22_1_impl_instance            |     0.008 |
|       FPAddSubOp_instance            |     0.008 |
|         LZC_component                |     0.004 |
|         fracAdder                    |     0.001 |
|     Add24_0_impl_instance            |     0.008 |
|       FPAddSubOp_instance            |     0.008 |
|         LZC_component                |     0.004 |
|         fracAdder                    |     0.001 |
|     Add24_1_impl_instance            |     0.009 |
|       FPAddSubOp_instance            |     0.009 |
|         LZC_component                |     0.004 |
|         fracAdder                    |     0.001 |
|     Add28_0_impl_instance            |     0.008 |
|       FPAddSubOp_instance            |     0.008 |
|         LZC_component                |     0.004 |
|         fracAdder                    |     0.001 |
|     Add28_1_impl_instance            |     0.008 |
|       FPAddSubOp_instance            |     0.008 |
|         LZC_component                |     0.004 |
|         fracAdder                    |     0.001 |
|     Add30_0_impl_instance            |     0.008 |
|       FPAddSubOp_instance            |     0.008 |
|         LZC_component                |     0.004 |
|         fracAdder                    |     0.001 |
|     Add30_1_impl_instance            |     0.008 |
|       FPAddSubOp_instance            |     0.008 |
|         LZC_component                |     0.004 |
|         fracAdder                    |     0.001 |
|     Add4_1_impl_instance             |     0.008 |
|       FPAddSubOp_instance            |     0.008 |
|         LZC_component                |     0.004 |
|         fracAdder                    |     0.001 |
|     Add51_0_impl_instance            |     0.008 |
|       FPAddSubOp_instance            |     0.008 |
|         LZC_component                |     0.004 |
|         fracAdder                    |    <0.001 |
|     Add51_1_impl_instance            |     0.008 |
|       FPAddSubOp_instance            |     0.008 |
|         LZC_component                |     0.004 |
|         fracAdder                    |     0.001 |
|     Add5_0_impl_instance             |     0.008 |
|       FPAddSubOp_instance            |     0.008 |
|         LZC_component                |     0.004 |
|         fracAdder                    |     0.001 |
|     Add7_1_impl_instance             |     0.009 |
|       FPAddSubOp_instance            |     0.009 |
|         LZC_component                |     0.004 |
|         fracAdder                    |     0.001 |
|     Add9_0_impl_instance             |     0.008 |
|       FPAddSubOp_instance            |     0.008 |
|         LZC_component                |     0.004 |
|         fracAdder                    |     0.001 |
|     Add9_1_impl_instance             |     0.008 |
|       FPAddSubOp_instance            |     0.008 |
|         LZC_component                |     0.004 |
|         fracAdder                    |     0.001 |
|     Delay100No1_instance             |     0.009 |
|     Delay100No_instance              |     0.008 |
|     Delay102No1_instance             |     0.004 |
|     Delay102No_instance              |     0.004 |
|     Delay103No1_instance             |     0.003 |
|     Delay103No_instance              |     0.003 |
|     Delay105No1_instance             |     0.003 |
|     Delay105No_instance              |     0.003 |
|     Delay106No1_instance             |     0.011 |
|     Delay106No_instance              |     0.011 |
|     Delay10No2_instance              |     0.004 |
|     Delay10No3_instance              |     0.004 |
|     Delay10No4_instance              |     0.004 |
|     Delay10No5_instance              |     0.004 |
|     Delay10No6_instance              |     0.001 |
|     Delay10No7_instance              |     0.001 |
|     Delay12No18_instance             |     0.004 |
|     Delay12No19_instance             |     0.004 |
|     Delay12No6_instance              |    <0.001 |
|     Delay12No7_instance              |    <0.001 |
|     Delay13No2_instance              |    <0.001 |
|     Delay13No3_instance              |    <0.001 |
|     Delay13No4_instance              |     0.004 |
|     Delay13No5_instance              |     0.004 |
|     Delay13No6_instance              |     0.004 |
|     Delay13No7_instance              |     0.004 |
|     Delay13No8_instance              |     0.005 |
|     Delay13No9_instance              |     0.004 |
|     Delay14No1_instance              |     0.004 |
|     Delay14No_instance               |     0.004 |
|     Delay16No1_instance              |     0.004 |
|     Delay16No_instance               |     0.006 |
|     Delay17No1_instance              |     0.004 |
|     Delay17No2_instance              |     0.004 |
|     Delay17No3_instance              |     0.004 |
|     Delay17No_instance               |     0.004 |
|     Delay18No1_instance              |     0.004 |
|     Delay18No2_instance              |     0.004 |
|     Delay18No3_instance              |     0.004 |
|     Delay18No_instance               |     0.004 |
|     Delay19No2_instance              |     0.004 |
|     Delay19No3_instance              |     0.004 |
|     Delay19No4_instance              |     0.004 |
|     Delay19No5_instance              |     0.004 |
|     Delay1No100_instance             |     0.006 |
|     Delay1No101_instance             |     0.007 |
|     Delay1No102_instance             |     0.005 |
|     Delay1No103_instance             |     0.007 |
|     Delay1No104_instance             |     0.005 |
|     Delay1No105_instance             |     0.007 |
|     Delay1No106_instance             |     0.006 |
|     Delay1No107_instance             |     0.008 |
|     Delay1No108_instance             |     0.005 |
|     Delay1No109_instance             |     0.007 |
|     Delay1No10_instance              |    <0.001 |
|     Delay1No110_instance             |     0.005 |
|     Delay1No111_instance             |     0.007 |
|     Delay1No112_instance             |     0.005 |
|     Delay1No113_instance             |     0.007 |
|     Delay1No114_instance             |     0.005 |
|     Delay1No115_instance             |     0.007 |
|     Delay1No116_instance             |    <0.001 |
|     Delay1No117_instance             |     0.001 |
|     Delay1No118_instance             |     0.001 |
|     Delay1No119_instance             |     0.001 |
|     Delay1No11_instance              |     0.001 |
|     Delay1No120_instance             |    <0.001 |
|     Delay1No121_instance             |     0.001 |
|     Delay1No122_instance             |    <0.001 |
|     Delay1No123_instance             |    <0.001 |
|     Delay1No124_instance             |    <0.001 |
|     Delay1No125_instance             |    <0.001 |
|     Delay1No126_instance             |    <0.001 |
|     Delay1No127_instance             |    <0.001 |
|     Delay1No128_instance             |    <0.001 |
|     Delay1No129_instance             |    <0.001 |
|     Delay1No12_instance              |    <0.001 |
|     Delay1No130_instance             |    <0.001 |
|     Delay1No131_instance             |     0.001 |
|     Delay1No132_instance             |    <0.001 |
|     Delay1No133_instance             |    <0.001 |
|     Delay1No134_instance             |    <0.001 |
|     Delay1No135_instance             |    <0.001 |
|     Delay1No136_instance             |    <0.001 |
|     Delay1No137_instance             |    <0.001 |
|     Delay1No138_instance             |    <0.001 |
|     Delay1No139_instance             |    <0.001 |
|     Delay1No13_instance              |    <0.001 |
|     Delay1No140_instance             |    <0.001 |
|     Delay1No141_instance             |    <0.001 |
|     Delay1No142_instance             |    <0.001 |
|     Delay1No143_instance             |    <0.001 |
|     Delay1No144_instance             |    <0.001 |
|     Delay1No145_instance             |     0.002 |
|     Delay1No146_instance             |    <0.001 |
|     Delay1No147_instance             |     0.001 |
|     Delay1No148_instance             |     0.001 |
|     Delay1No149_instance             |    <0.001 |
|     Delay1No14_instance              |     0.001 |
|     Delay1No150_instance             |    <0.001 |
|     Delay1No151_instance             |    <0.001 |
|     Delay1No152_instance             |    <0.001 |
|     Delay1No153_instance             |    <0.001 |
|     Delay1No154_instance             |    <0.001 |
|     Delay1No155_instance             |    <0.001 |
|     Delay1No156_instance             |    <0.001 |
|     Delay1No157_instance             |     0.001 |
|     Delay1No158_instance             |    <0.001 |
|     Delay1No159_instance             |    <0.001 |
|     Delay1No15_instance              |    <0.001 |
|     Delay1No160_instance             |    <0.001 |
|     Delay1No161_instance             |    <0.001 |
|     Delay1No162_instance             |    <0.001 |
|     Delay1No163_instance             |    <0.001 |
|     Delay1No164_instance             |    <0.001 |
|     Delay1No165_instance             |    <0.001 |
|     Delay1No166_instance             |    <0.001 |
|     Delay1No167_instance             |    <0.001 |
|     Delay1No168_instance             |    <0.001 |
|     Delay1No169_instance             |    <0.001 |
|     Delay1No16_instance              |    <0.001 |
|     Delay1No170_instance             |    <0.001 |
|     Delay1No171_instance             |    <0.001 |
|     Delay1No172_instance             |    <0.001 |
|     Delay1No173_instance             |    <0.001 |
|     Delay1No174_instance             |    <0.001 |
|     Delay1No175_instance             |    <0.001 |
|     Delay1No176_instance             |    <0.001 |
|     Delay1No177_instance             |    <0.001 |
|     Delay1No178_instance             |    <0.001 |
|     Delay1No179_instance             |    <0.001 |
|     Delay1No17_instance              |    <0.001 |
|     Delay1No180_instance             |    <0.001 |
|     Delay1No181_instance             |    <0.001 |
|     Delay1No182_instance             |    <0.001 |
|     Delay1No183_instance             |    <0.001 |
|     Delay1No184_instance             |    <0.001 |
|     Delay1No185_instance             |     0.002 |
|     Delay1No186_instance             |    <0.001 |
|     Delay1No187_instance             |    <0.001 |
|     Delay1No188_instance             |    <0.001 |
|     Delay1No189_instance             |     0.003 |
|     Delay1No18_instance              |    <0.001 |
|     Delay1No190_instance             |    <0.001 |
|     Delay1No191_instance             |     0.001 |
|     Delay1No192_instance             |    <0.001 |
|     Delay1No193_instance             |     0.001 |
|     Delay1No194_instance             |    <0.001 |
|     Delay1No195_instance             |    <0.001 |
|     Delay1No196_instance             |    <0.001 |
|     Delay1No197_instance             |     0.002 |
|     Delay1No198_instance             |    <0.001 |
|     Delay1No199_instance             |     0.001 |
|     Delay1No19_instance              |    <0.001 |
|     Delay1No1_instance               |    <0.001 |
|     Delay1No200_instance             |     0.001 |
|     Delay1No201_instance             |    <0.001 |
|     Delay1No202_instance             |    <0.001 |
|     Delay1No203_instance             |    <0.001 |
|     Delay1No204_instance             |    <0.001 |
|     Delay1No205_instance             |     0.001 |
|     Delay1No206_instance             |    <0.001 |
|     Delay1No207_instance             |    <0.001 |
|     Delay1No208_instance             |    <0.001 |
|     Delay1No209_instance             |    <0.001 |
|     Delay1No20_instance              |    <0.001 |
|     Delay1No210_instance             |    <0.001 |
|     Delay1No211_instance             |    <0.001 |
|     Delay1No212_instance             |     0.001 |
|     Delay1No213_instance             |     0.002 |
|     Delay1No214_instance             |     0.002 |
|     Delay1No215_instance             |     0.002 |
|     Delay1No216_instance             |    <0.001 |
|     Delay1No217_instance             |     0.001 |
|     Delay1No218_instance             |    <0.001 |
|     Delay1No219_instance             |    <0.001 |
|     Delay1No21_instance              |    <0.001 |
|     Delay1No220_instance             |    <0.001 |
|     Delay1No221_instance             |     0.001 |
|     Delay1No222_instance             |    <0.001 |
|     Delay1No223_instance             |    <0.001 |
|     Delay1No224_instance             |    <0.001 |
|     Delay1No225_instance             |    <0.001 |
|     Delay1No226_instance             |    <0.001 |
|     Delay1No227_instance             |    <0.001 |
|     Delay1No228_instance             |     0.005 |
|     Delay1No229_instance             |     0.007 |
|     Delay1No22_instance              |    <0.001 |
|     Delay1No230_instance             |     0.005 |
|     Delay1No231_instance             |     0.007 |
|     Delay1No232_instance             |     0.005 |
|     Delay1No233_instance             |     0.008 |
|     Delay1No234_instance             |     0.006 |
|     Delay1No235_instance             |     0.008 |
|     Delay1No236_instance             |     0.005 |
|     Delay1No237_instance             |     0.007 |
|     Delay1No238_instance             |     0.006 |
|     Delay1No239_instance             |     0.007 |
|     Delay1No23_instance              |    <0.001 |
|     Delay1No240_instance             |     0.006 |
|     Delay1No241_instance             |     0.008 |
|     Delay1No242_instance             |     0.005 |
|     Delay1No243_instance             |     0.007 |
|     Delay1No244_instance             |     0.005 |
|     Delay1No245_instance             |     0.007 |
|     Delay1No246_instance             |     0.005 |
|     Delay1No247_instance             |     0.007 |
|     Delay1No248_instance             |     0.005 |
|     Delay1No249_instance             |     0.007 |
|     Delay1No24_instance              |    <0.001 |
|     Delay1No250_instance             |     0.005 |
|     Delay1No251_instance             |     0.007 |
|     Delay1No252_instance             |     0.005 |
|     Delay1No253_instance             |     0.007 |
|     Delay1No254_instance             |     0.005 |
|     Delay1No255_instance             |     0.007 |
|     Delay1No256_instance             |     0.005 |
|     Delay1No257_instance             |     0.007 |
|     Delay1No258_instance             |     0.005 |
|     Delay1No259_instance             |     0.007 |
|     Delay1No25_instance              |    <0.001 |
|     Delay1No260_instance             |     0.005 |
|     Delay1No261_instance             |     0.007 |
|     Delay1No262_instance             |     0.005 |
|     Delay1No263_instance             |     0.008 |
|     Delay1No264_instance             |     0.005 |
|     Delay1No265_instance             |     0.007 |
|     Delay1No266_instance             |     0.004 |
|     Delay1No267_instance             |     0.006 |
|     Delay1No268_instance             |    <0.001 |
|     Delay1No269_instance             |     0.003 |
|     Delay1No26_instance              |    <0.001 |
|     Delay1No270_instance             |    <0.001 |
|     Delay1No271_instance             |     0.001 |
|     Delay1No272_instance             |    <0.001 |
|     Delay1No273_instance             |    <0.001 |
|     Delay1No274_instance             |     0.001 |
|     Delay1No275_instance             |     0.001 |
|     Delay1No276_instance             |    <0.001 |
|     Delay1No277_instance             |     0.001 |
|     Delay1No278_instance             |    <0.001 |
|     Delay1No279_instance             |    <0.001 |
|     Delay1No27_instance              |     0.001 |
|     Delay1No280_instance             |    <0.001 |
|     Delay1No281_instance             |    <0.001 |
|     Delay1No282_instance             |    <0.001 |
|     Delay1No283_instance             |    <0.001 |
|     Delay1No284_instance             |    <0.001 |
|     Delay1No285_instance             |    <0.001 |
|     Delay1No286_instance             |    <0.001 |
|     Delay1No287_instance             |    <0.001 |
|     Delay1No288_instance             |    <0.001 |
|     Delay1No289_instance             |    <0.001 |
|     Delay1No28_instance              |    <0.001 |
|     Delay1No290_instance             |    <0.001 |
|     Delay1No291_instance             |    <0.001 |
|     Delay1No292_instance             |    <0.001 |
|     Delay1No293_instance             |    <0.001 |
|     Delay1No294_instance             |    <0.001 |
|     Delay1No295_instance             |     0.001 |
|     Delay1No296_instance             |    <0.001 |
|     Delay1No297_instance             |     0.001 |
|     Delay1No298_instance             |    <0.001 |
|     Delay1No299_instance             |    <0.001 |
|     Delay1No29_instance              |    <0.001 |
|     Delay1No2_instance               |    <0.001 |
|     Delay1No300_instance             |    <0.001 |
|     Delay1No301_instance             |     0.001 |
|     Delay1No302_instance             |    <0.001 |
|     Delay1No303_instance             |    <0.001 |
|     Delay1No304_instance             |    <0.001 |
|     Delay1No305_instance             |    <0.001 |
|     Delay1No306_instance             |    <0.001 |
|     Delay1No307_instance             |    <0.001 |
|     Delay1No308_instance             |    <0.001 |
|     Delay1No309_instance             |    <0.001 |
|     Delay1No30_instance              |    <0.001 |
|     Delay1No310_instance             |    <0.001 |
|     Delay1No311_instance             |    <0.001 |
|     Delay1No312_instance             |    <0.001 |
|     Delay1No313_instance             |     0.001 |
|     Delay1No314_instance             |    <0.001 |
|     Delay1No315_instance             |    <0.001 |
|     Delay1No316_instance             |     0.002 |
|     Delay1No317_instance             |    <0.001 |
|     Delay1No318_instance             |     0.002 |
|     Delay1No319_instance             |    <0.001 |
|     Delay1No31_instance              |    <0.001 |
|     Delay1No320_instance             |     0.002 |
|     Delay1No321_instance             |     0.001 |
|     Delay1No322_instance             |    <0.001 |
|     Delay1No323_instance             |    <0.001 |
|     Delay1No324_instance             |    <0.001 |
|     Delay1No325_instance             |    <0.001 |
|     Delay1No326_instance             |    <0.001 |
|     Delay1No327_instance             |    <0.001 |
|     Delay1No328_instance             |    <0.001 |
|     Delay1No329_instance             |    <0.001 |
|     Delay1No32_instance              |    <0.001 |
|     Delay1No330_instance             |     0.001 |
|     Delay1No331_instance             |    <0.001 |
|     Delay1No332_instance             |    <0.001 |
|     Delay1No333_instance             |    <0.001 |
|     Delay1No334_instance             |     0.001 |
|     Delay1No335_instance             |     0.002 |
|     Delay1No336_instance             |     0.001 |
|     Delay1No337_instance             |    <0.001 |
|     Delay1No338_instance             |    <0.001 |
|     Delay1No339_instance             |     0.002 |
|     Delay1No33_instance              |    <0.001 |
|     Delay1No340_instance             |    <0.001 |
|     Delay1No341_instance             |     0.001 |
|     Delay1No342_instance             |    <0.001 |
|     Delay1No343_instance             |    <0.001 |
|     Delay1No344_instance             |    <0.001 |
|     Delay1No345_instance             |    <0.001 |
|     Delay1No34_instance              |    <0.001 |
|     Delay1No35_instance              |    <0.001 |
|     Delay1No36_instance              |    <0.001 |
|     Delay1No378_instance             |    <0.001 |
|     Delay1No379_instance             |    <0.001 |
|     Delay1No37_instance              |    <0.001 |
|     Delay1No380_instance             |    <0.001 |
|     Delay1No381_instance             |    <0.001 |
|     Delay1No38_instance              |    <0.001 |
|     Delay1No39_instance              |     0.001 |
|     Delay1No3_instance               |     0.001 |
|     Delay1No40_instance              |     0.001 |
|     Delay1No41_instance              |    <0.001 |
|     Delay1No42_instance              |    <0.001 |
|     Delay1No43_instance              |    <0.001 |
|     Delay1No44_instance              |    <0.001 |
|     Delay1No45_instance              |    <0.001 |
|     Delay1No46_instance              |    <0.001 |
|     Delay1No47_instance              |     0.001 |
|     Delay1No49_instance              |    <0.001 |
|     Delay1No4_instance               |    <0.001 |
|     Delay1No50_instance              |     0.003 |
|     Delay1No51_instance              |     0.003 |
|     Delay1No52_instance              |     0.003 |
|     Delay1No53_instance              |     0.002 |
|     Delay1No54_instance              |     0.002 |
|     Delay1No55_instance              |     0.002 |
|     Delay1No56_instance              |     0.002 |
|     Delay1No57_instance              |    <0.001 |
|     Delay1No58_instance              |     0.002 |
|     Delay1No5_instance               |    <0.001 |
|     Delay1No60_instance              |     0.002 |
|     Delay1No61_instance              |     0.002 |
|     Delay1No62_instance              |     0.002 |
|     Delay1No63_instance              |     0.002 |
|     Delay1No64_instance              |     0.003 |
|     Delay1No65_instance              |     0.003 |
|     Delay1No66_instance              |     0.002 |
|     Delay1No67_instance              |     0.008 |
|     Delay1No68_instance              |     0.003 |
|     Delay1No69_instance              |     0.002 |
|     Delay1No6_instance               |    <0.001 |
|     Delay1No72_instance              |     0.006 |
|     Delay1No73_instance              |     0.007 |
|     Delay1No74_instance              |     0.005 |
|     Delay1No75_instance              |     0.007 |
|     Delay1No76_instance              |     0.005 |
|     Delay1No77_instance              |     0.007 |
|     Delay1No78_instance              |     0.006 |
|     Delay1No79_instance              |     0.007 |
|     Delay1No7_instance               |    <0.001 |
|     Delay1No80_instance              |     0.006 |
|     Delay1No81_instance              |     0.009 |
|     Delay1No82_instance              |     0.005 |
|     Delay1No83_instance              |     0.008 |
|     Delay1No84_instance              |     0.005 |
|     Delay1No85_instance              |     0.008 |
|     Delay1No86_instance              |     0.005 |
|     Delay1No87_instance              |     0.007 |
|     Delay1No88_instance              |     0.005 |
|     Delay1No89_instance              |     0.007 |
|     Delay1No8_instance               |    <0.001 |
|     Delay1No90_instance              |     0.005 |
|     Delay1No91_instance              |     0.007 |
|     Delay1No92_instance              |     0.005 |
|     Delay1No93_instance              |     0.008 |
|     Delay1No94_instance              |     0.005 |
|     Delay1No95_instance              |     0.007 |
|     Delay1No96_instance              |     0.005 |
|     Delay1No97_instance              |     0.008 |
|     Delay1No98_instance              |     0.005 |
|     Delay1No99_instance              |     0.007 |
|     Delay1No9_instance               |    <0.001 |
|     Delay1No_instance                |    <0.001 |
|     Delay21No1_instance              |     0.004 |
|     Delay21No_instance               |     0.004 |
|     Delay22No1_instance              |     0.003 |
|     Delay22No_instance               |     0.002 |
|     Delay24No1_instance              |     0.005 |
|     Delay24No_instance               |     0.004 |
|     Delay27No1_instance              |     0.004 |
|     Delay27No_instance               |     0.004 |
|     Delay28No1_instance              |     0.004 |
|     Delay28No2_instance              |     0.004 |
|     Delay28No3_instance              |     0.004 |
|     Delay28No_instance               |     0.005 |
|     Delay2No68_instance              |    <0.001 |
|     Delay2No69_instance              |    <0.001 |
|     Delay2No74_instance              |    <0.001 |
|     Delay2No75_instance              |    <0.001 |
|     Delay2No76_instance              |    <0.001 |
|     Delay2No77_instance              |     0.001 |
|     Delay2No79_instance              |    <0.001 |
|     Delay2No82_instance              |    <0.001 |
|     Delay2No83_instance              |    <0.001 |
|     Delay2No90_instance              |    <0.001 |
|     Delay2No91_instance              |    <0.001 |
|     Delay2No94_instance              |    <0.001 |
|     Delay2No95_instance              |    <0.001 |
|     Delay32No1_instance              |     0.004 |
|     Delay32No_instance               |     0.004 |
|     Delay33No1_instance              |     0.004 |
|     Delay33No_instance               |     0.004 |
|     Delay3No16_instance              |     0.001 |
|     Delay3No17_instance              |     0.001 |
|     Delay3No18_instance              |    <0.001 |
|     Delay3No22_instance              |     0.001 |
|     Delay3No24_instance              |     0.001 |
|     Delay3No46_instance              |    <0.001 |
|     Delay3No47_instance              |     0.001 |
|     Delay3No48_instance              |     0.002 |
|     Delay3No49_instance              |     0.001 |
|     Delay3No52_instance              |    <0.001 |
|     Delay3No53_instance              |     0.002 |
|     Delay3No56_instance              |     0.001 |
|     Delay3No57_instance              |     0.001 |
|     Delay44No1_instance              |     0.007 |
|     Delay44No_instance               |     0.006 |
|     Delay49No1_instance              |     0.006 |
|     Delay49No_instance               |     0.007 |
|     Delay4No1_instance               |    <0.001 |
|     Delay4No_instance                |     0.002 |
|     Delay50No1_instance              |     0.006 |
|     Delay50No_instance               |     0.006 |
|     Delay5No20_instance              |     0.001 |
|     Delay5No21_instance              |     0.001 |
|     Delay5No23_instance              |     0.002 |
|     Delay5No8_instance               |     0.002 |
|     Delay5No9_instance               |     0.002 |
|     Delay63No1_instance              |     0.004 |
|     Delay63No2_instance              |     0.006 |
|     Delay63No3_instance              |     0.006 |
|     Delay63No_instance               |     0.004 |
|     Delay6No12_instance              |     0.004 |
|     Delay6No13_instance              |     0.004 |
|     Delay6No16_instance              |     0.002 |
|     Delay6No17_instance              |     0.002 |
|     Delay73No1_instance              |     0.009 |
|     Delay73No_instance               |     0.009 |
|     Delay76No1_instance              |     0.008 |
|     Delay76No_instance               |     0.008 |
|     Delay78No1_instance              |     0.008 |
|     Delay78No_instance               |     0.008 |
|     Delay7No12_instance              |     0.002 |
|     Delay7No13_instance              |     0.002 |
|     Delay7No1_instance               |     0.002 |
|     Delay7No4_instance               |     0.004 |
|     Delay7No5_instance               |     0.004 |
|     Delay7No8_instance               |     0.004 |
|     Delay7No9_instance               |     0.004 |
|     Delay7No_instance                |     0.002 |
|     Delay80No1_instance              |     0.004 |
|     Delay80No2_instance              |     0.008 |
|     Delay80No3_instance              |     0.008 |
|     Delay80No_instance               |     0.008 |
|     Delay82No1_instance              |     0.008 |
|     Delay88No2_instance              |     0.004 |
|     Delay88No4_instance              |     0.008 |
|     Delay88No5_instance              |     0.008 |
|     Delay89No1_instance              |     0.008 |
|     Delay89No_instance               |     0.004 |
|     Delay8No12_instance              |     0.004 |
|     Delay8No13_instance              |     0.004 |
|     Delay8No7_instance               |     0.001 |
|     Delay90No1_instance              |     0.001 |
|     Delay90No_instance               |     0.008 |
|     Delay91No1_instance              |     0.008 |
|     Delay91No_instance               |     0.008 |
|     Delay93No1_instance              |     0.008 |
|     Delay93No_instance               |     0.004 |
|     Delay95No1_instance              |     0.008 |
|     Delay95No_instance               |     0.008 |
|     Delay96No1_instance              |     0.004 |
|     Delay96No_instance               |     0.008 |
|     Delay99No1_instance              |     0.003 |
|     Delay99No_instance               |     0.003 |
|     Delay9No1_instance               |     0.004 |
|     Delay9No2_instance               |     0.004 |
|     Delay9No3_instance               |     0.004 |
|     Delay9No_instance                |     0.004 |
|     Divide_0_impl_instance           |     0.158 |
|       SelFunctionTable1              |     0.001 |
|       SelFunctionTable2              |     0.001 |
|       SelFunctionTable3              |     0.001 |
|       SelFunctionTable4              |    <0.001 |
|       SelFunctionTable5              |     0.001 |
|       SelFunctionTable6              |     0.002 |
|       SelFunctionTable7              |     0.001 |
|       SelFunctionTable8              |     0.001 |
|     Inv_11_1_instance                |    <0.001 |
|     Inv_22_1_instance                |    <0.001 |
|     Inv_33_1_instance                |    <0.001 |
|     Ldiff_WW_del_1_0_instance        |    <0.001 |
|     Ldiff_WW_del_1_1_instance        |    <0.001 |
|     MUX_Add10_0_impl_0_instance      |     0.001 |
|     MUX_Add10_0_impl_1_instance      |     0.001 |
|     MUX_Add110_1_impl_1_instance     |     0.001 |
|     MUX_Add112_1_impl_1_instance     |     0.001 |
|     MUX_Add121_0_impl_0_instance     |     0.001 |
|     MUX_Add121_1_impl_0_instance     |     0.001 |
|     MUX_Add121_1_impl_1_instance     |     0.001 |
|     MUX_Add12_1_impl_0_instance      |     0.001 |
|     MUX_Add12_1_impl_1_instance      |     0.001 |
|     MUX_Add13_0_impl_0_instance      |     0.001 |
|     MUX_Add13_0_impl_1_instance      |    <0.001 |
|     MUX_Add141_1_impl_0_instance     |     0.001 |
|     MUX_Add141_1_impl_1_instance     |     0.001 |
|     MUX_Add15_1_impl_0_instance      |     0.001 |
|     MUX_Add15_1_impl_1_instance      |    <0.001 |
|     MUX_Add17_0_impl_0_instance      |     0.001 |
|     MUX_Add17_0_impl_1_instance      |     0.001 |
|     MUX_Add19_0_impl_0_instance      |     0.001 |
|     MUX_Add19_0_impl_1_instance      |     0.001 |
|     MUX_Add19_1_impl_0_instance      |     0.001 |
|     MUX_Add19_1_impl_1_instance      |     0.001 |
|     MUX_Add20_0_impl_1_instance      |     0.001 |
|     MUX_Add20_1_impl_0_instance      |     0.001 |
|     MUX_Add20_1_impl_1_instance      |     0.001 |
|     MUX_Add210_0_impl_1_instance     |     0.001 |
|     MUX_Add210_1_impl_0_instance     |     0.001 |
|     MUX_Add210_1_impl_1_instance     |     0.001 |
|     MUX_Add211_0_impl_0_instance     |     0.001 |
|     MUX_Add211_0_impl_1_instance     |     0.001 |
|     MUX_Add22_0_impl_0_instance      |     0.001 |
|     MUX_Add22_0_impl_1_instance      |    <0.001 |
|     MUX_Add22_1_impl_1_instance      |     0.001 |
|     MUX_Add24_0_impl_0_instance      |     0.001 |
|     MUX_Add24_0_impl_1_instance      |     0.001 |
|     MUX_Add24_1_impl_0_instance      |     0.001 |
|     MUX_Add24_1_impl_1_instance      |     0.001 |
|     MUX_Add28_0_impl_0_instance      |     0.001 |
|     MUX_Add28_0_impl_1_instance      |     0.001 |
|     MUX_Add28_1_impl_0_instance      |     0.001 |
|     MUX_Add28_1_impl_1_instance      |     0.001 |
|     MUX_Add30_0_impl_1_instance      |     0.001 |
|     MUX_Add30_1_impl_0_instance      |     0.001 |
|     MUX_Add30_1_impl_1_instance      |     0.001 |
|     MUX_Add4_1_impl_0_instance       |     0.001 |
|     MUX_Add4_1_impl_1_instance       |     0.001 |
|     MUX_Add51_0_impl_0_instance      |     0.001 |
|     MUX_Add51_0_impl_1_instance      |     0.001 |
|     MUX_Add51_1_impl_0_instance      |     0.001 |
|     MUX_Add51_1_impl_1_instance      |     0.001 |
|     MUX_Add5_0_impl_0_instance       |     0.001 |
|     MUX_Add5_0_impl_1_instance       |    <0.001 |
|     MUX_Add7_1_impl_0_instance       |    <0.001 |
|     MUX_Add7_1_impl_1_instance       |     0.001 |
|     MUX_Add9_0_impl_0_instance       |    <0.001 |
|     MUX_Add9_0_impl_1_instance       |     0.001 |
|     MUX_Add9_1_impl_0_instance       |    <0.001 |
|     MUX_Divide_0_impl_1_instance     |    <0.001 |
|     MUX_Product108_0_impl_0_instance |     0.001 |
|     MUX_Product108_0_impl_1_instance |     0.001 |
|     MUX_Product109_0_impl_0_instance |    <0.001 |
|     MUX_Product109_0_impl_1_instance |    <0.001 |
|     MUX_Product109_1_impl_1_instance |    <0.001 |
|     MUX_Product110_0_impl_0_instance |    <0.001 |
|     MUX_Product110_0_impl_1_instance |    <0.001 |
|     MUX_Product111_0_impl_0_instance |    <0.001 |
|     MUX_Product111_0_impl_1_instance |    <0.001 |
|     MUX_Product111_1_impl_0_instance |     0.001 |
|     MUX_Product111_1_impl_1_instance |    <0.001 |
|     MUX_Product115_0_impl_0_instance |     0.001 |
|     MUX_Product115_0_impl_1_instance |    <0.001 |
|     MUX_Product115_1_impl_0_instance |     0.001 |
|     MUX_Product115_1_impl_1_instance |    <0.001 |
|     MUX_Product116_0_impl_0_instance |     0.001 |
|     MUX_Product116_0_impl_1_instance |    <0.001 |
|     MUX_Product11_0_impl_0_instance  |     0.001 |
|     MUX_Product11_0_impl_1_instance  |    <0.001 |
|     MUX_Product11_1_impl_0_instance  |     0.001 |
|     MUX_Product11_1_impl_1_instance  |    <0.001 |
|     MUX_Product12_0_impl_0_instance  |    <0.001 |
|     MUX_Product141_0_impl_0_instance |    <0.001 |
|     MUX_Product141_0_impl_1_instance |    <0.001 |
|     MUX_Product16_0_impl_0_instance  |     0.001 |
|     MUX_Product16_0_impl_1_instance  |    <0.001 |
|     MUX_Product16_1_impl_0_instance  |     0.001 |
|     MUX_Product16_1_impl_1_instance  |    <0.001 |
|     MUX_Product18_0_impl_0_instance  |     0.001 |
|     MUX_Product18_0_impl_1_instance  |    <0.001 |
|     MUX_Product18_1_impl_1_instance  |    <0.001 |
|     MUX_Product210_0_impl_0_instance |     0.001 |
|     MUX_Product210_0_impl_1_instance |    <0.001 |
|     MUX_Product210_1_impl_0_instance |     0.001 |
|     MUX_Product210_1_impl_1_instance |    <0.001 |
|     MUX_Product211_0_impl_0_instance |    <0.001 |
|     MUX_Product211_0_impl_1_instance |    <0.001 |
|     MUX_Product211_1_impl_0_instance |    <0.001 |
|     MUX_Product211_1_impl_1_instance |    <0.001 |
|     MUX_Product213_0_impl_0_instance |     0.001 |
|     MUX_Product213_0_impl_1_instance |    <0.001 |
|     MUX_Product213_1_impl_0_instance |     0.001 |
|     MUX_Product23_0_impl_0_instance  |     0.001 |
|     MUX_Product23_0_impl_1_instance  |    <0.001 |
|     MUX_Product23_1_impl_0_instance  |     0.001 |
|     MUX_Product241_0_impl_0_instance |     0.001 |
|     MUX_Product241_0_impl_1_instance |    <0.001 |
|     MUX_Product241_1_impl_0_instance |    <0.001 |
|     MUX_Product241_1_impl_1_instance |    <0.001 |
|     MUX_Product24_0_impl_0_instance  |    <0.001 |
|     MUX_Product24_0_impl_1_instance  |    <0.001 |
|     MUX_Product24_1_impl_0_instance  |    <0.001 |
|     MUX_Product24_1_impl_1_instance  |    <0.001 |
|     MUX_Product271_0_impl_1_instance |    <0.001 |
|     MUX_Product271_1_impl_0_instance |    <0.001 |
|     MUX_Product271_1_impl_1_instance |    <0.001 |
|     MUX_Product28_0_impl_0_instance  |     0.001 |
|     MUX_Product28_0_impl_1_instance  |    <0.001 |
|     MUX_Product28_1_impl_0_instance  |     0.001 |
|     MUX_Product28_1_impl_1_instance  |    <0.001 |
|     MUX_Product310_0_impl_0_instance |    <0.001 |
|     MUX_Product310_1_impl_0_instance |    <0.001 |
|     MUX_Product310_1_impl_1_instance |    <0.001 |
|     MUX_Product31_0_impl_0_instance  |     0.001 |
|     MUX_Product31_0_impl_1_instance  |    <0.001 |
|     MUX_Product31_1_impl_0_instance  |     0.001 |
|     MUX_Product31_1_impl_1_instance  |    <0.001 |
|     MUX_Product321_0_impl_0_instance |    <0.001 |
|     MUX_Product321_0_impl_1_instance |    <0.001 |
|     MUX_Product321_1_impl_0_instance |    <0.001 |
|     MUX_Product321_1_impl_1_instance |    <0.001 |
|     MUX_Product33_0_impl_0_instance  |     0.001 |
|     MUX_Product33_0_impl_1_instance  |    <0.001 |
|     MUX_Product33_1_impl_0_instance  |    <0.001 |
|     MUX_Product33_1_impl_1_instance  |    <0.001 |
|     MUX_Product341_0_impl_0_instance |    <0.001 |
|     MUX_Product341_0_impl_1_instance |    <0.001 |
|     MUX_Product34_0_impl_0_instance  |     0.001 |
|     MUX_Product34_0_impl_1_instance  |    <0.001 |
|     MUX_Product34_1_impl_0_instance  |    <0.001 |
|     MUX_Product34_1_impl_1_instance  |    <0.001 |
|     MUX_Product371_0_impl_0_instance |     0.001 |
|     MUX_Product371_0_impl_1_instance |    <0.001 |
|     MUX_Product371_1_impl_0_instance |     0.001 |
|     MUX_Product371_1_impl_1_instance |    <0.001 |
|     MUX_Product38_0_impl_0_instance  |     0.001 |
|     MUX_Product38_0_impl_1_instance  |    <0.001 |
|     MUX_Product38_1_impl_0_instance  |     0.001 |
|     MUX_Product38_1_impl_1_instance  |    <0.001 |
|     MUX_Product391_0_impl_0_instance |    <0.001 |
|     MUX_Product391_0_impl_1_instance |    <0.001 |
|     MUX_Product391_1_impl_0_instance |    <0.001 |
|     MUX_Product391_1_impl_1_instance |    <0.001 |
|     MUX_Product410_0_impl_0_instance |     0.001 |
|     MUX_Product410_0_impl_1_instance |    <0.001 |
|     MUX_Product410_1_impl_0_instance |    <0.001 |
|     MUX_Product410_1_impl_1_instance |    <0.001 |
|     MUX_Product431_0_impl_0_instance |    <0.001 |
|     MUX_Product431_0_impl_1_instance |    <0.001 |
|     MUX_Product44_0_impl_0_instance  |     0.001 |
|     MUX_Product44_0_impl_1_instance  |    <0.001 |
|     MUX_Product44_1_impl_0_instance  |     0.001 |
|     MUX_Product44_1_impl_1_instance  |    <0.001 |
|     MUX_Product46_0_impl_0_instance  |     0.001 |
|     MUX_Product46_0_impl_1_instance  |    <0.001 |
|     MUX_Product46_1_impl_0_instance  |     0.001 |
|     MUX_Product46_1_impl_1_instance  |    <0.001 |
|     MUX_Product481_0_impl_0_instance |    <0.001 |
|     MUX_Product481_0_impl_1_instance |    <0.001 |
|     MUX_Product481_1_impl_0_instance |    <0.001 |
|     MUX_Product481_1_impl_1_instance |    <0.001 |
|     MUX_Product491_0_impl_0_instance |    <0.001 |
|     MUX_Product491_0_impl_1_instance |    <0.001 |
|     MUX_Product491_1_impl_0_instance |    <0.001 |
|     MUX_Product491_1_impl_1_instance |    <0.001 |
|     MUX_Product49_0_impl_0_instance  |    <0.001 |
|     MUX_Product49_0_impl_1_instance  |    <0.001 |
|     MUX_Product49_1_impl_0_instance  |    <0.001 |
|     MUX_Product4_0_impl_0_instance   |     0.001 |
|     MUX_Product4_0_impl_1_instance   |    <0.001 |
|     MUX_Product4_1_impl_0_instance   |     0.001 |
|     MUX_Product4_1_impl_1_instance   |    <0.001 |
|     MUX_Product510_0_impl_0_instance |    <0.001 |
|     MUX_Product510_0_impl_1_instance |    <0.001 |
|     MUX_Product510_1_impl_1_instance |    <0.001 |
|     MUX_Product512_0_impl_0_instance |    <0.001 |
|     MUX_Product512_0_impl_1_instance |    <0.001 |
|     MUX_Product512_1_impl_0_instance |    <0.001 |
|     MUX_Product57_0_impl_0_instance  |    <0.001 |
|     MUX_Product57_0_impl_1_instance  |    <0.001 |
|     MUX_Product57_1_impl_0_instance  |    <0.001 |
|     MUX_Product57_1_impl_1_instance  |    <0.001 |
|     MUX_Product58_0_impl_0_instance  |     0.001 |
|     MUX_Product58_0_impl_1_instance  |    <0.001 |
|     MUX_Product58_1_impl_0_instance  |    <0.001 |
|     MUX_Product58_1_impl_1_instance  |    <0.001 |
|     MUX_Product59_0_impl_0_instance  |    <0.001 |
|     MUX_Product59_0_impl_1_instance  |    <0.001 |
|     MUX_Product59_1_impl_0_instance  |    <0.001 |
|     MUX_Product59_1_impl_1_instance  |    <0.001 |
|     MUX_Product610_0_impl_0_instance |    <0.001 |
|     MUX_Product610_0_impl_1_instance |    <0.001 |
|     MUX_Product62_0_impl_0_instance  |     0.001 |
|     MUX_Product62_0_impl_1_instance  |    <0.001 |
|     MUX_Product62_1_impl_0_instance  |     0.001 |
|     MUX_Product62_1_impl_1_instance  |    <0.001 |
|     MUX_Product65_0_impl_0_instance  |    <0.001 |
|     MUX_Product65_0_impl_1_instance  |    <0.001 |
|     MUX_Product65_1_impl_0_instance  |     0.001 |
|     MUX_Product65_1_impl_1_instance  |    <0.001 |
|     MUX_Product710_0_impl_0_instance |     0.001 |
|     MUX_Product710_0_impl_1_instance |    <0.001 |
|     MUX_Product710_1_impl_0_instance |     0.001 |
|     MUX_Product71_0_impl_0_instance  |     0.001 |
|     MUX_Product71_0_impl_1_instance  |    <0.001 |
|     MUX_Product71_1_impl_0_instance  |    <0.001 |
|     MUX_Product71_1_impl_1_instance  |    <0.001 |
|     MUX_Product73_0_impl_0_instance  |     0.001 |
|     MUX_Product73_0_impl_1_instance  |    <0.001 |
|     MUX_Product73_1_impl_1_instance  |    <0.001 |
|     MUX_Product77_0_impl_0_instance  |    <0.001 |
|     MUX_Product77_0_impl_1_instance  |    <0.001 |
|     MUX_Product77_1_impl_0_instance  |    <0.001 |
|     MUX_Product77_1_impl_1_instance  |    <0.001 |
|     MUX_Product810_0_impl_0_instance |    <0.001 |
|     MUX_Product810_0_impl_1_instance |    <0.001 |
|     MUX_Product810_1_impl_0_instance |    <0.001 |
|     MUX_Product810_1_impl_1_instance |    <0.001 |
|     MUX_Product82_0_impl_0_instance  |     0.001 |
|     MUX_Product82_0_impl_1_instance  |    <0.001 |
|     MUX_Product82_1_impl_0_instance  |     0.001 |
|     MUX_Product84_0_impl_0_instance  |     0.001 |
|     MUX_Product84_0_impl_1_instance  |    <0.001 |
|     MUX_Product84_1_impl_0_instance  |    <0.001 |
|     MUX_Product84_1_impl_1_instance  |    <0.001 |
|     MUX_Product85_0_impl_0_instance  |    <0.001 |
|     MUX_Product85_0_impl_1_instance  |    <0.001 |
|     MUX_Product85_1_impl_0_instance  |    <0.001 |
|     MUX_Product85_1_impl_1_instance  |    <0.001 |
|     MUX_Product87_0_impl_0_instance  |     0.001 |
|     MUX_Product87_0_impl_1_instance  |    <0.001 |
|     MUX_Product87_1_impl_0_instance  |     0.001 |
|     MUX_Product87_1_impl_1_instance  |    <0.001 |
|     MUX_Product8_0_impl_0_instance   |    <0.001 |
|     MUX_Product8_0_impl_1_instance   |    <0.001 |
|     MUX_Product8_1_impl_0_instance   |    <0.001 |
|     MUX_Product910_0_impl_0_instance |     0.001 |
|     MUX_Product910_0_impl_1_instance |    <0.001 |
|     MUX_Product910_1_impl_0_instance |     0.001 |
|     MUX_Product910_1_impl_1_instance |    <0.001 |
|     MUX_Product96_0_impl_0_instance  |    <0.001 |
|     MUX_Product96_0_impl_1_instance  |     0.001 |
|     MUX_Product96_1_impl_0_instance  |     0.001 |
|     MUX_Product96_1_impl_1_instance  |     0.001 |
|     MUX_Subtract10_1_impl_0_instance |     0.001 |
|     MUX_Subtract10_1_impl_1_instance |     0.001 |
|     MUX_Subtract12_0_impl_0_instance |     0.001 |
|     MUX_Subtract12_0_impl_1_instance |     0.001 |
|     MUX_Subtract12_1_impl_0_instance |     0.001 |
|     MUX_Subtract12_1_impl_1_instance |     0.001 |
|     MUX_Subtract1_0_impl_0_instance  |     0.001 |
|     MUX_Subtract1_0_impl_1_instance  |     0.001 |
|     MUX_Subtract1_1_impl_0_instance  |     0.001 |
|     MUX_Subtract1_1_impl_1_instance  |     0.001 |
|     MUX_Subtract4_0_impl_0_instance  |     0.001 |
|     MUX_Subtract4_0_impl_1_instance  |     0.001 |
|     MUX_Subtract5_1_impl_0_instance  |     0.001 |
|     MUX_Subtract5_1_impl_1_instance  |     0.001 |
|     MUX_Subtract6_0_impl_0_instance  |     0.001 |
|     MUX_Subtract6_0_impl_1_instance  |     0.001 |
|     ModCount31_instance              |     0.195 |
|     Product108_0_impl_instance       |     0.007 |
|       SignificandMultiplication      |     0.005 |
|     Product108_1_impl_instance       |     0.007 |
|       SignificandMultiplication      |     0.005 |
|     Product109_0_impl_instance       |     0.007 |
|       SignificandMultiplication      |     0.005 |
|     Product109_1_impl_instance       |     0.007 |
|       SignificandMultiplication      |     0.005 |
|     Product110_0_impl_instance       |     0.005 |
|       SignificandMultiplication      |     0.004 |
|     Product110_1_impl_instance       |     0.006 |
|       SignificandMultiplication      |     0.004 |
|     Product111_0_impl_instance       |     0.007 |
|       SignificandMultiplication      |     0.005 |
|     Product111_1_impl_instance       |     0.007 |
|       SignificandMultiplication      |     0.005 |
|     Product115_0_impl_instance       |     0.006 |
|       SignificandMultiplication      |     0.005 |
|     Product115_1_impl_instance       |     0.006 |
|       SignificandMultiplication      |     0.004 |
|     Product116_0_impl_instance       |     0.007 |
|       SignificandMultiplication      |     0.005 |
|     Product116_1_impl_instance       |     0.007 |
|       SignificandMultiplication      |     0.005 |
|     Product11_0_impl_instance        |     0.006 |
|       SignificandMultiplication      |     0.004 |
|     Product11_1_impl_instance        |     0.006 |
|       SignificandMultiplication      |     0.004 |
|     Product12_0_impl_instance        |     0.007 |
|       SignificandMultiplication      |     0.005 |
|     Product12_1_impl_instance        |     0.007 |
|       SignificandMultiplication      |     0.005 |
|     Product131_0_impl_instance       |     0.007 |
|       SignificandMultiplication      |     0.005 |
|     Product131_1_impl_instance       |     0.007 |
|       SignificandMultiplication      |     0.005 |
|     Product141_0_impl_instance       |     0.006 |
|       SignificandMultiplication      |     0.004 |
|     Product141_1_impl_instance       |     0.006 |
|       SignificandMultiplication      |     0.004 |
|     Product16_0_impl_instance        |     0.006 |
|       SignificandMultiplication      |     0.004 |
|     Product16_1_impl_instance        |     0.006 |
|       SignificandMultiplication      |     0.004 |
|     Product18_0_impl_instance        |     0.006 |
|       SignificandMultiplication      |     0.004 |
|     Product18_1_impl_instance        |     0.007 |
|       SignificandMultiplication      |     0.004 |
|     Product210_0_impl_instance       |     0.006 |
|       SignificandMultiplication      |     0.004 |
|     Product210_1_impl_instance       |     0.007 |
|       SignificandMultiplication      |     0.005 |
|     Product211_0_impl_instance       |     0.006 |
|       SignificandMultiplication      |     0.004 |
|     Product211_1_impl_instance       |     0.005 |
|       SignificandMultiplication      |     0.004 |
|     Product213_0_impl_instance       |     0.007 |
|       SignificandMultiplication      |     0.005 |
|     Product213_1_impl_instance       |     0.007 |
|       SignificandMultiplication      |     0.005 |
|     Product23_0_impl_instance        |     0.006 |
|       SignificandMultiplication      |     0.004 |
|     Product23_1_impl_instance        |     0.007 |
|       SignificandMultiplication      |     0.005 |
|     Product241_0_impl_instance       |     0.007 |
|       SignificandMultiplication      |     0.005 |
|     Product241_1_impl_instance       |     0.007 |
|       SignificandMultiplication      |     0.005 |
|     Product24_0_impl_instance        |     0.007 |
|       SignificandMultiplication      |     0.005 |
|     Product24_1_impl_instance        |     0.007 |
|       SignificandMultiplication      |     0.005 |
|     Product271_0_impl_instance       |     0.007 |
|       SignificandMultiplication      |     0.005 |
|     Product271_1_impl_instance       |     0.007 |
|       SignificandMultiplication      |     0.005 |
|     Product28_0_impl_instance        |     0.006 |
|       SignificandMultiplication      |     0.005 |
|     Product28_1_impl_instance        |     0.007 |
|       SignificandMultiplication      |     0.005 |
|     Product310_0_impl_instance       |     0.006 |
|       SignificandMultiplication      |     0.004 |
|     Product310_1_impl_instance       |     0.006 |
|       SignificandMultiplication      |     0.005 |
|     Product31_0_impl_instance        |     0.006 |
|       SignificandMultiplication      |     0.004 |
|     Product31_1_impl_instance        |     0.007 |
|       SignificandMultiplication      |     0.005 |
|     Product321_0_impl_instance       |     0.006 |
|       SignificandMultiplication      |     0.004 |
|     Product321_1_impl_instance       |     0.006 |
|       SignificandMultiplication      |     0.004 |
|     Product33_0_impl_instance        |     0.006 |
|       SignificandMultiplication      |     0.004 |
|     Product33_1_impl_instance        |     0.008 |
|       SignificandMultiplication      |     0.005 |
|     Product341_0_impl_instance       |     0.006 |
|       SignificandMultiplication      |     0.004 |
|     Product341_1_impl_instance       |     0.007 |
|       SignificandMultiplication      |     0.004 |
|     Product34_0_impl_instance        |     0.007 |
|       SignificandMultiplication      |     0.004 |
|     Product34_1_impl_instance        |     0.007 |
|       SignificandMultiplication      |     0.004 |
|     Product371_0_impl_instance       |     0.007 |
|       SignificandMultiplication      |     0.005 |
|     Product371_1_impl_instance       |     0.007 |
|       SignificandMultiplication      |     0.005 |
|     Product38_0_impl_instance        |     0.005 |
|       SignificandMultiplication      |     0.004 |
|     Product38_1_impl_instance        |     0.006 |
|       SignificandMultiplication      |     0.004 |
|     Product391_0_impl_instance       |     0.007 |
|       SignificandMultiplication      |     0.005 |
|     Product391_1_impl_instance       |     0.006 |
|       SignificandMultiplication      |     0.004 |
|     Product410_0_impl_instance       |     0.006 |
|       SignificandMultiplication      |     0.004 |
|     Product410_1_impl_instance       |     0.006 |
|       SignificandMultiplication      |     0.005 |
|     Product412_0_impl_instance       |     0.006 |
|       SignificandMultiplication      |     0.004 |
|     Product412_1_impl_instance       |     0.006 |
|       SignificandMultiplication      |     0.004 |
|     Product421_0_impl_instance       |     0.007 |
|       SignificandMultiplication      |     0.005 |
|     Product421_1_impl_instance       |     0.007 |
|       SignificandMultiplication      |     0.005 |
|     Product431_0_impl_instance       |     0.006 |
|       SignificandMultiplication      |     0.004 |
|     Product431_1_impl_instance       |     0.006 |
|       SignificandMultiplication      |     0.004 |
|     Product44_0_impl_instance        |     0.006 |
|       SignificandMultiplication      |     0.004 |
|     Product44_1_impl_instance        |     0.005 |
|       SignificandMultiplication      |     0.004 |
|     Product46_0_impl_instance        |     0.007 |
|       SignificandMultiplication      |     0.005 |
|     Product46_1_impl_instance        |     0.007 |
|       SignificandMultiplication      |     0.004 |
|     Product481_0_impl_instance       |     0.005 |
|       SignificandMultiplication      |     0.003 |
|     Product481_1_impl_instance       |     0.005 |
|       SignificandMultiplication      |     0.003 |
|     Product491_0_impl_instance       |     0.006 |
|       SignificandMultiplication      |     0.004 |
|     Product491_1_impl_instance       |     0.006 |
|       SignificandMultiplication      |     0.004 |
|     Product49_0_impl_instance        |     0.007 |
|       SignificandMultiplication      |     0.005 |
|     Product49_1_impl_instance        |     0.006 |
|       SignificandMultiplication      |     0.004 |
|     Product4_0_impl_instance         |     0.007 |
|       SignificandMultiplication      |     0.005 |
|     Product4_1_impl_instance         |     0.007 |
|       SignificandMultiplication      |     0.005 |
|     Product510_0_impl_instance       |     0.007 |
|       SignificandMultiplication      |     0.005 |
|     Product510_1_impl_instance       |     0.007 |
|       SignificandMultiplication      |     0.005 |
|     Product512_0_impl_instance       |     0.007 |
|       SignificandMultiplication      |     0.005 |
|     Product512_1_impl_instance       |     0.007 |
|       SignificandMultiplication      |     0.005 |
|     Product57_0_impl_instance        |     0.007 |
|       SignificandMultiplication      |     0.005 |
|     Product57_1_impl_instance        |     0.007 |
|       SignificandMultiplication      |     0.005 |
|     Product58_0_impl_instance        |     0.006 |
|       SignificandMultiplication      |     0.004 |
|     Product58_1_impl_instance        |     0.007 |
|       SignificandMultiplication      |     0.005 |
|     Product59_0_impl_instance        |     0.007 |
|       SignificandMultiplication      |     0.005 |
|     Product59_1_impl_instance        |     0.006 |
|       SignificandMultiplication      |     0.004 |
|     Product610_0_impl_instance       |     0.006 |
|       SignificandMultiplication      |     0.004 |
|     Product610_1_impl_instance       |     0.006 |
|       SignificandMultiplication      |     0.004 |
|     Product62_0_impl_instance        |     0.007 |
|       SignificandMultiplication      |     0.005 |
|     Product62_1_impl_instance        |     0.007 |
|       SignificandMultiplication      |     0.005 |
|     Product65_0_impl_instance        |     0.007 |
|       SignificandMultiplication      |     0.005 |
|     Product65_1_impl_instance        |     0.006 |
|       SignificandMultiplication      |     0.004 |
|     Product710_0_impl_instance       |     0.007 |
|       SignificandMultiplication      |     0.005 |
|     Product710_1_impl_instance       |     0.007 |
|       SignificandMultiplication      |     0.005 |
|     Product71_0_impl_instance        |     0.007 |
|       SignificandMultiplication      |     0.005 |
|     Product71_1_impl_instance        |     0.007 |
|       SignificandMultiplication      |     0.005 |
|     Product73_0_impl_instance        |     0.007 |
|       SignificandMultiplication      |     0.005 |
|     Product73_1_impl_instance        |     0.007 |
|       SignificandMultiplication      |     0.005 |
|     Product77_0_impl_instance        |     0.006 |
|       SignificandMultiplication      |     0.004 |
|     Product77_1_impl_instance        |     0.006 |
|       SignificandMultiplication      |     0.004 |
|     Product810_0_impl_instance       |     0.007 |
|       SignificandMultiplication      |     0.005 |
|     Product810_1_impl_instance       |     0.007 |
|       SignificandMultiplication      |     0.005 |
|     Product82_0_impl_instance        |     0.007 |
|       SignificandMultiplication      |     0.004 |
|     Product82_1_impl_instance        |     0.007 |
|       SignificandMultiplication      |     0.005 |
|     Product84_0_impl_instance        |     0.007 |
|       SignificandMultiplication      |     0.005 |
|     Product84_1_impl_instance        |     0.008 |
|       SignificandMultiplication      |     0.005 |
|     Product85_0_impl_instance        |     0.007 |
|       SignificandMultiplication      |     0.005 |
|     Product85_1_impl_instance        |     0.007 |
|       SignificandMultiplication      |     0.005 |
|     Product87_0_impl_instance        |     0.007 |
|       SignificandMultiplication      |     0.005 |
|     Product87_1_impl_instance        |     0.007 |
|       SignificandMultiplication      |     0.005 |
|     Product8_0_impl_instance         |     0.005 |
|       SignificandMultiplication      |     0.004 |
|     Product8_1_impl_instance         |     0.005 |
|       SignificandMultiplication      |     0.004 |
|     Product910_0_impl_instance       |     0.007 |
|       SignificandMultiplication      |     0.005 |
|     Product910_1_impl_instance       |     0.007 |
|       SignificandMultiplication      |     0.005 |
|     Product96_0_impl_instance        |     0.007 |
|       SignificandMultiplication      |     0.005 |
|     Product96_1_impl_instance        |     0.007 |
|       SignificandMultiplication      |     0.005 |
|     SharedReg100_instance            |    <0.001 |
|     SharedReg101_instance            |    <0.001 |
|     SharedReg102_instance            |    <0.001 |
|     SharedReg103_instance            |     0.009 |
|     SharedReg104_instance            |     0.001 |
|     SharedReg105_instance            |     0.009 |
|     SharedReg106_instance            |    <0.001 |
|     SharedReg108_instance            |    <0.001 |
|     SharedReg10_instance             |    <0.001 |
|     SharedReg110_instance            |     0.002 |
|     SharedReg111_instance            |     0.002 |
|     SharedReg112_instance            |     0.002 |
|     SharedReg113_instance            |     0.001 |
|     SharedReg114_instance            |     0.003 |
|     SharedReg115_instance            |     0.003 |
|     SharedReg116_instance            |     0.004 |
|     SharedReg117_instance            |     0.002 |
|     SharedReg118_instance            |     0.009 |
|     SharedReg119_instance            |     0.003 |
|     SharedReg11_instance             |    <0.001 |
|     SharedReg120_instance            |     0.008 |
|     SharedReg121_instance            |     0.001 |
|     SharedReg122_instance            |    <0.001 |
|     SharedReg123_instance            |     0.002 |
|     SharedReg124_instance            |     0.002 |
|     SharedReg125_instance            |     0.002 |
|     SharedReg126_instance            |     0.002 |
|     SharedReg127_instance            |     0.003 |
|     SharedReg128_instance            |     0.009 |
|     SharedReg129_instance            |     0.002 |
|     SharedReg12_instance             |     0.001 |
|     SharedReg130_instance            |     0.003 |
|     SharedReg131_instance            |     0.004 |
|     SharedReg132_instance            |     0.009 |
|     SharedReg133_instance            |     0.002 |
|     SharedReg134_instance            |     0.004 |
|     SharedReg135_instance            |     0.001 |
|     SharedReg136_instance            |     0.001 |
|     SharedReg137_instance            |     0.002 |
|     SharedReg138_instance            |     0.002 |
|     SharedReg139_instance            |     0.002 |
|     SharedReg13_instance             |     0.001 |
|     SharedReg140_instance            |     0.005 |
|     SharedReg141_instance            |     0.002 |
|     SharedReg142_instance            |     0.001 |
|     SharedReg143_instance            |     0.004 |
|     SharedReg144_instance            |     0.002 |
|     SharedReg145_instance            |     0.009 |
|     SharedReg146_instance            |     0.001 |
|     SharedReg147_instance            |     0.009 |
|     SharedReg148_instance            |     0.002 |
|     SharedReg149_instance            |     0.003 |
|     SharedReg14_instance             |    <0.001 |
|     SharedReg150_instance            |     0.002 |
|     SharedReg151_instance            |     0.002 |
|     SharedReg152_instance            |     0.002 |
|     SharedReg153_instance            |    <0.001 |
|     SharedReg154_instance            |     0.002 |
|     SharedReg155_instance            |     0.001 |
|     SharedReg156_instance            |     0.002 |
|     SharedReg157_instance            |     0.003 |
|     SharedReg158_instance            |     0.001 |
|     SharedReg159_instance            |     0.001 |
|     SharedReg15_instance             |    <0.001 |
|     SharedReg160_instance            |     0.001 |
|     SharedReg161_instance            |     0.002 |
|     SharedReg162_instance            |     0.001 |
|     SharedReg163_instance            |     0.002 |
|     SharedReg164_instance            |     0.002 |
|     SharedReg165_instance            |     0.001 |
|     SharedReg166_instance            |     0.002 |
|     SharedReg167_instance            |     0.002 |
|     SharedReg168_instance            |     0.001 |
|     SharedReg169_instance            |     0.002 |
|     SharedReg16_instance             |     0.001 |
|     SharedReg170_instance            |     0.001 |
|     SharedReg171_instance            |     0.002 |
|     SharedReg172_instance            |     0.003 |
|     SharedReg173_instance            |     0.005 |
|     SharedReg174_instance            |     0.003 |
|     SharedReg175_instance            |     0.004 |
|     SharedReg176_instance            |     0.002 |
|     SharedReg177_instance            |     0.001 |
|     SharedReg178_instance            |    <0.001 |
|     SharedReg179_instance            |     0.002 |
|     SharedReg17_instance             |    <0.001 |
|     SharedReg180_instance            |    <0.001 |
|     SharedReg181_instance            |     0.002 |
|     SharedReg182_instance            |     0.001 |
|     SharedReg183_instance            |     0.002 |
|     SharedReg184_instance            |    <0.001 |
|     SharedReg185_instance            |     0.002 |
|     SharedReg186_instance            |     0.001 |
|     SharedReg187_instance            |     0.002 |
|     SharedReg188_instance            |     0.002 |
|     SharedReg189_instance            |     0.002 |
|     SharedReg18_instance             |    <0.001 |
|     SharedReg190_instance            |     0.002 |
|     SharedReg191_instance            |     0.005 |
|     SharedReg192_instance            |     0.005 |
|     SharedReg193_instance            |     0.002 |
|     SharedReg194_instance            |     0.003 |
|     SharedReg195_instance            |     0.002 |
|     SharedReg196_instance            |     0.003 |
|     SharedReg197_instance            |     0.001 |
|     SharedReg198_instance            |     0.002 |
|     SharedReg199_instance            |     0.002 |
|     SharedReg19_instance             |    <0.001 |
|     SharedReg1_instance              |    <0.001 |
|     SharedReg200_instance            |     0.001 |
|     SharedReg201_instance            |     0.003 |
|     SharedReg202_instance            |     0.001 |
|     SharedReg203_instance            |     0.002 |
|     SharedReg204_instance            |     0.001 |
|     SharedReg205_instance            |     0.001 |
|     SharedReg206_instance            |     0.005 |
|     SharedReg207_instance            |     0.001 |
|     SharedReg208_instance            |     0.004 |
|     SharedReg209_instance            |     0.004 |
|     SharedReg20_instance             |     0.001 |
|     SharedReg210_instance            |     0.005 |
|     SharedReg211_instance            |     0.002 |
|     SharedReg212_instance            |     0.005 |
|     SharedReg213_instance            |     0.001 |
|     SharedReg214_instance            |     0.001 |
|     SharedReg215_instance            |     0.002 |
|     SharedReg216_instance            |     0.001 |
|     SharedReg217_instance            |     0.001 |
|     SharedReg218_instance            |    <0.001 |
|     SharedReg219_instance            |     0.001 |
|     SharedReg21_instance             |    <0.001 |
|     SharedReg220_instance            |     0.001 |
|     SharedReg221_instance            |     0.001 |
|     SharedReg222_instance            |     0.002 |
|     SharedReg223_instance            |     0.001 |
|     SharedReg224_instance            |     0.001 |
|     SharedReg225_instance            |     0.001 |
|     SharedReg226_instance            |     0.003 |
|     SharedReg227_instance            |     0.002 |
|     SharedReg228_instance            |     0.002 |
|     SharedReg229_instance            |     0.002 |
|     SharedReg22_instance             |    <0.001 |
|     SharedReg230_instance            |    <0.001 |
|     SharedReg231_instance            |     0.001 |
|     SharedReg232_instance            |     0.001 |
|     SharedReg233_instance            |     0.004 |
|     SharedReg234_instance            |     0.003 |
|     SharedReg235_instance            |     0.001 |
|     SharedReg236_instance            |     0.002 |
|     SharedReg237_instance            |     0.001 |
|     SharedReg238_instance            |     0.002 |
|     SharedReg239_instance            |     0.001 |
|     SharedReg23_instance             |     0.001 |
|     SharedReg240_instance            |     0.002 |
|     SharedReg241_instance            |     0.002 |
|     SharedReg242_instance            |     0.002 |
|     SharedReg243_instance            |     0.002 |
|     SharedReg244_instance            |     0.002 |
|     SharedReg245_instance            |     0.002 |
|     SharedReg246_instance            |     0.001 |
|     SharedReg247_instance            |     0.003 |
|     SharedReg248_instance            |     0.003 |
|     SharedReg249_instance            |     0.002 |
|     SharedReg24_instance             |    <0.001 |
|     SharedReg250_instance            |     0.003 |
|     SharedReg251_instance            |     0.002 |
|     SharedReg252_instance            |     0.001 |
|     SharedReg253_instance            |     0.001 |
|     SharedReg254_instance            |     0.003 |
|     SharedReg255_instance            |     0.001 |
|     SharedReg256_instance            |     0.002 |
|     SharedReg257_instance            |     0.001 |
|     SharedReg258_instance            |     0.002 |
|     SharedReg259_instance            |     0.002 |
|     SharedReg25_instance             |    <0.001 |
|     SharedReg260_instance            |     0.002 |
|     SharedReg261_instance            |     0.001 |
|     SharedReg262_instance            |     0.003 |
|     SharedReg263_instance            |     0.002 |
|     SharedReg264_instance            |    <0.001 |
|     SharedReg265_instance            |     0.002 |
|     SharedReg266_instance            |     0.003 |
|     SharedReg267_instance            |     0.007 |
|     SharedReg268_instance            |     0.003 |
|     SharedReg269_instance            |     0.004 |
|     SharedReg26_instance             |    <0.001 |
|     SharedReg270_instance            |     0.001 |
|     SharedReg271_instance            |     0.007 |
|     SharedReg272_instance            |     0.003 |
|     SharedReg273_instance            |     0.005 |
|     SharedReg274_instance            |     0.001 |
|     SharedReg275_instance            |     0.003 |
|     SharedReg276_instance            |     0.001 |
|     SharedReg277_instance            |     0.004 |
|     SharedReg278_instance            |    <0.001 |
|     SharedReg279_instance            |     0.010 |
|     SharedReg27_instance             |    <0.001 |
|     SharedReg280_instance            |     0.002 |
|     SharedReg281_instance            |     0.002 |
|     SharedReg282_instance            |     0.003 |
|     SharedReg283_instance            |     0.003 |
|     SharedReg284_instance            |     0.001 |
|     SharedReg285_instance            |     0.007 |
|     SharedReg286_instance            |     0.001 |
|     SharedReg287_instance            |     0.007 |
|     SharedReg288_instance            |     0.002 |
|     SharedReg289_instance            |     0.002 |
|     SharedReg28_instance             |     0.001 |
|     SharedReg290_instance            |     0.001 |
|     SharedReg291_instance            |    <0.001 |
|     SharedReg292_instance            |     0.001 |
|     SharedReg293_instance            |     0.001 |
|     SharedReg294_instance            |     0.002 |
|     SharedReg295_instance            |     0.002 |
|     SharedReg296_instance            |     0.001 |
|     SharedReg297_instance            |     0.002 |
|     SharedReg298_instance            |     0.002 |
|     SharedReg299_instance            |     0.002 |
|     SharedReg29_instance             |    <0.001 |
|     SharedReg2_instance              |    <0.001 |
|     SharedReg300_instance            |     0.001 |
|     SharedReg301_instance            |     0.001 |
|     SharedReg302_instance            |     0.002 |
|     SharedReg303_instance            |     0.001 |
|     SharedReg304_instance            |     0.001 |
|     SharedReg305_instance            |     0.001 |
|     SharedReg306_instance            |    <0.001 |
|     SharedReg307_instance            |     0.001 |
|     SharedReg308_instance            |     0.001 |
|     SharedReg309_instance            |     0.002 |
|     SharedReg30_instance             |    <0.001 |
|     SharedReg310_instance            |     0.001 |
|     SharedReg311_instance            |     0.002 |
|     SharedReg312_instance            |     0.002 |
|     SharedReg313_instance            |     0.002 |
|     SharedReg314_instance            |     0.002 |
|     SharedReg315_instance            |     0.002 |
|     SharedReg316_instance            |     0.002 |
|     SharedReg317_instance            |     0.004 |
|     SharedReg318_instance            |     0.002 |
|     SharedReg319_instance            |     0.004 |
|     SharedReg31_instance             |     0.001 |
|     SharedReg320_instance            |     0.002 |
|     SharedReg321_instance            |     0.002 |
|     SharedReg322_instance            |     0.003 |
|     SharedReg323_instance            |     0.005 |
|     SharedReg324_instance            |     0.002 |
|     SharedReg325_instance            |     0.005 |
|     SharedReg326_instance            |     0.002 |
|     SharedReg327_instance            |     0.001 |
|     SharedReg328_instance            |     0.001 |
|     SharedReg329_instance            |     0.002 |
|     SharedReg32_instance             |     0.001 |
|     SharedReg330_instance            |     0.004 |
|     SharedReg331_instance            |     0.002 |
|     SharedReg332_instance            |    <0.001 |
|     SharedReg333_instance            |    <0.001 |
|     SharedReg334_instance            |    <0.001 |
|     SharedReg335_instance            |    <0.001 |
|     SharedReg336_instance            |    <0.001 |
|     SharedReg337_instance            |    <0.001 |
|     SharedReg338_instance            |    <0.001 |
|     SharedReg339_instance            |    <0.001 |
|     SharedReg33_instance             |     0.002 |
|     SharedReg340_instance            |    <0.001 |
|     SharedReg341_instance            |    <0.001 |
|     SharedReg342_instance            |    <0.001 |
|     SharedReg343_instance            |    <0.001 |
|     SharedReg344_instance            |    <0.001 |
|     SharedReg345_instance            |    <0.001 |
|     SharedReg346_instance            |    <0.001 |
|     SharedReg347_instance            |    <0.001 |
|     SharedReg348_instance            |    <0.001 |
|     SharedReg349_instance            |    <0.001 |
|     SharedReg34_instance             |    <0.001 |
|     SharedReg350_instance            |    <0.001 |
|     SharedReg351_instance            |    <0.001 |
|     SharedReg352_instance            |    <0.001 |
|     SharedReg353_instance            |    <0.001 |
|     SharedReg354_instance            |    <0.001 |
|     SharedReg35_instance             |    <0.001 |
|     SharedReg36_instance             |    <0.001 |
|     SharedReg37_instance             |    <0.001 |
|     SharedReg38_instance             |    <0.001 |
|     SharedReg39_instance             |     0.001 |
|     SharedReg3_instance              |    <0.001 |
|     SharedReg40_instance             |     0.001 |
|     SharedReg41_instance             |    <0.001 |
|     SharedReg42_instance             |    <0.001 |
|     SharedReg43_instance             |     0.001 |
|     SharedReg44_instance             |     0.002 |
|     SharedReg45_instance             |    <0.001 |
|     SharedReg46_instance             |     0.001 |
|     SharedReg47_instance             |    <0.001 |
|     SharedReg48_instance             |    <0.001 |
|     SharedReg49_instance             |     0.001 |
|     SharedReg4_instance              |    <0.001 |
|     SharedReg50_instance             |     0.002 |
|     SharedReg51_instance             |    <0.001 |
|     SharedReg52_instance             |    <0.001 |
|     SharedReg53_instance             |    <0.001 |
|     SharedReg54_instance             |    <0.001 |
|     SharedReg55_instance             |     0.001 |
|     SharedReg56_instance             |    <0.001 |
|     SharedReg57_instance             |     0.002 |
|     SharedReg58_instance             |    <0.001 |
|     SharedReg59_instance             |    <0.001 |
|     SharedReg5_instance              |     0.002 |
|     SharedReg60_instance             |    <0.001 |
|     SharedReg61_instance             |    <0.001 |
|     SharedReg62_instance             |    <0.001 |
|     SharedReg63_instance             |     0.002 |
|     SharedReg64_instance             |    <0.001 |
|     SharedReg65_instance             |    <0.001 |
|     SharedReg66_instance             |     0.001 |
|     SharedReg67_instance             |     0.001 |
|     SharedReg68_instance             |     0.002 |
|     SharedReg69_instance             |     0.001 |
|     SharedReg6_instance              |     0.001 |
|     SharedReg70_instance             |    <0.001 |
|     SharedReg71_instance             |     0.001 |
|     SharedReg72_instance             |     0.001 |
|     SharedReg73_instance             |     0.002 |
|     SharedReg74_instance             |     0.002 |
|     SharedReg75_instance             |     0.003 |
|     SharedReg76_instance             |    <0.001 |
|     SharedReg78_instance             |    <0.001 |
|     SharedReg7_instance              |    <0.001 |
|     SharedReg80_instance             |     0.001 |
|     SharedReg81_instance             |     0.002 |
|     SharedReg82_instance             |    <0.001 |
|     SharedReg83_instance             |     0.007 |
|     SharedReg84_instance             |    <0.001 |
|     SharedReg85_instance             |     0.007 |
|     SharedReg86_instance             |    <0.001 |
|     SharedReg87_instance             |     0.001 |
|     SharedReg88_instance             |    <0.001 |
|     SharedReg89_instance             |     0.002 |
|     SharedReg8_instance              |    <0.001 |
|     SharedReg90_instance             |     0.002 |
|     SharedReg91_instance             |     0.002 |
|     SharedReg92_instance             |     0.002 |
|     SharedReg93_instance             |     0.003 |
|     SharedReg94_instance             |    <0.001 |
|     SharedReg95_instance             |     0.002 |
|     SharedReg96_instance             |    <0.001 |
|     SharedReg97_instance             |     0.004 |
|     SharedReg98_instance             |     0.002 |
|     SharedReg99_instance             |     0.002 |
|     SharedReg9_instance              |     0.001 |
|     SharedReg_instance               |    <0.001 |
|     Subtract10_1_impl_instance       |     0.009 |
|       FPAddSubOp_instance            |     0.009 |
|         LZC_component                |     0.005 |
|         fracAdder                    |     0.001 |
|     Subtract12_0_impl_instance       |     0.008 |
|       FPAddSubOp_instance            |     0.008 |
|         LZC_component                |     0.004 |
|         fracAdder                    |     0.001 |
|     Subtract12_1_impl_instance       |     0.008 |
|       FPAddSubOp_instance            |     0.008 |
|         LZC_component                |     0.004 |
|         fracAdder                    |     0.001 |
|     Subtract1_0_impl_instance        |     0.008 |
|       FPAddSubOp_instance            |     0.008 |
|         LZC_component                |     0.004 |
|         fracAdder                    |     0.001 |
|     Subtract1_1_impl_instance        |     0.009 |
|       FPAddSubOp_instance            |     0.009 |
|         LZC_component                |     0.004 |
|         fracAdder                    |    <0.001 |
|     Subtract4_0_impl_instance        |     0.008 |
|       FPAddSubOp_instance            |     0.008 |
|         LZC_component                |     0.004 |
|         fracAdder                    |     0.001 |
|     Subtract5_1_impl_instance        |     0.009 |
|       FPAddSubOp_instance            |     0.009 |
|         LZC_component                |     0.004 |
|         fracAdder                    |     0.001 |
|     Subtract6_0_impl_instance        |     0.008 |
|       FPAddSubOp_instance            |     0.008 |
|         LZC_component                |     0.004 |
|         fracAdder                    |     0.001 |
|     Subtract7_1_impl_instance        |     0.008 |
|       FPAddSubOp_instance            |     0.008 |
|         LZC_component                |     0.004 |
|         fracAdder                    |     0.001 |
|   clk_IBUF_inst                      |    <0.001 |
|   ldiff_uu_del_1_0_enable_IBUF_inst  |    <0.001 |
|   ldiff_uu_del_1_1_enable_IBUF_inst  |    <0.001 |
|   ldiff_uv_del_1_0_enable_IBUF_inst  |    <0.001 |
|   ldiff_uv_del_1_1_enable_IBUF_inst  |    <0.001 |
|   ldiff_uw_del_1_0_enable_IBUF_inst  |    <0.001 |
|   ldiff_uw_del_1_1_enable_IBUF_inst  |    <0.001 |
|   ldiff_vu_del_1_0_enable_IBUF_inst  |    <0.001 |
|   ldiff_vu_del_1_1_enable_IBUF_inst  |    <0.001 |
|   ldiff_vv_del_1_0_enable_IBUF_inst  |    <0.001 |
|   ldiff_vv_del_1_1_enable_IBUF_inst  |    <0.001 |
|   ldiff_vw_del_1_0_enable_IBUF_inst  |    <0.001 |
|   ldiff_vw_del_1_1_enable_IBUF_inst  |    <0.001 |
|   ldiff_wu_del_1_0_enable_IBUF_inst  |    <0.001 |
|   ldiff_wu_del_1_1_enable_IBUF_inst  |    <0.001 |
|   ldiff_wv_del_1_0_enable_IBUF_inst  |    <0.001 |
|   ldiff_wv_del_1_1_enable_IBUF_inst  |    <0.001 |
|   ldiff_ww_del_1_0_enable_IBUF_inst  |    <0.001 |
|   ldiff_ww_del_1_1_enable_IBUF_inst  |    <0.001 |
|   output_select_IBUF[0]_inst         |    <0.001 |
|   output_select_IBUF[1]_inst         |    <0.001 |
|   output_select_IBUF[2]_inst         |    <0.001 |
|   output_select_IBUF[3]_inst         |    <0.001 |
|   output_select_IBUF[4]_inst         |    <0.001 |
|   r_u_0_enable_IBUF_inst             |    <0.001 |
|   r_u_1_enable_IBUF_inst             |    <0.001 |
|   r_v_0_enable_IBUF_inst             |    <0.001 |
|   r_v_1_enable_IBUF_inst             |    <0.001 |
|   r_w_0_enable_IBUF_inst             |    <0.001 |
|   r_w_1_enable_IBUF_inst             |    <0.001 |
|   rst_IBUF_inst                      |    <0.001 |
|   shared_input_IBUF[0]_inst          |    <0.001 |
|   shared_input_IBUF[10]_inst         |    <0.001 |
|   shared_input_IBUF[11]_inst         |    <0.001 |
|   shared_input_IBUF[12]_inst         |    <0.001 |
|   shared_input_IBUF[13]_inst         |    <0.001 |
|   shared_input_IBUF[14]_inst         |    <0.001 |
|   shared_input_IBUF[15]_inst         |    <0.001 |
|   shared_input_IBUF[16]_inst         |    <0.001 |
|   shared_input_IBUF[17]_inst         |    <0.001 |
|   shared_input_IBUF[18]_inst         |    <0.001 |
|   shared_input_IBUF[19]_inst         |    <0.001 |
|   shared_input_IBUF[1]_inst          |    <0.001 |
|   shared_input_IBUF[20]_inst         |    <0.001 |
|   shared_input_IBUF[21]_inst         |    <0.001 |
|   shared_input_IBUF[22]_inst         |    <0.001 |
|   shared_input_IBUF[23]_inst         |    <0.001 |
|   shared_input_IBUF[24]_inst         |    <0.001 |
|   shared_input_IBUF[25]_inst         |    <0.001 |
|   shared_input_IBUF[26]_inst         |    <0.001 |
|   shared_input_IBUF[27]_inst         |    <0.001 |
|   shared_input_IBUF[28]_inst         |    <0.001 |
|   shared_input_IBUF[29]_inst         |    <0.001 |
|   shared_input_IBUF[2]_inst          |    <0.001 |
|   shared_input_IBUF[30]_inst         |    <0.001 |
|   shared_input_IBUF[31]_inst         |    <0.001 |
|   shared_input_IBUF[3]_inst          |    <0.001 |
|   shared_input_IBUF[4]_inst          |    <0.001 |
|   shared_input_IBUF[5]_inst          |    <0.001 |
|   shared_input_IBUF[6]_inst          |    <0.001 |
|   shared_input_IBUF[7]_inst          |    <0.001 |
|   shared_input_IBUF[8]_inst          |    <0.001 |
|   shared_input_IBUF[9]_inst          |    <0.001 |
+--------------------------------------+-----------+


