Copyright 1986-2018 Xilinx, Inc. All Rights Reserved.
------------------------------------------------------------------------------------------------------------------------------------------------------------------------------------------------------------------------
| Tool Version      : Vivado v.2018.1 (lin64) Build 2188600 Wed Apr  4 18:39:19 MDT 2018
| Date              : Tue Nov 30 13:13:26 2021
| Host              : animal.digi.e-technik.uni-kassel.de running 64-bit AlmaLinux release 8.4 (Electric Cheetah)
| Command           : report_timing -file /home/nfiege/Repositories/origami/vhdl/ratII/synth/mat_inv/UniformILPNew/mat_inv_UniformILPNew_55_wrapper_ultrascale2_250/implementedSystem_toplevel_wrapper_timing_synth.rpt
| Design            : implementedSystem_toplevel_wrapper
| Device            : xcvu13p-fhga2104
| Speed File        : -2  PRODUCTION 1.19 03-17-2018
| Temperature Grade : E
------------------------------------------------------------------------------------------------------------------------------------------------------------------------------------------------------------------------

Timing Report

Slack (MET) :             0.167ns  (required time - arrival time)
  Source:                 DUT/ModCount491_instance/count_reg[4]_rep__3/C
                            (rising edge-triggered cell FDCE clocked by clk  {rise@0.000ns fall@2.000ns period=4.000ns})
  Destination:            DUT/Delay1No39_instance/Y_reg[26]/D
                            (rising edge-triggered cell FDCE clocked by clk  {rise@0.000ns fall@2.000ns period=4.000ns})
  Path Group:             clk
  Path Type:              Setup (Max at Slow Process Corner)
  Requirement:            4.000ns  (clk rise@4.000ns - clk rise@0.000ns)
  Data Path Delay:        3.756ns  (logic 0.165ns (4.393%)  route 3.591ns (95.607%))
  Logic Levels:           1  (LUT6=1)
  Clock Path Skew:        -0.067ns (DCD - SCD + CPR)
    Destination Clock Delay (DCD):    2.802ns = ( 6.802 - 4.000 ) 
    Source Clock Delay      (SCD):    3.268ns
    Clock Pessimism Removal (CPR):    0.399ns
  Clock Uncertainty:      0.035ns  ((TSJ^2 + TIJ^2)^1/2 + DJ) / 2 + PE
    Total System Jitter     (TSJ):    0.071ns
    Total Input Jitter      (TIJ):    0.000ns
    Discrete Jitter          (DJ):    0.000ns
    Phase Error              (PE):    0.000ns
  Clock Net Delay (Source):      2.310ns (routing 1.199ns, distribution 1.111ns)
  Clock Net Delay (Destination): 2.135ns (routing 1.091ns, distribution 1.044ns)

    Location             Delay type                Incr(ns)  Path(ns)    Netlist Resource(s)
  -------------------------------------------------------------------    -------------------
                         (clock clk rise edge)        0.000     0.000 r  
    AV14                                              0.000     0.000 r  clk (IN)
                         net (fo=0)                   0.000     0.000    clk_IBUF_inst/I
    AV14                 INBUF (Prop_INBUF_HPIOB_M_PAD_O)
                                                      0.607     0.607 r  clk_IBUF_inst/INBUF_INST/O
                         net (fo=1, routed)           0.000     0.607    clk_IBUF_inst/OUT
    AV14                 IBUFCTRL (Prop_IBUFCTRL_HPIOB_M_I_O)
                                                      0.000     0.607 r  clk_IBUF_inst/IBUFCTRL_INST/O
                         net (fo=1, routed)           0.323     0.930    clk_IBUF
    BUFGCE_X0Y170        BUFGCE (Prop_BUFCE_BUFGCE_I_O)
                                                      0.028     0.958 r  clk_IBUF_BUFG_inst/O
    X2Y6 (CLOCK_ROOT)    net (fo=133976, routed)      2.310     3.268    DUT/ModCount491_instance/clk_IBUF_BUFG
    SLICE_X39Y410        FDCE                                         r  DUT/ModCount491_instance/count_reg[4]_rep__3/C
  -------------------------------------------------------------------    -------------------
    SLICE_X39Y410        FDCE (Prop_EFF_SLICEM_C_Q)
                                                      0.076     3.344 r  DUT/ModCount491_instance/count_reg[4]_rep__3/Q
                         net (fo=138, routed)         3.542     6.886    DUT/MUX_Product310_0_impl_1_instance/count_reg[4]_rep__3
    SLICE_X105Y451       LUT6 (Prop_D6LUT_SLICEL_I4_O)
                                                      0.089     6.975 r  DUT/MUX_Product310_0_impl_1_instance/Y[26]_i_1/O
                         net (fo=1, routed)           0.049     7.024    DUT/Delay1No39_instance/D[26]
    SLICE_X105Y451       FDCE                                         r  DUT/Delay1No39_instance/Y_reg[26]/D
  -------------------------------------------------------------------    -------------------

                         (clock clk rise edge)        4.000     4.000 r  
    AV14                                              0.000     4.000 r  clk (IN)
                         net (fo=0)                   0.000     4.000    clk_IBUF_inst/I
    AV14                 INBUF (Prop_INBUF_HPIOB_M_PAD_O)
                                                      0.356     4.356 r  clk_IBUF_inst/INBUF_INST/O
                         net (fo=1, routed)           0.000     4.356    clk_IBUF_inst/OUT
    AV14                 IBUFCTRL (Prop_IBUFCTRL_HPIOB_M_I_O)
                                                      0.000     4.356 r  clk_IBUF_inst/IBUFCTRL_INST/O
                         net (fo=1, routed)           0.287     4.643    clk_IBUF
    BUFGCE_X0Y170        BUFGCE (Prop_BUFCE_BUFGCE_I_O)
                                                      0.024     4.667 r  clk_IBUF_BUFG_inst/O
    X2Y6 (CLOCK_ROOT)    net (fo=133976, routed)      2.135     6.802    DUT/Delay1No39_instance/clk_IBUF_BUFG
    SLICE_X105Y451       FDCE                                         r  DUT/Delay1No39_instance/Y_reg[26]/C
                         clock pessimism              0.399     7.201    
                         clock uncertainty           -0.035     7.166    
    SLICE_X105Y451       FDCE (Setup_DFF_SLICEL_C_D)
                                                      0.025     7.191    DUT/Delay1No39_instance/Y_reg[26]
  -------------------------------------------------------------------
                         required time                          7.191    
                         arrival time                          -7.024    
  -------------------------------------------------------------------
                         slack                                  0.167    




