Copyright 1986-2018 Xilinx, Inc. All Rights Reserved.
---------------------------------------------------------------------------------------------------------------------------------------------------------------------------------------------------
| Tool Version      : Vivado v.2018.1 (lin64) Build 2188600 Wed Apr  4 18:39:19 MDT 2018
| Date              : Thu Aug 26 05:09:10 2021
| Host              : animal.digi.e-technik.uni-kassel.de running 64-bit AlmaLinux release 8.3 (Purple Manul)
| Command           : report_timing -file /home/nfiege/Repositories/origami/vhdl/ratII/synth/iir_sos16/UniformILPNew/iir_sos16_UniformILPNew_16_ultrascale2_250/implementedSystem_timing_synth.rpt
| Design            : implementedSystem_toplevel
| Device            : xcvu13p-fhga2104
| Speed File        : -2  PRODUCTION 1.19 03-17-2018
| Temperature Grade : E
---------------------------------------------------------------------------------------------------------------------------------------------------------------------------------------------------

Timing Report

Slack (MET) :             0.512ns  (required time - arrival time)
  Source:                 Delay1No9_instance/Y_reg[7]/C
                            (rising edge-triggered cell FDCE clocked by clk  {rise@0.000ns fall@2.000ns period=4.000ns})
  Destination:            Sum1_1_impl_instance/FPAddSubOp_instance/shiftedFracY_d1_reg[19]/D
                            (rising edge-triggered cell FDRE clocked by clk  {rise@0.000ns fall@2.000ns period=4.000ns})
  Path Group:             clk
  Path Type:              Setup (Max at Slow Process Corner)
  Requirement:            4.000ns  (clk rise@4.000ns - clk rise@0.000ns)
  Data Path Delay:        3.398ns  (logic 0.922ns (27.134%)  route 2.476ns (72.866%))
  Logic Levels:           10  (CARRY8=3 LUT3=1 LUT4=1 LUT5=3 LUT6=2)
  Clock Path Skew:        -0.080ns (DCD - SCD + CPR)
    Destination Clock Delay (DCD):    1.680ns = ( 5.680 - 4.000 ) 
    Source Clock Delay      (SCD):    2.119ns
    Clock Pessimism Removal (CPR):    0.359ns
  Clock Uncertainty:      0.035ns  ((TSJ^2 + TIJ^2)^1/2 + DJ) / 2 + PE
    Total System Jitter     (TSJ):    0.071ns
    Total Input Jitter      (TIJ):    0.000ns
    Discrete Jitter          (DJ):    0.000ns
    Phase Error              (PE):    0.000ns
  Clock Net Delay (Source):      1.168ns (routing 0.170ns, distribution 0.998ns)
  Clock Net Delay (Destination): 1.020ns (routing 0.155ns, distribution 0.865ns)

    Location             Delay type                Incr(ns)  Path(ns)    Netlist Resource(s)
  -------------------------------------------------------------------    -------------------
                         (clock clk rise edge)        0.000     0.000 r  
    AP13                                              0.000     0.000 r  clk (IN)
                         net (fo=0)                   0.000     0.000    clk_IBUF_inst/I
    AP13                 INBUF (Prop_INBUF_HPIOB_M_PAD_O)
                                                      0.600     0.600 r  clk_IBUF_inst/INBUF_INST/O
                         net (fo=1, routed)           0.000     0.600    clk_IBUF_inst/OUT
    AP13                 IBUFCTRL (Prop_IBUFCTRL_HPIOB_M_I_O)
                                                      0.000     0.600 r  clk_IBUF_inst/IBUFCTRL_INST/O
                         net (fo=1, routed)           0.323     0.923    clk_IBUF
    BUFGCE_X0Y170        BUFGCE (Prop_BUFCE_BUFGCE_I_O)
                                                      0.028     0.951 r  clk_IBUF_BUFG_inst/O
    X4Y7 (CLOCK_ROOT)    net (fo=12567, routed)       1.168     2.119    Delay1No9_instance/clk_IBUF_BUFG
    SLICE_X118Y444       FDCE                                         r  Delay1No9_instance/Y_reg[7]/C
  -------------------------------------------------------------------    -------------------
    SLICE_X118Y444       FDCE (Prop_HFF_SLICEM_C_Q)
                                                      0.079     2.198 r  Delay1No9_instance/Y_reg[7]/Q
                         net (fo=4, routed)           0.640     2.838    Delay1No8_instance/Y_reg[33]_0[7]
    SLICE_X128Y457       LUT4 (Prop_D6LUT_SLICEM_I3_O)
                                                      0.099     2.937 r  Delay1No8_instance/geqOp_carry_i_13__2/O
                         net (fo=1, routed)           0.025     2.962    Sum1_1_impl_instance/FPAddSubOp_instance/S[3]
    SLICE_X128Y457       CARRY8 (Prop_CARRY8_SLICEM_S[3]_CO[7])
                                                      0.163     3.125 r  Sum1_1_impl_instance/FPAddSubOp_instance/geqOp_carry/CO[7]
                         net (fo=1, routed)           0.026     3.151    Sum1_1_impl_instance/FPAddSubOp_instance/geqOp_carry_n_0
    SLICE_X128Y458       CARRY8 (Prop_CARRY8_SLICEM_CI_CO[7])
                                                      0.015     3.166 r  Sum1_1_impl_instance/FPAddSubOp_instance/geqOp_carry__0/CO[7]
                         net (fo=1, routed)           0.026     3.192    Sum1_1_impl_instance/FPAddSubOp_instance/geqOp_carry__0_n_0
    SLICE_X128Y459       CARRY8 (Prop_CARRY8_SLICEM_CI_CO[0])
                                                      0.052     3.244 r  Sum1_1_impl_instance/FPAddSubOp_instance/geqOp_carry__1/CO[0]
                         net (fo=72, routed)          0.366     3.610    Delay1No9_instance/CO[0]
    SLICE_X126Y459       LUT5 (Prop_C5LUT_SLICEM_I4_O)
                                                      0.137     3.747 r  Delay1No9_instance/shiftedFracY_d1[12]_i_4__2/O
                         net (fo=3, routed)           0.223     3.970    Delay1No8_instance/Y_reg[23]_0[0]
    SLICE_X126Y458       LUT6 (Prop_G6LUT_SLICEM_I2_O)
                                                      0.123     4.093 r  Delay1No8_instance/shiftedFracY_d1[32]_i_9__2/O
                         net (fo=3, routed)           0.091     4.184    Delay1No8_instance/shiftedFracY_d1[32]_i_9__2_n_0
    SLICE_X126Y459       LUT5 (Prop_F6LUT_SLICEM_I3_O)
                                                      0.051     4.235 r  Delay1No8_instance/shiftedFracY_d1[12]_i_3__2/O
                         net (fo=33, routed)          0.438     4.673    Delay1No9_instance/shiftVal__5[0]
    SLICE_X129Y457       LUT5 (Prop_A6LUT_SLICEM_I1_O)
                                                      0.100     4.773 r  Delay1No9_instance/shiftedFracY_d1[27]_i_3__2/O
                         net (fo=4, routed)           0.235     5.008    Delay1No9_instance/level2[24]
    SLICE_X127Y457       LUT6 (Prop_H6LUT_SLICEL_I0_O)
                                                      0.051     5.059 r  Delay1No9_instance/shiftedFracY_d1[35]_i_1__2/O
                         net (fo=2, routed)           0.347     5.406    Delay1No8_instance/Y_reg[26]_0[12]
    SLICE_X126Y455       LUT3 (Prop_B6LUT_SLICEM_I0_O)
                                                      0.052     5.458 r  Delay1No8_instance/shiftedFracY_d1[19]_i_1__2/O
                         net (fo=1, routed)           0.059     5.517    Sum1_1_impl_instance/FPAddSubOp_instance/D[8]
    SLICE_X126Y455       FDRE                                         r  Sum1_1_impl_instance/FPAddSubOp_instance/shiftedFracY_d1_reg[19]/D
  -------------------------------------------------------------------    -------------------

                         (clock clk rise edge)        4.000     4.000 r  
    AP13                                              0.000     4.000 r  clk (IN)
                         net (fo=0)                   0.000     4.000    clk_IBUF_inst/I
    AP13                 INBUF (Prop_INBUF_HPIOB_M_PAD_O)
                                                      0.349     4.349 r  clk_IBUF_inst/INBUF_INST/O
                         net (fo=1, routed)           0.000     4.349    clk_IBUF_inst/OUT
    AP13                 IBUFCTRL (Prop_IBUFCTRL_HPIOB_M_I_O)
                                                      0.000     4.349 r  clk_IBUF_inst/IBUFCTRL_INST/O
                         net (fo=1, routed)           0.287     4.636    clk_IBUF
    BUFGCE_X0Y170        BUFGCE (Prop_BUFCE_BUFGCE_I_O)
                                                      0.024     4.660 r  clk_IBUF_BUFG_inst/O
    X4Y7 (CLOCK_ROOT)    net (fo=12567, routed)       1.020     5.680    Sum1_1_impl_instance/FPAddSubOp_instance/clk_IBUF_BUFG
    SLICE_X126Y455       FDRE                                         r  Sum1_1_impl_instance/FPAddSubOp_instance/shiftedFracY_d1_reg[19]/C
                         clock pessimism              0.359     6.039    
                         clock uncertainty           -0.035     6.003    
    SLICE_X126Y455       FDRE (Setup_BFF_SLICEM_C_D)
                                                      0.025     6.028    Sum1_1_impl_instance/FPAddSubOp_instance/shiftedFracY_d1_reg[19]
  -------------------------------------------------------------------
                         required time                          6.028    
                         arrival time                          -5.517    
  -------------------------------------------------------------------
                         slack                                  0.512    




