Copyright 1986-2018 Xilinx, Inc. All Rights Reserved.
------------------------------------------------------------------------------------------------------------------------------------------------------------------------------------------------
| Tool Version      : Vivado v.2018.1 (lin64) Build 2188600 Wed Apr  4 18:39:19 MDT 2018
| Date              : Sun Dec  6 10:44:04 2020
| Host              : animal.digi.e-technik.uni-kassel.de running 64-bit CentOS Linux release 7.8.2003 (Core)
| Command           : report_timing -file /home/nfiege/Repositories/origami/vhdl/ratII/synth/fir_SAM/NonUniformILP/fir_SAM_NonUniformILP_110_ultrascale2_250/implementedSystem_timing_synth.rpt
| Design            : implementedSystem_toplevel
| Device            : xcvu13p-fhga2104
| Speed File        : -2  PRODUCTION 1.19 03-17-2018
| Temperature Grade : E
------------------------------------------------------------------------------------------------------------------------------------------------------------------------------------------------

Timing Report

Slack (MET) :             0.247ns  (required time - arrival time)
  Source:                 SharedReg337_instance/s5_reg_c_rep__3/C
                            (rising edge-triggered cell FDCE clocked by clk  {rise@0.000ns fall@2.000ns period=4.000ns})
  Destination:            SharedReg774_instance/Y_reg[17]/D
                            (rising edge-triggered cell FDCE clocked by clk  {rise@0.000ns fall@2.000ns period=4.000ns})
  Path Group:             clk
  Path Type:              Setup (Max at Slow Process Corner)
  Requirement:            4.000ns  (clk rise@4.000ns - clk rise@0.000ns)
  Data Path Delay:        3.502ns  (logic 0.126ns (3.598%)  route 3.376ns (96.402%))
  Logic Levels:           1  (LUT2=1)
  Clock Path Skew:        -0.241ns (DCD - SCD + CPR)
    Destination Clock Delay (DCD):    2.153ns = ( 6.153 - 4.000 ) 
    Source Clock Delay      (SCD):    2.717ns
    Clock Pessimism Removal (CPR):    0.323ns
  Clock Uncertainty:      0.035ns  ((TSJ^2 + TIJ^2)^1/2 + DJ) / 2 + PE
    Total System Jitter     (TSJ):    0.071ns
    Total Input Jitter      (TIJ):    0.000ns
    Discrete Jitter          (DJ):    0.000ns
    Phase Error              (PE):    0.000ns
  Clock Net Delay (Source):      1.682ns (routing 0.338ns, distribution 1.344ns)
  Clock Net Delay (Destination): 1.412ns (routing 0.309ns, distribution 1.103ns)

    Location             Delay type                Incr(ns)  Path(ns)    Netlist Resource(s)
  -------------------------------------------------------------------    -------------------
                         (clock clk rise edge)        0.000     0.000 r  
    BC10                                              0.000     0.000 r  clk (IN)
                         net (fo=0)                   0.000     0.000    clk_IBUF_inst/I
    BC10                 INBUF (Prop_INBUF_HPIOB_M_PAD_O)
                                                      0.659     0.659 r  clk_IBUF_inst/INBUF_INST/O
                         net (fo=1, routed)           0.000     0.659    clk_IBUF_inst/OUT
    BC10                 IBUFCTRL (Prop_IBUFCTRL_HPIOB_M_I_O)
                                                      0.000     0.659 r  clk_IBUF_inst/IBUFCTRL_INST/O
                         net (fo=1, routed)           0.348     1.007    clk_IBUF
    BUFGCE_X0Y146        BUFGCE (Prop_BUFCE_BUFGCE_I_O)
                                                      0.028     1.035 r  clk_IBUF_BUFG_inst/O
    X4Y6 (CLOCK_ROOT)    net (fo=75747, routed)       1.682     2.717    SharedReg337_instance/clk_IBUF_BUFG
    SLICE_X156Y418       FDCE                                         r  SharedReg337_instance/s5_reg_c_rep__3/C
  -------------------------------------------------------------------    -------------------
    SLICE_X156Y418       FDCE (Prop_EFF_SLICEM_C_Q)
                                                      0.076     2.793 r  SharedReg337_instance/s5_reg_c_rep__3/Q
                         net (fo=122, routed)         3.326     6.119    SharedReg774_instance/s5_reg_c_rep__3
    SLICE_X123Y431       LUT2 (Prop_C6LUT_SLICEL_I1_O)
                                                      0.050     6.169 r  SharedReg774_instance/s5_reg_gate__15/O
                         net (fo=1, routed)           0.050     6.219    SharedReg774_instance/s5_reg_gate__15_n_0
    SLICE_X123Y431       FDCE                                         r  SharedReg774_instance/Y_reg[17]/D
  -------------------------------------------------------------------    -------------------

                         (clock clk rise edge)        4.000     4.000 r  
    BC10                                              0.000     4.000 r  clk (IN)
                         net (fo=0)                   0.000     4.000    clk_IBUF_inst/I
    BC10                 INBUF (Prop_INBUF_HPIOB_M_PAD_O)
                                                      0.408     4.408 r  clk_IBUF_inst/INBUF_INST/O
                         net (fo=1, routed)           0.000     4.408    clk_IBUF_inst/OUT
    BC10                 IBUFCTRL (Prop_IBUFCTRL_HPIOB_M_I_O)
                                                      0.000     4.408 r  clk_IBUF_inst/IBUFCTRL_INST/O
                         net (fo=1, routed)           0.309     4.717    clk_IBUF
    BUFGCE_X0Y146        BUFGCE (Prop_BUFCE_BUFGCE_I_O)
                                                      0.024     4.741 r  clk_IBUF_BUFG_inst/O
    X4Y6 (CLOCK_ROOT)    net (fo=75747, routed)       1.412     6.153    SharedReg774_instance/clk_IBUF_BUFG
    SLICE_X123Y431       FDCE                                         r  SharedReg774_instance/Y_reg[17]/C
                         clock pessimism              0.323     6.476    
                         clock uncertainty           -0.035     6.441    
    SLICE_X123Y431       FDCE (Setup_CFF_SLICEL_C_D)
                                                      0.025     6.466    SharedReg774_instance/Y_reg[17]
  -------------------------------------------------------------------
                         required time                          6.466    
                         arrival time                          -6.219    
  -------------------------------------------------------------------
                         slack                                  0.247    




