Copyright 1986-2018 Xilinx, Inc. All Rights Reserved.
----------------------------------------------------------------------------------------------------------------------------------------------------------------------------------------------
| Tool Version      : Vivado v.2018.1 (lin64) Build 2188600 Wed Apr  4 18:39:19 MDT 2018
| Date              : Sat Aug 28 04:28:09 2021
| Host              : animal.digi.e-technik.uni-kassel.de running 64-bit AlmaLinux release 8.3 (Purple Manul)
| Command           : report_timing -file /home/nfiege/Repositories/origami/vhdl/ratII/synth/fir_SAM/UniformILPNew/fir_SAM_UniformILPNew_8_ultrascale2_250/implementedSystem_timing_synth.rpt
| Design            : implementedSystem_toplevel
| Device            : xcvu13p-fhga2104
| Speed File        : -2  PRODUCTION 1.19 03-17-2018
| Temperature Grade : E
----------------------------------------------------------------------------------------------------------------------------------------------------------------------------------------------

Timing Report

Slack (MET) :             0.319ns  (required time - arrival time)
  Source:                 SharedReg307_instance/s3_reg_c_rep__4/C
                            (rising edge-triggered cell FDCE clocked by clk  {rise@0.000ns fall@2.000ns period=4.000ns})
  Destination:            SharedReg405_instance/Y_reg[4]/D
                            (rising edge-triggered cell FDCE clocked by clk  {rise@0.000ns fall@2.000ns period=4.000ns})
  Path Group:             clk
  Path Type:              Setup (Max at Slow Process Corner)
  Requirement:            4.000ns  (clk rise@4.000ns - clk rise@0.000ns)
  Data Path Delay:        3.410ns  (logic 0.176ns (5.161%)  route 3.234ns (94.839%))
  Logic Levels:           1  (LUT2=1)
  Clock Path Skew:        -0.261ns (DCD - SCD + CPR)
    Destination Clock Delay (DCD):    2.403ns = ( 6.403 - 4.000 ) 
    Source Clock Delay      (SCD):    3.043ns
    Clock Pessimism Removal (CPR):    0.380ns
  Clock Uncertainty:      0.035ns  ((TSJ^2 + TIJ^2)^1/2 + DJ) / 2 + PE
    Total System Jitter     (TSJ):    0.071ns
    Total Input Jitter      (TIJ):    0.000ns
    Discrete Jitter          (DJ):    0.000ns
    Phase Error              (PE):    0.000ns
  Clock Net Delay (Source):      2.106ns (routing 0.921ns, distribution 1.185ns)
  Clock Net Delay (Destination): 1.756ns (routing 0.836ns, distribution 0.920ns)

    Location             Delay type                Incr(ns)  Path(ns)    Netlist Resource(s)
  -------------------------------------------------------------------    -------------------
                         (clock clk rise edge)        0.000     0.000 r  
    AR14                                              0.000     0.000 r  clk (IN)
                         net (fo=0)                   0.000     0.000    clk_IBUF_inst/I
    AR14                 INBUF (Prop_INBUF_HPIOB_M_PAD_O)
                                                      0.586     0.586 r  clk_IBUF_inst/INBUF_INST/O
                         net (fo=1, routed)           0.000     0.586    clk_IBUF_inst/OUT
    AR14                 IBUFCTRL (Prop_IBUFCTRL_HPIOB_M_I_O)
                                                      0.000     0.586 r  clk_IBUF_inst/IBUFCTRL_INST/O
                         net (fo=1, routed)           0.323     0.909    clk_IBUF
    BUFGCE_X0Y170        BUFGCE (Prop_BUFCE_BUFGCE_I_O)
                                                      0.028     0.937 r  clk_IBUF_BUFG_inst/O
    X4Y5 (CLOCK_ROOT)    net (fo=43469, routed)       2.106     3.043    SharedReg307_instance/clk
    SLICE_X165Y342       FDCE                                         r  SharedReg307_instance/s3_reg_c_rep__4/C
  -------------------------------------------------------------------    -------------------
    SLICE_X165Y342       FDCE (Prop_DFF_SLICEL_C_Q)
                                                      0.079     3.122 r  SharedReg307_instance/s3_reg_c_rep__4/Q
                         net (fo=126, routed)         3.183     6.305    SharedReg405_instance/s3_reg_c_rep__4
    SLICE_X131Y275       LUT2 (Prop_F6LUT_SLICEL_I1_O)
                                                      0.097     6.402 r  SharedReg405_instance/s3_reg_gate__28/O
                         net (fo=1, routed)           0.051     6.453    SharedReg405_instance/s3_reg_gate__28_n_0
    SLICE_X131Y275       FDCE                                         r  SharedReg405_instance/Y_reg[4]/D
  -------------------------------------------------------------------    -------------------

                         (clock clk rise edge)        4.000     4.000 r  
    AR14                                              0.000     4.000 r  clk (IN)
                         net (fo=0)                   0.000     4.000    clk_IBUF_inst/I
    AR14                 INBUF (Prop_INBUF_HPIOB_M_PAD_O)
                                                      0.336     4.336 r  clk_IBUF_inst/INBUF_INST/O
                         net (fo=1, routed)           0.000     4.336    clk_IBUF_inst/OUT
    AR14                 IBUFCTRL (Prop_IBUFCTRL_HPIOB_M_I_O)
                                                      0.000     4.336 r  clk_IBUF_inst/IBUFCTRL_INST/O
                         net (fo=1, routed)           0.287     4.623    clk_IBUF
    BUFGCE_X0Y170        BUFGCE (Prop_BUFCE_BUFGCE_I_O)
                                                      0.024     4.647 r  clk_IBUF_BUFG_inst/O
    X4Y5 (CLOCK_ROOT)    net (fo=43469, routed)       1.756     6.403    SharedReg405_instance/clk
    SLICE_X131Y275       FDCE                                         r  SharedReg405_instance/Y_reg[4]/C
                         clock pessimism              0.380     6.782    
                         clock uncertainty           -0.035     6.747    
    SLICE_X131Y275       FDCE (Setup_FFF_SLICEL_C_D)
                                                      0.025     6.772    SharedReg405_instance/Y_reg[4]
  -------------------------------------------------------------------
                         required time                          6.772    
                         arrival time                          -6.453    
  -------------------------------------------------------------------
                         slack                                  0.319    




