Copyright 1986-2018 Xilinx, Inc. All Rights Reserved.
------------------------------------------------------------------------------------------------------------------------------------------------------------------------------------------------
| Tool Version      : Vivado v.2018.1 (lin64) Build 2188600 Wed Apr  4 18:39:19 MDT 2018
| Date              : Fri Aug 27 07:51:18 2021
| Host              : animal.digi.e-technik.uni-kassel.de running 64-bit AlmaLinux release 8.3 (Purple Manul)
| Command           : report_timing -file /home/nfiege/Repositories/origami/vhdl/ratII/synth/fir_SAM/UniformILPNew/fir_SAM_UniformILPNew_417_ultrascale2_250/implementedSystem_timing_synth.rpt
| Design            : implementedSystem_toplevel
| Device            : xcvu13p-fhga2104
| Speed File        : -2  PRODUCTION 1.19 03-17-2018
| Temperature Grade : E
------------------------------------------------------------------------------------------------------------------------------------------------------------------------------------------------

Timing Report

Slack (MET) :             0.188ns  (required time - arrival time)
  Source:                 ModCount301_instance/count_reg[4]_rep__5/C
                            (rising edge-triggered cell FDCE clocked by clk  {rise@0.000ns fall@2.000ns period=4.000ns})
  Destination:            Delay1No21_instance/Y_reg[8]/D
                            (rising edge-triggered cell FDCE clocked by clk  {rise@0.000ns fall@2.000ns period=4.000ns})
  Path Group:             clk
  Path Type:              Setup (Max at Slow Process Corner)
  Requirement:            4.000ns  (clk rise@4.000ns - clk rise@0.000ns)
  Data Path Delay:        3.577ns  (logic 0.229ns (6.402%)  route 3.348ns (93.598%))
  Logic Levels:           1  (LUT6=1)
  Clock Path Skew:        -0.225ns (DCD - SCD + CPR)
    Destination Clock Delay (DCD):    2.605ns = ( 6.605 - 4.000 ) 
    Source Clock Delay      (SCD):    3.228ns
    Clock Pessimism Removal (CPR):    0.398ns
  Clock Uncertainty:      0.035ns  ((TSJ^2 + TIJ^2)^1/2 + DJ) / 2 + PE
    Total System Jitter     (TSJ):    0.071ns
    Total Input Jitter      (TIJ):    0.000ns
    Discrete Jitter          (DJ):    0.000ns
    Phase Error              (PE):    0.000ns
  Clock Net Delay (Source):      2.277ns (routing 1.167ns, distribution 1.110ns)
  Clock Net Delay (Destination): 1.945ns (routing 1.060ns, distribution 0.885ns)

    Location             Delay type                Incr(ns)  Path(ns)    Netlist Resource(s)
  -------------------------------------------------------------------    -------------------
                         (clock clk rise edge)        0.000     0.000 r  
    AU14                                              0.000     0.000 r  clk (IN)
                         net (fo=0)                   0.000     0.000    clk_IBUF_inst/I
    AU14                 INBUF (Prop_INBUF_HPIOB_M_PAD_O)
                                                      0.600     0.600 r  clk_IBUF_inst/INBUF_INST/O
                         net (fo=1, routed)           0.000     0.600    clk_IBUF_inst/OUT
    AU14                 IBUFCTRL (Prop_IBUFCTRL_HPIOB_M_I_O)
                                                      0.000     0.600 r  clk_IBUF_inst/IBUFCTRL_INST/O
                         net (fo=1, routed)           0.323     0.923    clk_IBUF
    BUFGCE_X0Y170        BUFGCE (Prop_BUFCE_BUFGCE_I_O)
                                                      0.028     0.951 r  clk_IBUF_BUFG_inst/O
    X3Y5 (CLOCK_ROOT)    net (fo=63508, routed)       2.277     3.228    ModCount301_instance/clk_IBUF_BUFG
    SLICE_X87Y391        FDCE                                         r  ModCount301_instance/count_reg[4]_rep__5/C
  -------------------------------------------------------------------    -------------------
    SLICE_X87Y391        FDCE (Prop_EFF2_SLICEM_C_Q)
                                                      0.079     3.307 r  ModCount301_instance/count_reg[4]_rep__5/Q
                         net (fo=114, routed)         3.297     6.604    MUX_Sum10_4_impl_1_instance/count_reg[4]_rep__5
    SLICE_X103Y351       LUT6 (Prop_H6LUT_SLICEL_I2_O)
                                                      0.150     6.754 r  MUX_Sum10_4_impl_1_instance/Y[8]_i_1/O
                         net (fo=1, routed)           0.051     6.805    Delay1No21_instance/count_reg[4]_rep__5[8]
    SLICE_X103Y351       FDCE                                         r  Delay1No21_instance/Y_reg[8]/D
  -------------------------------------------------------------------    -------------------

                         (clock clk rise edge)        4.000     4.000 r  
    AU14                                              0.000     4.000 r  clk (IN)
                         net (fo=0)                   0.000     4.000    clk_IBUF_inst/I
    AU14                 INBUF (Prop_INBUF_HPIOB_M_PAD_O)
                                                      0.349     4.349 r  clk_IBUF_inst/INBUF_INST/O
                         net (fo=1, routed)           0.000     4.349    clk_IBUF_inst/OUT
    AU14                 IBUFCTRL (Prop_IBUFCTRL_HPIOB_M_I_O)
                                                      0.000     4.349 r  clk_IBUF_inst/IBUFCTRL_INST/O
                         net (fo=1, routed)           0.287     4.636    clk_IBUF
    BUFGCE_X0Y170        BUFGCE (Prop_BUFCE_BUFGCE_I_O)
                                                      0.024     4.660 r  clk_IBUF_BUFG_inst/O
    X3Y5 (CLOCK_ROOT)    net (fo=63508, routed)       1.945     6.605    Delay1No21_instance/clk_IBUF_BUFG
    SLICE_X103Y351       FDCE                                         r  Delay1No21_instance/Y_reg[8]/C
                         clock pessimism              0.398     7.003    
                         clock uncertainty           -0.035     6.968    
    SLICE_X103Y351       FDCE (Setup_HFF_SLICEL_C_D)
                                                      0.025     6.993    Delay1No21_instance/Y_reg[8]
  -------------------------------------------------------------------
                         required time                          6.993    
                         arrival time                          -6.805    
  -------------------------------------------------------------------
                         slack                                  0.188    




