Copyright 1986-2018 Xilinx, Inc. All Rights Reserved.
-------------------------------------------------------------------------------------------------------------------------------------------------------------------------------------------------------------------------
| Tool Version      : Vivado v.2018.1 (lin64) Build 2188600 Wed Apr  4 18:39:19 MDT 2018
| Date              : Mon Nov 29 14:01:57 2021
| Host              : animal.digi.e-technik.uni-kassel.de running 64-bit AlmaLinux release 8.4 (Electric Cheetah)
| Command           : report_timing -file /home/nfiege/Repositories/origami/vhdl/ratII/synth/mat_inv/NonUniformILP/mat_inv_NonUniformILP_117_wrapper_ultrascale2_250/implementedSystem_toplevel_wrapper_timing_synth.rpt
| Design            : implementedSystem_toplevel_wrapper
| Device            : xcvu13p-fhga2104
| Speed File        : -2  PRODUCTION 1.19 03-17-2018
| Temperature Grade : E
-------------------------------------------------------------------------------------------------------------------------------------------------------------------------------------------------------------------------

Timing Report

Slack (MET) :             0.177ns  (required time - arrival time)
  Source:                 DUT/ModCount131_instance/count_reg[2]_rep__4/C
                            (rising edge-triggered cell FDCE clocked by clk  {rise@0.000ns fall@2.000ns period=4.000ns})
  Destination:            DUT/Delay1No114_instance/Y_reg[7]/D
                            (rising edge-triggered cell FDCE clocked by clk  {rise@0.000ns fall@2.000ns period=4.000ns})
  Path Group:             clk
  Path Type:              Setup (Max at Slow Process Corner)
  Requirement:            4.000ns  (clk rise@4.000ns - clk rise@0.000ns)
  Data Path Delay:        3.604ns  (logic 0.129ns (3.579%)  route 3.475ns (96.421%))
  Logic Levels:           1  (LUT6=1)
  Clock Path Skew:        -0.209ns (DCD - SCD + CPR)
    Destination Clock Delay (DCD):    2.280ns = ( 6.280 - 4.000 ) 
    Source Clock Delay      (SCD):    2.845ns
    Clock Pessimism Removal (CPR):    0.356ns
  Clock Uncertainty:      0.035ns  ((TSJ^2 + TIJ^2)^1/2 + DJ) / 2 + PE
    Total System Jitter     (TSJ):    0.071ns
    Total Input Jitter      (TIJ):    0.000ns
    Discrete Jitter          (DJ):    0.000ns
    Phase Error              (PE):    0.000ns
  Clock Net Delay (Source):      1.894ns (routing 0.711ns, distribution 1.183ns)
  Clock Net Delay (Destination): 1.620ns (routing 0.646ns, distribution 0.974ns)

    Location             Delay type                Incr(ns)  Path(ns)    Netlist Resource(s)
  -------------------------------------------------------------------    -------------------
                         (clock clk rise edge)        0.000     0.000 r  
    AP13                                              0.000     0.000 r  clk (IN)
                         net (fo=0)                   0.000     0.000    clk_IBUF_inst/I
    AP13                 INBUF (Prop_INBUF_HPIOB_M_PAD_O)
                                                      0.600     0.600 r  clk_IBUF_inst/INBUF_INST/O
                         net (fo=1, routed)           0.000     0.600    clk_IBUF_inst/OUT
    AP13                 IBUFCTRL (Prop_IBUFCTRL_HPIOB_M_I_O)
                                                      0.000     0.600 r  clk_IBUF_inst/IBUFCTRL_INST/O
                         net (fo=1, routed)           0.323     0.923    clk_IBUF
    BUFGCE_X0Y170        BUFGCE (Prop_BUFCE_BUFGCE_I_O)
                                                      0.028     0.951 r  clk_IBUF_BUFG_inst/O
    X4Y6 (CLOCK_ROOT)    net (fo=69020, routed)       1.894     2.845    DUT/ModCount131_instance/clk_IBUF_BUFG
    SLICE_X116Y460       FDCE                                         r  DUT/ModCount131_instance/count_reg[2]_rep__4/C
  -------------------------------------------------------------------    -------------------
    SLICE_X116Y460       FDCE (Prop_HFF_SLICEL_C_Q)
                                                      0.079     2.924 r  DUT/ModCount131_instance/count_reg[2]_rep__4/Q
                         net (fo=68, routed)          3.425     6.349    DUT/MUX_Add18_1_impl_0_instance/count_reg[2]_rep__4
    SLICE_X116Y405       LUT6 (Prop_C6LUT_SLICEL_I4_O)
                                                      0.050     6.399 r  DUT/MUX_Add18_1_impl_0_instance/Y[7]_i_1/O
                         net (fo=1, routed)           0.050     6.449    DUT/Delay1No114_instance/D[7]
    SLICE_X116Y405       FDCE                                         r  DUT/Delay1No114_instance/Y_reg[7]/D
  -------------------------------------------------------------------    -------------------

                         (clock clk rise edge)        4.000     4.000 r  
    AP13                                              0.000     4.000 r  clk (IN)
                         net (fo=0)                   0.000     4.000    clk_IBUF_inst/I
    AP13                 INBUF (Prop_INBUF_HPIOB_M_PAD_O)
                                                      0.349     4.349 r  clk_IBUF_inst/INBUF_INST/O
                         net (fo=1, routed)           0.000     4.349    clk_IBUF_inst/OUT
    AP13                 IBUFCTRL (Prop_IBUFCTRL_HPIOB_M_I_O)
                                                      0.000     4.349 r  clk_IBUF_inst/IBUFCTRL_INST/O
                         net (fo=1, routed)           0.287     4.636    clk_IBUF
    BUFGCE_X0Y170        BUFGCE (Prop_BUFCE_BUFGCE_I_O)
                                                      0.024     4.660 r  clk_IBUF_BUFG_inst/O
    X4Y6 (CLOCK_ROOT)    net (fo=69020, routed)       1.620     6.280    DUT/Delay1No114_instance/clk_IBUF_BUFG
    SLICE_X116Y405       FDCE                                         r  DUT/Delay1No114_instance/Y_reg[7]/C
                         clock pessimism              0.356     6.636    
                         clock uncertainty           -0.035     6.600    
    SLICE_X116Y405       FDCE (Setup_CFF_SLICEL_C_D)
                                                      0.025     6.625    DUT/Delay1No114_instance/Y_reg[7]
  -------------------------------------------------------------------
                         required time                          6.625    
                         arrival time                          -6.449    
  -------------------------------------------------------------------
                         slack                                  0.177    




