Copyright 1986-2018 Xilinx, Inc. All Rights Reserved.
------------------------------------------------------------------------------------------------------------------------------------------------------------------------------------------------
| Tool Version      : Vivado v.2018.1 (lin64) Build 2188600 Wed Apr  4 18:39:19 MDT 2018
| Date              : Thu Dec 10 04:31:52 2020
| Host              : animal.digi.e-technik.uni-kassel.de running 64-bit CentOS Linux release 7.8.2003 (Core)
| Command           : report_timing -file /home/nfiege/Repositories/origami/vhdl/ratII/synth/fir_SAM/NonUniformILP/fir_SAM_NonUniformILP_467_ultrascale2_250/implementedSystem_timing_synth.rpt
| Design            : implementedSystem_toplevel
| Device            : xcvu13p-fhga2104
| Speed File        : -2  PRODUCTION 1.19 03-17-2018
| Temperature Grade : E
------------------------------------------------------------------------------------------------------------------------------------------------------------------------------------------------

Timing Report

Slack (MET) :             0.376ns  (required time - arrival time)
  Source:                 SharedReg284_instance/s4_reg_c_rep/C
                            (rising edge-triggered cell FDCE clocked by clk  {rise@0.000ns fall@2.000ns period=4.000ns})
  Destination:            SharedReg249_instance/Y_reg[28]/D
                            (rising edge-triggered cell FDCE clocked by clk  {rise@0.000ns fall@2.000ns period=4.000ns})
  Path Group:             clk
  Path Type:              Setup (Max at Slow Process Corner)
  Requirement:            4.000ns  (clk rise@4.000ns - clk rise@0.000ns)
  Data Path Delay:        3.494ns  (logic 0.171ns (4.894%)  route 3.323ns (95.106%))
  Logic Levels:           1  (LUT2=1)
  Clock Path Skew:        -0.120ns (DCD - SCD + CPR)
    Destination Clock Delay (DCD):    2.324ns = ( 6.324 - 4.000 ) 
    Source Clock Delay      (SCD):    2.806ns
    Clock Pessimism Removal (CPR):    0.362ns
  Clock Uncertainty:      0.035ns  ((TSJ^2 + TIJ^2)^1/2 + DJ) / 2 + PE
    Total System Jitter     (TSJ):    0.071ns
    Total Input Jitter      (TIJ):    0.000ns
    Discrete Jitter          (DJ):    0.000ns
    Phase Error              (PE):    0.000ns
  Clock Net Delay (Source):      1.855ns (routing 0.783ns, distribution 1.072ns)
  Clock Net Delay (Destination): 1.664ns (routing 0.712ns, distribution 0.952ns)

    Location             Delay type                Incr(ns)  Path(ns)    Netlist Resource(s)
  -------------------------------------------------------------------    -------------------
                         (clock clk rise edge)        0.000     0.000 r  
    AU14                                              0.000     0.000 r  clk (IN)
                         net (fo=0)                   0.000     0.000    clk_IBUF_inst/I
    AU14                 INBUF (Prop_INBUF_HPIOB_M_PAD_O)
                                                      0.600     0.600 r  clk_IBUF_inst/INBUF_INST/O
                         net (fo=1, routed)           0.000     0.600    clk_IBUF_inst/OUT
    AU14                 IBUFCTRL (Prop_IBUFCTRL_HPIOB_M_I_O)
                                                      0.000     0.600 r  clk_IBUF_inst/IBUFCTRL_INST/O
                         net (fo=1, routed)           0.323     0.923    clk_IBUF
    BUFGCE_X0Y170        BUFGCE (Prop_BUFCE_BUFGCE_I_O)
                                                      0.028     0.951 r  clk_IBUF_BUFG_inst/O
    X4Y9 (CLOCK_ROOT)    net (fo=39049, routed)       1.855     2.806    SharedReg284_instance/clk
    SLR Crossing[1->2]   
    SLICE_X132Y547       FDCE                                         r  SharedReg284_instance/s4_reg_c_rep/C
  -------------------------------------------------------------------    -------------------
    SLICE_X132Y547       FDCE (Prop_EFF2_SLICEL_C_Q)
                                                      0.081     2.887 r  SharedReg284_instance/s4_reg_c_rep/Q
                         net (fo=129, routed)         3.264     6.151    SharedReg249_instance/s4_reg_c_rep
    SLICE_X129Y641       LUT2 (Prop_G6LUT_SLICEM_I1_O)
                                                      0.090     6.241 r  SharedReg249_instance/s4_reg_gate__2/O
                         net (fo=1, routed)           0.059     6.300    SharedReg249_instance/s4_reg_gate__2_n_0
    SLICE_X129Y641       FDCE                                         r  SharedReg249_instance/Y_reg[28]/D
  -------------------------------------------------------------------    -------------------

                         (clock clk rise edge)        4.000     4.000 r  
    AU14                                              0.000     4.000 r  clk (IN)
                         net (fo=0)                   0.000     4.000    clk_IBUF_inst/I
    AU14                 INBUF (Prop_INBUF_HPIOB_M_PAD_O)
                                                      0.349     4.349 r  clk_IBUF_inst/INBUF_INST/O
                         net (fo=1, routed)           0.000     4.349    clk_IBUF_inst/OUT
    AU14                 IBUFCTRL (Prop_IBUFCTRL_HPIOB_M_I_O)
                                                      0.000     4.349 r  clk_IBUF_inst/IBUFCTRL_INST/O
                         net (fo=1, routed)           0.287     4.636    clk_IBUF
    BUFGCE_X0Y170        BUFGCE (Prop_BUFCE_BUFGCE_I_O)
                                                      0.024     4.660 r  clk_IBUF_BUFG_inst/O
    X4Y9 (CLOCK_ROOT)    net (fo=39049, routed)       1.664     6.324    SharedReg249_instance/clk
    SLR Crossing[1->2]   
    SLICE_X129Y641       FDCE                                         r  SharedReg249_instance/Y_reg[28]/C
                         clock pessimism              0.362     6.686    
                         clock uncertainty           -0.035     6.651    
    SLICE_X129Y641       FDCE (Setup_GFF_SLICEM_C_D)
                                                      0.025     6.676    SharedReg249_instance/Y_reg[28]
  -------------------------------------------------------------------
                         required time                          6.676    
                         arrival time                          -6.300    
  -------------------------------------------------------------------
                         slack                                  0.376    




