Copyright 1986-2018 Xilinx, Inc. All Rights Reserved.
-----------------------------------------------------------------------------------------------------------------------------------------------------------------------------------------------
| Tool Version      : Vivado v.2018.1 (lin64) Build 2188600 Wed Apr  4 18:39:19 MDT 2018
| Date              : Fri Apr 24 11:07:51 2020
| Host              : animal.digi.e-technik.uni-kassel.de running 64-bit CentOS Linux release 7.7.1908 (Core)
| Command           : report_timing -file /home/nfiege/Repositories/origami/vhdl/ratII/synth/fir_SHI/NonUniformILP/fir_SHI_NonUniformILP_70_ultrascale2_250/implementedSystem_timing_synth.rpt
| Design            : implementedSystem_toplevel
| Device            : xcvu13p-fhga2104
| Speed File        : -2  PRODUCTION 1.19 03-17-2018
| Temperature Grade : E
-----------------------------------------------------------------------------------------------------------------------------------------------------------------------------------------------

Timing Report

Slack (MET) :             0.243ns  (required time - arrival time)
  Source:                 SharedReg48_instance/s3_reg_c/C
                            (rising edge-triggered cell FDCE clocked by clk  {rise@0.000ns fall@2.000ns period=4.000ns})
  Destination:            SharedReg66_instance/Y_reg[20]/D
                            (rising edge-triggered cell FDCE clocked by clk  {rise@0.000ns fall@2.000ns period=4.000ns})
  Path Group:             clk
  Path Type:              Setup (Max at Slow Process Corner)
  Requirement:            4.000ns  (clk rise@4.000ns - clk rise@0.000ns)
  Data Path Delay:        3.466ns  (logic 0.130ns (3.751%)  route 3.336ns (96.249%))
  Logic Levels:           1  (LUT2=1)
  Clock Path Skew:        -0.108ns (DCD - SCD + CPR)
    Destination Clock Delay (DCD):    2.645ns = ( 6.645 - 4.000 ) 
    Source Clock Delay      (SCD):    3.129ns
    Clock Pessimism Removal (CPR):    0.376ns
  Clock Uncertainty:      0.035ns  ((TSJ^2 + TIJ^2)^1/2 + DJ) / 2 + PE
    Total System Jitter     (TSJ):    0.071ns
    Total Input Jitter      (TIJ):    0.000ns
    Discrete Jitter          (DJ):    0.000ns
    Phase Error              (PE):    0.000ns
  Inter-SLR Compensation: 0.172ns  ((DCD - CCD) * PF)
    Destination Clock Delay (DCD):    2.645ns
    Common Clock Delay      (CCD):    1.496ns
    Prorating Factor         (PF):    0.150
  Clock Net Delay (Source):      2.178ns (routing 0.921ns, distribution 1.257ns)
  Clock Net Delay (Destination): 1.985ns (routing 0.836ns, distribution 1.149ns)

    Location             Delay type                Incr(ns)  Path(ns)    Netlist Resource(s)
  -------------------------------------------------------------------    -------------------
                         (clock clk rise edge)        0.000     0.000 r  
    AP13                                              0.000     0.000 r  clk (IN)
                         net (fo=0)                   0.000     0.000    clk_IBUF_inst/I
    AP13                 INBUF (Prop_INBUF_HPIOB_M_PAD_O)
                                                      0.600     0.600 r  clk_IBUF_inst/INBUF_INST/O
                         net (fo=1, routed)           0.000     0.600    clk_IBUF_inst/OUT
    AP13                 IBUFCTRL (Prop_IBUFCTRL_HPIOB_M_I_O)
                                                      0.000     0.600 r  clk_IBUF_inst/IBUFCTRL_INST/O
                         net (fo=1, routed)           0.323     0.923    clk_IBUF
    BUFGCE_X0Y170        BUFGCE (Prop_BUFCE_BUFGCE_I_O)
                                                      0.028     0.951 r  clk_IBUF_BUFG_inst/O
    X4Y5 (CLOCK_ROOT)    net (fo=6544, routed)        2.178     3.129    SharedReg48_instance/clk_IBUF_BUFG
    SLR Crossing[1->0]   
    SLICE_X123Y239       FDCE                                         r  SharedReg48_instance/s3_reg_c/C
  -------------------------------------------------------------------    -------------------
    SLICE_X123Y239       FDCE (Prop_FFF_SLICEL_C_Q)
                                                      0.079     3.208 r  SharedReg48_instance/s3_reg_c/Q
                         net (fo=144, routed)         3.285     6.493    SharedReg66_instance/s3_reg_c
    SLR Crossing[0->1]   
    SLICE_X138Y438       LUT2 (Prop_H6LUT_SLICEL_I1_O)
                                                      0.051     6.544 r  SharedReg66_instance/s3_reg_gate__12/O
                         net (fo=1, routed)           0.051     6.595    SharedReg66_instance/s3_reg_gate__12_n_0
    SLICE_X138Y438       FDCE                                         r  SharedReg66_instance/Y_reg[20]/D
  -------------------------------------------------------------------    -------------------

                         (clock clk rise edge)        4.000     4.000 r  
    AP13                                              0.000     4.000 r  clk (IN)
                         net (fo=0)                   0.000     4.000    clk_IBUF_inst/I
    AP13                 INBUF (Prop_INBUF_HPIOB_M_PAD_O)
                                                      0.349     4.349 r  clk_IBUF_inst/INBUF_INST/O
                         net (fo=1, routed)           0.000     4.349    clk_IBUF_inst/OUT
    AP13                 IBUFCTRL (Prop_IBUFCTRL_HPIOB_M_I_O)
                                                      0.000     4.349 r  clk_IBUF_inst/IBUFCTRL_INST/O
                         net (fo=1, routed)           0.287     4.636    clk_IBUF
    BUFGCE_X0Y170        BUFGCE (Prop_BUFCE_BUFGCE_I_O)
                                                      0.024     4.660 r  clk_IBUF_BUFG_inst/O
    X4Y5 (CLOCK_ROOT)    net (fo=6544, routed)        1.985     6.645    SharedReg66_instance/clk_IBUF_BUFG
    SLICE_X138Y438       FDCE                                         r  SharedReg66_instance/Y_reg[20]/C
                         clock pessimism              0.376     7.021    
                         inter-SLR compensation      -0.172     6.848    
                         clock uncertainty           -0.035     6.813    
    SLICE_X138Y438       FDCE (Setup_HFF_SLICEL_C_D)
                                                      0.025     6.838    SharedReg66_instance/Y_reg[20]
  -------------------------------------------------------------------
                         required time                          6.838    
                         arrival time                          -6.595    
  -------------------------------------------------------------------
                         slack                                  0.243    




