Copyright 1986-2018 Xilinx, Inc. All Rights Reserved.
------------------------------------------------------------------------------------------------------------------------------------------------------------------------------------------------
| Tool Version      : Vivado v.2018.1 (lin64) Build 2188600 Wed Apr  4 18:39:19 MDT 2018
| Date              : Fri Aug 27 09:08:17 2021
| Host              : animal.digi.e-technik.uni-kassel.de running 64-bit AlmaLinux release 8.3 (Purple Manul)
| Command           : report_timing -file /home/nfiege/Repositories/origami/vhdl/ratII/synth/fir_SAM/UniformILPNew/fir_SAM_UniformILPNew_131_ultrascale2_250/implementedSystem_timing_synth.rpt
| Design            : implementedSystem_toplevel
| Device            : xcvu13p-fhga2104
| Speed File        : -2  PRODUCTION 1.19 03-17-2018
| Temperature Grade : E
------------------------------------------------------------------------------------------------------------------------------------------------------------------------------------------------

Timing Report

Slack (MET) :             0.403ns  (required time - arrival time)
  Source:                 SharedReg514_instance/s9_reg_c_rep/C
                            (rising edge-triggered cell FDCE clocked by clk  {rise@0.000ns fall@2.000ns period=4.000ns})
  Destination:            SharedReg797_instance/Y_reg[19]/D
                            (rising edge-triggered cell FDCE clocked by clk  {rise@0.000ns fall@2.000ns period=4.000ns})
  Path Group:             clk
  Path Type:              Setup (Max at Slow Process Corner)
  Requirement:            4.000ns  (clk rise@4.000ns - clk rise@0.000ns)
  Data Path Delay:        3.517ns  (logic 0.129ns (3.668%)  route 3.388ns (96.332%))
  Logic Levels:           1  (LUT2=1)
  Clock Path Skew:        -0.070ns (DCD - SCD + CPR)
    Destination Clock Delay (DCD):    2.011ns = ( 6.011 - 4.000 ) 
    Source Clock Delay      (SCD):    2.391ns
    Clock Pessimism Removal (CPR):    0.310ns
  Clock Uncertainty:      0.035ns  ((TSJ^2 + TIJ^2)^1/2 + DJ) / 2 + PE
    Total System Jitter     (TSJ):    0.071ns
    Total Input Jitter      (TIJ):    0.000ns
    Discrete Jitter          (DJ):    0.000ns
    Phase Error              (PE):    0.000ns
  Clock Net Delay (Source):      1.350ns (routing 0.171ns, distribution 1.179ns)
  Clock Net Delay (Destination): 1.264ns (routing 0.155ns, distribution 1.109ns)

    Location             Delay type                Incr(ns)  Path(ns)    Netlist Resource(s)
  -------------------------------------------------------------------    -------------------
                         (clock clk rise edge)        0.000     0.000 r  
    BC9                                               0.000     0.000 r  clk (IN)
                         net (fo=0)                   0.000     0.000    clk_IBUF_inst/I
    BC9                  INBUF (Prop_INBUF_HPIOB_M_PAD_O)
                                                      0.665     0.665 r  clk_IBUF_inst/INBUF_INST/O
                         net (fo=1, routed)           0.000     0.665    clk_IBUF_inst/OUT
    BC9                  IBUFCTRL (Prop_IBUFCTRL_HPIOB_M_I_O)
                                                      0.000     0.665 r  clk_IBUF_inst/IBUFCTRL_INST/O
                         net (fo=1, routed)           0.348     1.013    clk_IBUF
    BUFGCE_X0Y146        BUFGCE (Prop_BUFCE_BUFGCE_I_O)
                                                      0.028     1.041 r  clk_IBUF_BUFG_inst/O
    X4Y6 (CLOCK_ROOT)    net (fo=68405, routed)       1.350     2.391    SharedReg514_instance/clk_IBUF_BUFG
    SLICE_X131Y396       FDCE                                         r  SharedReg514_instance/s9_reg_c_rep/C
  -------------------------------------------------------------------    -------------------
    SLICE_X131Y396       FDCE (Prop_EFF_SLICEL_C_Q)
                                                      0.079     2.470 r  SharedReg514_instance/s9_reg_c_rep/Q
                         net (fo=161, routed)         3.340     5.810    SharedReg797_instance/s9_reg_c_rep
    SLICE_X116Y426       LUT2 (Prop_G6LUT_SLICEL_I1_O)
                                                      0.050     5.860 r  SharedReg797_instance/s9_reg_gate__13/O
                         net (fo=1, routed)           0.048     5.908    SharedReg797_instance/s9_reg_gate__13_n_0
    SLICE_X116Y426       FDCE                                         r  SharedReg797_instance/Y_reg[19]/D
  -------------------------------------------------------------------    -------------------

                         (clock clk rise edge)        4.000     4.000 r  
    BC9                                               0.000     4.000 r  clk (IN)
                         net (fo=0)                   0.000     4.000    clk_IBUF_inst/I
    BC9                  INBUF (Prop_INBUF_HPIOB_M_PAD_O)
                                                      0.414     4.414 r  clk_IBUF_inst/INBUF_INST/O
                         net (fo=1, routed)           0.000     4.414    clk_IBUF_inst/OUT
    BC9                  IBUFCTRL (Prop_IBUFCTRL_HPIOB_M_I_O)
                                                      0.000     4.414 r  clk_IBUF_inst/IBUFCTRL_INST/O
                         net (fo=1, routed)           0.309     4.723    clk_IBUF
    BUFGCE_X0Y146        BUFGCE (Prop_BUFCE_BUFGCE_I_O)
                                                      0.024     4.747 r  clk_IBUF_BUFG_inst/O
    X4Y6 (CLOCK_ROOT)    net (fo=68405, routed)       1.264     6.011    SharedReg797_instance/clk_IBUF_BUFG
    SLICE_X116Y426       FDCE                                         r  SharedReg797_instance/Y_reg[19]/C
                         clock pessimism              0.310     6.321    
                         clock uncertainty           -0.035     6.286    
    SLICE_X116Y426       FDCE (Setup_GFF_SLICEL_C_D)
                                                      0.025     6.311    SharedReg797_instance/Y_reg[19]
  -------------------------------------------------------------------
                         required time                          6.311    
                         arrival time                          -5.908    
  -------------------------------------------------------------------
                         slack                                  0.403    




