Copyright 1986-2018 Xilinx, Inc. All Rights Reserved.
-----------------------------------------------------------------------------------------------------------------------------------------------------------------------------------------------
| Tool Version      : Vivado v.2018.1 (lin64) Build 2188600 Wed Apr  4 18:39:19 MDT 2018
| Date              : Wed Dec  9 14:08:48 2020
| Host              : animal.digi.e-technik.uni-kassel.de running 64-bit CentOS Linux release 7.8.2003 (Core)
| Command           : report_timing -file /home/nfiege/Repositories/origami/vhdl/ratII/synth/fir_SAM/NonUniformILP/fir_SAM_NonUniformILP_43_ultrascale2_250/implementedSystem_timing_synth.rpt
| Design            : implementedSystem_toplevel
| Device            : xcvu13p-fhga2104
| Speed File        : -2  PRODUCTION 1.19 03-17-2018
| Temperature Grade : E
-----------------------------------------------------------------------------------------------------------------------------------------------------------------------------------------------

Timing Report

Slack (MET) :             0.324ns  (required time - arrival time)
  Source:                 Delay308No_instance/s28_reg_c/C
                            (rising edge-triggered cell FDCE clocked by clk  {rise@0.000ns fall@2.000ns period=4.000ns})
  Destination:            SharedReg426_instance/Y_reg[29]/D
                            (rising edge-triggered cell FDCE clocked by clk  {rise@0.000ns fall@2.000ns period=4.000ns})
  Path Group:             clk
  Path Type:              Setup (Max at Slow Process Corner)
  Requirement:            4.000ns  (clk rise@4.000ns - clk rise@0.000ns)
  Data Path Delay:        3.477ns  (logic 0.199ns (5.723%)  route 3.278ns (94.277%))
  Logic Levels:           1  (LUT2=1)
  Clock Path Skew:        -0.189ns (DCD - SCD + CPR)
    Destination Clock Delay (DCD):    2.480ns = ( 6.480 - 4.000 ) 
    Source Clock Delay      (SCD):    3.029ns
    Clock Pessimism Removal (CPR):    0.360ns
  Clock Uncertainty:      0.035ns  ((TSJ^2 + TIJ^2)^1/2 + DJ) / 2 + PE
    Total System Jitter     (TSJ):    0.071ns
    Total Input Jitter      (TIJ):    0.000ns
    Discrete Jitter          (DJ):    0.000ns
    Phase Error              (PE):    0.000ns
  Clock Net Delay (Source):      2.078ns (routing 0.711ns, distribution 1.367ns)
  Clock Net Delay (Destination): 1.820ns (routing 0.646ns, distribution 1.174ns)

    Location             Delay type                Incr(ns)  Path(ns)    Netlist Resource(s)
  -------------------------------------------------------------------    -------------------
                         (clock clk rise edge)        0.000     0.000 r  
    AU14                                              0.000     0.000 r  clk (IN)
                         net (fo=0)                   0.000     0.000    clk_IBUF_inst/I
    AU14                 INBUF (Prop_INBUF_HPIOB_M_PAD_O)
                                                      0.600     0.600 r  clk_IBUF_inst/INBUF_INST/O
                         net (fo=1, routed)           0.000     0.600    clk_IBUF_inst/OUT
    AU14                 IBUFCTRL (Prop_IBUFCTRL_HPIOB_M_I_O)
                                                      0.000     0.600 r  clk_IBUF_inst/IBUFCTRL_INST/O
                         net (fo=1, routed)           0.323     0.923    clk_IBUF
    BUFGCE_X0Y170        BUFGCE (Prop_BUFCE_BUFGCE_I_O)
                                                      0.028     0.951 r  clk_IBUF_BUFG_inst/O
    X4Y6 (CLOCK_ROOT)    net (fo=71616, routed)       2.078     3.029    Delay308No_instance/clk_IBUF_BUFG
    SLICE_X150Y292       FDCE                                         r  Delay308No_instance/s28_reg_c/C
  -------------------------------------------------------------------    -------------------
    SLICE_X150Y292       FDCE (Prop_EFF_SLICEM_C_Q)
                                                      0.076     3.105 r  Delay308No_instance/s28_reg_c/Q
                         net (fo=114, routed)         3.227     6.332    SharedReg426_instance/s28_reg_c
    SLICE_X158Y385       LUT2 (Prop_F6LUT_SLICEL_I1_O)
                                                      0.123     6.455 r  SharedReg426_instance/s28_reg_gate__0/O
                         net (fo=1, routed)           0.051     6.506    SharedReg426_instance/s28_reg_gate__0_n_0
    SLICE_X158Y385       FDCE                                         r  SharedReg426_instance/Y_reg[29]/D
  -------------------------------------------------------------------    -------------------

                         (clock clk rise edge)        4.000     4.000 r  
    AU14                                              0.000     4.000 r  clk (IN)
                         net (fo=0)                   0.000     4.000    clk_IBUF_inst/I
    AU14                 INBUF (Prop_INBUF_HPIOB_M_PAD_O)
                                                      0.349     4.349 r  clk_IBUF_inst/INBUF_INST/O
                         net (fo=1, routed)           0.000     4.349    clk_IBUF_inst/OUT
    AU14                 IBUFCTRL (Prop_IBUFCTRL_HPIOB_M_I_O)
                                                      0.000     4.349 r  clk_IBUF_inst/IBUFCTRL_INST/O
                         net (fo=1, routed)           0.287     4.636    clk_IBUF
    BUFGCE_X0Y170        BUFGCE (Prop_BUFCE_BUFGCE_I_O)
                                                      0.024     4.660 r  clk_IBUF_BUFG_inst/O
    X4Y6 (CLOCK_ROOT)    net (fo=71616, routed)       1.820     6.480    SharedReg426_instance/clk_IBUF_BUFG
    SLICE_X158Y385       FDCE                                         r  SharedReg426_instance/Y_reg[29]/C
                         clock pessimism              0.360     6.840    
                         clock uncertainty           -0.035     6.805    
    SLICE_X158Y385       FDCE (Setup_FFF_SLICEL_C_D)
                                                      0.025     6.830    SharedReg426_instance/Y_reg[29]
  -------------------------------------------------------------------
                         required time                          6.830    
                         arrival time                          -6.506    
  -------------------------------------------------------------------
                         slack                                  0.324    




