Copyright 1986-2018 Xilinx, Inc. All Rights Reserved.
------------------------------------------------------------------------------------------------------------------------------------------------------------------------------------------------
| Tool Version      : Vivado v.2018.1 (lin64) Build 2188600 Wed Apr  4 18:39:19 MDT 2018
| Date              : Sat Dec  5 20:42:27 2020
| Host              : animal.digi.e-technik.uni-kassel.de running 64-bit CentOS Linux release 7.8.2003 (Core)
| Command           : report_timing -file /home/nfiege/Repositories/origami/vhdl/ratII/synth/fir_SAM/NonUniformILP/fir_SAM_NonUniformILP_126_ultrascale2_250/implementedSystem_timing_synth.rpt
| Design            : implementedSystem_toplevel
| Device            : xcvu13p-fhga2104
| Speed File        : -2  PRODUCTION 1.19 03-17-2018
| Temperature Grade : E
------------------------------------------------------------------------------------------------------------------------------------------------------------------------------------------------

Timing Report

Slack (MET) :             0.386ns  (required time - arrival time)
  Source:                 Delay97No_instance/s5_reg_c/C
                            (rising edge-triggered cell FDCE clocked by clk  {rise@0.000ns fall@2.000ns period=4.000ns})
  Destination:            SharedReg232_instance/Y_reg[14]/D
                            (rising edge-triggered cell FDCE clocked by clk  {rise@0.000ns fall@2.000ns period=4.000ns})
  Path Group:             clk
  Path Type:              Setup (Max at Slow Process Corner)
  Requirement:            4.000ns  (clk rise@4.000ns - clk rise@0.000ns)
  Data Path Delay:        3.444ns  (logic 0.170ns (4.936%)  route 3.274ns (95.064%))
  Logic Levels:           1  (LUT2=1)
  Clock Path Skew:        -0.160ns (DCD - SCD + CPR)
    Destination Clock Delay (DCD):    2.755ns = ( 6.755 - 4.000 ) 
    Source Clock Delay      (SCD):    3.319ns
    Clock Pessimism Removal (CPR):    0.404ns
  Clock Uncertainty:      0.035ns  ((TSJ^2 + TIJ^2)^1/2 + DJ) / 2 + PE
    Total System Jitter     (TSJ):    0.071ns
    Total Input Jitter      (TIJ):    0.000ns
    Discrete Jitter          (DJ):    0.000ns
    Phase Error              (PE):    0.000ns
  Clock Net Delay (Source):      2.284ns (routing 1.219ns, distribution 1.065ns)
  Clock Net Delay (Destination): 2.014ns (routing 1.109ns, distribution 0.905ns)

    Location             Delay type                Incr(ns)  Path(ns)    Netlist Resource(s)
  -------------------------------------------------------------------    -------------------
                         (clock clk rise edge)        0.000     0.000 r  
    BC10                                              0.000     0.000 r  clk (IN)
                         net (fo=0)                   0.000     0.000    clk_IBUF_inst/I
    BC10                 INBUF (Prop_INBUF_HPIOB_M_PAD_O)
                                                      0.659     0.659 r  clk_IBUF_inst/INBUF_INST/O
                         net (fo=1, routed)           0.000     0.659    clk_IBUF_inst/OUT
    BC10                 IBUFCTRL (Prop_IBUFCTRL_HPIOB_M_I_O)
                                                      0.000     0.659 r  clk_IBUF_inst/IBUFCTRL_INST/O
                         net (fo=1, routed)           0.348     1.007    clk_IBUF
    BUFGCE_X0Y146        BUFGCE (Prop_BUFCE_BUFGCE_I_O)
                                                      0.028     1.035 r  clk_IBUF_BUFG_inst/O
    X5Y9 (CLOCK_ROOT)    net (fo=76524, routed)       2.284     3.319    Delay97No_instance/clk
    SLR Crossing[1->2]   
    SLICE_X155Y615       FDCE                                         r  Delay97No_instance/s5_reg_c/C
  -------------------------------------------------------------------    -------------------
    SLICE_X155Y615       FDCE (Prop_AFF2_SLICEL_C_Q)
                                                      0.081     3.400 r  Delay97No_instance/s5_reg_c/Q
                         net (fo=271, routed)         3.225     6.625    SharedReg232_instance/s5_reg_c
    SLICE_X155Y535       LUT2 (Prop_D6LUT_SLICEL_I1_O)
                                                      0.089     6.714 r  SharedReg232_instance/s5_reg_gate__18/O
                         net (fo=1, routed)           0.049     6.763    SharedReg232_instance/s5_reg_gate__18_n_0
    SLICE_X155Y535       FDCE                                         r  SharedReg232_instance/Y_reg[14]/D
  -------------------------------------------------------------------    -------------------

                         (clock clk rise edge)        4.000     4.000 r  
    BC10                                              0.000     4.000 r  clk (IN)
                         net (fo=0)                   0.000     4.000    clk_IBUF_inst/I
    BC10                 INBUF (Prop_INBUF_HPIOB_M_PAD_O)
                                                      0.408     4.408 r  clk_IBUF_inst/INBUF_INST/O
                         net (fo=1, routed)           0.000     4.408    clk_IBUF_inst/OUT
    BC10                 IBUFCTRL (Prop_IBUFCTRL_HPIOB_M_I_O)
                                                      0.000     4.408 r  clk_IBUF_inst/IBUFCTRL_INST/O
                         net (fo=1, routed)           0.309     4.717    clk_IBUF
    BUFGCE_X0Y146        BUFGCE (Prop_BUFCE_BUFGCE_I_O)
                                                      0.024     4.741 r  clk_IBUF_BUFG_inst/O
    X5Y9 (CLOCK_ROOT)    net (fo=76524, routed)       2.014     6.755    SharedReg232_instance/clk
    SLR Crossing[1->2]   
    SLICE_X155Y535       FDCE                                         r  SharedReg232_instance/Y_reg[14]/C
                         clock pessimism              0.404     7.159    
                         clock uncertainty           -0.035     7.124    
    SLICE_X155Y535       FDCE (Setup_DFF_SLICEL_C_D)
                                                      0.025     7.149    SharedReg232_instance/Y_reg[14]
  -------------------------------------------------------------------
                         required time                          7.149    
                         arrival time                          -6.763    
  -------------------------------------------------------------------
                         slack                                  0.386    




