Copyright 1986-2018 Xilinx, Inc. All Rights Reserved.
------------------------------------------------------------------------------------------------------------------------------------------------------------------------------------------------
| Tool Version      : Vivado v.2018.1 (lin64) Build 2188600 Wed Apr  4 18:39:19 MDT 2018
| Date              : Mon Dec  7 06:14:08 2020
| Host              : animal.digi.e-technik.uni-kassel.de running 64-bit CentOS Linux release 7.8.2003 (Core)
| Command           : report_timing -file /home/nfiege/Repositories/origami/vhdl/ratII/synth/fir_SAM/NonUniformILP/fir_SAM_NonUniformILP_447_ultrascale2_250/implementedSystem_timing_synth.rpt
| Design            : implementedSystem_toplevel
| Device            : xcvu13p-fhga2104
| Speed File        : -2  PRODUCTION 1.19 03-17-2018
| Temperature Grade : E
------------------------------------------------------------------------------------------------------------------------------------------------------------------------------------------------

Timing Report

Slack (MET) :             0.212ns  (required time - arrival time)
  Source:                 Delay118No4_instance/s17_reg_c/C
                            (rising edge-triggered cell FDCE clocked by clk  {rise@0.000ns fall@2.000ns period=4.000ns})
  Destination:            Delay43No4_instance/Y_reg[29]/D
                            (rising edge-triggered cell FDCE clocked by clk  {rise@0.000ns fall@2.000ns period=4.000ns})
  Path Group:             clk
  Path Type:              Setup (Max at Slow Process Corner)
  Requirement:            4.000ns  (clk rise@4.000ns - clk rise@0.000ns)
  Data Path Delay:        3.567ns  (logic 0.129ns (3.616%)  route 3.438ns (96.384%))
  Logic Levels:           1  (LUT2=1)
  Clock Path Skew:        -0.211ns (DCD - SCD + CPR)
    Destination Clock Delay (DCD):    2.639ns = ( 6.639 - 4.000 ) 
    Source Clock Delay      (SCD):    3.234ns
    Clock Pessimism Removal (CPR):    0.384ns
  Clock Uncertainty:      0.035ns  ((TSJ^2 + TIJ^2)^1/2 + DJ) / 2 + PE
    Total System Jitter     (TSJ):    0.071ns
    Total Input Jitter      (TIJ):    0.000ns
    Discrete Jitter          (DJ):    0.000ns
    Phase Error              (PE):    0.000ns
  Clock Net Delay (Source):      2.283ns (routing 0.921ns, distribution 1.362ns)
  Clock Net Delay (Destination): 1.979ns (routing 0.836ns, distribution 1.143ns)

    Location             Delay type                Incr(ns)  Path(ns)    Netlist Resource(s)
  -------------------------------------------------------------------    -------------------
                         (clock clk rise edge)        0.000     0.000 r  
    AP13                                              0.000     0.000 r  clk (IN)
                         net (fo=0)                   0.000     0.000    clk_IBUF_inst/I
    AP13                 INBUF (Prop_INBUF_HPIOB_M_PAD_O)
                                                      0.600     0.600 r  clk_IBUF_inst/INBUF_INST/O
                         net (fo=1, routed)           0.000     0.600    clk_IBUF_inst/OUT
    AP13                 IBUFCTRL (Prop_IBUFCTRL_HPIOB_M_I_O)
                                                      0.000     0.600 r  clk_IBUF_inst/IBUFCTRL_INST/O
                         net (fo=1, routed)           0.323     0.923    clk_IBUF
    BUFGCE_X0Y170        BUFGCE (Prop_BUFCE_BUFGCE_I_O)
                                                      0.028     0.951 r  clk_IBUF_BUFG_inst/O
    X4Y5 (CLOCK_ROOT)    net (fo=63918, routed)       2.283     3.234    Delay118No4_instance/clk_IBUF_BUFG
    SLICE_X116Y383       FDCE                                         r  Delay118No4_instance/s17_reg_c/C
  -------------------------------------------------------------------    -------------------
    SLICE_X116Y383       FDCE (Prop_EFF_SLICEL_C_Q)
                                                      0.079     3.313 r  Delay118No4_instance/s17_reg_c/Q
                         net (fo=190, routed)         3.389     6.702    Delay43No4_instance/s17_reg_c
    SLICE_X135Y471       LUT2 (Prop_D6LUT_SLICEL_I1_O)
                                                      0.050     6.752 r  Delay43No4_instance/s17_reg_gate__0/O
                         net (fo=1, routed)           0.049     6.801    Delay43No4_instance/s17_reg_gate__0_n_0
    SLICE_X135Y471       FDCE                                         r  Delay43No4_instance/Y_reg[29]/D
  -------------------------------------------------------------------    -------------------

                         (clock clk rise edge)        4.000     4.000 r  
    AP13                                              0.000     4.000 r  clk (IN)
                         net (fo=0)                   0.000     4.000    clk_IBUF_inst/I
    AP13                 INBUF (Prop_INBUF_HPIOB_M_PAD_O)
                                                      0.349     4.349 r  clk_IBUF_inst/INBUF_INST/O
                         net (fo=1, routed)           0.000     4.349    clk_IBUF_inst/OUT
    AP13                 IBUFCTRL (Prop_IBUFCTRL_HPIOB_M_I_O)
                                                      0.000     4.349 r  clk_IBUF_inst/IBUFCTRL_INST/O
                         net (fo=1, routed)           0.287     4.636    clk_IBUF
    BUFGCE_X0Y170        BUFGCE (Prop_BUFCE_BUFGCE_I_O)
                                                      0.024     4.660 r  clk_IBUF_BUFG_inst/O
    X4Y5 (CLOCK_ROOT)    net (fo=63918, routed)       1.979     6.639    Delay43No4_instance/clk_IBUF_BUFG
    SLICE_X135Y471       FDCE                                         r  Delay43No4_instance/Y_reg[29]/C
                         clock pessimism              0.384     7.023    
                         clock uncertainty           -0.035     6.987    
    SLICE_X135Y471       FDCE (Setup_DFF_SLICEL_C_D)
                                                      0.025     7.012    Delay43No4_instance/Y_reg[29]
  -------------------------------------------------------------------
                         required time                          7.012    
                         arrival time                          -6.801    
  -------------------------------------------------------------------
                         slack                                  0.212    




