Copyright 1986-2018 Xilinx, Inc. All Rights Reserved.
------------------------------------------------------------------------------------------------------------------------------------------------------------------------------------------------
| Tool Version      : Vivado v.2018.1 (lin64) Build 2188600 Wed Apr  4 18:39:19 MDT 2018
| Date              : Sun Dec  6 00:16:08 2020
| Host              : animal.digi.e-technik.uni-kassel.de running 64-bit CentOS Linux release 7.8.2003 (Core)
| Command           : report_timing -file /home/nfiege/Repositories/origami/vhdl/ratII/synth/fir_SAM/NonUniformILP/fir_SAM_NonUniformILP_108_ultrascale2_250/implementedSystem_timing_synth.rpt
| Design            : implementedSystem_toplevel
| Device            : xcvu13p-fhga2104
| Speed File        : -2  PRODUCTION 1.19 03-17-2018
| Temperature Grade : E
------------------------------------------------------------------------------------------------------------------------------------------------------------------------------------------------

Timing Report

Slack (MET) :             0.343ns  (required time - arrival time)
  Source:                 Delay1No19_instance/Y_reg[25]/C
                            (rising edge-triggered cell FDCE clocked by clk  {rise@0.000ns fall@2.000ns period=4.000ns})
  Destination:            Sum15_0_impl_instance/FPAddSubOp_instance/shiftedFracY_d1_reg[12]/D
                            (rising edge-triggered cell FDRE clocked by clk  {rise@0.000ns fall@2.000ns period=4.000ns})
  Path Group:             clk
  Path Type:              Setup (Max at Slow Process Corner)
  Requirement:            4.000ns  (clk rise@4.000ns - clk rise@0.000ns)
  Data Path Delay:        3.442ns  (logic 0.894ns (25.973%)  route 2.548ns (74.027%))
  Logic Levels:           9  (CARRY8=2 LUT4=1 LUT5=2 LUT6=4)
  Clock Path Skew:        -0.204ns (DCD - SCD + CPR)
    Destination Clock Delay (DCD):    2.852ns = ( 6.852 - 4.000 ) 
    Source Clock Delay      (SCD):    3.536ns
    Clock Pessimism Removal (CPR):    0.480ns
  Clock Uncertainty:      0.035ns  ((TSJ^2 + TIJ^2)^1/2 + DJ) / 2 + PE
    Total System Jitter     (TSJ):    0.071ns
    Total Input Jitter      (TIJ):    0.000ns
    Discrete Jitter          (DJ):    0.000ns
    Phase Error              (PE):    0.000ns
  Clock Net Delay (Source):      2.599ns (routing 1.576ns, distribution 1.023ns)
  Clock Net Delay (Destination): 2.205ns (routing 1.429ns, distribution 0.776ns)

    Location             Delay type                Incr(ns)  Path(ns)    Netlist Resource(s)
  -------------------------------------------------------------------    -------------------
                         (clock clk rise edge)        0.000     0.000 r  
    AR14                                              0.000     0.000 r  clk (IN)
                         net (fo=0)                   0.000     0.000    clk_IBUF_inst/I
    AR14                 INBUF (Prop_INBUF_HPIOB_M_PAD_O)
                                                      0.586     0.586 r  clk_IBUF_inst/INBUF_INST/O
                         net (fo=1, routed)           0.000     0.586    clk_IBUF_inst/OUT
    AR14                 IBUFCTRL (Prop_IBUFCTRL_HPIOB_M_I_O)
                                                      0.000     0.586 r  clk_IBUF_inst/IBUFCTRL_INST/O
                         net (fo=1, routed)           0.323     0.909    clk_IBUF
    BUFGCE_X0Y170        BUFGCE (Prop_BUFCE_BUFGCE_I_O)
                                                      0.028     0.937 r  clk_IBUF_BUFG_inst/O
    X4Y2 (CLOCK_ROOT)    net (fo=23532, routed)       2.599     3.536    Delay1No19_instance/clk_IBUF_BUFG
    SLR Crossing[1->0]   
    SLICE_X155Y231       FDCE                                         r  Delay1No19_instance/Y_reg[25]/C
  -------------------------------------------------------------------    -------------------
    SLICE_X155Y231       FDCE (Prop_DFF_SLICEL_C_Q)
                                                      0.079     3.615 r  Delay1No19_instance/Y_reg[25]/Q
                         net (fo=6, routed)           0.815     4.430    Delay1No18_instance/Y_reg[33]_0[25]
    SLICE_X140Y215       LUT4 (Prop_E6LUT_SLICEL_I3_O)
                                                      0.051     4.481 r  Delay1No18_instance/geqOp_carry__0_i_12__1/O
                         net (fo=1, routed)           0.007     4.488    Sum15_0_impl_instance/FPAddSubOp_instance/Y_reg[30]_0[4]
    SLICE_X140Y215       CARRY8 (Prop_CARRY8_SLICEL_S[4]_CO[7])
                                                      0.153     4.641 r  Sum15_0_impl_instance/FPAddSubOp_instance/geqOp_carry__0/CO[7]
                         net (fo=1, routed)           0.026     4.667    Sum15_0_impl_instance/FPAddSubOp_instance/geqOp_carry__0_n_0
    SLICE_X140Y216       CARRY8 (Prop_CARRY8_SLICEL_CI_CO[0])
                                                      0.052     4.719 r  Sum15_0_impl_instance/FPAddSubOp_instance/geqOp_carry__1/CO[0]
                         net (fo=73, routed)          0.507     5.226    Delay1No18_instance/CO[0]
    SLICE_X145Y218       LUT5 (Prop_B6LUT_SLICEM_I4_O)
                                                      0.100     5.326 r  Delay1No18_instance/shiftedFracY_d1[49]_i_10__1/O
                         net (fo=2, routed)           0.150     5.476    Delay1No18_instance/shiftedFracY_d1[49]_i_10__1_n_0
    SLICE_X144Y216       LUT6 (Prop_G6LUT_SLICEL_I5_O)
                                                      0.097     5.573 r  Delay1No18_instance/shiftedFracY_d1[32]_i_9__1/O
                         net (fo=3, routed)           0.096     5.669    Delay1No18_instance/shiftedFracY_d1[32]_i_9__1_n_0
    SLICE_X144Y216       LUT5 (Prop_D6LUT_SLICEL_I3_O)
                                                      0.036     5.705 r  Delay1No18_instance/shiftedFracY_d1[12]_i_3__1/O
                         net (fo=34, routed)          0.397     6.102    Delay1No19_instance/shiftVal__5[0]
    SLICE_X138Y215       LUT6 (Prop_B6LUT_SLICEL_I2_O)
                                                      0.148     6.250 r  Delay1No19_instance/shiftedFracY_d1[8]_i_2__1/O
                         net (fo=4, routed)           0.289     6.539    Delay1No19_instance/Sum15_0_impl_instance/level2[9]
    SLICE_X143Y214       LUT6 (Prop_F6LUT_SLICEL_I3_O)
                                                      0.089     6.628 r  Delay1No19_instance/shiftedFracY_d1[28]_i_3__1/O
                         net (fo=2, routed)           0.212     6.840    Delay1No18_instance/Y_reg[26]_0[5]
    SLICE_X144Y213       LUT6 (Prop_D6LUT_SLICEL_I3_O)
                                                      0.089     6.929 r  Delay1No18_instance/shiftedFracY_d1[12]_i_1__1/O
                         net (fo=1, routed)           0.049     6.978    Sum15_0_impl_instance/FPAddSubOp_instance/D[1]
    SLICE_X144Y213       FDRE                                         r  Sum15_0_impl_instance/FPAddSubOp_instance/shiftedFracY_d1_reg[12]/D
  -------------------------------------------------------------------    -------------------

                         (clock clk rise edge)        4.000     4.000 r  
    AR14                                              0.000     4.000 r  clk (IN)
                         net (fo=0)                   0.000     4.000    clk_IBUF_inst/I
    AR14                 INBUF (Prop_INBUF_HPIOB_M_PAD_O)
                                                      0.336     4.336 r  clk_IBUF_inst/INBUF_INST/O
                         net (fo=1, routed)           0.000     4.336    clk_IBUF_inst/OUT
    AR14                 IBUFCTRL (Prop_IBUFCTRL_HPIOB_M_I_O)
                                                      0.000     4.336 r  clk_IBUF_inst/IBUFCTRL_INST/O
                         net (fo=1, routed)           0.287     4.623    clk_IBUF
    BUFGCE_X0Y170        BUFGCE (Prop_BUFCE_BUFGCE_I_O)
                                                      0.024     4.647 r  clk_IBUF_BUFG_inst/O
    X4Y2 (CLOCK_ROOT)    net (fo=23532, routed)       2.205     6.852    Sum15_0_impl_instance/FPAddSubOp_instance/clk_IBUF_BUFG
    SLR Crossing[1->0]   
    SLICE_X144Y213       FDRE                                         r  Sum15_0_impl_instance/FPAddSubOp_instance/shiftedFracY_d1_reg[12]/C
                         clock pessimism              0.480     7.332    
                         clock uncertainty           -0.035     7.297    
    SLICE_X144Y213       FDRE (Setup_DFF_SLICEL_C_D)
                                                      0.025     7.322    Sum15_0_impl_instance/FPAddSubOp_instance/shiftedFracY_d1_reg[12]
  -------------------------------------------------------------------
                         required time                          7.322    
                         arrival time                          -6.978    
  -------------------------------------------------------------------
                         slack                                  0.343    




