Copyright 1986-2018 Xilinx, Inc. All Rights Reserved.
-------------------------------------------------------------------------------------------------------------------------------------------------------------------------------------------------------------------------
| Tool Version      : Vivado v.2018.1 (lin64) Build 2188600 Wed Apr  4 18:39:19 MDT 2018
| Date              : Mon Nov 29 18:21:34 2021
| Host              : animal.digi.e-technik.uni-kassel.de running 64-bit AlmaLinux release 8.4 (Electric Cheetah)
| Command           : report_timing -file /home/nfiege/Repositories/origami/vhdl/ratII/synth/mat_inv/NonUniformILP/mat_inv_NonUniformILP_154_wrapper_ultrascale2_250/implementedSystem_toplevel_wrapper_timing_synth.rpt
| Design            : implementedSystem_toplevel_wrapper
| Device            : xcvu13p-fhga2104
| Speed File        : -2  PRODUCTION 1.19 03-17-2018
| Temperature Grade : E
-------------------------------------------------------------------------------------------------------------------------------------------------------------------------------------------------------------------------

Timing Report

Slack (MET) :             0.129ns  (required time - arrival time)
  Source:                 DUT/ModCount591_instance/count_reg[5]_rep__9/C
                            (rising edge-triggered cell FDCE clocked by clk  {rise@0.000ns fall@2.000ns period=4.000ns})
  Destination:            DUT/Delay1No126_instance/Y_reg[33]/D
                            (rising edge-triggered cell FDCE clocked by clk  {rise@0.000ns fall@2.000ns period=4.000ns})
  Path Group:             clk
  Path Type:              Setup (Max at Slow Process Corner)
  Requirement:            4.000ns  (clk rise@4.000ns - clk rise@0.000ns)
  Data Path Delay:        3.934ns  (logic 0.126ns (3.203%)  route 3.808ns (96.797%))
  Logic Levels:           1  (LUT6=1)
  Clock Path Skew:        0.073ns (DCD - SCD + CPR)
    Destination Clock Delay (DCD):    3.223ns = ( 7.223 - 4.000 ) 
    Source Clock Delay      (SCD):    3.587ns
    Clock Pessimism Removal (CPR):    0.437ns
  Clock Uncertainty:      0.035ns  ((TSJ^2 + TIJ^2)^1/2 + DJ) / 2 + PE
    Total System Jitter     (TSJ):    0.071ns
    Total Input Jitter      (TIJ):    0.000ns
    Discrete Jitter          (DJ):    0.000ns
    Phase Error              (PE):    0.000ns
  Clock Net Delay (Source):      2.629ns (routing 1.636ns, distribution 0.993ns)
  Clock Net Delay (Destination): 2.556ns (routing 1.490ns, distribution 1.066ns)

    Location             Delay type                Incr(ns)  Path(ns)    Netlist Resource(s)
  -------------------------------------------------------------------    -------------------
                         (clock clk rise edge)        0.000     0.000 r  
    AV14                                              0.000     0.000 r  clk (IN)
                         net (fo=0)                   0.000     0.000    clk_IBUF_inst/I
    AV14                 INBUF (Prop_INBUF_HPIOB_M_PAD_O)
                                                      0.607     0.607 r  clk_IBUF_inst/INBUF_INST/O
                         net (fo=1, routed)           0.000     0.607    clk_IBUF_inst/OUT
    AV14                 IBUFCTRL (Prop_IBUFCTRL_HPIOB_M_I_O)
                                                      0.000     0.607 r  clk_IBUF_inst/IBUFCTRL_INST/O
                         net (fo=1, routed)           0.323     0.930    clk_IBUF
    BUFGCE_X0Y170        BUFGCE (Prop_BUFCE_BUFGCE_I_O)
                                                      0.028     0.958 r  clk_IBUF_BUFG_inst/O
    X1Y5 (CLOCK_ROOT)    net (fo=172415, routed)      2.629     3.587    DUT/ModCount591_instance/clk_IBUF_BUFG
    SLICE_X31Y331        FDCE                                         r  DUT/ModCount591_instance/count_reg[5]_rep__9/C
  -------------------------------------------------------------------    -------------------
    SLICE_X31Y331        FDCE (Prop_EFF_SLICEM_C_Q)
                                                      0.076     3.663 r  DUT/ModCount591_instance/count_reg[5]_rep__9/Q
                         net (fo=118, routed)         3.759     7.422    DUT/MUX_Add30_0_impl_0_instance/count_reg[5]_rep__9
    SLICE_X86Y371        LUT6 (Prop_D6LUT_SLICEL_I2_O)
                                                      0.050     7.472 r  DUT/MUX_Add30_0_impl_0_instance/Y[33]_i_1/O
                         net (fo=1, routed)           0.049     7.521    DUT/Delay1No126_instance/count_reg[5]_rep__9[33]
    SLICE_X86Y371        FDCE                                         r  DUT/Delay1No126_instance/Y_reg[33]/D
  -------------------------------------------------------------------    -------------------

                         (clock clk rise edge)        4.000     4.000 r  
    AV14                                              0.000     4.000 r  clk (IN)
                         net (fo=0)                   0.000     4.000    clk_IBUF_inst/I
    AV14                 INBUF (Prop_INBUF_HPIOB_M_PAD_O)
                                                      0.356     4.356 r  clk_IBUF_inst/INBUF_INST/O
                         net (fo=1, routed)           0.000     4.356    clk_IBUF_inst/OUT
    AV14                 IBUFCTRL (Prop_IBUFCTRL_HPIOB_M_I_O)
                                                      0.000     4.356 r  clk_IBUF_inst/IBUFCTRL_INST/O
                         net (fo=1, routed)           0.287     4.643    clk_IBUF
    BUFGCE_X0Y170        BUFGCE (Prop_BUFCE_BUFGCE_I_O)
                                                      0.024     4.667 r  clk_IBUF_BUFG_inst/O
    X1Y5 (CLOCK_ROOT)    net (fo=172415, routed)      2.556     7.223    DUT/Delay1No126_instance/clk_IBUF_BUFG
    SLICE_X86Y371        FDCE                                         r  DUT/Delay1No126_instance/Y_reg[33]/C
                         clock pessimism              0.437     7.660    
                         clock uncertainty           -0.035     7.625    
    SLICE_X86Y371        FDCE (Setup_DFF_SLICEL_C_D)
                                                      0.025     7.650    DUT/Delay1No126_instance/Y_reg[33]
  -------------------------------------------------------------------
                         required time                          7.650    
                         arrival time                          -7.521    
  -------------------------------------------------------------------
                         slack                                  0.129    




