Copyright 1986-2018 Xilinx, Inc. All Rights Reserved.
------------------------------------------------------------------------------------------------------------------------------------------------------------------------------------------------
| Tool Version      : Vivado v.2018.1 (lin64) Build 2188600 Wed Apr  4 18:39:19 MDT 2018
| Date              : Thu Dec 10 08:35:31 2020
| Host              : animal.digi.e-technik.uni-kassel.de running 64-bit CentOS Linux release 7.8.2003 (Core)
| Command           : report_timing -file /home/nfiege/Repositories/origami/vhdl/ratII/synth/fir_SAM/NonUniformILP/fir_SAM_NonUniformILP_120_ultrascale2_250/implementedSystem_timing_synth.rpt
| Design            : implementedSystem_toplevel
| Device            : xcvu13p-fhga2104
| Speed File        : -2  PRODUCTION 1.19 03-17-2018
| Temperature Grade : E
------------------------------------------------------------------------------------------------------------------------------------------------------------------------------------------------

Timing Report

Slack (MET) :             0.182ns  (required time - arrival time)
  Source:                 Delay311No1_instance/s4_reg_c_rep__6/C
                            (rising edge-triggered cell FDCE clocked by clk  {rise@0.000ns fall@2.000ns period=4.000ns})
  Destination:            SharedReg763_instance/Y_reg[32]/D
                            (rising edge-triggered cell FDCE clocked by clk  {rise@0.000ns fall@2.000ns period=4.000ns})
  Path Group:             clk
  Path Type:              Setup (Max at Slow Process Corner)
  Requirement:            4.000ns  (clk rise@4.000ns - clk rise@0.000ns)
  Data Path Delay:        3.580ns  (logic 0.127ns (3.547%)  route 3.453ns (96.453%))
  Logic Levels:           1  (LUT2=1)
  Clock Path Skew:        -0.228ns (DCD - SCD + CPR)
    Destination Clock Delay (DCD):    2.487ns = ( 6.487 - 4.000 ) 
    Source Clock Delay      (SCD):    3.064ns
    Clock Pessimism Removal (CPR):    0.349ns
  Clock Uncertainty:      0.035ns  ((TSJ^2 + TIJ^2)^1/2 + DJ) / 2 + PE
    Total System Jitter     (TSJ):    0.071ns
    Total Input Jitter      (TIJ):    0.000ns
    Discrete Jitter          (DJ):    0.000ns
    Phase Error              (PE):    0.000ns
  Clock Net Delay (Source):      2.029ns (routing 0.579ns, distribution 1.450ns)
  Clock Net Delay (Destination): 1.746ns (routing 0.528ns, distribution 1.218ns)

    Location             Delay type                Incr(ns)  Path(ns)    Netlist Resource(s)
  -------------------------------------------------------------------    -------------------
                         (clock clk rise edge)        0.000     0.000 r  
    BC10                                              0.000     0.000 r  clk (IN)
                         net (fo=0)                   0.000     0.000    clk_IBUF_inst/I
    BC10                 INBUF (Prop_INBUF_HPIOB_M_PAD_O)
                                                      0.659     0.659 r  clk_IBUF_inst/INBUF_INST/O
                         net (fo=1, routed)           0.000     0.659    clk_IBUF_inst/OUT
    BC10                 IBUFCTRL (Prop_IBUFCTRL_HPIOB_M_I_O)
                                                      0.000     0.659 r  clk_IBUF_inst/IBUFCTRL_INST/O
                         net (fo=1, routed)           0.348     1.007    clk_IBUF
    BUFGCE_X0Y146        BUFGCE (Prop_BUFCE_BUFGCE_I_O)
                                                      0.028     1.035 r  clk_IBUF_BUFG_inst/O
    X3Y6 (CLOCK_ROOT)    net (fo=92579, routed)       2.029     3.064    Delay311No1_instance/clk_IBUF_BUFG
    SLICE_X104Y299       FDCE                                         r  Delay311No1_instance/s4_reg_c_rep__6/C
  -------------------------------------------------------------------    -------------------
    SLICE_X104Y299       FDCE (Prop_EFF_SLICEM_C_Q)
                                                      0.076     3.140 r  Delay311No1_instance/s4_reg_c_rep__6/Q
                         net (fo=127, routed)         3.402     6.542    SharedReg763_instance/s4_reg_c_rep__6
    SLICE_X112Y386       LUT2 (Prop_H6LUT_SLICEL_I1_O)
                                                      0.051     6.593 r  SharedReg763_instance/s4_reg_gate__0/O
                         net (fo=1, routed)           0.051     6.644    SharedReg763_instance/s4_reg_gate__0_n_0
    SLICE_X112Y386       FDCE                                         r  SharedReg763_instance/Y_reg[32]/D
  -------------------------------------------------------------------    -------------------

                         (clock clk rise edge)        4.000     4.000 r  
    BC10                                              0.000     4.000 r  clk (IN)
                         net (fo=0)                   0.000     4.000    clk_IBUF_inst/I
    BC10                 INBUF (Prop_INBUF_HPIOB_M_PAD_O)
                                                      0.408     4.408 r  clk_IBUF_inst/INBUF_INST/O
                         net (fo=1, routed)           0.000     4.408    clk_IBUF_inst/OUT
    BC10                 IBUFCTRL (Prop_IBUFCTRL_HPIOB_M_I_O)
                                                      0.000     4.408 r  clk_IBUF_inst/IBUFCTRL_INST/O
                         net (fo=1, routed)           0.309     4.717    clk_IBUF
    BUFGCE_X0Y146        BUFGCE (Prop_BUFCE_BUFGCE_I_O)
                                                      0.024     4.741 r  clk_IBUF_BUFG_inst/O
    X3Y6 (CLOCK_ROOT)    net (fo=92579, routed)       1.746     6.487    SharedReg763_instance/clk
    SLICE_X112Y386       FDCE                                         r  SharedReg763_instance/Y_reg[32]/C
                         clock pessimism              0.349     6.836    
                         clock uncertainty           -0.035     6.801    
    SLICE_X112Y386       FDCE (Setup_HFF_SLICEL_C_D)
                                                      0.025     6.826    SharedReg763_instance/Y_reg[32]
  -------------------------------------------------------------------
                         required time                          6.826    
                         arrival time                          -6.644    
  -------------------------------------------------------------------
                         slack                                  0.182    




