Copyright 1986-2018 Xilinx, Inc. All Rights Reserved.
------------------------------------------------------------------------------------------------------------------------------------------------------------------------------------------------
| Tool Version      : Vivado v.2018.1 (lin64) Build 2188600 Wed Apr  4 18:39:19 MDT 2018
| Date              : Fri Aug 27 05:49:34 2021
| Host              : animal.digi.e-technik.uni-kassel.de running 64-bit AlmaLinux release 8.3 (Purple Manul)
| Command           : report_timing -file /home/nfiege/Repositories/origami/vhdl/ratII/synth/fir_SAM/UniformILPNew/fir_SAM_UniformILPNew_153_ultrascale2_250/implementedSystem_timing_synth.rpt
| Design            : implementedSystem_toplevel
| Device            : xcvu13p-fhga2104
| Speed File        : -2  PRODUCTION 1.19 03-17-2018
| Temperature Grade : E
------------------------------------------------------------------------------------------------------------------------------------------------------------------------------------------------

Timing Report

Slack (MET) :             0.211ns  (required time - arrival time)
  Source:                 SharedReg580_instance/s11_reg_c/C
                            (rising edge-triggered cell FDCE clocked by clk  {rise@0.000ns fall@2.000ns period=4.000ns})
  Destination:            SharedReg407_instance/Y_reg[20]/D
                            (rising edge-triggered cell FDCE clocked by clk  {rise@0.000ns fall@2.000ns period=4.000ns})
  Path Group:             clk
  Path Type:              Setup (Max at Slow Process Corner)
  Requirement:            4.000ns  (clk rise@4.000ns - clk rise@0.000ns)
  Data Path Delay:        3.534ns  (logic 0.166ns (4.697%)  route 3.368ns (95.303%))
  Logic Levels:           1  (LUT2=1)
  Clock Path Skew:        -0.245ns (DCD - SCD + CPR)
    Destination Clock Delay (DCD):    1.838ns = ( 5.838 - 4.000 ) 
    Source Clock Delay      (SCD):    2.393ns
    Clock Pessimism Removal (CPR):    0.310ns
  Clock Uncertainty:      0.035ns  ((TSJ^2 + TIJ^2)^1/2 + DJ) / 2 + PE
    Total System Jitter     (TSJ):    0.071ns
    Total Input Jitter      (TIJ):    0.000ns
    Discrete Jitter          (DJ):    0.000ns
    Phase Error              (PE):    0.000ns
  Clock Net Delay (Source):      1.358ns (routing 0.171ns, distribution 1.187ns)
  Clock Net Delay (Destination): 1.097ns (routing 0.155ns, distribution 0.942ns)

    Location             Delay type                Incr(ns)  Path(ns)    Netlist Resource(s)
  -------------------------------------------------------------------    -------------------
                         (clock clk rise edge)        0.000     0.000 r  
    BC10                                              0.000     0.000 r  clk (IN)
                         net (fo=0)                   0.000     0.000    clk_IBUF_inst/I
    BC10                 INBUF (Prop_INBUF_HPIOB_M_PAD_O)
                                                      0.659     0.659 r  clk_IBUF_inst/INBUF_INST/O
                         net (fo=1, routed)           0.000     0.659    clk_IBUF_inst/OUT
    BC10                 IBUFCTRL (Prop_IBUFCTRL_HPIOB_M_I_O)
                                                      0.000     0.659 r  clk_IBUF_inst/IBUFCTRL_INST/O
                         net (fo=1, routed)           0.348     1.007    clk_IBUF
    BUFGCE_X0Y146        BUFGCE (Prop_BUFCE_BUFGCE_I_O)
                                                      0.028     1.035 r  clk_IBUF_BUFG_inst/O
    X4Y6 (CLOCK_ROOT)    net (fo=77622, routed)       1.358     2.393    SharedReg580_instance/clk
    SLICE_X100Y353       FDCE                                         r  SharedReg580_instance/s11_reg_c/C
  -------------------------------------------------------------------    -------------------
    SLICE_X100Y353       FDCE (Prop_FFF_SLICEM_C_Q)
                                                      0.076     2.469 r  SharedReg580_instance/s11_reg_c/Q
                         net (fo=727, routed)         3.310     5.779    SharedReg407_instance/s11_reg_c
    SLICE_X128Y471       LUT2 (Prop_H6LUT_SLICEM_I1_O)
                                                      0.090     5.869 r  SharedReg407_instance/s11_reg_gate__12/O
                         net (fo=1, routed)           0.058     5.927    SharedReg407_instance/s11_reg_gate__12_n_0
    SLICE_X128Y471       FDCE                                         r  SharedReg407_instance/Y_reg[20]/D
  -------------------------------------------------------------------    -------------------

                         (clock clk rise edge)        4.000     4.000 r  
    BC10                                              0.000     4.000 r  clk (IN)
                         net (fo=0)                   0.000     4.000    clk_IBUF_inst/I
    BC10                 INBUF (Prop_INBUF_HPIOB_M_PAD_O)
                                                      0.408     4.408 r  clk_IBUF_inst/INBUF_INST/O
                         net (fo=1, routed)           0.000     4.408    clk_IBUF_inst/OUT
    BC10                 IBUFCTRL (Prop_IBUFCTRL_HPIOB_M_I_O)
                                                      0.000     4.408 r  clk_IBUF_inst/IBUFCTRL_INST/O
                         net (fo=1, routed)           0.309     4.717    clk_IBUF
    BUFGCE_X0Y146        BUFGCE (Prop_BUFCE_BUFGCE_I_O)
                                                      0.024     4.741 r  clk_IBUF_BUFG_inst/O
    X4Y6 (CLOCK_ROOT)    net (fo=77622, routed)       1.097     5.838    SharedReg407_instance/clk
    SLICE_X128Y471       FDCE                                         r  SharedReg407_instance/Y_reg[20]/C
                         clock pessimism              0.310     6.148    
                         clock uncertainty           -0.035     6.113    
    SLICE_X128Y471       FDCE (Setup_HFF_SLICEM_C_D)
                                                      0.025     6.138    SharedReg407_instance/Y_reg[20]
  -------------------------------------------------------------------
                         required time                          6.138    
                         arrival time                          -5.927    
  -------------------------------------------------------------------
                         slack                                  0.211    




