Copyright 1986-2018 Xilinx, Inc. All Rights Reserved.
-----------------------------------------------------------------------------------------------------------------------------------------------------------------------------------------------------------------------
| Tool Version      : Vivado v.2018.1 (lin64) Build 2188600 Wed Apr  4 18:39:19 MDT 2018
| Date              : Wed Dec  1 03:31:57 2021
| Host              : animal.digi.e-technik.uni-kassel.de running 64-bit AlmaLinux release 8.4 (Electric Cheetah)
| Command           : report_timing -file /home/nfiege/Repositories/origami/vhdl/ratII/synth/mat_inv/UniformILPNew/mat_inv_UniformILPNew_8_wrapper_ultrascale2_250/implementedSystem_toplevel_wrapper_timing_synth.rpt
| Design            : implementedSystem_toplevel_wrapper
| Device            : xcvu13p-fhga2104
| Speed File        : -2  PRODUCTION 1.19 03-17-2018
| Temperature Grade : E
-----------------------------------------------------------------------------------------------------------------------------------------------------------------------------------------------------------------------

Timing Report

Slack (MET) :             0.000ns  (required time - arrival time)
  Source:                 DUT/ModCount131_instance/count_reg[3]/C
                            (rising edge-triggered cell FDCE clocked by clk  {rise@0.000ns fall@2.000ns period=4.000ns})
  Destination:            DUT/Delay1No115_instance/Y_reg[31]/D
                            (rising edge-triggered cell FDCE clocked by clk  {rise@0.000ns fall@2.000ns period=4.000ns})
  Path Group:             clk
  Path Type:              Setup (Max at Slow Process Corner)
  Requirement:            4.000ns  (clk rise@4.000ns - clk rise@0.000ns)
  Data Path Delay:        3.924ns  (logic 0.153ns (3.899%)  route 3.771ns (96.101%))
  Logic Levels:           1  (MUXF7=1)
  Clock Path Skew:        -0.066ns (DCD - SCD + CPR)
    Destination Clock Delay (DCD):    2.585ns = ( 6.585 - 4.000 ) 
    Source Clock Delay      (SCD):    3.027ns
    Clock Pessimism Removal (CPR):    0.376ns
  Clock Uncertainty:      0.035ns  ((TSJ^2 + TIJ^2)^1/2 + DJ) / 2 + PE
    Total System Jitter     (TSJ):    0.071ns
    Total Input Jitter      (TIJ):    0.000ns
    Discrete Jitter          (DJ):    0.000ns
    Phase Error              (PE):    0.000ns
  Clock Net Delay (Source):      2.069ns (routing 0.921ns, distribution 1.148ns)
  Clock Net Delay (Destination): 1.918ns (routing 0.836ns, distribution 1.082ns)

    Location             Delay type                Incr(ns)  Path(ns)    Netlist Resource(s)
  -------------------------------------------------------------------    -------------------
                         (clock clk rise edge)        0.000     0.000 r  
    AV14                                              0.000     0.000 r  clk (IN)
                         net (fo=0)                   0.000     0.000    clk_IBUF_inst/I
    AV14                 INBUF (Prop_INBUF_HPIOB_M_PAD_O)
                                                      0.607     0.607 r  clk_IBUF_inst/INBUF_INST/O
                         net (fo=1, routed)           0.000     0.607    clk_IBUF_inst/OUT
    AV14                 IBUFCTRL (Prop_IBUFCTRL_HPIOB_M_I_O)
                                                      0.000     0.607 r  clk_IBUF_inst/IBUFCTRL_INST/O
                         net (fo=1, routed)           0.323     0.930    clk_IBUF
    BUFGCE_X0Y170        BUFGCE (Prop_BUFCE_BUFGCE_I_O)
                                                      0.028     0.958 r  clk_IBUF_BUFG_inst/O
    X4Y5 (CLOCK_ROOT)    net (fo=176139, routed)      2.069     3.027    DUT/ModCount131_instance/clk_IBUF_BUFG
    SLICE_X102Y337       FDCE                                         r  DUT/ModCount131_instance/count_reg[3]/C
  -------------------------------------------------------------------    -------------------
    SLICE_X102Y337       FDCE (Prop_EFF_SLICEM_C_Q)
                                                      0.076     3.103 r  DUT/ModCount131_instance/count_reg[3]/Q
                         net (fo=9897, routed)        3.739     6.842    DUT/MUX_Product510_1_impl_1_instance/count_reg[3][3]
    SLICE_X167Y411       MUXF7 (Prop_F7MUX_CD_SLICEM_S_O)
                                                      0.077     6.919 r  DUT/MUX_Product510_1_impl_1_instance/Y_reg[31]_i_1/O
                         net (fo=1, routed)           0.032     6.951    DUT/Delay1No115_instance/D[31]
    SLICE_X167Y411       FDCE                                         r  DUT/Delay1No115_instance/Y_reg[31]/D
  -------------------------------------------------------------------    -------------------

                         (clock clk rise edge)        4.000     4.000 r  
    AV14                                              0.000     4.000 r  clk (IN)
                         net (fo=0)                   0.000     4.000    clk_IBUF_inst/I
    AV14                 INBUF (Prop_INBUF_HPIOB_M_PAD_O)
                                                      0.356     4.356 r  clk_IBUF_inst/INBUF_INST/O
                         net (fo=1, routed)           0.000     4.356    clk_IBUF_inst/OUT
    AV14                 IBUFCTRL (Prop_IBUFCTRL_HPIOB_M_I_O)
                                                      0.000     4.356 r  clk_IBUF_inst/IBUFCTRL_INST/O
                         net (fo=1, routed)           0.287     4.643    clk_IBUF
    BUFGCE_X0Y170        BUFGCE (Prop_BUFCE_BUFGCE_I_O)
                                                      0.024     4.667 r  clk_IBUF_BUFG_inst/O
    X4Y5 (CLOCK_ROOT)    net (fo=176139, routed)      1.918     6.585    DUT/Delay1No115_instance/clk_IBUF_BUFG
    SLICE_X167Y411       FDCE                                         r  DUT/Delay1No115_instance/Y_reg[31]/C
                         clock pessimism              0.376     6.961    
                         clock uncertainty           -0.035     6.926    
    SLICE_X167Y411       FDCE (Setup_DFF_SLICEM_C_D)
                                                      0.025     6.951    DUT/Delay1No115_instance/Y_reg[31]
  -------------------------------------------------------------------
                         required time                          6.951    
                         arrival time                          -6.951    
  -------------------------------------------------------------------
                         slack                                  0.000    




