Copyright 1986-2018 Xilinx, Inc. All Rights Reserved.
------------------------------------------------------------------------------------------------------------------------------------------------------------------------------------------------
| Tool Version      : Vivado v.2018.1 (lin64) Build 2188600 Wed Apr  4 18:39:19 MDT 2018
| Date              : Wed Dec  9 02:16:25 2020
| Host              : animal.digi.e-technik.uni-kassel.de running 64-bit CentOS Linux release 7.8.2003 (Core)
| Command           : report_timing -file /home/nfiege/Repositories/origami/vhdl/ratII/synth/fir_SAM/NonUniformILP/fir_SAM_NonUniformILP_127_ultrascale2_250/implementedSystem_timing_synth.rpt
| Design            : implementedSystem_toplevel
| Device            : xcvu13p-fhga2104
| Speed File        : -2  PRODUCTION 1.19 03-17-2018
| Temperature Grade : E
------------------------------------------------------------------------------------------------------------------------------------------------------------------------------------------------

Timing Report

Slack (MET) :             0.367ns  (required time - arrival time)
  Source:                 Delay149No2_instance/s3_reg_c_rep__11/C
                            (rising edge-triggered cell FDCE clocked by clk  {rise@0.000ns fall@2.000ns period=4.000ns})
  Destination:            SharedReg715_instance/Y_reg[3]/D
                            (rising edge-triggered cell FDCE clocked by clk  {rise@0.000ns fall@2.000ns period=4.000ns})
  Path Group:             clk
  Path Type:              Setup (Max at Slow Process Corner)
  Requirement:            4.000ns  (clk rise@4.000ns - clk rise@0.000ns)
  Data Path Delay:        3.496ns  (logic 0.176ns (5.034%)  route 3.320ns (94.966%))
  Logic Levels:           1  (LUT2=1)
  Clock Path Skew:        -0.127ns (DCD - SCD + CPR)
    Destination Clock Delay (DCD):    2.901ns = ( 6.901 - 4.000 ) 
    Source Clock Delay      (SCD):    3.385ns
    Clock Pessimism Removal (CPR):    0.357ns
  Clock Uncertainty:      0.035ns  ((TSJ^2 + TIJ^2)^1/2 + DJ) / 2 + PE
    Total System Jitter     (TSJ):    0.071ns
    Total Input Jitter      (TIJ):    0.000ns
    Discrete Jitter          (DJ):    0.000ns
    Phase Error              (PE):    0.000ns
  Clock Net Delay (Source):      2.354ns (routing 0.711ns, distribution 1.643ns)
  Clock Net Delay (Destination): 2.162ns (routing 0.646ns, distribution 1.516ns)

    Location             Delay type                Incr(ns)  Path(ns)    Netlist Resource(s)
  -------------------------------------------------------------------    -------------------
                         (clock clk rise edge)        0.000     0.000 r  
    BB9                                               0.000     0.000 r  clk (IN)
                         net (fo=0)                   0.000     0.000    clk_IBUF_inst/I
    BB9                  INBUF (Prop_INBUF_HPIOB_M_PAD_O)
                                                      0.668     0.668 r  clk_IBUF_inst/INBUF_INST/O
                         net (fo=1, routed)           0.000     0.668    clk_IBUF_inst/OUT
    BB9                  IBUFCTRL (Prop_IBUFCTRL_HPIOB_M_I_O)
                                                      0.000     0.668 r  clk_IBUF_inst/IBUFCTRL_INST/O
                         net (fo=1, routed)           0.335     1.003    clk_IBUF
    BUFGCE_X0Y146        BUFGCE (Prop_BUFCE_BUFGCE_I_O)
                                                      0.028     1.031 r  clk_IBUF_BUFG_inst/O
    X4Y5 (CLOCK_ROOT)    net (fo=78458, routed)       2.354     3.385    Delay149No2_instance/clk_IBUF_BUFG
    SLICE_X145Y452       FDCE                                         r  Delay149No2_instance/s3_reg_c_rep__11/C
  -------------------------------------------------------------------    -------------------
    SLICE_X145Y452       FDCE (Prop_EFF_SLICEM_C_Q)
                                                      0.076     3.461 r  Delay149No2_instance/s3_reg_c_rep__11/Q
                         net (fo=125, routed)         3.267     6.728    SharedReg715_instance/s3_reg_c_rep__11
    SLICE_X150Y297       LUT2 (Prop_A6LUT_SLICEM_I1_O)
                                                      0.100     6.828 r  SharedReg715_instance/s3_reg_gate__29/O
                         net (fo=1, routed)           0.053     6.881    SharedReg715_instance/s3_reg_gate__29_n_0
    SLICE_X150Y297       FDCE                                         r  SharedReg715_instance/Y_reg[3]/D
  -------------------------------------------------------------------    -------------------

                         (clock clk rise edge)        4.000     4.000 r  
    BB9                                               0.000     4.000 r  clk (IN)
                         net (fo=0)                   0.000     4.000    clk_IBUF_inst/I
    BB9                  INBUF (Prop_INBUF_HPIOB_M_PAD_O)
                                                      0.417     4.417 r  clk_IBUF_inst/INBUF_INST/O
                         net (fo=1, routed)           0.000     4.417    clk_IBUF_inst/OUT
    BB9                  IBUFCTRL (Prop_IBUFCTRL_HPIOB_M_I_O)
                                                      0.000     4.417 r  clk_IBUF_inst/IBUFCTRL_INST/O
                         net (fo=1, routed)           0.298     4.715    clk_IBUF
    BUFGCE_X0Y146        BUFGCE (Prop_BUFCE_BUFGCE_I_O)
                                                      0.024     4.739 r  clk_IBUF_BUFG_inst/O
    X4Y5 (CLOCK_ROOT)    net (fo=78458, routed)       2.162     6.901    SharedReg715_instance/clk_IBUF_BUFG
    SLICE_X150Y297       FDCE                                         r  SharedReg715_instance/Y_reg[3]/C
                         clock pessimism              0.357     7.258    
                         clock uncertainty           -0.035     7.223    
    SLICE_X150Y297       FDCE (Setup_AFF_SLICEM_C_D)
                                                      0.025     7.248    SharedReg715_instance/Y_reg[3]
  -------------------------------------------------------------------
                         required time                          7.248    
                         arrival time                          -6.881    
  -------------------------------------------------------------------
                         slack                                  0.367    




