Copyright 1986-2018 Xilinx, Inc. All Rights Reserved.
------------------------------------------------------------------------------------------------------------------------------------------------------------------------------------------------
| Tool Version      : Vivado v.2018.1 (lin64) Build 2188600 Wed Apr  4 18:39:19 MDT 2018
| Date              : Tue Dec  8 15:38:40 2020
| Host              : animal.digi.e-technik.uni-kassel.de running 64-bit CentOS Linux release 7.8.2003 (Core)
| Command           : report_timing -file /home/nfiege/Repositories/origami/vhdl/ratII/synth/fir_SAM/NonUniformILP/fir_SAM_NonUniformILP_105_ultrascale2_250/implementedSystem_timing_synth.rpt
| Design            : implementedSystem_toplevel
| Device            : xcvu13p-fhga2104
| Speed File        : -2  PRODUCTION 1.19 03-17-2018
| Temperature Grade : E
------------------------------------------------------------------------------------------------------------------------------------------------------------------------------------------------

Timing Report

Slack (MET) :             0.297ns  (required time - arrival time)
  Source:                 SharedReg823_instance/s4_reg_c_rep__7/C
                            (rising edge-triggered cell FDCE clocked by clk  {rise@0.000ns fall@2.000ns period=4.000ns})
  Destination:            SharedReg712_instance/Y_reg[22]/D
                            (rising edge-triggered cell FDCE clocked by clk  {rise@0.000ns fall@2.000ns period=4.000ns})
  Path Group:             clk
  Path Type:              Setup (Max at Slow Process Corner)
  Requirement:            4.000ns  (clk rise@4.000ns - clk rise@0.000ns)
  Data Path Delay:        3.561ns  (logic 0.169ns (4.746%)  route 3.392ns (95.254%))
  Logic Levels:           1  (LUT2=1)
  Clock Path Skew:        -0.132ns (DCD - SCD + CPR)
    Destination Clock Delay (DCD):    2.764ns = ( 6.764 - 4.000 ) 
    Source Clock Delay      (SCD):    3.258ns
    Clock Pessimism Removal (CPR):    0.362ns
  Clock Uncertainty:      0.035ns  ((TSJ^2 + TIJ^2)^1/2 + DJ) / 2 + PE
    Total System Jitter     (TSJ):    0.071ns
    Total Input Jitter      (TIJ):    0.000ns
    Discrete Jitter          (DJ):    0.000ns
    Phase Error              (PE):    0.000ns
  Clock Net Delay (Source):      2.307ns (routing 0.783ns, distribution 1.524ns)
  Clock Net Delay (Destination): 2.104ns (routing 0.712ns, distribution 1.392ns)

    Location             Delay type                Incr(ns)  Path(ns)    Netlist Resource(s)
  -------------------------------------------------------------------    -------------------
                         (clock clk rise edge)        0.000     0.000 r  
    AU14                                              0.000     0.000 r  clk (IN)
                         net (fo=0)                   0.000     0.000    clk_IBUF_inst/I
    AU14                 INBUF (Prop_INBUF_HPIOB_M_PAD_O)
                                                      0.600     0.600 r  clk_IBUF_inst/INBUF_INST/O
                         net (fo=1, routed)           0.000     0.600    clk_IBUF_inst/OUT
    AU14                 IBUFCTRL (Prop_IBUFCTRL_HPIOB_M_I_O)
                                                      0.000     0.600 r  clk_IBUF_inst/IBUFCTRL_INST/O
                         net (fo=1, routed)           0.323     0.923    clk_IBUF
    BUFGCE_X0Y170        BUFGCE (Prop_BUFCE_BUFGCE_I_O)
                                                      0.028     0.951 r  clk_IBUF_BUFG_inst/O
    X4Y9 (CLOCK_ROOT)    net (fo=89030, routed)       2.307     3.258    SharedReg823_instance/clk
    SLR Crossing[1->2]   
    SLICE_X116Y535       FDCE                                         r  SharedReg823_instance/s4_reg_c_rep__7/C
  -------------------------------------------------------------------    -------------------
    SLICE_X116Y535       FDCE (Prop_FFF_SLICEL_C_Q)
                                                      0.079     3.337 r  SharedReg823_instance/s4_reg_c_rep__7/Q
                         net (fo=121, routed)         3.341     6.678    SharedReg712_instance/s4_reg_c_rep__7
    SLICE_X155Y601       LUT2 (Prop_H6LUT_SLICEL_I1_O)
                                                      0.090     6.768 r  SharedReg712_instance/s4_reg_gate__10/O
                         net (fo=1, routed)           0.051     6.819    SharedReg712_instance/s4_reg_gate__10_n_0
    SLICE_X155Y601       FDCE                                         r  SharedReg712_instance/Y_reg[22]/D
  -------------------------------------------------------------------    -------------------

                         (clock clk rise edge)        4.000     4.000 r  
    AU14                                              0.000     4.000 r  clk (IN)
                         net (fo=0)                   0.000     4.000    clk_IBUF_inst/I
    AU14                 INBUF (Prop_INBUF_HPIOB_M_PAD_O)
                                                      0.349     4.349 r  clk_IBUF_inst/INBUF_INST/O
                         net (fo=1, routed)           0.000     4.349    clk_IBUF_inst/OUT
    AU14                 IBUFCTRL (Prop_IBUFCTRL_HPIOB_M_I_O)
                                                      0.000     4.349 r  clk_IBUF_inst/IBUFCTRL_INST/O
                         net (fo=1, routed)           0.287     4.636    clk_IBUF
    BUFGCE_X0Y170        BUFGCE (Prop_BUFCE_BUFGCE_I_O)
                                                      0.024     4.660 r  clk_IBUF_BUFG_inst/O
    X4Y9 (CLOCK_ROOT)    net (fo=89030, routed)       2.104     6.764    SharedReg712_instance/clk
    SLR Crossing[1->2]   
    SLICE_X155Y601       FDCE                                         r  SharedReg712_instance/Y_reg[22]/C
                         clock pessimism              0.362     7.126    
                         clock uncertainty           -0.035     7.091    
    SLICE_X155Y601       FDCE (Setup_HFF_SLICEL_C_D)
                                                      0.025     7.116    SharedReg712_instance/Y_reg[22]
  -------------------------------------------------------------------
                         required time                          7.116    
                         arrival time                          -6.819    
  -------------------------------------------------------------------
                         slack                                  0.297    




