Copyright 1986-2018 Xilinx, Inc. All Rights Reserved.
-----------------------------------------------------------------------------------------------------------------------------------------------------------------------------------------------
| Tool Version      : Vivado v.2018.1 (lin64) Build 2188600 Wed Apr  4 18:39:19 MDT 2018
| Date              : Mon Dec  7 02:47:53 2020
| Host              : animal.digi.e-technik.uni-kassel.de running 64-bit CentOS Linux release 7.8.2003 (Core)
| Command           : report_timing -file /home/nfiege/Repositories/origami/vhdl/ratII/synth/fir_SAM/NonUniformILP/fir_SAM_NonUniformILP_78_ultrascale2_250/implementedSystem_timing_synth.rpt
| Design            : implementedSystem_toplevel
| Device            : xcvu13p-fhga2104
| Speed File        : -2  PRODUCTION 1.19 03-17-2018
| Temperature Grade : E
-----------------------------------------------------------------------------------------------------------------------------------------------------------------------------------------------

Timing Report

Slack (MET) :             0.333ns  (required time - arrival time)
  Source:                 ModCount151_instance/count_reg[3]_rep__2/C
                            (rising edge-triggered cell FDCE clocked by clk  {rise@0.000ns fall@2.000ns period=4.000ns})
  Destination:            Delay1No17_instance/Y_reg[9]/D
                            (rising edge-triggered cell FDCE clocked by clk  {rise@0.000ns fall@2.000ns period=4.000ns})
  Path Group:             clk
  Path Type:              Setup (Max at Slow Process Corner)
  Requirement:            4.000ns  (clk rise@4.000ns - clk rise@0.000ns)
  Data Path Delay:        3.483ns  (logic 0.175ns (5.024%)  route 3.308ns (94.976%))
  Logic Levels:           1  (LUT5=1)
  Clock Path Skew:        -0.174ns (DCD - SCD + CPR)
    Destination Clock Delay (DCD):    3.170ns = ( 7.170 - 4.000 ) 
    Source Clock Delay      (SCD):    3.852ns
    Clock Pessimism Removal (CPR):    0.509ns
  Clock Uncertainty:      0.035ns  ((TSJ^2 + TIJ^2)^1/2 + DJ) / 2 + PE
    Total System Jitter     (TSJ):    0.071ns
    Total Input Jitter      (TIJ):    0.000ns
    Discrete Jitter          (DJ):    0.000ns
    Phase Error              (PE):    0.000ns
  Clock Net Delay (Source):      2.915ns (routing 1.832ns, distribution 1.083ns)
  Clock Net Delay (Destination): 2.523ns (routing 1.663ns, distribution 0.860ns)

    Location             Delay type                Incr(ns)  Path(ns)    Netlist Resource(s)
  -------------------------------------------------------------------    -------------------
                         (clock clk rise edge)        0.000     0.000 r  
    AR14                                              0.000     0.000 r  clk (IN)
                         net (fo=0)                   0.000     0.000    clk_IBUF_inst/I
    AR14                 INBUF (Prop_INBUF_HPIOB_M_PAD_O)
                                                      0.586     0.586 r  clk_IBUF_inst/INBUF_INST/O
                         net (fo=1, routed)           0.000     0.586    clk_IBUF_inst/OUT
    AR14                 IBUFCTRL (Prop_IBUFCTRL_HPIOB_M_I_O)
                                                      0.000     0.586 r  clk_IBUF_inst/IBUFCTRL_INST/O
                         net (fo=1, routed)           0.323     0.909    clk_IBUF
    BUFGCE_X0Y170        BUFGCE (Prop_BUFCE_BUFGCE_I_O)
                                                      0.028     0.937 r  clk_IBUF_BUFG_inst/O
    X3Y2 (CLOCK_ROOT)    net (fo=23492, routed)       2.915     3.852    ModCount151_instance/clk_IBUF_BUFG
    SLR Crossing[1->0]   
    SLICE_X115Y134       FDCE                                         r  ModCount151_instance/count_reg[3]_rep__2/C
  -------------------------------------------------------------------    -------------------
    SLICE_X115Y134       FDCE (Prop_EFF_SLICEM_C_Q)
                                                      0.076     3.928 r  ModCount151_instance/count_reg[3]_rep__2/Q
                         net (fo=101, routed)         3.259     7.187    ModCount151_instance/count_reg[3]_rep__2_n_0
    SLICE_X98Y141        LUT5 (Prop_D6LUT_SLICEL_I1_O)
                                                      0.099     7.286 r  ModCount151_instance/Y[9]_i_1__2/O
                         net (fo=1, routed)           0.049     7.335    Delay1No17_instance/count_reg[3]_rep__2[9]
    SLICE_X98Y141        FDCE                                         r  Delay1No17_instance/Y_reg[9]/D
  -------------------------------------------------------------------    -------------------

                         (clock clk rise edge)        4.000     4.000 r  
    AR14                                              0.000     4.000 r  clk (IN)
                         net (fo=0)                   0.000     4.000    clk_IBUF_inst/I
    AR14                 INBUF (Prop_INBUF_HPIOB_M_PAD_O)
                                                      0.336     4.336 r  clk_IBUF_inst/INBUF_INST/O
                         net (fo=1, routed)           0.000     4.336    clk_IBUF_inst/OUT
    AR14                 IBUFCTRL (Prop_IBUFCTRL_HPIOB_M_I_O)
                                                      0.000     4.336 r  clk_IBUF_inst/IBUFCTRL_INST/O
                         net (fo=1, routed)           0.287     4.623    clk_IBUF
    BUFGCE_X0Y170        BUFGCE (Prop_BUFCE_BUFGCE_I_O)
                                                      0.024     4.647 r  clk_IBUF_BUFG_inst/O
    X3Y2 (CLOCK_ROOT)    net (fo=23492, routed)       2.523     7.170    Delay1No17_instance/clk_IBUF_BUFG
    SLR Crossing[1->0]   
    SLICE_X98Y141        FDCE                                         r  Delay1No17_instance/Y_reg[9]/C
                         clock pessimism              0.509     7.678    
                         clock uncertainty           -0.035     7.643    
    SLICE_X98Y141        FDCE (Setup_DFF_SLICEL_C_D)
                                                      0.025     7.668    Delay1No17_instance/Y_reg[9]
  -------------------------------------------------------------------
                         required time                          7.668    
                         arrival time                          -7.335    
  -------------------------------------------------------------------
                         slack                                  0.333    




