Copyright 1986-2018 Xilinx, Inc. All Rights Reserved.
------------------------------------------------------------------------------------------------------------------------------------------------------------------------------------------------
| Tool Version      : Vivado v.2018.1 (lin64) Build 2188600 Wed Apr  4 18:39:19 MDT 2018
| Date              : Wed Dec  9 20:37:05 2020
| Host              : animal.digi.e-technik.uni-kassel.de running 64-bit CentOS Linux release 7.8.2003 (Core)
| Command           : report_timing -file /home/nfiege/Repositories/origami/vhdl/ratII/synth/fir_SAM/NonUniformILP/fir_SAM_NonUniformILP_419_ultrascale2_250/implementedSystem_timing_synth.rpt
| Design            : implementedSystem_toplevel
| Device            : xcvu13p-fhga2104
| Speed File        : -2  PRODUCTION 1.19 03-17-2018
| Temperature Grade : E
------------------------------------------------------------------------------------------------------------------------------------------------------------------------------------------------

Timing Report

Slack (MET) :             0.205ns  (required time - arrival time)
  Source:                 Delay129No3_instance/s14_reg_c/C
                            (rising edge-triggered cell FDCE clocked by clk  {rise@0.000ns fall@2.000ns period=4.000ns})
  Destination:            SharedReg122_instance/Y_reg[32]/D
                            (rising edge-triggered cell FDCE clocked by clk  {rise@0.000ns fall@2.000ns period=4.000ns})
  Path Group:             clk
  Path Type:              Setup (Max at Slow Process Corner)
  Requirement:            4.000ns  (clk rise@4.000ns - clk rise@0.000ns)
  Data Path Delay:        3.704ns  (logic 0.169ns (4.563%)  route 3.535ns (95.437%))
  Logic Levels:           1  (LUT2=1)
  Clock Path Skew:        -0.081ns (DCD - SCD + CPR)
    Destination Clock Delay (DCD):    2.667ns = ( 6.667 - 4.000 ) 
    Source Clock Delay      (SCD):    3.201ns
    Clock Pessimism Removal (CPR):    0.453ns
  Clock Uncertainty:      0.035ns  ((TSJ^2 + TIJ^2)^1/2 + DJ) / 2 + PE
    Total System Jitter     (TSJ):    0.071ns
    Total Input Jitter      (TIJ):    0.000ns
    Discrete Jitter          (DJ):    0.000ns
    Phase Error              (PE):    0.000ns
  Clock Net Delay (Source):      2.250ns (routing 1.147ns, distribution 1.103ns)
  Clock Net Delay (Destination): 2.007ns (routing 1.043ns, distribution 0.964ns)

    Location             Delay type                Incr(ns)  Path(ns)    Netlist Resource(s)
  -------------------------------------------------------------------    -------------------
                         (clock clk rise edge)        0.000     0.000 r  
    AU14                                              0.000     0.000 r  clk (IN)
                         net (fo=0)                   0.000     0.000    clk_IBUF_inst/I
    AU14                 INBUF (Prop_INBUF_HPIOB_M_PAD_O)
                                                      0.600     0.600 r  clk_IBUF_inst/INBUF_INST/O
                         net (fo=1, routed)           0.000     0.600    clk_IBUF_inst/OUT
    AU14                 IBUFCTRL (Prop_IBUFCTRL_HPIOB_M_I_O)
                                                      0.000     0.600 r  clk_IBUF_inst/IBUFCTRL_INST/O
                         net (fo=1, routed)           0.323     0.923    clk_IBUF
    BUFGCE_X0Y170        BUFGCE (Prop_BUFCE_BUFGCE_I_O)
                                                      0.028     0.951 r  clk_IBUF_BUFG_inst/O
    X5Y5 (CLOCK_ROOT)    net (fo=65292, routed)       2.250     3.201    Delay129No3_instance/clk_IBUF_BUFG
    SLICE_X165Y437       FDCE                                         r  Delay129No3_instance/s14_reg_c/C
  -------------------------------------------------------------------    -------------------
    SLICE_X165Y437       FDCE (Prop_EFF_SLICEL_C_Q)
                                                      0.079     3.280 r  Delay129No3_instance/s14_reg_c/Q
                         net (fo=106, routed)         3.486     6.766    SharedReg122_instance/s14_reg_c
    SLICE_X144Y444       LUT2 (Prop_B6LUT_SLICEL_I1_O)
                                                      0.090     6.856 r  SharedReg122_instance/s14_reg_gate__0/O
                         net (fo=1, routed)           0.049     6.905    SharedReg122_instance/s14_reg_gate__0_n_0
    SLICE_X144Y444       FDCE                                         r  SharedReg122_instance/Y_reg[32]/D
  -------------------------------------------------------------------    -------------------

                         (clock clk rise edge)        4.000     4.000 r  
    AU14                                              0.000     4.000 r  clk (IN)
                         net (fo=0)                   0.000     4.000    clk_IBUF_inst/I
    AU14                 INBUF (Prop_INBUF_HPIOB_M_PAD_O)
                                                      0.349     4.349 r  clk_IBUF_inst/INBUF_INST/O
                         net (fo=1, routed)           0.000     4.349    clk_IBUF_inst/OUT
    AU14                 IBUFCTRL (Prop_IBUFCTRL_HPIOB_M_I_O)
                                                      0.000     4.349 r  clk_IBUF_inst/IBUFCTRL_INST/O
                         net (fo=1, routed)           0.287     4.636    clk_IBUF
    BUFGCE_X0Y170        BUFGCE (Prop_BUFCE_BUFGCE_I_O)
                                                      0.024     4.660 r  clk_IBUF_BUFG_inst/O
    X5Y5 (CLOCK_ROOT)    net (fo=65292, routed)       2.007     6.667    SharedReg122_instance/clk_IBUF_BUFG
    SLICE_X144Y444       FDCE                                         r  SharedReg122_instance/Y_reg[32]/C
                         clock pessimism              0.453     7.121    
                         clock uncertainty           -0.035     7.085    
    SLICE_X144Y444       FDCE (Setup_BFF_SLICEL_C_D)
                                                      0.025     7.110    SharedReg122_instance/Y_reg[32]
  -------------------------------------------------------------------
                         required time                          7.110    
                         arrival time                          -6.905    
  -------------------------------------------------------------------
                         slack                                  0.205    




