Copyright 1986-2018 Xilinx, Inc. All Rights Reserved.
------------------------------------------------------------------------------------------------------------------------------------------------------------------------------------------------
| Tool Version      : Vivado v.2018.1 (lin64) Build 2188600 Wed Apr  4 18:39:19 MDT 2018
| Date              : Sat Aug 28 09:25:07 2021
| Host              : animal.digi.e-technik.uni-kassel.de running 64-bit AlmaLinux release 8.3 (Purple Manul)
| Command           : report_timing -file /home/nfiege/Repositories/origami/vhdl/ratII/synth/fir_SAM/UniformILPNew/fir_SAM_UniformILPNew_163_ultrascale2_250/implementedSystem_timing_synth.rpt
| Design            : implementedSystem_toplevel
| Device            : xcvu13p-fhga2104
| Speed File        : -2  PRODUCTION 1.19 03-17-2018
| Temperature Grade : E
------------------------------------------------------------------------------------------------------------------------------------------------------------------------------------------------

Timing Report

Slack (MET) :             0.296ns  (required time - arrival time)
  Source:                 SharedReg554_instance/s3_reg_c_rep__3/C
                            (rising edge-triggered cell FDCE clocked by clk  {rise@0.000ns fall@2.000ns period=4.000ns})
  Destination:            SharedReg135_instance/Y_reg[6]/D
                            (rising edge-triggered cell FDCE clocked by clk  {rise@0.000ns fall@2.000ns period=4.000ns})
  Path Group:             clk
  Path Type:              Setup (Max at Slow Process Corner)
  Requirement:            4.000ns  (clk rise@4.000ns - clk rise@0.000ns)
  Data Path Delay:        3.523ns  (logic 0.201ns (5.705%)  route 3.322ns (94.295%))
  Logic Levels:           1  (LUT2=1)
  Clock Path Skew:        -0.171ns (DCD - SCD + CPR)
    Destination Clock Delay (DCD):    2.632ns = ( 6.632 - 4.000 ) 
    Source Clock Delay      (SCD):    3.181ns
    Clock Pessimism Removal (CPR):    0.378ns
  Clock Uncertainty:      0.035ns  ((TSJ^2 + TIJ^2)^1/2 + DJ) / 2 + PE
    Total System Jitter     (TSJ):    0.071ns
    Total Input Jitter      (TIJ):    0.000ns
    Discrete Jitter          (DJ):    0.000ns
    Phase Error              (PE):    0.000ns
  Clock Net Delay (Source):      2.146ns (routing 0.937ns, distribution 1.209ns)
  Clock Net Delay (Destination): 1.891ns (routing 0.853ns, distribution 1.038ns)

    Location             Delay type                Incr(ns)  Path(ns)    Netlist Resource(s)
  -------------------------------------------------------------------    -------------------
                         (clock clk rise edge)        0.000     0.000 r  
    BC10                                              0.000     0.000 r  clk (IN)
                         net (fo=0)                   0.000     0.000    clk_IBUF_inst/I
    BC10                 INBUF (Prop_INBUF_HPIOB_M_PAD_O)
                                                      0.659     0.659 r  clk_IBUF_inst/INBUF_INST/O
                         net (fo=1, routed)           0.000     0.659    clk_IBUF_inst/OUT
    BC10                 IBUFCTRL (Prop_IBUFCTRL_HPIOB_M_I_O)
                                                      0.000     0.659 r  clk_IBUF_inst/IBUFCTRL_INST/O
                         net (fo=1, routed)           0.348     1.007    clk_IBUF
    BUFGCE_X0Y146        BUFGCE (Prop_BUFCE_BUFGCE_I_O)
                                                      0.028     1.035 r  clk_IBUF_BUFG_inst/O
    X5Y5 (CLOCK_ROOT)    net (fo=76674, routed)       2.146     3.181    SharedReg554_instance/clk_IBUF_BUFG
    SLICE_X196Y369       FDCE                                         r  SharedReg554_instance/s3_reg_c_rep__3/C
  -------------------------------------------------------------------    -------------------
    SLICE_X196Y369       FDCE (Prop_EFF_SLICEM_C_Q)
                                                      0.076     3.257 r  SharedReg554_instance/s3_reg_c_rep__3/Q
                         net (fo=125, routed)         3.263     6.520    SharedReg135_instance/s3_reg_c_rep__3
    SLICE_X197Y285       LUT2 (Prop_B6LUT_SLICEM_I1_O)
                                                      0.125     6.645 r  SharedReg135_instance/s3_reg_gate__26/O
                         net (fo=1, routed)           0.059     6.704    SharedReg135_instance/s3_reg_gate__26_n_0
    SLICE_X197Y285       FDCE                                         r  SharedReg135_instance/Y_reg[6]/D
  -------------------------------------------------------------------    -------------------

                         (clock clk rise edge)        4.000     4.000 r  
    BC10                                              0.000     4.000 r  clk (IN)
                         net (fo=0)                   0.000     4.000    clk_IBUF_inst/I
    BC10                 INBUF (Prop_INBUF_HPIOB_M_PAD_O)
                                                      0.408     4.408 r  clk_IBUF_inst/INBUF_INST/O
                         net (fo=1, routed)           0.000     4.408    clk_IBUF_inst/OUT
    BC10                 IBUFCTRL (Prop_IBUFCTRL_HPIOB_M_I_O)
                                                      0.000     4.408 r  clk_IBUF_inst/IBUFCTRL_INST/O
                         net (fo=1, routed)           0.309     4.717    clk_IBUF
    BUFGCE_X0Y146        BUFGCE (Prop_BUFCE_BUFGCE_I_O)
                                                      0.024     4.741 r  clk_IBUF_BUFG_inst/O
    X5Y5 (CLOCK_ROOT)    net (fo=76674, routed)       1.891     6.632    SharedReg135_instance/clk_IBUF_BUFG
    SLICE_X197Y285       FDCE                                         r  SharedReg135_instance/Y_reg[6]/C
                         clock pessimism              0.378     7.010    
                         clock uncertainty           -0.035     6.975    
    SLICE_X197Y285       FDCE (Setup_BFF_SLICEM_C_D)
                                                      0.025     7.000    SharedReg135_instance/Y_reg[6]
  -------------------------------------------------------------------
                         required time                          7.000    
                         arrival time                          -6.704    
  -------------------------------------------------------------------
                         slack                                  0.296    




