Copyright 1986-2018 Xilinx, Inc. All Rights Reserved.
------------------------------------------------------------------------------------------------------------------------------------------------------------------------------------------------
| Tool Version      : Vivado v.2018.1 (lin64) Build 2188600 Wed Apr  4 18:39:19 MDT 2018
| Date              : Sun Dec  6 14:04:03 2020
| Host              : animal.digi.e-technik.uni-kassel.de running 64-bit CentOS Linux release 7.8.2003 (Core)
| Command           : report_timing -file /home/nfiege/Repositories/origami/vhdl/ratII/synth/fir_SAM/NonUniformILP/fir_SAM_NonUniformILP_111_ultrascale2_250/implementedSystem_timing_synth.rpt
| Design            : implementedSystem_toplevel
| Device            : xcvu13p-fhga2104
| Speed File        : -2  PRODUCTION 1.19 03-17-2018
| Temperature Grade : E
------------------------------------------------------------------------------------------------------------------------------------------------------------------------------------------------

Timing Report

Slack (MET) :             0.322ns  (required time - arrival time)
  Source:                 SharedReg659_instance/s34_reg_c/C
                            (rising edge-triggered cell FDCE clocked by clk  {rise@0.000ns fall@2.000ns period=4.000ns})
  Destination:            SharedReg759_instance/Y_reg[14]/D
                            (rising edge-triggered cell FDCE clocked by clk  {rise@0.000ns fall@2.000ns period=4.000ns})
  Path Group:             clk
  Path Type:              Setup (Max at Slow Process Corner)
  Requirement:            4.000ns  (clk rise@4.000ns - clk rise@0.000ns)
  Data Path Delay:        3.502ns  (logic 0.202ns (5.768%)  route 3.300ns (94.232%))
  Logic Levels:           1  (LUT2=1)
  Clock Path Skew:        -0.166ns (DCD - SCD + CPR)
    Destination Clock Delay (DCD):    2.317ns = ( 6.317 - 4.000 ) 
    Source Clock Delay      (SCD):    2.810ns
    Clock Pessimism Removal (CPR):    0.327ns
  Clock Uncertainty:      0.035ns  ((TSJ^2 + TIJ^2)^1/2 + DJ) / 2 + PE
    Total System Jitter     (TSJ):    0.071ns
    Total Input Jitter      (TIJ):    0.000ns
    Discrete Jitter          (DJ):    0.000ns
    Phase Error              (PE):    0.000ns
  Clock Net Delay (Source):      1.775ns (routing 0.338ns, distribution 1.437ns)
  Clock Net Delay (Destination): 1.576ns (routing 0.309ns, distribution 1.267ns)

    Location             Delay type                Incr(ns)  Path(ns)    Netlist Resource(s)
  -------------------------------------------------------------------    -------------------
                         (clock clk rise edge)        0.000     0.000 r  
    BC10                                              0.000     0.000 r  clk (IN)
                         net (fo=0)                   0.000     0.000    clk_IBUF_inst/I
    BC10                 INBUF (Prop_INBUF_HPIOB_M_PAD_O)
                                                      0.659     0.659 r  clk_IBUF_inst/INBUF_INST/O
                         net (fo=1, routed)           0.000     0.659    clk_IBUF_inst/OUT
    BC10                 IBUFCTRL (Prop_IBUFCTRL_HPIOB_M_I_O)
                                                      0.000     0.659 r  clk_IBUF_inst/IBUFCTRL_INST/O
                         net (fo=1, routed)           0.348     1.007    clk_IBUF
    BUFGCE_X0Y146        BUFGCE (Prop_BUFCE_BUFGCE_I_O)
                                                      0.028     1.035 r  clk_IBUF_BUFG_inst/O
    X4Y6 (CLOCK_ROOT)    net (fo=92739, routed)       1.775     2.810    SharedReg659_instance/clk_IBUF_BUFG
    SLICE_X142Y371       FDCE                                         r  SharedReg659_instance/s34_reg_c/C
  -------------------------------------------------------------------    -------------------
    SLICE_X142Y371       FDCE (Prop_HFF2_SLICEM_C_Q)
                                                      0.078     2.888 r  SharedReg659_instance/s34_reg_c/Q
                         net (fo=90, routed)          3.251     6.139    SharedReg759_instance/s34_reg_c
    SLICE_X130Y277       LUT2 (Prop_B6LUT_SLICEL_I1_O)
                                                      0.124     6.263 r  SharedReg759_instance/s34_reg_gate__18/O
                         net (fo=1, routed)           0.049     6.312    SharedReg759_instance/s34_reg_gate__18_n_0
    SLICE_X130Y277       FDCE                                         r  SharedReg759_instance/Y_reg[14]/D
  -------------------------------------------------------------------    -------------------

                         (clock clk rise edge)        4.000     4.000 r  
    BC10                                              0.000     4.000 r  clk (IN)
                         net (fo=0)                   0.000     4.000    clk_IBUF_inst/I
    BC10                 INBUF (Prop_INBUF_HPIOB_M_PAD_O)
                                                      0.408     4.408 r  clk_IBUF_inst/INBUF_INST/O
                         net (fo=1, routed)           0.000     4.408    clk_IBUF_inst/OUT
    BC10                 IBUFCTRL (Prop_IBUFCTRL_HPIOB_M_I_O)
                                                      0.000     4.408 r  clk_IBUF_inst/IBUFCTRL_INST/O
                         net (fo=1, routed)           0.309     4.717    clk_IBUF
    BUFGCE_X0Y146        BUFGCE (Prop_BUFCE_BUFGCE_I_O)
                                                      0.024     4.741 r  clk_IBUF_BUFG_inst/O
    X4Y6 (CLOCK_ROOT)    net (fo=92739, routed)       1.576     6.317    SharedReg759_instance/clk_IBUF_BUFG
    SLICE_X130Y277       FDCE                                         r  SharedReg759_instance/Y_reg[14]/C
                         clock pessimism              0.327     6.644    
                         clock uncertainty           -0.035     6.609    
    SLICE_X130Y277       FDCE (Setup_BFF_SLICEL_C_D)
                                                      0.025     6.634    SharedReg759_instance/Y_reg[14]
  -------------------------------------------------------------------
                         required time                          6.634    
                         arrival time                          -6.312    
  -------------------------------------------------------------------
                         slack                                  0.322    




