Copyright 1986-2018 Xilinx, Inc. All Rights Reserved.
-----------------------------------------------------------------------------------------------------------------------------------------------------------------------------------------------
| Tool Version      : Vivado v.2018.1 (lin64) Build 2188600 Wed Apr  4 18:39:19 MDT 2018
| Date              : Fri Apr 24 09:25:40 2020
| Host              : animal.digi.e-technik.uni-kassel.de running 64-bit CentOS Linux release 7.7.1908 (Core)
| Command           : report_timing -file /home/nfiege/Repositories/origami/vhdl/ratII/synth/fir_SHI/NonUniformILP/fir_SHI_NonUniformILP_47_ultrascale2_250/implementedSystem_timing_synth.rpt
| Design            : implementedSystem_toplevel
| Device            : xcvu13p-fhga2104
| Speed File        : -2  PRODUCTION 1.19 03-17-2018
| Temperature Grade : E
-----------------------------------------------------------------------------------------------------------------------------------------------------------------------------------------------

Timing Report

Slack (MET) :             0.656ns  (required time - arrival time)
  Source:                 Delay1No23_instance/Y_reg[16]/C
                            (rising edge-triggered cell FDCE clocked by clk  {rise@0.000ns fall@2.000ns period=4.000ns})
  Destination:            Sum13_2_impl_instance/FPAddSubOp_instance/shiftedFracY_d1_reg[33]/D
                            (rising edge-triggered cell FDRE clocked by clk  {rise@0.000ns fall@2.000ns period=4.000ns})
  Path Group:             clk
  Path Type:              Setup (Max at Slow Process Corner)
  Requirement:            4.000ns  (clk rise@4.000ns - clk rise@0.000ns)
  Data Path Delay:        3.284ns  (logic 0.951ns (28.959%)  route 2.333ns (71.041%))
  Logic Levels:           9  (CARRY8=2 LUT4=2 LUT5=2 LUT6=3)
  Clock Path Skew:        -0.050ns (DCD - SCD + CPR)
    Destination Clock Delay (DCD):    1.959ns = ( 5.959 - 4.000 ) 
    Source Clock Delay      (SCD):    2.390ns
    Clock Pessimism Removal (CPR):    0.381ns
  Clock Uncertainty:      0.035ns  ((TSJ^2 + TIJ^2)^1/2 + DJ) / 2 + PE
    Total System Jitter     (TSJ):    0.071ns
    Total Input Jitter      (TIJ):    0.000ns
    Discrete Jitter          (DJ):    0.000ns
    Phase Error              (PE):    0.000ns
  Clock Net Delay (Source):      1.439ns (routing 0.338ns, distribution 1.101ns)
  Clock Net Delay (Destination): 1.299ns (routing 0.309ns, distribution 0.990ns)

    Location             Delay type                Incr(ns)  Path(ns)    Netlist Resource(s)
  -------------------------------------------------------------------    -------------------
                         (clock clk rise edge)        0.000     0.000 r  
    AU14                                              0.000     0.000 r  clk (IN)
                         net (fo=0)                   0.000     0.000    clk_IBUF_inst/I
    AU14                 INBUF (Prop_INBUF_HPIOB_M_PAD_O)
                                                      0.600     0.600 r  clk_IBUF_inst/INBUF_INST/O
                         net (fo=1, routed)           0.000     0.600    clk_IBUF_inst/OUT
    AU14                 IBUFCTRL (Prop_IBUFCTRL_HPIOB_M_I_O)
                                                      0.000     0.600 r  clk_IBUF_inst/IBUFCTRL_INST/O
                         net (fo=1, routed)           0.323     0.923    clk_IBUF
    BUFGCE_X0Y170        BUFGCE (Prop_BUFCE_BUFGCE_I_O)
                                                      0.028     0.951 r  clk_IBUF_BUFG_inst/O
    X4Y7 (CLOCK_ROOT)    net (fo=9144, routed)        1.439     2.390    Delay1No23_instance/clk_IBUF_BUFG
    SLICE_X148Y451       FDCE                                         r  Delay1No23_instance/Y_reg[16]/C
  -------------------------------------------------------------------    -------------------
    SLICE_X148Y451       FDCE (Prop_CFF_SLICEL_C_Q)
                                                      0.079     2.469 r  Delay1No23_instance/Y_reg[16]/Q
                         net (fo=5, routed)           0.698     3.167    Delay1No22_instance/Delay1No23_out[16]
    SLICE_X143Y435       LUT4 (Prop_A6LUT_SLICEL_I1_O)
                                                      0.090     3.257 r  Delay1No22_instance/geqOp_carry__0_i_16__6/O
                         net (fo=1, routed)           0.009     3.266    Sum13_2_impl_instance/FPAddSubOp_instance/Y_reg[30]_0[0]
    SLICE_X143Y435       CARRY8 (Prop_CARRY8_SLICEL_S[0]_CO[7])
                                                      0.190     3.456 r  Sum13_2_impl_instance/FPAddSubOp_instance/geqOp_carry__0/CO[7]
                         net (fo=1, routed)           0.026     3.482    Sum13_2_impl_instance/FPAddSubOp_instance/geqOp_carry__0_n_0
    SLICE_X143Y436       CARRY8 (Prop_CARRY8_SLICEL_CI_CO[0])
                                                      0.052     3.534 r  Sum13_2_impl_instance/FPAddSubOp_instance/geqOp_carry__1/CO[0]
                         net (fo=73, routed)          0.276     3.810    Delay1No22_instance/CO[0]
    SLICE_X144Y437       LUT5 (Prop_C5LUT_SLICEL_I4_O)
                                                      0.136     3.946 r  Delay1No22_instance/shiftedFracY_d1[32]_i_16__6/O
                         net (fo=2, routed)           0.216     4.162    Delay1No22_instance/Sum13_2_impl_instance/FPAddSubOp_instance/expDiff__26[3]
    SLICE_X144Y436       LUT6 (Prop_H6LUT_SLICEL_I0_O)
                                                      0.124     4.286 r  Delay1No22_instance/shiftedFracY_d1[32]_i_9__6/O
                         net (fo=3, routed)           0.096     4.382    Delay1No22_instance/shiftedFracY_d1[32]_i_9__6_n_0
    SLICE_X144Y436       LUT5 (Prop_D6LUT_SLICEL_I3_O)
                                                      0.050     4.432 r  Delay1No22_instance/shiftedFracY_d1[12]_i_3__6/O
                         net (fo=34, routed)          0.457     4.889    Delay1No23_instance/shiftVal__5[0]
    SLICE_X143Y431       LUT6 (Prop_G6LUT_SLICEL_I2_O)
                                                      0.050     4.939 r  Delay1No23_instance/shiftedFracY_d1[9]_i_2__6/O
                         net (fo=4, routed)           0.333     5.272    Delay1No23_instance/Sum13_2_impl_instance/level2[10]
    SLICE_X146Y428       LUT6 (Prop_G6LUT_SLICEM_I5_O)
                                                      0.090     5.362 r  Delay1No23_instance/shiftedFracY_d1[33]_i_4__6/O
                         net (fo=2, routed)           0.169     5.531    Delay1No22_instance/Y_reg[26]_0[10]
    SLICE_X146Y429       LUT4 (Prop_A6LUT_SLICEM_I3_O)
                                                      0.090     5.621 r  Delay1No22_instance/shiftedFracY_d1[33]_i_1__6/O
                         net (fo=1, routed)           0.053     5.674    Sum13_2_impl_instance/FPAddSubOp_instance/D[22]
    SLICE_X146Y429       FDRE                                         r  Sum13_2_impl_instance/FPAddSubOp_instance/shiftedFracY_d1_reg[33]/D
  -------------------------------------------------------------------    -------------------

                         (clock clk rise edge)        4.000     4.000 r  
    AU14                                              0.000     4.000 r  clk (IN)
                         net (fo=0)                   0.000     4.000    clk_IBUF_inst/I
    AU14                 INBUF (Prop_INBUF_HPIOB_M_PAD_O)
                                                      0.349     4.349 r  clk_IBUF_inst/INBUF_INST/O
                         net (fo=1, routed)           0.000     4.349    clk_IBUF_inst/OUT
    AU14                 IBUFCTRL (Prop_IBUFCTRL_HPIOB_M_I_O)
                                                      0.000     4.349 r  clk_IBUF_inst/IBUFCTRL_INST/O
                         net (fo=1, routed)           0.287     4.636    clk_IBUF
    BUFGCE_X0Y170        BUFGCE (Prop_BUFCE_BUFGCE_I_O)
                                                      0.024     4.660 r  clk_IBUF_BUFG_inst/O
    X4Y7 (CLOCK_ROOT)    net (fo=9144, routed)        1.299     5.959    Sum13_2_impl_instance/FPAddSubOp_instance/clk_IBUF_BUFG
    SLICE_X146Y429       FDRE                                         r  Sum13_2_impl_instance/FPAddSubOp_instance/shiftedFracY_d1_reg[33]/C
                         clock pessimism              0.381     6.341    
                         clock uncertainty           -0.035     6.305    
    SLICE_X146Y429       FDRE (Setup_AFF_SLICEM_C_D)
                                                      0.025     6.330    Sum13_2_impl_instance/FPAddSubOp_instance/shiftedFracY_d1_reg[33]
  -------------------------------------------------------------------
                         required time                          6.330    
                         arrival time                          -5.674    
  -------------------------------------------------------------------
                         slack                                  0.656    




