Copyright 1986-2018 Xilinx, Inc. All Rights Reserved.
-----------------------------------------------------------------------------------------------------------------------------------------------------------------------------------------------
| Tool Version      : Vivado v.2018.1 (lin64) Build 2188600 Wed Apr  4 18:39:19 MDT 2018
| Date              : Sat Aug 28 09:02:55 2021
| Host              : animal.digi.e-technik.uni-kassel.de running 64-bit AlmaLinux release 8.3 (Purple Manul)
| Command           : report_timing -file /home/nfiege/Repositories/origami/vhdl/ratII/synth/fir_SAM/UniformILPNew/fir_SAM_UniformILPNew_88_ultrascale2_250/implementedSystem_timing_synth.rpt
| Design            : implementedSystem_toplevel
| Device            : xcvu13p-fhga2104
| Speed File        : -2  PRODUCTION 1.19 03-17-2018
| Temperature Grade : E
-----------------------------------------------------------------------------------------------------------------------------------------------------------------------------------------------

Timing Report

Slack (MET) :             0.308ns  (required time - arrival time)
  Source:                 SharedReg140_instance/s34_reg_c/C
                            (rising edge-triggered cell FDCE clocked by clk  {rise@0.000ns fall@2.000ns period=4.000ns})
  Destination:            SharedReg3_instance/Y_reg[32]/D
                            (rising edge-triggered cell FDCE clocked by clk  {rise@0.000ns fall@2.000ns period=4.000ns})
  Path Group:             clk
  Path Type:              Setup (Max at Slow Process Corner)
  Requirement:            4.000ns  (clk rise@4.000ns - clk rise@0.000ns)
  Data Path Delay:        3.535ns  (logic 0.227ns (6.421%)  route 3.308ns (93.578%))
  Logic Levels:           1  (LUT2=1)
  Clock Path Skew:        -0.147ns (DCD - SCD + CPR)
    Destination Clock Delay (DCD):    2.629ns = ( 6.629 - 4.000 ) 
    Source Clock Delay      (SCD):    3.190ns
    Clock Pessimism Removal (CPR):    0.415ns
  Clock Uncertainty:      0.035ns  ((TSJ^2 + TIJ^2)^1/2 + DJ) / 2 + PE
    Total System Jitter     (TSJ):    0.071ns
    Total Input Jitter      (TIJ):    0.000ns
    Discrete Jitter          (DJ):    0.000ns
    Phase Error              (PE):    0.000ns
  Clock Net Delay (Source):      2.253ns (routing 1.357ns, distribution 0.896ns)
  Clock Net Delay (Destination): 1.982ns (routing 1.233ns, distribution 0.749ns)

    Location             Delay type                Incr(ns)  Path(ns)    Netlist Resource(s)
  -------------------------------------------------------------------    -------------------
                         (clock clk rise edge)        0.000     0.000 r  
    AR14                                              0.000     0.000 r  clk (IN)
                         net (fo=0)                   0.000     0.000    clk_IBUF_inst/I
    AR14                 INBUF (Prop_INBUF_HPIOB_M_PAD_O)
                                                      0.586     0.586 r  clk_IBUF_inst/INBUF_INST/O
                         net (fo=1, routed)           0.000     0.586    clk_IBUF_inst/OUT
    AR14                 IBUFCTRL (Prop_IBUFCTRL_HPIOB_M_I_O)
                                                      0.000     0.586 r  clk_IBUF_inst/IBUFCTRL_INST/O
                         net (fo=1, routed)           0.323     0.909    clk_IBUF
    BUFGCE_X0Y170        BUFGCE (Prop_BUFCE_BUFGCE_I_O)
                                                      0.028     0.937 r  clk_IBUF_BUFG_inst/O
    X5Y4 (CLOCK_ROOT)    net (fo=20423, routed)       2.253     3.190    SharedReg140_instance/clk_IBUF_BUFG
    SLICE_X143Y281       FDCE                                         r  SharedReg140_instance/s34_reg_c/C
  -------------------------------------------------------------------    -------------------
    SLICE_X143Y281       FDCE (Prop_EFF2_SLICEL_C_Q)
                                                      0.081     3.271 r  SharedReg140_instance/s34_reg_c/Q
                         net (fo=137, routed)         3.259     6.530    SharedReg3_instance/s34_reg_c
    SLICE_X147Y315       LUT2 (Prop_D6LUT_SLICEL_I1_O)
                                                      0.146     6.676 r  SharedReg3_instance/s34_reg_gate__0/O
                         net (fo=1, routed)           0.049     6.725    SharedReg3_instance/s34_reg_gate__0_n_0
    SLICE_X147Y315       FDCE                                         r  SharedReg3_instance/Y_reg[32]/D
  -------------------------------------------------------------------    -------------------

                         (clock clk rise edge)        4.000     4.000 r  
    AR14                                              0.000     4.000 r  clk (IN)
                         net (fo=0)                   0.000     4.000    clk_IBUF_inst/I
    AR14                 INBUF (Prop_INBUF_HPIOB_M_PAD_O)
                                                      0.336     4.336 r  clk_IBUF_inst/INBUF_INST/O
                         net (fo=1, routed)           0.000     4.336    clk_IBUF_inst/OUT
    AR14                 IBUFCTRL (Prop_IBUFCTRL_HPIOB_M_I_O)
                                                      0.000     4.336 r  clk_IBUF_inst/IBUFCTRL_INST/O
                         net (fo=1, routed)           0.287     4.623    clk_IBUF
    BUFGCE_X0Y170        BUFGCE (Prop_BUFCE_BUFGCE_I_O)
                                                      0.024     4.647 r  clk_IBUF_BUFG_inst/O
    X5Y4 (CLOCK_ROOT)    net (fo=20423, routed)       1.982     6.629    SharedReg3_instance/clk_IBUF_BUFG
    SLICE_X147Y315       FDCE                                         r  SharedReg3_instance/Y_reg[32]/C
                         clock pessimism              0.415     7.043    
                         clock uncertainty           -0.035     7.008    
    SLICE_X147Y315       FDCE (Setup_DFF_SLICEL_C_D)
                                                      0.025     7.033    SharedReg3_instance/Y_reg[32]
  -------------------------------------------------------------------
                         required time                          7.033    
                         arrival time                          -6.725    
  -------------------------------------------------------------------
                         slack                                  0.308    




