Copyright 1986-2018 Xilinx, Inc. All Rights Reserved.
------------------------------------------------------------------------------------------------------------------------------------------------------------------------------------------------
| Tool Version      : Vivado v.2018.1 (lin64) Build 2188600 Wed Apr  4 18:39:19 MDT 2018
| Date              : Thu Aug 26 19:32:17 2021
| Host              : animal.digi.e-technik.uni-kassel.de running 64-bit AlmaLinux release 8.3 (Purple Manul)
| Command           : report_timing -file /home/nfiege/Repositories/origami/vhdl/ratII/synth/fir_SAM/UniformILPNew/fir_SAM_UniformILPNew_161_ultrascale2_250/implementedSystem_timing_synth.rpt
| Design            : implementedSystem_toplevel
| Device            : xcvu13p-fhga2104
| Speed File        : -2  PRODUCTION 1.19 03-17-2018
| Temperature Grade : E
------------------------------------------------------------------------------------------------------------------------------------------------------------------------------------------------

Timing Report

Slack (MET) :             0.422ns  (required time - arrival time)
  Source:                 SharedReg565_instance/s16_reg_c/C
                            (rising edge-triggered cell FDCE clocked by clk  {rise@0.000ns fall@2.000ns period=4.000ns})
  Destination:            SharedReg171_instance/Y_reg[28]/D
                            (rising edge-triggered cell FDCE clocked by clk  {rise@0.000ns fall@2.000ns period=4.000ns})
  Path Group:             clk
  Path Type:              Setup (Max at Slow Process Corner)
  Requirement:            4.000ns  (clk rise@4.000ns - clk rise@0.000ns)
  Data Path Delay:        3.432ns  (logic 0.202ns (5.886%)  route 3.230ns (94.114%))
  Logic Levels:           1  (LUT2=1)
  Clock Path Skew:        -0.136ns (DCD - SCD + CPR)
    Destination Clock Delay (DCD):    2.238ns = ( 6.238 - 4.000 ) 
    Source Clock Delay      (SCD):    2.716ns
    Clock Pessimism Removal (CPR):    0.342ns
  Clock Uncertainty:      0.035ns  ((TSJ^2 + TIJ^2)^1/2 + DJ) / 2 + PE
    Total System Jitter     (TSJ):    0.071ns
    Total Input Jitter      (TIJ):    0.000ns
    Discrete Jitter          (DJ):    0.000ns
    Phase Error              (PE):    0.000ns
  Clock Net Delay (Source):      1.681ns (routing 0.564ns, distribution 1.117ns)
  Clock Net Delay (Destination): 1.497ns (routing 0.516ns, distribution 0.981ns)

    Location             Delay type                Incr(ns)  Path(ns)    Netlist Resource(s)
  -------------------------------------------------------------------    -------------------
                         (clock clk rise edge)        0.000     0.000 r  
    BC10                                              0.000     0.000 r  clk (IN)
                         net (fo=0)                   0.000     0.000    clk_IBUF_inst/I
    BC10                 INBUF (Prop_INBUF_HPIOB_M_PAD_O)
                                                      0.659     0.659 r  clk_IBUF_inst/INBUF_INST/O
                         net (fo=1, routed)           0.000     0.659    clk_IBUF_inst/OUT
    BC10                 IBUFCTRL (Prop_IBUFCTRL_HPIOB_M_I_O)
                                                      0.000     0.659 r  clk_IBUF_inst/IBUFCTRL_INST/O
                         net (fo=1, routed)           0.348     1.007    clk_IBUF
    BUFGCE_X0Y146        BUFGCE (Prop_BUFCE_BUFGCE_I_O)
                                                      0.028     1.035 r  clk_IBUF_BUFG_inst/O
    X5Y6 (CLOCK_ROOT)    net (fo=75065, routed)       1.681     2.716    SharedReg565_instance/clk
    SLICE_X132Y384       FDCE                                         r  SharedReg565_instance/s16_reg_c/C
  -------------------------------------------------------------------    -------------------
    SLICE_X132Y384       FDCE (Prop_EFF_SLICEL_C_Q)
                                                      0.079     2.795 r  SharedReg565_instance/s16_reg_c/Q
                         net (fo=343, routed)         3.163     5.958    SharedReg171_instance/s16_reg_c
    SLICE_X142Y467       LUT2 (Prop_F6LUT_SLICEM_I1_O)
                                                      0.123     6.081 r  SharedReg171_instance/s16_reg_gate__4/O
                         net (fo=1, routed)           0.067     6.148    SharedReg171_instance/s16_reg_gate__4_n_0
    SLICE_X142Y467       FDCE                                         r  SharedReg171_instance/Y_reg[28]/D
  -------------------------------------------------------------------    -------------------

                         (clock clk rise edge)        4.000     4.000 r  
    BC10                                              0.000     4.000 r  clk (IN)
                         net (fo=0)                   0.000     4.000    clk_IBUF_inst/I
    BC10                 INBUF (Prop_INBUF_HPIOB_M_PAD_O)
                                                      0.408     4.408 r  clk_IBUF_inst/INBUF_INST/O
                         net (fo=1, routed)           0.000     4.408    clk_IBUF_inst/OUT
    BC10                 IBUFCTRL (Prop_IBUFCTRL_HPIOB_M_I_O)
                                                      0.000     4.408 r  clk_IBUF_inst/IBUFCTRL_INST/O
                         net (fo=1, routed)           0.309     4.717    clk_IBUF
    BUFGCE_X0Y146        BUFGCE (Prop_BUFCE_BUFGCE_I_O)
                                                      0.024     4.741 r  clk_IBUF_BUFG_inst/O
    X5Y6 (CLOCK_ROOT)    net (fo=75065, routed)       1.497     6.238    SharedReg171_instance/clk_IBUF_BUFG
    SLICE_X142Y467       FDCE                                         r  SharedReg171_instance/Y_reg[28]/C
                         clock pessimism              0.342     6.580    
                         clock uncertainty           -0.035     6.545    
    SLICE_X142Y467       FDCE (Setup_FFF_SLICEM_C_D)
                                                      0.025     6.570    SharedReg171_instance/Y_reg[28]
  -------------------------------------------------------------------
                         required time                          6.570    
                         arrival time                          -6.148    
  -------------------------------------------------------------------
                         slack                                  0.422    




