Copyright 1986-2018 Xilinx, Inc. All Rights Reserved.
-----------------------------------------------------------------------------------------------------------------------------------------------------------------------------
| Tool Version      : Vivado v.2018.1 (lin64) Build 2188600 Wed Apr  4 18:39:19 MDT 2018
| Date              : Wed Apr 15 12:49:34 2020
| Host              : animal.digi.e-technik.uni-kassel.de running 64-bit CentOS Linux release 7.7.1908 (Core)
| Command           : report_timing -file /home/nfiege/Repositories/origami/vhdl/ratII/synth/intII/mat_inv/mat_inv_ED97_4_ultrascale2_250/implementedSystem_timing_synth.rpt
| Design            : implementedSystem_toplevel
| Device            : xcvu13p-fhga2104
| Speed File        : -2  PRODUCTION 1.19 03-17-2018
| Temperature Grade : E
-----------------------------------------------------------------------------------------------------------------------------------------------------------------------------

Timing Report

Slack (MET) :             0.319ns  (required time - arrival time)
  Source:                 ModCount171_instance/count_reg[4]_rep__4/C
                            (rising edge-triggered cell FDCE clocked by clk  {rise@0.000ns fall@2.000ns period=4.000ns})
  Destination:            Delay1No7_instance/Y_reg[1]/D
                            (rising edge-triggered cell FDCE clocked by clk  {rise@0.000ns fall@2.000ns period=4.000ns})
  Path Group:             clk
  Path Type:              Setup (Max at Slow Process Corner)
  Requirement:            4.000ns  (clk rise@4.000ns - clk rise@0.000ns)
  Data Path Delay:        3.686ns  (logic 0.204ns (5.534%)  route 3.482ns (94.466%))
  Logic Levels:           1  (LUT5=1)
  Clock Path Skew:        0.015ns (DCD - SCD + CPR)
    Destination Clock Delay (DCD):    3.167ns = ( 7.167 - 4.000 ) 
    Source Clock Delay      (SCD):    3.571ns
    Clock Pessimism Removal (CPR):    0.419ns
  Clock Uncertainty:      0.035ns  ((TSJ^2 + TIJ^2)^1/2 + DJ) / 2 + PE
    Total System Jitter     (TSJ):    0.071ns
    Total Input Jitter      (TIJ):    0.000ns
    Discrete Jitter          (DJ):    0.000ns
    Phase Error              (PE):    0.000ns
  Clock Net Delay (Source):      2.540ns (routing 1.147ns, distribution 1.393ns)
  Clock Net Delay (Destination): 2.428ns (routing 1.043ns, distribution 1.385ns)

    Location             Delay type                Incr(ns)  Path(ns)    Netlist Resource(s)
  -------------------------------------------------------------------    -------------------
                         (clock clk rise edge)        0.000     0.000 r  
    BB9                                               0.000     0.000 r  clk (IN)
                         net (fo=0)                   0.000     0.000    clk_IBUF_inst/I
    BB9                  INBUF (Prop_INBUF_HPIOB_M_PAD_O)
                                                      0.668     0.668 r  clk_IBUF_inst/INBUF_INST/O
                         net (fo=1, routed)           0.000     0.668    clk_IBUF_inst/OUT
    BB9                  IBUFCTRL (Prop_IBUFCTRL_HPIOB_M_I_O)
                                                      0.000     0.668 r  clk_IBUF_inst/IBUFCTRL_INST/O
                         net (fo=1, routed)           0.335     1.003    clk_IBUF
    BUFGCE_X0Y146        BUFGCE (Prop_BUFCE_BUFGCE_I_O)
                                                      0.028     1.031 r  clk_IBUF_BUFG_inst/O
    X5Y4 (CLOCK_ROOT)    net (fo=19909, routed)       2.540     3.571    ModCount171_instance/clk_IBUF_BUFG
    SLR Crossing[1->0]   
    SLICE_X148Y188       FDCE                                         r  ModCount171_instance/count_reg[4]_rep__4/C
  -------------------------------------------------------------------    -------------------
    SLICE_X148Y188       FDCE (Prop_EFF_SLICEL_C_Q)
                                                      0.079     3.650 r  ModCount171_instance/count_reg[4]_rep__4/Q
                         net (fo=109, routed)         3.423     7.073    MUX_Product111_impl_1_instance/count_reg[4]_rep__4
    SLICE_X124Y150       LUT5 (Prop_B6LUT_SLICEM_I1_O)
                                                      0.125     7.198 r  MUX_Product111_impl_1_instance/Y[1]_i_1/O
                         net (fo=1, routed)           0.059     7.257    Delay1No7_instance/D[1]
    SLICE_X124Y150       FDCE                                         r  Delay1No7_instance/Y_reg[1]/D
  -------------------------------------------------------------------    -------------------

                         (clock clk rise edge)        4.000     4.000 r  
    BB9                                               0.000     4.000 r  clk (IN)
                         net (fo=0)                   0.000     4.000    clk_IBUF_inst/I
    BB9                  INBUF (Prop_INBUF_HPIOB_M_PAD_O)
                                                      0.417     4.417 r  clk_IBUF_inst/INBUF_INST/O
                         net (fo=1, routed)           0.000     4.417    clk_IBUF_inst/OUT
    BB9                  IBUFCTRL (Prop_IBUFCTRL_HPIOB_M_I_O)
                                                      0.000     4.417 r  clk_IBUF_inst/IBUFCTRL_INST/O
                         net (fo=1, routed)           0.298     4.715    clk_IBUF
    BUFGCE_X0Y146        BUFGCE (Prop_BUFCE_BUFGCE_I_O)
                                                      0.024     4.739 r  clk_IBUF_BUFG_inst/O
    X5Y4 (CLOCK_ROOT)    net (fo=19909, routed)       2.428     7.167    Delay1No7_instance/clk_IBUF_BUFG
    SLR Crossing[1->0]   
    SLICE_X124Y150       FDCE                                         r  Delay1No7_instance/Y_reg[1]/C
                         clock pessimism              0.419     7.586    
                         clock uncertainty           -0.035     7.551    
    SLICE_X124Y150       FDCE (Setup_BFF_SLICEM_C_D)
                                                      0.025     7.576    Delay1No7_instance/Y_reg[1]
  -------------------------------------------------------------------
                         required time                          7.576    
                         arrival time                          -7.257    
  -------------------------------------------------------------------
                         slack                                  0.319    




