Copyright 1986-2018 Xilinx, Inc. All Rights Reserved.
-----------------------------------------------------------------------------------------------------------------------------------------------------------------------------------------------
| Tool Version      : Vivado v.2018.1 (lin64) Build 2188600 Wed Apr  4 18:39:19 MDT 2018
| Date              : Sat Dec  5 17:06:01 2020
| Host              : animal.digi.e-technik.uni-kassel.de running 64-bit CentOS Linux release 7.8.2003 (Core)
| Command           : report_timing -file /home/nfiege/Repositories/origami/vhdl/ratII/synth/fir_SAM/NonUniformILP/fir_SAM_NonUniformILP_96_ultrascale2_250/implementedSystem_timing_synth.rpt
| Design            : implementedSystem_toplevel
| Device            : xcvu13p-fhga2104
| Speed File        : -2  PRODUCTION 1.19 03-17-2018
| Temperature Grade : E
-----------------------------------------------------------------------------------------------------------------------------------------------------------------------------------------------

Timing Report

Slack (MET) :             0.301ns  (required time - arrival time)
  Source:                 SharedReg836_instance/s51_reg_c/C
                            (rising edge-triggered cell FDCE clocked by clk  {rise@0.000ns fall@2.000ns period=4.000ns})
  Destination:            SharedReg216_instance/Y_reg[12]/D
                            (rising edge-triggered cell FDCE clocked by clk  {rise@0.000ns fall@2.000ns period=4.000ns})
  Path Group:             clk
  Path Type:              Setup (Max at Slow Process Corner)
  Requirement:            4.000ns  (clk rise@4.000ns - clk rise@0.000ns)
  Data Path Delay:        3.318ns  (logic 0.229ns (6.902%)  route 3.089ns (93.098%))
  Logic Levels:           1  (LUT2=1)
  Clock Path Skew:        -0.371ns (DCD - SCD + CPR)
    Destination Clock Delay (DCD):    3.145ns = ( 7.145 - 4.000 ) 
    Source Clock Delay      (SCD):    3.934ns
    Clock Pessimism Removal (CPR):    0.418ns
  Clock Uncertainty:      0.035ns  ((TSJ^2 + TIJ^2)^1/2 + DJ) / 2 + PE
    Total System Jitter     (TSJ):    0.071ns
    Total Input Jitter      (TIJ):    0.000ns
    Discrete Jitter          (DJ):    0.000ns
    Phase Error              (PE):    0.000ns
  Clock Net Delay (Source):      2.976ns (routing 1.379ns, distribution 1.597ns)
  Clock Net Delay (Destination): 2.478ns (routing 1.252ns, distribution 1.226ns)

    Location             Delay type                Incr(ns)  Path(ns)    Netlist Resource(s)
  -------------------------------------------------------------------    -------------------
                         (clock clk rise edge)        0.000     0.000 r  
    AV14                                              0.000     0.000 r  clk (IN)
                         net (fo=0)                   0.000     0.000    clk_IBUF_inst/I
    AV14                 INBUF (Prop_INBUF_HPIOB_M_PAD_O)
                                                      0.607     0.607 r  clk_IBUF_inst/INBUF_INST/O
                         net (fo=1, routed)           0.000     0.607    clk_IBUF_inst/OUT
    AV14                 IBUFCTRL (Prop_IBUFCTRL_HPIOB_M_I_O)
                                                      0.000     0.607 r  clk_IBUF_inst/IBUFCTRL_INST/O
                         net (fo=1, routed)           0.323     0.930    clk_IBUF
    BUFGCE_X0Y170        BUFGCE (Prop_BUFCE_BUFGCE_I_O)
                                                      0.028     0.958 r  clk_IBUF_BUFG_inst/O
    X3Y4 (CLOCK_ROOT)    net (fo=86564, routed)       2.976     3.934    SharedReg836_instance/clk
    SLICE_X119Y373       FDCE                                         r  SharedReg836_instance/s51_reg_c/C
  -------------------------------------------------------------------    -------------------
    SLICE_X119Y373       FDCE (Prop_EFF_SLICEL_C_Q)
                                                      0.079     4.013 r  SharedReg836_instance/s51_reg_c/Q
                         net (fo=79, routed)          3.038     7.051    SharedReg216_instance/s51_reg_c
    SLICE_X110Y268       LUT2 (Prop_H6LUT_SLICEL_I1_O)
                                                      0.150     7.201 r  SharedReg216_instance/s51_reg_gate__20/O
                         net (fo=1, routed)           0.051     7.252    SharedReg216_instance/s51_reg_gate__20_n_0
    SLICE_X110Y268       FDCE                                         r  SharedReg216_instance/Y_reg[12]/D
  -------------------------------------------------------------------    -------------------

                         (clock clk rise edge)        4.000     4.000 r  
    AV14                                              0.000     4.000 r  clk (IN)
                         net (fo=0)                   0.000     4.000    clk_IBUF_inst/I
    AV14                 INBUF (Prop_INBUF_HPIOB_M_PAD_O)
                                                      0.356     4.356 r  clk_IBUF_inst/INBUF_INST/O
                         net (fo=1, routed)           0.000     4.356    clk_IBUF_inst/OUT
    AV14                 IBUFCTRL (Prop_IBUFCTRL_HPIOB_M_I_O)
                                                      0.000     4.356 r  clk_IBUF_inst/IBUFCTRL_INST/O
                         net (fo=1, routed)           0.287     4.643    clk_IBUF
    BUFGCE_X0Y170        BUFGCE (Prop_BUFCE_BUFGCE_I_O)
                                                      0.024     4.667 r  clk_IBUF_BUFG_inst/O
    X3Y4 (CLOCK_ROOT)    net (fo=86564, routed)       2.478     7.145    SharedReg216_instance/clk_IBUF_BUFG
    SLICE_X110Y268       FDCE                                         r  SharedReg216_instance/Y_reg[12]/C
                         clock pessimism              0.418     7.563    
                         clock uncertainty           -0.035     7.528    
    SLICE_X110Y268       FDCE (Setup_HFF_SLICEL_C_D)
                                                      0.025     7.553    SharedReg216_instance/Y_reg[12]
  -------------------------------------------------------------------
                         required time                          7.553    
                         arrival time                          -7.252    
  -------------------------------------------------------------------
                         slack                                  0.301    




