Copyright 1986-2018 Xilinx, Inc. All Rights Reserved.
------------------------------------------------------------------------------------------------------------------------------------------------------------------------------------------------
| Tool Version      : Vivado v.2018.1 (lin64) Build 2188600 Wed Apr  4 18:39:19 MDT 2018
| Date              : Tue Dec  8 01:48:57 2020
| Host              : animal.digi.e-technik.uni-kassel.de running 64-bit CentOS Linux release 7.8.2003 (Core)
| Command           : report_timing -file /home/nfiege/Repositories/origami/vhdl/ratII/synth/fir_SAM/NonUniformILP/fir_SAM_NonUniformILP_125_ultrascale2_250/implementedSystem_timing_synth.rpt
| Design            : implementedSystem_toplevel
| Device            : xcvu13p-fhga2104
| Speed File        : -2  PRODUCTION 1.19 03-17-2018
| Temperature Grade : E
------------------------------------------------------------------------------------------------------------------------------------------------------------------------------------------------

Timing Report

Slack (MET) :             0.173ns  (required time - arrival time)
  Source:                 Delay126No_instance/s9_reg_c/C
                            (rising edge-triggered cell FDCE clocked by clk  {rise@0.000ns fall@2.000ns period=4.000ns})
  Destination:            SharedReg47_instance/Y_reg[32]/D
                            (rising edge-triggered cell FDCE clocked by clk  {rise@0.000ns fall@2.000ns period=4.000ns})
  Path Group:             clk
  Path Type:              Setup (Max at Slow Process Corner)
  Requirement:            4.000ns  (clk rise@4.000ns - clk rise@0.000ns)
  Data Path Delay:        3.800ns  (logic 0.131ns (3.447%)  route 3.669ns (96.553%))
  Logic Levels:           1  (LUT2=1)
  Clock Path Skew:        -0.017ns (DCD - SCD + CPR)
    Destination Clock Delay (DCD):    1.805ns = ( 5.805 - 4.000 ) 
    Source Clock Delay      (SCD):    2.189ns
    Clock Pessimism Removal (CPR):    0.366ns
  Clock Uncertainty:      0.035ns  ((TSJ^2 + TIJ^2)^1/2 + DJ) / 2 + PE
    Total System Jitter     (TSJ):    0.071ns
    Total Input Jitter      (TIJ):    0.000ns
    Discrete Jitter          (DJ):    0.000ns
    Phase Error              (PE):    0.000ns
  Clock Net Delay (Source):      1.281ns (routing 0.171ns, distribution 1.110ns)
  Clock Net Delay (Destination): 1.189ns (routing 0.155ns, distribution 1.034ns)

    Location             Delay type                Incr(ns)  Path(ns)    Netlist Resource(s)
  -------------------------------------------------------------------    -------------------
                         (clock clk rise edge)        0.000     0.000 r  
    AU19                                              0.000     0.000 r  clk (IN)
                         net (fo=0)                   0.000     0.000    clk_IBUF_inst/I
    AU19                 INBUF (Prop_INBUF_HPIOB_M_PAD_O)
                                                      0.545     0.545 r  clk_IBUF_inst/INBUF_INST/O
                         net (fo=1, routed)           0.000     0.545    clk_IBUF_inst/OUT
    AU19                 IBUFCTRL (Prop_IBUFCTRL_HPIOB_M_I_O)
                                                      0.000     0.545 r  clk_IBUF_inst/IBUFCTRL_INST/O
                         net (fo=1, routed)           0.335     0.880    clk_IBUF
    BUFGCE_X0Y122        BUFGCE (Prop_BUFCE_BUFGCE_I_O)
                                                      0.028     0.908 r  clk_IBUF_BUFG_inst/O
    X4Y5 (CLOCK_ROOT)    net (fo=77980, routed)       1.281     2.189    Delay126No_instance/clk_IBUF_BUFG
    SLICE_X140Y414       FDCE                                         r  Delay126No_instance/s9_reg_c/C
  -------------------------------------------------------------------    -------------------
    SLICE_X140Y414       FDCE (Prop_EFF_SLICEL_C_Q)
                                                      0.079     2.268 r  Delay126No_instance/s9_reg_c/Q
                         net (fo=799, routed)         3.610     5.878    SharedReg47_instance/s9_reg_c
    SLICE_X102Y410       LUT2 (Prop_G6LUT_SLICEM_I1_O)
                                                      0.052     5.930 r  SharedReg47_instance/s9_reg_gate__0/O
                         net (fo=1, routed)           0.059     5.989    SharedReg47_instance/s9_reg_gate__0_n_0
    SLICE_X102Y410       FDCE                                         r  SharedReg47_instance/Y_reg[32]/D
  -------------------------------------------------------------------    -------------------

                         (clock clk rise edge)        4.000     4.000 r  
    AU19                                              0.000     4.000 r  clk (IN)
                         net (fo=0)                   0.000     4.000    clk_IBUF_inst/I
    AU19                 INBUF (Prop_INBUF_HPIOB_M_PAD_O)
                                                      0.294     4.294 r  clk_IBUF_inst/INBUF_INST/O
                         net (fo=1, routed)           0.000     4.294    clk_IBUF_inst/OUT
    AU19                 IBUFCTRL (Prop_IBUFCTRL_HPIOB_M_I_O)
                                                      0.000     4.294 r  clk_IBUF_inst/IBUFCTRL_INST/O
                         net (fo=1, routed)           0.298     4.592    clk_IBUF
    BUFGCE_X0Y122        BUFGCE (Prop_BUFCE_BUFGCE_I_O)
                                                      0.024     4.616 r  clk_IBUF_BUFG_inst/O
    X4Y5 (CLOCK_ROOT)    net (fo=77980, routed)       1.189     5.805    SharedReg47_instance/clk_IBUF_BUFG
    SLICE_X102Y410       FDCE                                         r  SharedReg47_instance/Y_reg[32]/C
                         clock pessimism              0.366     6.172    
                         clock uncertainty           -0.035     6.136    
    SLICE_X102Y410       FDCE (Setup_GFF_SLICEM_C_D)
                                                      0.025     6.161    SharedReg47_instance/Y_reg[32]
  -------------------------------------------------------------------
                         required time                          6.161    
                         arrival time                          -5.989    
  -------------------------------------------------------------------
                         slack                                  0.173    




