Copyright 1986-2018 Xilinx, Inc. All Rights Reserved.
-----------------------------------------------------------------------------------------------------------------------------------------------------------------------------------------------
| Tool Version      : Vivado v.2018.1 (lin64) Build 2188600 Wed Apr  4 18:39:19 MDT 2018
| Date              : Wed Aug 25 20:18:35 2021
| Host              : animal.digi.e-technik.uni-kassel.de running 64-bit AlmaLinux release 8.3 (Purple Manul)
| Command           : report_timing -file /home/nfiege/Repositories/origami/vhdl/ratII/synth/fir_SHI/UniformILPNew/fir_SHI_UniformILPNew_30_ultrascale2_250/implementedSystem_timing_synth.rpt
| Design            : implementedSystem_toplevel
| Device            : xcvu13p-fhga2104
| Speed File        : -2  PRODUCTION 1.19 03-17-2018
| Temperature Grade : E
-----------------------------------------------------------------------------------------------------------------------------------------------------------------------------------------------

Timing Report

Slack (MET) :             0.600ns  (required time - arrival time)
  Source:                 Delay1No8_instance/Y_reg[2]/C
                            (rising edge-triggered cell FDCE clocked by clk  {rise@0.000ns fall@2.000ns period=4.000ns})
  Destination:            Sum11_1_impl_instance/FPAddSubOp_instance/shiftedFracY_d1_reg[33]/D
                            (rising edge-triggered cell FDRE clocked by clk  {rise@0.000ns fall@2.000ns period=4.000ns})
  Path Group:             clk
  Path Type:              Setup (Max at Slow Process Corner)
  Requirement:            4.000ns  (clk rise@4.000ns - clk rise@0.000ns)
  Data Path Delay:        3.326ns  (logic 1.083ns (32.562%)  route 2.243ns (67.438%))
  Logic Levels:           10  (CARRY8=3 LUT4=2 LUT5=2 LUT6=3)
  Clock Path Skew:        -0.064ns (DCD - SCD + CPR)
    Destination Clock Delay (DCD):    2.641ns = ( 6.641 - 4.000 ) 
    Source Clock Delay      (SCD):    3.155ns
    Clock Pessimism Removal (CPR):    0.451ns
  Clock Uncertainty:      0.035ns  ((TSJ^2 + TIJ^2)^1/2 + DJ) / 2 + PE
    Total System Jitter     (TSJ):    0.071ns
    Total Input Jitter      (TIJ):    0.000ns
    Discrete Jitter          (DJ):    0.000ns
    Phase Error              (PE):    0.000ns
  Clock Net Delay (Source):      2.218ns (routing 1.167ns, distribution 1.051ns)
  Clock Net Delay (Destination): 1.994ns (routing 1.060ns, distribution 0.934ns)

    Location             Delay type                Incr(ns)  Path(ns)    Netlist Resource(s)
  -------------------------------------------------------------------    -------------------
                         (clock clk rise edge)        0.000     0.000 r  
    AR14                                              0.000     0.000 r  clk (IN)
                         net (fo=0)                   0.000     0.000    clk_IBUF_inst/I
    AR14                 INBUF (Prop_INBUF_HPIOB_M_PAD_O)
                                                      0.586     0.586 r  clk_IBUF_inst/INBUF_INST/O
                         net (fo=1, routed)           0.000     0.586    clk_IBUF_inst/OUT
    AR14                 IBUFCTRL (Prop_IBUFCTRL_HPIOB_M_I_O)
                                                      0.000     0.586 r  clk_IBUF_inst/IBUFCTRL_INST/O
                         net (fo=1, routed)           0.323     0.909    clk_IBUF
    BUFGCE_X0Y170        BUFGCE (Prop_BUFCE_BUFGCE_I_O)
                                                      0.028     0.937 r  clk_IBUF_BUFG_inst/O
    X3Y5 (CLOCK_ROOT)    net (fo=5376, routed)        2.218     3.155    Delay1No8_instance/clk_IBUF_BUFG
    SLICE_X112Y261       FDCE                                         r  Delay1No8_instance/Y_reg[2]/C
  -------------------------------------------------------------------    -------------------
    SLICE_X112Y261       FDCE (Prop_CFF_SLICEL_C_Q)
                                                      0.079     3.234 r  Delay1No8_instance/Y_reg[2]/Q
                         net (fo=4, routed)           0.492     3.726    Delay1No8_instance/Q[2]
    SLICE_X115Y270       LUT4 (Prop_B6LUT_SLICEM_I0_O)
                                                      0.125     3.851 r  Delay1No8_instance/geqOp_carry_i_15__1/O
                         net (fo=1, routed)           0.016     3.867    Sum11_1_impl_instance/FPAddSubOp_instance/S[1]
    SLICE_X115Y270       CARRY8 (Prop_CARRY8_SLICEM_S[1]_CO[7])
                                                      0.190     4.057 r  Sum11_1_impl_instance/FPAddSubOp_instance/geqOp_carry/CO[7]
                         net (fo=1, routed)           0.026     4.083    Sum11_1_impl_instance/FPAddSubOp_instance/geqOp_carry_n_0
    SLICE_X115Y271       CARRY8 (Prop_CARRY8_SLICEM_CI_CO[7])
                                                      0.015     4.098 r  Sum11_1_impl_instance/FPAddSubOp_instance/geqOp_carry__0/CO[7]
                         net (fo=1, routed)           0.026     4.124    Sum11_1_impl_instance/FPAddSubOp_instance/geqOp_carry__0_n_0
    SLICE_X115Y272       CARRY8 (Prop_CARRY8_SLICEM_CI_CO[0])
                                                      0.052     4.176 r  Sum11_1_impl_instance/FPAddSubOp_instance/geqOp_carry__1/CO[0]
                         net (fo=73, routed)          0.298     4.474    Delay1No8_instance/CO[0]
    SLICE_X113Y271       LUT5 (Prop_C5LUT_SLICEL_I4_O)
                                                      0.158     4.632 f  Delay1No8_instance/shiftedFracY_d1[32]_i_16__1/O
                         net (fo=2, routed)           0.278     4.910    Delay1No8_instance/Sum11_1_impl_instance/FPAddSubOp_instance/expDiff__26[3]
    SLICE_X114Y274       LUT6 (Prop_H6LUT_SLICEM_I0_O)
                                                      0.125     5.035 f  Delay1No8_instance/shiftedFracY_d1[32]_i_9__1/O
                         net (fo=3, routed)           0.098     5.133    Delay1No8_instance/shiftedFracY_d1[32]_i_9__1_n_0
    SLICE_X114Y274       LUT5 (Prop_A6LUT_SLICEM_I4_O)
                                                      0.053     5.186 r  Delay1No8_instance/shiftedFracY_d1[49]_i_7__1/O
                         net (fo=32, routed)          0.368     5.554    Delay1No9_instance/Y_reg[23]_0
    SLICE_X113Y269       LUT6 (Prop_C6LUT_SLICEL_I4_O)
                                                      0.088     5.642 r  Delay1No9_instance/shiftedFracY_d1[45]_i_2__1/O
                         net (fo=4, routed)           0.296     5.938    Delay1No9_instance/shiftedFracY_d1_reg[38][12]
    SLICE_X110Y267       LUT6 (Prop_E6LUT_SLICEL_I0_O)
                                                      0.147     6.085 r  Delay1No9_instance/shiftedFracY_d1[33]_i_4__1/O
                         net (fo=2, routed)           0.273     6.358    Delay1No8_instance/Y_reg[26]_0[10]
    SLICE_X115Y267       LUT4 (Prop_D6LUT_SLICEM_I3_O)
                                                      0.051     6.409 r  Delay1No8_instance/shiftedFracY_d1[33]_i_1__1/O
                         net (fo=1, routed)           0.072     6.481    Sum11_1_impl_instance/FPAddSubOp_instance/D[22]
    SLICE_X115Y267       FDRE                                         r  Sum11_1_impl_instance/FPAddSubOp_instance/shiftedFracY_d1_reg[33]/D
  -------------------------------------------------------------------    -------------------

                         (clock clk rise edge)        4.000     4.000 r  
    AR14                                              0.000     4.000 r  clk (IN)
                         net (fo=0)                   0.000     4.000    clk_IBUF_inst/I
    AR14                 INBUF (Prop_INBUF_HPIOB_M_PAD_O)
                                                      0.336     4.336 r  clk_IBUF_inst/INBUF_INST/O
                         net (fo=1, routed)           0.000     4.336    clk_IBUF_inst/OUT
    AR14                 IBUFCTRL (Prop_IBUFCTRL_HPIOB_M_I_O)
                                                      0.000     4.336 r  clk_IBUF_inst/IBUFCTRL_INST/O
                         net (fo=1, routed)           0.287     4.623    clk_IBUF
    BUFGCE_X0Y170        BUFGCE (Prop_BUFCE_BUFGCE_I_O)
                                                      0.024     4.647 r  clk_IBUF_BUFG_inst/O
    X3Y5 (CLOCK_ROOT)    net (fo=5376, routed)        1.994     6.641    Sum11_1_impl_instance/FPAddSubOp_instance/clk_IBUF_BUFG
    SLICE_X115Y267       FDRE                                         r  Sum11_1_impl_instance/FPAddSubOp_instance/shiftedFracY_d1_reg[33]/C
                         clock pessimism              0.451     7.091    
                         clock uncertainty           -0.035     7.056    
    SLICE_X115Y267       FDRE (Setup_DFF_SLICEM_C_D)
                                                      0.025     7.081    Sum11_1_impl_instance/FPAddSubOp_instance/shiftedFracY_d1_reg[33]
  -------------------------------------------------------------------
                         required time                          7.081    
                         arrival time                          -6.481    
  -------------------------------------------------------------------
                         slack                                  0.600    




