Copyright 1986-2018 Xilinx, Inc. All Rights Reserved.
---------------------------------------------------------------------------------------------------------------------------------------------------------------------------------------------------
| Tool Version      : Vivado v.2018.1 (lin64) Build 2188600 Wed Apr  4 18:39:19 MDT 2018
| Date              : Fri Apr 24 14:12:12 2020
| Host              : animal.digi.e-technik.uni-kassel.de running 64-bit CentOS Linux release 7.7.1908 (Core)
| Command           : report_timing -file /home/nfiege/Repositories/origami/vhdl/ratII/synth/iir_sos16/NonUniformILP/iir_sos16_NonUniformILP_17_ultrascale2_250/implementedSystem_timing_synth.rpt
| Design            : implementedSystem_toplevel
| Device            : xcvu13p-fhga2104
| Speed File        : -2  PRODUCTION 1.19 03-17-2018
| Temperature Grade : E
---------------------------------------------------------------------------------------------------------------------------------------------------------------------------------------------------

Timing Report

Slack (MET) :             0.462ns  (required time - arrival time)
  Source:                 Delay1No11_instance/Y_reg[32]/C
                            (rising edge-triggered cell FDCE clocked by clk  {rise@0.000ns fall@2.000ns period=4.000ns})
  Destination:            Sum14_2_impl_instance/FPAddSubOp_instance/shiftedFracY_d1_reg[7]/D
                            (rising edge-triggered cell FDRE clocked by clk  {rise@0.000ns fall@2.000ns period=4.000ns})
  Path Group:             clk
  Path Type:              Setup (Max at Slow Process Corner)
  Requirement:            4.000ns  (clk rise@4.000ns - clk rise@0.000ns)
  Data Path Delay:        3.362ns  (logic 0.805ns (23.944%)  route 2.557ns (76.056%))
  Logic Levels:           8  (CARRY8=2 LUT4=1 LUT5=2 LUT6=3)
  Clock Path Skew:        -0.166ns (DCD - SCD + CPR)
    Destination Clock Delay (DCD):    2.501ns = ( 6.501 - 4.000 ) 
    Source Clock Delay      (SCD):    3.043ns
    Clock Pessimism Removal (CPR):    0.376ns
  Clock Uncertainty:      0.035ns  ((TSJ^2 + TIJ^2)^1/2 + DJ) / 2 + PE
    Total System Jitter     (TSJ):    0.071ns
    Total Input Jitter      (TIJ):    0.000ns
    Discrete Jitter          (DJ):    0.000ns
    Phase Error              (PE):    0.000ns
  Clock Net Delay (Source):      2.092ns (routing 0.921ns, distribution 1.171ns)
  Clock Net Delay (Destination): 1.841ns (routing 0.836ns, distribution 1.005ns)

    Location             Delay type                Incr(ns)  Path(ns)    Netlist Resource(s)
  -------------------------------------------------------------------    -------------------
                         (clock clk rise edge)        0.000     0.000 r  
    AP13                                              0.000     0.000 r  clk (IN)
                         net (fo=0)                   0.000     0.000    clk_IBUF_inst/I
    AP13                 INBUF (Prop_INBUF_HPIOB_M_PAD_O)
                                                      0.600     0.600 r  clk_IBUF_inst/INBUF_INST/O
                         net (fo=1, routed)           0.000     0.600    clk_IBUF_inst/OUT
    AP13                 IBUFCTRL (Prop_IBUFCTRL_HPIOB_M_I_O)
                                                      0.000     0.600 r  clk_IBUF_inst/IBUFCTRL_INST/O
                         net (fo=1, routed)           0.323     0.923    clk_IBUF
    BUFGCE_X0Y170        BUFGCE (Prop_BUFCE_BUFGCE_I_O)
                                                      0.028     0.951 r  clk_IBUF_BUFG_inst/O
    X4Y5 (CLOCK_ROOT)    net (fo=20041, routed)       2.092     3.043    Delay1No11_instance/clk_IBUF_BUFG
    SLICE_X148Y371       FDCE                                         r  Delay1No11_instance/Y_reg[32]/C
  -------------------------------------------------------------------    -------------------
    SLICE_X148Y371       FDCE (Prop_BFF_SLICEL_C_Q)
                                                      0.079     3.122 r  Delay1No11_instance/Y_reg[32]/Q
                         net (fo=6, routed)           0.805     3.927    Delay1No10_instance/Y_reg[33]_0[32]
    SLICE_X155Y335       LUT4 (Prop_H6LUT_SLICEL_I3_O)
                                                      0.124     4.051 r  Delay1No10_instance/geqOp_carry__0_i_9__6/O
                         net (fo=1, routed)           0.010     4.061    Sum14_2_impl_instance/FPAddSubOp_instance/Y_reg[30]_0[7]
    SLICE_X155Y335       CARRY8 (Prop_CARRY8_SLICEL_S[7]_CO[7])
                                                      0.115     4.176 r  Sum14_2_impl_instance/FPAddSubOp_instance/geqOp_carry__0/CO[7]
                         net (fo=1, routed)           0.026     4.202    Sum14_2_impl_instance/FPAddSubOp_instance/geqOp_carry__0_n_0
    SLICE_X155Y336       CARRY8 (Prop_CARRY8_SLICEL_CI_CO[0])
                                                      0.052     4.254 r  Sum14_2_impl_instance/FPAddSubOp_instance/geqOp_carry__1/CO[0]
                         net (fo=72, routed)          0.268     4.522    Delay1No11_instance/CO[0]
    SLICE_X157Y336       LUT5 (Prop_D5LUT_SLICEM_I4_O)
                                                      0.066     4.588 f  Delay1No11_instance/shiftedFracY_d1[12]_i_4__6/O
                         net (fo=3, routed)           0.460     5.048    Delay1No10_instance/Y_reg[23]_0[0]
    SLICE_X155Y333       LUT6 (Prop_H6LUT_SLICEL_I2_O)
                                                      0.099     5.147 f  Delay1No10_instance/shiftedFracY_d1[32]_i_9__6/O
                         net (fo=3, routed)           0.145     5.292    Delay1No10_instance/shiftedFracY_d1[32]_i_9__6_n_0
    SLICE_X155Y332       LUT5 (Prop_F6LUT_SLICEL_I4_O)
                                                      0.049     5.341 r  Delay1No10_instance/shiftedFracY_d1[45]_i_4__6/O
                         net (fo=31, routed)          0.266     5.607    Delay1No11_instance/Y_reg[23]_0
    SLICE_X157Y333       LUT6 (Prop_F6LUT_SLICEM_I4_O)
                                                      0.098     5.705 r  Delay1No11_instance/shiftedFracY_d1[35]_i_2__6/O
                         net (fo=4, routed)           0.291     5.996    Delay1No11_instance/Sum14_2_impl_instance/level2[12]
    SLICE_X158Y333       LUT6 (Prop_F6LUT_SLICEL_I0_O)
                                                      0.123     6.119 r  Delay1No11_instance/shiftedFracY_d1[7]_i_1__6/O
                         net (fo=2, routed)           0.286     6.405    Sum14_2_impl_instance/FPAddSubOp_instance/level4__0[7]
    SLICE_X158Y330       FDRE                                         r  Sum14_2_impl_instance/FPAddSubOp_instance/shiftedFracY_d1_reg[7]/D
  -------------------------------------------------------------------    -------------------

                         (clock clk rise edge)        4.000     4.000 r  
    AP13                                              0.000     4.000 r  clk (IN)
                         net (fo=0)                   0.000     4.000    clk_IBUF_inst/I
    AP13                 INBUF (Prop_INBUF_HPIOB_M_PAD_O)
                                                      0.349     4.349 r  clk_IBUF_inst/INBUF_INST/O
                         net (fo=1, routed)           0.000     4.349    clk_IBUF_inst/OUT
    AP13                 IBUFCTRL (Prop_IBUFCTRL_HPIOB_M_I_O)
                                                      0.000     4.349 r  clk_IBUF_inst/IBUFCTRL_INST/O
                         net (fo=1, routed)           0.287     4.636    clk_IBUF
    BUFGCE_X0Y170        BUFGCE (Prop_BUFCE_BUFGCE_I_O)
                                                      0.024     4.660 r  clk_IBUF_BUFG_inst/O
    X4Y5 (CLOCK_ROOT)    net (fo=20041, routed)       1.841     6.501    Sum14_2_impl_instance/FPAddSubOp_instance/clk_IBUF_BUFG
    SLICE_X158Y330       FDRE                                         r  Sum14_2_impl_instance/FPAddSubOp_instance/shiftedFracY_d1_reg[7]/C
                         clock pessimism              0.376     6.877    
                         clock uncertainty           -0.035     6.841    
    SLICE_X158Y330       FDRE (Setup_CFF_SLICEL_C_D)
                                                      0.025     6.866    Sum14_2_impl_instance/FPAddSubOp_instance/shiftedFracY_d1_reg[7]
  -------------------------------------------------------------------
                         required time                          6.866    
                         arrival time                          -6.405    
  -------------------------------------------------------------------
                         slack                                  0.462    




