Copyright 1986-2018 Xilinx, Inc. All Rights Reserved.
------------------------------------------------------------------------------------------------------------------------------------------------------------------------------------------------
| Tool Version      : Vivado v.2018.1 (lin64) Build 2188600 Wed Apr  4 18:39:19 MDT 2018
| Date              : Fri Aug 27 02:40:44 2021
| Host              : animal.digi.e-technik.uni-kassel.de running 64-bit AlmaLinux release 8.3 (Purple Manul)
| Command           : report_timing -file /home/nfiege/Repositories/origami/vhdl/ratII/synth/fir_SAM/UniformILPNew/fir_SAM_UniformILPNew_110_ultrascale2_250/implementedSystem_timing_synth.rpt
| Design            : implementedSystem_toplevel
| Device            : xcvu13p-fhga2104
| Speed File        : -2  PRODUCTION 1.19 03-17-2018
| Temperature Grade : E
------------------------------------------------------------------------------------------------------------------------------------------------------------------------------------------------

Timing Report

Slack (MET) :             0.528ns  (required time - arrival time)
  Source:                 SharedReg137_instance/s27_reg_c/C
                            (rising edge-triggered cell FDCE clocked by clk  {rise@0.000ns fall@2.000ns period=4.000ns})
  Destination:            SharedReg60_instance/Y_reg[28]/D
                            (rising edge-triggered cell FDCE clocked by clk  {rise@0.000ns fall@2.000ns period=4.000ns})
  Path Group:             clk
  Path Type:              Setup (Max at Slow Process Corner)
  Requirement:            4.000ns  (clk rise@4.000ns - clk rise@0.000ns)
  Data Path Delay:        3.408ns  (logic 0.133ns (3.903%)  route 3.275ns (96.097%))
  Logic Levels:           1  (LUT2=1)
  Clock Path Skew:        -0.054ns (DCD - SCD + CPR)
    Destination Clock Delay (DCD):    2.497ns = ( 6.497 - 4.000 ) 
    Source Clock Delay      (SCD):    2.987ns
    Clock Pessimism Removal (CPR):    0.437ns
  Clock Uncertainty:      0.035ns  ((TSJ^2 + TIJ^2)^1/2 + DJ) / 2 + PE
    Total System Jitter     (TSJ):    0.071ns
    Total Input Jitter      (TIJ):    0.000ns
    Discrete Jitter          (DJ):    0.000ns
    Phase Error              (PE):    0.000ns
  Clock Net Delay (Source):      2.050ns (routing 1.167ns, distribution 0.883ns)
  Clock Net Delay (Destination): 1.850ns (routing 1.060ns, distribution 0.790ns)

    Location             Delay type                Incr(ns)  Path(ns)    Netlist Resource(s)
  -------------------------------------------------------------------    -------------------
                         (clock clk rise edge)        0.000     0.000 r  
    AR14                                              0.000     0.000 r  clk (IN)
                         net (fo=0)                   0.000     0.000    clk_IBUF_inst/I
    AR14                 INBUF (Prop_INBUF_HPIOB_M_PAD_O)
                                                      0.586     0.586 r  clk_IBUF_inst/INBUF_INST/O
                         net (fo=1, routed)           0.000     0.586    clk_IBUF_inst/OUT
    AR14                 IBUFCTRL (Prop_IBUFCTRL_HPIOB_M_I_O)
                                                      0.000     0.586 r  clk_IBUF_inst/IBUFCTRL_INST/O
                         net (fo=1, routed)           0.323     0.909    clk_IBUF
    BUFGCE_X0Y170        BUFGCE (Prop_BUFCE_BUFGCE_I_O)
                                                      0.028     0.937 r  clk_IBUF_BUFG_inst/O
    X3Y5 (CLOCK_ROOT)    net (fo=20022, routed)       2.050     2.987    SharedReg137_instance/clk_IBUF_BUFG
    SLICE_X103Y380       FDCE                                         r  SharedReg137_instance/s27_reg_c/C
  -------------------------------------------------------------------    -------------------
    SLICE_X103Y380       FDCE (Prop_FFF2_SLICEL_C_Q)
                                                      0.081     3.068 r  SharedReg137_instance/s27_reg_c/Q
                         net (fo=137, routed)         3.216     6.284    SharedReg60_instance/s27_reg_c
    SLICE_X107Y361       LUT2 (Prop_B6LUT_SLICEM_I1_O)
                                                      0.052     6.336 r  SharedReg60_instance/s27_reg_gate__4/O
                         net (fo=1, routed)           0.059     6.395    SharedReg60_instance/s27_reg_gate__4_n_0
    SLICE_X107Y361       FDCE                                         r  SharedReg60_instance/Y_reg[28]/D
  -------------------------------------------------------------------    -------------------

                         (clock clk rise edge)        4.000     4.000 r  
    AR14                                              0.000     4.000 r  clk (IN)
                         net (fo=0)                   0.000     4.000    clk_IBUF_inst/I
    AR14                 INBUF (Prop_INBUF_HPIOB_M_PAD_O)
                                                      0.336     4.336 r  clk_IBUF_inst/INBUF_INST/O
                         net (fo=1, routed)           0.000     4.336    clk_IBUF_inst/OUT
    AR14                 IBUFCTRL (Prop_IBUFCTRL_HPIOB_M_I_O)
                                                      0.000     4.336 r  clk_IBUF_inst/IBUFCTRL_INST/O
                         net (fo=1, routed)           0.287     4.623    clk_IBUF
    BUFGCE_X0Y170        BUFGCE (Prop_BUFCE_BUFGCE_I_O)
                                                      0.024     4.647 r  clk_IBUF_BUFG_inst/O
    X3Y5 (CLOCK_ROOT)    net (fo=20022, routed)       1.850     6.497    SharedReg60_instance/clk_IBUF_BUFG
    SLICE_X107Y361       FDCE                                         r  SharedReg60_instance/Y_reg[28]/C
                         clock pessimism              0.437     6.934    
                         clock uncertainty           -0.035     6.898    
    SLICE_X107Y361       FDCE (Setup_BFF_SLICEM_C_D)
                                                      0.025     6.923    SharedReg60_instance/Y_reg[28]
  -------------------------------------------------------------------
                         required time                          6.923    
                         arrival time                          -6.395    
  -------------------------------------------------------------------
                         slack                                  0.528    




