Copyright 1986-2018 Xilinx, Inc. All Rights Reserved.
------------------------------------------------------------------------------------------------------------------------------------------------------------------------------------------------
| Tool Version      : Vivado v.2018.1 (lin64) Build 2188600 Wed Apr  4 18:39:19 MDT 2018
| Date              : Fri Aug 27 03:21:25 2021
| Host              : animal.digi.e-technik.uni-kassel.de running 64-bit AlmaLinux release 8.3 (Purple Manul)
| Command           : report_timing -file /home/nfiege/Repositories/origami/vhdl/ratII/synth/fir_SAM/UniformILPNew/fir_SAM_UniformILPNew_333_ultrascale2_250/implementedSystem_timing_synth.rpt
| Design            : implementedSystem_toplevel
| Device            : xcvu13p-fhga2104
| Speed File        : -2  PRODUCTION 1.19 03-17-2018
| Temperature Grade : E
------------------------------------------------------------------------------------------------------------------------------------------------------------------------------------------------

Timing Report

Slack (MET) :             0.260ns  (required time - arrival time)
  Source:                 SharedReg137_instance/s44_reg_c/C
                            (rising edge-triggered cell FDCE clocked by clk  {rise@0.000ns fall@2.000ns period=4.000ns})
  Destination:            SharedReg95_instance/Y_reg[30]/D
                            (rising edge-triggered cell FDCE clocked by clk  {rise@0.000ns fall@2.000ns period=4.000ns})
  Path Group:             clk
  Path Type:              Setup (Max at Slow Process Corner)
  Requirement:            4.000ns  (clk rise@4.000ns - clk rise@0.000ns)
  Data Path Delay:        3.596ns  (logic 0.228ns (6.340%)  route 3.368ns (93.660%))
  Logic Levels:           1  (LUT2=1)
  Clock Path Skew:        -0.134ns (DCD - SCD + CPR)
    Destination Clock Delay (DCD):    2.985ns = ( 6.985 - 4.000 ) 
    Source Clock Delay      (SCD):    3.537ns
    Clock Pessimism Removal (CPR):    0.419ns
  Clock Uncertainty:      0.035ns  ((TSJ^2 + TIJ^2)^1/2 + DJ) / 2 + PE
    Total System Jitter     (TSJ):    0.071ns
    Total Input Jitter      (TIJ):    0.000ns
    Discrete Jitter          (DJ):    0.000ns
    Phase Error              (PE):    0.000ns
  Clock Net Delay (Source):      2.600ns (routing 1.409ns, distribution 1.191ns)
  Clock Net Delay (Destination): 2.338ns (routing 1.281ns, distribution 1.057ns)

    Location             Delay type                Incr(ns)  Path(ns)    Netlist Resource(s)
  -------------------------------------------------------------------    -------------------
                         (clock clk rise edge)        0.000     0.000 r  
    AR14                                              0.000     0.000 r  clk (IN)
                         net (fo=0)                   0.000     0.000    clk_IBUF_inst/I
    AR14                 INBUF (Prop_INBUF_HPIOB_M_PAD_O)
                                                      0.586     0.586 r  clk_IBUF_inst/INBUF_INST/O
                         net (fo=1, routed)           0.000     0.586    clk_IBUF_inst/OUT
    AR14                 IBUFCTRL (Prop_IBUFCTRL_HPIOB_M_I_O)
                                                      0.000     0.586 r  clk_IBUF_inst/IBUFCTRL_INST/O
                         net (fo=1, routed)           0.323     0.909    clk_IBUF
    BUFGCE_X0Y170        BUFGCE (Prop_BUFCE_BUFGCE_I_O)
                                                      0.028     0.937 r  clk_IBUF_BUFG_inst/O
    X2Y5 (CLOCK_ROOT)    net (fo=21173, routed)       2.600     3.537    SharedReg137_instance/clk
    SLICE_X107Y303       FDCE                                         r  SharedReg137_instance/s44_reg_c/C
  -------------------------------------------------------------------    -------------------
    SLICE_X107Y303       FDCE (Prop_FFF2_SLICEM_C_Q)
                                                      0.079     3.616 r  SharedReg137_instance/s44_reg_c/Q
                         net (fo=103, routed)         3.320     6.936    SharedReg95_instance/s44_reg_c
    SLICE_X108Y395       LUT2 (Prop_A6LUT_SLICEL_I1_O)
                                                      0.149     7.085 r  SharedReg95_instance/s44_reg_gate__2/O
                         net (fo=1, routed)           0.048     7.133    SharedReg95_instance/s44_reg_gate__2_n_0
    SLICE_X108Y395       FDCE                                         r  SharedReg95_instance/Y_reg[30]/D
  -------------------------------------------------------------------    -------------------

                         (clock clk rise edge)        4.000     4.000 r  
    AR14                                              0.000     4.000 r  clk (IN)
                         net (fo=0)                   0.000     4.000    clk_IBUF_inst/I
    AR14                 INBUF (Prop_INBUF_HPIOB_M_PAD_O)
                                                      0.336     4.336 r  clk_IBUF_inst/INBUF_INST/O
                         net (fo=1, routed)           0.000     4.336    clk_IBUF_inst/OUT
    AR14                 IBUFCTRL (Prop_IBUFCTRL_HPIOB_M_I_O)
                                                      0.000     4.336 r  clk_IBUF_inst/IBUFCTRL_INST/O
                         net (fo=1, routed)           0.287     4.623    clk_IBUF
    BUFGCE_X0Y170        BUFGCE (Prop_BUFCE_BUFGCE_I_O)
                                                      0.024     4.647 r  clk_IBUF_BUFG_inst/O
    X2Y5 (CLOCK_ROOT)    net (fo=21173, routed)       2.338     6.985    SharedReg95_instance/clk
    SLICE_X108Y395       FDCE                                         r  SharedReg95_instance/Y_reg[30]/C
                         clock pessimism              0.419     7.403    
                         clock uncertainty           -0.035     7.368    
    SLICE_X108Y395       FDCE (Setup_AFF_SLICEL_C_D)
                                                      0.025     7.393    SharedReg95_instance/Y_reg[30]
  -------------------------------------------------------------------
                         required time                          7.393    
                         arrival time                          -7.133    
  -------------------------------------------------------------------
                         slack                                  0.260    




