Copyright 1986-2018 Xilinx, Inc. All Rights Reserved.
-----------------------------------------------------------------------------------------------------------------------------------------------------------------------------------------------
| Tool Version      : Vivado v.2018.1 (lin64) Build 2188600 Wed Apr  4 18:39:19 MDT 2018
| Date              : Sun Dec  6 04:42:17 2020
| Host              : animal.digi.e-technik.uni-kassel.de running 64-bit CentOS Linux release 7.8.2003 (Core)
| Command           : report_timing -file /home/nfiege/Repositories/origami/vhdl/ratII/synth/fir_SAM/NonUniformILP/fir_SAM_NonUniformILP_21_ultrascale2_250/implementedSystem_timing_synth.rpt
| Design            : implementedSystem_toplevel
| Device            : xcvu13p-fhga2104
| Speed File        : -2  PRODUCTION 1.19 03-17-2018
| Temperature Grade : E
-----------------------------------------------------------------------------------------------------------------------------------------------------------------------------------------------

Timing Report

Slack (MET) :             0.308ns  (required time - arrival time)
  Source:                 Delay244No_instance/s8_reg_c_rep__2/C
                            (rising edge-triggered cell FDCE clocked by clk  {rise@0.000ns fall@2.000ns period=4.000ns})
  Destination:            SharedReg165_instance/Y_reg[32]/D
                            (rising edge-triggered cell FDCE clocked by clk  {rise@0.000ns fall@2.000ns period=4.000ns})
  Path Group:             clk
  Path Type:              Setup (Max at Slow Process Corner)
  Requirement:            4.000ns  (clk rise@4.000ns - clk rise@0.000ns)
  Data Path Delay:        3.345ns  (logic 0.129ns (3.857%)  route 3.216ns (96.144%))
  Logic Levels:           1  (LUT2=1)
  Clock Path Skew:        -0.337ns (DCD - SCD + CPR)
    Destination Clock Delay (DCD):    2.791ns = ( 6.791 - 4.000 ) 
    Source Clock Delay      (SCD):    3.592ns
    Clock Pessimism Removal (CPR):    0.464ns
  Clock Uncertainty:      0.035ns  ((TSJ^2 + TIJ^2)^1/2 + DJ) / 2 + PE
    Total System Jitter     (TSJ):    0.071ns
    Total Input Jitter      (TIJ):    0.000ns
    Discrete Jitter          (DJ):    0.000ns
    Phase Error              (PE):    0.000ns
  Clock Net Delay (Source):      2.641ns (routing 1.167ns, distribution 1.474ns)
  Clock Net Delay (Destination): 2.131ns (routing 1.060ns, distribution 1.071ns)

    Location             Delay type                Incr(ns)  Path(ns)    Netlist Resource(s)
  -------------------------------------------------------------------    -------------------
                         (clock clk rise edge)        0.000     0.000 r  
    AU14                                              0.000     0.000 r  clk (IN)
                         net (fo=0)                   0.000     0.000    clk_IBUF_inst/I
    AU14                 INBUF (Prop_INBUF_HPIOB_M_PAD_O)
                                                      0.600     0.600 r  clk_IBUF_inst/INBUF_INST/O
                         net (fo=1, routed)           0.000     0.600    clk_IBUF_inst/OUT
    AU14                 IBUFCTRL (Prop_IBUFCTRL_HPIOB_M_I_O)
                                                      0.000     0.600 r  clk_IBUF_inst/IBUFCTRL_INST/O
                         net (fo=1, routed)           0.323     0.923    clk_IBUF
    BUFGCE_X0Y170        BUFGCE (Prop_BUFCE_BUFGCE_I_O)
                                                      0.028     0.951 r  clk_IBUF_BUFG_inst/O
    X3Y5 (CLOCK_ROOT)    net (fo=71459, routed)       2.641     3.592    Delay244No_instance/clk_IBUF_BUFG
    SLICE_X149Y304       FDCE                                         r  Delay244No_instance/s8_reg_c_rep__2/C
  -------------------------------------------------------------------    -------------------
    SLICE_X149Y304       FDCE (Prop_FFF_SLICEM_C_Q)
                                                      0.076     3.668 r  Delay244No_instance/s8_reg_c_rep__2/Q
                         net (fo=113, routed)         3.158     6.826    SharedReg165_instance/s8_reg_c_rep__2
    SLICE_X94Y333        LUT2 (Prop_H6LUT_SLICEM_I1_O)
                                                      0.053     6.879 r  SharedReg165_instance/s8_reg_gate__0/O
                         net (fo=1, routed)           0.058     6.937    SharedReg165_instance/s8_reg_gate__0_n_0
    SLICE_X94Y333        FDCE                                         r  SharedReg165_instance/Y_reg[32]/D
  -------------------------------------------------------------------    -------------------

                         (clock clk rise edge)        4.000     4.000 r  
    AU14                                              0.000     4.000 r  clk (IN)
                         net (fo=0)                   0.000     4.000    clk_IBUF_inst/I
    AU14                 INBUF (Prop_INBUF_HPIOB_M_PAD_O)
                                                      0.349     4.349 r  clk_IBUF_inst/INBUF_INST/O
                         net (fo=1, routed)           0.000     4.349    clk_IBUF_inst/OUT
    AU14                 IBUFCTRL (Prop_IBUFCTRL_HPIOB_M_I_O)
                                                      0.000     4.349 r  clk_IBUF_inst/IBUFCTRL_INST/O
                         net (fo=1, routed)           0.287     4.636    clk_IBUF
    BUFGCE_X0Y170        BUFGCE (Prop_BUFCE_BUFGCE_I_O)
                                                      0.024     4.660 r  clk_IBUF_BUFG_inst/O
    X3Y5 (CLOCK_ROOT)    net (fo=71459, routed)       2.131     6.791    SharedReg165_instance/clk_IBUF_BUFG
    SLICE_X94Y333        FDCE                                         r  SharedReg165_instance/Y_reg[32]/C
                         clock pessimism              0.464     7.255    
                         clock uncertainty           -0.035     7.220    
    SLICE_X94Y333        FDCE (Setup_HFF_SLICEM_C_D)
                                                      0.025     7.245    SharedReg165_instance/Y_reg[32]
  -------------------------------------------------------------------
                         required time                          7.245    
                         arrival time                          -6.937    
  -------------------------------------------------------------------
                         slack                                  0.308    




