Copyright 1986-2018 Xilinx, Inc. All Rights Reserved.
------------------------------------------------------------------------------------------------------------------------------------------------------------------------------------------------
| Tool Version      : Vivado v.2018.1 (lin64) Build 2188600 Wed Apr  4 18:39:19 MDT 2018
| Date              : Tue Dec  8 21:06:33 2020
| Host              : animal.digi.e-technik.uni-kassel.de running 64-bit CentOS Linux release 7.8.2003 (Core)
| Command           : report_timing -file /home/nfiege/Repositories/origami/vhdl/ratII/synth/fir_SAM/NonUniformILP/fir_SAM_NonUniformILP_393_ultrascale2_250/implementedSystem_timing_synth.rpt
| Design            : implementedSystem_toplevel
| Device            : xcvu13p-fhga2104
| Speed File        : -2  PRODUCTION 1.19 03-17-2018
| Temperature Grade : E
------------------------------------------------------------------------------------------------------------------------------------------------------------------------------------------------

Timing Report

Slack (MET) :             0.125ns  (required time - arrival time)
  Source:                 Delay95No2_instance/s4_reg_c_rep/C
                            (rising edge-triggered cell FDCE clocked by clk  {rise@0.000ns fall@2.000ns period=4.000ns})
  Destination:            SharedReg161_instance/Y_reg[2]/D
                            (rising edge-triggered cell FDCE clocked by clk  {rise@0.000ns fall@2.000ns period=4.000ns})
  Path Group:             clk
  Path Type:              Setup (Max at Slow Process Corner)
  Requirement:            4.000ns  (clk rise@4.000ns - clk rise@0.000ns)
  Data Path Delay:        3.603ns  (logic 0.132ns (3.664%)  route 3.471ns (96.336%))
  Logic Levels:           1  (LUT2=1)
  Clock Path Skew:        -0.262ns (DCD - SCD + CPR)
    Destination Clock Delay (DCD):    3.263ns = ( 7.263 - 4.000 ) 
    Source Clock Delay      (SCD):    3.985ns
    Clock Pessimism Removal (CPR):    0.460ns
  Clock Uncertainty:      0.035ns  ((TSJ^2 + TIJ^2)^1/2 + DJ) / 2 + PE
    Total System Jitter     (TSJ):    0.071ns
    Total Input Jitter      (TIJ):    0.000ns
    Discrete Jitter          (DJ):    0.000ns
    Phase Error              (PE):    0.000ns
  Clock Net Delay (Source):      3.034ns (routing 1.832ns, distribution 1.202ns)
  Clock Net Delay (Destination): 2.603ns (routing 1.663ns, distribution 0.940ns)

    Location             Delay type                Incr(ns)  Path(ns)    Netlist Resource(s)
  -------------------------------------------------------------------    -------------------
                         (clock clk rise edge)        0.000     0.000 r  
    AU14                                              0.000     0.000 r  clk (IN)
                         net (fo=0)                   0.000     0.000    clk_IBUF_inst/I
    AU14                 INBUF (Prop_INBUF_HPIOB_M_PAD_O)
                                                      0.600     0.600 r  clk_IBUF_inst/INBUF_INST/O
                         net (fo=1, routed)           0.000     0.600    clk_IBUF_inst/OUT
    AU14                 IBUFCTRL (Prop_IBUFCTRL_HPIOB_M_I_O)
                                                      0.000     0.600 r  clk_IBUF_inst/IBUFCTRL_INST/O
                         net (fo=1, routed)           0.323     0.923    clk_IBUF
    BUFGCE_X0Y170        BUFGCE (Prop_BUFCE_BUFGCE_I_O)
                                                      0.028     0.951 r  clk_IBUF_BUFG_inst/O
    X3Y2 (CLOCK_ROOT)    net (fo=41038, routed)       3.034     3.985    Delay95No2_instance/clk_IBUF_BUFG
    SLR Crossing[1->0]   
    SLICE_X117Y190       FDCE                                         r  Delay95No2_instance/s4_reg_c_rep/C
  -------------------------------------------------------------------    -------------------
    SLICE_X117Y190       FDCE (Prop_EFF2_SLICEL_C_Q)
                                                      0.081     4.066 r  Delay95No2_instance/s4_reg_c_rep/Q
                         net (fo=133, routed)         3.422     7.488    SharedReg161_instance/s4_reg_c_rep
    SLICE_X116Y109       LUT2 (Prop_B6LUT_SLICEL_I1_O)
                                                      0.051     7.539 r  SharedReg161_instance/s4_reg_gate__30/O
                         net (fo=1, routed)           0.049     7.588    SharedReg161_instance/s4_reg_gate__30_n_0
    SLICE_X116Y109       FDCE                                         r  SharedReg161_instance/Y_reg[2]/D
  -------------------------------------------------------------------    -------------------

                         (clock clk rise edge)        4.000     4.000 r  
    AU14                                              0.000     4.000 r  clk (IN)
                         net (fo=0)                   0.000     4.000    clk_IBUF_inst/I
    AU14                 INBUF (Prop_INBUF_HPIOB_M_PAD_O)
                                                      0.349     4.349 r  clk_IBUF_inst/INBUF_INST/O
                         net (fo=1, routed)           0.000     4.349    clk_IBUF_inst/OUT
    AU14                 IBUFCTRL (Prop_IBUFCTRL_HPIOB_M_I_O)
                                                      0.000     4.349 r  clk_IBUF_inst/IBUFCTRL_INST/O
                         net (fo=1, routed)           0.287     4.636    clk_IBUF
    BUFGCE_X0Y170        BUFGCE (Prop_BUFCE_BUFGCE_I_O)
                                                      0.024     4.660 r  clk_IBUF_BUFG_inst/O
    X3Y2 (CLOCK_ROOT)    net (fo=41038, routed)       2.603     7.263    SharedReg161_instance/clk_IBUF_BUFG
    SLR Crossing[1->0]   
    SLICE_X116Y109       FDCE                                         r  SharedReg161_instance/Y_reg[2]/C
                         clock pessimism              0.460     7.723    
                         clock uncertainty           -0.035     7.688    
    SLICE_X116Y109       FDCE (Setup_BFF_SLICEL_C_D)
                                                      0.025     7.713    SharedReg161_instance/Y_reg[2]
  -------------------------------------------------------------------
                         required time                          7.713    
                         arrival time                          -7.588    
  -------------------------------------------------------------------
                         slack                                  0.125    




