Copyright 1986-2018 Xilinx, Inc. All Rights Reserved.
----------------------------------------------------------------------------------------------------------------------------------------------------------------------------------------------------
| Tool Version      : Vivado v.2018.1 (lin64) Build 2188600 Wed Apr  4 18:39:19 MDT 2018
| Date              : Fri Apr 24 13:03:51 2020
| Host              : animal.digi.e-technik.uni-kassel.de running 64-bit CentOS Linux release 7.7.1908 (Core)
| Command           : report_timing -file /home/nfiege/Repositories/origami/vhdl/ratII/synth/iir_sos16/NonUniformILP/iir_sos16_NonUniformILP_118_ultrascale2_250/implementedSystem_timing_synth.rpt
| Design            : implementedSystem_toplevel
| Device            : xcvu13p-fhga2104
| Speed File        : -2  PRODUCTION 1.19 03-17-2018
| Temperature Grade : E
----------------------------------------------------------------------------------------------------------------------------------------------------------------------------------------------------

Timing Report

Slack (MET) :             0.373ns  (required time - arrival time)
  Source:                 ModCount641_instance/count_reg[4]_rep__0/C
                            (rising edge-triggered cell FDCE clocked by clk  {rise@0.000ns fall@2.000ns period=4.000ns})
  Destination:            Delay1No3_instance/Y_reg[24]/D
                            (rising edge-triggered cell FDCE clocked by clk  {rise@0.000ns fall@2.000ns period=4.000ns})
  Path Group:             clk
  Path Type:              Setup (Max at Slow Process Corner)
  Requirement:            4.000ns  (clk rise@4.000ns - clk rise@0.000ns)
  Data Path Delay:        3.560ns  (logic 0.224ns (6.292%)  route 3.336ns (93.708%))
  Logic Levels:           1  (LUT6=1)
  Clock Path Skew:        -0.057ns (DCD - SCD + CPR)
    Destination Clock Delay (DCD):    2.265ns = ( 6.265 - 4.000 ) 
    Source Clock Delay      (SCD):    2.678ns
    Clock Pessimism Removal (CPR):    0.356ns
  Clock Uncertainty:      0.035ns  ((TSJ^2 + TIJ^2)^1/2 + DJ) / 2 + PE
    Total System Jitter     (TSJ):    0.071ns
    Total Input Jitter      (TIJ):    0.000ns
    Discrete Jitter          (DJ):    0.000ns
    Phase Error              (PE):    0.000ns
  Clock Net Delay (Source):      1.727ns (routing 0.711ns, distribution 1.016ns)
  Clock Net Delay (Destination): 1.605ns (routing 0.646ns, distribution 0.959ns)

    Location             Delay type                Incr(ns)  Path(ns)    Netlist Resource(s)
  -------------------------------------------------------------------    -------------------
                         (clock clk rise edge)        0.000     0.000 r  
    AP13                                              0.000     0.000 r  clk (IN)
                         net (fo=0)                   0.000     0.000    clk_IBUF_inst/I
    AP13                 INBUF (Prop_INBUF_HPIOB_M_PAD_O)
                                                      0.600     0.600 r  clk_IBUF_inst/INBUF_INST/O
                         net (fo=1, routed)           0.000     0.600    clk_IBUF_inst/OUT
    AP13                 IBUFCTRL (Prop_IBUFCTRL_HPIOB_M_I_O)
                                                      0.000     0.600 r  clk_IBUF_inst/IBUFCTRL_INST/O
                         net (fo=1, routed)           0.323     0.923    clk_IBUF
    BUFGCE_X0Y170        BUFGCE (Prop_BUFCE_BUFGCE_I_O)
                                                      0.028     0.951 r  clk_IBUF_BUFG_inst/O
    X4Y6 (CLOCK_ROOT)    net (fo=19440, routed)       1.727     2.678    ModCount641_instance/clk
    SLICE_X126Y409       FDCE                                         r  ModCount641_instance/count_reg[4]_rep__0/C
  -------------------------------------------------------------------    -------------------
    SLICE_X126Y409       FDCE (Prop_DFF_SLICEM_C_Q)
                                                      0.078     2.756 r  ModCount641_instance/count_reg[4]_rep__0/Q
                         net (fo=74, routed)          3.287     6.043    MUX_Product_2_impl_1_instance/count_reg[4]_rep__0
    SLICE_X136Y469       LUT6 (Prop_D6LUT_SLICEL_I4_O)
                                                      0.146     6.189 r  MUX_Product_2_impl_1_instance/Y[24]_i_1/O
                         net (fo=1, routed)           0.049     6.238    Delay1No3_instance/count_reg[5][24]
    SLICE_X136Y469       FDCE                                         r  Delay1No3_instance/Y_reg[24]/D
  -------------------------------------------------------------------    -------------------

                         (clock clk rise edge)        4.000     4.000 r  
    AP13                                              0.000     4.000 r  clk (IN)
                         net (fo=0)                   0.000     4.000    clk_IBUF_inst/I
    AP13                 INBUF (Prop_INBUF_HPIOB_M_PAD_O)
                                                      0.349     4.349 r  clk_IBUF_inst/INBUF_INST/O
                         net (fo=1, routed)           0.000     4.349    clk_IBUF_inst/OUT
    AP13                 IBUFCTRL (Prop_IBUFCTRL_HPIOB_M_I_O)
                                                      0.000     4.349 r  clk_IBUF_inst/IBUFCTRL_INST/O
                         net (fo=1, routed)           0.287     4.636    clk_IBUF
    BUFGCE_X0Y170        BUFGCE (Prop_BUFCE_BUFGCE_I_O)
                                                      0.024     4.660 r  clk_IBUF_BUFG_inst/O
    X4Y6 (CLOCK_ROOT)    net (fo=19440, routed)       1.605     6.265    Delay1No3_instance/clk
    SLICE_X136Y469       FDCE                                         r  Delay1No3_instance/Y_reg[24]/C
                         clock pessimism              0.356     6.621    
                         clock uncertainty           -0.035     6.585    
    SLICE_X136Y469       FDCE (Setup_DFF_SLICEL_C_D)
                                                      0.025     6.610    Delay1No3_instance/Y_reg[24]
  -------------------------------------------------------------------
                         required time                          6.610    
                         arrival time                          -6.238    
  -------------------------------------------------------------------
                         slack                                  0.373    




