Copyright 1986-2018 Xilinx, Inc. All Rights Reserved.
---------------------------------------------------------------------------------------------------------------------------------------------------------------------------------------------------
| Tool Version      : Vivado v.2018.1 (lin64) Build 2188600 Wed Apr  4 18:39:19 MDT 2018
| Date              : Thu Aug 26 03:17:33 2021
| Host              : animal.digi.e-technik.uni-kassel.de running 64-bit AlmaLinux release 8.3 (Purple Manul)
| Command           : report_timing -file /home/nfiege/Repositories/origami/vhdl/ratII/synth/iir_sos16/UniformILPNew/iir_sos16_UniformILPNew_58_ultrascale2_250/implementedSystem_timing_synth.rpt
| Design            : implementedSystem_toplevel
| Device            : xcvu13p-fhga2104
| Speed File        : -2  PRODUCTION 1.19 03-17-2018
| Temperature Grade : E
---------------------------------------------------------------------------------------------------------------------------------------------------------------------------------------------------

Timing Report

Slack (MET) :             0.286ns  (required time - arrival time)
  Source:                 ModCount641_instance/count_reg[5]_rep/C
                            (rising edge-triggered cell FDCE clocked by clk  {rise@0.000ns fall@2.000ns period=4.000ns})
  Destination:            Delay1No23_instance/Y_reg[0]/D
                            (rising edge-triggered cell FDCE clocked by clk  {rise@0.000ns fall@2.000ns period=4.000ns})
  Path Group:             clk
  Path Type:              Setup (Max at Slow Process Corner)
  Requirement:            4.000ns  (clk rise@4.000ns - clk rise@0.000ns)
  Data Path Delay:        3.531ns  (logic 0.201ns (5.692%)  route 3.330ns (94.308%))
  Logic Levels:           1  (LUT6=1)
  Clock Path Skew:        -0.173ns (DCD - SCD + CPR)
    Destination Clock Delay (DCD):    3.216ns = ( 7.216 - 4.000 ) 
    Source Clock Delay      (SCD):    3.849ns
    Clock Pessimism Removal (CPR):    0.460ns
  Clock Uncertainty:      0.035ns  ((TSJ^2 + TIJ^2)^1/2 + DJ) / 2 + PE
    Total System Jitter     (TSJ):    0.071ns
    Total Input Jitter      (TIJ):    0.000ns
    Discrete Jitter          (DJ):    0.000ns
    Phase Error              (PE):    0.000ns
  Clock Net Delay (Source):      2.898ns (routing 1.832ns, distribution 1.066ns)
  Clock Net Delay (Destination): 2.556ns (routing 1.663ns, distribution 0.893ns)

    Location             Delay type                Incr(ns)  Path(ns)    Netlist Resource(s)
  -------------------------------------------------------------------    -------------------
                         (clock clk rise edge)        0.000     0.000 r  
    AP13                                              0.000     0.000 r  clk (IN)
                         net (fo=0)                   0.000     0.000    clk_IBUF_inst/I
    AP13                 INBUF (Prop_INBUF_HPIOB_M_PAD_O)
                                                      0.600     0.600 r  clk_IBUF_inst/INBUF_INST/O
                         net (fo=1, routed)           0.000     0.600    clk_IBUF_inst/OUT
    AP13                 IBUFCTRL (Prop_IBUFCTRL_HPIOB_M_I_O)
                                                      0.000     0.600 r  clk_IBUF_inst/IBUFCTRL_INST/O
                         net (fo=1, routed)           0.323     0.923    clk_IBUF
    BUFGCE_X0Y170        BUFGCE (Prop_BUFCE_BUFGCE_I_O)
                                                      0.028     0.951 r  clk_IBUF_BUFG_inst/O
    X3Y2 (CLOCK_ROOT)    net (fo=14925, routed)       2.898     3.849    ModCount641_instance/clk_IBUF_BUFG
    SLR Crossing[1->0]   
    SLICE_X135Y217       FDCE                                         r  ModCount641_instance/count_reg[5]_rep/C
  -------------------------------------------------------------------    -------------------
    SLICE_X135Y217       FDCE (Prop_BFF_SLICEL_C_Q)
                                                      0.079     3.928 r  ModCount641_instance/count_reg[5]_rep/Q
                         net (fo=68, routed)          3.258     7.186    MUX_Sum1_2_impl_1_instance/count_reg[5]_rep
    SLICE_X129Y166       LUT6 (Prop_D6LUT_SLICEM_I2_O)
                                                      0.122     7.308 r  MUX_Sum1_2_impl_1_instance/Y[0]_i_1/O
                         net (fo=1, routed)           0.072     7.380    Delay1No23_instance/count_reg[5]_rep[0]
    SLICE_X129Y166       FDCE                                         r  Delay1No23_instance/Y_reg[0]/D
  -------------------------------------------------------------------    -------------------

                         (clock clk rise edge)        4.000     4.000 r  
    AP13                                              0.000     4.000 r  clk (IN)
                         net (fo=0)                   0.000     4.000    clk_IBUF_inst/I
    AP13                 INBUF (Prop_INBUF_HPIOB_M_PAD_O)
                                                      0.349     4.349 r  clk_IBUF_inst/INBUF_INST/O
                         net (fo=1, routed)           0.000     4.349    clk_IBUF_inst/OUT
    AP13                 IBUFCTRL (Prop_IBUFCTRL_HPIOB_M_I_O)
                                                      0.000     4.349 r  clk_IBUF_inst/IBUFCTRL_INST/O
                         net (fo=1, routed)           0.287     4.636    clk_IBUF
    BUFGCE_X0Y170        BUFGCE (Prop_BUFCE_BUFGCE_I_O)
                                                      0.024     4.660 r  clk_IBUF_BUFG_inst/O
    X3Y2 (CLOCK_ROOT)    net (fo=14925, routed)       2.556     7.216    Delay1No23_instance/clk_IBUF_BUFG
    SLR Crossing[1->0]   
    SLICE_X129Y166       FDCE                                         r  Delay1No23_instance/Y_reg[0]/C
                         clock pessimism              0.460     7.676    
                         clock uncertainty           -0.035     7.640    
    SLICE_X129Y166       FDCE (Setup_DFF_SLICEM_C_D)
                                                      0.025     7.665    Delay1No23_instance/Y_reg[0]
  -------------------------------------------------------------------
                         required time                          7.665    
                         arrival time                          -7.380    
  -------------------------------------------------------------------
                         slack                                  0.286    




