Copyright 1986-2018 Xilinx, Inc. All Rights Reserved.
------------------------------------------------------------------------------------------------------------------------------------------------------------------------------------------------
| Tool Version      : Vivado v.2018.1 (lin64) Build 2188600 Wed Apr  4 18:39:19 MDT 2018
| Date              : Tue Dec  8 09:48:38 2020
| Host              : animal.digi.e-technik.uni-kassel.de running 64-bit CentOS Linux release 7.8.2003 (Core)
| Command           : report_timing -file /home/nfiege/Repositories/origami/vhdl/ratII/synth/fir_SAM/NonUniformILP/fir_SAM_NonUniformILP_472_ultrascale2_250/implementedSystem_timing_synth.rpt
| Design            : implementedSystem_toplevel
| Device            : xcvu13p-fhga2104
| Speed File        : -2  PRODUCTION 1.19 03-17-2018
| Temperature Grade : E
------------------------------------------------------------------------------------------------------------------------------------------------------------------------------------------------

Timing Report

Slack (MET) :             0.307ns  (required time - arrival time)
  Source:                 Delay178No_instance/s21_reg_c/C
                            (rising edge-triggered cell FDCE clocked by clk  {rise@0.000ns fall@2.000ns period=4.000ns})
  Destination:            SharedReg213_instance/Y_reg[4]/D
                            (rising edge-triggered cell FDCE clocked by clk  {rise@0.000ns fall@2.000ns period=4.000ns})
  Path Group:             clk
  Path Type:              Setup (Max at Slow Process Corner)
  Requirement:            4.000ns  (clk rise@4.000ns - clk rise@0.000ns)
  Data Path Delay:        3.449ns  (logic 0.201ns (5.828%)  route 3.248ns (94.172%))
  Logic Levels:           1  (LUT2=1)
  Clock Path Skew:        -0.234ns (DCD - SCD + CPR)
    Destination Clock Delay (DCD):    2.505ns = ( 6.505 - 4.000 ) 
    Source Clock Delay      (SCD):    3.123ns
    Clock Pessimism Removal (CPR):    0.384ns
  Clock Uncertainty:      0.035ns  ((TSJ^2 + TIJ^2)^1/2 + DJ) / 2 + PE
    Total System Jitter     (TSJ):    0.071ns
    Total Input Jitter      (TIJ):    0.000ns
    Discrete Jitter          (DJ):    0.000ns
    Phase Error              (PE):    0.000ns
  Clock Net Delay (Source):      2.172ns (routing 1.032ns, distribution 1.140ns)
  Clock Net Delay (Destination): 1.845ns (routing 0.939ns, distribution 0.906ns)

    Location             Delay type                Incr(ns)  Path(ns)    Netlist Resource(s)
  -------------------------------------------------------------------    -------------------
                         (clock clk rise edge)        0.000     0.000 r  
    AU14                                              0.000     0.000 r  clk (IN)
                         net (fo=0)                   0.000     0.000    clk_IBUF_inst/I
    AU14                 INBUF (Prop_INBUF_HPIOB_M_PAD_O)
                                                      0.600     0.600 r  clk_IBUF_inst/INBUF_INST/O
                         net (fo=1, routed)           0.000     0.600    clk_IBUF_inst/OUT
    AU14                 IBUFCTRL (Prop_IBUFCTRL_HPIOB_M_I_O)
                                                      0.000     0.600 r  clk_IBUF_inst/IBUFCTRL_INST/O
                         net (fo=1, routed)           0.323     0.923    clk_IBUF
    BUFGCE_X0Y170        BUFGCE (Prop_BUFCE_BUFGCE_I_O)
                                                      0.028     0.951 r  clk_IBUF_BUFG_inst/O
    X3Y9 (CLOCK_ROOT)    net (fo=39479, routed)       2.172     3.123    Delay178No_instance/clk_IBUF_BUFG
    SLR Crossing[1->2]   
    SLICE_X116Y606       FDCE                                         r  Delay178No_instance/s21_reg_c/C
  -------------------------------------------------------------------    -------------------
    SLICE_X116Y606       FDCE (Prop_EFF_SLICEL_C_Q)
                                                      0.079     3.202 r  Delay178No_instance/s21_reg_c/Q
                         net (fo=146, routed)         3.176     6.378    SharedReg213_instance/s21_reg_c
    SLICE_X109Y512       LUT2 (Prop_D6LUT_SLICEM_I1_O)
                                                      0.122     6.500 r  SharedReg213_instance/s21_reg_gate__28/O
                         net (fo=1, routed)           0.072     6.572    SharedReg213_instance/s21_reg_gate__28_n_0
    SLICE_X109Y512       FDCE                                         r  SharedReg213_instance/Y_reg[4]/D
  -------------------------------------------------------------------    -------------------

                         (clock clk rise edge)        4.000     4.000 r  
    AU14                                              0.000     4.000 r  clk (IN)
                         net (fo=0)                   0.000     4.000    clk_IBUF_inst/I
    AU14                 INBUF (Prop_INBUF_HPIOB_M_PAD_O)
                                                      0.349     4.349 r  clk_IBUF_inst/INBUF_INST/O
                         net (fo=1, routed)           0.000     4.349    clk_IBUF_inst/OUT
    AU14                 IBUFCTRL (Prop_IBUFCTRL_HPIOB_M_I_O)
                                                      0.000     4.349 r  clk_IBUF_inst/IBUFCTRL_INST/O
                         net (fo=1, routed)           0.287     4.636    clk_IBUF
    BUFGCE_X0Y170        BUFGCE (Prop_BUFCE_BUFGCE_I_O)
                                                      0.024     4.660 r  clk_IBUF_BUFG_inst/O
    X3Y9 (CLOCK_ROOT)    net (fo=39479, routed)       1.845     6.505    SharedReg213_instance/clk
    SLR Crossing[1->2]   
    SLICE_X109Y512       FDCE                                         r  SharedReg213_instance/Y_reg[4]/C
                         clock pessimism              0.384     6.889    
                         clock uncertainty           -0.035     6.854    
    SLICE_X109Y512       FDCE (Setup_DFF_SLICEM_C_D)
                                                      0.025     6.879    SharedReg213_instance/Y_reg[4]
  -------------------------------------------------------------------
                         required time                          6.879    
                         arrival time                          -6.572    
  -------------------------------------------------------------------
                         slack                                  0.307    




