Copyright 1986-2018 Xilinx, Inc. All Rights Reserved.
---------------------------------------------------------------------------------------------------------------------------------------------------------------------------------------------------
| Tool Version      : Vivado v.2018.1 (lin64) Build 2188600 Wed Apr  4 18:39:19 MDT 2018
| Date              : Thu Aug 26 12:22:44 2021
| Host              : animal.digi.e-technik.uni-kassel.de running 64-bit AlmaLinux release 8.3 (Purple Manul)
| Command           : report_timing -file /home/nfiege/Repositories/origami/vhdl/ratII/synth/iir_sos16/UniformILPNew/iir_sos16_UniformILPNew_33_ultrascale2_250/implementedSystem_timing_synth.rpt
| Design            : implementedSystem_toplevel
| Device            : xcvu13p-fhga2104
| Speed File        : -2  PRODUCTION 1.19 03-17-2018
| Temperature Grade : E
---------------------------------------------------------------------------------------------------------------------------------------------------------------------------------------------------

Timing Report

Slack (MET) :             0.257ns  (required time - arrival time)
  Source:                 ModCount641_instance/count_reg[5]_rep/C
                            (rising edge-triggered cell FDCE clocked by clk  {rise@0.000ns fall@2.000ns period=4.000ns})
  Destination:            Delay1No18_instance/Y_reg[15]/D
                            (rising edge-triggered cell FDCE clocked by clk  {rise@0.000ns fall@2.000ns period=4.000ns})
  Path Group:             clk
  Path Type:              Setup (Max at Slow Process Corner)
  Requirement:            4.000ns  (clk rise@4.000ns - clk rise@0.000ns)
  Data Path Delay:        3.656ns  (logic 0.149ns (4.075%)  route 3.507ns (95.925%))
  Logic Levels:           1  (MUXF7=1)
  Clock Path Skew:        -0.077ns (DCD - SCD + CPR)
    Destination Clock Delay (DCD):    3.230ns = ( 7.230 - 4.000 ) 
    Source Clock Delay      (SCD):    3.818ns
    Clock Pessimism Removal (CPR):    0.511ns
  Clock Uncertainty:      0.035ns  ((TSJ^2 + TIJ^2)^1/2 + DJ) / 2 + PE
    Total System Jitter     (TSJ):    0.071ns
    Total Input Jitter      (TIJ):    0.000ns
    Discrete Jitter          (DJ):    0.000ns
    Phase Error              (PE):    0.000ns
  Clock Net Delay (Source):      2.867ns (routing 1.832ns, distribution 1.035ns)
  Clock Net Delay (Destination): 2.570ns (routing 1.663ns, distribution 0.907ns)

    Location             Delay type                Incr(ns)  Path(ns)    Netlist Resource(s)
  -------------------------------------------------------------------    -------------------
                         (clock clk rise edge)        0.000     0.000 r  
    AP13                                              0.000     0.000 r  clk (IN)
                         net (fo=0)                   0.000     0.000    clk_IBUF_inst/I
    AP13                 INBUF (Prop_INBUF_HPIOB_M_PAD_O)
                                                      0.600     0.600 r  clk_IBUF_inst/INBUF_INST/O
                         net (fo=1, routed)           0.000     0.600    clk_IBUF_inst/OUT
    AP13                 IBUFCTRL (Prop_IBUFCTRL_HPIOB_M_I_O)
                                                      0.000     0.600 r  clk_IBUF_inst/IBUFCTRL_INST/O
                         net (fo=1, routed)           0.323     0.923    clk_IBUF
    BUFGCE_X0Y170        BUFGCE (Prop_BUFCE_BUFGCE_I_O)
                                                      0.028     0.951 r  clk_IBUF_BUFG_inst/O
    X3Y2 (CLOCK_ROOT)    net (fo=13914, routed)       2.867     3.818    ModCount641_instance/clk_IBUF_BUFG
    SLR Crossing[1->0]   
    SLICE_X125Y228       FDCE                                         r  ModCount641_instance/count_reg[5]_rep/C
  -------------------------------------------------------------------    -------------------
    SLICE_X125Y228       FDCE (Prop_DFF_SLICEL_C_Q)
                                                      0.079     3.897 r  ModCount641_instance/count_reg[5]_rep/Q
                         net (fo=68, routed)          3.476     7.373    MUX_Sum1_0_impl_0_instance/count_reg[5]_rep
    SLICE_X123Y202       MUXF7 (Prop_F7MUX_GH_SLICEL_S_O)
                                                      0.070     7.443 r  MUX_Sum1_0_impl_0_instance/Y_reg[15]_i_1/O
                         net (fo=1, routed)           0.031     7.474    Delay1No18_instance/count_reg[5]_rep[15]
    SLICE_X123Y202       FDCE                                         r  Delay1No18_instance/Y_reg[15]/D
  -------------------------------------------------------------------    -------------------

                         (clock clk rise edge)        4.000     4.000 r  
    AP13                                              0.000     4.000 r  clk (IN)
                         net (fo=0)                   0.000     4.000    clk_IBUF_inst/I
    AP13                 INBUF (Prop_INBUF_HPIOB_M_PAD_O)
                                                      0.349     4.349 r  clk_IBUF_inst/INBUF_INST/O
                         net (fo=1, routed)           0.000     4.349    clk_IBUF_inst/OUT
    AP13                 IBUFCTRL (Prop_IBUFCTRL_HPIOB_M_I_O)
                                                      0.000     4.349 r  clk_IBUF_inst/IBUFCTRL_INST/O
                         net (fo=1, routed)           0.287     4.636    clk_IBUF
    BUFGCE_X0Y170        BUFGCE (Prop_BUFCE_BUFGCE_I_O)
                                                      0.024     4.660 r  clk_IBUF_BUFG_inst/O
    X3Y2 (CLOCK_ROOT)    net (fo=13914, routed)       2.570     7.230    Delay1No18_instance/clk_IBUF_BUFG
    SLR Crossing[1->0]   
    SLICE_X123Y202       FDCE                                         r  Delay1No18_instance/Y_reg[15]/C
                         clock pessimism              0.511     7.741    
                         clock uncertainty           -0.035     7.705    
    SLICE_X123Y202       FDCE (Setup_HFF_SLICEL_C_D)
                                                      0.025     7.730    Delay1No18_instance/Y_reg[15]
  -------------------------------------------------------------------
                         required time                          7.730    
                         arrival time                          -7.474    
  -------------------------------------------------------------------
                         slack                                  0.257    




