Copyright 1986-2018 Xilinx, Inc. All Rights Reserved.
-----------------------------------------------------------------------------------------------------------------------------------------------------------------------------------------------
| Tool Version      : Vivado v.2018.1 (lin64) Build 2188600 Wed Apr  4 18:39:19 MDT 2018
| Date              : Sat Aug 28 06:35:57 2021
| Host              : animal.digi.e-technik.uni-kassel.de running 64-bit AlmaLinux release 8.3 (Purple Manul)
| Command           : report_timing -file /home/nfiege/Repositories/origami/vhdl/ratII/synth/fir_SAM/UniformILPNew/fir_SAM_UniformILPNew_28_ultrascale2_250/implementedSystem_timing_synth.rpt
| Design            : implementedSystem_toplevel
| Device            : xcvu13p-fhga2104
| Speed File        : -2  PRODUCTION 1.19 03-17-2018
| Temperature Grade : E
-----------------------------------------------------------------------------------------------------------------------------------------------------------------------------------------------

Timing Report

Slack (MET) :             0.456ns  (required time - arrival time)
  Source:                 SharedReg351_instance/s5_reg_c_rep__2/C
                            (rising edge-triggered cell FDCE clocked by clk  {rise@0.000ns fall@2.000ns period=4.000ns})
  Destination:            SharedReg266_instance/Y_reg[30]/D
                            (rising edge-triggered cell FDCE clocked by clk  {rise@0.000ns fall@2.000ns period=4.000ns})
  Path Group:             clk
  Path Type:              Setup (Max at Slow Process Corner)
  Requirement:            4.000ns  (clk rise@4.000ns - clk rise@0.000ns)
  Data Path Delay:        3.414ns  (logic 0.205ns (6.005%)  route 3.209ns (93.995%))
  Logic Levels:           1  (LUT2=1)
  Clock Path Skew:        -0.120ns (DCD - SCD + CPR)
    Destination Clock Delay (DCD):    2.424ns = ( 6.424 - 4.000 ) 
    Source Clock Delay      (SCD):    2.920ns
    Clock Pessimism Removal (CPR):    0.376ns
  Clock Uncertainty:      0.035ns  ((TSJ^2 + TIJ^2)^1/2 + DJ) / 2 + PE
    Total System Jitter     (TSJ):    0.071ns
    Total Input Jitter      (TIJ):    0.000ns
    Discrete Jitter          (DJ):    0.000ns
    Phase Error              (PE):    0.000ns
  Clock Net Delay (Source):      1.969ns (routing 0.921ns, distribution 1.048ns)
  Clock Net Delay (Destination): 1.764ns (routing 0.836ns, distribution 0.928ns)

    Location             Delay type                Incr(ns)  Path(ns)    Netlist Resource(s)
  -------------------------------------------------------------------    -------------------
                         (clock clk rise edge)        0.000     0.000 r  
    AP13                                              0.000     0.000 r  clk (IN)
                         net (fo=0)                   0.000     0.000    clk_IBUF_inst/I
    AP13                 INBUF (Prop_INBUF_HPIOB_M_PAD_O)
                                                      0.600     0.600 r  clk_IBUF_inst/INBUF_INST/O
                         net (fo=1, routed)           0.000     0.600    clk_IBUF_inst/OUT
    AP13                 IBUFCTRL (Prop_IBUFCTRL_HPIOB_M_I_O)
                                                      0.000     0.600 r  clk_IBUF_inst/IBUFCTRL_INST/O
                         net (fo=1, routed)           0.323     0.923    clk_IBUF
    BUFGCE_X0Y170        BUFGCE (Prop_BUFCE_BUFGCE_I_O)
                                                      0.028     0.951 r  clk_IBUF_BUFG_inst/O
    X4Y5 (CLOCK_ROOT)    net (fo=50073, routed)       1.969     2.920    SharedReg351_instance/clk_IBUF_BUFG
    SLICE_X140Y272       FDCE                                         r  SharedReg351_instance/s5_reg_c_rep__2/C
  -------------------------------------------------------------------    -------------------
    SLICE_X140Y272       FDCE (Prop_AFF2_SLICEL_C_Q)
                                                      0.081     3.001 r  SharedReg351_instance/s5_reg_c_rep__2/Q
                         net (fo=130, routed)         3.160     6.161    SharedReg266_instance/s5_reg_c_rep__2
    SLICE_X123Y385       LUT2 (Prop_B6LUT_SLICEL_I1_O)
                                                      0.124     6.285 r  SharedReg266_instance/s5_reg_gate__2/O
                         net (fo=1, routed)           0.049     6.334    SharedReg266_instance/s5_reg_gate__2_n_0
    SLICE_X123Y385       FDCE                                         r  SharedReg266_instance/Y_reg[30]/D
  -------------------------------------------------------------------    -------------------

                         (clock clk rise edge)        4.000     4.000 r  
    AP13                                              0.000     4.000 r  clk (IN)
                         net (fo=0)                   0.000     4.000    clk_IBUF_inst/I
    AP13                 INBUF (Prop_INBUF_HPIOB_M_PAD_O)
                                                      0.349     4.349 r  clk_IBUF_inst/INBUF_INST/O
                         net (fo=1, routed)           0.000     4.349    clk_IBUF_inst/OUT
    AP13                 IBUFCTRL (Prop_IBUFCTRL_HPIOB_M_I_O)
                                                      0.000     4.349 r  clk_IBUF_inst/IBUFCTRL_INST/O
                         net (fo=1, routed)           0.287     4.636    clk_IBUF
    BUFGCE_X0Y170        BUFGCE (Prop_BUFCE_BUFGCE_I_O)
                                                      0.024     4.660 r  clk_IBUF_BUFG_inst/O
    X4Y5 (CLOCK_ROOT)    net (fo=50073, routed)       1.764     6.424    SharedReg266_instance/clk_IBUF_BUFG
    SLICE_X123Y385       FDCE                                         r  SharedReg266_instance/Y_reg[30]/C
                         clock pessimism              0.376     6.800    
                         clock uncertainty           -0.035     6.764    
    SLICE_X123Y385       FDCE (Setup_BFF_SLICEL_C_D)
                                                      0.025     6.789    SharedReg266_instance/Y_reg[30]
  -------------------------------------------------------------------
                         required time                          6.789    
                         arrival time                          -6.334    
  -------------------------------------------------------------------
                         slack                                  0.456    




