Copyright 1986-2018 Xilinx, Inc. All Rights Reserved.
------------------------------------------------------------------------------------------------------------------------------------------------------------------------------------------------
| Tool Version      : Vivado v.2018.1 (lin64) Build 2188600 Wed Apr  4 18:39:19 MDT 2018
| Date              : Sun Dec  6 21:52:45 2020
| Host              : animal.digi.e-technik.uni-kassel.de running 64-bit CentOS Linux release 7.8.2003 (Core)
| Command           : report_timing -file /home/nfiege/Repositories/origami/vhdl/ratII/synth/fir_SAM/NonUniformILP/fir_SAM_NonUniformILP_140_ultrascale2_250/implementedSystem_timing_synth.rpt
| Design            : implementedSystem_toplevel
| Device            : xcvu13p-fhga2104
| Speed File        : -2  PRODUCTION 1.19 03-17-2018
| Temperature Grade : E
------------------------------------------------------------------------------------------------------------------------------------------------------------------------------------------------

Timing Report

Slack (MET) :             0.329ns  (required time - arrival time)
  Source:                 Delay366No4_instance/s27_reg_c/C
                            (rising edge-triggered cell FDCE clocked by clk  {rise@0.000ns fall@2.000ns period=4.000ns})
  Destination:            SharedReg274_instance/Y_reg[24]/D
                            (rising edge-triggered cell FDCE clocked by clk  {rise@0.000ns fall@2.000ns period=4.000ns})
  Path Group:             clk
  Path Type:              Setup (Max at Slow Process Corner)
  Requirement:            4.000ns  (clk rise@4.000ns - clk rise@0.000ns)
  Data Path Delay:        3.300ns  (logic 0.127ns (3.848%)  route 3.173ns (96.152%))
  Logic Levels:           1  (LUT2=1)
  Clock Path Skew:        -0.361ns (DCD - SCD + CPR)
    Destination Clock Delay (DCD):    2.273ns = ( 6.273 - 4.000 ) 
    Source Clock Delay      (SCD):    2.961ns
    Clock Pessimism Removal (CPR):    0.327ns
  Clock Uncertainty:      0.035ns  ((TSJ^2 + TIJ^2)^1/2 + DJ) / 2 + PE
    Total System Jitter     (TSJ):    0.071ns
    Total Input Jitter      (TIJ):    0.000ns
    Discrete Jitter          (DJ):    0.000ns
    Phase Error              (PE):    0.000ns
  Clock Net Delay (Source):      1.926ns (routing 0.338ns, distribution 1.588ns)
  Clock Net Delay (Destination): 1.532ns (routing 0.309ns, distribution 1.223ns)

    Location             Delay type                Incr(ns)  Path(ns)    Netlist Resource(s)
  -------------------------------------------------------------------    -------------------
                         (clock clk rise edge)        0.000     0.000 r  
    BC10                                              0.000     0.000 r  clk (IN)
                         net (fo=0)                   0.000     0.000    clk_IBUF_inst/I
    BC10                 INBUF (Prop_INBUF_HPIOB_M_PAD_O)
                                                      0.659     0.659 r  clk_IBUF_inst/INBUF_INST/O
                         net (fo=1, routed)           0.000     0.659    clk_IBUF_inst/OUT
    BC10                 IBUFCTRL (Prop_IBUFCTRL_HPIOB_M_I_O)
                                                      0.000     0.659 r  clk_IBUF_inst/IBUFCTRL_INST/O
                         net (fo=1, routed)           0.348     1.007    clk_IBUF
    BUFGCE_X0Y146        BUFGCE (Prop_BUFCE_BUFGCE_I_O)
                                                      0.028     1.035 r  clk_IBUF_BUFG_inst/O
    X4Y6 (CLOCK_ROOT)    net (fo=98857, routed)       1.926     2.961    Delay366No4_instance/clk_IBUF_BUFG
    SLICE_X162Y281       FDCE                                         r  Delay366No4_instance/s27_reg_c/C
  -------------------------------------------------------------------    -------------------
    SLICE_X162Y281       FDCE (Prop_EFF_SLICEM_C_Q)
                                                      0.076     3.037 r  Delay366No4_instance/s27_reg_c/Q
                         net (fo=81, routed)          3.124     6.161    SharedReg274_instance/s27_reg_c
    SLICE_X125Y378       LUT2 (Prop_B6LUT_SLICEL_I1_O)
                                                      0.051     6.212 r  SharedReg274_instance/s27_reg_gate__8/O
                         net (fo=1, routed)           0.049     6.261    SharedReg274_instance/s27_reg_gate__8_n_0
    SLICE_X125Y378       FDCE                                         r  SharedReg274_instance/Y_reg[24]/D
  -------------------------------------------------------------------    -------------------

                         (clock clk rise edge)        4.000     4.000 r  
    BC10                                              0.000     4.000 r  clk (IN)
                         net (fo=0)                   0.000     4.000    clk_IBUF_inst/I
    BC10                 INBUF (Prop_INBUF_HPIOB_M_PAD_O)
                                                      0.408     4.408 r  clk_IBUF_inst/INBUF_INST/O
                         net (fo=1, routed)           0.000     4.408    clk_IBUF_inst/OUT
    BC10                 IBUFCTRL (Prop_IBUFCTRL_HPIOB_M_I_O)
                                                      0.000     4.408 r  clk_IBUF_inst/IBUFCTRL_INST/O
                         net (fo=1, routed)           0.309     4.717    clk_IBUF
    BUFGCE_X0Y146        BUFGCE (Prop_BUFCE_BUFGCE_I_O)
                                                      0.024     4.741 r  clk_IBUF_BUFG_inst/O
    X4Y6 (CLOCK_ROOT)    net (fo=98857, routed)       1.532     6.273    SharedReg274_instance/clk_IBUF_BUFG
    SLICE_X125Y378       FDCE                                         r  SharedReg274_instance/Y_reg[24]/C
                         clock pessimism              0.327     6.600    
                         clock uncertainty           -0.035     6.565    
    SLICE_X125Y378       FDCE (Setup_BFF_SLICEL_C_D)
                                                      0.025     6.590    SharedReg274_instance/Y_reg[24]
  -------------------------------------------------------------------
                         required time                          6.590    
                         arrival time                          -6.261    
  -------------------------------------------------------------------
                         slack                                  0.329    




