Copyright 1986-2018 Xilinx, Inc. All Rights Reserved.
-----------------------------------------------------------------------------------------------------------------------------------------------------------------------------------------------
| Tool Version      : Vivado v.2018.1 (lin64) Build 2188600 Wed Apr  4 18:39:19 MDT 2018
| Date              : Fri Aug 27 18:06:29 2021
| Host              : animal.digi.e-technik.uni-kassel.de running 64-bit AlmaLinux release 8.3 (Purple Manul)
| Command           : report_timing -file /home/nfiege/Repositories/origami/vhdl/ratII/synth/fir_SAM/UniformILPNew/fir_SAM_UniformILPNew_60_ultrascale2_250/implementedSystem_timing_synth.rpt
| Design            : implementedSystem_toplevel
| Device            : xcvu13p-fhga2104
| Speed File        : -2  PRODUCTION 1.19 03-17-2018
| Temperature Grade : E
-----------------------------------------------------------------------------------------------------------------------------------------------------------------------------------------------

Timing Report

Slack (MET) :             0.292ns  (required time - arrival time)
  Source:                 SharedReg406_instance/s42_reg_c/C
                            (rising edge-triggered cell FDCE clocked by clk  {rise@0.000ns fall@2.000ns period=4.000ns})
  Destination:            SharedReg96_instance/Y_reg[32]/D
                            (rising edge-triggered cell FDCE clocked by clk  {rise@0.000ns fall@2.000ns period=4.000ns})
  Path Group:             clk
  Path Type:              Setup (Max at Slow Process Corner)
  Requirement:            4.000ns  (clk rise@4.000ns - clk rise@0.000ns)
  Data Path Delay:        3.506ns  (logic 0.170ns (4.849%)  route 3.336ns (95.151%))
  Logic Levels:           1  (LUT2=1)
  Clock Path Skew:        -0.192ns (DCD - SCD + CPR)
    Destination Clock Delay (DCD):    2.634ns = ( 6.634 - 4.000 ) 
    Source Clock Delay      (SCD):    3.228ns
    Clock Pessimism Removal (CPR):    0.402ns
  Clock Uncertainty:      0.035ns  ((TSJ^2 + TIJ^2)^1/2 + DJ) / 2 + PE
    Total System Jitter     (TSJ):    0.071ns
    Total Input Jitter      (TIJ):    0.000ns
    Discrete Jitter          (DJ):    0.000ns
    Phase Error              (PE):    0.000ns
  Clock Net Delay (Source):      2.277ns (routing 1.167ns, distribution 1.110ns)
  Clock Net Delay (Destination): 1.974ns (routing 1.060ns, distribution 0.914ns)

    Location             Delay type                Incr(ns)  Path(ns)    Netlist Resource(s)
  -------------------------------------------------------------------    -------------------
                         (clock clk rise edge)        0.000     0.000 r  
    AP13                                              0.000     0.000 r  clk (IN)
                         net (fo=0)                   0.000     0.000    clk_IBUF_inst/I
    AP13                 INBUF (Prop_INBUF_HPIOB_M_PAD_O)
                                                      0.600     0.600 r  clk_IBUF_inst/INBUF_INST/O
                         net (fo=1, routed)           0.000     0.600    clk_IBUF_inst/OUT
    AP13                 IBUFCTRL (Prop_IBUFCTRL_HPIOB_M_I_O)
                                                      0.000     0.600 r  clk_IBUF_inst/IBUFCTRL_INST/O
                         net (fo=1, routed)           0.323     0.923    clk_IBUF
    BUFGCE_X0Y170        BUFGCE (Prop_BUFCE_BUFGCE_I_O)
                                                      0.028     0.951 r  clk_IBUF_BUFG_inst/O
    X3Y5 (CLOCK_ROOT)    net (fo=57362, routed)       2.277     3.228    SharedReg406_instance/clk_IBUF_BUFG
    SLICE_X92Y256        FDCE                                         r  SharedReg406_instance/s42_reg_c/C
  -------------------------------------------------------------------    -------------------
    SLICE_X92Y256        FDCE (Prop_HFF2_SLICEL_C_Q)
                                                      0.080     3.308 r  SharedReg406_instance/s42_reg_c/Q
                         net (fo=205, routed)         3.278     6.586    SharedReg96_instance/s42_reg_c
    SLICE_X115Y341       LUT2 (Prop_H6LUT_SLICEM_I1_O)
                                                      0.090     6.676 r  SharedReg96_instance/s42_reg_gate__0/O
                         net (fo=1, routed)           0.058     6.734    SharedReg96_instance/s42_reg_gate__0_n_0
    SLICE_X115Y341       FDCE                                         r  SharedReg96_instance/Y_reg[32]/D
  -------------------------------------------------------------------    -------------------

                         (clock clk rise edge)        4.000     4.000 r  
    AP13                                              0.000     4.000 r  clk (IN)
                         net (fo=0)                   0.000     4.000    clk_IBUF_inst/I
    AP13                 INBUF (Prop_INBUF_HPIOB_M_PAD_O)
                                                      0.349     4.349 r  clk_IBUF_inst/INBUF_INST/O
                         net (fo=1, routed)           0.000     4.349    clk_IBUF_inst/OUT
    AP13                 IBUFCTRL (Prop_IBUFCTRL_HPIOB_M_I_O)
                                                      0.000     4.349 r  clk_IBUF_inst/IBUFCTRL_INST/O
                         net (fo=1, routed)           0.287     4.636    clk_IBUF
    BUFGCE_X0Y170        BUFGCE (Prop_BUFCE_BUFGCE_I_O)
                                                      0.024     4.660 r  clk_IBUF_BUFG_inst/O
    X3Y5 (CLOCK_ROOT)    net (fo=57362, routed)       1.974     6.634    SharedReg96_instance/clk_IBUF_BUFG
    SLICE_X115Y341       FDCE                                         r  SharedReg96_instance/Y_reg[32]/C
                         clock pessimism              0.402     7.036    
                         clock uncertainty           -0.035     7.000    
    SLICE_X115Y341       FDCE (Setup_HFF_SLICEM_C_D)
                                                      0.025     7.025    SharedReg96_instance/Y_reg[32]
  -------------------------------------------------------------------
                         required time                          7.025    
                         arrival time                          -6.734    
  -------------------------------------------------------------------
                         slack                                  0.292    




