Copyright 1986-2018 Xilinx, Inc. All Rights Reserved.
------------------------------------------------------------------------------------------------------------------------------------------------------------------------------------------------
| Tool Version      : Vivado v.2018.1 (lin64) Build 2188600 Wed Apr  4 18:39:19 MDT 2018
| Date              : Fri Aug 27 16:41:48 2021
| Host              : animal.digi.e-technik.uni-kassel.de running 64-bit AlmaLinux release 8.3 (Purple Manul)
| Command           : report_timing -file /home/nfiege/Repositories/origami/vhdl/ratII/synth/fir_SAM/UniformILPNew/fir_SAM_UniformILPNew_145_ultrascale2_250/implementedSystem_timing_synth.rpt
| Design            : implementedSystem_toplevel
| Device            : xcvu13p-fhga2104
| Speed File        : -2  PRODUCTION 1.19 03-17-2018
| Temperature Grade : E
------------------------------------------------------------------------------------------------------------------------------------------------------------------------------------------------

Timing Report

Slack (MET) :             0.342ns  (required time - arrival time)
  Source:                 SharedReg559_instance/s10_reg_c_rep__3/C
                            (rising edge-triggered cell FDCE clocked by clk  {rise@0.000ns fall@2.000ns period=4.000ns})
  Destination:            SharedReg3_instance/Y_reg[10]/D
                            (rising edge-triggered cell FDCE clocked by clk  {rise@0.000ns fall@2.000ns period=4.000ns})
  Path Group:             clk
  Path Type:              Setup (Max at Slow Process Corner)
  Requirement:            4.000ns  (clk rise@4.000ns - clk rise@0.000ns)
  Data Path Delay:        3.522ns  (logic 0.134ns (3.805%)  route 3.388ns (96.195%))
  Logic Levels:           1  (LUT2=1)
  Clock Path Skew:        -0.126ns (DCD - SCD + CPR)
    Destination Clock Delay (DCD):    1.881ns = ( 5.881 - 4.000 ) 
    Source Clock Delay      (SCD):    2.315ns
    Clock Pessimism Removal (CPR):    0.308ns
  Clock Uncertainty:      0.035ns  ((TSJ^2 + TIJ^2)^1/2 + DJ) / 2 + PE
    Total System Jitter     (TSJ):    0.071ns
    Total Input Jitter      (TIJ):    0.000ns
    Discrete Jitter          (DJ):    0.000ns
    Phase Error              (PE):    0.000ns
  Clock Net Delay (Source):      1.284ns (routing 0.171ns, distribution 1.113ns)
  Clock Net Delay (Destination): 1.142ns (routing 0.155ns, distribution 0.987ns)

    Location             Delay type                Incr(ns)  Path(ns)    Netlist Resource(s)
  -------------------------------------------------------------------    -------------------
                         (clock clk rise edge)        0.000     0.000 r  
    BB9                                               0.000     0.000 r  clk (IN)
                         net (fo=0)                   0.000     0.000    clk_IBUF_inst/I
    BB9                  INBUF (Prop_INBUF_HPIOB_M_PAD_O)
                                                      0.668     0.668 r  clk_IBUF_inst/INBUF_INST/O
                         net (fo=1, routed)           0.000     0.668    clk_IBUF_inst/OUT
    BB9                  IBUFCTRL (Prop_IBUFCTRL_HPIOB_M_I_O)
                                                      0.000     0.668 r  clk_IBUF_inst/IBUFCTRL_INST/O
                         net (fo=1, routed)           0.335     1.003    clk_IBUF
    BUFGCE_X0Y146        BUFGCE (Prop_BUFCE_BUFGCE_I_O)
                                                      0.028     1.031 r  clk_IBUF_BUFG_inst/O
    X4Y6 (CLOCK_ROOT)    net (fo=76587, routed)       1.284     2.315    SharedReg559_instance/clk
    SLICE_X117Y405       FDCE                                         r  SharedReg559_instance/s10_reg_c_rep__3/C
  -------------------------------------------------------------------    -------------------
    SLICE_X117Y405       FDCE (Prop_FFF2_SLICEL_C_Q)
                                                      0.081     2.396 r  SharedReg559_instance/s10_reg_c_rep__3/Q
                         net (fo=128, routed)         3.330     5.726    SharedReg3_instance/s10_reg_c_rep__3
    SLICE_X118Y319       LUT2 (Prop_H6LUT_SLICEM_I1_O)
                                                      0.053     5.779 r  SharedReg3_instance/s10_reg_gate__22/O
                         net (fo=1, routed)           0.058     5.837    SharedReg3_instance/s10_reg_gate__22_n_0
    SLICE_X118Y319       FDCE                                         r  SharedReg3_instance/Y_reg[10]/D
  -------------------------------------------------------------------    -------------------

                         (clock clk rise edge)        4.000     4.000 r  
    BB9                                               0.000     4.000 r  clk (IN)
                         net (fo=0)                   0.000     4.000    clk_IBUF_inst/I
    BB9                  INBUF (Prop_INBUF_HPIOB_M_PAD_O)
                                                      0.417     4.417 r  clk_IBUF_inst/INBUF_INST/O
                         net (fo=1, routed)           0.000     4.417    clk_IBUF_inst/OUT
    BB9                  IBUFCTRL (Prop_IBUFCTRL_HPIOB_M_I_O)
                                                      0.000     4.417 r  clk_IBUF_inst/IBUFCTRL_INST/O
                         net (fo=1, routed)           0.298     4.715    clk_IBUF
    BUFGCE_X0Y146        BUFGCE (Prop_BUFCE_BUFGCE_I_O)
                                                      0.024     4.739 r  clk_IBUF_BUFG_inst/O
    X4Y6 (CLOCK_ROOT)    net (fo=76587, routed)       1.142     5.881    SharedReg3_instance/clk
    SLICE_X118Y319       FDCE                                         r  SharedReg3_instance/Y_reg[10]/C
                         clock pessimism              0.308     6.189    
                         clock uncertainty           -0.035     6.154    
    SLICE_X118Y319       FDCE (Setup_HFF_SLICEM_C_D)
                                                      0.025     6.179    SharedReg3_instance/Y_reg[10]
  -------------------------------------------------------------------
                         required time                          6.179    
                         arrival time                          -5.837    
  -------------------------------------------------------------------
                         slack                                  0.342    




