Copyright 1986-2018 Xilinx, Inc. All Rights Reserved.
-----------------------------------------------------------------------------------------------------------------------------------------------------------------------------------------------
| Tool Version      : Vivado v.2018.1 (lin64) Build 2188600 Wed Apr  4 18:39:19 MDT 2018
| Date              : Fri Aug 27 04:00:30 2021
| Host              : animal.digi.e-technik.uni-kassel.de running 64-bit AlmaLinux release 8.3 (Purple Manul)
| Command           : report_timing -file /home/nfiege/Repositories/origami/vhdl/ratII/synth/fir_SAM/UniformILPNew/fir_SAM_UniformILPNew_19_ultrascale2_250/implementedSystem_timing_synth.rpt
| Design            : implementedSystem_toplevel
| Device            : xcvu13p-fhga2104
| Speed File        : -2  PRODUCTION 1.19 03-17-2018
| Temperature Grade : E
-----------------------------------------------------------------------------------------------------------------------------------------------------------------------------------------------

Timing Report

Slack (MET) :             0.286ns  (required time - arrival time)
  Source:                 SharedReg354_instance/s18_reg_c/C
                            (rising edge-triggered cell FDCE clocked by clk  {rise@0.000ns fall@2.000ns period=4.000ns})
  Destination:            SharedReg251_instance/Y_reg[4]/D
                            (rising edge-triggered cell FDCE clocked by clk  {rise@0.000ns fall@2.000ns period=4.000ns})
  Path Group:             clk
  Path Type:              Setup (Max at Slow Process Corner)
  Requirement:            4.000ns  (clk rise@4.000ns - clk rise@0.000ns)
  Data Path Delay:        3.466ns  (logic 0.130ns (3.751%)  route 3.336ns (96.249%))
  Logic Levels:           1  (LUT2=1)
  Clock Path Skew:        -0.238ns (DCD - SCD + CPR)
    Destination Clock Delay (DCD):    2.603ns = ( 6.603 - 4.000 ) 
    Source Clock Delay      (SCD):    3.295ns
    Clock Pessimism Removal (CPR):    0.454ns
  Clock Uncertainty:      0.035ns  ((TSJ^2 + TIJ^2)^1/2 + DJ) / 2 + PE
    Total System Jitter     (TSJ):    0.071ns
    Total Input Jitter      (TIJ):    0.000ns
    Discrete Jitter          (DJ):    0.000ns
    Phase Error              (PE):    0.000ns
  Clock Net Delay (Source):      2.344ns (routing 1.167ns, distribution 1.177ns)
  Clock Net Delay (Destination): 1.943ns (routing 1.060ns, distribution 0.883ns)

    Location             Delay type                Incr(ns)  Path(ns)    Netlist Resource(s)
  -------------------------------------------------------------------    -------------------
                         (clock clk rise edge)        0.000     0.000 r  
    AP13                                              0.000     0.000 r  clk (IN)
                         net (fo=0)                   0.000     0.000    clk_IBUF_inst/I
    AP13                 INBUF (Prop_INBUF_HPIOB_M_PAD_O)
                                                      0.600     0.600 r  clk_IBUF_inst/INBUF_INST/O
                         net (fo=1, routed)           0.000     0.600    clk_IBUF_inst/OUT
    AP13                 IBUFCTRL (Prop_IBUFCTRL_HPIOB_M_I_O)
                                                      0.000     0.600 r  clk_IBUF_inst/IBUFCTRL_INST/O
                         net (fo=1, routed)           0.323     0.923    clk_IBUF
    BUFGCE_X0Y170        BUFGCE (Prop_BUFCE_BUFGCE_I_O)
                                                      0.028     0.951 r  clk_IBUF_BUFG_inst/O
    X3Y5 (CLOCK_ROOT)    net (fo=49817, routed)       2.344     3.295    SharedReg354_instance/clk
    SLICE_X120Y279       FDCE                                         r  SharedReg354_instance/s18_reg_c/C
  -------------------------------------------------------------------    -------------------
    SLICE_X120Y279       FDCE (Prop_CFF_SLICEL_C_Q)
                                                      0.079     3.374 r  SharedReg354_instance/s18_reg_c/Q
                         net (fo=145, routed)         3.287     6.661    SharedReg251_instance/s18_reg_c
    SLICE_X101Y258       LUT2 (Prop_B6LUT_SLICEL_I1_O)
                                                      0.051     6.712 r  SharedReg251_instance/s18_reg_gate__28/O
                         net (fo=1, routed)           0.049     6.761    SharedReg251_instance/s18_reg_gate__28_n_0
    SLICE_X101Y258       FDCE                                         r  SharedReg251_instance/Y_reg[4]/D
  -------------------------------------------------------------------    -------------------

                         (clock clk rise edge)        4.000     4.000 r  
    AP13                                              0.000     4.000 r  clk (IN)
                         net (fo=0)                   0.000     4.000    clk_IBUF_inst/I
    AP13                 INBUF (Prop_INBUF_HPIOB_M_PAD_O)
                                                      0.349     4.349 r  clk_IBUF_inst/INBUF_INST/O
                         net (fo=1, routed)           0.000     4.349    clk_IBUF_inst/OUT
    AP13                 IBUFCTRL (Prop_IBUFCTRL_HPIOB_M_I_O)
                                                      0.000     4.349 r  clk_IBUF_inst/IBUFCTRL_INST/O
                         net (fo=1, routed)           0.287     4.636    clk_IBUF
    BUFGCE_X0Y170        BUFGCE (Prop_BUFCE_BUFGCE_I_O)
                                                      0.024     4.660 r  clk_IBUF_BUFG_inst/O
    X3Y5 (CLOCK_ROOT)    net (fo=49817, routed)       1.943     6.603    SharedReg251_instance/clk
    SLICE_X101Y258       FDCE                                         r  SharedReg251_instance/Y_reg[4]/C
                         clock pessimism              0.454     7.057    
                         clock uncertainty           -0.035     7.021    
    SLICE_X101Y258       FDCE (Setup_BFF_SLICEL_C_D)
                                                      0.025     7.046    SharedReg251_instance/Y_reg[4]
  -------------------------------------------------------------------
                         required time                          7.046    
                         arrival time                          -6.761    
  -------------------------------------------------------------------
                         slack                                  0.286    




