Copyright 1986-2018 Xilinx, Inc. All Rights Reserved.
-----------------------------------------------------------------------------------------------------------------------------------------------------------------------------------------------
| Tool Version      : Vivado v.2018.1 (lin64) Build 2188600 Wed Apr  4 18:39:19 MDT 2018
| Date              : Fri Aug 27 19:21:37 2021
| Host              : animal.digi.e-technik.uni-kassel.de running 64-bit AlmaLinux release 8.3 (Purple Manul)
| Command           : report_timing -file /home/nfiege/Repositories/origami/vhdl/ratII/synth/fir_SAM/UniformILPNew/fir_SAM_UniformILPNew_51_ultrascale2_250/implementedSystem_timing_synth.rpt
| Design            : implementedSystem_toplevel
| Device            : xcvu13p-fhga2104
| Speed File        : -2  PRODUCTION 1.19 03-17-2018
| Temperature Grade : E
-----------------------------------------------------------------------------------------------------------------------------------------------------------------------------------------------

Timing Report

Slack (MET) :             0.430ns  (required time - arrival time)
  Source:                 SharedReg418_instance/s21_reg_c/C
                            (rising edge-triggered cell FDCE clocked by clk  {rise@0.000ns fall@2.000ns period=4.000ns})
  Destination:            SharedReg133_instance/Y_reg[12]/D
                            (rising edge-triggered cell FDCE clocked by clk  {rise@0.000ns fall@2.000ns period=4.000ns})
  Path Group:             clk
  Path Type:              Setup (Max at Slow Process Corner)
  Requirement:            4.000ns  (clk rise@4.000ns - clk rise@0.000ns)
  Data Path Delay:        3.325ns  (logic 0.132ns (3.970%)  route 3.193ns (96.030%))
  Logic Levels:           1  (LUT2=1)
  Clock Path Skew:        -0.235ns (DCD - SCD + CPR)
    Destination Clock Delay (DCD):    2.227ns = ( 6.227 - 4.000 ) 
    Source Clock Delay      (SCD):    2.822ns
    Clock Pessimism Removal (CPR):    0.360ns
  Clock Uncertainty:      0.035ns  ((TSJ^2 + TIJ^2)^1/2 + DJ) / 2 + PE
    Total System Jitter     (TSJ):    0.071ns
    Total Input Jitter      (TIJ):    0.000ns
    Discrete Jitter          (DJ):    0.000ns
    Phase Error              (PE):    0.000ns
  Clock Net Delay (Source):      1.871ns (routing 0.711ns, distribution 1.160ns)
  Clock Net Delay (Destination): 1.567ns (routing 0.646ns, distribution 0.921ns)

    Location             Delay type                Incr(ns)  Path(ns)    Netlist Resource(s)
  -------------------------------------------------------------------    -------------------
                         (clock clk rise edge)        0.000     0.000 r  
    AU14                                              0.000     0.000 r  clk (IN)
                         net (fo=0)                   0.000     0.000    clk_IBUF_inst/I
    AU14                 INBUF (Prop_INBUF_HPIOB_M_PAD_O)
                                                      0.600     0.600 r  clk_IBUF_inst/INBUF_INST/O
                         net (fo=1, routed)           0.000     0.600    clk_IBUF_inst/OUT
    AU14                 IBUFCTRL (Prop_IBUFCTRL_HPIOB_M_I_O)
                                                      0.000     0.600 r  clk_IBUF_inst/IBUFCTRL_INST/O
                         net (fo=1, routed)           0.323     0.923    clk_IBUF
    BUFGCE_X0Y170        BUFGCE (Prop_BUFCE_BUFGCE_I_O)
                                                      0.028     0.951 r  clk_IBUF_BUFG_inst/O
    X4Y6 (CLOCK_ROOT)    net (fo=57631, routed)       1.871     2.822    SharedReg418_instance/clk_IBUF_BUFG
    SLICE_X110Y411       FDCE                                         r  SharedReg418_instance/s21_reg_c/C
  -------------------------------------------------------------------    -------------------
    SLICE_X110Y411       FDCE (Prop_EFF2_SLICEL_C_Q)
                                                      0.081     2.903 r  SharedReg418_instance/s21_reg_c/Q
                         net (fo=74, routed)          3.121     6.024    SharedReg133_instance/s21_reg_c
    SLICE_X145Y333       LUT2 (Prop_D6LUT_SLICEM_I1_O)
                                                      0.051     6.075 r  SharedReg133_instance/s21_reg_gate__20/O
                         net (fo=1, routed)           0.072     6.147    SharedReg133_instance/s21_reg_gate__20_n_0
    SLICE_X145Y333       FDCE                                         r  SharedReg133_instance/Y_reg[12]/D
  -------------------------------------------------------------------    -------------------

                         (clock clk rise edge)        4.000     4.000 r  
    AU14                                              0.000     4.000 r  clk (IN)
                         net (fo=0)                   0.000     4.000    clk_IBUF_inst/I
    AU14                 INBUF (Prop_INBUF_HPIOB_M_PAD_O)
                                                      0.349     4.349 r  clk_IBUF_inst/INBUF_INST/O
                         net (fo=1, routed)           0.000     4.349    clk_IBUF_inst/OUT
    AU14                 IBUFCTRL (Prop_IBUFCTRL_HPIOB_M_I_O)
                                                      0.000     4.349 r  clk_IBUF_inst/IBUFCTRL_INST/O
                         net (fo=1, routed)           0.287     4.636    clk_IBUF
    BUFGCE_X0Y170        BUFGCE (Prop_BUFCE_BUFGCE_I_O)
                                                      0.024     4.660 r  clk_IBUF_BUFG_inst/O
    X4Y6 (CLOCK_ROOT)    net (fo=57631, routed)       1.567     6.227    SharedReg133_instance/clk_IBUF_BUFG
    SLICE_X145Y333       FDCE                                         r  SharedReg133_instance/Y_reg[12]/C
                         clock pessimism              0.360     6.587    
                         clock uncertainty           -0.035     6.552    
    SLICE_X145Y333       FDCE (Setup_DFF_SLICEM_C_D)
                                                      0.025     6.577    SharedReg133_instance/Y_reg[12]
  -------------------------------------------------------------------
                         required time                          6.577    
                         arrival time                          -6.147    
  -------------------------------------------------------------------
                         slack                                  0.430    




