Copyright 1986-2018 Xilinx, Inc. All Rights Reserved.
-----------------------------------------------------------------------------------------------------------------------------------------------------------------------------------------------
| Tool Version      : Vivado v.2018.1 (lin64) Build 2188600 Wed Apr  4 18:39:19 MDT 2018
| Date              : Fri Aug 27 16:22:52 2021
| Host              : animal.digi.e-technik.uni-kassel.de running 64-bit AlmaLinux release 8.3 (Purple Manul)
| Command           : report_timing -file /home/nfiege/Repositories/origami/vhdl/ratII/synth/fir_SAM/UniformILPNew/fir_SAM_UniformILPNew_44_ultrascale2_250/implementedSystem_timing_synth.rpt
| Design            : implementedSystem_toplevel
| Device            : xcvu13p-fhga2104
| Speed File        : -2  PRODUCTION 1.19 03-17-2018
| Temperature Grade : E
-----------------------------------------------------------------------------------------------------------------------------------------------------------------------------------------------

Timing Report

Slack (MET) :             0.422ns  (required time - arrival time)
  Source:                 SharedReg132_instance/s29_reg_c/C
                            (rising edge-triggered cell FDCE clocked by clk  {rise@0.000ns fall@2.000ns period=4.000ns})
  Destination:            SharedReg60_instance/Y_reg[32]/D
                            (rising edge-triggered cell FDCE clocked by clk  {rise@0.000ns fall@2.000ns period=4.000ns})
  Path Group:             clk
  Path Type:              Setup (Max at Slow Process Corner)
  Requirement:            4.000ns  (clk rise@4.000ns - clk rise@0.000ns)
  Data Path Delay:        3.598ns  (logic 0.166ns (4.614%)  route 3.432ns (95.386%))
  Logic Levels:           1  (LUT2=1)
  Clock Path Skew:        0.030ns (DCD - SCD + CPR)
    Destination Clock Delay (DCD):    2.773ns = ( 6.773 - 4.000 ) 
    Source Clock Delay      (SCD):    3.195ns
    Clock Pessimism Removal (CPR):    0.453ns
  Clock Uncertainty:      0.035ns  ((TSJ^2 + TIJ^2)^1/2 + DJ) / 2 + PE
    Total System Jitter     (TSJ):    0.071ns
    Total Input Jitter      (TIJ):    0.000ns
    Discrete Jitter          (DJ):    0.000ns
    Phase Error              (PE):    0.000ns
  Clock Net Delay (Source):      2.258ns (routing 1.167ns, distribution 1.091ns)
  Clock Net Delay (Destination): 2.126ns (routing 1.060ns, distribution 1.066ns)

    Location             Delay type                Incr(ns)  Path(ns)    Netlist Resource(s)
  -------------------------------------------------------------------    -------------------
                         (clock clk rise edge)        0.000     0.000 r  
    AR14                                              0.000     0.000 r  clk (IN)
                         net (fo=0)                   0.000     0.000    clk_IBUF_inst/I
    AR14                 INBUF (Prop_INBUF_HPIOB_M_PAD_O)
                                                      0.586     0.586 r  clk_IBUF_inst/INBUF_INST/O
                         net (fo=1, routed)           0.000     0.586    clk_IBUF_inst/OUT
    AR14                 IBUFCTRL (Prop_IBUFCTRL_HPIOB_M_I_O)
                                                      0.000     0.586 r  clk_IBUF_inst/IBUFCTRL_INST/O
                         net (fo=1, routed)           0.323     0.909    clk_IBUF
    BUFGCE_X0Y170        BUFGCE (Prop_BUFCE_BUFGCE_I_O)
                                                      0.028     0.937 r  clk_IBUF_BUFG_inst/O
    X3Y5 (CLOCK_ROOT)    net (fo=19273, routed)       2.258     3.195    SharedReg132_instance/clk_IBUF_BUFG
    SLICE_X114Y401       FDCE                                         r  SharedReg132_instance/s29_reg_c/C
  -------------------------------------------------------------------    -------------------
    SLICE_X114Y401       FDCE (Prop_EFF_SLICEM_C_Q)
                                                      0.076     3.271 r  SharedReg132_instance/s29_reg_c/Q
                         net (fo=103, routed)         3.374     6.645    SharedReg60_instance/s29_reg_c
    SLICE_X122Y389       LUT2 (Prop_H6LUT_SLICEM_I1_O)
                                                      0.090     6.735 r  SharedReg60_instance/s29_reg_gate__0/O
                         net (fo=1, routed)           0.058     6.793    SharedReg60_instance/s29_reg_gate__0_n_0
    SLICE_X122Y389       FDCE                                         r  SharedReg60_instance/Y_reg[32]/D
  -------------------------------------------------------------------    -------------------

                         (clock clk rise edge)        4.000     4.000 r  
    AR14                                              0.000     4.000 r  clk (IN)
                         net (fo=0)                   0.000     4.000    clk_IBUF_inst/I
    AR14                 INBUF (Prop_INBUF_HPIOB_M_PAD_O)
                                                      0.336     4.336 r  clk_IBUF_inst/INBUF_INST/O
                         net (fo=1, routed)           0.000     4.336    clk_IBUF_inst/OUT
    AR14                 IBUFCTRL (Prop_IBUFCTRL_HPIOB_M_I_O)
                                                      0.000     4.336 r  clk_IBUF_inst/IBUFCTRL_INST/O
                         net (fo=1, routed)           0.287     4.623    clk_IBUF
    BUFGCE_X0Y170        BUFGCE (Prop_BUFCE_BUFGCE_I_O)
                                                      0.024     4.647 r  clk_IBUF_BUFG_inst/O
    X3Y5 (CLOCK_ROOT)    net (fo=19273, routed)       2.126     6.773    SharedReg60_instance/clk_IBUF_BUFG
    SLICE_X122Y389       FDCE                                         r  SharedReg60_instance/Y_reg[32]/C
                         clock pessimism              0.453     7.226    
                         clock uncertainty           -0.035     7.190    
    SLICE_X122Y389       FDCE (Setup_HFF_SLICEM_C_D)
                                                      0.025     7.215    SharedReg60_instance/Y_reg[32]
  -------------------------------------------------------------------
                         required time                          7.215    
                         arrival time                          -6.793    
  -------------------------------------------------------------------
                         slack                                  0.422    




