Copyright 1986-2018 Xilinx, Inc. All Rights Reserved.
-------------------------------------------------------------------------------------------------------------------------------------------------------------------------------------------------------------------------
| Tool Version      : Vivado v.2018.1 (lin64) Build 2188600 Wed Apr  4 18:39:19 MDT 2018
| Date              : Wed Dec  1 01:21:34 2021
| Host              : animal.digi.e-technik.uni-kassel.de running 64-bit AlmaLinux release 8.4 (Electric Cheetah)
| Command           : report_timing -file /home/nfiege/Repositories/origami/vhdl/ratII/synth/mat_inv/UniformILPNew/mat_inv_UniformILPNew_116_wrapper_ultrascale2_250/implementedSystem_toplevel_wrapper_timing_synth.rpt
| Design            : implementedSystem_toplevel_wrapper
| Device            : xcvu13p-fhga2104
| Speed File        : -2  PRODUCTION 1.19 03-17-2018
| Temperature Grade : E
-------------------------------------------------------------------------------------------------------------------------------------------------------------------------------------------------------------------------

Timing Report

Slack (MET) :             0.185ns  (required time - arrival time)
  Source:                 DUT/ModCount131_instance/count_reg[3]_rep__19/C
                            (rising edge-triggered cell FDCE clocked by clk  {rise@0.000ns fall@2.000ns period=4.000ns})
  Destination:            DUT/Delay1No136_instance/Y_reg[21]/D
                            (rising edge-triggered cell FDCE clocked by clk  {rise@0.000ns fall@2.000ns period=4.000ns})
  Path Group:             clk
  Path Type:              Setup (Max at Slow Process Corner)
  Requirement:            4.000ns  (clk rise@4.000ns - clk rise@0.000ns)
  Data Path Delay:        3.599ns  (logic 0.130ns (3.612%)  route 3.469ns (96.388%))
  Logic Levels:           1  (LUT6=1)
  Clock Path Skew:        -0.206ns (DCD - SCD + CPR)
    Destination Clock Delay (DCD):    2.330ns = ( 6.330 - 4.000 ) 
    Source Clock Delay      (SCD):    2.892ns
    Clock Pessimism Removal (CPR):    0.356ns
  Clock Uncertainty:      0.035ns  ((TSJ^2 + TIJ^2)^1/2 + DJ) / 2 + PE
    Total System Jitter     (TSJ):    0.071ns
    Total Input Jitter      (TIJ):    0.000ns
    Discrete Jitter          (DJ):    0.000ns
    Phase Error              (PE):    0.000ns
  Clock Net Delay (Source):      1.941ns (routing 0.711ns, distribution 1.230ns)
  Clock Net Delay (Destination): 1.670ns (routing 0.646ns, distribution 1.024ns)

    Location             Delay type                Incr(ns)  Path(ns)    Netlist Resource(s)
  -------------------------------------------------------------------    -------------------
                         (clock clk rise edge)        0.000     0.000 r  
    AP13                                              0.000     0.000 r  clk (IN)
                         net (fo=0)                   0.000     0.000    clk_IBUF_inst/I
    AP13                 INBUF (Prop_INBUF_HPIOB_M_PAD_O)
                                                      0.600     0.600 r  clk_IBUF_inst/INBUF_INST/O
                         net (fo=1, routed)           0.000     0.600    clk_IBUF_inst/OUT
    AP13                 IBUFCTRL (Prop_IBUFCTRL_HPIOB_M_I_O)
                                                      0.000     0.600 r  clk_IBUF_inst/IBUFCTRL_INST/O
                         net (fo=1, routed)           0.323     0.923    clk_IBUF
    BUFGCE_X0Y170        BUFGCE (Prop_BUFCE_BUFGCE_I_O)
                                                      0.028     0.951 r  clk_IBUF_BUFG_inst/O
    X4Y6 (CLOCK_ROOT)    net (fo=67787, routed)       1.941     2.892    DUT/ModCount131_instance/clk_IBUF_BUFG
    SLICE_X166Y422       FDCE                                         r  DUT/ModCount131_instance/count_reg[3]_rep__19/C
  -------------------------------------------------------------------    -------------------
    SLICE_X166Y422       FDCE (Prop_AFF2_SLICEM_C_Q)
                                                      0.080     2.972 r  DUT/ModCount131_instance/count_reg[3]_rep__19/Q
                         net (fo=150, routed)         3.419     6.391    DUT/ModCount131_instance/Y_reg[33]_23
    SLICE_X101Y408       LUT6 (Prop_C6LUT_SLICEL_I2_O)
                                                      0.050     6.441 r  DUT/ModCount131_instance/Y[21]_i_1__24/O
                         net (fo=1, routed)           0.050     6.491    DUT/Delay1No136_instance/D[21]
    SLICE_X101Y408       FDCE                                         r  DUT/Delay1No136_instance/Y_reg[21]/D
  -------------------------------------------------------------------    -------------------

                         (clock clk rise edge)        4.000     4.000 r  
    AP13                                              0.000     4.000 r  clk (IN)
                         net (fo=0)                   0.000     4.000    clk_IBUF_inst/I
    AP13                 INBUF (Prop_INBUF_HPIOB_M_PAD_O)
                                                      0.349     4.349 r  clk_IBUF_inst/INBUF_INST/O
                         net (fo=1, routed)           0.000     4.349    clk_IBUF_inst/OUT
    AP13                 IBUFCTRL (Prop_IBUFCTRL_HPIOB_M_I_O)
                                                      0.000     4.349 r  clk_IBUF_inst/IBUFCTRL_INST/O
                         net (fo=1, routed)           0.287     4.636    clk_IBUF
    BUFGCE_X0Y170        BUFGCE (Prop_BUFCE_BUFGCE_I_O)
                                                      0.024     4.660 r  clk_IBUF_BUFG_inst/O
    X4Y6 (CLOCK_ROOT)    net (fo=67787, routed)       1.670     6.330    DUT/Delay1No136_instance/clk_IBUF_BUFG
    SLICE_X101Y408       FDCE                                         r  DUT/Delay1No136_instance/Y_reg[21]/C
                         clock pessimism              0.356     6.686    
                         clock uncertainty           -0.035     6.650    
    SLICE_X101Y408       FDCE (Setup_CFF_SLICEL_C_D)
                                                      0.025     6.675    DUT/Delay1No136_instance/Y_reg[21]
  -------------------------------------------------------------------
                         required time                          6.675    
                         arrival time                          -6.491    
  -------------------------------------------------------------------
                         slack                                  0.185    




