Copyright 1986-2018 Xilinx, Inc. All Rights Reserved.
------------------------------------------------------------------------------------------------------------------------------------------------------------------------------------------------------
| Tool Version     : Vivado v.2018.1 (lin64) Build 2188600 Wed Apr  4 18:39:19 MDT 2018
| Date             : Fri Apr 24 05:55:12 2020
| Host             : animal.digi.e-technik.uni-kassel.de running 64-bit CentOS Linux release 7.7.1908 (Core)
| Command          : report_power -file /home/nfiege/Repositories/origami/vhdl/ratII/synth/splin_pf/NonUniformILP/splin_pf_NonUniformILP_20_ultrascale2_250/implementedSystem_power_synth.rpt
| Design           : implementedSystem_toplevel
| Device           : xcvu13p-fhga2104-2-e
| Design State     : routed
| Grade            : extended
| Process          : typical
| Characterization : Production
------------------------------------------------------------------------------------------------------------------------------------------------------------------------------------------------------

Power Report

Table of Contents
-----------------
1. Summary
1.1 On-Chip Components
1.2 Power Supply Summary
1.3 Confidence Level
2. Settings
2.1 Environment
2.2 Clock Constraints
3. Detailed Reports
3.1 By Hierarchy

1. Summary
----------

+--------------------------+--------------+
| Total On-Chip Power (W)  | 3.412        |
| Design Power Budget (W)  | Unspecified* |
| Power Budget Margin (W)  | NA           |
| Dynamic (W)              | 0.457        |
| Device Static (W)        | 2.955        |
| Effective TJA (C/W)      | 0.5          |
| Max Ambient (C)          | 98.2         |
| Junction Temperature (C) | 26.8         |
| Confidence Level         | Low          |
| Setting File             | ---          |
| Simulation Activity File | ---          |
| Design Nets Matched      | NA           |
+--------------------------+--------------+
* Specify Design Power Budget using, set_operating_conditions -design_power_budget <value in Watts>


1.1 On-Chip Components
----------------------

+-------------------------+-----------+----------+-----------+-----------------+
| On-Chip                 | Power (W) | Used     | Available | Utilization (%) |
+-------------------------+-----------+----------+-----------+-----------------+
| Clocks                  |     0.036 |        3 |       --- |             --- |
| CLB Logic               |     0.083 |     8509 |       --- |             --- |
|   LUT as Logic          |     0.055 |     2247 |   1728000 |            0.13 |
|   LUT as Shift Register |     0.021 |      475 |    791040 |            0.06 |
|   Register              |     0.006 |     4241 |   3456000 |            0.12 |
|   CARRY8                |    <0.001 |       80 |    216000 |            0.04 |
|   Others                |     0.000 |      159 |       --- |             --- |
|   F7/F8 Muxes           |     0.000 |      146 |   1728000 |           <0.01 |
| Signals                 |     0.075 |     6001 |       --- |             --- |
| DSPs                    |     0.009 |       10 |     12288 |            0.08 |
| I/O                     |     0.254 |      194 |       832 |           23.32 |
| Static Power            |     2.955 |          |           |                 |
| Total                   |     3.412 |          |           |                 |
+-------------------------+-----------+----------+-----------+-----------------+


1.2 Power Supply Summary
------------------------

+------------+-------------+-----------+-------------+------------+
| Source     | Voltage (V) | Total (A) | Dynamic (A) | Static (A) |
+------------+-------------+-----------+-------------+------------+
| Vccint     |       0.850 |     1.388 |       0.239 |      1.149 |
| Vccint_io  |       0.850 |     0.153 |       0.011 |      0.142 |
| Vccbram    |       0.850 |     0.020 |       0.000 |      0.020 |
| Vccaux     |       1.800 |     0.886 |       0.000 |      0.886 |
| Vccaux_io  |       1.800 |     0.146 |       0.042 |      0.104 |
| Vcco33     |       3.300 |     0.000 |       0.000 |      0.000 |
| Vcco25     |       2.500 |     0.000 |       0.000 |      0.000 |
| Vcco18     |       1.800 |     0.094 |       0.094 |      0.000 |
| Vcco15     |       1.500 |     0.000 |       0.000 |      0.000 |
| Vcco135    |       1.350 |     0.000 |       0.000 |      0.000 |
| Vcco12     |       1.200 |     0.000 |       0.000 |      0.000 |
| Vcco10     |       1.000 |     0.000 |       0.000 |      0.000 |
| Vccadc     |       1.800 |     0.032 |       0.000 |      0.032 |
| MGTYAVcc   |       0.900 |     0.000 |       0.000 |      0.000 |
| MGTYAVtt   |       1.200 |     0.000 |       0.000 |      0.000 |
| MGTYVccaux |       1.800 |     0.000 |       0.000 |      0.000 |
+------------+-------------+-----------+-------------+------------+


1.3 Confidence Level
--------------------

+-----------------------------+------------+--------------------------------------------------------+------------------------------------------------------------------------------------------------------------+
| User Input Data             | Confidence | Details                                                | Action                                                                                                     |
+-----------------------------+------------+--------------------------------------------------------+------------------------------------------------------------------------------------------------------------+
| Design implementation state | High       | Design is routed                                       |                                                                                                            |
| Clock nodes activity        | High       | User specified more than 95% of clocks                 |                                                                                                            |
| I/O nodes activity          | Low        | More than 75% of inputs are missing user specification | Provide missing input activity with simulation results or by editing the "By Resource Type -> I/Os" view   |
| Internal nodes activity     | Medium     | User specified less than 25% of internal nodes         | Provide missing internal nodes activity with simulation results or by editing the "By Resource Type" views |
| Device models               | High       | Device models are Production                           |                                                                                                            |
|                             |            |                                                        |                                                                                                            |
| Overall confidence level    | Low        |                                                        |                                                                                                            |
+-----------------------------+------------+--------------------------------------------------------+------------------------------------------------------------------------------------------------------------+


2. Settings
-----------

2.1 Environment
---------------

+-----------------------+--------------------------+
| Ambient Temp (C)      | 25.0                     |
| ThetaJA (C/W)         | 0.5                      |
| Airflow (LFM)         | 250                      |
| Heat Sink             | medium (Medium Profile)  |
| ThetaSA (C/W)         | 0.7                      |
| Board Selection       | medium (10"x10")         |
| # of Board Layers     | 12to15 (12 to 15 Layers) |
| Board Temperature (C) | 25.0                     |
+-----------------------+--------------------------+


2.2 Clock Constraints
---------------------

+-------+--------+-----------------+
| Clock | Domain | Constraint (ns) |
+-------+--------+-----------------+
| clk   | clk    |             4.0 |
+-------+--------+-----------------+


3. Detailed Reports
-------------------

3.1 By Hierarchy
----------------

+--------------------------------------+-----------+
| Name                                 | Power (W) |
+--------------------------------------+-----------+
| implementedSystem_toplevel           |     0.457 |
|   Delay1No10_instance                |     0.002 |
|   Delay1No11_instance                |     0.007 |
|   Delay1No12_instance                |     0.009 |
|   Delay1No13_instance                |     0.006 |
|   Delay1No14_instance                |     0.008 |
|   Delay1No15_instance                |     0.005 |
|   Delay1No16_instance                |     0.008 |
|   Delay1No17_instance                |     0.005 |
|   Delay1No18_instance                |     0.007 |
|   Delay1No1_instance                 |    <0.001 |
|   Delay1No2_instance                 |    <0.001 |
|   Delay1No3_instance                 |    <0.001 |
|   Delay1No4_instance                 |    <0.001 |
|   Delay1No5_instance                 |    <0.001 |
|   Delay1No6_instance                 |    <0.001 |
|   Delay1No7_instance                 |    <0.001 |
|   Delay1No8_instance                 |    <0.001 |
|   Delay1No9_instance                 |    <0.001 |
|   Delay1No_instance                  |    <0.001 |
|   Delay23No1_instance                |     0.002 |
|   Delay27No_instance                 |     0.003 |
|   Delay29No1_instance                |     0.001 |
|   Delay29No2_instance                |     0.002 |
|   Delay29No_instance                 |     0.002 |
|   Delay34No1_instance                |     0.002 |
|   Delay34No_instance                 |     0.002 |
|   Delay4No2_instance                 |    <0.001 |
|   Delay6No3_instance                 |    <0.001 |
|   Delay6No_instance                  |    <0.001 |
|   Delay7No1_instance                 |    <0.001 |
|   In1_0_IBUF[0]_inst                 |    <0.001 |
|   In1_0_IBUF[10]_inst                |    <0.001 |
|   In1_0_IBUF[11]_inst                |    <0.001 |
|   In1_0_IBUF[12]_inst                |    <0.001 |
|   In1_0_IBUF[13]_inst                |    <0.001 |
|   In1_0_IBUF[14]_inst                |    <0.001 |
|   In1_0_IBUF[15]_inst                |    <0.001 |
|   In1_0_IBUF[16]_inst                |    <0.001 |
|   In1_0_IBUF[17]_inst                |    <0.001 |
|   In1_0_IBUF[18]_inst                |    <0.001 |
|   In1_0_IBUF[19]_inst                |    <0.001 |
|   In1_0_IBUF[1]_inst                 |    <0.001 |
|   In1_0_IBUF[20]_inst                |    <0.001 |
|   In1_0_IBUF[21]_inst                |    <0.001 |
|   In1_0_IBUF[22]_inst                |    <0.001 |
|   In1_0_IBUF[23]_inst                |    <0.001 |
|   In1_0_IBUF[24]_inst                |    <0.001 |
|   In1_0_IBUF[25]_inst                |    <0.001 |
|   In1_0_IBUF[26]_inst                |    <0.001 |
|   In1_0_IBUF[27]_inst                |    <0.001 |
|   In1_0_IBUF[28]_inst                |    <0.001 |
|   In1_0_IBUF[29]_inst                |    <0.001 |
|   In1_0_IBUF[2]_inst                 |    <0.001 |
|   In1_0_IBUF[30]_inst                |    <0.001 |
|   In1_0_IBUF[31]_inst                |    <0.001 |
|   In1_0_IBUF[3]_inst                 |    <0.001 |
|   In1_0_IBUF[4]_inst                 |    <0.001 |
|   In1_0_IBUF[5]_inst                 |    <0.001 |
|   In1_0_IBUF[6]_inst                 |    <0.001 |
|   In1_0_IBUF[7]_inst                 |    <0.001 |
|   In1_0_IBUF[8]_inst                 |    <0.001 |
|   In1_0_IBUF[9]_inst                 |    <0.001 |
|   In1_1_IBUF[0]_inst                 |    <0.001 |
|   In1_1_IBUF[10]_inst                |    <0.001 |
|   In1_1_IBUF[11]_inst                |    <0.001 |
|   In1_1_IBUF[12]_inst                |    <0.001 |
|   In1_1_IBUF[13]_inst                |    <0.001 |
|   In1_1_IBUF[14]_inst                |    <0.001 |
|   In1_1_IBUF[15]_inst                |    <0.001 |
|   In1_1_IBUF[16]_inst                |    <0.001 |
|   In1_1_IBUF[17]_inst                |    <0.001 |
|   In1_1_IBUF[18]_inst                |    <0.001 |
|   In1_1_IBUF[19]_inst                |    <0.001 |
|   In1_1_IBUF[1]_inst                 |    <0.001 |
|   In1_1_IBUF[20]_inst                |    <0.001 |
|   In1_1_IBUF[21]_inst                |    <0.001 |
|   In1_1_IBUF[22]_inst                |    <0.001 |
|   In1_1_IBUF[23]_inst                |    <0.001 |
|   In1_1_IBUF[24]_inst                |    <0.001 |
|   In1_1_IBUF[25]_inst                |    <0.001 |
|   In1_1_IBUF[26]_inst                |    <0.001 |
|   In1_1_IBUF[27]_inst                |    <0.001 |
|   In1_1_IBUF[28]_inst                |    <0.001 |
|   In1_1_IBUF[29]_inst                |    <0.001 |
|   In1_1_IBUF[2]_inst                 |    <0.001 |
|   In1_1_IBUF[30]_inst                |    <0.001 |
|   In1_1_IBUF[31]_inst                |    <0.001 |
|   In1_1_IBUF[3]_inst                 |    <0.001 |
|   In1_1_IBUF[4]_inst                 |    <0.001 |
|   In1_1_IBUF[5]_inst                 |    <0.001 |
|   In1_1_IBUF[6]_inst                 |    <0.001 |
|   In1_1_IBUF[7]_inst                 |    <0.001 |
|   In1_1_IBUF[8]_inst                 |    <0.001 |
|   In1_1_IBUF[9]_inst                 |    <0.001 |
|   In1_2_IBUF[0]_inst                 |    <0.001 |
|   In1_2_IBUF[10]_inst                |    <0.001 |
|   In1_2_IBUF[11]_inst                |    <0.001 |
|   In1_2_IBUF[12]_inst                |    <0.001 |
|   In1_2_IBUF[13]_inst                |    <0.001 |
|   In1_2_IBUF[14]_inst                |    <0.001 |
|   In1_2_IBUF[15]_inst                |    <0.001 |
|   In1_2_IBUF[16]_inst                |    <0.001 |
|   In1_2_IBUF[17]_inst                |    <0.001 |
|   In1_2_IBUF[18]_inst                |    <0.001 |
|   In1_2_IBUF[19]_inst                |    <0.001 |
|   In1_2_IBUF[1]_inst                 |    <0.001 |
|   In1_2_IBUF[20]_inst                |    <0.001 |
|   In1_2_IBUF[21]_inst                |    <0.001 |
|   In1_2_IBUF[22]_inst                |    <0.001 |
|   In1_2_IBUF[23]_inst                |    <0.001 |
|   In1_2_IBUF[24]_inst                |    <0.001 |
|   In1_2_IBUF[25]_inst                |    <0.001 |
|   In1_2_IBUF[26]_inst                |    <0.001 |
|   In1_2_IBUF[27]_inst                |    <0.001 |
|   In1_2_IBUF[28]_inst                |    <0.001 |
|   In1_2_IBUF[29]_inst                |    <0.001 |
|   In1_2_IBUF[2]_inst                 |    <0.001 |
|   In1_2_IBUF[30]_inst                |    <0.001 |
|   In1_2_IBUF[31]_inst                |    <0.001 |
|   In1_2_IBUF[3]_inst                 |    <0.001 |
|   In1_2_IBUF[4]_inst                 |    <0.001 |
|   In1_2_IBUF[5]_inst                 |    <0.001 |
|   In1_2_IBUF[6]_inst                 |    <0.001 |
|   In1_2_IBUF[7]_inst                 |    <0.001 |
|   In1_2_IBUF[8]_inst                 |    <0.001 |
|   In1_2_IBUF[9]_inst                 |    <0.001 |
|   MUX_Product1_2_impl_0_instance     |    <0.001 |
|   MUX_Product1_2_impl_1_LUT_instance |    <0.001 |
|     instLUT                          |    <0.001 |
|   MUX_Product1_2_impl_1_instance     |     0.001 |
|   MUX_Product_0_impl_0_instance      |    <0.001 |
|   MUX_Product_0_impl_1_instance      |     0.002 |
|   MUX_Product_1_impl_0_LUT_instance  |    <0.001 |
|     instLUT                          |    <0.001 |
|   MUX_Product_1_impl_0_instance      |    <0.001 |
|   MUX_Product_1_impl_1_LUT_instance  |    <0.001 |
|     instLUT                          |    <0.001 |
|   MUX_Product_1_impl_1_instance      |     0.002 |
|   MUX_Product_2_impl_0_instance      |    <0.001 |
|   MUX_Product_2_impl_1_LUT_instance  |    <0.001 |
|     instLUT                          |    <0.001 |
|   MUX_Product_2_impl_1_instance      |    <0.001 |
|   MUX_SumTree0_0_impl_0_instance     |     0.001 |
|   MUX_SumTree0_0_impl_1_instance     |     0.002 |
|   MUX_SumTree0_1_impl_0_instance     |    <0.001 |
|   MUX_SumTree0_1_impl_1_instance     |     0.002 |
|   MUX_SumTree0_2_impl_0_instance     |    <0.001 |
|   MUX_SumTree0_2_impl_1_instance     |     0.002 |
|   ModCount81_instance                |     0.008 |
|   Product1_2_impl_instance           |     0.004 |
|     SignificandMultiplication        |     0.002 |
|   Product6_2_impl_instance           |     0.003 |
|     SignificandMultiplication        |     0.001 |
|   Product_0_impl_instance            |     0.004 |
|     SignificandMultiplication        |     0.003 |
|   Product_1_impl_instance            |     0.004 |
|     SignificandMultiplication        |     0.002 |
|   Product_2_impl_instance            |     0.004 |
|     SignificandMultiplication        |     0.002 |
|   SharedReg10_instance               |     0.002 |
|   SharedReg11_instance               |     0.001 |
|   SharedReg13_instance               |    <0.001 |
|   SharedReg14_instance               |     0.001 |
|   SharedReg15_instance               |    <0.001 |
|   SharedReg16_instance               |     0.002 |
|   SharedReg17_instance               |     0.002 |
|   SharedReg18_instance               |    <0.001 |
|   SharedReg19_instance               |     0.002 |
|   SharedReg1_instance                |    <0.001 |
|   SharedReg20_instance               |    <0.001 |
|   SharedReg21_instance               |     0.002 |
|   SharedReg22_instance               |    <0.001 |
|   SharedReg23_instance               |    <0.001 |
|   SharedReg24_instance               |    <0.001 |
|   SharedReg25_instance               |    <0.001 |
|   SharedReg26_instance               |    <0.001 |
|   SharedReg27_instance               |    <0.001 |
|   SharedReg28_instance               |    <0.001 |
|   SharedReg29_instance               |    <0.001 |
|   SharedReg2_instance                |     0.002 |
|   SharedReg30_instance               |    <0.001 |
|   SharedReg31_instance               |    <0.001 |
|   SharedReg32_instance               |    <0.001 |
|   SharedReg33_instance               |    <0.001 |
|   SharedReg35_instance               |    <0.001 |
|   SharedReg36_instance               |    <0.001 |
|   SharedReg37_instance               |     0.003 |
|   SharedReg38_instance               |     0.003 |
|   SharedReg39_instance               |     0.003 |
|   SharedReg3_instance                |    <0.001 |
|   SharedReg40_instance               |     0.001 |
|   SharedReg41_instance               |     0.003 |
|   SharedReg42_instance               |     0.001 |
|   SharedReg43_instance               |    <0.001 |
|   SharedReg44_instance               |     0.003 |
|   SharedReg45_instance               |     0.003 |
|   SharedReg46_instance               |     0.003 |
|   SharedReg47_instance               |    <0.001 |
|   SharedReg48_instance               |     0.003 |
|   SharedReg49_instance               |    <0.001 |
|   SharedReg4_instance                |     0.002 |
|   SharedReg50_instance               |     0.003 |
|   SharedReg51_instance               |     0.003 |
|   SharedReg52_instance               |     0.001 |
|   SharedReg53_instance               |     0.001 |
|   SharedReg54_instance               |     0.001 |
|   SharedReg5_instance                |    <0.001 |
|   SharedReg6_instance                |    <0.001 |
|   SharedReg7_instance                |    <0.001 |
|   SharedReg8_instance                |    <0.001 |
|   SharedReg9_instance                |     0.002 |
|   SharedReg_instance                 |    <0.001 |
|   SumTree0_0_impl_instance           |     0.008 |
|     FPAddSubOp_instance              |     0.008 |
|       LZC_component                  |     0.004 |
|       fracAdder                      |     0.001 |
|   SumTree0_1_impl_instance           |     0.008 |
|     FPAddSubOp_instance              |     0.008 |
|       LZC_component                  |     0.004 |
|       fracAdder                      |     0.001 |
|   SumTree0_2_impl_instance           |     0.008 |
|     FPAddSubOp_instance              |     0.008 |
|       LZC_component                  |     0.004 |
|       fracAdder                      |     0.001 |
|   clk_IBUF_inst                      |    <0.001 |
|   rst_IBUF_inst                      |    <0.001 |
+--------------------------------------+-----------+


