Copyright 1986-2018 Xilinx, Inc. All Rights Reserved.
-----------------------------------------------------------------------------------------------------------------------------------------------------------------------------------
| Tool Version     : Vivado v.2018.1 (lin64) Build 2188600 Wed Apr  4 18:39:19 MDT 2018
| Date             : Wed Apr 15 11:25:18 2020
| Host             : animal.digi.e-technik.uni-kassel.de running 64-bit CentOS Linux release 7.7.1908 (Core)
| Command          : report_power -file /home/nfiege/Repositories/origami/vhdl/ratII/synth/intII/mat_inv/mat_inv_ED97_10_ultrascale2_250/implementedSystem_power_synth.rpt
| Design           : implementedSystem_toplevel
| Device           : xcvu13p-fhga2104-2-e
| Design State     : routed
| Grade            : extended
| Process          : typical
| Characterization : Production
-----------------------------------------------------------------------------------------------------------------------------------------------------------------------------------

Power Report

Table of Contents
-----------------
1. Summary
1.1 On-Chip Components
1.2 Power Supply Summary
1.3 Confidence Level
2. Settings
2.1 Environment
2.2 Clock Constraints
3. Detailed Reports
3.1 By Hierarchy

1. Summary
----------

+--------------------------+--------------+
| Total On-Chip Power (W)  | 5.411        |
| Design Power Budget (W)  | Unspecified* |
| Power Budget Margin (W)  | NA           |
| Dynamic (W)              | 2.417        |
| Device Static (W)        | 2.993        |
| Effective TJA (C/W)      | 0.5          |
| Max Ambient (C)          | 97.1         |
| Junction Temperature (C) | 27.9         |
| Confidence Level         | Low          |
| Setting File             | ---          |
| Simulation Activity File | ---          |
| Design Nets Matched      | NA           |
+--------------------------+--------------+
* Specify Design Power Budget using, set_operating_conditions -design_power_budget <value in Watts>


1.1 On-Chip Components
----------------------

+-------------------------+-----------+----------+-----------+-----------------+
| On-Chip                 | Power (W) | Used     | Available | Utilization (%) |
+-------------------------+-----------+----------+-----------+-----------------+
| Clocks                  |     0.161 |        3 |       --- |             --- |
| CLB Logic               |     0.585 |    36645 |       --- |             --- |
|   LUT as Logic          |     0.359 |    10990 |   1728000 |            0.64 |
|   LUT as Shift Register |     0.175 |     2931 |    791040 |            0.37 |
|   Register              |     0.046 |    18403 |   3456000 |            0.53 |
|   CARRY8                |     0.004 |      333 |    216000 |            0.15 |
|   Others                |     0.000 |      565 |       --- |             --- |
|   F7/F8 Muxes           |     0.000 |       84 |   1728000 |           <0.01 |
| Signals                 |     0.730 |    28240 |       --- |             --- |
| DSPs                    |     0.056 |       36 |     12288 |            0.29 |
| I/O                     |     0.885 |      770 |       832 |           92.55 |
| Static Power            |     2.993 |          |           |                 |
| Total                   |     5.411 |          |           |                 |
+-------------------------+-----------+----------+-----------+-----------------+


1.2 Power Supply Summary
------------------------

+------------+-------------+-----------+-------------+------------+
| Source     | Voltage (V) | Total (A) | Dynamic (A) | Static (A) |
+------------+-------------+-----------+-------------+------------+
| Vccint     |       0.850 |     3.003 |       1.802 |      1.201 |
| Vccint_io  |       0.850 |     0.182 |       0.039 |      0.143 |
| Vccbram    |       0.850 |     0.021 |       0.000 |      0.021 |
| Vccaux     |       1.800 |     0.882 |       0.000 |      0.882 |
| Vccaux_io  |       1.800 |     0.255 |       0.151 |      0.104 |
| Vcco33     |       3.300 |     0.000 |       0.000 |      0.000 |
| Vcco25     |       2.500 |     0.000 |       0.000 |      0.000 |
| Vcco18     |       1.800 |     0.322 |       0.322 |      0.000 |
| Vcco15     |       1.500 |     0.000 |       0.000 |      0.000 |
| Vcco135    |       1.350 |     0.000 |       0.000 |      0.000 |
| Vcco12     |       1.200 |     0.000 |       0.000 |      0.000 |
| Vcco10     |       1.000 |     0.000 |       0.000 |      0.000 |
| Vccadc     |       1.800 |     0.032 |       0.000 |      0.032 |
| MGTYAVcc   |       0.900 |     0.000 |       0.000 |      0.000 |
| MGTYAVtt   |       1.200 |     0.000 |       0.000 |      0.000 |
| MGTYVccaux |       1.800 |     0.000 |       0.000 |      0.000 |
+------------+-------------+-----------+-------------+------------+


1.3 Confidence Level
--------------------

+-----------------------------+------------+--------------------------------------------------------+------------------------------------------------------------------------------------------------------------+
| User Input Data             | Confidence | Details                                                | Action                                                                                                     |
+-----------------------------+------------+--------------------------------------------------------+------------------------------------------------------------------------------------------------------------+
| Design implementation state | High       | Design is routed                                       |                                                                                                            |
| Clock nodes activity        | High       | User specified more than 95% of clocks                 |                                                                                                            |
| I/O nodes activity          | Low        | More than 75% of inputs are missing user specification | Provide missing input activity with simulation results or by editing the "By Resource Type -> I/Os" view   |
| Internal nodes activity     | Medium     | User specified less than 25% of internal nodes         | Provide missing internal nodes activity with simulation results or by editing the "By Resource Type" views |
| Device models               | High       | Device models are Production                           |                                                                                                            |
|                             |            |                                                        |                                                                                                            |
| Overall confidence level    | Low        |                                                        |                                                                                                            |
+-----------------------------+------------+--------------------------------------------------------+------------------------------------------------------------------------------------------------------------+


2. Settings
-----------

2.1 Environment
---------------

+-----------------------+--------------------------+
| Ambient Temp (C)      | 25.0                     |
| ThetaJA (C/W)         | 0.5                      |
| Airflow (LFM)         | 250                      |
| Heat Sink             | medium (Medium Profile)  |
| ThetaSA (C/W)         | 0.7                      |
| Board Selection       | medium (10"x10")         |
| # of Board Layers     | 12to15 (12 to 15 Layers) |
| Board Temperature (C) | 25.0                     |
+-----------------------+--------------------------+


2.2 Clock Constraints
---------------------

+-------+--------+-----------------+
| Clock | Domain | Constraint (ns) |
+-------+--------+-----------------+
| clk   | clk    |             4.0 |
+-------+--------+-----------------+


3. Detailed Reports
-------------------

3.1 By Hierarchy
----------------

+----------------------------------+-----------+
| Name                             | Power (W) |
+----------------------------------+-----------+
| implementedSystem_toplevel       |     2.417 |
|   Add111_impl_instance           |     0.009 |
|     FPAddSubOp_instance          |     0.009 |
|       LZC_component              |     0.004 |
|       fracAdder                  |     0.001 |
|   Add17_impl_instance            |     0.009 |
|     FPAddSubOp_instance          |     0.009 |
|       LZC_component              |     0.004 |
|       fracAdder                  |     0.002 |
|   Add22_impl_instance            |     0.010 |
|     FPAddSubOp_instance          |     0.010 |
|       LZC_component              |     0.004 |
|       fracAdder                  |     0.002 |
|   Add24_impl_instance            |     0.008 |
|     FPAddSubOp_instance          |     0.008 |
|       LZC_component              |     0.004 |
|       fracAdder                  |     0.001 |
|   Add30_impl_instance            |     0.008 |
|     FPAddSubOp_instance          |     0.008 |
|       LZC_component              |     0.004 |
|       fracAdder                  |     0.001 |
|   Delay100No_instance            |     0.003 |
|   Delay103No_instance            |     0.008 |
|   Delay105No1_instance           |     0.004 |
|   Delay105No_instance            |     0.004 |
|   Delay107No_instance            |    <0.001 |
|   Delay108No_instance            |     0.001 |
|   Delay15No_instance             |     0.002 |
|   Delay17No_instance             |     0.001 |
|   Delay18No_instance             |    <0.001 |
|   Delay19No_instance             |     0.004 |
|   Delay1No10_instance            |    <0.001 |
|   Delay1No11_instance            |    <0.001 |
|   Delay1No12_instance            |     0.001 |
|   Delay1No13_instance            |    <0.001 |
|   Delay1No14_instance            |    <0.001 |
|   Delay1No15_instance            |    <0.001 |
|   Delay1No16_instance            |     0.001 |
|   Delay1No17_instance            |    <0.001 |
|   Delay1No18_instance            |    <0.001 |
|   Delay1No19_instance            |    <0.001 |
|   Delay1No1_instance             |     0.001 |
|   Delay1No20_instance            |     0.001 |
|   Delay1No21_instance            |     0.001 |
|   Delay1No22_instance            |    <0.001 |
|   Delay1No23_instance            |    <0.001 |
|   Delay1No24_instance            |     0.015 |
|   Delay1No25_instance            |     0.015 |
|   Delay1No26_instance            |     0.014 |
|   Delay1No27_instance            |     0.015 |
|   Delay1No28_instance            |     0.006 |
|   Delay1No29_instance            |     0.006 |
|   Delay1No2_instance             |    <0.001 |
|   Delay1No30_instance            |     0.009 |
|   Delay1No31_instance            |     0.010 |
|   Delay1No32_instance            |     0.010 |
|   Delay1No33_instance            |     0.009 |
|   Delay1No34_instance            |     0.006 |
|   Delay1No35_instance            |     0.018 |
|   Delay1No36_instance            |     0.006 |
|   Delay1No37_instance            |     0.008 |
|   Delay1No38_instance            |     0.005 |
|   Delay1No39_instance            |     0.007 |
|   Delay1No3_instance             |    <0.001 |
|   Delay1No40_instance            |     0.005 |
|   Delay1No41_instance            |     0.008 |
|   Delay1No42_instance            |     0.006 |
|   Delay1No43_instance            |     0.009 |
|   Delay1No44_instance            |     0.005 |
|   Delay1No45_instance            |     0.007 |
|   Delay1No46_instance            |    <0.001 |
|   Delay1No47_instance            |    <0.001 |
|   Delay1No48_instance            |     0.001 |
|   Delay1No49_instance            |    <0.001 |
|   Delay1No4_instance             |     0.001 |
|   Delay1No50_instance            |     0.001 |
|   Delay1No51_instance            |     0.001 |
|   Delay1No52_instance            |    <0.001 |
|   Delay1No53_instance            |    <0.001 |
|   Delay1No54_instance            |     0.006 |
|   Delay1No55_instance            |     0.009 |
|   Delay1No56_instance            |     0.006 |
|   Delay1No57_instance            |     0.008 |
|   Delay1No58_instance            |    <0.001 |
|   Delay1No59_instance            |     0.004 |
|   Delay1No5_instance             |     0.001 |
|   Delay1No60_instance            |    <0.001 |
|   Delay1No61_instance            |    <0.001 |
|   Delay1No62_instance            |    <0.001 |
|   Delay1No63_instance            |    <0.001 |
|   Delay1No6_instance             |    <0.001 |
|   Delay1No76_instance            |     0.001 |
|   Delay1No77_instance            |    <0.001 |
|   Delay1No78_instance            |    <0.001 |
|   Delay1No7_instance             |     0.001 |
|   Delay1No8_instance             |    <0.001 |
|   Delay1No9_instance             |    <0.001 |
|   Delay1No_instance              |    <0.001 |
|   Delay20No1_instance            |     0.002 |
|   Delay20No_instance             |     0.002 |
|   Delay21No1_instance            |     0.004 |
|   Delay26No_instance             |     0.004 |
|   Delay41No_instance             |     0.004 |
|   Delay51No_instance             |     0.006 |
|   Delay5No2_instance             |     0.003 |
|   Delay5No7_instance             |     0.003 |
|   Delay5No_instance              |     0.002 |
|   Delay60No_instance             |     0.002 |
|   Delay77No2_instance            |     0.004 |
|   Delay81No_instance             |     0.004 |
|   Delay83No1_instance            |     0.001 |
|   Delay88No_instance             |     0.008 |
|   Delay90No2_instance            |     0.004 |
|   Delay90No_instance             |     0.004 |
|   Delay91No1_instance            |     0.004 |
|   Delay91No2_instance            |     0.004 |
|   Delay92No2_instance            |     0.004 |
|   Delay92No4_instance            |     0.004 |
|   Delay93No1_instance            |     0.002 |
|   Delay93No_instance             |     0.008 |
|   Delay94No_instance             |     0.002 |
|   Delay99No_instance             |    <0.001 |
|   Divide_impl_instance           |     0.141 |
|     SelFunctionTable1            |     0.001 |
|     SelFunctionTable2            |    <0.001 |
|     SelFunctionTable3            |     0.001 |
|     SelFunctionTable4            |    <0.001 |
|     SelFunctionTable5            |     0.001 |
|     SelFunctionTable6            |    <0.001 |
|     SelFunctionTable7            |     0.001 |
|     SelFunctionTable8            |    <0.001 |
|   Ldiff_UU_del_1_IBUF[0]_inst    |    <0.001 |
|   Ldiff_UU_del_1_IBUF[10]_inst   |    <0.001 |
|   Ldiff_UU_del_1_IBUF[11]_inst   |    <0.001 |
|   Ldiff_UU_del_1_IBUF[12]_inst   |    <0.001 |
|   Ldiff_UU_del_1_IBUF[13]_inst   |    <0.001 |
|   Ldiff_UU_del_1_IBUF[14]_inst   |    <0.001 |
|   Ldiff_UU_del_1_IBUF[15]_inst   |    <0.001 |
|   Ldiff_UU_del_1_IBUF[16]_inst   |    <0.001 |
|   Ldiff_UU_del_1_IBUF[17]_inst   |    <0.001 |
|   Ldiff_UU_del_1_IBUF[18]_inst   |    <0.001 |
|   Ldiff_UU_del_1_IBUF[19]_inst   |    <0.001 |
|   Ldiff_UU_del_1_IBUF[1]_inst    |    <0.001 |
|   Ldiff_UU_del_1_IBUF[20]_inst   |    <0.001 |
|   Ldiff_UU_del_1_IBUF[21]_inst   |    <0.001 |
|   Ldiff_UU_del_1_IBUF[22]_inst   |    <0.001 |
|   Ldiff_UU_del_1_IBUF[23]_inst   |    <0.001 |
|   Ldiff_UU_del_1_IBUF[24]_inst   |    <0.001 |
|   Ldiff_UU_del_1_IBUF[25]_inst   |    <0.001 |
|   Ldiff_UU_del_1_IBUF[26]_inst   |    <0.001 |
|   Ldiff_UU_del_1_IBUF[27]_inst   |    <0.001 |
|   Ldiff_UU_del_1_IBUF[28]_inst   |    <0.001 |
|   Ldiff_UU_del_1_IBUF[29]_inst   |    <0.001 |
|   Ldiff_UU_del_1_IBUF[2]_inst    |    <0.001 |
|   Ldiff_UU_del_1_IBUF[30]_inst   |    <0.001 |
|   Ldiff_UU_del_1_IBUF[31]_inst   |    <0.001 |
|   Ldiff_UU_del_1_IBUF[3]_inst    |    <0.001 |
|   Ldiff_UU_del_1_IBUF[4]_inst    |    <0.001 |
|   Ldiff_UU_del_1_IBUF[5]_inst    |    <0.001 |
|   Ldiff_UU_del_1_IBUF[6]_inst    |    <0.001 |
|   Ldiff_UU_del_1_IBUF[7]_inst    |    <0.001 |
|   Ldiff_UU_del_1_IBUF[8]_inst    |    <0.001 |
|   Ldiff_UU_del_1_IBUF[9]_inst    |    <0.001 |
|   Ldiff_UV_del_1_IBUF[0]_inst    |    <0.001 |
|   Ldiff_UV_del_1_IBUF[10]_inst   |    <0.001 |
|   Ldiff_UV_del_1_IBUF[11]_inst   |    <0.001 |
|   Ldiff_UV_del_1_IBUF[12]_inst   |    <0.001 |
|   Ldiff_UV_del_1_IBUF[13]_inst   |    <0.001 |
|   Ldiff_UV_del_1_IBUF[14]_inst   |    <0.001 |
|   Ldiff_UV_del_1_IBUF[15]_inst   |    <0.001 |
|   Ldiff_UV_del_1_IBUF[16]_inst   |    <0.001 |
|   Ldiff_UV_del_1_IBUF[17]_inst   |    <0.001 |
|   Ldiff_UV_del_1_IBUF[18]_inst   |    <0.001 |
|   Ldiff_UV_del_1_IBUF[19]_inst   |    <0.001 |
|   Ldiff_UV_del_1_IBUF[1]_inst    |    <0.001 |
|   Ldiff_UV_del_1_IBUF[20]_inst   |    <0.001 |
|   Ldiff_UV_del_1_IBUF[21]_inst   |    <0.001 |
|   Ldiff_UV_del_1_IBUF[22]_inst   |    <0.001 |
|   Ldiff_UV_del_1_IBUF[23]_inst   |    <0.001 |
|   Ldiff_UV_del_1_IBUF[24]_inst   |    <0.001 |
|   Ldiff_UV_del_1_IBUF[25]_inst   |    <0.001 |
|   Ldiff_UV_del_1_IBUF[26]_inst   |    <0.001 |
|   Ldiff_UV_del_1_IBUF[27]_inst   |    <0.001 |
|   Ldiff_UV_del_1_IBUF[28]_inst   |    <0.001 |
|   Ldiff_UV_del_1_IBUF[29]_inst   |    <0.001 |
|   Ldiff_UV_del_1_IBUF[2]_inst    |    <0.001 |
|   Ldiff_UV_del_1_IBUF[30]_inst   |    <0.001 |
|   Ldiff_UV_del_1_IBUF[31]_inst   |    <0.001 |
|   Ldiff_UV_del_1_IBUF[3]_inst    |    <0.001 |
|   Ldiff_UV_del_1_IBUF[4]_inst    |    <0.001 |
|   Ldiff_UV_del_1_IBUF[5]_inst    |    <0.001 |
|   Ldiff_UV_del_1_IBUF[6]_inst    |    <0.001 |
|   Ldiff_UV_del_1_IBUF[7]_inst    |    <0.001 |
|   Ldiff_UV_del_1_IBUF[8]_inst    |    <0.001 |
|   Ldiff_UV_del_1_IBUF[9]_inst    |    <0.001 |
|   Ldiff_UW_del_1_IBUF[0]_inst    |    <0.001 |
|   Ldiff_UW_del_1_IBUF[10]_inst   |    <0.001 |
|   Ldiff_UW_del_1_IBUF[11]_inst   |    <0.001 |
|   Ldiff_UW_del_1_IBUF[12]_inst   |    <0.001 |
|   Ldiff_UW_del_1_IBUF[13]_inst   |    <0.001 |
|   Ldiff_UW_del_1_IBUF[14]_inst   |    <0.001 |
|   Ldiff_UW_del_1_IBUF[15]_inst   |    <0.001 |
|   Ldiff_UW_del_1_IBUF[16]_inst   |    <0.001 |
|   Ldiff_UW_del_1_IBUF[17]_inst   |    <0.001 |
|   Ldiff_UW_del_1_IBUF[18]_inst   |    <0.001 |
|   Ldiff_UW_del_1_IBUF[19]_inst   |    <0.001 |
|   Ldiff_UW_del_1_IBUF[1]_inst    |    <0.001 |
|   Ldiff_UW_del_1_IBUF[20]_inst   |    <0.001 |
|   Ldiff_UW_del_1_IBUF[21]_inst   |    <0.001 |
|   Ldiff_UW_del_1_IBUF[22]_inst   |    <0.001 |
|   Ldiff_UW_del_1_IBUF[23]_inst   |    <0.001 |
|   Ldiff_UW_del_1_IBUF[24]_inst   |    <0.001 |
|   Ldiff_UW_del_1_IBUF[25]_inst   |    <0.001 |
|   Ldiff_UW_del_1_IBUF[26]_inst   |    <0.001 |
|   Ldiff_UW_del_1_IBUF[27]_inst   |    <0.001 |
|   Ldiff_UW_del_1_IBUF[28]_inst   |    <0.001 |
|   Ldiff_UW_del_1_IBUF[29]_inst   |    <0.001 |
|   Ldiff_UW_del_1_IBUF[2]_inst    |    <0.001 |
|   Ldiff_UW_del_1_IBUF[30]_inst   |    <0.001 |
|   Ldiff_UW_del_1_IBUF[31]_inst   |    <0.001 |
|   Ldiff_UW_del_1_IBUF[3]_inst    |    <0.001 |
|   Ldiff_UW_del_1_IBUF[4]_inst    |    <0.001 |
|   Ldiff_UW_del_1_IBUF[5]_inst    |    <0.001 |
|   Ldiff_UW_del_1_IBUF[6]_inst    |    <0.001 |
|   Ldiff_UW_del_1_IBUF[7]_inst    |    <0.001 |
|   Ldiff_UW_del_1_IBUF[8]_inst    |    <0.001 |
|   Ldiff_UW_del_1_IBUF[9]_inst    |    <0.001 |
|   Ldiff_VU_del_1_IBUF[0]_inst    |    <0.001 |
|   Ldiff_VU_del_1_IBUF[10]_inst   |    <0.001 |
|   Ldiff_VU_del_1_IBUF[11]_inst   |    <0.001 |
|   Ldiff_VU_del_1_IBUF[12]_inst   |    <0.001 |
|   Ldiff_VU_del_1_IBUF[13]_inst   |    <0.001 |
|   Ldiff_VU_del_1_IBUF[14]_inst   |    <0.001 |
|   Ldiff_VU_del_1_IBUF[15]_inst   |    <0.001 |
|   Ldiff_VU_del_1_IBUF[16]_inst   |    <0.001 |
|   Ldiff_VU_del_1_IBUF[17]_inst   |    <0.001 |
|   Ldiff_VU_del_1_IBUF[18]_inst   |    <0.001 |
|   Ldiff_VU_del_1_IBUF[19]_inst   |    <0.001 |
|   Ldiff_VU_del_1_IBUF[1]_inst    |    <0.001 |
|   Ldiff_VU_del_1_IBUF[20]_inst   |    <0.001 |
|   Ldiff_VU_del_1_IBUF[21]_inst   |    <0.001 |
|   Ldiff_VU_del_1_IBUF[22]_inst   |    <0.001 |
|   Ldiff_VU_del_1_IBUF[23]_inst   |    <0.001 |
|   Ldiff_VU_del_1_IBUF[24]_inst   |    <0.001 |
|   Ldiff_VU_del_1_IBUF[25]_inst   |    <0.001 |
|   Ldiff_VU_del_1_IBUF[26]_inst   |    <0.001 |
|   Ldiff_VU_del_1_IBUF[27]_inst   |    <0.001 |
|   Ldiff_VU_del_1_IBUF[28]_inst   |    <0.001 |
|   Ldiff_VU_del_1_IBUF[29]_inst   |    <0.001 |
|   Ldiff_VU_del_1_IBUF[2]_inst    |    <0.001 |
|   Ldiff_VU_del_1_IBUF[30]_inst   |    <0.001 |
|   Ldiff_VU_del_1_IBUF[31]_inst   |    <0.001 |
|   Ldiff_VU_del_1_IBUF[3]_inst    |    <0.001 |
|   Ldiff_VU_del_1_IBUF[4]_inst    |    <0.001 |
|   Ldiff_VU_del_1_IBUF[5]_inst    |    <0.001 |
|   Ldiff_VU_del_1_IBUF[6]_inst    |    <0.001 |
|   Ldiff_VU_del_1_IBUF[7]_inst    |    <0.001 |
|   Ldiff_VU_del_1_IBUF[8]_inst    |    <0.001 |
|   Ldiff_VU_del_1_IBUF[9]_inst    |    <0.001 |
|   Ldiff_VV_del_1_IBUF[0]_inst    |    <0.001 |
|   Ldiff_VV_del_1_IBUF[10]_inst   |    <0.001 |
|   Ldiff_VV_del_1_IBUF[11]_inst   |    <0.001 |
|   Ldiff_VV_del_1_IBUF[12]_inst   |    <0.001 |
|   Ldiff_VV_del_1_IBUF[13]_inst   |    <0.001 |
|   Ldiff_VV_del_1_IBUF[14]_inst   |    <0.001 |
|   Ldiff_VV_del_1_IBUF[15]_inst   |    <0.001 |
|   Ldiff_VV_del_1_IBUF[16]_inst   |    <0.001 |
|   Ldiff_VV_del_1_IBUF[17]_inst   |    <0.001 |
|   Ldiff_VV_del_1_IBUF[18]_inst   |    <0.001 |
|   Ldiff_VV_del_1_IBUF[19]_inst   |    <0.001 |
|   Ldiff_VV_del_1_IBUF[1]_inst    |    <0.001 |
|   Ldiff_VV_del_1_IBUF[20]_inst   |    <0.001 |
|   Ldiff_VV_del_1_IBUF[21]_inst   |    <0.001 |
|   Ldiff_VV_del_1_IBUF[22]_inst   |    <0.001 |
|   Ldiff_VV_del_1_IBUF[23]_inst   |    <0.001 |
|   Ldiff_VV_del_1_IBUF[24]_inst   |    <0.001 |
|   Ldiff_VV_del_1_IBUF[25]_inst   |    <0.001 |
|   Ldiff_VV_del_1_IBUF[26]_inst   |    <0.001 |
|   Ldiff_VV_del_1_IBUF[27]_inst   |    <0.001 |
|   Ldiff_VV_del_1_IBUF[28]_inst   |    <0.001 |
|   Ldiff_VV_del_1_IBUF[29]_inst   |    <0.001 |
|   Ldiff_VV_del_1_IBUF[2]_inst    |    <0.001 |
|   Ldiff_VV_del_1_IBUF[30]_inst   |    <0.001 |
|   Ldiff_VV_del_1_IBUF[31]_inst   |    <0.001 |
|   Ldiff_VV_del_1_IBUF[3]_inst    |    <0.001 |
|   Ldiff_VV_del_1_IBUF[4]_inst    |    <0.001 |
|   Ldiff_VV_del_1_IBUF[5]_inst    |    <0.001 |
|   Ldiff_VV_del_1_IBUF[6]_inst    |    <0.001 |
|   Ldiff_VV_del_1_IBUF[7]_inst    |    <0.001 |
|   Ldiff_VV_del_1_IBUF[8]_inst    |    <0.001 |
|   Ldiff_VV_del_1_IBUF[9]_inst    |    <0.001 |
|   Ldiff_VW_del_1_IBUF[0]_inst    |    <0.001 |
|   Ldiff_VW_del_1_IBUF[10]_inst   |    <0.001 |
|   Ldiff_VW_del_1_IBUF[11]_inst   |    <0.001 |
|   Ldiff_VW_del_1_IBUF[12]_inst   |    <0.001 |
|   Ldiff_VW_del_1_IBUF[13]_inst   |    <0.001 |
|   Ldiff_VW_del_1_IBUF[14]_inst   |    <0.001 |
|   Ldiff_VW_del_1_IBUF[15]_inst   |    <0.001 |
|   Ldiff_VW_del_1_IBUF[16]_inst   |    <0.001 |
|   Ldiff_VW_del_1_IBUF[17]_inst   |    <0.001 |
|   Ldiff_VW_del_1_IBUF[18]_inst   |    <0.001 |
|   Ldiff_VW_del_1_IBUF[19]_inst   |    <0.001 |
|   Ldiff_VW_del_1_IBUF[1]_inst    |    <0.001 |
|   Ldiff_VW_del_1_IBUF[20]_inst   |    <0.001 |
|   Ldiff_VW_del_1_IBUF[21]_inst   |    <0.001 |
|   Ldiff_VW_del_1_IBUF[22]_inst   |    <0.001 |
|   Ldiff_VW_del_1_IBUF[23]_inst   |    <0.001 |
|   Ldiff_VW_del_1_IBUF[24]_inst   |    <0.001 |
|   Ldiff_VW_del_1_IBUF[25]_inst   |    <0.001 |
|   Ldiff_VW_del_1_IBUF[26]_inst   |    <0.001 |
|   Ldiff_VW_del_1_IBUF[27]_inst   |    <0.001 |
|   Ldiff_VW_del_1_IBUF[28]_inst   |    <0.001 |
|   Ldiff_VW_del_1_IBUF[29]_inst   |    <0.001 |
|   Ldiff_VW_del_1_IBUF[2]_inst    |    <0.001 |
|   Ldiff_VW_del_1_IBUF[30]_inst   |    <0.001 |
|   Ldiff_VW_del_1_IBUF[31]_inst   |    <0.001 |
|   Ldiff_VW_del_1_IBUF[3]_inst    |    <0.001 |
|   Ldiff_VW_del_1_IBUF[4]_inst    |    <0.001 |
|   Ldiff_VW_del_1_IBUF[5]_inst    |    <0.001 |
|   Ldiff_VW_del_1_IBUF[6]_inst    |    <0.001 |
|   Ldiff_VW_del_1_IBUF[7]_inst    |    <0.001 |
|   Ldiff_VW_del_1_IBUF[8]_inst    |    <0.001 |
|   Ldiff_VW_del_1_IBUF[9]_inst    |    <0.001 |
|   Ldiff_WU_del_1_IBUF[0]_inst    |    <0.001 |
|   Ldiff_WU_del_1_IBUF[10]_inst   |    <0.001 |
|   Ldiff_WU_del_1_IBUF[11]_inst   |    <0.001 |
|   Ldiff_WU_del_1_IBUF[12]_inst   |    <0.001 |
|   Ldiff_WU_del_1_IBUF[13]_inst   |    <0.001 |
|   Ldiff_WU_del_1_IBUF[14]_inst   |    <0.001 |
|   Ldiff_WU_del_1_IBUF[15]_inst   |    <0.001 |
|   Ldiff_WU_del_1_IBUF[16]_inst   |    <0.001 |
|   Ldiff_WU_del_1_IBUF[17]_inst   |    <0.001 |
|   Ldiff_WU_del_1_IBUF[18]_inst   |    <0.001 |
|   Ldiff_WU_del_1_IBUF[19]_inst   |    <0.001 |
|   Ldiff_WU_del_1_IBUF[1]_inst    |    <0.001 |
|   Ldiff_WU_del_1_IBUF[20]_inst   |    <0.001 |
|   Ldiff_WU_del_1_IBUF[21]_inst   |    <0.001 |
|   Ldiff_WU_del_1_IBUF[22]_inst   |    <0.001 |
|   Ldiff_WU_del_1_IBUF[23]_inst   |    <0.001 |
|   Ldiff_WU_del_1_IBUF[24]_inst   |    <0.001 |
|   Ldiff_WU_del_1_IBUF[25]_inst   |    <0.001 |
|   Ldiff_WU_del_1_IBUF[26]_inst   |    <0.001 |
|   Ldiff_WU_del_1_IBUF[27]_inst   |    <0.001 |
|   Ldiff_WU_del_1_IBUF[28]_inst   |    <0.001 |
|   Ldiff_WU_del_1_IBUF[29]_inst   |    <0.001 |
|   Ldiff_WU_del_1_IBUF[2]_inst    |    <0.001 |
|   Ldiff_WU_del_1_IBUF[30]_inst   |    <0.001 |
|   Ldiff_WU_del_1_IBUF[31]_inst   |    <0.001 |
|   Ldiff_WU_del_1_IBUF[3]_inst    |    <0.001 |
|   Ldiff_WU_del_1_IBUF[4]_inst    |    <0.001 |
|   Ldiff_WU_del_1_IBUF[5]_inst    |    <0.001 |
|   Ldiff_WU_del_1_IBUF[6]_inst    |    <0.001 |
|   Ldiff_WU_del_1_IBUF[7]_inst    |    <0.001 |
|   Ldiff_WU_del_1_IBUF[8]_inst    |    <0.001 |
|   Ldiff_WU_del_1_IBUF[9]_inst    |    <0.001 |
|   Ldiff_WV_del_1_IBUF[0]_inst    |    <0.001 |
|   Ldiff_WV_del_1_IBUF[10]_inst   |    <0.001 |
|   Ldiff_WV_del_1_IBUF[11]_inst   |    <0.001 |
|   Ldiff_WV_del_1_IBUF[12]_inst   |    <0.001 |
|   Ldiff_WV_del_1_IBUF[13]_inst   |    <0.001 |
|   Ldiff_WV_del_1_IBUF[14]_inst   |    <0.001 |
|   Ldiff_WV_del_1_IBUF[15]_inst   |    <0.001 |
|   Ldiff_WV_del_1_IBUF[16]_inst   |    <0.001 |
|   Ldiff_WV_del_1_IBUF[17]_inst   |    <0.001 |
|   Ldiff_WV_del_1_IBUF[18]_inst   |    <0.001 |
|   Ldiff_WV_del_1_IBUF[19]_inst   |    <0.001 |
|   Ldiff_WV_del_1_IBUF[1]_inst    |    <0.001 |
|   Ldiff_WV_del_1_IBUF[20]_inst   |    <0.001 |
|   Ldiff_WV_del_1_IBUF[21]_inst   |    <0.001 |
|   Ldiff_WV_del_1_IBUF[22]_inst   |    <0.001 |
|   Ldiff_WV_del_1_IBUF[23]_inst   |    <0.001 |
|   Ldiff_WV_del_1_IBUF[24]_inst   |    <0.001 |
|   Ldiff_WV_del_1_IBUF[25]_inst   |    <0.001 |
|   Ldiff_WV_del_1_IBUF[26]_inst   |    <0.001 |
|   Ldiff_WV_del_1_IBUF[27]_inst   |    <0.001 |
|   Ldiff_WV_del_1_IBUF[28]_inst   |    <0.001 |
|   Ldiff_WV_del_1_IBUF[29]_inst   |    <0.001 |
|   Ldiff_WV_del_1_IBUF[2]_inst    |    <0.001 |
|   Ldiff_WV_del_1_IBUF[30]_inst   |    <0.001 |
|   Ldiff_WV_del_1_IBUF[31]_inst   |    <0.001 |
|   Ldiff_WV_del_1_IBUF[3]_inst    |    <0.001 |
|   Ldiff_WV_del_1_IBUF[4]_inst    |    <0.001 |
|   Ldiff_WV_del_1_IBUF[5]_inst    |    <0.001 |
|   Ldiff_WV_del_1_IBUF[6]_inst    |    <0.001 |
|   Ldiff_WV_del_1_IBUF[7]_inst    |    <0.001 |
|   Ldiff_WV_del_1_IBUF[8]_inst    |    <0.001 |
|   Ldiff_WV_del_1_IBUF[9]_inst    |    <0.001 |
|   Ldiff_WW_del_1_IBUF[0]_inst    |    <0.001 |
|   Ldiff_WW_del_1_IBUF[10]_inst   |    <0.001 |
|   Ldiff_WW_del_1_IBUF[11]_inst   |    <0.001 |
|   Ldiff_WW_del_1_IBUF[12]_inst   |    <0.001 |
|   Ldiff_WW_del_1_IBUF[13]_inst   |    <0.001 |
|   Ldiff_WW_del_1_IBUF[14]_inst   |    <0.001 |
|   Ldiff_WW_del_1_IBUF[15]_inst   |    <0.001 |
|   Ldiff_WW_del_1_IBUF[16]_inst   |    <0.001 |
|   Ldiff_WW_del_1_IBUF[17]_inst   |    <0.001 |
|   Ldiff_WW_del_1_IBUF[18]_inst   |    <0.001 |
|   Ldiff_WW_del_1_IBUF[19]_inst   |    <0.001 |
|   Ldiff_WW_del_1_IBUF[1]_inst    |    <0.001 |
|   Ldiff_WW_del_1_IBUF[20]_inst   |    <0.001 |
|   Ldiff_WW_del_1_IBUF[21]_inst   |    <0.001 |
|   Ldiff_WW_del_1_IBUF[22]_inst   |    <0.001 |
|   Ldiff_WW_del_1_IBUF[23]_inst   |    <0.001 |
|   Ldiff_WW_del_1_IBUF[24]_inst   |    <0.001 |
|   Ldiff_WW_del_1_IBUF[25]_inst   |    <0.001 |
|   Ldiff_WW_del_1_IBUF[26]_inst   |    <0.001 |
|   Ldiff_WW_del_1_IBUF[27]_inst   |    <0.001 |
|   Ldiff_WW_del_1_IBUF[28]_inst   |    <0.001 |
|   Ldiff_WW_del_1_IBUF[29]_inst   |    <0.001 |
|   Ldiff_WW_del_1_IBUF[2]_inst    |    <0.001 |
|   Ldiff_WW_del_1_IBUF[30]_inst   |    <0.001 |
|   Ldiff_WW_del_1_IBUF[31]_inst   |    <0.001 |
|   Ldiff_WW_del_1_IBUF[3]_inst    |    <0.001 |
|   Ldiff_WW_del_1_IBUF[4]_inst    |    <0.001 |
|   Ldiff_WW_del_1_IBUF[5]_inst    |    <0.001 |
|   Ldiff_WW_del_1_IBUF[6]_inst    |    <0.001 |
|   Ldiff_WW_del_1_IBUF[7]_inst    |    <0.001 |
|   Ldiff_WW_del_1_IBUF[8]_inst    |    <0.001 |
|   Ldiff_WW_del_1_IBUF[9]_inst    |    <0.001 |
|   MUX_Add111_impl_0_instance     |     0.006 |
|   MUX_Add111_impl_1_instance     |     0.005 |
|   MUX_Add17_impl_0_instance      |     0.006 |
|   MUX_Add24_impl_0_instance      |     0.006 |
|   MUX_Add24_impl_1_instance      |     0.005 |
|   MUX_Product108_impl_0_instance |     0.005 |
|   MUX_Product108_impl_1_instance |     0.003 |
|   MUX_Product109_impl_1_instance |     0.004 |
|   MUX_Product110_impl_1_instance |     0.004 |
|   MUX_Product111_impl_1_instance |     0.004 |
|   MUX_Product112_impl_0_instance |     0.005 |
|   MUX_Product112_impl_1_instance |     0.002 |
|   MUX_Product20_impl_0_instance  |     0.005 |
|   MUX_Product20_impl_1_instance  |     0.001 |
|   MUX_Product210_impl_1_instance |     0.002 |
|   MUX_Product291_impl_0_instance |     0.005 |
|   MUX_Product291_impl_1_instance |     0.003 |
|   MUX_Product30_impl_0_instance  |     0.002 |
|   MUX_Product30_impl_1_instance  |     0.003 |
|   MUX_Product310_impl_0_instance |     0.005 |
|   MUX_Product310_impl_1_instance |     0.004 |
|   MUX_Product410_impl_0_instance |     0.005 |
|   MUX_Product410_impl_1_instance |     0.004 |
|   MUX_Product510_impl_0_instance |     0.004 |
|   MUX_Product510_impl_1_instance |     0.003 |
|   MUX_Product610_impl_0_instance |     0.005 |
|   MUX_Product610_impl_1_instance |     0.003 |
|   MUX_Product710_impl_0_instance |     0.005 |
|   MUX_Product710_impl_1_instance |     0.004 |
|   MUX_Product76_impl_1_instance  |     0.003 |
|   MUX_Product77_impl_0_instance  |     0.005 |
|   MUX_Product77_impl_1_instance  |     0.002 |
|   MUX_Product810_impl_1_instance |     0.003 |
|   MUX_Product910_impl_0_instance |     0.005 |
|   MUX_Product910_impl_1_instance |     0.003 |
|   MUX_Subtract4_impl_0_instance  |     0.003 |
|   ModCount101_instance           |     0.179 |
|   Product108_impl_instance       |     0.007 |
|     SignificandMultiplication    |     0.005 |
|   Product109_impl_instance       |     0.007 |
|     SignificandMultiplication    |     0.005 |
|   Product110_impl_instance       |     0.007 |
|     SignificandMultiplication    |     0.005 |
|   Product111_impl_instance       |     0.007 |
|     SignificandMultiplication    |     0.005 |
|   Product112_impl_instance       |     0.006 |
|     SignificandMultiplication    |     0.004 |
|   Product20_impl_instance        |     0.007 |
|     SignificandMultiplication    |     0.004 |
|   Product210_impl_instance       |     0.006 |
|     SignificandMultiplication    |     0.004 |
|   Product291_impl_instance       |     0.007 |
|     SignificandMultiplication    |     0.005 |
|   Product30_impl_instance        |     0.007 |
|     SignificandMultiplication    |     0.005 |
|   Product310_impl_instance       |     0.007 |
|     SignificandMultiplication    |     0.005 |
|   Product410_impl_instance       |     0.007 |
|     SignificandMultiplication    |     0.005 |
|   Product510_impl_instance       |     0.007 |
|     SignificandMultiplication    |     0.005 |
|   Product610_impl_instance       |     0.006 |
|     SignificandMultiplication    |     0.004 |
|   Product710_impl_instance       |     0.007 |
|     SignificandMultiplication    |     0.005 |
|   Product76_impl_instance        |     0.007 |
|     SignificandMultiplication    |     0.005 |
|   Product77_impl_instance        |     0.006 |
|     SignificandMultiplication    |     0.004 |
|   Product810_impl_instance       |     0.007 |
|     SignificandMultiplication    |     0.005 |
|   Product910_impl_instance       |     0.007 |
|     SignificandMultiplication    |     0.005 |
|   R_U_IBUF[0]_inst               |    <0.001 |
|   R_U_IBUF[10]_inst              |    <0.001 |
|   R_U_IBUF[11]_inst              |    <0.001 |
|   R_U_IBUF[12]_inst              |    <0.001 |
|   R_U_IBUF[13]_inst              |    <0.001 |
|   R_U_IBUF[14]_inst              |    <0.001 |
|   R_U_IBUF[15]_inst              |    <0.001 |
|   R_U_IBUF[16]_inst              |    <0.001 |
|   R_U_IBUF[17]_inst              |    <0.001 |
|   R_U_IBUF[18]_inst              |    <0.001 |
|   R_U_IBUF[19]_inst              |    <0.001 |
|   R_U_IBUF[1]_inst               |    <0.001 |
|   R_U_IBUF[20]_inst              |    <0.001 |
|   R_U_IBUF[21]_inst              |    <0.001 |
|   R_U_IBUF[22]_inst              |    <0.001 |
|   R_U_IBUF[23]_inst              |    <0.001 |
|   R_U_IBUF[24]_inst              |    <0.001 |
|   R_U_IBUF[25]_inst              |    <0.001 |
|   R_U_IBUF[26]_inst              |    <0.001 |
|   R_U_IBUF[27]_inst              |    <0.001 |
|   R_U_IBUF[28]_inst              |    <0.001 |
|   R_U_IBUF[29]_inst              |    <0.001 |
|   R_U_IBUF[2]_inst               |    <0.001 |
|   R_U_IBUF[30]_inst              |    <0.001 |
|   R_U_IBUF[31]_inst              |    <0.001 |
|   R_U_IBUF[3]_inst               |    <0.001 |
|   R_U_IBUF[4]_inst               |    <0.001 |
|   R_U_IBUF[5]_inst               |    <0.001 |
|   R_U_IBUF[6]_inst               |    <0.001 |
|   R_U_IBUF[7]_inst               |    <0.001 |
|   R_U_IBUF[8]_inst               |    <0.001 |
|   R_U_IBUF[9]_inst               |    <0.001 |
|   R_V_IBUF[0]_inst               |    <0.001 |
|   R_V_IBUF[10]_inst              |    <0.001 |
|   R_V_IBUF[11]_inst              |    <0.001 |
|   R_V_IBUF[12]_inst              |    <0.001 |
|   R_V_IBUF[13]_inst              |    <0.001 |
|   R_V_IBUF[14]_inst              |    <0.001 |
|   R_V_IBUF[15]_inst              |    <0.001 |
|   R_V_IBUF[16]_inst              |    <0.001 |
|   R_V_IBUF[17]_inst              |    <0.001 |
|   R_V_IBUF[18]_inst              |    <0.001 |
|   R_V_IBUF[19]_inst              |    <0.001 |
|   R_V_IBUF[1]_inst               |    <0.001 |
|   R_V_IBUF[20]_inst              |    <0.001 |
|   R_V_IBUF[21]_inst              |    <0.001 |
|   R_V_IBUF[22]_inst              |    <0.001 |
|   R_V_IBUF[23]_inst              |    <0.001 |
|   R_V_IBUF[24]_inst              |    <0.001 |
|   R_V_IBUF[25]_inst              |    <0.001 |
|   R_V_IBUF[26]_inst              |    <0.001 |
|   R_V_IBUF[27]_inst              |    <0.001 |
|   R_V_IBUF[28]_inst              |    <0.001 |
|   R_V_IBUF[29]_inst              |    <0.001 |
|   R_V_IBUF[2]_inst               |    <0.001 |
|   R_V_IBUF[30]_inst              |    <0.001 |
|   R_V_IBUF[31]_inst              |    <0.001 |
|   R_V_IBUF[3]_inst               |    <0.001 |
|   R_V_IBUF[4]_inst               |    <0.001 |
|   R_V_IBUF[5]_inst               |    <0.001 |
|   R_V_IBUF[6]_inst               |    <0.001 |
|   R_V_IBUF[7]_inst               |    <0.001 |
|   R_V_IBUF[8]_inst               |    <0.001 |
|   R_V_IBUF[9]_inst               |    <0.001 |
|   R_W_IBUF[0]_inst               |    <0.001 |
|   R_W_IBUF[10]_inst              |    <0.001 |
|   R_W_IBUF[11]_inst              |    <0.001 |
|   R_W_IBUF[12]_inst              |    <0.001 |
|   R_W_IBUF[13]_inst              |    <0.001 |
|   R_W_IBUF[14]_inst              |    <0.001 |
|   R_W_IBUF[15]_inst              |    <0.001 |
|   R_W_IBUF[16]_inst              |    <0.001 |
|   R_W_IBUF[17]_inst              |    <0.001 |
|   R_W_IBUF[18]_inst              |    <0.001 |
|   R_W_IBUF[19]_inst              |    <0.001 |
|   R_W_IBUF[1]_inst               |    <0.001 |
|   R_W_IBUF[20]_inst              |    <0.001 |
|   R_W_IBUF[21]_inst              |    <0.001 |
|   R_W_IBUF[22]_inst              |    <0.001 |
|   R_W_IBUF[23]_inst              |    <0.001 |
|   R_W_IBUF[24]_inst              |    <0.001 |
|   R_W_IBUF[25]_inst              |    <0.001 |
|   R_W_IBUF[26]_inst              |    <0.001 |
|   R_W_IBUF[27]_inst              |    <0.001 |
|   R_W_IBUF[28]_inst              |    <0.001 |
|   R_W_IBUF[29]_inst              |    <0.001 |
|   R_W_IBUF[2]_inst               |    <0.001 |
|   R_W_IBUF[30]_inst              |    <0.001 |
|   R_W_IBUF[31]_inst              |    <0.001 |
|   R_W_IBUF[3]_inst               |    <0.001 |
|   R_W_IBUF[4]_inst               |    <0.001 |
|   R_W_IBUF[5]_inst               |    <0.001 |
|   R_W_IBUF[6]_inst               |    <0.001 |
|   R_W_IBUF[7]_inst               |    <0.001 |
|   R_W_IBUF[8]_inst               |    <0.001 |
|   R_W_IBUF[9]_inst               |    <0.001 |
|   SharedReg100_instance          |     0.005 |
|   SharedReg101_instance          |     0.002 |
|   SharedReg102_instance          |     0.002 |
|   SharedReg104_instance          |    <0.001 |
|   SharedReg105_instance          |     0.001 |
|   SharedReg106_instance          |     0.002 |
|   SharedReg107_instance          |     0.001 |
|   SharedReg108_instance          |     0.001 |
|   SharedReg109_instance          |    <0.001 |
|   SharedReg10_instance           |    <0.001 |
|   SharedReg110_instance          |    <0.001 |
|   SharedReg112_instance          |     0.001 |
|   SharedReg113_instance          |     0.002 |
|   SharedReg114_instance          |     0.001 |
|   SharedReg115_instance          |     0.004 |
|   SharedReg116_instance          |     0.007 |
|   SharedReg117_instance          |     0.002 |
|   SharedReg119_instance          |     0.001 |
|   SharedReg11_instance           |    <0.001 |
|   SharedReg120_instance          |     0.001 |
|   SharedReg121_instance          |     0.005 |
|   SharedReg122_instance          |     0.004 |
|   SharedReg123_instance          |     0.002 |
|   SharedReg124_instance          |     0.001 |
|   SharedReg125_instance          |     0.001 |
|   SharedReg126_instance          |     0.001 |
|   SharedReg127_instance          |    <0.001 |
|   SharedReg128_instance          |     0.002 |
|   SharedReg129_instance          |     0.001 |
|   SharedReg12_instance           |    <0.001 |
|   SharedReg130_instance          |     0.007 |
|   SharedReg131_instance          |     0.003 |
|   SharedReg132_instance          |     0.001 |
|   SharedReg133_instance          |    <0.001 |
|   SharedReg134_instance          |     0.003 |
|   SharedReg135_instance          |     0.006 |
|   SharedReg136_instance          |     0.003 |
|   SharedReg137_instance          |     0.002 |
|   SharedReg138_instance          |     0.005 |
|   SharedReg139_instance          |     0.001 |
|   SharedReg13_instance           |    <0.001 |
|   SharedReg140_instance          |     0.007 |
|   SharedReg141_instance          |     0.005 |
|   SharedReg142_instance          |     0.005 |
|   SharedReg144_instance          |     0.002 |
|   SharedReg145_instance          |     0.002 |
|   SharedReg146_instance          |    <0.001 |
|   SharedReg147_instance          |     0.002 |
|   SharedReg148_instance          |     0.002 |
|   SharedReg149_instance          |     0.007 |
|   SharedReg14_instance           |     0.002 |
|   SharedReg150_instance          |     0.004 |
|   SharedReg151_instance          |     0.004 |
|   SharedReg152_instance          |     0.002 |
|   SharedReg153_instance          |     0.001 |
|   SharedReg154_instance          |     0.001 |
|   SharedReg155_instance          |    <0.001 |
|   SharedReg156_instance          |     0.002 |
|   SharedReg157_instance          |     0.004 |
|   SharedReg158_instance          |     0.001 |
|   SharedReg159_instance          |     0.009 |
|   SharedReg15_instance           |     0.001 |
|   SharedReg160_instance          |     0.003 |
|   SharedReg161_instance          |     0.002 |
|   SharedReg162_instance          |     0.003 |
|   SharedReg163_instance          |     0.001 |
|   SharedReg164_instance          |     0.002 |
|   SharedReg165_instance          |     0.002 |
|   SharedReg166_instance          |     0.002 |
|   SharedReg167_instance          |     0.003 |
|   SharedReg168_instance          |     0.005 |
|   SharedReg169_instance          |     0.004 |
|   SharedReg16_instance           |    <0.001 |
|   SharedReg170_instance          |     0.001 |
|   SharedReg171_instance          |     0.005 |
|   SharedReg172_instance          |     0.005 |
|   SharedReg173_instance          |     0.003 |
|   SharedReg174_instance          |     0.002 |
|   SharedReg175_instance          |     0.001 |
|   SharedReg176_instance          |     0.001 |
|   SharedReg177_instance          |     0.001 |
|   SharedReg178_instance          |     0.003 |
|   SharedReg179_instance          |     0.002 |
|   SharedReg17_instance           |     0.002 |
|   SharedReg180_instance          |     0.004 |
|   SharedReg181_instance          |     0.004 |
|   SharedReg182_instance          |     0.007 |
|   SharedReg183_instance          |     0.004 |
|   SharedReg184_instance          |     0.001 |
|   SharedReg185_instance          |     0.001 |
|   SharedReg186_instance          |    <0.001 |
|   SharedReg187_instance          |     0.001 |
|   SharedReg188_instance          |     0.001 |
|   SharedReg189_instance          |     0.001 |
|   SharedReg18_instance           |    <0.001 |
|   SharedReg190_instance          |     0.004 |
|   SharedReg191_instance          |     0.004 |
|   SharedReg192_instance          |     0.008 |
|   SharedReg193_instance          |     0.005 |
|   SharedReg194_instance          |     0.003 |
|   SharedReg195_instance          |     0.002 |
|   SharedReg196_instance          |     0.001 |
|   SharedReg197_instance          |     0.002 |
|   SharedReg198_instance          |     0.002 |
|   SharedReg199_instance          |     0.002 |
|   SharedReg19_instance           |     0.001 |
|   SharedReg1_instance            |    <0.001 |
|   SharedReg200_instance          |     0.002 |
|   SharedReg201_instance          |     0.003 |
|   SharedReg202_instance          |     0.001 |
|   SharedReg203_instance          |     0.001 |
|   SharedReg204_instance          |    <0.001 |
|   SharedReg205_instance          |    <0.001 |
|   SharedReg206_instance          |    <0.001 |
|   SharedReg207_instance          |    <0.001 |
|   SharedReg208_instance          |    <0.001 |
|   SharedReg209_instance          |    <0.001 |
|   SharedReg20_instance           |     0.001 |
|   SharedReg210_instance          |    <0.001 |
|   SharedReg211_instance          |    <0.001 |
|   SharedReg212_instance          |    <0.001 |
|   SharedReg213_instance          |    <0.001 |
|   SharedReg214_instance          |    <0.001 |
|   SharedReg215_instance          |    <0.001 |
|   SharedReg216_instance          |    <0.001 |
|   SharedReg217_instance          |    <0.001 |
|   SharedReg218_instance          |    <0.001 |
|   SharedReg219_instance          |    <0.001 |
|   SharedReg21_instance           |    <0.001 |
|   SharedReg220_instance          |    <0.001 |
|   SharedReg221_instance          |    <0.001 |
|   SharedReg222_instance          |    <0.001 |
|   SharedReg223_instance          |    <0.001 |
|   SharedReg224_instance          |    <0.001 |
|   SharedReg225_instance          |    <0.001 |
|   SharedReg226_instance          |    <0.001 |
|   SharedReg227_instance          |    <0.001 |
|   SharedReg228_instance          |    <0.001 |
|   SharedReg229_instance          |    <0.001 |
|   SharedReg22_instance           |    <0.001 |
|   SharedReg230_instance          |    <0.001 |
|   SharedReg231_instance          |    <0.001 |
|   SharedReg232_instance          |    <0.001 |
|   SharedReg233_instance          |    <0.001 |
|   SharedReg234_instance          |    <0.001 |
|   SharedReg235_instance          |    <0.001 |
|   SharedReg236_instance          |    <0.001 |
|   SharedReg237_instance          |    <0.001 |
|   SharedReg23_instance           |    <0.001 |
|   SharedReg24_instance           |    <0.001 |
|   SharedReg25_instance           |    <0.001 |
|   SharedReg26_instance           |     0.002 |
|   SharedReg27_instance           |    <0.001 |
|   SharedReg28_instance           |     0.001 |
|   SharedReg29_instance           |    <0.001 |
|   SharedReg2_instance            |    <0.001 |
|   SharedReg30_instance           |    <0.001 |
|   SharedReg31_instance           |    <0.001 |
|   SharedReg32_instance           |     0.001 |
|   SharedReg33_instance           |    <0.001 |
|   SharedReg34_instance           |    <0.001 |
|   SharedReg35_instance           |     0.002 |
|   SharedReg36_instance           |     0.001 |
|   SharedReg37_instance           |    <0.001 |
|   SharedReg38_instance           |    <0.001 |
|   SharedReg39_instance           |    <0.001 |
|   SharedReg3_instance            |     0.001 |
|   SharedReg40_instance           |    <0.001 |
|   SharedReg41_instance           |    <0.001 |
|   SharedReg42_instance           |    <0.001 |
|   SharedReg44_instance           |     0.002 |
|   SharedReg45_instance           |     0.001 |
|   SharedReg46_instance           |     0.002 |
|   SharedReg47_instance           |     0.010 |
|   SharedReg48_instance           |     0.004 |
|   SharedReg49_instance           |     0.005 |
|   SharedReg4_instance            |    <0.001 |
|   SharedReg50_instance           |     0.002 |
|   SharedReg52_instance           |    <0.001 |
|   SharedReg53_instance           |     0.003 |
|   SharedReg54_instance           |     0.002 |
|   SharedReg55_instance           |     0.004 |
|   SharedReg56_instance           |     0.004 |
|   SharedReg57_instance           |     0.002 |
|   SharedReg58_instance           |     0.002 |
|   SharedReg59_instance           |     0.009 |
|   SharedReg5_instance            |    <0.001 |
|   SharedReg60_instance           |     0.005 |
|   SharedReg61_instance           |     0.002 |
|   SharedReg63_instance           |     0.002 |
|   SharedReg64_instance           |     0.004 |
|   SharedReg65_instance           |     0.002 |
|   SharedReg66_instance           |     0.004 |
|   SharedReg67_instance           |     0.009 |
|   SharedReg68_instance           |     0.001 |
|   SharedReg69_instance           |     0.002 |
|   SharedReg6_instance            |    <0.001 |
|   SharedReg71_instance           |     0.002 |
|   SharedReg72_instance           |     0.001 |
|   SharedReg73_instance           |     0.001 |
|   SharedReg74_instance           |     0.001 |
|   SharedReg75_instance           |     0.003 |
|   SharedReg76_instance           |     0.001 |
|   SharedReg77_instance           |     0.002 |
|   SharedReg78_instance           |     0.001 |
|   SharedReg79_instance           |     0.003 |
|   SharedReg7_instance            |     0.002 |
|   SharedReg80_instance           |     0.005 |
|   SharedReg81_instance           |     0.009 |
|   SharedReg82_instance           |     0.001 |
|   SharedReg84_instance           |     0.002 |
|   SharedReg85_instance           |     0.003 |
|   SharedReg86_instance           |     0.005 |
|   SharedReg87_instance           |     0.003 |
|   SharedReg88_instance           |     0.005 |
|   SharedReg89_instance           |     0.007 |
|   SharedReg8_instance            |     0.002 |
|   SharedReg90_instance           |     0.003 |
|   SharedReg92_instance           |    <0.001 |
|   SharedReg93_instance           |     0.001 |
|   SharedReg94_instance           |     0.004 |
|   SharedReg95_instance           |     0.007 |
|   SharedReg96_instance           |     0.001 |
|   SharedReg98_instance           |     0.001 |
|   SharedReg99_instance           |     0.002 |
|   SharedReg9_instance            |    <0.001 |
|   SharedReg_instance             |     0.001 |
|   Subtract12_impl_instance       |     0.009 |
|     FPAddSubOp_instance          |     0.009 |
|       LZC_component              |     0.005 |
|       fracAdder                  |     0.001 |
|   Subtract4_impl_instance        |     0.009 |
|     FPAddSubOp_instance          |     0.009 |
|       LZC_component              |     0.004 |
|       fracAdder                  |     0.001 |
|   clk_IBUF_inst                  |    <0.001 |
|   rst_IBUF_inst                  |    <0.001 |
+----------------------------------+-----------+


