Copyright 1986-2018 Xilinx, Inc. All Rights Reserved.
------------------------------------------------------------------------------------------------------------------------------------------------------------------------------------------------
| Tool Version      : Vivado v.2018.1 (lin64) Build 2188600 Wed Apr  4 18:39:19 MDT 2018
| Date              : Wed Aug 25 19:58:35 2021
| Host              : animal.digi.e-technik.uni-kassel.de running 64-bit AlmaLinux release 8.3 (Purple Manul)
| Command           : report_timing -file /home/nfiege/Repositories/origami/vhdl/ratII/synth/ycbcr_tr/UniformILPNew/ycbcr_tr_UniformILPNew_1_ultrascale2_250/implementedSystem_timing_synth.rpt
| Design            : implementedSystem_toplevel
| Device            : xcvu13p-fhga2104
| Speed File        : -2  PRODUCTION 1.19 03-17-2018
| Temperature Grade : E
------------------------------------------------------------------------------------------------------------------------------------------------------------------------------------------------

Timing Report

Slack (MET) :             0.863ns  (required time - arrival time)
  Source:                 ModCount41_instance/count_reg[1]_rep__1/C
                            (rising edge-triggered cell FDCE clocked by clk  {rise@0.000ns fall@2.000ns period=4.000ns})
  Destination:            Delay1No5_instance/Y_reg[19]/D
                            (rising edge-triggered cell FDCE clocked by clk  {rise@0.000ns fall@2.000ns period=4.000ns})
  Path Group:             clk
  Path Type:              Setup (Max at Slow Process Corner)
  Requirement:            4.000ns  (clk rise@4.000ns - clk rise@0.000ns)
  Data Path Delay:        2.806ns  (logic 0.130ns (4.633%)  route 2.676ns (95.367%))
  Logic Levels:           1  (LUT2=1)
  Clock Path Skew:        -0.186ns (DCD - SCD + CPR)
    Destination Clock Delay (DCD):    3.074ns = ( 7.074 - 4.000 ) 
    Source Clock Delay      (SCD):    3.700ns
    Clock Pessimism Removal (CPR):    0.440ns
  Clock Uncertainty:      0.035ns  ((TSJ^2 + TIJ^2)^1/2 + DJ) / 2 + PE
    Total System Jitter     (TSJ):    0.071ns
    Total Input Jitter      (TIJ):    0.000ns
    Discrete Jitter          (DJ):    0.000ns
    Phase Error              (PE):    0.000ns
  Inter-SLR Compensation: 0.135ns  ((DCD - CCD) * PF)
    Destination Clock Delay (DCD):    3.074ns
    Common Clock Delay      (CCD):    2.174ns
    Prorating Factor         (PF):    0.150
  Clock Net Delay (Source):      2.659ns (routing 1.323ns, distribution 1.336ns)
  Clock Net Delay (Destination): 2.327ns (routing 1.199ns, distribution 1.128ns)

    Location             Delay type                Incr(ns)  Path(ns)    Netlist Resource(s)
  -------------------------------------------------------------------    -------------------
                         (clock clk rise edge)        0.000     0.000 r  
    BC9                                               0.000     0.000 r  clk (IN)
                         net (fo=0)                   0.000     0.000    clk_IBUF_inst/I
    BC9                  INBUF (Prop_INBUF_HPIOB_M_PAD_O)
                                                      0.665     0.665 r  clk_IBUF_inst/INBUF_INST/O
                         net (fo=1, routed)           0.000     0.665    clk_IBUF_inst/OUT
    BC9                  IBUFCTRL (Prop_IBUFCTRL_HPIOB_M_I_O)
                                                      0.000     0.665 r  clk_IBUF_inst/IBUFCTRL_INST/O
                         net (fo=1, routed)           0.348     1.013    clk_IBUF
    BUFGCE_X0Y158        BUFGCE (Prop_BUFCE_BUFGCE_I_O)
                                                      0.028     1.041 r  clk_IBUF_BUFG_inst/O
    X5Y9 (CLOCK_ROOT)    net (fo=3832, routed)        2.659     3.700    ModCount41_instance/clk_IBUF_BUFG
    SLICE_X138Y446       FDCE                                         r  ModCount41_instance/count_reg[1]_rep__1/C
  -------------------------------------------------------------------    -------------------
    SLICE_X138Y446       FDCE (Prop_EFF_SLICEL_C_Q)
                                                      0.079     3.779 r  ModCount41_instance/count_reg[1]_rep__1/Q
                         net (fo=138, routed)         2.604     6.383    ModCount41_instance/count_reg[1]_rep__1_n_0
    SLR Crossing[1->2]   
    SLICE_X142Y514       LUT2 (Prop_D6LUT_SLICEM_I0_O)
                                                      0.051     6.434 r  ModCount41_instance/Y[19]_i_1__4/O
                         net (fo=1, routed)           0.072     6.506    Delay1No5_instance/D[19]
    SLICE_X142Y514       FDCE                                         r  Delay1No5_instance/Y_reg[19]/D
  -------------------------------------------------------------------    -------------------

                         (clock clk rise edge)        4.000     4.000 r  
    BC9                                               0.000     4.000 r  clk (IN)
                         net (fo=0)                   0.000     4.000    clk_IBUF_inst/I
    BC9                  INBUF (Prop_INBUF_HPIOB_M_PAD_O)
                                                      0.414     4.414 r  clk_IBUF_inst/INBUF_INST/O
                         net (fo=1, routed)           0.000     4.414    clk_IBUF_inst/OUT
    BC9                  IBUFCTRL (Prop_IBUFCTRL_HPIOB_M_I_O)
                                                      0.000     4.414 r  clk_IBUF_inst/IBUFCTRL_INST/O
                         net (fo=1, routed)           0.309     4.723    clk_IBUF
    BUFGCE_X0Y158        BUFGCE (Prop_BUFCE_BUFGCE_I_O)
                                                      0.024     4.747 r  clk_IBUF_BUFG_inst/O
    X5Y9 (CLOCK_ROOT)    net (fo=3832, routed)        2.327     7.074    Delay1No5_instance/clk_IBUF_BUFG
    SLR Crossing[1->2]   
    SLICE_X142Y514       FDCE                                         r  Delay1No5_instance/Y_reg[19]/C
                         clock pessimism              0.440     7.514    
                         inter-SLR compensation      -0.135     7.379    
                         clock uncertainty           -0.035     7.344    
    SLICE_X142Y514       FDCE (Setup_DFF_SLICEM_C_D)
                                                      0.025     7.369    Delay1No5_instance/Y_reg[19]
  -------------------------------------------------------------------
                         required time                          7.369    
                         arrival time                          -6.506    
  -------------------------------------------------------------------
                         slack                                  0.863    




