Copyright 1986-2018 Xilinx, Inc. All Rights Reserved.
------------------------------------------------------------------------------------------------------------------------------------------------------------------------------------------------------------------------
| Tool Version      : Vivado v.2018.1 (lin64) Build 2188600 Wed Apr  4 18:39:19 MDT 2018
| Date              : Tue Nov 30 02:33:05 2021
| Host              : animal.digi.e-technik.uni-kassel.de running 64-bit AlmaLinux release 8.4 (Electric Cheetah)
| Command           : report_timing -file /home/nfiege/Repositories/origami/vhdl/ratII/synth/mat_inv/NonUniformILP/mat_inv_NonUniformILP_24_wrapper_ultrascale2_250/implementedSystem_toplevel_wrapper_timing_synth.rpt
| Design            : implementedSystem_toplevel_wrapper
| Device            : xcvu13p-fhga2104
| Speed File        : -2  PRODUCTION 1.19 03-17-2018
| Temperature Grade : E
------------------------------------------------------------------------------------------------------------------------------------------------------------------------------------------------------------------------

Timing Report

Slack (MET) :             0.190ns  (required time - arrival time)
  Source:                 DUT/ModCount131_instance/count_reg[3]_rep__18/C
                            (rising edge-triggered cell FDCE clocked by clk  {rise@0.000ns fall@2.000ns period=4.000ns})
  Destination:            DUT/Delay1No3_instance/Y_reg[3]/D
                            (rising edge-triggered cell FDCE clocked by clk  {rise@0.000ns fall@2.000ns period=4.000ns})
  Path Group:             clk
  Path Type:              Setup (Max at Slow Process Corner)
  Requirement:            4.000ns  (clk rise@4.000ns - clk rise@0.000ns)
  Data Path Delay:        3.659ns  (logic 0.127ns (3.471%)  route 3.532ns (96.529%))
  Logic Levels:           1  (LUT5=1)
  Clock Path Skew:        -0.141ns (DCD - SCD + CPR)
    Destination Clock Delay (DCD):    2.626ns = ( 6.626 - 4.000 ) 
    Source Clock Delay      (SCD):    3.168ns
    Clock Pessimism Removal (CPR):    0.402ns
  Clock Uncertainty:      0.035ns  ((TSJ^2 + TIJ^2)^1/2 + DJ) / 2 + PE
    Total System Jitter     (TSJ):    0.071ns
    Total Input Jitter      (TIJ):    0.000ns
    Discrete Jitter          (DJ):    0.000ns
    Phase Error              (PE):    0.000ns
  Clock Net Delay (Source):      2.231ns (routing 1.167ns, distribution 1.064ns)
  Clock Net Delay (Destination): 1.979ns (routing 1.060ns, distribution 0.919ns)

    Location             Delay type                Incr(ns)  Path(ns)    Netlist Resource(s)
  -------------------------------------------------------------------    -------------------
                         (clock clk rise edge)        0.000     0.000 r  
    AR14                                              0.000     0.000 r  clk (IN)
                         net (fo=0)                   0.000     0.000    clk_IBUF_inst/I
    AR14                 INBUF (Prop_INBUF_HPIOB_M_PAD_O)
                                                      0.586     0.586 r  clk_IBUF_inst/INBUF_INST/O
                         net (fo=1, routed)           0.000     0.586    clk_IBUF_inst/OUT
    AR14                 IBUFCTRL (Prop_IBUFCTRL_HPIOB_M_I_O)
                                                      0.000     0.586 r  clk_IBUF_inst/IBUFCTRL_INST/O
                         net (fo=1, routed)           0.323     0.909    clk_IBUF
    BUFGCE_X0Y170        BUFGCE (Prop_BUFCE_BUFGCE_I_O)
                                                      0.028     0.937 r  clk_IBUF_BUFG_inst/O
    X3Y5 (CLOCK_ROOT)    net (fo=43085, routed)       2.231     3.168    DUT/ModCount131_instance/clk_IBUF_BUFG
    SLICE_X111Y357       FDCE                                         r  DUT/ModCount131_instance/count_reg[3]_rep__18/C
  -------------------------------------------------------------------    -------------------
    SLICE_X111Y357       FDCE (Prop_EFF_SLICEM_C_Q)
                                                      0.076     3.244 r  DUT/ModCount131_instance/count_reg[3]_rep__18/Q
                         net (fo=121, routed)         3.460     6.704    DUT/MUX_Product108_1_impl_1_instance/count_reg[3]_rep__18
    SLICE_X104Y299       LUT5 (Prop_D6LUT_SLICEM_I1_O)
                                                      0.051     6.755 r  DUT/MUX_Product108_1_impl_1_instance/Y[3]_i_1/O
                         net (fo=1, routed)           0.072     6.827    DUT/Delay1No3_instance/D[3]
    SLICE_X104Y299       FDCE                                         r  DUT/Delay1No3_instance/Y_reg[3]/D
  -------------------------------------------------------------------    -------------------

                         (clock clk rise edge)        4.000     4.000 r  
    AR14                                              0.000     4.000 r  clk (IN)
                         net (fo=0)                   0.000     4.000    clk_IBUF_inst/I
    AR14                 INBUF (Prop_INBUF_HPIOB_M_PAD_O)
                                                      0.336     4.336 r  clk_IBUF_inst/INBUF_INST/O
                         net (fo=1, routed)           0.000     4.336    clk_IBUF_inst/OUT
    AR14                 IBUFCTRL (Prop_IBUFCTRL_HPIOB_M_I_O)
                                                      0.000     4.336 r  clk_IBUF_inst/IBUFCTRL_INST/O
                         net (fo=1, routed)           0.287     4.623    clk_IBUF
    BUFGCE_X0Y170        BUFGCE (Prop_BUFCE_BUFGCE_I_O)
                                                      0.024     4.647 r  clk_IBUF_BUFG_inst/O
    X3Y5 (CLOCK_ROOT)    net (fo=43085, routed)       1.979     6.626    DUT/Delay1No3_instance/clk_IBUF_BUFG
    SLICE_X104Y299       FDCE                                         r  DUT/Delay1No3_instance/Y_reg[3]/C
                         clock pessimism              0.402     7.027    
                         clock uncertainty           -0.035     6.992    
    SLICE_X104Y299       FDCE (Setup_DFF_SLICEM_C_D)
                                                      0.025     7.017    DUT/Delay1No3_instance/Y_reg[3]
  -------------------------------------------------------------------
                         required time                          7.017    
                         arrival time                          -6.827    
  -------------------------------------------------------------------
                         slack                                  0.190    




