Copyright 1986-2018 Xilinx, Inc. All Rights Reserved.
-----------------------------------------------------------------------------------------------------------------------------------------------------------------------------------------------
| Tool Version      : Vivado v.2018.1 (lin64) Build 2188600 Wed Apr  4 18:39:19 MDT 2018
| Date              : Wed Dec  9 07:36:24 2020
| Host              : animal.digi.e-technik.uni-kassel.de running 64-bit CentOS Linux release 7.8.2003 (Core)
| Command           : report_timing -file /home/nfiege/Repositories/origami/vhdl/ratII/synth/fir_SAM/NonUniformILP/fir_SAM_NonUniformILP_83_ultrascale2_250/implementedSystem_timing_synth.rpt
| Design            : implementedSystem_toplevel
| Device            : xcvu13p-fhga2104
| Speed File        : -2  PRODUCTION 1.19 03-17-2018
| Temperature Grade : E
-----------------------------------------------------------------------------------------------------------------------------------------------------------------------------------------------

Timing Report

Slack (MET) :             0.247ns  (required time - arrival time)
  Source:                 Delay757No_instance/s58_reg_c/C
                            (rising edge-triggered cell FDCE clocked by clk  {rise@0.000ns fall@2.000ns period=4.000ns})
  Destination:            SharedReg769_instance/Y_reg[30]/D
                            (rising edge-triggered cell FDCE clocked by clk  {rise@0.000ns fall@2.000ns period=4.000ns})
  Path Group:             clk
  Path Type:              Setup (Max at Slow Process Corner)
  Requirement:            4.000ns  (clk rise@4.000ns - clk rise@0.000ns)
  Data Path Delay:        3.368ns  (logic 0.129ns (3.830%)  route 3.239ns (96.170%))
  Logic Levels:           1  (LUT2=1)
  Clock Path Skew:        -0.375ns (DCD - SCD + CPR)
    Destination Clock Delay (DCD):    3.222ns = ( 7.222 - 4.000 ) 
    Source Clock Delay      (SCD):    4.036ns
    Clock Pessimism Removal (CPR):    0.439ns
  Clock Uncertainty:      0.035ns  ((TSJ^2 + TIJ^2)^1/2 + DJ) / 2 + PE
    Total System Jitter     (TSJ):    0.071ns
    Total Input Jitter      (TIJ):    0.000ns
    Discrete Jitter          (DJ):    0.000ns
    Phase Error              (PE):    0.000ns
  Clock Net Delay (Source):      3.085ns (routing 1.619ns, distribution 1.466ns)
  Clock Net Delay (Destination): 2.562ns (routing 1.471ns, distribution 1.091ns)

    Location             Delay type                Incr(ns)  Path(ns)    Netlist Resource(s)
  -------------------------------------------------------------------    -------------------
                         (clock clk rise edge)        0.000     0.000 r  
    AP13                                              0.000     0.000 r  clk (IN)
                         net (fo=0)                   0.000     0.000    clk_IBUF_inst/I
    AP13                 INBUF (Prop_INBUF_HPIOB_M_PAD_O)
                                                      0.600     0.600 r  clk_IBUF_inst/INBUF_INST/O
                         net (fo=1, routed)           0.000     0.600    clk_IBUF_inst/OUT
    AP13                 IBUFCTRL (Prop_IBUFCTRL_HPIOB_M_I_O)
                                                      0.000     0.600 r  clk_IBUF_inst/IBUFCTRL_INST/O
                         net (fo=1, routed)           0.323     0.923    clk_IBUF
    BUFGCE_X0Y170        BUFGCE (Prop_BUFCE_BUFGCE_I_O)
                                                      0.028     0.951 r  clk_IBUF_BUFG_inst/O
    X2Y4 (CLOCK_ROOT)    net (fo=93547, routed)       3.085     4.036    Delay757No_instance/clk_IBUF_BUFG
    SLICE_X121Y271       FDCE                                         r  Delay757No_instance/s58_reg_c/C
  -------------------------------------------------------------------    -------------------
    SLICE_X121Y271       FDCE (Prop_EFF_SLICEM_C_Q)
                                                      0.076     4.112 r  Delay757No_instance/s58_reg_c/Q
                         net (fo=307, routed)         3.181     7.293    SharedReg769_instance/s58_reg_c
    SLICE_X60Y381        LUT2 (Prop_H6LUT_SLICEM_I1_O)
                                                      0.053     7.346 r  SharedReg769_instance/s58_reg_gate__2/O
                         net (fo=1, routed)           0.058     7.404    SharedReg769_instance/s58_reg_gate__2_n_0
    SLICE_X60Y381        FDCE                                         r  SharedReg769_instance/Y_reg[30]/D
  -------------------------------------------------------------------    -------------------

                         (clock clk rise edge)        4.000     4.000 r  
    AP13                                              0.000     4.000 r  clk (IN)
                         net (fo=0)                   0.000     4.000    clk_IBUF_inst/I
    AP13                 INBUF (Prop_INBUF_HPIOB_M_PAD_O)
                                                      0.349     4.349 r  clk_IBUF_inst/INBUF_INST/O
                         net (fo=1, routed)           0.000     4.349    clk_IBUF_inst/OUT
    AP13                 IBUFCTRL (Prop_IBUFCTRL_HPIOB_M_I_O)
                                                      0.000     4.349 r  clk_IBUF_inst/IBUFCTRL_INST/O
                         net (fo=1, routed)           0.287     4.636    clk_IBUF
    BUFGCE_X0Y170        BUFGCE (Prop_BUFCE_BUFGCE_I_O)
                                                      0.024     4.660 r  clk_IBUF_BUFG_inst/O
    X2Y4 (CLOCK_ROOT)    net (fo=93547, routed)       2.562     7.222    SharedReg769_instance/clk
    SLICE_X60Y381        FDCE                                         r  SharedReg769_instance/Y_reg[30]/C
                         clock pessimism              0.439     7.661    
                         clock uncertainty           -0.035     7.625    
    SLICE_X60Y381        FDCE (Setup_HFF_SLICEM_C_D)
                                                      0.025     7.650    SharedReg769_instance/Y_reg[30]
  -------------------------------------------------------------------
                         required time                          7.650    
                         arrival time                          -7.404    
  -------------------------------------------------------------------
                         slack                                  0.247    




