Copyright 1986-2018 Xilinx, Inc. All Rights Reserved.
------------------------------------------------------------------------------------------------------------------------------------------------------------------------------------------------
| Tool Version      : Vivado v.2018.1 (lin64) Build 2188600 Wed Apr  4 18:39:19 MDT 2018
| Date              : Sat Dec  5 16:13:07 2020
| Host              : animal.digi.e-technik.uni-kassel.de running 64-bit CentOS Linux release 7.8.2003 (Core)
| Command           : report_timing -file /home/nfiege/Repositories/origami/vhdl/ratII/synth/fir_SAM/NonUniformILP/fir_SAM_NonUniformILP_102_ultrascale2_250/implementedSystem_timing_synth.rpt
| Design            : implementedSystem_toplevel
| Device            : xcvu13p-fhga2104
| Speed File        : -2  PRODUCTION 1.19 03-17-2018
| Temperature Grade : E
------------------------------------------------------------------------------------------------------------------------------------------------------------------------------------------------

Timing Report

Slack (MET) :             0.279ns  (required time - arrival time)
  Source:                 Delay181No2_instance/s3_reg_c_rep__1/C
                            (rising edge-triggered cell FDCE clocked by clk  {rise@0.000ns fall@2.000ns period=4.000ns})
  Destination:            SharedReg774_instance/Y_reg[30]/D
                            (rising edge-triggered cell FDCE clocked by clk  {rise@0.000ns fall@2.000ns period=4.000ns})
  Path Group:             clk
  Path Type:              Setup (Max at Slow Process Corner)
  Requirement:            4.000ns  (clk rise@4.000ns - clk rise@0.000ns)
  Data Path Delay:        3.380ns  (logic 0.127ns (3.757%)  route 3.253ns (96.243%))
  Logic Levels:           1  (LUT2=1)
  Clock Path Skew:        -0.331ns (DCD - SCD + CPR)
    Destination Clock Delay (DCD):    2.630ns = ( 6.630 - 4.000 ) 
    Source Clock Delay      (SCD):    3.347ns
    Clock Pessimism Removal (CPR):    0.386ns
  Clock Uncertainty:      0.035ns  ((TSJ^2 + TIJ^2)^1/2 + DJ) / 2 + PE
    Total System Jitter     (TSJ):    0.071ns
    Total Input Jitter      (TIJ):    0.000ns
    Discrete Jitter          (DJ):    0.000ns
    Phase Error              (PE):    0.000ns
  Clock Net Delay (Source):      2.396ns (routing 0.993ns, distribution 1.403ns)
  Clock Net Delay (Destination): 1.970ns (routing 0.902ns, distribution 1.068ns)

    Location             Delay type                Incr(ns)  Path(ns)    Netlist Resource(s)
  -------------------------------------------------------------------    -------------------
                         (clock clk rise edge)        0.000     0.000 r  
    AU14                                              0.000     0.000 r  clk (IN)
                         net (fo=0)                   0.000     0.000    clk_IBUF_inst/I
    AU14                 INBUF (Prop_INBUF_HPIOB_M_PAD_O)
                                                      0.600     0.600 r  clk_IBUF_inst/INBUF_INST/O
                         net (fo=1, routed)           0.000     0.600    clk_IBUF_inst/OUT
    AU14                 IBUFCTRL (Prop_IBUFCTRL_HPIOB_M_I_O)
                                                      0.000     0.600 r  clk_IBUF_inst/IBUFCTRL_INST/O
                         net (fo=1, routed)           0.323     0.923    clk_IBUF
    BUFGCE_X0Y170        BUFGCE (Prop_BUFCE_BUFGCE_I_O)
                                                      0.028     0.951 r  clk_IBUF_BUFG_inst/O
    X4Y10 (CLOCK_ROOT)   net (fo=82414, routed)       2.396     3.347    Delay181No2_instance/clk_IBUF_BUFG
    SLR Crossing[1->2]   
    SLICE_X104Y533       FDCE                                         r  Delay181No2_instance/s3_reg_c_rep__1/C
  -------------------------------------------------------------------    -------------------
    SLICE_X104Y533       FDCE (Prop_EFF_SLICEM_C_Q)
                                                      0.076     3.423 r  Delay181No2_instance/s3_reg_c_rep__1/Q
                         net (fo=126, routed)         3.202     6.625    SharedReg774_instance/s3_reg_c_rep__1
    SLICE_X130Y639       LUT2 (Prop_H6LUT_SLICEL_I1_O)
                                                      0.051     6.676 r  SharedReg774_instance/s3_reg_gate__2/O
                         net (fo=1, routed)           0.051     6.727    SharedReg774_instance/s3_reg_gate__2_n_0
    SLICE_X130Y639       FDCE                                         r  SharedReg774_instance/Y_reg[30]/D
  -------------------------------------------------------------------    -------------------

                         (clock clk rise edge)        4.000     4.000 r  
    AU14                                              0.000     4.000 r  clk (IN)
                         net (fo=0)                   0.000     4.000    clk_IBUF_inst/I
    AU14                 INBUF (Prop_INBUF_HPIOB_M_PAD_O)
                                                      0.349     4.349 r  clk_IBUF_inst/INBUF_INST/O
                         net (fo=1, routed)           0.000     4.349    clk_IBUF_inst/OUT
    AU14                 IBUFCTRL (Prop_IBUFCTRL_HPIOB_M_I_O)
                                                      0.000     4.349 r  clk_IBUF_inst/IBUFCTRL_INST/O
                         net (fo=1, routed)           0.287     4.636    clk_IBUF
    BUFGCE_X0Y170        BUFGCE (Prop_BUFCE_BUFGCE_I_O)
                                                      0.024     4.660 r  clk_IBUF_BUFG_inst/O
    X4Y10 (CLOCK_ROOT)   net (fo=82414, routed)       1.970     6.630    SharedReg774_instance/clk
    SLR Crossing[1->2]   
    SLICE_X130Y639       FDCE                                         r  SharedReg774_instance/Y_reg[30]/C
                         clock pessimism              0.386     7.016    
                         clock uncertainty           -0.035     6.981    
    SLICE_X130Y639       FDCE (Setup_HFF_SLICEL_C_D)
                                                      0.025     7.006    SharedReg774_instance/Y_reg[30]
  -------------------------------------------------------------------
                         required time                          7.006    
                         arrival time                          -6.727    
  -------------------------------------------------------------------
                         slack                                  0.279    




