Copyright 1986-2018 Xilinx, Inc. All Rights Reserved.
------------------------------------------------------------------------------------------------------------------------------------------------------------------------------------------------------------------------
| Tool Version      : Vivado v.2018.1 (lin64) Build 2188600 Wed Apr  4 18:39:19 MDT 2018
| Date              : Tue Nov 30 16:11:15 2021
| Host              : animal.digi.e-technik.uni-kassel.de running 64-bit AlmaLinux release 8.4 (Electric Cheetah)
| Command           : report_timing -file /home/nfiege/Repositories/origami/vhdl/ratII/synth/mat_inv/UniformILPNew/mat_inv_UniformILPNew_72_wrapper_ultrascale2_250/implementedSystem_toplevel_wrapper_timing_synth.rpt
| Design            : implementedSystem_toplevel_wrapper
| Device            : xcvu13p-fhga2104
| Speed File        : -2  PRODUCTION 1.19 03-17-2018
| Temperature Grade : E
------------------------------------------------------------------------------------------------------------------------------------------------------------------------------------------------------------------------

Timing Report

Slack (MET) :             0.045ns  (required time - arrival time)
  Source:                 DUT/SharedReg1158_instance/s5_reg_c_rep/C
                            (rising edge-triggered cell FDCE clocked by clk  {rise@0.000ns fall@2.000ns period=4.000ns})
  Destination:            DUT/Delay31No2_instance/Y_reg[16]/D
                            (rising edge-triggered cell FDCE clocked by clk  {rise@0.000ns fall@2.000ns period=4.000ns})
  Path Group:             clk
  Path Type:              Setup (Max at Slow Process Corner)
  Requirement:            4.000ns  (clk rise@4.000ns - clk rise@0.000ns)
  Data Path Delay:        3.859ns  (logic 0.131ns (3.395%)  route 3.728ns (96.605%))
  Logic Levels:           1  (LUT2=1)
  Clock Path Skew:        -0.086ns (DCD - SCD + CPR)
    Destination Clock Delay (DCD):    2.803ns = ( 6.803 - 4.000 ) 
    Source Clock Delay      (SCD):    3.291ns
    Clock Pessimism Removal (CPR):    0.402ns
  Clock Uncertainty:      0.035ns  ((TSJ^2 + TIJ^2)^1/2 + DJ) / 2 + PE
    Total System Jitter     (TSJ):    0.071ns
    Total Input Jitter      (TIJ):    0.000ns
    Discrete Jitter          (DJ):    0.000ns
    Phase Error              (PE):    0.000ns
  Clock Net Delay (Source):      2.333ns (routing 1.167ns, distribution 1.166ns)
  Clock Net Delay (Destination): 2.136ns (routing 1.060ns, distribution 1.076ns)

    Location             Delay type                Incr(ns)  Path(ns)    Netlist Resource(s)
  -------------------------------------------------------------------    -------------------
                         (clock clk rise edge)        0.000     0.000 r  
    AV14                                              0.000     0.000 r  clk (IN)
                         net (fo=0)                   0.000     0.000    clk_IBUF_inst/I
    AV14                 INBUF (Prop_INBUF_HPIOB_M_PAD_O)
                                                      0.607     0.607 r  clk_IBUF_inst/INBUF_INST/O
                         net (fo=1, routed)           0.000     0.607    clk_IBUF_inst/OUT
    AV14                 IBUFCTRL (Prop_IBUFCTRL_HPIOB_M_I_O)
                                                      0.000     0.607 r  clk_IBUF_inst/IBUFCTRL_INST/O
                         net (fo=1, routed)           0.323     0.930    clk_IBUF
    BUFGCE_X0Y170        BUFGCE (Prop_BUFCE_BUFGCE_I_O)
                                                      0.028     0.958 r  clk_IBUF_BUFG_inst/O
    X3Y5 (CLOCK_ROOT)    net (fo=155780, routed)      2.333     3.291    DUT/SharedReg1158_instance/clk_IBUF_BUFG
    SLICE_X59Y294        FDCE                                         r  DUT/SharedReg1158_instance/s5_reg_c_rep/C
  -------------------------------------------------------------------    -------------------
    SLICE_X59Y294        FDCE (Prop_GFF2_SLICEL_C_Q)
                                                      0.081     3.372 r  DUT/SharedReg1158_instance/s5_reg_c_rep/Q
                         net (fo=160, routed)         3.679     7.051    DUT/Delay31No2_instance/s5_reg_c_rep
    SLICE_X140Y310       LUT2 (Prop_D6LUT_SLICEL_I1_O)
                                                      0.050     7.101 r  DUT/Delay31No2_instance/s5_reg_gate__16/O
                         net (fo=1, routed)           0.049     7.150    DUT/Delay31No2_instance/s5_reg_gate__16_n_0
    SLICE_X140Y310       FDCE                                         r  DUT/Delay31No2_instance/Y_reg[16]/D
  -------------------------------------------------------------------    -------------------

                         (clock clk rise edge)        4.000     4.000 r  
    AV14                                              0.000     4.000 r  clk (IN)
                         net (fo=0)                   0.000     4.000    clk_IBUF_inst/I
    AV14                 INBUF (Prop_INBUF_HPIOB_M_PAD_O)
                                                      0.356     4.356 r  clk_IBUF_inst/INBUF_INST/O
                         net (fo=1, routed)           0.000     4.356    clk_IBUF_inst/OUT
    AV14                 IBUFCTRL (Prop_IBUFCTRL_HPIOB_M_I_O)
                                                      0.000     4.356 r  clk_IBUF_inst/IBUFCTRL_INST/O
                         net (fo=1, routed)           0.287     4.643    clk_IBUF
    BUFGCE_X0Y170        BUFGCE (Prop_BUFCE_BUFGCE_I_O)
                                                      0.024     4.667 r  clk_IBUF_BUFG_inst/O
    X3Y5 (CLOCK_ROOT)    net (fo=155780, routed)      2.136     6.803    DUT/Delay31No2_instance/clk_IBUF_BUFG
    SLICE_X140Y310       FDCE                                         r  DUT/Delay31No2_instance/Y_reg[16]/C
                         clock pessimism              0.402     7.205    
                         clock uncertainty           -0.035     7.170    
    SLICE_X140Y310       FDCE (Setup_DFF_SLICEL_C_D)
                                                      0.025     7.195    DUT/Delay31No2_instance/Y_reg[16]
  -------------------------------------------------------------------
                         required time                          7.195    
                         arrival time                          -7.150    
  -------------------------------------------------------------------
                         slack                                  0.045    




