Copyright 1986-2018 Xilinx, Inc. All Rights Reserved.
-----------------------------------------------------------------------------------------------------------------------------------------------------------------------------------------------
| Tool Version      : Vivado v.2018.1 (lin64) Build 2188600 Wed Apr  4 18:39:19 MDT 2018
| Date              : Sat Aug 28 08:42:22 2021
| Host              : animal.digi.e-technik.uni-kassel.de running 64-bit AlmaLinux release 8.3 (Purple Manul)
| Command           : report_timing -file /home/nfiege/Repositories/origami/vhdl/ratII/synth/fir_SAM/UniformILPNew/fir_SAM_UniformILPNew_35_ultrascale2_250/implementedSystem_timing_synth.rpt
| Design            : implementedSystem_toplevel
| Device            : xcvu13p-fhga2104
| Speed File        : -2  PRODUCTION 1.19 03-17-2018
| Temperature Grade : E
-----------------------------------------------------------------------------------------------------------------------------------------------------------------------------------------------

Timing Report

Slack (MET) :             0.437ns  (required time - arrival time)
  Source:                 SharedReg349_instance/s19_reg_c/C
                            (rising edge-triggered cell FDCE clocked by clk  {rise@0.000ns fall@2.000ns period=4.000ns})
  Destination:            SharedReg439_instance/Y_reg[8]/D
                            (rising edge-triggered cell FDCE clocked by clk  {rise@0.000ns fall@2.000ns period=4.000ns})
  Path Group:             clk
  Path Type:              Setup (Max at Slow Process Corner)
  Requirement:            4.000ns  (clk rise@4.000ns - clk rise@0.000ns)
  Data Path Delay:        3.326ns  (logic 0.203ns (6.103%)  route 3.123ns (93.897%))
  Logic Levels:           1  (LUT2=1)
  Clock Path Skew:        -0.227ns (DCD - SCD + CPR)
    Destination Clock Delay (DCD):    2.366ns = ( 6.366 - 4.000 ) 
    Source Clock Delay      (SCD):    2.969ns
    Clock Pessimism Removal (CPR):    0.376ns
  Clock Uncertainty:      0.035ns  ((TSJ^2 + TIJ^2)^1/2 + DJ) / 2 + PE
    Total System Jitter     (TSJ):    0.071ns
    Total Input Jitter      (TIJ):    0.000ns
    Discrete Jitter          (DJ):    0.000ns
    Phase Error              (PE):    0.000ns
  Clock Net Delay (Source):      2.018ns (routing 0.921ns, distribution 1.097ns)
  Clock Net Delay (Destination): 1.706ns (routing 0.836ns, distribution 0.870ns)

    Location             Delay type                Incr(ns)  Path(ns)    Netlist Resource(s)
  -------------------------------------------------------------------    -------------------
                         (clock clk rise edge)        0.000     0.000 r  
    AP13                                              0.000     0.000 r  clk (IN)
                         net (fo=0)                   0.000     0.000    clk_IBUF_inst/I
    AP13                 INBUF (Prop_INBUF_HPIOB_M_PAD_O)
                                                      0.600     0.600 r  clk_IBUF_inst/INBUF_INST/O
                         net (fo=1, routed)           0.000     0.600    clk_IBUF_inst/OUT
    AP13                 IBUFCTRL (Prop_IBUFCTRL_HPIOB_M_I_O)
                                                      0.000     0.600 r  clk_IBUF_inst/IBUFCTRL_INST/O
                         net (fo=1, routed)           0.323     0.923    clk_IBUF
    BUFGCE_X0Y170        BUFGCE (Prop_BUFCE_BUFGCE_I_O)
                                                      0.028     0.951 r  clk_IBUF_BUFG_inst/O
    X4Y5 (CLOCK_ROOT)    net (fo=48288, routed)       2.018     2.969    SharedReg349_instance/clk_IBUF_BUFG
    SLICE_X125Y420       FDCE                                         r  SharedReg349_instance/s19_reg_c/C
  -------------------------------------------------------------------    -------------------
    SLICE_X125Y420       FDCE (Prop_FFF_SLICEL_C_Q)
                                                      0.079     3.048 r  SharedReg349_instance/s19_reg_c/Q
                         net (fo=130, routed)         3.074     6.122    SharedReg439_instance/s19_reg_c
    SLICE_X119Y335       LUT2 (Prop_B6LUT_SLICEL_I1_O)
                                                      0.124     6.246 r  SharedReg439_instance/s19_reg_gate__24/O
                         net (fo=1, routed)           0.049     6.295    SharedReg439_instance/s19_reg_gate__24_n_0
    SLICE_X119Y335       FDCE                                         r  SharedReg439_instance/Y_reg[8]/D
  -------------------------------------------------------------------    -------------------

                         (clock clk rise edge)        4.000     4.000 r  
    AP13                                              0.000     4.000 r  clk (IN)
                         net (fo=0)                   0.000     4.000    clk_IBUF_inst/I
    AP13                 INBUF (Prop_INBUF_HPIOB_M_PAD_O)
                                                      0.349     4.349 r  clk_IBUF_inst/INBUF_INST/O
                         net (fo=1, routed)           0.000     4.349    clk_IBUF_inst/OUT
    AP13                 IBUFCTRL (Prop_IBUFCTRL_HPIOB_M_I_O)
                                                      0.000     4.349 r  clk_IBUF_inst/IBUFCTRL_INST/O
                         net (fo=1, routed)           0.287     4.636    clk_IBUF
    BUFGCE_X0Y170        BUFGCE (Prop_BUFCE_BUFGCE_I_O)
                                                      0.024     4.660 r  clk_IBUF_BUFG_inst/O
    X4Y5 (CLOCK_ROOT)    net (fo=48288, routed)       1.706     6.366    SharedReg439_instance/clk_IBUF_BUFG
    SLICE_X119Y335       FDCE                                         r  SharedReg439_instance/Y_reg[8]/C
                         clock pessimism              0.376     6.742    
                         clock uncertainty           -0.035     6.706    
    SLICE_X119Y335       FDCE (Setup_BFF_SLICEL_C_D)
                                                      0.025     6.731    SharedReg439_instance/Y_reg[8]
  -------------------------------------------------------------------
                         required time                          6.731    
                         arrival time                          -6.295    
  -------------------------------------------------------------------
                         slack                                  0.437    




