Copyright 1986-2018 Xilinx, Inc. All Rights Reserved.
-----------------------------------------------------------------------------------------------------------------------------------------------------------------------------------------------
| Tool Version      : Vivado v.2018.1 (lin64) Build 2188600 Wed Apr  4 18:39:19 MDT 2018
| Date              : Thu Aug 26 00:24:31 2021
| Host              : animal.digi.e-technik.uni-kassel.de running 64-bit AlmaLinux release 8.3 (Purple Manul)
| Command           : report_timing -file /home/nfiege/Repositories/origami/vhdl/ratII/synth/fir_SHI/UniformILPNew/fir_SHI_UniformILPNew_22_ultrascale2_250/implementedSystem_timing_synth.rpt
| Design            : implementedSystem_toplevel
| Device            : xcvu13p-fhga2104
| Speed File        : -2  PRODUCTION 1.19 03-17-2018
| Temperature Grade : E
-----------------------------------------------------------------------------------------------------------------------------------------------------------------------------------------------

Timing Report

Slack (MET) :             0.784ns  (required time - arrival time)
  Source:                 Delay1No7_instance/Y_reg[2]/C
                            (rising edge-triggered cell FDCE clocked by clk  {rise@0.000ns fall@2.000ns period=4.000ns})
  Destination:            Sum10_0_impl_instance/FPAddSubOp_instance/shiftedFracY_d1_reg[43]/D
                            (rising edge-triggered cell FDRE clocked by clk  {rise@0.000ns fall@2.000ns period=4.000ns})
  Path Group:             clk
  Path Type:              Setup (Max at Slow Process Corner)
  Requirement:            4.000ns  (clk rise@4.000ns - clk rise@0.000ns)
  Data Path Delay:        3.097ns  (logic 1.070ns (34.550%)  route 2.027ns (65.450%))
  Logic Levels:           9  (CARRY8=3 LUT4=2 LUT5=2 LUT6=2)
  Clock Path Skew:        -0.109ns (DCD - SCD + CPR)
    Destination Clock Delay (DCD):    2.612ns = ( 6.612 - 4.000 ) 
    Source Clock Delay      (SCD):    3.174ns
    Clock Pessimism Removal (CPR):    0.454ns
  Clock Uncertainty:      0.035ns  ((TSJ^2 + TIJ^2)^1/2 + DJ) / 2 + PE
    Total System Jitter     (TSJ):    0.071ns
    Total Input Jitter      (TIJ):    0.000ns
    Discrete Jitter          (DJ):    0.000ns
    Phase Error              (PE):    0.000ns
  Clock Net Delay (Source):      2.237ns (routing 1.366ns, distribution 0.871ns)
  Clock Net Delay (Destination): 1.965ns (routing 1.239ns, distribution 0.726ns)

    Location             Delay type                Incr(ns)  Path(ns)    Netlist Resource(s)
  -------------------------------------------------------------------    -------------------
                         (clock clk rise edge)        0.000     0.000 r  
    AR14                                              0.000     0.000 r  clk (IN)
                         net (fo=0)                   0.000     0.000    clk_IBUF_inst/I
    AR14                 INBUF (Prop_INBUF_HPIOB_M_PAD_O)
                                                      0.586     0.586 r  clk_IBUF_inst/INBUF_INST/O
                         net (fo=1, routed)           0.000     0.586    clk_IBUF_inst/OUT
    AR14                 IBUFCTRL (Prop_IBUFCTRL_HPIOB_M_I_O)
                                                      0.000     0.586 r  clk_IBUF_inst/IBUFCTRL_INST/O
                         net (fo=1, routed)           0.323     0.909    clk_IBUF
    BUFGCE_X0Y170        BUFGCE (Prop_BUFCE_BUFGCE_I_O)
                                                      0.028     0.937 r  clk_IBUF_BUFG_inst/O
    X4Y3 (CLOCK_ROOT)    net (fo=4792, routed)        2.237     3.174    Delay1No7_instance/clk_IBUF_BUFG
    SLR Crossing[1->0]   
    SLICE_X134Y216       FDCE                                         r  Delay1No7_instance/Y_reg[2]/C
  -------------------------------------------------------------------    -------------------
    SLICE_X134Y216       FDCE (Prop_DFF_SLICEL_C_Q)
                                                      0.079     3.253 r  Delay1No7_instance/Y_reg[2]/Q
                         net (fo=4, routed)           0.563     3.816    Delay1No6_instance/Y_reg[33]_0[2]
    SLICE_X126Y226       LUT4 (Prop_B6LUT_SLICEM_I1_O)
                                                      0.125     3.941 r  Delay1No6_instance/geqOp_carry_i_15/O
                         net (fo=1, routed)           0.016     3.957    Sum10_0_impl_instance/FPAddSubOp_instance/S[1]
    SLICE_X126Y226       CARRY8 (Prop_CARRY8_SLICEM_S[1]_CO[7])
                                                      0.190     4.147 r  Sum10_0_impl_instance/FPAddSubOp_instance/geqOp_carry/CO[7]
                         net (fo=1, routed)           0.026     4.173    Sum10_0_impl_instance/FPAddSubOp_instance/geqOp_carry_n_0
    SLICE_X126Y227       CARRY8 (Prop_CARRY8_SLICEM_CI_CO[7])
                                                      0.015     4.188 r  Sum10_0_impl_instance/FPAddSubOp_instance/geqOp_carry__0/CO[7]
                         net (fo=1, routed)           0.026     4.214    Sum10_0_impl_instance/FPAddSubOp_instance/geqOp_carry__0_n_0
    SLICE_X126Y228       CARRY8 (Prop_CARRY8_SLICEM_CI_CO[0])
                                                      0.052     4.266 r  Sum10_0_impl_instance/FPAddSubOp_instance/geqOp_carry__1/CO[0]
                         net (fo=73, routed)          0.388     4.654    Delay1No6_instance/CO[0]
    SLICE_X123Y230       LUT5 (Prop_D5LUT_SLICEL_I4_O)
                                                      0.066     4.720 r  Delay1No6_instance/shiftedFracY_d1[32]_i_16/O
                         net (fo=2, routed)           0.134     4.854    Delay1No6_instance/Sum10_0_impl_instance/FPAddSubOp_instance/expDiff__26[3]
    SLICE_X123Y229       LUT6 (Prop_G6LUT_SLICEL_I0_O)
                                                      0.149     5.003 r  Delay1No6_instance/shiftedFracY_d1[32]_i_9/O
                         net (fo=3, routed)           0.048     5.051    Delay1No6_instance/shiftedFracY_d1[32]_i_9_n_0
    SLICE_X123Y229       LUT5 (Prop_E6LUT_SLICEL_I3_O)
                                                      0.099     5.150 r  Delay1No6_instance/shiftedFracY_d1[12]_i_3/O
                         net (fo=34, routed)          0.203     5.353    Delay1No7_instance/shiftVal__5[0]
    SLICE_X121Y229       LUT6 (Prop_H6LUT_SLICEM_I2_O)
                                                      0.152     5.505 r  Delay1No7_instance/shiftedFracY_d1[27]_i_2/O
                         net (fo=5, routed)           0.270     5.775    Delay1No7_instance/Sum10_0_impl_instance/level2[20]
    SLICE_X122Y226       LUT4 (Prop_B5LUT_SLICEM_I0_O)
                                                      0.143     5.918 r  Delay1No7_instance/shiftedFracY_d1[43]_i_1/O
                         net (fo=1, routed)           0.353     6.271    Sum10_0_impl_instance/FPAddSubOp_instance/Y_reg[26]_1
    SLICE_X122Y226       FDRE                                         r  Sum10_0_impl_instance/FPAddSubOp_instance/shiftedFracY_d1_reg[43]/D
  -------------------------------------------------------------------    -------------------

                         (clock clk rise edge)        4.000     4.000 r  
    AR14                                              0.000     4.000 r  clk (IN)
                         net (fo=0)                   0.000     4.000    clk_IBUF_inst/I
    AR14                 INBUF (Prop_INBUF_HPIOB_M_PAD_O)
                                                      0.336     4.336 r  clk_IBUF_inst/INBUF_INST/O
                         net (fo=1, routed)           0.000     4.336    clk_IBUF_inst/OUT
    AR14                 IBUFCTRL (Prop_IBUFCTRL_HPIOB_M_I_O)
                                                      0.000     4.336 r  clk_IBUF_inst/IBUFCTRL_INST/O
                         net (fo=1, routed)           0.287     4.623    clk_IBUF
    BUFGCE_X0Y170        BUFGCE (Prop_BUFCE_BUFGCE_I_O)
                                                      0.024     4.647 r  clk_IBUF_BUFG_inst/O
    X4Y3 (CLOCK_ROOT)    net (fo=4792, routed)        1.965     6.612    Sum10_0_impl_instance/FPAddSubOp_instance/clk_IBUF_BUFG
    SLR Crossing[1->0]   
    SLICE_X122Y226       FDRE                                         r  Sum10_0_impl_instance/FPAddSubOp_instance/shiftedFracY_d1_reg[43]/C
                         clock pessimism              0.454     7.066    
                         clock uncertainty           -0.035     7.030    
    SLICE_X122Y226       FDRE (Setup_FFF_SLICEM_C_D)
                                                      0.025     7.055    Sum10_0_impl_instance/FPAddSubOp_instance/shiftedFracY_d1_reg[43]
  -------------------------------------------------------------------
                         required time                          7.055    
                         arrival time                          -6.271    
  -------------------------------------------------------------------
                         slack                                  0.784    




