Copyright 1986-2018 Xilinx, Inc. All Rights Reserved.
-----------------------------------------------------------------------------------------------------------------------------------------------------------------------------------------------
| Tool Version      : Vivado v.2018.1 (lin64) Build 2188600 Wed Apr  4 18:39:19 MDT 2018
| Date              : Thu Dec 10 05:03:10 2020
| Host              : animal.digi.e-technik.uni-kassel.de running 64-bit CentOS Linux release 7.8.2003 (Core)
| Command           : report_timing -file /home/nfiege/Repositories/origami/vhdl/ratII/synth/fir_SAM/NonUniformILP/fir_SAM_NonUniformILP_15_ultrascale2_250/implementedSystem_timing_synth.rpt
| Design            : implementedSystem_toplevel
| Device            : xcvu13p-fhga2104
| Speed File        : -2  PRODUCTION 1.19 03-17-2018
| Temperature Grade : E
-----------------------------------------------------------------------------------------------------------------------------------------------------------------------------------------------

Timing Report

Slack (MET) :             0.274ns  (required time - arrival time)
  Source:                 Delay294No3_instance/s20_reg_c/C
                            (rising edge-triggered cell FDCE clocked by clk  {rise@0.000ns fall@2.000ns period=4.000ns})
  Destination:            SharedReg251_instance/Y_reg[2]/D
                            (rising edge-triggered cell FDCE clocked by clk  {rise@0.000ns fall@2.000ns period=4.000ns})
  Path Group:             clk
  Path Type:              Setup (Max at Slow Process Corner)
  Requirement:            4.000ns  (clk rise@4.000ns - clk rise@0.000ns)
  Data Path Delay:        3.564ns  (logic 0.180ns (5.051%)  route 3.384ns (94.950%))
  Logic Levels:           1  (LUT2=1)
  Clock Path Skew:        -0.152ns (DCD - SCD + CPR)
    Destination Clock Delay (DCD):    2.859ns = ( 6.859 - 4.000 ) 
    Source Clock Delay      (SCD):    3.409ns
    Clock Pessimism Removal (CPR):    0.398ns
  Clock Uncertainty:      0.035ns  ((TSJ^2 + TIJ^2)^1/2 + DJ) / 2 + PE
    Total System Jitter     (TSJ):    0.071ns
    Total Input Jitter      (TIJ):    0.000ns
    Discrete Jitter          (DJ):    0.000ns
    Phase Error              (PE):    0.000ns
  Clock Net Delay (Source):      2.458ns (routing 1.167ns, distribution 1.291ns)
  Clock Net Delay (Destination): 2.199ns (routing 1.060ns, distribution 1.139ns)

    Location             Delay type                Incr(ns)  Path(ns)    Netlist Resource(s)
  -------------------------------------------------------------------    -------------------
                         (clock clk rise edge)        0.000     0.000 r  
    AU14                                              0.000     0.000 r  clk (IN)
                         net (fo=0)                   0.000     0.000    clk_IBUF_inst/I
    AU14                 INBUF (Prop_INBUF_HPIOB_M_PAD_O)
                                                      0.600     0.600 r  clk_IBUF_inst/INBUF_INST/O
                         net (fo=1, routed)           0.000     0.600    clk_IBUF_inst/OUT
    AU14                 IBUFCTRL (Prop_IBUFCTRL_HPIOB_M_I_O)
                                                      0.000     0.600 r  clk_IBUF_inst/IBUFCTRL_INST/O
                         net (fo=1, routed)           0.323     0.923    clk_IBUF
    BUFGCE_X0Y170        BUFGCE (Prop_BUFCE_BUFGCE_I_O)
                                                      0.028     0.951 r  clk_IBUF_BUFG_inst/O
    X3Y5 (CLOCK_ROOT)    net (fo=58366, routed)       2.458     3.409    Delay294No3_instance/clk_IBUF_BUFG
    SLICE_X110Y360       FDCE                                         r  Delay294No3_instance/s20_reg_c/C
  -------------------------------------------------------------------    -------------------
    SLICE_X110Y360       FDCE (Prop_EFF_SLICEL_C_Q)
                                                      0.079     3.488 r  Delay294No3_instance/s20_reg_c/Q
                         net (fo=121, routed)         3.326     6.814    SharedReg251_instance/s20_reg_c
    SLICE_X87Y249        LUT2 (Prop_H6LUT_SLICEM_I1_O)
                                                      0.101     6.915 r  SharedReg251_instance/s20_reg_gate__30/O
                         net (fo=1, routed)           0.058     6.973    SharedReg251_instance/s20_reg_gate__30_n_0
    SLICE_X87Y249        FDCE                                         r  SharedReg251_instance/Y_reg[2]/D
  -------------------------------------------------------------------    -------------------

                         (clock clk rise edge)        4.000     4.000 r  
    AU14                                              0.000     4.000 r  clk (IN)
                         net (fo=0)                   0.000     4.000    clk_IBUF_inst/I
    AU14                 INBUF (Prop_INBUF_HPIOB_M_PAD_O)
                                                      0.349     4.349 r  clk_IBUF_inst/INBUF_INST/O
                         net (fo=1, routed)           0.000     4.349    clk_IBUF_inst/OUT
    AU14                 IBUFCTRL (Prop_IBUFCTRL_HPIOB_M_I_O)
                                                      0.000     4.349 r  clk_IBUF_inst/IBUFCTRL_INST/O
                         net (fo=1, routed)           0.287     4.636    clk_IBUF
    BUFGCE_X0Y170        BUFGCE (Prop_BUFCE_BUFGCE_I_O)
                                                      0.024     4.660 r  clk_IBUF_BUFG_inst/O
    X3Y5 (CLOCK_ROOT)    net (fo=58366, routed)       2.199     6.859    SharedReg251_instance/clk_IBUF_BUFG
    SLICE_X87Y249        FDCE                                         r  SharedReg251_instance/Y_reg[2]/C
                         clock pessimism              0.398     7.257    
                         clock uncertainty           -0.035     7.222    
    SLICE_X87Y249        FDCE (Setup_HFF_SLICEM_C_D)
                                                      0.025     7.247    SharedReg251_instance/Y_reg[2]
  -------------------------------------------------------------------
                         required time                          7.247    
                         arrival time                          -6.973    
  -------------------------------------------------------------------
                         slack                                  0.274    




