Copyright 1986-2018 Xilinx, Inc. All Rights Reserved.
----------------------------------------------------------------------------------------------------------------------------------------------------------------------------------------------------
| Tool Version      : Vivado v.2018.1 (lin64) Build 2188600 Wed Apr  4 18:39:19 MDT 2018
| Date              : Fri Apr 24 11:34:17 2020
| Host              : animal.digi.e-technik.uni-kassel.de running 64-bit CentOS Linux release 7.7.1908 (Core)
| Command           : report_timing -file /home/nfiege/Repositories/origami/vhdl/ratII/synth/iir_sos16/NonUniformILP/iir_sos16_NonUniformILP_100_ultrascale2_250/implementedSystem_timing_synth.rpt
| Design            : implementedSystem_toplevel
| Device            : xcvu13p-fhga2104
| Speed File        : -2  PRODUCTION 1.19 03-17-2018
| Temperature Grade : E
----------------------------------------------------------------------------------------------------------------------------------------------------------------------------------------------------

Timing Report

Slack (MET) :             0.409ns  (required time - arrival time)
  Source:                 Delay1No10_instance/Y_reg[25]/C
                            (rising edge-triggered cell FDCE clocked by clk  {rise@0.000ns fall@2.000ns period=4.000ns})
  Destination:            Sum11_2_impl_instance/FPAddSubOp_instance/shiftedFracY_d1_reg[8]/D
                            (rising edge-triggered cell FDRE clocked by clk  {rise@0.000ns fall@2.000ns period=4.000ns})
  Path Group:             clk
  Path Type:              Setup (Max at Slow Process Corner)
  Requirement:            4.000ns  (clk rise@4.000ns - clk rise@0.000ns)
  Data Path Delay:        3.374ns  (logic 0.690ns (20.451%)  route 2.684ns (79.549%))
  Logic Levels:           7  (LUT3=1 LUT5=2 LUT6=4)
  Clock Path Skew:        -0.206ns (DCD - SCD + CPR)
    Destination Clock Delay (DCD):    1.671ns = ( 5.671 - 4.000 ) 
    Source Clock Delay      (SCD):    2.239ns
    Clock Pessimism Removal (CPR):    0.362ns
  Clock Uncertainty:      0.035ns  ((TSJ^2 + TIJ^2)^1/2 + DJ) / 2 + PE
    Total System Jitter     (TSJ):    0.071ns
    Total Input Jitter      (TIJ):    0.000ns
    Discrete Jitter          (DJ):    0.000ns
    Phase Error              (PE):    0.000ns
  Clock Net Delay (Source):      1.288ns (routing 0.170ns, distribution 1.118ns)
  Clock Net Delay (Destination): 1.011ns (routing 0.155ns, distribution 0.856ns)

    Location             Delay type                Incr(ns)  Path(ns)    Netlist Resource(s)
  -------------------------------------------------------------------    -------------------
                         (clock clk rise edge)        0.000     0.000 r  
    AP13                                              0.000     0.000 r  clk (IN)
                         net (fo=0)                   0.000     0.000    clk_IBUF_inst/I
    AP13                 INBUF (Prop_INBUF_HPIOB_M_PAD_O)
                                                      0.600     0.600 r  clk_IBUF_inst/INBUF_INST/O
                         net (fo=1, routed)           0.000     0.600    clk_IBUF_inst/OUT
    AP13                 IBUFCTRL (Prop_IBUFCTRL_HPIOB_M_I_O)
                                                      0.000     0.600 r  clk_IBUF_inst/IBUFCTRL_INST/O
                         net (fo=1, routed)           0.323     0.923    clk_IBUF
    BUFGCE_X0Y170        BUFGCE (Prop_BUFCE_BUFGCE_I_O)
                                                      0.028     0.951 r  clk_IBUF_BUFG_inst/O
    X4Y7 (CLOCK_ROOT)    net (fo=19972, routed)       1.288     2.239    Delay1No10_instance/clk_IBUF_BUFG
    SLICE_X151Y455       FDCE                                         r  Delay1No10_instance/Y_reg[25]/C
  -------------------------------------------------------------------    -------------------
    SLICE_X151Y455       FDCE (Prop_DFF_SLICEL_C_Q)
                                                      0.079     2.318 f  Delay1No10_instance/Y_reg[25]/Q
                         net (fo=6, routed)           0.727     3.045    Delay1No10_instance/Q[25]
    SLICE_X126Y456       LUT6 (Prop_C6LUT_SLICEM_I0_O)
                                                      0.037     3.082 r  Delay1No10_instance/shiftedFracY_d1[33]_i_6__1/O
                         net (fo=4, routed)           0.241     3.323    Delay1No10_instance/shiftedFracY_d1[33]_i_6__1_n_0
    SLICE_X127Y456       LUT3 (Prop_A5LUT_SLICEL_I2_O)
                                                      0.100     3.423 r  Delay1No10_instance/shiftedFracY_d1[49]_i_5__1/O
                         net (fo=2, routed)           0.261     3.684    Delay1No10_instance/shiftedFracY_d1[49]_i_5__1_n_0
    SLICE_X128Y456       LUT5 (Prop_E6LUT_SLICEM_I0_O)
                                                      0.052     3.736 f  Delay1No10_instance/shiftedFracY_d1[49]_i_7__1/O
                         net (fo=2, routed)           0.155     3.891    Delay1No10_instance/Sum11_2_impl_instance/FPAddSubOp_instance/expDiff__26[4]
    SLICE_X127Y455       LUT6 (Prop_H6LUT_SLICEL_I4_O)
                                                      0.124     4.015 f  Delay1No10_instance/shiftedFracY_d1[32]_i_9__1/O
                         net (fo=3, routed)           0.113     4.128    Delay1No10_instance/shiftedFracY_d1[32]_i_9__1_n_0
    SLICE_X127Y455       LUT5 (Prop_A6LUT_SLICEL_I4_O)
                                                      0.149     4.277 r  Delay1No10_instance/shiftedFracY_d1[45]_i_4__1/O
                         net (fo=31, routed)          0.473     4.750    Delay1No11_instance/Y_reg[23]_0
    SLICE_X126Y452       LUT6 (Prop_G6LUT_SLICEM_I4_O)
                                                      0.052     4.802 r  Delay1No11_instance/shiftedFracY_d1[8]_i_3__1/O
                         net (fo=4, routed)           0.282     5.084    Delay1No11_instance/shiftedFracY_d1_reg[38][3]
    SLICE_X127Y452       LUT6 (Prop_F6LUT_SLICEL_I3_O)
                                                      0.097     5.181 r  Delay1No11_instance/shiftedFracY_d1[8]_i_1__1/O
                         net (fo=2, routed)           0.432     5.613    Sum11_2_impl_instance/FPAddSubOp_instance/level4__0[8]
    SLICE_X125Y452       FDRE                                         r  Sum11_2_impl_instance/FPAddSubOp_instance/shiftedFracY_d1_reg[8]/D
  -------------------------------------------------------------------    -------------------

                         (clock clk rise edge)        4.000     4.000 r  
    AP13                                              0.000     4.000 r  clk (IN)
                         net (fo=0)                   0.000     4.000    clk_IBUF_inst/I
    AP13                 INBUF (Prop_INBUF_HPIOB_M_PAD_O)
                                                      0.349     4.349 r  clk_IBUF_inst/INBUF_INST/O
                         net (fo=1, routed)           0.000     4.349    clk_IBUF_inst/OUT
    AP13                 IBUFCTRL (Prop_IBUFCTRL_HPIOB_M_I_O)
                                                      0.000     4.349 r  clk_IBUF_inst/IBUFCTRL_INST/O
                         net (fo=1, routed)           0.287     4.636    clk_IBUF
    BUFGCE_X0Y170        BUFGCE (Prop_BUFCE_BUFGCE_I_O)
                                                      0.024     4.660 r  clk_IBUF_BUFG_inst/O
    X4Y7 (CLOCK_ROOT)    net (fo=19972, routed)       1.011     5.671    Sum11_2_impl_instance/FPAddSubOp_instance/clk_IBUF_BUFG
    SLICE_X125Y452       FDRE                                         r  Sum11_2_impl_instance/FPAddSubOp_instance/shiftedFracY_d1_reg[8]/C
                         clock pessimism              0.362     6.032    
                         clock uncertainty           -0.035     5.997    
    SLICE_X125Y452       FDRE (Setup_EFF_SLICEL_C_D)
                                                      0.025     6.022    Sum11_2_impl_instance/FPAddSubOp_instance/shiftedFracY_d1_reg[8]
  -------------------------------------------------------------------
                         required time                          6.022    
                         arrival time                          -5.613    
  -------------------------------------------------------------------
                         slack                                  0.409    




