Copyright 1986-2018 Xilinx, Inc. All Rights Reserved.
------------------------------------------------------------------------------------------------------------------------------------------------------------------------------------------------
| Tool Version      : Vivado v.2018.1 (lin64) Build 2188600 Wed Apr  4 18:39:19 MDT 2018
| Date              : Wed Dec  9 09:36:22 2020
| Host              : animal.digi.e-technik.uni-kassel.de running 64-bit CentOS Linux release 7.8.2003 (Core)
| Command           : report_timing -file /home/nfiege/Repositories/origami/vhdl/ratII/synth/fir_SAM/NonUniformILP/fir_SAM_NonUniformILP_488_ultrascale2_250/implementedSystem_timing_synth.rpt
| Design            : implementedSystem_toplevel
| Device            : xcvu13p-fhga2104
| Speed File        : -2  PRODUCTION 1.19 03-17-2018
| Temperature Grade : E
------------------------------------------------------------------------------------------------------------------------------------------------------------------------------------------------

Timing Report

Slack (MET) :             0.330ns  (required time - arrival time)
  Source:                 SharedReg352_instance/s23_reg_c/C
                            (rising edge-triggered cell FDCE clocked by clk  {rise@0.000ns fall@2.000ns period=4.000ns})
  Destination:            SharedReg158_instance/Y_reg[12]/D
                            (rising edge-triggered cell FDCE clocked by clk  {rise@0.000ns fall@2.000ns period=4.000ns})
  Path Group:             clk
  Path Type:              Setup (Max at Slow Process Corner)
  Requirement:            4.000ns  (clk rise@4.000ns - clk rise@0.000ns)
  Data Path Delay:        3.555ns  (logic 0.167ns (4.698%)  route 3.388ns (95.302%))
  Logic Levels:           1  (LUT2=1)
  Clock Path Skew:        -0.105ns (DCD - SCD + CPR)
    Destination Clock Delay (DCD):    2.497ns = ( 6.497 - 4.000 ) 
    Source Clock Delay      (SCD):    2.961ns
    Clock Pessimism Removal (CPR):    0.360ns
  Clock Uncertainty:      0.035ns  ((TSJ^2 + TIJ^2)^1/2 + DJ) / 2 + PE
    Total System Jitter     (TSJ):    0.071ns
    Total Input Jitter      (TIJ):    0.000ns
    Discrete Jitter          (DJ):    0.000ns
    Phase Error              (PE):    0.000ns
  Clock Net Delay (Source):      2.024ns (routing 0.711ns, distribution 1.313ns)
  Clock Net Delay (Destination): 1.850ns (routing 0.646ns, distribution 1.204ns)

    Location             Delay type                Incr(ns)  Path(ns)    Netlist Resource(s)
  -------------------------------------------------------------------    -------------------
                         (clock clk rise edge)        0.000     0.000 r  
    AR14                                              0.000     0.000 r  clk (IN)
                         net (fo=0)                   0.000     0.000    clk_IBUF_inst/I
    AR14                 INBUF (Prop_INBUF_HPIOB_M_PAD_O)
                                                      0.586     0.586 r  clk_IBUF_inst/INBUF_INST/O
                         net (fo=1, routed)           0.000     0.586    clk_IBUF_inst/OUT
    AR14                 IBUFCTRL (Prop_IBUFCTRL_HPIOB_M_I_O)
                                                      0.000     0.586 r  clk_IBUF_inst/IBUFCTRL_INST/O
                         net (fo=1, routed)           0.323     0.909    clk_IBUF
    BUFGCE_X0Y170        BUFGCE (Prop_BUFCE_BUFGCE_I_O)
                                                      0.028     0.937 r  clk_IBUF_BUFG_inst/O
    X4Y6 (CLOCK_ROOT)    net (fo=46780, routed)       2.024     2.961    SharedReg352_instance/clk
    SLICE_X147Y382       FDCE                                         r  SharedReg352_instance/s23_reg_c/C
  -------------------------------------------------------------------    -------------------
    SLICE_X147Y382       FDCE (Prop_FFF_SLICEL_C_Q)
                                                      0.079     3.040 r  SharedReg352_instance/s23_reg_c/Q
                         net (fo=137, routed)         3.316     6.356    SharedReg158_instance/s23_reg_c
    SLICE_X157Y268       LUT2 (Prop_D6LUT_SLICEM_I1_O)
                                                      0.088     6.444 r  SharedReg158_instance/s23_reg_gate__20/O
                         net (fo=1, routed)           0.072     6.516    SharedReg158_instance/s23_reg_gate__20_n_0
    SLICE_X157Y268       FDCE                                         r  SharedReg158_instance/Y_reg[12]/D
  -------------------------------------------------------------------    -------------------

                         (clock clk rise edge)        4.000     4.000 r  
    AR14                                              0.000     4.000 r  clk (IN)
                         net (fo=0)                   0.000     4.000    clk_IBUF_inst/I
    AR14                 INBUF (Prop_INBUF_HPIOB_M_PAD_O)
                                                      0.336     4.336 r  clk_IBUF_inst/INBUF_INST/O
                         net (fo=1, routed)           0.000     4.336    clk_IBUF_inst/OUT
    AR14                 IBUFCTRL (Prop_IBUFCTRL_HPIOB_M_I_O)
                                                      0.000     4.336 r  clk_IBUF_inst/IBUFCTRL_INST/O
                         net (fo=1, routed)           0.287     4.623    clk_IBUF
    BUFGCE_X0Y170        BUFGCE (Prop_BUFCE_BUFGCE_I_O)
                                                      0.024     4.647 r  clk_IBUF_BUFG_inst/O
    X4Y6 (CLOCK_ROOT)    net (fo=46780, routed)       1.850     6.497    SharedReg158_instance/clk_IBUF_BUFG
    SLICE_X157Y268       FDCE                                         r  SharedReg158_instance/Y_reg[12]/C
                         clock pessimism              0.360     6.856    
                         clock uncertainty           -0.035     6.821    
    SLICE_X157Y268       FDCE (Setup_DFF_SLICEM_C_D)
                                                      0.025     6.846    SharedReg158_instance/Y_reg[12]
  -------------------------------------------------------------------
                         required time                          6.846    
                         arrival time                          -6.516    
  -------------------------------------------------------------------
                         slack                                  0.330    




