Copyright 1986-2018 Xilinx, Inc. All Rights Reserved.
-----------------------------------------------------------------------------------------------------------------------------------------------------------------------------------
| Tool Version     : Vivado v.2018.1 (lin64) Build 2188600 Wed Apr  4 18:39:19 MDT 2018
| Date             : Wed Apr 15 12:02:38 2020
| Host             : animal.digi.e-technik.uni-kassel.de running 64-bit CentOS Linux release 7.7.1908 (Core)
| Command          : report_power -file /home/nfiege/Repositories/origami/vhdl/ratII/synth/intII/mat_inv/mat_inv_ED97_21_ultrascale2_250/implementedSystem_power_synth.rpt
| Design           : implementedSystem_toplevel
| Device           : xcvu13p-fhga2104-2-e
| Design State     : routed
| Grade            : extended
| Process          : typical
| Characterization : Production
-----------------------------------------------------------------------------------------------------------------------------------------------------------------------------------

Power Report

Table of Contents
-----------------
1. Summary
1.1 On-Chip Components
1.2 Power Supply Summary
1.3 Confidence Level
2. Settings
2.1 Environment
2.2 Clock Constraints
3. Detailed Reports
3.1 By Hierarchy

1. Summary
----------

+--------------------------+--------------+
| Total On-Chip Power (W)  | 4.832        |
| Design Power Budget (W)  | Unspecified* |
| Power Budget Margin (W)  | NA           |
| Dynamic (W)              | 1.850        |
| Device Static (W)        | 2.982        |
| Effective TJA (C/W)      | 0.5          |
| Max Ambient (C)          | 97.4         |
| Junction Temperature (C) | 27.6         |
| Confidence Level         | Low          |
| Setting File             | ---          |
| Simulation Activity File | ---          |
| Design Nets Matched      | NA           |
+--------------------------+--------------+
* Specify Design Power Budget using, set_operating_conditions -design_power_budget <value in Watts>


1.1 On-Chip Components
----------------------

+-------------------------+-----------+----------+-----------+-----------------+
| On-Chip                 | Power (W) | Used     | Available | Utilization (%) |
+-------------------------+-----------+----------+-----------+-----------------+
| Clocks                  |     0.116 |        3 |       --- |             --- |
| CLB Logic               |     0.321 |    27604 |       --- |             --- |
|   LUT as Logic          |     0.239 |     7933 |   1728000 |            0.46 |
|   LUT as Shift Register |     0.056 |     1296 |    791040 |            0.16 |
|   Register              |     0.024 |    13136 |   3456000 |            0.38 |
|   CARRY8                |     0.002 |      129 |    216000 |            0.06 |
|   Others                |     0.000 |      373 |       --- |             --- |
|   F7/F8 Muxes           |     0.000 |     2074 |   1728000 |            0.12 |
| Signals                 |     0.472 |    18125 |       --- |             --- |
| DSPs                    |     0.007 |        4 |     12288 |            0.03 |
| I/O                     |     0.934 |      770 |       832 |           92.55 |
| Static Power            |     2.982 |          |           |                 |
| Total                   |     4.832 |          |           |                 |
+-------------------------+-----------+----------+-----------+-----------------+


1.2 Power Supply Summary
------------------------

+------------+-------------+-----------+-------------+------------+
| Source     | Voltage (V) | Total (A) | Dynamic (A) | Static (A) |
+------------+-------------+-----------+-------------+------------+
| Vccint     |       0.850 |     2.263 |       1.077 |      1.186 |
| Vccint_io  |       0.850 |     0.184 |       0.041 |      0.143 |
| Vccbram    |       0.850 |     0.021 |       0.000 |      0.021 |
| Vccaux     |       1.800 |     0.883 |       0.000 |      0.883 |
| Vccaux_io  |       1.800 |     0.261 |       0.157 |      0.104 |
| Vcco33     |       3.300 |     0.000 |       0.000 |      0.000 |
| Vcco25     |       2.500 |     0.000 |       0.000 |      0.000 |
| Vcco18     |       1.800 |     0.343 |       0.343 |      0.000 |
| Vcco15     |       1.500 |     0.000 |       0.000 |      0.000 |
| Vcco135    |       1.350 |     0.000 |       0.000 |      0.000 |
| Vcco12     |       1.200 |     0.000 |       0.000 |      0.000 |
| Vcco10     |       1.000 |     0.000 |       0.000 |      0.000 |
| Vccadc     |       1.800 |     0.032 |       0.000 |      0.032 |
| MGTYAVcc   |       0.900 |     0.000 |       0.000 |      0.000 |
| MGTYAVtt   |       1.200 |     0.000 |       0.000 |      0.000 |
| MGTYVccaux |       1.800 |     0.000 |       0.000 |      0.000 |
+------------+-------------+-----------+-------------+------------+


1.3 Confidence Level
--------------------

+-----------------------------+------------+--------------------------------------------------------+------------------------------------------------------------------------------------------------------------+
| User Input Data             | Confidence | Details                                                | Action                                                                                                     |
+-----------------------------+------------+--------------------------------------------------------+------------------------------------------------------------------------------------------------------------+
| Design implementation state | High       | Design is routed                                       |                                                                                                            |
| Clock nodes activity        | High       | User specified more than 95% of clocks                 |                                                                                                            |
| I/O nodes activity          | Low        | More than 75% of inputs are missing user specification | Provide missing input activity with simulation results or by editing the "By Resource Type -> I/Os" view   |
| Internal nodes activity     | Medium     | User specified less than 25% of internal nodes         | Provide missing internal nodes activity with simulation results or by editing the "By Resource Type" views |
| Device models               | High       | Device models are Production                           |                                                                                                            |
|                             |            |                                                        |                                                                                                            |
| Overall confidence level    | Low        |                                                        |                                                                                                            |
+-----------------------------+------------+--------------------------------------------------------+------------------------------------------------------------------------------------------------------------+


2. Settings
-----------

2.1 Environment
---------------

+-----------------------+--------------------------+
| Ambient Temp (C)      | 25.0                     |
| ThetaJA (C/W)         | 0.5                      |
| Airflow (LFM)         | 250                      |
| Heat Sink             | medium (Medium Profile)  |
| ThetaSA (C/W)         | 0.7                      |
| Board Selection       | medium (10"x10")         |
| # of Board Layers     | 12to15 (12 to 15 Layers) |
| Board Temperature (C) | 25.0                     |
+-----------------------+--------------------------+


2.2 Clock Constraints
---------------------

+-------+--------+-----------------+
| Clock | Domain | Constraint (ns) |
+-------+--------+-----------------+
| clk   | clk    |             4.0 |
+-------+--------+-----------------+


3. Detailed Reports
-------------------

3.1 By Hierarchy
----------------

+--------------------------------------+-----------+
| Name                                 | Power (W) |
+--------------------------------------+-----------+
| implementedSystem_toplevel           |     1.850 |
|   Add30_impl_instance                |     0.009 |
|     FPAddSubOp_instance              |     0.009 |
|       LZC_component                  |     0.004 |
|       fracAdder                      |     0.001 |
|   Delay108No_instance                |    <0.001 |
|   Delay10No_instance                 |     0.003 |
|   Delay1No10_instance                |     0.010 |
|   Delay1No11_instance                |     0.006 |
|   Delay1No15_instance                |     0.006 |
|   Delay1No16_instance                |     0.006 |
|   Delay1No17_instance                |     0.007 |
|   Delay1No18_instance                |     0.006 |
|   Delay1No19_instance                |     0.008 |
|   Delay1No1_instance                 |     0.001 |
|   Delay1No20_instance                |    <0.001 |
|   Delay1No21_instance                |     0.004 |
|   Delay1No22_instance                |    <0.001 |
|   Delay1No23_instance                |    <0.001 |
|   Delay1No2_instance                 |     0.002 |
|   Delay1No3_instance                 |     0.001 |
|   Delay1No4_instance                 |     0.011 |
|   Delay1No6_instance                 |     0.013 |
|   Delay1No9_instance                 |     0.015 |
|   Delay1No_instance                  |     0.002 |
|   Delay39No1_instance                |     0.004 |
|   Delay4No2_instance                 |     0.002 |
|   Delay5No4_instance                 |     0.003 |
|   Delay61No1_instance                |    <0.001 |
|   Delay6No1_instance                 |     0.002 |
|   Delay77No_instance                 |     0.002 |
|   Delay81No_instance                 |     0.002 |
|   Delay84No_instance                 |     0.002 |
|   Delay85No_instance                 |     0.002 |
|   Delay87No_instance                 |    <0.001 |
|   Delay88No1_instance                |    <0.001 |
|   Delay88No_instance                 |     0.002 |
|   Divide_impl_instance               |     0.149 |
|     SelFunctionTable1                |     0.001 |
|     SelFunctionTable2                |     0.001 |
|     SelFunctionTable3                |     0.001 |
|     SelFunctionTable4                |     0.001 |
|     SelFunctionTable5                |     0.001 |
|     SelFunctionTable6                |     0.001 |
|     SelFunctionTable7                |     0.001 |
|     SelFunctionTable8                |     0.001 |
|   Ldiff_UU_del_1_IBUF[0]_inst        |    <0.001 |
|   Ldiff_UU_del_1_IBUF[10]_inst       |    <0.001 |
|   Ldiff_UU_del_1_IBUF[11]_inst       |    <0.001 |
|   Ldiff_UU_del_1_IBUF[12]_inst       |    <0.001 |
|   Ldiff_UU_del_1_IBUF[13]_inst       |    <0.001 |
|   Ldiff_UU_del_1_IBUF[14]_inst       |    <0.001 |
|   Ldiff_UU_del_1_IBUF[15]_inst       |    <0.001 |
|   Ldiff_UU_del_1_IBUF[16]_inst       |    <0.001 |
|   Ldiff_UU_del_1_IBUF[17]_inst       |    <0.001 |
|   Ldiff_UU_del_1_IBUF[18]_inst       |    <0.001 |
|   Ldiff_UU_del_1_IBUF[19]_inst       |    <0.001 |
|   Ldiff_UU_del_1_IBUF[1]_inst        |    <0.001 |
|   Ldiff_UU_del_1_IBUF[20]_inst       |    <0.001 |
|   Ldiff_UU_del_1_IBUF[21]_inst       |    <0.001 |
|   Ldiff_UU_del_1_IBUF[22]_inst       |    <0.001 |
|   Ldiff_UU_del_1_IBUF[23]_inst       |    <0.001 |
|   Ldiff_UU_del_1_IBUF[24]_inst       |    <0.001 |
|   Ldiff_UU_del_1_IBUF[25]_inst       |    <0.001 |
|   Ldiff_UU_del_1_IBUF[26]_inst       |    <0.001 |
|   Ldiff_UU_del_1_IBUF[27]_inst       |    <0.001 |
|   Ldiff_UU_del_1_IBUF[28]_inst       |    <0.001 |
|   Ldiff_UU_del_1_IBUF[29]_inst       |    <0.001 |
|   Ldiff_UU_del_1_IBUF[2]_inst        |    <0.001 |
|   Ldiff_UU_del_1_IBUF[30]_inst       |    <0.001 |
|   Ldiff_UU_del_1_IBUF[31]_inst       |    <0.001 |
|   Ldiff_UU_del_1_IBUF[3]_inst        |    <0.001 |
|   Ldiff_UU_del_1_IBUF[4]_inst        |    <0.001 |
|   Ldiff_UU_del_1_IBUF[5]_inst        |    <0.001 |
|   Ldiff_UU_del_1_IBUF[6]_inst        |    <0.001 |
|   Ldiff_UU_del_1_IBUF[7]_inst        |    <0.001 |
|   Ldiff_UU_del_1_IBUF[8]_inst        |    <0.001 |
|   Ldiff_UU_del_1_IBUF[9]_inst        |    <0.001 |
|   Ldiff_UV_del_1_IBUF[0]_inst        |    <0.001 |
|   Ldiff_UV_del_1_IBUF[10]_inst       |    <0.001 |
|   Ldiff_UV_del_1_IBUF[11]_inst       |    <0.001 |
|   Ldiff_UV_del_1_IBUF[12]_inst       |    <0.001 |
|   Ldiff_UV_del_1_IBUF[13]_inst       |    <0.001 |
|   Ldiff_UV_del_1_IBUF[14]_inst       |    <0.001 |
|   Ldiff_UV_del_1_IBUF[15]_inst       |    <0.001 |
|   Ldiff_UV_del_1_IBUF[16]_inst       |    <0.001 |
|   Ldiff_UV_del_1_IBUF[17]_inst       |    <0.001 |
|   Ldiff_UV_del_1_IBUF[18]_inst       |    <0.001 |
|   Ldiff_UV_del_1_IBUF[19]_inst       |    <0.001 |
|   Ldiff_UV_del_1_IBUF[1]_inst        |    <0.001 |
|   Ldiff_UV_del_1_IBUF[20]_inst       |    <0.001 |
|   Ldiff_UV_del_1_IBUF[21]_inst       |    <0.001 |
|   Ldiff_UV_del_1_IBUF[22]_inst       |    <0.001 |
|   Ldiff_UV_del_1_IBUF[23]_inst       |    <0.001 |
|   Ldiff_UV_del_1_IBUF[24]_inst       |    <0.001 |
|   Ldiff_UV_del_1_IBUF[25]_inst       |    <0.001 |
|   Ldiff_UV_del_1_IBUF[26]_inst       |    <0.001 |
|   Ldiff_UV_del_1_IBUF[27]_inst       |    <0.001 |
|   Ldiff_UV_del_1_IBUF[28]_inst       |    <0.001 |
|   Ldiff_UV_del_1_IBUF[29]_inst       |    <0.001 |
|   Ldiff_UV_del_1_IBUF[2]_inst        |    <0.001 |
|   Ldiff_UV_del_1_IBUF[30]_inst       |    <0.001 |
|   Ldiff_UV_del_1_IBUF[31]_inst       |    <0.001 |
|   Ldiff_UV_del_1_IBUF[3]_inst        |    <0.001 |
|   Ldiff_UV_del_1_IBUF[4]_inst        |    <0.001 |
|   Ldiff_UV_del_1_IBUF[5]_inst        |    <0.001 |
|   Ldiff_UV_del_1_IBUF[6]_inst        |    <0.001 |
|   Ldiff_UV_del_1_IBUF[7]_inst        |    <0.001 |
|   Ldiff_UV_del_1_IBUF[8]_inst        |    <0.001 |
|   Ldiff_UV_del_1_IBUF[9]_inst        |    <0.001 |
|   Ldiff_UW_del_1_IBUF[0]_inst        |    <0.001 |
|   Ldiff_UW_del_1_IBUF[10]_inst       |    <0.001 |
|   Ldiff_UW_del_1_IBUF[11]_inst       |    <0.001 |
|   Ldiff_UW_del_1_IBUF[12]_inst       |    <0.001 |
|   Ldiff_UW_del_1_IBUF[13]_inst       |    <0.001 |
|   Ldiff_UW_del_1_IBUF[14]_inst       |    <0.001 |
|   Ldiff_UW_del_1_IBUF[15]_inst       |    <0.001 |
|   Ldiff_UW_del_1_IBUF[16]_inst       |    <0.001 |
|   Ldiff_UW_del_1_IBUF[17]_inst       |    <0.001 |
|   Ldiff_UW_del_1_IBUF[18]_inst       |    <0.001 |
|   Ldiff_UW_del_1_IBUF[19]_inst       |    <0.001 |
|   Ldiff_UW_del_1_IBUF[1]_inst        |    <0.001 |
|   Ldiff_UW_del_1_IBUF[20]_inst       |    <0.001 |
|   Ldiff_UW_del_1_IBUF[21]_inst       |    <0.001 |
|   Ldiff_UW_del_1_IBUF[22]_inst       |    <0.001 |
|   Ldiff_UW_del_1_IBUF[23]_inst       |    <0.001 |
|   Ldiff_UW_del_1_IBUF[24]_inst       |    <0.001 |
|   Ldiff_UW_del_1_IBUF[25]_inst       |    <0.001 |
|   Ldiff_UW_del_1_IBUF[26]_inst       |    <0.001 |
|   Ldiff_UW_del_1_IBUF[27]_inst       |    <0.001 |
|   Ldiff_UW_del_1_IBUF[28]_inst       |    <0.001 |
|   Ldiff_UW_del_1_IBUF[29]_inst       |    <0.001 |
|   Ldiff_UW_del_1_IBUF[2]_inst        |    <0.001 |
|   Ldiff_UW_del_1_IBUF[30]_inst       |    <0.001 |
|   Ldiff_UW_del_1_IBUF[31]_inst       |    <0.001 |
|   Ldiff_UW_del_1_IBUF[3]_inst        |    <0.001 |
|   Ldiff_UW_del_1_IBUF[4]_inst        |    <0.001 |
|   Ldiff_UW_del_1_IBUF[5]_inst        |    <0.001 |
|   Ldiff_UW_del_1_IBUF[6]_inst        |    <0.001 |
|   Ldiff_UW_del_1_IBUF[7]_inst        |    <0.001 |
|   Ldiff_UW_del_1_IBUF[8]_inst        |    <0.001 |
|   Ldiff_UW_del_1_IBUF[9]_inst        |    <0.001 |
|   Ldiff_VU_del_1_IBUF[0]_inst        |    <0.001 |
|   Ldiff_VU_del_1_IBUF[10]_inst       |    <0.001 |
|   Ldiff_VU_del_1_IBUF[11]_inst       |    <0.001 |
|   Ldiff_VU_del_1_IBUF[12]_inst       |    <0.001 |
|   Ldiff_VU_del_1_IBUF[13]_inst       |    <0.001 |
|   Ldiff_VU_del_1_IBUF[14]_inst       |    <0.001 |
|   Ldiff_VU_del_1_IBUF[15]_inst       |    <0.001 |
|   Ldiff_VU_del_1_IBUF[16]_inst       |    <0.001 |
|   Ldiff_VU_del_1_IBUF[17]_inst       |    <0.001 |
|   Ldiff_VU_del_1_IBUF[18]_inst       |    <0.001 |
|   Ldiff_VU_del_1_IBUF[19]_inst       |    <0.001 |
|   Ldiff_VU_del_1_IBUF[1]_inst        |    <0.001 |
|   Ldiff_VU_del_1_IBUF[20]_inst       |    <0.001 |
|   Ldiff_VU_del_1_IBUF[21]_inst       |    <0.001 |
|   Ldiff_VU_del_1_IBUF[22]_inst       |    <0.001 |
|   Ldiff_VU_del_1_IBUF[23]_inst       |    <0.001 |
|   Ldiff_VU_del_1_IBUF[24]_inst       |    <0.001 |
|   Ldiff_VU_del_1_IBUF[25]_inst       |    <0.001 |
|   Ldiff_VU_del_1_IBUF[26]_inst       |    <0.001 |
|   Ldiff_VU_del_1_IBUF[27]_inst       |    <0.001 |
|   Ldiff_VU_del_1_IBUF[28]_inst       |    <0.001 |
|   Ldiff_VU_del_1_IBUF[29]_inst       |    <0.001 |
|   Ldiff_VU_del_1_IBUF[2]_inst        |    <0.001 |
|   Ldiff_VU_del_1_IBUF[30]_inst       |    <0.001 |
|   Ldiff_VU_del_1_IBUF[31]_inst       |    <0.001 |
|   Ldiff_VU_del_1_IBUF[3]_inst        |    <0.001 |
|   Ldiff_VU_del_1_IBUF[4]_inst        |    <0.001 |
|   Ldiff_VU_del_1_IBUF[5]_inst        |    <0.001 |
|   Ldiff_VU_del_1_IBUF[6]_inst        |    <0.001 |
|   Ldiff_VU_del_1_IBUF[7]_inst        |    <0.001 |
|   Ldiff_VU_del_1_IBUF[8]_inst        |    <0.001 |
|   Ldiff_VU_del_1_IBUF[9]_inst        |    <0.001 |
|   Ldiff_VV_del_1_IBUF[0]_inst        |    <0.001 |
|   Ldiff_VV_del_1_IBUF[10]_inst       |    <0.001 |
|   Ldiff_VV_del_1_IBUF[11]_inst       |    <0.001 |
|   Ldiff_VV_del_1_IBUF[12]_inst       |    <0.001 |
|   Ldiff_VV_del_1_IBUF[13]_inst       |    <0.001 |
|   Ldiff_VV_del_1_IBUF[14]_inst       |    <0.001 |
|   Ldiff_VV_del_1_IBUF[15]_inst       |    <0.001 |
|   Ldiff_VV_del_1_IBUF[16]_inst       |    <0.001 |
|   Ldiff_VV_del_1_IBUF[17]_inst       |    <0.001 |
|   Ldiff_VV_del_1_IBUF[18]_inst       |    <0.001 |
|   Ldiff_VV_del_1_IBUF[19]_inst       |    <0.001 |
|   Ldiff_VV_del_1_IBUF[1]_inst        |    <0.001 |
|   Ldiff_VV_del_1_IBUF[20]_inst       |    <0.001 |
|   Ldiff_VV_del_1_IBUF[21]_inst       |    <0.001 |
|   Ldiff_VV_del_1_IBUF[22]_inst       |    <0.001 |
|   Ldiff_VV_del_1_IBUF[23]_inst       |    <0.001 |
|   Ldiff_VV_del_1_IBUF[24]_inst       |    <0.001 |
|   Ldiff_VV_del_1_IBUF[25]_inst       |    <0.001 |
|   Ldiff_VV_del_1_IBUF[26]_inst       |    <0.001 |
|   Ldiff_VV_del_1_IBUF[27]_inst       |    <0.001 |
|   Ldiff_VV_del_1_IBUF[28]_inst       |    <0.001 |
|   Ldiff_VV_del_1_IBUF[29]_inst       |    <0.001 |
|   Ldiff_VV_del_1_IBUF[2]_inst        |    <0.001 |
|   Ldiff_VV_del_1_IBUF[30]_inst       |    <0.001 |
|   Ldiff_VV_del_1_IBUF[31]_inst       |    <0.001 |
|   Ldiff_VV_del_1_IBUF[3]_inst        |    <0.001 |
|   Ldiff_VV_del_1_IBUF[4]_inst        |    <0.001 |
|   Ldiff_VV_del_1_IBUF[5]_inst        |    <0.001 |
|   Ldiff_VV_del_1_IBUF[6]_inst        |    <0.001 |
|   Ldiff_VV_del_1_IBUF[7]_inst        |    <0.001 |
|   Ldiff_VV_del_1_IBUF[8]_inst        |    <0.001 |
|   Ldiff_VV_del_1_IBUF[9]_inst        |    <0.001 |
|   Ldiff_VW_del_1_IBUF[0]_inst        |    <0.001 |
|   Ldiff_VW_del_1_IBUF[10]_inst       |    <0.001 |
|   Ldiff_VW_del_1_IBUF[11]_inst       |    <0.001 |
|   Ldiff_VW_del_1_IBUF[12]_inst       |    <0.001 |
|   Ldiff_VW_del_1_IBUF[13]_inst       |    <0.001 |
|   Ldiff_VW_del_1_IBUF[14]_inst       |    <0.001 |
|   Ldiff_VW_del_1_IBUF[15]_inst       |    <0.001 |
|   Ldiff_VW_del_1_IBUF[16]_inst       |    <0.001 |
|   Ldiff_VW_del_1_IBUF[17]_inst       |    <0.001 |
|   Ldiff_VW_del_1_IBUF[18]_inst       |    <0.001 |
|   Ldiff_VW_del_1_IBUF[19]_inst       |    <0.001 |
|   Ldiff_VW_del_1_IBUF[1]_inst        |    <0.001 |
|   Ldiff_VW_del_1_IBUF[20]_inst       |    <0.001 |
|   Ldiff_VW_del_1_IBUF[21]_inst       |    <0.001 |
|   Ldiff_VW_del_1_IBUF[22]_inst       |    <0.001 |
|   Ldiff_VW_del_1_IBUF[23]_inst       |    <0.001 |
|   Ldiff_VW_del_1_IBUF[24]_inst       |    <0.001 |
|   Ldiff_VW_del_1_IBUF[25]_inst       |    <0.001 |
|   Ldiff_VW_del_1_IBUF[26]_inst       |    <0.001 |
|   Ldiff_VW_del_1_IBUF[27]_inst       |    <0.001 |
|   Ldiff_VW_del_1_IBUF[28]_inst       |    <0.001 |
|   Ldiff_VW_del_1_IBUF[29]_inst       |    <0.001 |
|   Ldiff_VW_del_1_IBUF[2]_inst        |    <0.001 |
|   Ldiff_VW_del_1_IBUF[30]_inst       |    <0.001 |
|   Ldiff_VW_del_1_IBUF[31]_inst       |    <0.001 |
|   Ldiff_VW_del_1_IBUF[3]_inst        |    <0.001 |
|   Ldiff_VW_del_1_IBUF[4]_inst        |    <0.001 |
|   Ldiff_VW_del_1_IBUF[5]_inst        |    <0.001 |
|   Ldiff_VW_del_1_IBUF[6]_inst        |    <0.001 |
|   Ldiff_VW_del_1_IBUF[7]_inst        |    <0.001 |
|   Ldiff_VW_del_1_IBUF[8]_inst        |    <0.001 |
|   Ldiff_VW_del_1_IBUF[9]_inst        |    <0.001 |
|   Ldiff_WU_del_1_IBUF[0]_inst        |    <0.001 |
|   Ldiff_WU_del_1_IBUF[10]_inst       |    <0.001 |
|   Ldiff_WU_del_1_IBUF[11]_inst       |    <0.001 |
|   Ldiff_WU_del_1_IBUF[12]_inst       |    <0.001 |
|   Ldiff_WU_del_1_IBUF[13]_inst       |    <0.001 |
|   Ldiff_WU_del_1_IBUF[14]_inst       |    <0.001 |
|   Ldiff_WU_del_1_IBUF[15]_inst       |    <0.001 |
|   Ldiff_WU_del_1_IBUF[16]_inst       |    <0.001 |
|   Ldiff_WU_del_1_IBUF[17]_inst       |    <0.001 |
|   Ldiff_WU_del_1_IBUF[18]_inst       |    <0.001 |
|   Ldiff_WU_del_1_IBUF[19]_inst       |    <0.001 |
|   Ldiff_WU_del_1_IBUF[1]_inst        |    <0.001 |
|   Ldiff_WU_del_1_IBUF[20]_inst       |    <0.001 |
|   Ldiff_WU_del_1_IBUF[21]_inst       |    <0.001 |
|   Ldiff_WU_del_1_IBUF[22]_inst       |    <0.001 |
|   Ldiff_WU_del_1_IBUF[23]_inst       |    <0.001 |
|   Ldiff_WU_del_1_IBUF[24]_inst       |    <0.001 |
|   Ldiff_WU_del_1_IBUF[25]_inst       |    <0.001 |
|   Ldiff_WU_del_1_IBUF[26]_inst       |    <0.001 |
|   Ldiff_WU_del_1_IBUF[27]_inst       |    <0.001 |
|   Ldiff_WU_del_1_IBUF[28]_inst       |    <0.001 |
|   Ldiff_WU_del_1_IBUF[29]_inst       |    <0.001 |
|   Ldiff_WU_del_1_IBUF[2]_inst        |    <0.001 |
|   Ldiff_WU_del_1_IBUF[30]_inst       |    <0.001 |
|   Ldiff_WU_del_1_IBUF[31]_inst       |    <0.001 |
|   Ldiff_WU_del_1_IBUF[3]_inst        |    <0.001 |
|   Ldiff_WU_del_1_IBUF[4]_inst        |    <0.001 |
|   Ldiff_WU_del_1_IBUF[5]_inst        |    <0.001 |
|   Ldiff_WU_del_1_IBUF[6]_inst        |    <0.001 |
|   Ldiff_WU_del_1_IBUF[7]_inst        |    <0.001 |
|   Ldiff_WU_del_1_IBUF[8]_inst        |    <0.001 |
|   Ldiff_WU_del_1_IBUF[9]_inst        |    <0.001 |
|   Ldiff_WV_del_1_IBUF[0]_inst        |    <0.001 |
|   Ldiff_WV_del_1_IBUF[10]_inst       |    <0.001 |
|   Ldiff_WV_del_1_IBUF[11]_inst       |    <0.001 |
|   Ldiff_WV_del_1_IBUF[12]_inst       |    <0.001 |
|   Ldiff_WV_del_1_IBUF[13]_inst       |    <0.001 |
|   Ldiff_WV_del_1_IBUF[14]_inst       |    <0.001 |
|   Ldiff_WV_del_1_IBUF[15]_inst       |    <0.001 |
|   Ldiff_WV_del_1_IBUF[16]_inst       |    <0.001 |
|   Ldiff_WV_del_1_IBUF[17]_inst       |    <0.001 |
|   Ldiff_WV_del_1_IBUF[18]_inst       |    <0.001 |
|   Ldiff_WV_del_1_IBUF[19]_inst       |    <0.001 |
|   Ldiff_WV_del_1_IBUF[1]_inst        |    <0.001 |
|   Ldiff_WV_del_1_IBUF[20]_inst       |    <0.001 |
|   Ldiff_WV_del_1_IBUF[21]_inst       |    <0.001 |
|   Ldiff_WV_del_1_IBUF[22]_inst       |    <0.001 |
|   Ldiff_WV_del_1_IBUF[23]_inst       |    <0.001 |
|   Ldiff_WV_del_1_IBUF[24]_inst       |    <0.001 |
|   Ldiff_WV_del_1_IBUF[25]_inst       |    <0.001 |
|   Ldiff_WV_del_1_IBUF[26]_inst       |    <0.001 |
|   Ldiff_WV_del_1_IBUF[27]_inst       |    <0.001 |
|   Ldiff_WV_del_1_IBUF[28]_inst       |    <0.001 |
|   Ldiff_WV_del_1_IBUF[29]_inst       |    <0.001 |
|   Ldiff_WV_del_1_IBUF[2]_inst        |    <0.001 |
|   Ldiff_WV_del_1_IBUF[30]_inst       |    <0.001 |
|   Ldiff_WV_del_1_IBUF[31]_inst       |    <0.001 |
|   Ldiff_WV_del_1_IBUF[3]_inst        |    <0.001 |
|   Ldiff_WV_del_1_IBUF[4]_inst        |    <0.001 |
|   Ldiff_WV_del_1_IBUF[5]_inst        |    <0.001 |
|   Ldiff_WV_del_1_IBUF[6]_inst        |    <0.001 |
|   Ldiff_WV_del_1_IBUF[7]_inst        |    <0.001 |
|   Ldiff_WV_del_1_IBUF[8]_inst        |    <0.001 |
|   Ldiff_WV_del_1_IBUF[9]_inst        |    <0.001 |
|   Ldiff_WW_del_1_IBUF[0]_inst        |    <0.001 |
|   Ldiff_WW_del_1_IBUF[10]_inst       |    <0.001 |
|   Ldiff_WW_del_1_IBUF[11]_inst       |    <0.001 |
|   Ldiff_WW_del_1_IBUF[12]_inst       |    <0.001 |
|   Ldiff_WW_del_1_IBUF[13]_inst       |    <0.001 |
|   Ldiff_WW_del_1_IBUF[14]_inst       |    <0.001 |
|   Ldiff_WW_del_1_IBUF[15]_inst       |    <0.001 |
|   Ldiff_WW_del_1_IBUF[16]_inst       |    <0.001 |
|   Ldiff_WW_del_1_IBUF[17]_inst       |    <0.001 |
|   Ldiff_WW_del_1_IBUF[18]_inst       |    <0.001 |
|   Ldiff_WW_del_1_IBUF[19]_inst       |    <0.001 |
|   Ldiff_WW_del_1_IBUF[1]_inst        |    <0.001 |
|   Ldiff_WW_del_1_IBUF[20]_inst       |    <0.001 |
|   Ldiff_WW_del_1_IBUF[21]_inst       |    <0.001 |
|   Ldiff_WW_del_1_IBUF[22]_inst       |    <0.001 |
|   Ldiff_WW_del_1_IBUF[23]_inst       |    <0.001 |
|   Ldiff_WW_del_1_IBUF[24]_inst       |    <0.001 |
|   Ldiff_WW_del_1_IBUF[25]_inst       |    <0.001 |
|   Ldiff_WW_del_1_IBUF[26]_inst       |    <0.001 |
|   Ldiff_WW_del_1_IBUF[27]_inst       |    <0.001 |
|   Ldiff_WW_del_1_IBUF[28]_inst       |    <0.001 |
|   Ldiff_WW_del_1_IBUF[29]_inst       |    <0.001 |
|   Ldiff_WW_del_1_IBUF[2]_inst        |    <0.001 |
|   Ldiff_WW_del_1_IBUF[30]_inst       |    <0.001 |
|   Ldiff_WW_del_1_IBUF[31]_inst       |    <0.001 |
|   Ldiff_WW_del_1_IBUF[3]_inst        |    <0.001 |
|   Ldiff_WW_del_1_IBUF[4]_inst        |    <0.001 |
|   Ldiff_WW_del_1_IBUF[5]_inst        |    <0.001 |
|   Ldiff_WW_del_1_IBUF[6]_inst        |    <0.001 |
|   Ldiff_WW_del_1_IBUF[7]_inst        |    <0.001 |
|   Ldiff_WW_del_1_IBUF[8]_inst        |    <0.001 |
|   Ldiff_WW_del_1_IBUF[9]_inst        |    <0.001 |
|   MUX_Add30_impl_0_instance          |     0.018 |
|   MUX_Product108_impl_0_instance     |     0.033 |
|   MUX_Product108_impl_1_instance     |     0.029 |
|   MUX_Product109_impl_0_LUT_instance |     0.020 |
|     instLUT                          |     0.020 |
|   MUX_Product109_impl_0_instance     |     0.035 |
|   MUX_Product109_impl_1_LUT_instance |     0.017 |
|     instLUT                          |     0.017 |
|   MUX_Product109_impl_1_instance     |     0.019 |
|   MUX_Subtract12_impl_0_instance     |     0.005 |
|   MUX_Subtract12_impl_1_instance     |     0.004 |
|   ModCount891_instance               |     0.082 |
|   Product108_impl_instance           |     0.007 |
|     SignificandMultiplication        |     0.005 |
|   Product109_impl_instance           |     0.008 |
|     SignificandMultiplication        |     0.005 |
|   R_U_IBUF[0]_inst                   |    <0.001 |
|   R_U_IBUF[10]_inst                  |    <0.001 |
|   R_U_IBUF[11]_inst                  |    <0.001 |
|   R_U_IBUF[12]_inst                  |    <0.001 |
|   R_U_IBUF[13]_inst                  |    <0.001 |
|   R_U_IBUF[14]_inst                  |    <0.001 |
|   R_U_IBUF[15]_inst                  |    <0.001 |
|   R_U_IBUF[16]_inst                  |    <0.001 |
|   R_U_IBUF[17]_inst                  |    <0.001 |
|   R_U_IBUF[18]_inst                  |    <0.001 |
|   R_U_IBUF[19]_inst                  |    <0.001 |
|   R_U_IBUF[1]_inst                   |    <0.001 |
|   R_U_IBUF[20]_inst                  |    <0.001 |
|   R_U_IBUF[21]_inst                  |    <0.001 |
|   R_U_IBUF[22]_inst                  |    <0.001 |
|   R_U_IBUF[23]_inst                  |    <0.001 |
|   R_U_IBUF[24]_inst                  |    <0.001 |
|   R_U_IBUF[25]_inst                  |    <0.001 |
|   R_U_IBUF[26]_inst                  |    <0.001 |
|   R_U_IBUF[27]_inst                  |    <0.001 |
|   R_U_IBUF[28]_inst                  |    <0.001 |
|   R_U_IBUF[29]_inst                  |    <0.001 |
|   R_U_IBUF[2]_inst                   |    <0.001 |
|   R_U_IBUF[30]_inst                  |    <0.001 |
|   R_U_IBUF[31]_inst                  |    <0.001 |
|   R_U_IBUF[3]_inst                   |    <0.001 |
|   R_U_IBUF[4]_inst                   |    <0.001 |
|   R_U_IBUF[5]_inst                   |    <0.001 |
|   R_U_IBUF[6]_inst                   |    <0.001 |
|   R_U_IBUF[7]_inst                   |    <0.001 |
|   R_U_IBUF[8]_inst                   |    <0.001 |
|   R_U_IBUF[9]_inst                   |    <0.001 |
|   R_V_IBUF[0]_inst                   |    <0.001 |
|   R_V_IBUF[10]_inst                  |    <0.001 |
|   R_V_IBUF[11]_inst                  |    <0.001 |
|   R_V_IBUF[12]_inst                  |    <0.001 |
|   R_V_IBUF[13]_inst                  |    <0.001 |
|   R_V_IBUF[14]_inst                  |    <0.001 |
|   R_V_IBUF[15]_inst                  |    <0.001 |
|   R_V_IBUF[16]_inst                  |    <0.001 |
|   R_V_IBUF[17]_inst                  |    <0.001 |
|   R_V_IBUF[18]_inst                  |    <0.001 |
|   R_V_IBUF[19]_inst                  |    <0.001 |
|   R_V_IBUF[1]_inst                   |    <0.001 |
|   R_V_IBUF[20]_inst                  |    <0.001 |
|   R_V_IBUF[21]_inst                  |    <0.001 |
|   R_V_IBUF[22]_inst                  |    <0.001 |
|   R_V_IBUF[23]_inst                  |    <0.001 |
|   R_V_IBUF[24]_inst                  |    <0.001 |
|   R_V_IBUF[25]_inst                  |    <0.001 |
|   R_V_IBUF[26]_inst                  |    <0.001 |
|   R_V_IBUF[27]_inst                  |    <0.001 |
|   R_V_IBUF[28]_inst                  |    <0.001 |
|   R_V_IBUF[29]_inst                  |    <0.001 |
|   R_V_IBUF[2]_inst                   |    <0.001 |
|   R_V_IBUF[30]_inst                  |    <0.001 |
|   R_V_IBUF[31]_inst                  |    <0.001 |
|   R_V_IBUF[3]_inst                   |    <0.001 |
|   R_V_IBUF[4]_inst                   |    <0.001 |
|   R_V_IBUF[5]_inst                   |    <0.001 |
|   R_V_IBUF[6]_inst                   |    <0.001 |
|   R_V_IBUF[7]_inst                   |    <0.001 |
|   R_V_IBUF[8]_inst                   |    <0.001 |
|   R_V_IBUF[9]_inst                   |    <0.001 |
|   R_W_IBUF[0]_inst                   |    <0.001 |
|   R_W_IBUF[10]_inst                  |    <0.001 |
|   R_W_IBUF[11]_inst                  |    <0.001 |
|   R_W_IBUF[12]_inst                  |    <0.001 |
|   R_W_IBUF[13]_inst                  |    <0.001 |
|   R_W_IBUF[14]_inst                  |    <0.001 |
|   R_W_IBUF[15]_inst                  |    <0.001 |
|   R_W_IBUF[16]_inst                  |    <0.001 |
|   R_W_IBUF[17]_inst                  |    <0.001 |
|   R_W_IBUF[18]_inst                  |    <0.001 |
|   R_W_IBUF[19]_inst                  |    <0.001 |
|   R_W_IBUF[1]_inst                   |    <0.001 |
|   R_W_IBUF[20]_inst                  |    <0.001 |
|   R_W_IBUF[21]_inst                  |    <0.001 |
|   R_W_IBUF[22]_inst                  |    <0.001 |
|   R_W_IBUF[23]_inst                  |    <0.001 |
|   R_W_IBUF[24]_inst                  |    <0.001 |
|   R_W_IBUF[25]_inst                  |    <0.001 |
|   R_W_IBUF[26]_inst                  |    <0.001 |
|   R_W_IBUF[27]_inst                  |    <0.001 |
|   R_W_IBUF[28]_inst                  |    <0.001 |
|   R_W_IBUF[29]_inst                  |    <0.001 |
|   R_W_IBUF[2]_inst                   |    <0.001 |
|   R_W_IBUF[30]_inst                  |    <0.001 |
|   R_W_IBUF[31]_inst                  |    <0.001 |
|   R_W_IBUF[3]_inst                   |    <0.001 |
|   R_W_IBUF[4]_inst                   |    <0.001 |
|   R_W_IBUF[5]_inst                   |    <0.001 |
|   R_W_IBUF[6]_inst                   |    <0.001 |
|   R_W_IBUF[7]_inst                   |    <0.001 |
|   R_W_IBUF[8]_inst                   |    <0.001 |
|   R_W_IBUF[9]_inst                   |    <0.001 |
|   SharedReg100_instance              |     0.002 |
|   SharedReg102_instance              |     0.002 |
|   SharedReg103_instance              |     0.002 |
|   SharedReg104_instance              |     0.001 |
|   SharedReg105_instance              |     0.002 |
|   SharedReg106_instance              |     0.001 |
|   SharedReg107_instance              |    <0.001 |
|   SharedReg108_instance              |     0.001 |
|   SharedReg109_instance              |     0.001 |
|   SharedReg10_instance               |     0.002 |
|   SharedReg110_instance              |     0.001 |
|   SharedReg111_instance              |     0.002 |
|   SharedReg112_instance              |     0.001 |
|   SharedReg113_instance              |     0.001 |
|   SharedReg114_instance              |     0.001 |
|   SharedReg115_instance              |     0.001 |
|   SharedReg116_instance              |    <0.001 |
|   SharedReg117_instance              |     0.001 |
|   SharedReg118_instance              |    <0.001 |
|   SharedReg119_instance              |     0.002 |
|   SharedReg11_instance               |     0.002 |
|   SharedReg120_instance              |     0.005 |
|   SharedReg121_instance              |     0.005 |
|   SharedReg122_instance              |     0.005 |
|   SharedReg123_instance              |     0.003 |
|   SharedReg125_instance              |    <0.001 |
|   SharedReg126_instance              |     0.002 |
|   SharedReg127_instance              |     0.001 |
|   SharedReg128_instance              |     0.001 |
|   SharedReg129_instance              |     0.002 |
|   SharedReg12_instance               |     0.001 |
|   SharedReg130_instance              |     0.001 |
|   SharedReg131_instance              |     0.002 |
|   SharedReg132_instance              |     0.001 |
|   SharedReg133_instance              |     0.001 |
|   SharedReg134_instance              |     0.002 |
|   SharedReg135_instance              |     0.001 |
|   SharedReg136_instance              |     0.001 |
|   SharedReg137_instance              |     0.001 |
|   SharedReg138_instance              |     0.002 |
|   SharedReg139_instance              |     0.003 |
|   SharedReg13_instance               |    <0.001 |
|   SharedReg140_instance              |     0.001 |
|   SharedReg141_instance              |     0.004 |
|   SharedReg142_instance              |     0.004 |
|   SharedReg143_instance              |     0.002 |
|   SharedReg144_instance              |    <0.001 |
|   SharedReg145_instance              |     0.001 |
|   SharedReg146_instance              |     0.002 |
|   SharedReg147_instance              |    <0.001 |
|   SharedReg148_instance              |     0.002 |
|   SharedReg149_instance              |     0.002 |
|   SharedReg14_instance               |     0.002 |
|   SharedReg150_instance              |     0.002 |
|   SharedReg151_instance              |     0.003 |
|   SharedReg152_instance              |     0.004 |
|   SharedReg153_instance              |     0.001 |
|   SharedReg154_instance              |    <0.001 |
|   SharedReg155_instance              |     0.002 |
|   SharedReg156_instance              |     0.001 |
|   SharedReg157_instance              |    <0.001 |
|   SharedReg158_instance              |     0.001 |
|   SharedReg159_instance              |    <0.001 |
|   SharedReg15_instance               |     0.002 |
|   SharedReg160_instance              |     0.002 |
|   SharedReg161_instance              |     0.004 |
|   SharedReg162_instance              |     0.002 |
|   SharedReg163_instance              |     0.002 |
|   SharedReg164_instance              |     0.002 |
|   SharedReg165_instance              |     0.004 |
|   SharedReg166_instance              |    <0.001 |
|   SharedReg167_instance              |     0.004 |
|   SharedReg168_instance              |    <0.001 |
|   SharedReg169_instance              |    <0.001 |
|   SharedReg16_instance               |     0.002 |
|   SharedReg170_instance              |     0.002 |
|   SharedReg171_instance              |    <0.001 |
|   SharedReg172_instance              |     0.004 |
|   SharedReg173_instance              |     0.002 |
|   SharedReg174_instance              |     0.001 |
|   SharedReg175_instance              |     0.001 |
|   SharedReg176_instance              |     0.001 |
|   SharedReg177_instance              |     0.001 |
|   SharedReg178_instance              |    <0.001 |
|   SharedReg179_instance              |    <0.001 |
|   SharedReg17_instance               |     0.002 |
|   SharedReg180_instance              |    <0.001 |
|   SharedReg181_instance              |    <0.001 |
|   SharedReg182_instance              |    <0.001 |
|   SharedReg183_instance              |    <0.001 |
|   SharedReg184_instance              |    <0.001 |
|   SharedReg185_instance              |    <0.001 |
|   SharedReg186_instance              |    <0.001 |
|   SharedReg187_instance              |    <0.001 |
|   SharedReg188_instance              |    <0.001 |
|   SharedReg189_instance              |    <0.001 |
|   SharedReg18_instance               |    <0.001 |
|   SharedReg190_instance              |    <0.001 |
|   SharedReg191_instance              |    <0.001 |
|   SharedReg192_instance              |    <0.001 |
|   SharedReg193_instance              |    <0.001 |
|   SharedReg194_instance              |    <0.001 |
|   SharedReg195_instance              |    <0.001 |
|   SharedReg196_instance              |    <0.001 |
|   SharedReg197_instance              |    <0.001 |
|   SharedReg198_instance              |    <0.001 |
|   SharedReg199_instance              |    <0.001 |
|   SharedReg19_instance               |     0.002 |
|   SharedReg1_instance                |    <0.001 |
|   SharedReg200_instance              |    <0.001 |
|   SharedReg201_instance              |    <0.001 |
|   SharedReg202_instance              |    <0.001 |
|   SharedReg203_instance              |    <0.001 |
|   SharedReg204_instance              |    <0.001 |
|   SharedReg205_instance              |    <0.001 |
|   SharedReg206_instance              |    <0.001 |
|   SharedReg207_instance              |    <0.001 |
|   SharedReg208_instance              |    <0.001 |
|   SharedReg209_instance              |    <0.001 |
|   SharedReg20_instance               |     0.002 |
|   SharedReg210_instance              |    <0.001 |
|   SharedReg211_instance              |    <0.001 |
|   SharedReg212_instance              |    <0.001 |
|   SharedReg213_instance              |    <0.001 |
|   SharedReg214_instance              |    <0.001 |
|   SharedReg215_instance              |    <0.001 |
|   SharedReg216_instance              |    <0.001 |
|   SharedReg217_instance              |    <0.001 |
|   SharedReg218_instance              |    <0.001 |
|   SharedReg219_instance              |    <0.001 |
|   SharedReg21_instance               |     0.002 |
|   SharedReg220_instance              |    <0.001 |
|   SharedReg221_instance              |    <0.001 |
|   SharedReg222_instance              |    <0.001 |
|   SharedReg223_instance              |    <0.001 |
|   SharedReg224_instance              |    <0.001 |
|   SharedReg225_instance              |    <0.001 |
|   SharedReg226_instance              |    <0.001 |
|   SharedReg227_instance              |    <0.001 |
|   SharedReg228_instance              |    <0.001 |
|   SharedReg229_instance              |    <0.001 |
|   SharedReg22_instance               |     0.001 |
|   SharedReg230_instance              |    <0.001 |
|   SharedReg231_instance              |    <0.001 |
|   SharedReg232_instance              |    <0.001 |
|   SharedReg233_instance              |    <0.001 |
|   SharedReg234_instance              |    <0.001 |
|   SharedReg235_instance              |    <0.001 |
|   SharedReg236_instance              |    <0.001 |
|   SharedReg237_instance              |    <0.001 |
|   SharedReg238_instance              |    <0.001 |
|   SharedReg239_instance              |    <0.001 |
|   SharedReg23_instance               |     0.002 |
|   SharedReg240_instance              |    <0.001 |
|   SharedReg241_instance              |    <0.001 |
|   SharedReg242_instance              |    <0.001 |
|   SharedReg243_instance              |    <0.001 |
|   SharedReg244_instance              |    <0.001 |
|   SharedReg245_instance              |    <0.001 |
|   SharedReg246_instance              |    <0.001 |
|   SharedReg24_instance               |     0.002 |
|   SharedReg25_instance               |    <0.001 |
|   SharedReg26_instance               |     0.002 |
|   SharedReg27_instance               |     0.002 |
|   SharedReg28_instance               |     0.002 |
|   SharedReg29_instance               |     0.002 |
|   SharedReg2_instance                |    <0.001 |
|   SharedReg30_instance               |     0.002 |
|   SharedReg31_instance               |     0.002 |
|   SharedReg32_instance               |     0.002 |
|   SharedReg33_instance               |     0.002 |
|   SharedReg34_instance               |    <0.001 |
|   SharedReg35_instance               |    <0.001 |
|   SharedReg36_instance               |    <0.001 |
|   SharedReg37_instance               |     0.002 |
|   SharedReg38_instance               |     0.002 |
|   SharedReg39_instance               |     0.002 |
|   SharedReg3_instance                |     0.002 |
|   SharedReg40_instance               |     0.002 |
|   SharedReg41_instance               |     0.002 |
|   SharedReg42_instance               |     0.001 |
|   SharedReg43_instance               |     0.002 |
|   SharedReg44_instance               |    <0.001 |
|   SharedReg45_instance               |    <0.001 |
|   SharedReg46_instance               |     0.002 |
|   SharedReg47_instance               |    <0.001 |
|   SharedReg48_instance               |     0.001 |
|   SharedReg49_instance               |     0.002 |
|   SharedReg4_instance                |     0.002 |
|   SharedReg50_instance               |     0.002 |
|   SharedReg51_instance               |    <0.001 |
|   SharedReg52_instance               |     0.002 |
|   SharedReg53_instance               |     0.002 |
|   SharedReg54_instance               |     0.002 |
|   SharedReg55_instance               |    <0.001 |
|   SharedReg56_instance               |     0.002 |
|   SharedReg57_instance               |     0.002 |
|   SharedReg58_instance               |     0.002 |
|   SharedReg59_instance               |     0.002 |
|   SharedReg5_instance                |     0.002 |
|   SharedReg60_instance               |     0.002 |
|   SharedReg61_instance               |    <0.001 |
|   SharedReg62_instance               |    <0.001 |
|   SharedReg63_instance               |     0.003 |
|   SharedReg66_instance               |     0.002 |
|   SharedReg68_instance               |     0.001 |
|   SharedReg69_instance               |     0.001 |
|   SharedReg6_instance                |     0.002 |
|   SharedReg70_instance               |     0.002 |
|   SharedReg71_instance               |     0.002 |
|   SharedReg72_instance               |     0.001 |
|   SharedReg73_instance               |     0.001 |
|   SharedReg74_instance               |     0.001 |
|   SharedReg75_instance               |     0.002 |
|   SharedReg76_instance               |     0.002 |
|   SharedReg77_instance               |     0.002 |
|   SharedReg78_instance               |     0.002 |
|   SharedReg79_instance               |    <0.001 |
|   SharedReg7_instance                |     0.002 |
|   SharedReg80_instance               |    <0.001 |
|   SharedReg81_instance               |     0.002 |
|   SharedReg82_instance               |    <0.001 |
|   SharedReg83_instance               |     0.002 |
|   SharedReg84_instance               |     0.001 |
|   SharedReg85_instance               |     0.002 |
|   SharedReg86_instance               |     0.001 |
|   SharedReg87_instance               |     0.001 |
|   SharedReg88_instance               |     0.003 |
|   SharedReg89_instance               |     0.001 |
|   SharedReg8_instance                |     0.002 |
|   SharedReg90_instance               |     0.002 |
|   SharedReg91_instance               |     0.002 |
|   SharedReg92_instance               |     0.002 |
|   SharedReg93_instance               |     0.005 |
|   SharedReg94_instance               |     0.005 |
|   SharedReg95_instance               |     0.005 |
|   SharedReg96_instance               |     0.005 |
|   SharedReg97_instance               |     0.004 |
|   SharedReg9_instance                |     0.002 |
|   SharedReg_instance                 |     0.003 |
|   Subtract12_impl_instance           |     0.008 |
|     FPAddSubOp_instance              |     0.008 |
|       LZC_component                  |     0.004 |
|       fracAdder                      |     0.001 |
|   clk_IBUF_inst                      |    <0.001 |
|   rst_IBUF_inst                      |    <0.001 |
+--------------------------------------+-----------+


