Copyright 1986-2018 Xilinx, Inc. All Rights Reserved.
-----------------------------------------------------------------------------------------------------------------------------------------------------------------------------------------------
| Tool Version      : Vivado v.2018.1 (lin64) Build 2188600 Wed Apr  4 18:39:19 MDT 2018
| Date              : Tue Dec  8 03:50:15 2020
| Host              : animal.digi.e-technik.uni-kassel.de running 64-bit CentOS Linux release 7.8.2003 (Core)
| Command           : report_timing -file /home/nfiege/Repositories/origami/vhdl/ratII/synth/fir_SAM/NonUniformILP/fir_SAM_NonUniformILP_44_ultrascale2_250/implementedSystem_timing_synth.rpt
| Design            : implementedSystem_toplevel
| Device            : xcvu13p-fhga2104
| Speed File        : -2  PRODUCTION 1.19 03-17-2018
| Temperature Grade : E
-----------------------------------------------------------------------------------------------------------------------------------------------------------------------------------------------

Timing Report

Slack (MET) :             0.257ns  (required time - arrival time)
  Source:                 Delay1No32_instance/Y_reg[8]/C
                            (rising edge-triggered cell FDCE clocked by clk  {rise@0.000ns fall@2.000ns period=4.000ns})
  Destination:            Sum12_1_impl_instance/FPAddSubOp_instance/shiftedFracY_d1_reg[5]/D
                            (rising edge-triggered cell FDRE clocked by clk  {rise@0.000ns fall@2.000ns period=4.000ns})
  Path Group:             clk
  Path Type:              Setup (Max at Slow Process Corner)
  Requirement:            4.000ns  (clk rise@4.000ns - clk rise@0.000ns)
  Data Path Delay:        3.470ns  (logic 0.941ns (27.118%)  route 2.529ns (72.882%))
  Logic Levels:           9  (CARRY8=3 LUT4=1 LUT5=3 LUT6=2)
  Clock Path Skew:        -0.263ns (DCD - SCD + CPR)
    Destination Clock Delay (DCD):    2.757ns = ( 6.757 - 4.000 ) 
    Source Clock Delay      (SCD):    3.422ns
    Clock Pessimism Removal (CPR):    0.402ns
  Clock Uncertainty:      0.035ns  ((TSJ^2 + TIJ^2)^1/2 + DJ) / 2 + PE
    Total System Jitter     (TSJ):    0.071ns
    Total Input Jitter      (TIJ):    0.000ns
    Discrete Jitter          (DJ):    0.000ns
    Phase Error              (PE):    0.000ns
  Clock Net Delay (Source):      2.471ns (routing 1.167ns, distribution 1.304ns)
  Clock Net Delay (Destination): 2.097ns (routing 1.060ns, distribution 1.037ns)

    Location             Delay type                Incr(ns)  Path(ns)    Netlist Resource(s)
  -------------------------------------------------------------------    -------------------
                         (clock clk rise edge)        0.000     0.000 r  
    AU14                                              0.000     0.000 r  clk (IN)
                         net (fo=0)                   0.000     0.000    clk_IBUF_inst/I
    AU14                 INBUF (Prop_INBUF_HPIOB_M_PAD_O)
                                                      0.600     0.600 r  clk_IBUF_inst/INBUF_INST/O
                         net (fo=1, routed)           0.000     0.600    clk_IBUF_inst/OUT
    AU14                 IBUFCTRL (Prop_IBUFCTRL_HPIOB_M_I_O)
                                                      0.000     0.600 r  clk_IBUF_inst/IBUFCTRL_INST/O
                         net (fo=1, routed)           0.323     0.923    clk_IBUF
    BUFGCE_X0Y170        BUFGCE (Prop_BUFCE_BUFGCE_I_O)
                                                      0.028     0.951 r  clk_IBUF_BUFG_inst/O
    X3Y5 (CLOCK_ROOT)    net (fo=74186, routed)       2.471     3.422    Delay1No32_instance/clk_IBUF_BUFG
    SLICE_X89Y290        FDCE                                         r  Delay1No32_instance/Y_reg[8]/C
  -------------------------------------------------------------------    -------------------
    SLICE_X89Y290        FDCE (Prop_BFF_SLICEL_C_Q)
                                                      0.079     3.501 r  Delay1No32_instance/Y_reg[8]/Q
                         net (fo=4, routed)           0.833     4.334    Delay1No32_instance/Q[8]
    SLICE_X105Y304       LUT4 (Prop_E6LUT_SLICEL_I0_O)
                                                      0.090     4.424 r  Delay1No32_instance/geqOp_carry_i_12/O
                         net (fo=1, routed)           0.007     4.431    Sum12_1_impl_instance/FPAddSubOp_instance/S[4]
    SLICE_X105Y304       CARRY8 (Prop_CARRY8_SLICEL_S[4]_CO[7])
                                                      0.153     4.584 r  Sum12_1_impl_instance/FPAddSubOp_instance/geqOp_carry/CO[7]
                         net (fo=1, routed)           0.026     4.610    Sum12_1_impl_instance/FPAddSubOp_instance/geqOp_carry_n_0
    SLICE_X105Y305       CARRY8 (Prop_CARRY8_SLICEL_CI_CO[7])
                                                      0.015     4.625 r  Sum12_1_impl_instance/FPAddSubOp_instance/geqOp_carry__0/CO[7]
                         net (fo=1, routed)           0.026     4.651    Sum12_1_impl_instance/FPAddSubOp_instance/geqOp_carry__0_n_0
    SLICE_X105Y306       CARRY8 (Prop_CARRY8_SLICEL_CI_CO[0])
                                                      0.052     4.703 r  Sum12_1_impl_instance/FPAddSubOp_instance/geqOp_carry__1/CO[0]
                         net (fo=72, routed)          0.179     4.882    Delay1No33_instance/CO[0]
    SLICE_X105Y307       LUT5 (Prop_A5LUT_SLICEL_I4_O)
                                                      0.161     5.043 f  Delay1No33_instance/shiftedFracY_d1[12]_i_4/O
                         net (fo=3, routed)           0.199     5.242    Delay1No32_instance/Y_reg[23]_0[0]
    SLICE_X105Y306       LUT6 (Prop_H6LUT_SLICEL_I2_O)
                                                      0.150     5.392 f  Delay1No32_instance/shiftedFracY_d1[32]_i_9/O
                         net (fo=3, routed)           0.051     5.443    Delay1No32_instance/shiftedFracY_d1[32]_i_9_n_0
    SLICE_X105Y306       LUT5 (Prop_E6LUT_SLICEL_I4_O)
                                                      0.090     5.533 r  Delay1No32_instance/shiftedFracY_d1[45]_i_4/O
                         net (fo=31, routed)          0.451     5.984    Delay1No33_instance/Y_reg[23]_0
    SLICE_X102Y302       LUT6 (Prop_G6LUT_SLICEM_I4_O)
                                                      0.052     6.036 r  Delay1No33_instance/shiftedFracY_d1[17]_i_3/O
                         net (fo=5, routed)           0.372     6.408    Delay1No33_instance/shiftedFracY_d1_reg[38][4]
    SLICE_X103Y308       LUT5 (Prop_E6LUT_SLICEL_I1_O)
                                                      0.099     6.507 r  Delay1No33_instance/shiftedFracY_d1[5]_i_1/O
                         net (fo=2, routed)           0.385     6.892    Sum12_1_impl_instance/FPAddSubOp_instance/level4[5]
    SLICE_X102Y306       FDRE                                         r  Sum12_1_impl_instance/FPAddSubOp_instance/shiftedFracY_d1_reg[5]/D
  -------------------------------------------------------------------    -------------------

                         (clock clk rise edge)        4.000     4.000 r  
    AU14                                              0.000     4.000 r  clk (IN)
                         net (fo=0)                   0.000     4.000    clk_IBUF_inst/I
    AU14                 INBUF (Prop_INBUF_HPIOB_M_PAD_O)
                                                      0.349     4.349 r  clk_IBUF_inst/INBUF_INST/O
                         net (fo=1, routed)           0.000     4.349    clk_IBUF_inst/OUT
    AU14                 IBUFCTRL (Prop_IBUFCTRL_HPIOB_M_I_O)
                                                      0.000     4.349 r  clk_IBUF_inst/IBUFCTRL_INST/O
                         net (fo=1, routed)           0.287     4.636    clk_IBUF
    BUFGCE_X0Y170        BUFGCE (Prop_BUFCE_BUFGCE_I_O)
                                                      0.024     4.660 r  clk_IBUF_BUFG_inst/O
    X3Y5 (CLOCK_ROOT)    net (fo=74186, routed)       2.097     6.757    Sum12_1_impl_instance/FPAddSubOp_instance/clk
    SLICE_X102Y306       FDRE                                         r  Sum12_1_impl_instance/FPAddSubOp_instance/shiftedFracY_d1_reg[5]/C
                         clock pessimism              0.402     7.159    
                         clock uncertainty           -0.035     7.124    
    SLICE_X102Y306       FDRE (Setup_FFF_SLICEM_C_D)
                                                      0.025     7.149    Sum12_1_impl_instance/FPAddSubOp_instance/shiftedFracY_d1_reg[5]
  -------------------------------------------------------------------
                         required time                          7.149    
                         arrival time                          -6.892    
  -------------------------------------------------------------------
                         slack                                  0.257    




