Copyright 1986-2018 Xilinx, Inc. All Rights Reserved.
-----------------------------------------------------------------------------------------------------------------------------------------------------------------------------------------------
| Tool Version      : Vivado v.2018.1 (lin64) Build 2188600 Wed Apr  4 18:39:19 MDT 2018
| Date              : Tue Dec  8 11:29:36 2020
| Host              : animal.digi.e-technik.uni-kassel.de running 64-bit CentOS Linux release 7.8.2003 (Core)
| Command           : report_timing -file /home/nfiege/Repositories/origami/vhdl/ratII/synth/fir_SAM/NonUniformILP/fir_SAM_NonUniformILP_51_ultrascale2_250/implementedSystem_timing_synth.rpt
| Design            : implementedSystem_toplevel
| Device            : xcvu13p-fhga2104
| Speed File        : -2  PRODUCTION 1.19 03-17-2018
| Temperature Grade : E
-----------------------------------------------------------------------------------------------------------------------------------------------------------------------------------------------

Timing Report

Slack (MET) :             0.356ns  (required time - arrival time)
  Source:                 SharedReg467_instance/s5_reg_c_rep__5/C
                            (rising edge-triggered cell FDCE clocked by clk  {rise@0.000ns fall@2.000ns period=4.000ns})
  Destination:            SharedReg493_instance/Y_reg[29]/D
                            (rising edge-triggered cell FDCE clocked by clk  {rise@0.000ns fall@2.000ns period=4.000ns})
  Path Group:             clk
  Path Type:              Setup (Max at Slow Process Corner)
  Requirement:            4.000ns  (clk rise@4.000ns - clk rise@0.000ns)
  Data Path Delay:        3.491ns  (logic 0.181ns (5.185%)  route 3.310ns (94.815%))
  Logic Levels:           1  (LUT2=1)
  Clock Path Skew:        -0.143ns (DCD - SCD + CPR)
    Destination Clock Delay (DCD):    2.326ns = ( 6.326 - 4.000 ) 
    Source Clock Delay      (SCD):    2.812ns
    Clock Pessimism Removal (CPR):    0.343ns
  Clock Uncertainty:      0.035ns  ((TSJ^2 + TIJ^2)^1/2 + DJ) / 2 + PE
    Total System Jitter     (TSJ):    0.071ns
    Total Input Jitter      (TIJ):    0.000ns
    Discrete Jitter          (DJ):    0.000ns
    Phase Error              (PE):    0.000ns
  Clock Net Delay (Source):      1.861ns (routing 0.564ns, distribution 1.297ns)
  Clock Net Delay (Destination): 1.666ns (routing 0.516ns, distribution 1.150ns)

    Location             Delay type                Incr(ns)  Path(ns)    Netlist Resource(s)
  -------------------------------------------------------------------    -------------------
                         (clock clk rise edge)        0.000     0.000 r  
    AU14                                              0.000     0.000 r  clk (IN)
                         net (fo=0)                   0.000     0.000    clk_IBUF_inst/I
    AU14                 INBUF (Prop_INBUF_HPIOB_M_PAD_O)
                                                      0.600     0.600 r  clk_IBUF_inst/INBUF_INST/O
                         net (fo=1, routed)           0.000     0.600    clk_IBUF_inst/OUT
    AU14                 IBUFCTRL (Prop_IBUFCTRL_HPIOB_M_I_O)
                                                      0.000     0.600 r  clk_IBUF_inst/IBUFCTRL_INST/O
                         net (fo=1, routed)           0.323     0.923    clk_IBUF
    BUFGCE_X0Y170        BUFGCE (Prop_BUFCE_BUFGCE_I_O)
                                                      0.028     0.951 r  clk_IBUF_BUFG_inst/O
    X5Y7 (CLOCK_ROOT)    net (fo=60782, routed)       1.861     2.812    SharedReg467_instance/clk_IBUF_BUFG
    SLICE_X183Y439       FDCE                                         r  SharedReg467_instance/s5_reg_c_rep__5/C
  -------------------------------------------------------------------    -------------------
    SLICE_X183Y439       FDCE (Prop_EFF2_SLICEL_C_Q)
                                                      0.081     2.893 r  SharedReg467_instance/s5_reg_c_rep__5/Q
                         net (fo=124, routed)         3.251     6.144    SharedReg493_instance/s5_reg_c_rep__5
    SLICE_X139Y347       LUT2 (Prop_G6LUT_SLICEM_I1_O)
                                                      0.100     6.244 r  SharedReg493_instance/s5_reg_gate__0/O
                         net (fo=1, routed)           0.059     6.303    SharedReg493_instance/s5_reg_gate__0_n_0
    SLICE_X139Y347       FDCE                                         r  SharedReg493_instance/Y_reg[29]/D
  -------------------------------------------------------------------    -------------------

                         (clock clk rise edge)        4.000     4.000 r  
    AU14                                              0.000     4.000 r  clk (IN)
                         net (fo=0)                   0.000     4.000    clk_IBUF_inst/I
    AU14                 INBUF (Prop_INBUF_HPIOB_M_PAD_O)
                                                      0.349     4.349 r  clk_IBUF_inst/INBUF_INST/O
                         net (fo=1, routed)           0.000     4.349    clk_IBUF_inst/OUT
    AU14                 IBUFCTRL (Prop_IBUFCTRL_HPIOB_M_I_O)
                                                      0.000     4.349 r  clk_IBUF_inst/IBUFCTRL_INST/O
                         net (fo=1, routed)           0.287     4.636    clk_IBUF
    BUFGCE_X0Y170        BUFGCE (Prop_BUFCE_BUFGCE_I_O)
                                                      0.024     4.660 r  clk_IBUF_BUFG_inst/O
    X5Y7 (CLOCK_ROOT)    net (fo=60782, routed)       1.666     6.326    SharedReg493_instance/clk_IBUF_BUFG
    SLICE_X139Y347       FDCE                                         r  SharedReg493_instance/Y_reg[29]/C
                         clock pessimism              0.343     6.669    
                         clock uncertainty           -0.035     6.634    
    SLICE_X139Y347       FDCE (Setup_GFF_SLICEM_C_D)
                                                      0.025     6.659    SharedReg493_instance/Y_reg[29]
  -------------------------------------------------------------------
                         required time                          6.659    
                         arrival time                          -6.303    
  -------------------------------------------------------------------
                         slack                                  0.356    




