Copyright 1986-2018 Xilinx, Inc. All Rights Reserved.
-----------------------------------------------------------------------------------------------------------------------------------------------------------------------------------------------
| Tool Version      : Vivado v.2018.1 (lin64) Build 2188600 Wed Apr  4 18:39:19 MDT 2018
| Date              : Fri Aug 27 17:17:51 2021
| Host              : animal.digi.e-technik.uni-kassel.de running 64-bit AlmaLinux release 8.3 (Purple Manul)
| Command           : report_timing -file /home/nfiege/Repositories/origami/vhdl/ratII/synth/fir_SAM/UniformILPNew/fir_SAM_UniformILPNew_65_ultrascale2_250/implementedSystem_timing_synth.rpt
| Design            : implementedSystem_toplevel
| Device            : xcvu13p-fhga2104
| Speed File        : -2  PRODUCTION 1.19 03-17-2018
| Temperature Grade : E
-----------------------------------------------------------------------------------------------------------------------------------------------------------------------------------------------

Timing Report

Slack (MET) :             0.371ns  (required time - arrival time)
  Source:                 SharedReg403_instance/s33_reg_c/C
                            (rising edge-triggered cell FDCE clocked by clk  {rise@0.000ns fall@2.000ns period=4.000ns})
  Destination:            SharedReg142_instance/Y_reg[0]/D
                            (rising edge-triggered cell FDCE clocked by clk  {rise@0.000ns fall@2.000ns period=4.000ns})
  Path Group:             clk
  Path Type:              Setup (Max at Slow Process Corner)
  Requirement:            4.000ns  (clk rise@4.000ns - clk rise@0.000ns)
  Data Path Delay:        3.337ns  (logic 0.199ns (5.963%)  route 3.138ns (94.037%))
  Logic Levels:           1  (LUT2=1)
  Clock Path Skew:        -0.282ns (DCD - SCD + CPR)
    Destination Clock Delay (DCD):    2.411ns = ( 6.411 - 4.000 ) 
    Source Clock Delay      (SCD):    3.069ns
    Clock Pessimism Removal (CPR):    0.376ns
  Clock Uncertainty:      0.035ns  ((TSJ^2 + TIJ^2)^1/2 + DJ) / 2 + PE
    Total System Jitter     (TSJ):    0.071ns
    Total Input Jitter      (TIJ):    0.000ns
    Discrete Jitter          (DJ):    0.000ns
    Phase Error              (PE):    0.000ns
  Clock Net Delay (Source):      2.118ns (routing 0.921ns, distribution 1.197ns)
  Clock Net Delay (Destination): 1.751ns (routing 0.836ns, distribution 0.915ns)

    Location             Delay type                Incr(ns)  Path(ns)    Netlist Resource(s)
  -------------------------------------------------------------------    -------------------
                         (clock clk rise edge)        0.000     0.000 r  
    AP13                                              0.000     0.000 r  clk (IN)
                         net (fo=0)                   0.000     0.000    clk_IBUF_inst/I
    AP13                 INBUF (Prop_INBUF_HPIOB_M_PAD_O)
                                                      0.600     0.600 r  clk_IBUF_inst/INBUF_INST/O
                         net (fo=1, routed)           0.000     0.600    clk_IBUF_inst/OUT
    AP13                 IBUFCTRL (Prop_IBUFCTRL_HPIOB_M_I_O)
                                                      0.000     0.600 r  clk_IBUF_inst/IBUFCTRL_INST/O
                         net (fo=1, routed)           0.323     0.923    clk_IBUF
    BUFGCE_X0Y170        BUFGCE (Prop_BUFCE_BUFGCE_I_O)
                                                      0.028     0.951 r  clk_IBUF_BUFG_inst/O
    X4Y5 (CLOCK_ROOT)    net (fo=53059, routed)       2.118     3.069    SharedReg403_instance/clk_IBUF_BUFG
    SLICE_X150Y462       FDCE                                         r  SharedReg403_instance/s33_reg_c/C
  -------------------------------------------------------------------    -------------------
    SLICE_X150Y462       FDCE (Prop_EFF_SLICEM_C_Q)
                                                      0.076     3.145 r  SharedReg403_instance/s33_reg_c/Q
                         net (fo=69, routed)          3.090     6.235    SharedReg142_instance/s33_reg_c
    SLICE_X130Y315       LUT2 (Prop_G6LUT_SLICEL_I1_O)
                                                      0.123     6.358 r  SharedReg142_instance/s33_reg_gate__32/O
                         net (fo=1, routed)           0.048     6.406    SharedReg142_instance/s33_reg_gate__32_n_0
    SLICE_X130Y315       FDCE                                         r  SharedReg142_instance/Y_reg[0]/D
  -------------------------------------------------------------------    -------------------

                         (clock clk rise edge)        4.000     4.000 r  
    AP13                                              0.000     4.000 r  clk (IN)
                         net (fo=0)                   0.000     4.000    clk_IBUF_inst/I
    AP13                 INBUF (Prop_INBUF_HPIOB_M_PAD_O)
                                                      0.349     4.349 r  clk_IBUF_inst/INBUF_INST/O
                         net (fo=1, routed)           0.000     4.349    clk_IBUF_inst/OUT
    AP13                 IBUFCTRL (Prop_IBUFCTRL_HPIOB_M_I_O)
                                                      0.000     4.349 r  clk_IBUF_inst/IBUFCTRL_INST/O
                         net (fo=1, routed)           0.287     4.636    clk_IBUF
    BUFGCE_X0Y170        BUFGCE (Prop_BUFCE_BUFGCE_I_O)
                                                      0.024     4.660 r  clk_IBUF_BUFG_inst/O
    X4Y5 (CLOCK_ROOT)    net (fo=53059, routed)       1.751     6.411    SharedReg142_instance/clk_IBUF_BUFG
    SLICE_X130Y315       FDCE                                         r  SharedReg142_instance/Y_reg[0]/C
                         clock pessimism              0.376     6.787    
                         clock uncertainty           -0.035     6.751    
    SLICE_X130Y315       FDCE (Setup_GFF_SLICEL_C_D)
                                                      0.025     6.776    SharedReg142_instance/Y_reg[0]
  -------------------------------------------------------------------
                         required time                          6.776    
                         arrival time                          -6.406    
  -------------------------------------------------------------------
                         slack                                  0.371    




