Copyright 1986-2018 Xilinx, Inc. All Rights Reserved.
-----------------------------------------------------------------------------------------------------------------------------------------------------------------------------------------------
| Tool Version      : Vivado v.2018.1 (lin64) Build 2188600 Wed Apr  4 18:39:19 MDT 2018
| Date              : Sun Dec  6 12:25:30 2020
| Host              : animal.digi.e-technik.uni-kassel.de running 64-bit CentOS Linux release 7.8.2003 (Core)
| Command           : report_timing -file /home/nfiege/Repositories/origami/vhdl/ratII/synth/fir_SAM/NonUniformILP/fir_SAM_NonUniformILP_64_ultrascale2_250/implementedSystem_timing_synth.rpt
| Design            : implementedSystem_toplevel
| Device            : xcvu13p-fhga2104
| Speed File        : -2  PRODUCTION 1.19 03-17-2018
| Temperature Grade : E
-----------------------------------------------------------------------------------------------------------------------------------------------------------------------------------------------

Timing Report

Slack (MET) :             0.335ns  (required time - arrival time)
  Source:                 Delay625No_instance/s12_reg_c/C
                            (rising edge-triggered cell FDCE clocked by clk  {rise@0.000ns fall@2.000ns period=4.000ns})
  Destination:            SharedReg120_instance/Y_reg[10]/D
                            (rising edge-triggered cell FDCE clocked by clk  {rise@0.000ns fall@2.000ns period=4.000ns})
  Path Group:             clk
  Path Type:              Setup (Max at Slow Process Corner)
  Requirement:            4.000ns  (clk rise@4.000ns - clk rise@0.000ns)
  Data Path Delay:        3.413ns  (logic 0.225ns (6.592%)  route 3.188ns (93.408%))
  Logic Levels:           1  (LUT2=1)
  Clock Path Skew:        -0.242ns (DCD - SCD + CPR)
    Destination Clock Delay (DCD):    2.863ns = ( 6.863 - 4.000 ) 
    Source Clock Delay      (SCD):    3.487ns
    Clock Pessimism Removal (CPR):    0.382ns
  Clock Uncertainty:      0.035ns  ((TSJ^2 + TIJ^2)^1/2 + DJ) / 2 + PE
    Total System Jitter     (TSJ):    0.071ns
    Total Input Jitter      (TIJ):    0.000ns
    Discrete Jitter          (DJ):    0.000ns
    Phase Error              (PE):    0.000ns
  Clock Net Delay (Source):      2.536ns (routing 0.955ns, distribution 1.581ns)
  Clock Net Delay (Destination): 2.203ns (routing 0.868ns, distribution 1.335ns)

    Location             Delay type                Incr(ns)  Path(ns)    Netlist Resource(s)
  -------------------------------------------------------------------    -------------------
                         (clock clk rise edge)        0.000     0.000 r  
    AP13                                              0.000     0.000 r  clk (IN)
                         net (fo=0)                   0.000     0.000    clk_IBUF_inst/I
    AP13                 INBUF (Prop_INBUF_HPIOB_M_PAD_O)
                                                      0.600     0.600 r  clk_IBUF_inst/INBUF_INST/O
                         net (fo=1, routed)           0.000     0.600    clk_IBUF_inst/OUT
    AP13                 IBUFCTRL (Prop_IBUFCTRL_HPIOB_M_I_O)
                                                      0.000     0.600 r  clk_IBUF_inst/IBUFCTRL_INST/O
                         net (fo=1, routed)           0.323     0.923    clk_IBUF
    BUFGCE_X0Y170        BUFGCE (Prop_BUFCE_BUFGCE_I_O)
                                                      0.028     0.951 r  clk_IBUF_BUFG_inst/O
    X3Y6 (CLOCK_ROOT)    net (fo=83509, routed)       2.536     3.487    Delay625No_instance/clk_IBUF_BUFG
    SLICE_X130Y384       FDCE                                         r  Delay625No_instance/s12_reg_c/C
  -------------------------------------------------------------------    -------------------
    SLICE_X130Y384       FDCE (Prop_EFF_SLICEL_C_Q)
                                                      0.079     3.566 r  Delay625No_instance/s12_reg_c/Q
                         net (fo=527, routed)         3.138     6.704    SharedReg120_instance/s12_reg_c
    SLICE_X75Y348        LUT2 (Prop_C6LUT_SLICEL_I1_O)
                                                      0.146     6.850 r  SharedReg120_instance/s12_reg_gate__22/O
                         net (fo=1, routed)           0.050     6.900    SharedReg120_instance/s12_reg_gate__22_n_0
    SLICE_X75Y348        FDCE                                         r  SharedReg120_instance/Y_reg[10]/D
  -------------------------------------------------------------------    -------------------

                         (clock clk rise edge)        4.000     4.000 r  
    AP13                                              0.000     4.000 r  clk (IN)
                         net (fo=0)                   0.000     4.000    clk_IBUF_inst/I
    AP13                 INBUF (Prop_INBUF_HPIOB_M_PAD_O)
                                                      0.349     4.349 r  clk_IBUF_inst/INBUF_INST/O
                         net (fo=1, routed)           0.000     4.349    clk_IBUF_inst/OUT
    AP13                 IBUFCTRL (Prop_IBUFCTRL_HPIOB_M_I_O)
                                                      0.000     4.349 r  clk_IBUF_inst/IBUFCTRL_INST/O
                         net (fo=1, routed)           0.287     4.636    clk_IBUF
    BUFGCE_X0Y170        BUFGCE (Prop_BUFCE_BUFGCE_I_O)
                                                      0.024     4.660 r  clk_IBUF_BUFG_inst/O
    X3Y6 (CLOCK_ROOT)    net (fo=83509, routed)       2.203     6.863    SharedReg120_instance/clk_IBUF_BUFG
    SLICE_X75Y348        FDCE                                         r  SharedReg120_instance/Y_reg[10]/C
                         clock pessimism              0.382     7.245    
                         clock uncertainty           -0.035     7.209    
    SLICE_X75Y348        FDCE (Setup_CFF_SLICEL_C_D)
                                                      0.025     7.234    SharedReg120_instance/Y_reg[10]
  -------------------------------------------------------------------
                         required time                          7.234    
                         arrival time                          -6.900    
  -------------------------------------------------------------------
                         slack                                  0.335    




