Copyright 1986-2018 Xilinx, Inc. All Rights Reserved.
-----------------------------------------------------------------------------------------------------------------------------------------------------------------------------------------------
| Tool Version      : Vivado v.2018.1 (lin64) Build 2188600 Wed Apr  4 18:39:19 MDT 2018
| Date              : Wed Dec  9 21:20:12 2020
| Host              : animal.digi.e-technik.uni-kassel.de running 64-bit CentOS Linux release 7.8.2003 (Core)
| Command           : report_timing -file /home/nfiege/Repositories/origami/vhdl/ratII/synth/fir_SAM/NonUniformILP/fir_SAM_NonUniformILP_40_ultrascale2_250/implementedSystem_timing_synth.rpt
| Design            : implementedSystem_toplevel
| Device            : xcvu13p-fhga2104
| Speed File        : -2  PRODUCTION 1.19 03-17-2018
| Temperature Grade : E
-----------------------------------------------------------------------------------------------------------------------------------------------------------------------------------------------

Timing Report

Slack (MET) :             0.308ns  (required time - arrival time)
  Source:                 Delay188No3_instance/s20_reg_c/C
                            (rising edge-triggered cell FDCE clocked by clk  {rise@0.000ns fall@2.000ns period=4.000ns})
  Destination:            SharedReg277_instance/Y_reg[8]/D
                            (rising edge-triggered cell FDCE clocked by clk  {rise@0.000ns fall@2.000ns period=4.000ns})
  Path Group:             clk
  Path Type:              Setup (Max at Slow Process Corner)
  Requirement:            4.000ns  (clk rise@4.000ns - clk rise@0.000ns)
  Data Path Delay:        3.518ns  (logic 0.202ns (5.742%)  route 3.316ns (94.258%))
  Logic Levels:           1  (LUT2=1)
  Clock Path Skew:        -0.164ns (DCD - SCD + CPR)
    Destination Clock Delay (DCD):    2.582ns = ( 6.582 - 4.000 ) 
    Source Clock Delay      (SCD):    3.128ns
    Clock Pessimism Removal (CPR):    0.382ns
  Clock Uncertainty:      0.035ns  ((TSJ^2 + TIJ^2)^1/2 + DJ) / 2 + PE
    Total System Jitter     (TSJ):    0.071ns
    Total Input Jitter      (TIJ):    0.000ns
    Discrete Jitter          (DJ):    0.000ns
    Phase Error              (PE):    0.000ns
  Clock Net Delay (Source):      2.177ns (routing 0.955ns, distribution 1.222ns)
  Clock Net Delay (Destination): 1.922ns (routing 0.868ns, distribution 1.054ns)

    Location             Delay type                Incr(ns)  Path(ns)    Netlist Resource(s)
  -------------------------------------------------------------------    -------------------
                         (clock clk rise edge)        0.000     0.000 r  
    AP13                                              0.000     0.000 r  clk (IN)
                         net (fo=0)                   0.000     0.000    clk_IBUF_inst/I
    AP13                 INBUF (Prop_INBUF_HPIOB_M_PAD_O)
                                                      0.600     0.600 r  clk_IBUF_inst/INBUF_INST/O
                         net (fo=1, routed)           0.000     0.600    clk_IBUF_inst/OUT
    AP13                 IBUFCTRL (Prop_IBUFCTRL_HPIOB_M_I_O)
                                                      0.000     0.600 r  clk_IBUF_inst/IBUFCTRL_INST/O
                         net (fo=1, routed)           0.323     0.923    clk_IBUF
    BUFGCE_X0Y170        BUFGCE (Prop_BUFCE_BUFGCE_I_O)
                                                      0.028     0.951 r  clk_IBUF_BUFG_inst/O
    X3Y6 (CLOCK_ROOT)    net (fo=62833, routed)       2.177     3.128    Delay188No3_instance/clk_IBUF_BUFG
    SLICE_X109Y363       FDCE                                         r  Delay188No3_instance/s20_reg_c/C
  -------------------------------------------------------------------    -------------------
    SLICE_X109Y363       FDCE (Prop_EFF2_SLICEM_C_Q)
                                                      0.079     3.207 r  Delay188No3_instance/s20_reg_c/Q
                         net (fo=147, routed)         3.266     6.473    SharedReg277_instance/s20_reg_c
    SLICE_X96Y263        LUT2 (Prop_C6LUT_SLICEL_I1_O)
                                                      0.123     6.596 r  SharedReg277_instance/s20_reg_gate__24/O
                         net (fo=1, routed)           0.050     6.646    SharedReg277_instance/s20_reg_gate__24_n_0
    SLICE_X96Y263        FDCE                                         r  SharedReg277_instance/Y_reg[8]/D
  -------------------------------------------------------------------    -------------------

                         (clock clk rise edge)        4.000     4.000 r  
    AP13                                              0.000     4.000 r  clk (IN)
                         net (fo=0)                   0.000     4.000    clk_IBUF_inst/I
    AP13                 INBUF (Prop_INBUF_HPIOB_M_PAD_O)
                                                      0.349     4.349 r  clk_IBUF_inst/INBUF_INST/O
                         net (fo=1, routed)           0.000     4.349    clk_IBUF_inst/OUT
    AP13                 IBUFCTRL (Prop_IBUFCTRL_HPIOB_M_I_O)
                                                      0.000     4.349 r  clk_IBUF_inst/IBUFCTRL_INST/O
                         net (fo=1, routed)           0.287     4.636    clk_IBUF
    BUFGCE_X0Y170        BUFGCE (Prop_BUFCE_BUFGCE_I_O)
                                                      0.024     4.660 r  clk_IBUF_BUFG_inst/O
    X3Y6 (CLOCK_ROOT)    net (fo=62833, routed)       1.922     6.582    SharedReg277_instance/clk_IBUF_BUFG
    SLICE_X96Y263        FDCE                                         r  SharedReg277_instance/Y_reg[8]/C
                         clock pessimism              0.382     6.964    
                         clock uncertainty           -0.035     6.928    
    SLICE_X96Y263        FDCE (Setup_CFF_SLICEL_C_D)
                                                      0.025     6.953    SharedReg277_instance/Y_reg[8]
  -------------------------------------------------------------------
                         required time                          6.953    
                         arrival time                          -6.646    
  -------------------------------------------------------------------
                         slack                                  0.308    




