Copyright 1986-2018 Xilinx, Inc. All Rights Reserved.
-------------------------------------------------------------------------------------------------------------------------------------------------------------------------------------------------------------------------
| Tool Version      : Vivado v.2018.1 (lin64) Build 2188600 Wed Apr  4 18:39:19 MDT 2018
| Date              : Tue Nov 30 07:44:17 2021
| Host              : animal.digi.e-technik.uni-kassel.de running 64-bit AlmaLinux release 8.4 (Electric Cheetah)
| Command           : report_timing -file /home/nfiege/Repositories/origami/vhdl/ratII/synth/mat_inv/UniformILPNew/mat_inv_UniformILPNew_185_wrapper_ultrascale2_250/implementedSystem_toplevel_wrapper_timing_synth.rpt
| Design            : implementedSystem_toplevel_wrapper
| Device            : xcvu13p-fhga2104
| Speed File        : -2  PRODUCTION 1.19 03-17-2018
| Temperature Grade : E
-------------------------------------------------------------------------------------------------------------------------------------------------------------------------------------------------------------------------

Timing Report

Slack (MET) :             0.050ns  (required time - arrival time)
  Source:                 DUT/SharedReg1515_instance/s16_reg_c/C
                            (rising edge-triggered cell FDCE clocked by clk  {rise@0.000ns fall@2.000ns period=4.000ns})
  Destination:            DUT/Delay99No2_instance/Y_reg[6]/D
                            (rising edge-triggered cell FDCE clocked by clk  {rise@0.000ns fall@2.000ns period=4.000ns})
  Path Group:             clk
  Path Type:              Setup (Max at Slow Process Corner)
  Requirement:            4.000ns  (clk rise@4.000ns - clk rise@0.000ns)
  Data Path Delay:        3.674ns  (logic 0.129ns (3.511%)  route 3.545ns (96.489%))
  Logic Levels:           1  (LUT2=1)
  Clock Path Skew:        -0.266ns (DCD - SCD + CPR)
    Destination Clock Delay (DCD):    2.735ns = ( 6.735 - 4.000 ) 
    Source Clock Delay      (SCD):    3.399ns
    Clock Pessimism Removal (CPR):    0.398ns
  Clock Uncertainty:      0.035ns  ((TSJ^2 + TIJ^2)^1/2 + DJ) / 2 + PE
    Total System Jitter     (TSJ):    0.071ns
    Total Input Jitter      (TIJ):    0.000ns
    Discrete Jitter          (DJ):    0.000ns
    Phase Error              (PE):    0.000ns
  Clock Net Delay (Source):      2.441ns (routing 1.167ns, distribution 1.274ns)
  Clock Net Delay (Destination): 2.068ns (routing 1.060ns, distribution 1.008ns)

    Location             Delay type                Incr(ns)  Path(ns)    Netlist Resource(s)
  -------------------------------------------------------------------    -------------------
                         (clock clk rise edge)        0.000     0.000 r  
    AV14                                              0.000     0.000 r  clk (IN)
                         net (fo=0)                   0.000     0.000    clk_IBUF_inst/I
    AV14                 INBUF (Prop_INBUF_HPIOB_M_PAD_O)
                                                      0.607     0.607 r  clk_IBUF_inst/INBUF_INST/O
                         net (fo=1, routed)           0.000     0.607    clk_IBUF_inst/OUT
    AV14                 IBUFCTRL (Prop_IBUFCTRL_HPIOB_M_I_O)
                                                      0.000     0.607 r  clk_IBUF_inst/IBUFCTRL_INST/O
                         net (fo=1, routed)           0.323     0.930    clk_IBUF
    BUFGCE_X0Y170        BUFGCE (Prop_BUFCE_BUFGCE_I_O)
                                                      0.028     0.958 r  clk_IBUF_BUFG_inst/O
    X3Y5 (CLOCK_ROOT)    net (fo=155694, routed)      2.441     3.399    DUT/SharedReg1515_instance/clk_IBUF_BUFG
    SLICE_X142Y388       FDCE                                         r  DUT/SharedReg1515_instance/s16_reg_c/C
  -------------------------------------------------------------------    -------------------
    SLICE_X142Y388       FDCE (Prop_EFF2_SLICEM_C_Q)
                                                      0.079     3.478 r  DUT/SharedReg1515_instance/s16_reg_c/Q
                         net (fo=375, routed)         3.496     6.974    DUT/Delay99No2_instance/s16_reg_c
    SLICE_X64Y257        LUT2 (Prop_D6LUT_SLICEL_I1_O)
                                                      0.050     7.024 r  DUT/Delay99No2_instance/s16_reg_gate__26/O
                         net (fo=1, routed)           0.049     7.073    DUT/Delay99No2_instance/s16_reg_gate__26_n_0
    SLICE_X64Y257        FDCE                                         r  DUT/Delay99No2_instance/Y_reg[6]/D
  -------------------------------------------------------------------    -------------------

                         (clock clk rise edge)        4.000     4.000 r  
    AV14                                              0.000     4.000 r  clk (IN)
                         net (fo=0)                   0.000     4.000    clk_IBUF_inst/I
    AV14                 INBUF (Prop_INBUF_HPIOB_M_PAD_O)
                                                      0.356     4.356 r  clk_IBUF_inst/INBUF_INST/O
                         net (fo=1, routed)           0.000     4.356    clk_IBUF_inst/OUT
    AV14                 IBUFCTRL (Prop_IBUFCTRL_HPIOB_M_I_O)
                                                      0.000     4.356 r  clk_IBUF_inst/IBUFCTRL_INST/O
                         net (fo=1, routed)           0.287     4.643    clk_IBUF
    BUFGCE_X0Y170        BUFGCE (Prop_BUFCE_BUFGCE_I_O)
                                                      0.024     4.667 r  clk_IBUF_BUFG_inst/O
    X3Y5 (CLOCK_ROOT)    net (fo=155694, routed)      2.068     6.735    DUT/Delay99No2_instance/clk_IBUF_BUFG
    SLICE_X64Y257        FDCE                                         r  DUT/Delay99No2_instance/Y_reg[6]/C
                         clock pessimism              0.398     7.133    
                         clock uncertainty           -0.035     7.098    
    SLICE_X64Y257        FDCE (Setup_DFF_SLICEL_C_D)
                                                      0.025     7.123    DUT/Delay99No2_instance/Y_reg[6]
  -------------------------------------------------------------------
                         required time                          7.123    
                         arrival time                          -7.073    
  -------------------------------------------------------------------
                         slack                                  0.050    




