Copyright 1986-2018 Xilinx, Inc. All Rights Reserved.
------------------------------------------------------------------------------------------------------------------------------------------------------------------------------------------------
| Tool Version      : Vivado v.2018.1 (lin64) Build 2188600 Wed Apr  4 18:39:19 MDT 2018
| Date              : Thu Dec 10 06:56:47 2020
| Host              : animal.digi.e-technik.uni-kassel.de running 64-bit CentOS Linux release 7.8.2003 (Core)
| Command           : report_timing -file /home/nfiege/Repositories/origami/vhdl/ratII/synth/fir_SAM/NonUniformILP/fir_SAM_NonUniformILP_152_ultrascale2_250/implementedSystem_timing_synth.rpt
| Design            : implementedSystem_toplevel
| Device            : xcvu13p-fhga2104
| Speed File        : -2  PRODUCTION 1.19 03-17-2018
| Temperature Grade : E
------------------------------------------------------------------------------------------------------------------------------------------------------------------------------------------------

Timing Report

Slack (MET) :             0.277ns  (required time - arrival time)
  Source:                 Delay251No_instance/s42_reg_c/C
                            (rising edge-triggered cell FDCE clocked by clk  {rise@0.000ns fall@2.000ns period=4.000ns})
  Destination:            SharedReg969_instance/Y_reg[2]/D
                            (rising edge-triggered cell FDCE clocked by clk  {rise@0.000ns fall@2.000ns period=4.000ns})
  Path Group:             clk
  Path Type:              Setup (Max at Slow Process Corner)
  Requirement:            4.000ns  (clk rise@4.000ns - clk rise@0.000ns)
  Data Path Delay:        3.507ns  (logic 0.202ns (5.760%)  route 3.305ns (94.240%))
  Logic Levels:           1  (LUT2=1)
  Clock Path Skew:        -0.206ns (DCD - SCD + CPR)
    Destination Clock Delay (DCD):    2.659ns = ( 6.659 - 4.000 ) 
    Source Clock Delay      (SCD):    3.244ns
    Clock Pessimism Removal (CPR):    0.379ns
  Clock Uncertainty:      0.035ns  ((TSJ^2 + TIJ^2)^1/2 + DJ) / 2 + PE
    Total System Jitter     (TSJ):    0.071ns
    Total Input Jitter      (TIJ):    0.000ns
    Discrete Jitter          (DJ):    0.000ns
    Phase Error              (PE):    0.000ns
  Clock Net Delay (Source):      2.209ns (routing 0.921ns, distribution 1.288ns)
  Clock Net Delay (Destination): 1.918ns (routing 0.836ns, distribution 1.082ns)

    Location             Delay type                Incr(ns)  Path(ns)    Netlist Resource(s)
  -------------------------------------------------------------------    -------------------
                         (clock clk rise edge)        0.000     0.000 r  
    BC10                                              0.000     0.000 r  clk (IN)
                         net (fo=0)                   0.000     0.000    clk_IBUF_inst/I
    BC10                 INBUF (Prop_INBUF_HPIOB_M_PAD_O)
                                                      0.659     0.659 r  clk_IBUF_inst/INBUF_INST/O
                         net (fo=1, routed)           0.000     0.659    clk_IBUF_inst/OUT
    BC10                 IBUFCTRL (Prop_IBUFCTRL_HPIOB_M_I_O)
                                                      0.000     0.659 r  clk_IBUF_inst/IBUFCTRL_INST/O
                         net (fo=1, routed)           0.348     1.007    clk_IBUF
    BUFGCE_X0Y146        BUFGCE (Prop_BUFCE_BUFGCE_I_O)
                                                      0.028     1.035 r  clk_IBUF_BUFG_inst/O
    X4Y4 (CLOCK_ROOT)    net (fo=100591, routed)      2.209     3.244    Delay251No_instance/clk_IBUF_BUFG
    SLICE_X124Y402       FDCE                                         r  Delay251No_instance/s42_reg_c/C
  -------------------------------------------------------------------    -------------------
    SLICE_X124Y402       FDCE (Prop_AFF2_SLICEM_C_Q)
                                                      0.080     3.324 r  Delay251No_instance/s42_reg_c/Q
                         net (fo=103, routed)         3.256     6.580    SharedReg969_instance/s42_reg_c
    SLICE_X138Y299       LUT2 (Prop_D6LUT_SLICEL_I1_O)
                                                      0.122     6.702 r  SharedReg969_instance/s42_reg_gate__30/O
                         net (fo=1, routed)           0.049     6.751    SharedReg969_instance/s42_reg_gate__30_n_0
    SLICE_X138Y299       FDCE                                         r  SharedReg969_instance/Y_reg[2]/D
  -------------------------------------------------------------------    -------------------

                         (clock clk rise edge)        4.000     4.000 r  
    BC10                                              0.000     4.000 r  clk (IN)
                         net (fo=0)                   0.000     4.000    clk_IBUF_inst/I
    BC10                 INBUF (Prop_INBUF_HPIOB_M_PAD_O)
                                                      0.408     4.408 r  clk_IBUF_inst/INBUF_INST/O
                         net (fo=1, routed)           0.000     4.408    clk_IBUF_inst/OUT
    BC10                 IBUFCTRL (Prop_IBUFCTRL_HPIOB_M_I_O)
                                                      0.000     4.408 r  clk_IBUF_inst/IBUFCTRL_INST/O
                         net (fo=1, routed)           0.309     4.717    clk_IBUF
    BUFGCE_X0Y146        BUFGCE (Prop_BUFCE_BUFGCE_I_O)
                                                      0.024     4.741 r  clk_IBUF_BUFG_inst/O
    X4Y4 (CLOCK_ROOT)    net (fo=100591, routed)      1.918     6.659    SharedReg969_instance/clk_IBUF_BUFG
    SLICE_X138Y299       FDCE                                         r  SharedReg969_instance/Y_reg[2]/C
                         clock pessimism              0.379     7.038    
                         clock uncertainty           -0.035     7.003    
    SLICE_X138Y299       FDCE (Setup_DFF_SLICEL_C_D)
                                                      0.025     7.028    SharedReg969_instance/Y_reg[2]
  -------------------------------------------------------------------
                         required time                          7.028    
                         arrival time                          -6.751    
  -------------------------------------------------------------------
                         slack                                  0.277    




