Copyright 1986-2018 Xilinx, Inc. All Rights Reserved.
------------------------------------------------------------------------------------------------------------------------------------------------------------------------------------------------
| Tool Version      : Vivado v.2018.1 (lin64) Build 2188600 Wed Apr  4 18:39:19 MDT 2018
| Date              : Sat Dec  5 21:56:29 2020
| Host              : animal.digi.e-technik.uni-kassel.de running 64-bit CentOS Linux release 7.8.2003 (Core)
| Command           : report_timing -file /home/nfiege/Repositories/origami/vhdl/ratII/synth/fir_SAM/NonUniformILP/fir_SAM_NonUniformILP_496_ultrascale2_250/implementedSystem_timing_synth.rpt
| Design            : implementedSystem_toplevel
| Device            : xcvu13p-fhga2104
| Speed File        : -2  PRODUCTION 1.19 03-17-2018
| Temperature Grade : E
------------------------------------------------------------------------------------------------------------------------------------------------------------------------------------------------

Timing Report

Slack (MET) :             0.377ns  (required time - arrival time)
  Source:                 SharedReg356_instance/s28_reg_c_rep/C
                            (rising edge-triggered cell FDCE clocked by clk  {rise@0.000ns fall@2.000ns period=4.000ns})
  Destination:            SharedReg237_instance/Y_reg[14]/D
                            (rising edge-triggered cell FDCE clocked by clk  {rise@0.000ns fall@2.000ns period=4.000ns})
  Path Group:             clk
  Path Type:              Setup (Max at Slow Process Corner)
  Requirement:            4.000ns  (clk rise@4.000ns - clk rise@0.000ns)
  Data Path Delay:        3.440ns  (logic 0.130ns (3.779%)  route 3.310ns (96.221%))
  Logic Levels:           1  (LUT2=1)
  Clock Path Skew:        -0.173ns (DCD - SCD + CPR)
    Destination Clock Delay (DCD):    2.605ns = ( 6.605 - 4.000 ) 
    Source Clock Delay      (SCD):    3.172ns
    Clock Pessimism Removal (CPR):    0.395ns
  Clock Uncertainty:      0.035ns  ((TSJ^2 + TIJ^2)^1/2 + DJ) / 2 + PE
    Total System Jitter     (TSJ):    0.071ns
    Total Input Jitter      (TIJ):    0.000ns
    Discrete Jitter          (DJ):    0.000ns
    Phase Error              (PE):    0.000ns
  Clock Net Delay (Source):      2.235ns (routing 1.147ns, distribution 1.088ns)
  Clock Net Delay (Destination): 1.958ns (routing 1.043ns, distribution 0.915ns)

    Location             Delay type                Incr(ns)  Path(ns)    Netlist Resource(s)
  -------------------------------------------------------------------    -------------------
                         (clock clk rise edge)        0.000     0.000 r  
    AR14                                              0.000     0.000 r  clk (IN)
                         net (fo=0)                   0.000     0.000    clk_IBUF_inst/I
    AR14                 INBUF (Prop_INBUF_HPIOB_M_PAD_O)
                                                      0.586     0.586 r  clk_IBUF_inst/INBUF_INST/O
                         net (fo=1, routed)           0.000     0.586    clk_IBUF_inst/OUT
    AR14                 IBUFCTRL (Prop_IBUFCTRL_HPIOB_M_I_O)
                                                      0.000     0.586 r  clk_IBUF_inst/IBUFCTRL_INST/O
                         net (fo=1, routed)           0.323     0.909    clk_IBUF
    BUFGCE_X0Y170        BUFGCE (Prop_BUFCE_BUFGCE_I_O)
                                                      0.028     0.937 r  clk_IBUF_BUFG_inst/O
    X5Y5 (CLOCK_ROOT)    net (fo=44683, routed)       2.235     3.172    SharedReg356_instance/clk
    SLICE_X169Y390       FDCE                                         r  SharedReg356_instance/s28_reg_c_rep/C
  -------------------------------------------------------------------    -------------------
    SLICE_X169Y390       FDCE (Prop_HFF2_SLICEL_C_Q)
                                                      0.080     3.252 r  SharedReg356_instance/s28_reg_c_rep/Q
                         net (fo=171, routed)         3.262     6.514    SharedReg237_instance/s28_reg_c_rep
    SLICE_X168Y316       LUT2 (Prop_A6LUT_SLICEL_I1_O)
                                                      0.050     6.564 r  SharedReg237_instance/s28_reg_gate__18/O
                         net (fo=1, routed)           0.048     6.612    SharedReg237_instance/s28_reg_gate__18_n_0
    SLICE_X168Y316       FDCE                                         r  SharedReg237_instance/Y_reg[14]/D
  -------------------------------------------------------------------    -------------------

                         (clock clk rise edge)        4.000     4.000 r  
    AR14                                              0.000     4.000 r  clk (IN)
                         net (fo=0)                   0.000     4.000    clk_IBUF_inst/I
    AR14                 INBUF (Prop_INBUF_HPIOB_M_PAD_O)
                                                      0.336     4.336 r  clk_IBUF_inst/INBUF_INST/O
                         net (fo=1, routed)           0.000     4.336    clk_IBUF_inst/OUT
    AR14                 IBUFCTRL (Prop_IBUFCTRL_HPIOB_M_I_O)
                                                      0.000     4.336 r  clk_IBUF_inst/IBUFCTRL_INST/O
                         net (fo=1, routed)           0.287     4.623    clk_IBUF
    BUFGCE_X0Y170        BUFGCE (Prop_BUFCE_BUFGCE_I_O)
                                                      0.024     4.647 r  clk_IBUF_BUFG_inst/O
    X5Y5 (CLOCK_ROOT)    net (fo=44683, routed)       1.958     6.605    SharedReg237_instance/clk
    SLICE_X168Y316       FDCE                                         r  SharedReg237_instance/Y_reg[14]/C
                         clock pessimism              0.395     6.999    
                         clock uncertainty           -0.035     6.964    
    SLICE_X168Y316       FDCE (Setup_AFF_SLICEL_C_D)
                                                      0.025     6.989    SharedReg237_instance/Y_reg[14]
  -------------------------------------------------------------------
                         required time                          6.989    
                         arrival time                          -6.612    
  -------------------------------------------------------------------
                         slack                                  0.377    




