Copyright 1986-2018 Xilinx, Inc. All Rights Reserved.
------------------------------------------------------------------------------------------------------------------------------------------------------------------------------------------------
| Tool Version      : Vivado v.2018.1 (lin64) Build 2188600 Wed Apr  4 18:39:19 MDT 2018
| Date              : Fri Aug 27 10:56:44 2021
| Host              : animal.digi.e-technik.uni-kassel.de running 64-bit AlmaLinux release 8.3 (Purple Manul)
| Command           : report_timing -file /home/nfiege/Repositories/origami/vhdl/ratII/synth/fir_SAM/UniformILPNew/fir_SAM_UniformILPNew_115_ultrascale2_250/implementedSystem_timing_synth.rpt
| Design            : implementedSystem_toplevel
| Device            : xcvu13p-fhga2104
| Speed File        : -2  PRODUCTION 1.19 03-17-2018
| Temperature Grade : E
------------------------------------------------------------------------------------------------------------------------------------------------------------------------------------------------

Timing Report

Slack (MET) :             0.337ns  (required time - arrival time)
  Source:                 Delay1No30_instance/Y_reg[12]/C
                            (rising edge-triggered cell FDCE clocked by clk  {rise@0.000ns fall@2.000ns period=4.000ns})
  Destination:            Sum10_6_impl_instance/FPAddSubOp_instance/shiftedFracY_d1_reg[17]/D
                            (rising edge-triggered cell FDRE clocked by clk  {rise@0.000ns fall@2.000ns period=4.000ns})
  Path Group:             clk
  Path Type:              Setup (Max at Slow Process Corner)
  Requirement:            4.000ns  (clk rise@4.000ns - clk rise@0.000ns)
  Data Path Delay:        3.488ns  (logic 0.967ns (27.724%)  route 2.521ns (72.276%))
  Logic Levels:           10  (CARRY8=3 LUT4=1 LUT5=2 LUT6=4)
  Clock Path Skew:        -0.164ns (DCD - SCD + CPR)
    Destination Clock Delay (DCD):    1.892ns = ( 5.892 - 4.000 ) 
    Source Clock Delay      (SCD):    2.431ns
    Clock Pessimism Removal (CPR):    0.375ns
  Clock Uncertainty:      0.035ns  ((TSJ^2 + TIJ^2)^1/2 + DJ) / 2 + PE
    Total System Jitter     (TSJ):    0.071ns
    Total Input Jitter      (TIJ):    0.000ns
    Discrete Jitter          (DJ):    0.000ns
    Phase Error              (PE):    0.000ns
  Clock Net Delay (Source):      1.396ns (routing 0.171ns, distribution 1.225ns)
  Clock Net Delay (Destination): 1.151ns (routing 0.155ns, distribution 0.996ns)

    Location             Delay type                Incr(ns)  Path(ns)    Netlist Resource(s)
  -------------------------------------------------------------------    -------------------
                         (clock clk rise edge)        0.000     0.000 r  
    BC10                                              0.000     0.000 r  clk (IN)
                         net (fo=0)                   0.000     0.000    clk_IBUF_inst/I
    BC10                 INBUF (Prop_INBUF_HPIOB_M_PAD_O)
                                                      0.659     0.659 r  clk_IBUF_inst/INBUF_INST/O
                         net (fo=1, routed)           0.000     0.659    clk_IBUF_inst/OUT
    BC10                 IBUFCTRL (Prop_IBUFCTRL_HPIOB_M_I_O)
                                                      0.000     0.659 r  clk_IBUF_inst/IBUFCTRL_INST/O
                         net (fo=1, routed)           0.348     1.007    clk_IBUF
    BUFGCE_X0Y146        BUFGCE (Prop_BUFCE_BUFGCE_I_O)
                                                      0.028     1.035 r  clk_IBUF_BUFG_inst/O
    X4Y6 (CLOCK_ROOT)    net (fo=67041, routed)       1.396     2.431    Delay1No30_instance/clk_IBUF_BUFG
    SLICE_X148Y389       FDCE                                         r  Delay1No30_instance/Y_reg[12]/C
  -------------------------------------------------------------------    -------------------
    SLICE_X148Y389       FDCE (Prop_BFF_SLICEL_C_Q)
                                                      0.079     2.510 r  Delay1No30_instance/Y_reg[12]/Q
                         net (fo=4, routed)           0.840     3.350    Delay1No30_instance/Q[12]
    SLICE_X126Y400       LUT4 (Prop_G6LUT_SLICEM_I0_O)
                                                      0.100     3.450 r  Delay1No30_instance/geqOp_carry_i_10__1/O
                         net (fo=1, routed)           0.016     3.466    Sum10_6_impl_instance/FPAddSubOp_instance/S[6]
    SLICE_X126Y400       CARRY8 (Prop_CARRY8_SLICEM_S[6]_CO[7])
                                                      0.117     3.583 r  Sum10_6_impl_instance/FPAddSubOp_instance/geqOp_carry/CO[7]
                         net (fo=1, routed)           0.026     3.609    Sum10_6_impl_instance/FPAddSubOp_instance/geqOp_carry_n_0
    SLICE_X126Y401       CARRY8 (Prop_CARRY8_SLICEM_CI_CO[7])
                                                      0.015     3.624 r  Sum10_6_impl_instance/FPAddSubOp_instance/geqOp_carry__0/CO[7]
                         net (fo=1, routed)           0.026     3.650    Sum10_6_impl_instance/FPAddSubOp_instance/geqOp_carry__0_n_0
    SLICE_X126Y402       CARRY8 (Prop_CARRY8_SLICEM_CI_CO[0])
                                                      0.052     3.702 r  Sum10_6_impl_instance/FPAddSubOp_instance/geqOp_carry__1/CO[0]
                         net (fo=72, routed)          0.271     3.973    Delay1No31_instance/CO[0]
    SLICE_X124Y404       LUT5 (Prop_D5LUT_SLICEM_I4_O)
                                                      0.135     4.108 f  Delay1No31_instance/shiftedFracY_d1[12]_i_4__1/O
                         net (fo=3, routed)           0.402     4.510    Delay1No30_instance/Y_reg[23]_0[0]
    SLICE_X127Y403       LUT6 (Prop_B6LUT_SLICEL_I2_O)
                                                      0.148     4.658 f  Delay1No30_instance/shiftedFracY_d1[32]_i_9__1/O
                         net (fo=3, routed)           0.050     4.708    Delay1No30_instance/shiftedFracY_d1[32]_i_9__1_n_0
    SLICE_X127Y403       LUT5 (Prop_E6LUT_SLICEL_I4_O)
                                                      0.035     4.743 r  Delay1No30_instance/shiftedFracY_d1[45]_i_4__1/O
                         net (fo=31, routed)          0.441     5.184    Delay1No31_instance/Y_reg[23]_0
    SLICE_X124Y399       LUT6 (Prop_H6LUT_SLICEM_I4_O)
                                                      0.101     5.285 r  Delay1No31_instance/shiftedFracY_d1[9]_i_2__1/O
                         net (fo=4, routed)           0.233     5.518    Delay1No31_instance/Sum10_6_impl_instance/level2[10]
    SLICE_X122Y402       LUT6 (Prop_F6LUT_SLICEM_I5_O)
                                                      0.148     5.666 r  Delay1No31_instance/shiftedFracY_d1[33]_i_4__1/O
                         net (fo=2, routed)           0.144     5.810    Delay1No30_instance/Y_reg[26]_0[10]
    SLICE_X122Y402       LUT6 (Prop_D6LUT_SLICEM_I4_O)
                                                      0.037     5.847 r  Delay1No30_instance/shiftedFracY_d1[17]_i_1__1/O
                         net (fo=1, routed)           0.072     5.919    Sum10_6_impl_instance/FPAddSubOp_instance/shiftedFracY[6]
    SLICE_X122Y402       FDRE                                         r  Sum10_6_impl_instance/FPAddSubOp_instance/shiftedFracY_d1_reg[17]/D
  -------------------------------------------------------------------    -------------------

                         (clock clk rise edge)        4.000     4.000 r  
    BC10                                              0.000     4.000 r  clk (IN)
                         net (fo=0)                   0.000     4.000    clk_IBUF_inst/I
    BC10                 INBUF (Prop_INBUF_HPIOB_M_PAD_O)
                                                      0.408     4.408 r  clk_IBUF_inst/INBUF_INST/O
                         net (fo=1, routed)           0.000     4.408    clk_IBUF_inst/OUT
    BC10                 IBUFCTRL (Prop_IBUFCTRL_HPIOB_M_I_O)
                                                      0.000     4.408 r  clk_IBUF_inst/IBUFCTRL_INST/O
                         net (fo=1, routed)           0.309     4.717    clk_IBUF
    BUFGCE_X0Y146        BUFGCE (Prop_BUFCE_BUFGCE_I_O)
                                                      0.024     4.741 r  clk_IBUF_BUFG_inst/O
    X4Y6 (CLOCK_ROOT)    net (fo=67041, routed)       1.151     5.892    Sum10_6_impl_instance/FPAddSubOp_instance/clk
    SLICE_X122Y402       FDRE                                         r  Sum10_6_impl_instance/FPAddSubOp_instance/shiftedFracY_d1_reg[17]/C
                         clock pessimism              0.375     6.267    
                         clock uncertainty           -0.035     6.232    
    SLICE_X122Y402       FDRE (Setup_DFF_SLICEM_C_D)
                                                      0.025     6.257    Sum10_6_impl_instance/FPAddSubOp_instance/shiftedFracY_d1_reg[17]
  -------------------------------------------------------------------
                         required time                          6.257    
                         arrival time                          -5.919    
  -------------------------------------------------------------------
                         slack                                  0.337    




