Copyright 1986-2018 Xilinx, Inc. All Rights Reserved.
---------------------------------------------------------------------------------------------------------------------------------------------------------------------------------------------------
| Tool Version      : Vivado v.2018.1 (lin64) Build 2188600 Wed Apr  4 18:39:19 MDT 2018
| Date              : Fri Apr 24 17:04:57 2020
| Host              : animal.digi.e-technik.uni-kassel.de running 64-bit CentOS Linux release 7.7.1908 (Core)
| Command           : report_timing -file /home/nfiege/Repositories/origami/vhdl/ratII/synth/iir_sos16/NonUniformILP/iir_sos16_NonUniformILP_78_ultrascale2_250/implementedSystem_timing_synth.rpt
| Design            : implementedSystem_toplevel
| Device            : xcvu13p-fhga2104
| Speed File        : -2  PRODUCTION 1.19 03-17-2018
| Temperature Grade : E
---------------------------------------------------------------------------------------------------------------------------------------------------------------------------------------------------

Timing Report

Slack (MET) :             0.293ns  (required time - arrival time)
  Source:                 SharedReg172_instance/s3_reg_c_rep/C
                            (rising edge-triggered cell FDCE clocked by clk  {rise@0.000ns fall@2.000ns period=4.000ns})
  Destination:            SharedReg13_instance/Y_reg[17]/D
                            (rising edge-triggered cell FDCE clocked by clk  {rise@0.000ns fall@2.000ns period=4.000ns})
  Path Group:             clk
  Path Type:              Setup (Max at Slow Process Corner)
  Requirement:            4.000ns  (clk rise@4.000ns - clk rise@0.000ns)
  Data Path Delay:        3.588ns  (logic 0.171ns (4.766%)  route 3.417ns (95.234%))
  Logic Levels:           1  (LUT2=1)
  Clock Path Skew:        -0.109ns (DCD - SCD + CPR)
    Destination Clock Delay (DCD):    3.215ns = ( 7.215 - 4.000 ) 
    Source Clock Delay      (SCD):    3.835ns
    Clock Pessimism Removal (CPR):    0.511ns
  Clock Uncertainty:      0.035ns  ((TSJ^2 + TIJ^2)^1/2 + DJ) / 2 + PE
    Total System Jitter     (TSJ):    0.071ns
    Total Input Jitter      (TIJ):    0.000ns
    Discrete Jitter          (DJ):    0.000ns
    Phase Error              (PE):    0.000ns
  Clock Net Delay (Source):      2.884ns (routing 1.832ns, distribution 1.052ns)
  Clock Net Delay (Destination): 2.555ns (routing 1.663ns, distribution 0.892ns)

    Location             Delay type                Incr(ns)  Path(ns)    Netlist Resource(s)
  -------------------------------------------------------------------    -------------------
                         (clock clk rise edge)        0.000     0.000 r  
    AP13                                              0.000     0.000 r  clk (IN)
                         net (fo=0)                   0.000     0.000    clk_IBUF_inst/I
    AP13                 INBUF (Prop_INBUF_HPIOB_M_PAD_O)
                                                      0.600     0.600 r  clk_IBUF_inst/INBUF_INST/O
                         net (fo=1, routed)           0.000     0.600    clk_IBUF_inst/OUT
    AP13                 IBUFCTRL (Prop_IBUFCTRL_HPIOB_M_I_O)
                                                      0.000     0.600 r  clk_IBUF_inst/IBUFCTRL_INST/O
                         net (fo=1, routed)           0.323     0.923    clk_IBUF
    BUFGCE_X0Y170        BUFGCE (Prop_BUFCE_BUFGCE_I_O)
                                                      0.028     0.951 r  clk_IBUF_BUFG_inst/O
    X3Y2 (CLOCK_ROOT)    net (fo=20917, routed)       2.884     3.835    SharedReg172_instance/clk_IBUF_BUFG
    SLR Crossing[1->0]   
    SLICE_X125Y231       FDCE                                         r  SharedReg172_instance/s3_reg_c_rep/C
  -------------------------------------------------------------------    -------------------
    SLICE_X125Y231       FDCE (Prop_FFF2_SLICEL_C_Q)
                                                      0.081     3.916 r  SharedReg172_instance/s3_reg_c_rep/Q
                         net (fo=188, routed)         3.369     7.285    SharedReg13_instance/s3_reg_c_rep
    SLICE_X120Y224       LUT2 (Prop_A6LUT_SLICEL_I1_O)
                                                      0.090     7.375 r  SharedReg13_instance/s3_reg_gate__15/O
                         net (fo=1, routed)           0.048     7.423    SharedReg13_instance/s3_reg_gate__15_n_0
    SLICE_X120Y224       FDCE                                         r  SharedReg13_instance/Y_reg[17]/D
  -------------------------------------------------------------------    -------------------

                         (clock clk rise edge)        4.000     4.000 r  
    AP13                                              0.000     4.000 r  clk (IN)
                         net (fo=0)                   0.000     4.000    clk_IBUF_inst/I
    AP13                 INBUF (Prop_INBUF_HPIOB_M_PAD_O)
                                                      0.349     4.349 r  clk_IBUF_inst/INBUF_INST/O
                         net (fo=1, routed)           0.000     4.349    clk_IBUF_inst/OUT
    AP13                 IBUFCTRL (Prop_IBUFCTRL_HPIOB_M_I_O)
                                                      0.000     4.349 r  clk_IBUF_inst/IBUFCTRL_INST/O
                         net (fo=1, routed)           0.287     4.636    clk_IBUF
    BUFGCE_X0Y170        BUFGCE (Prop_BUFCE_BUFGCE_I_O)
                                                      0.024     4.660 r  clk_IBUF_BUFG_inst/O
    X3Y2 (CLOCK_ROOT)    net (fo=20917, routed)       2.555     7.215    SharedReg13_instance/clk_IBUF_BUFG
    SLR Crossing[1->0]   
    SLICE_X120Y224       FDCE                                         r  SharedReg13_instance/Y_reg[17]/C
                         clock pessimism              0.511     7.726    
                         clock uncertainty           -0.035     7.690    
    SLICE_X120Y224       FDCE (Setup_AFF_SLICEL_C_D)
                                                      0.025     7.715    SharedReg13_instance/Y_reg[17]
  -------------------------------------------------------------------
                         required time                          7.715    
                         arrival time                          -7.423    
  -------------------------------------------------------------------
                         slack                                  0.293    




