Copyright 1986-2018 Xilinx, Inc. All Rights Reserved.
----------------------------------------------------------------------------------------------------------------------------------------------------------------------------------------------------
| Tool Version      : Vivado v.2018.1 (lin64) Build 2188600 Wed Apr  4 18:39:19 MDT 2018
| Date              : Fri Apr 24 13:31:06 2020
| Host              : animal.digi.e-technik.uni-kassel.de running 64-bit CentOS Linux release 7.7.1908 (Core)
| Command           : report_timing -file /home/nfiege/Repositories/origami/vhdl/ratII/synth/iir_sos16/NonUniformILP/iir_sos16_NonUniformILP_121_ultrascale2_250/implementedSystem_timing_synth.rpt
| Design            : implementedSystem_toplevel
| Device            : xcvu13p-fhga2104
| Speed File        : -2  PRODUCTION 1.19 03-17-2018
| Temperature Grade : E
----------------------------------------------------------------------------------------------------------------------------------------------------------------------------------------------------

Timing Report

Slack (MET) :             0.554ns  (required time - arrival time)
  Source:                 SharedReg169_instance/s35_reg_c/C
                            (rising edge-triggered cell FDCE clocked by clk  {rise@0.000ns fall@2.000ns period=4.000ns})
  Destination:            Delay36No_instance/Y_reg[26]/D
                            (rising edge-triggered cell FDCE clocked by clk  {rise@0.000ns fall@2.000ns period=4.000ns})
  Path Group:             clk
  Path Type:              Setup (Max at Slow Process Corner)
  Requirement:            4.000ns  (clk rise@4.000ns - clk rise@0.000ns)
  Data Path Delay:        3.253ns  (logic 0.177ns (5.441%)  route 3.076ns (94.559%))
  Logic Levels:           1  (LUT2=1)
  Clock Path Skew:        -0.183ns (DCD - SCD + CPR)
    Destination Clock Delay (DCD):    2.753ns = ( 6.753 - 4.000 ) 
    Source Clock Delay      (SCD):    3.338ns
    Clock Pessimism Removal (CPR):    0.402ns
  Clock Uncertainty:      0.035ns  ((TSJ^2 + TIJ^2)^1/2 + DJ) / 2 + PE
    Total System Jitter     (TSJ):    0.071ns
    Total Input Jitter      (TIJ):    0.000ns
    Discrete Jitter          (DJ):    0.000ns
    Phase Error              (PE):    0.000ns
  Clock Net Delay (Source):      2.387ns (routing 1.167ns, distribution 1.220ns)
  Clock Net Delay (Destination): 2.093ns (routing 1.060ns, distribution 1.033ns)

    Location             Delay type                Incr(ns)  Path(ns)    Netlist Resource(s)
  -------------------------------------------------------------------    -------------------
                         (clock clk rise edge)        0.000     0.000 r  
    AP13                                              0.000     0.000 r  clk (IN)
                         net (fo=0)                   0.000     0.000    clk_IBUF_inst/I
    AP13                 INBUF (Prop_INBUF_HPIOB_M_PAD_O)
                                                      0.600     0.600 r  clk_IBUF_inst/INBUF_INST/O
                         net (fo=1, routed)           0.000     0.600    clk_IBUF_inst/OUT
    AP13                 IBUFCTRL (Prop_IBUFCTRL_HPIOB_M_I_O)
                                                      0.000     0.600 r  clk_IBUF_inst/IBUFCTRL_INST/O
                         net (fo=1, routed)           0.323     0.923    clk_IBUF
    BUFGCE_X0Y170        BUFGCE (Prop_BUFCE_BUFGCE_I_O)
                                                      0.028     0.951 r  clk_IBUF_BUFG_inst/O
    X3Y5 (CLOCK_ROOT)    net (fo=18965, routed)       2.387     3.338    SharedReg169_instance/clk_IBUF_BUFG
    SLICE_X125Y312       FDCE                                         r  SharedReg169_instance/s35_reg_c/C
  -------------------------------------------------------------------    -------------------
    SLICE_X125Y312       FDCE (Prop_EFF_SLICEL_C_Q)
                                                      0.079     3.417 r  SharedReg169_instance/s35_reg_c/Q
                         net (fo=56, routed)          3.027     6.444    Delay36No_instance/s35_reg_c
    SLICE_X119Y289       LUT2 (Prop_B6LUT_SLICEL_I1_O)
                                                      0.098     6.542 r  Delay36No_instance/s35_reg_gate__6/O
                         net (fo=1, routed)           0.049     6.591    Delay36No_instance/s35_reg_gate__6_n_0
    SLICE_X119Y289       FDCE                                         r  Delay36No_instance/Y_reg[26]/D
  -------------------------------------------------------------------    -------------------

                         (clock clk rise edge)        4.000     4.000 r  
    AP13                                              0.000     4.000 r  clk (IN)
                         net (fo=0)                   0.000     4.000    clk_IBUF_inst/I
    AP13                 INBUF (Prop_INBUF_HPIOB_M_PAD_O)
                                                      0.349     4.349 r  clk_IBUF_inst/INBUF_INST/O
                         net (fo=1, routed)           0.000     4.349    clk_IBUF_inst/OUT
    AP13                 IBUFCTRL (Prop_IBUFCTRL_HPIOB_M_I_O)
                                                      0.000     4.349 r  clk_IBUF_inst/IBUFCTRL_INST/O
                         net (fo=1, routed)           0.287     4.636    clk_IBUF
    BUFGCE_X0Y170        BUFGCE (Prop_BUFCE_BUFGCE_I_O)
                                                      0.024     4.660 r  clk_IBUF_BUFG_inst/O
    X3Y5 (CLOCK_ROOT)    net (fo=18965, routed)       2.093     6.753    Delay36No_instance/clk_IBUF_BUFG
    SLICE_X119Y289       FDCE                                         r  Delay36No_instance/Y_reg[26]/C
                         clock pessimism              0.402     7.155    
                         clock uncertainty           -0.035     7.119    
    SLICE_X119Y289       FDCE (Setup_BFF_SLICEL_C_D)
                                                      0.025     7.144    Delay36No_instance/Y_reg[26]
  -------------------------------------------------------------------
                         required time                          7.144    
                         arrival time                          -6.591    
  -------------------------------------------------------------------
                         slack                                  0.554    




