Copyright 1986-2018 Xilinx, Inc. All Rights Reserved.
-----------------------------------------------------------------------------------------------------------------------------------------------------------------------------------------------
| Tool Version      : Vivado v.2018.1 (lin64) Build 2188600 Wed Apr  4 18:39:19 MDT 2018
| Date              : Wed Aug 25 20:19:56 2021
| Host              : animal.digi.e-technik.uni-kassel.de running 64-bit AlmaLinux release 8.3 (Purple Manul)
| Command           : report_timing -file /home/nfiege/Repositories/origami/vhdl/ratII/synth/fir_SHI/UniformILPNew/fir_SHI_UniformILPNew_58_ultrascale2_250/implementedSystem_timing_synth.rpt
| Design            : implementedSystem_toplevel
| Device            : xcvu13p-fhga2104
| Speed File        : -2  PRODUCTION 1.19 03-17-2018
| Temperature Grade : E
-----------------------------------------------------------------------------------------------------------------------------------------------------------------------------------------------

Timing Report

Slack (MET) :             0.680ns  (required time - arrival time)
  Source:                 ModCount71_instance/count_reg[2]/C
                            (rising edge-triggered cell FDCE clocked by clk  {rise@0.000ns fall@2.000ns period=4.000ns})
  Destination:            Delay1No13_instance/Y_reg[18]/D
                            (rising edge-triggered cell FDCE clocked by clk  {rise@0.000ns fall@2.000ns period=4.000ns})
  Path Group:             clk
  Path Type:              Setup (Max at Slow Process Corner)
  Requirement:            4.000ns  (clk rise@4.000ns - clk rise@0.000ns)
  Data Path Delay:        3.247ns  (logic 0.326ns (10.040%)  route 2.921ns (89.960%))
  Logic Levels:           3  (LUT3=1 LUT6=2)
  Clock Path Skew:        -0.063ns (DCD - SCD + CPR)
    Destination Clock Delay (DCD):    2.648ns = ( 6.648 - 4.000 ) 
    Source Clock Delay      (SCD):    3.165ns
    Clock Pessimism Removal (CPR):    0.454ns
  Clock Uncertainty:      0.035ns  ((TSJ^2 + TIJ^2)^1/2 + DJ) / 2 + PE
    Total System Jitter     (TSJ):    0.071ns
    Total Input Jitter      (TIJ):    0.000ns
    Discrete Jitter          (DJ):    0.000ns
    Phase Error              (PE):    0.000ns
  Clock Net Delay (Source):      2.214ns (routing 1.366ns, distribution 0.848ns)
  Clock Net Delay (Destination): 1.988ns (routing 1.239ns, distribution 0.749ns)

    Location             Delay type                Incr(ns)  Path(ns)    Netlist Resource(s)
  -------------------------------------------------------------------    -------------------
                         (clock clk rise edge)        0.000     0.000 r  
    AP13                                              0.000     0.000 r  clk (IN)
                         net (fo=0)                   0.000     0.000    clk_IBUF_inst/I
    AP13                 INBUF (Prop_INBUF_HPIOB_M_PAD_O)
                                                      0.600     0.600 r  clk_IBUF_inst/INBUF_INST/O
                         net (fo=1, routed)           0.000     0.600    clk_IBUF_inst/OUT
    AP13                 IBUFCTRL (Prop_IBUFCTRL_HPIOB_M_I_O)
                                                      0.000     0.600 r  clk_IBUF_inst/IBUFCTRL_INST/O
                         net (fo=1, routed)           0.323     0.923    clk_IBUF
    BUFGCE_X0Y170        BUFGCE (Prop_BUFCE_BUFGCE_I_O)
                                                      0.028     0.951 r  clk_IBUF_BUFG_inst/O
    X4Y3 (CLOCK_ROOT)    net (fo=7741, routed)        2.214     3.165    ModCount71_instance/clk_IBUF_BUFG
    SLR Crossing[1->0]   
    SLICE_X126Y233       FDCE                                         r  ModCount71_instance/count_reg[2]/C
  -------------------------------------------------------------------    -------------------
    SLICE_X126Y233       FDCE (Prop_EFF_SLICEM_C_Q)
                                                      0.076     3.241 r  ModCount71_instance/count_reg[2]/Q
                         net (fo=201, routed)         1.376     4.617    ModCount71_instance/Q[2]
    SLICE_X141Y211       LUT3 (Prop_B6LUT_SLICEM_I1_O)
                                                      0.100     4.717 r  ModCount71_instance/Y[33]_i_4__7/O
                         net (fo=34, routed)          0.814     5.531    MUX_Sum13_1_impl_1_instance/MUX_Sum13_1_impl_1_LUT_out[0]
    SLICE_X121Y222       LUT6 (Prop_G6LUT_SLICEM_I4_O)
                                                      0.052     5.583 r  MUX_Sum13_1_impl_1_instance/Y[18]_i_2/O
                         net (fo=1, routed)           0.665     6.248    MUX_Sum13_1_impl_1_instance/Y[18]_i_2_n_0
    SLICE_X133Y222       LUT6 (Prop_C6LUT_SLICEM_I5_O)
                                                      0.098     6.346 r  MUX_Sum13_1_impl_1_instance/Y[18]_i_1/O
                         net (fo=1, routed)           0.066     6.412    Delay1No13_instance/Y_reg[33]_1[18]
    SLICE_X133Y222       FDCE                                         r  Delay1No13_instance/Y_reg[18]/D
  -------------------------------------------------------------------    -------------------

                         (clock clk rise edge)        4.000     4.000 r  
    AP13                                              0.000     4.000 r  clk (IN)
                         net (fo=0)                   0.000     4.000    clk_IBUF_inst/I
    AP13                 INBUF (Prop_INBUF_HPIOB_M_PAD_O)
                                                      0.349     4.349 r  clk_IBUF_inst/INBUF_INST/O
                         net (fo=1, routed)           0.000     4.349    clk_IBUF_inst/OUT
    AP13                 IBUFCTRL (Prop_IBUFCTRL_HPIOB_M_I_O)
                                                      0.000     4.349 r  clk_IBUF_inst/IBUFCTRL_INST/O
                         net (fo=1, routed)           0.287     4.636    clk_IBUF
    BUFGCE_X0Y170        BUFGCE (Prop_BUFCE_BUFGCE_I_O)
                                                      0.024     4.660 r  clk_IBUF_BUFG_inst/O
    X4Y3 (CLOCK_ROOT)    net (fo=7741, routed)        1.988     6.648    Delay1No13_instance/clk_IBUF_BUFG
    SLR Crossing[1->0]   
    SLICE_X133Y222       FDCE                                         r  Delay1No13_instance/Y_reg[18]/C
                         clock pessimism              0.454     7.102    
                         clock uncertainty           -0.035     7.066    
    SLICE_X133Y222       FDCE (Setup_CFF_SLICEM_C_D)
                                                      0.025     7.091    Delay1No13_instance/Y_reg[18]
  -------------------------------------------------------------------
                         required time                          7.091    
                         arrival time                          -6.412    
  -------------------------------------------------------------------
                         slack                                  0.680    




