Copyright 1986-2018 Xilinx, Inc. All Rights Reserved.
------------------------------------------------------------------------------------------------------------------------------------------------------------------------------------------------
| Tool Version      : Vivado v.2018.1 (lin64) Build 2188600 Wed Apr  4 18:39:19 MDT 2018
| Date              : Wed Aug 25 17:57:13 2021
| Host              : animal.digi.e-technik.uni-kassel.de running 64-bit AlmaLinux release 8.3 (Purple Manul)
| Command           : report_timing -file /home/nfiege/Repositories/origami/vhdl/ratII/synth/splin_pf/UniformILPNew/splin_pf_UniformILPNew_5_ultrascale2_250/implementedSystem_timing_synth.rpt
| Design            : implementedSystem_toplevel
| Device            : xcvu13p-fhga2104
| Speed File        : -2  PRODUCTION 1.19 03-17-2018
| Temperature Grade : E
------------------------------------------------------------------------------------------------------------------------------------------------------------------------------------------------

Timing Report

Slack (MET) :             0.883ns  (required time - arrival time)
  Source:                 SharedReg81_instance/Y_reg[31]/C
                            (rising edge-triggered cell FDCE clocked by clk  {rise@0.000ns fall@2.000ns period=4.000ns})
  Destination:            Delay1No14_instance/Y_reg[31]/D
                            (rising edge-triggered cell FDCE clocked by clk  {rise@0.000ns fall@2.000ns period=4.000ns})
  Path Group:             clk
  Path Type:              Setup (Max at Slow Process Corner)
  Requirement:            4.000ns  (clk rise@4.000ns - clk rise@0.000ns)
  Data Path Delay:        2.724ns  (logic 0.079ns (2.900%)  route 2.645ns (97.100%))
  Logic Levels:           0  
  Clock Path Skew:        -0.217ns (DCD - SCD + CPR)
    Destination Clock Delay (DCD):    2.590ns = ( 6.590 - 4.000 ) 
    Source Clock Delay      (SCD):    3.182ns
    Clock Pessimism Removal (CPR):    0.376ns
  Clock Uncertainty:      0.035ns  ((TSJ^2 + TIJ^2)^1/2 + DJ) / 2 + PE
    Total System Jitter     (TSJ):    0.071ns
    Total Input Jitter      (TIJ):    0.000ns
    Discrete Jitter          (DJ):    0.000ns
    Phase Error              (PE):    0.000ns
  Inter-SLR Compensation: 0.166ns  ((DCD - CCD) * PF)
    Destination Clock Delay (DCD):    2.590ns
    Common Clock Delay      (CCD):    1.483ns
    Prorating Factor         (PF):    0.150
  Clock Net Delay (Source):      2.245ns (routing 0.921ns, distribution 1.324ns)
  Clock Net Delay (Destination): 1.943ns (routing 0.836ns, distribution 1.107ns)

    Location             Delay type                Incr(ns)  Path(ns)    Netlist Resource(s)
  -------------------------------------------------------------------    -------------------
                         (clock clk rise edge)        0.000     0.000 r  
    AR14                                              0.000     0.000 r  clk (IN)
                         net (fo=0)                   0.000     0.000    clk_IBUF_inst/I
    AR14                 INBUF (Prop_INBUF_HPIOB_M_PAD_O)
                                                      0.586     0.586 r  clk_IBUF_inst/INBUF_INST/O
                         net (fo=1, routed)           0.000     0.586    clk_IBUF_inst/OUT
    AR14                 IBUFCTRL (Prop_IBUFCTRL_HPIOB_M_I_O)
                                                      0.000     0.586 r  clk_IBUF_inst/IBUFCTRL_INST/O
                         net (fo=1, routed)           0.323     0.909    clk_IBUF
    BUFGCE_X0Y170        BUFGCE (Prop_BUFCE_BUFGCE_I_O)
                                                      0.028     0.937 r  clk_IBUF_BUFG_inst/O
    X4Y5 (CLOCK_ROOT)    net (fo=8291, routed)        2.245     3.182    SharedReg81_instance/clk_IBUF_BUFG
    SLICE_X134Y432       FDCE                                         r  SharedReg81_instance/Y_reg[31]/C
  -------------------------------------------------------------------    -------------------
    SLICE_X134Y432       FDCE (Prop_AFF_SLICEL_C_Q)
                                                      0.079     3.261 r  SharedReg81_instance/Y_reg[31]/Q
                         net (fo=2, routed)           2.645     5.906    Delay1No14_instance/Q[31]
    SLR Crossing[1->0]   
    SLICE_X123Y238       FDCE                                         r  Delay1No14_instance/Y_reg[31]/D
  -------------------------------------------------------------------    -------------------

                         (clock clk rise edge)        4.000     4.000 r  
    AR14                                              0.000     4.000 r  clk (IN)
                         net (fo=0)                   0.000     4.000    clk_IBUF_inst/I
    AR14                 INBUF (Prop_INBUF_HPIOB_M_PAD_O)
                                                      0.336     4.336 r  clk_IBUF_inst/INBUF_INST/O
                         net (fo=1, routed)           0.000     4.336    clk_IBUF_inst/OUT
    AR14                 IBUFCTRL (Prop_IBUFCTRL_HPIOB_M_I_O)
                                                      0.000     4.336 r  clk_IBUF_inst/IBUFCTRL_INST/O
                         net (fo=1, routed)           0.287     4.623    clk_IBUF
    BUFGCE_X0Y170        BUFGCE (Prop_BUFCE_BUFGCE_I_O)
                                                      0.024     4.647 r  clk_IBUF_BUFG_inst/O
    X4Y5 (CLOCK_ROOT)    net (fo=8291, routed)        1.943     6.590    Delay1No14_instance/clk_IBUF_BUFG
    SLR Crossing[1->0]   
    SLICE_X123Y238       FDCE                                         r  Delay1No14_instance/Y_reg[31]/C
                         clock pessimism              0.376     6.965    
                         inter-SLR compensation      -0.166     6.799    
                         clock uncertainty           -0.035     6.764    
    SLICE_X123Y238       FDCE (Setup_BFF_SLICEL_C_D)
                                                      0.025     6.789    Delay1No14_instance/Y_reg[31]
  -------------------------------------------------------------------
                         required time                          6.789    
                         arrival time                          -5.906    
  -------------------------------------------------------------------
                         slack                                  0.883    




