Copyright 1986-2018 Xilinx, Inc. All Rights Reserved.
---------------------------------------------------------------------------------------------------------------------------------------------------------------------------------
| Tool Version      : Vivado v.2018.1 (lin64) Build 2188600 Wed Apr  4 18:39:19 MDT 2018
| Date              : Mon Apr 20 15:04:41 2020
| Host              : animal.digi.e-technik.uni-kassel.de running 64-bit CentOS Linux release 7.7.1908 (Core)
| Command           : report_timing -file /home/nfiege/Repositories/origami/vhdl/ratII/synth/intII/iir_sos16/iir_sos16_ED97_3_ultrascale2_250/implementedSystem_timing_synth.rpt
| Design            : implementedSystem_toplevel
| Device            : xcvu13p-fhga2104
| Speed File        : -2  PRODUCTION 1.19 03-17-2018
| Temperature Grade : E
---------------------------------------------------------------------------------------------------------------------------------------------------------------------------------

Timing Report

Slack (MET) :             0.389ns  (required time - arrival time)
  Source:                 Delay1No5_instance/Y_reg[21]/C
                            (rising edge-triggered cell FDCE clocked by clk  {rise@0.000ns fall@2.000ns period=4.000ns})
  Destination:            Product14_impl_instance/SignificandMultiplication/RR__0/DSP_OUTPUT_INST/ALU_OUT[0]
                            (rising edge-triggered cell DSP_OUTPUT clocked by clk  {rise@0.000ns fall@2.000ns period=4.000ns})
  Path Group:             clk
  Path Type:              Setup (Max at Slow Process Corner)
  Requirement:            4.000ns  (clk rise@4.000ns - clk rise@0.000ns)
  Data Path Delay:        3.349ns  (logic 2.151ns (64.228%)  route 1.198ns (35.772%))
  Logic Levels:           7  (DSP_A_B_DATA=1 DSP_ALU=2 DSP_M_DATA=1 DSP_MULTIPLIER=1 DSP_OUTPUT=1 DSP_PREADD_DATA=1)
  Clock Path Skew:        -0.241ns (DCD - SCD + CPR)
    Destination Clock Delay (DCD):    2.871ns = ( 6.871 - 4.000 ) 
    Source Clock Delay      (SCD):    3.589ns
    Clock Pessimism Removal (CPR):    0.477ns
  Clock Uncertainty:      0.035ns  ((TSJ^2 + TIJ^2)^1/2 + DJ) / 2 + PE
    Total System Jitter     (TSJ):    0.071ns
    Total Input Jitter      (TIJ):    0.000ns
    Discrete Jitter          (DJ):    0.000ns
    Phase Error              (PE):    0.000ns
  Clock Net Delay (Source):      2.652ns (routing 1.620ns, distribution 1.032ns)
  Clock Net Delay (Destination): 2.224ns (routing 1.471ns, distribution 0.753ns)

    Location             Delay type                Incr(ns)  Path(ns)    Netlist Resource(s)
  -------------------------------------------------------------------    -------------------
                         (clock clk rise edge)        0.000     0.000 r  
    AR14                                              0.000     0.000 r  clk (IN)
                         net (fo=0)                   0.000     0.000    clk_IBUF_inst/I
    AR14                 INBUF (Prop_INBUF_HPIOB_M_PAD_O)
                                                      0.586     0.586 r  clk_IBUF_inst/INBUF_INST/O
                         net (fo=1, routed)           0.000     0.586    clk_IBUF_inst/OUT
    AR14                 IBUFCTRL (Prop_IBUFCTRL_HPIOB_M_I_O)
                                                      0.000     0.586 r  clk_IBUF_inst/IBUFCTRL_INST/O
                         net (fo=1, routed)           0.323     0.909    clk_IBUF
    BUFGCE_X0Y170        BUFGCE (Prop_BUFCE_BUFGCE_I_O)
                                                      0.028     0.937 r  clk_IBUF_BUFG_inst/O
    X3Y3 (CLOCK_ROOT)    net (fo=9200, routed)        2.652     3.589    Delay1No5_instance/clk_IBUF_BUFG
    SLR Crossing[1->0]   
    SLICE_X128Y234       FDCE                                         r  Delay1No5_instance/Y_reg[21]/C
  -------------------------------------------------------------------    -------------------
    SLICE_X128Y234       FDCE (Prop_DFF_SLICEM_C_Q)
                                                      0.078     3.667 f  Delay1No5_instance/Y_reg[21]/Q
                         net (fo=1, routed)           1.184     4.851    Product14_impl_instance/SignificandMultiplication/RR/A[21]
    DSP48E2_X15Y84       DSP_A_B_DATA (Prop_DSP_A_B_DATA_DSP48E2_A[21]_A2_DATA[21])
                                                      0.192     5.043 r  Product14_impl_instance/SignificandMultiplication/RR/DSP_A_B_DATA_INST/A2_DATA[21]
                         net (fo=1, routed)           0.000     5.043    Product14_impl_instance/SignificandMultiplication/RR/DSP_A_B_DATA.A2_DATA<21>
    DSP48E2_X15Y84       DSP_PREADD_DATA (Prop_DSP_PREADD_DATA_DSP48E2_A2_DATA[21]_A2A1[21])
                                                      0.076     5.119 r  Product14_impl_instance/SignificandMultiplication/RR/DSP_PREADD_DATA_INST/A2A1[21]
                         net (fo=1, routed)           0.000     5.119    Product14_impl_instance/SignificandMultiplication/RR/DSP_PREADD_DATA.A2A1<21>
    DSP48E2_X15Y84       DSP_MULTIPLIER (Prop_DSP_MULTIPLIER_DSP48E2_A2A1[21]_U[40])
                                                      0.505     5.624 f  Product14_impl_instance/SignificandMultiplication/RR/DSP_MULTIPLIER_INST/U[40]
                         net (fo=1, routed)           0.000     5.624    Product14_impl_instance/SignificandMultiplication/RR/DSP_MULTIPLIER.U<40>
    DSP48E2_X15Y84       DSP_M_DATA (Prop_DSP_M_DATA_DSP48E2_U[40]_U_DATA[40])
                                                      0.047     5.671 r  Product14_impl_instance/SignificandMultiplication/RR/DSP_M_DATA_INST/U_DATA[40]
                         net (fo=1, routed)           0.000     5.671    Product14_impl_instance/SignificandMultiplication/RR/DSP_M_DATA.U_DATA<40>
    DSP48E2_X15Y84       DSP_ALU (Prop_DSP_ALU_DSP48E2_U_DATA[40]_ALU_OUT[47])
                                                      0.585     6.256 f  Product14_impl_instance/SignificandMultiplication/RR/DSP_ALU_INST/ALU_OUT[47]
                         net (fo=1, routed)           0.000     6.256    Product14_impl_instance/SignificandMultiplication/RR/DSP_ALU.ALU_OUT<47>
    DSP48E2_X15Y84       DSP_OUTPUT (Prop_DSP_OUTPUT_DSP48E2_ALU_OUT[47]_PCOUT[47])
                                                      0.122     6.378 r  Product14_impl_instance/SignificandMultiplication/RR/DSP_OUTPUT_INST/PCOUT[47]
                         net (fo=1, routed)           0.014     6.392    Product14_impl_instance/SignificandMultiplication/RR__0/PCIN[47]
    DSP48E2_X15Y85       DSP_ALU (Prop_DSP_ALU_DSP48E2_PCIN[47]_ALU_OUT[0])
                                                      0.546     6.938 r  Product14_impl_instance/SignificandMultiplication/RR__0/DSP_ALU_INST/ALU_OUT[0]
                         net (fo=1, routed)           0.000     6.938    Product14_impl_instance/SignificandMultiplication/RR__0/DSP_ALU.ALU_OUT<0>
    DSP48E2_X15Y85       DSP_OUTPUT                                   r  Product14_impl_instance/SignificandMultiplication/RR__0/DSP_OUTPUT_INST/ALU_OUT[0]
  -------------------------------------------------------------------    -------------------

                         (clock clk rise edge)        4.000     4.000 r  
    AR14                                              0.000     4.000 r  clk (IN)
                         net (fo=0)                   0.000     4.000    clk_IBUF_inst/I
    AR14                 INBUF (Prop_INBUF_HPIOB_M_PAD_O)
                                                      0.336     4.336 r  clk_IBUF_inst/INBUF_INST/O
                         net (fo=1, routed)           0.000     4.336    clk_IBUF_inst/OUT
    AR14                 IBUFCTRL (Prop_IBUFCTRL_HPIOB_M_I_O)
                                                      0.000     4.336 r  clk_IBUF_inst/IBUFCTRL_INST/O
                         net (fo=1, routed)           0.287     4.623    clk_IBUF
    BUFGCE_X0Y170        BUFGCE (Prop_BUFCE_BUFGCE_I_O)
                                                      0.024     4.647 r  clk_IBUF_BUFG_inst/O
    X3Y3 (CLOCK_ROOT)    net (fo=9200, routed)        2.224     6.871    Product14_impl_instance/SignificandMultiplication/RR__0/CLK
    SLR Crossing[1->0]   
    DSP48E2_X15Y85       DSP_OUTPUT                                   r  Product14_impl_instance/SignificandMultiplication/RR__0/DSP_OUTPUT_INST/CLK
                         clock pessimism              0.477     7.348    
                         clock uncertainty           -0.035     7.313    
    DSP48E2_X15Y85       DSP_OUTPUT (Setup_DSP_OUTPUT_DSP48E2_CLK_ALU_OUT[0])
                                                      0.015     7.328    Product14_impl_instance/SignificandMultiplication/RR__0/DSP_OUTPUT_INST
  -------------------------------------------------------------------
                         required time                          7.328    
                         arrival time                          -6.938    
  -------------------------------------------------------------------
                         slack                                  0.389    




